E-515: bank_mk=142.8913
Strategies: 10  Metas: 2  Configs: 6
Expected: 20 OR-Tools solves × 10s + Lambert evals
  PATH_CHEAPEST_ARC             /GUIDED_LOCAL_SEARCH: OR10s INFEASIBLE under all configs (121s)
  PATH_CHEAPEST_ARC             /GREEDY_DESCENT    : OR0s INFEASIBLE under all configs (75s)
  PATH_MOST_CONSTRAINED_ARC     /GUIDED_LOCAL_SEARCH: OR10s mk=172.2692d (4s)
  PATH_MOST_CONSTRAINED_ARC     /GREEDY_DESCENT    : OR0s INFEASIBLE under all configs (192s)
  SAVINGS                       /GUIDED_LOCAL_SEARCH: OR10s INFEASIBLE under all configs (120s)
  SAVINGS                       /GREEDY_DESCENT    : OR0s INFEASIBLE under all configs (76s)
  CHRISTOFIDES/GUIDED_LOCAL_SEARCH: OR no perm (0s)
  CHRISTOFIDES/GREEDY_DESCENT: OR no perm (0s)
  PARALLEL_CHEAPEST_INSERTION   /GUIDED_LOCAL_SEARCH: OR10s mk=172.3500d (4s)
  PARALLEL_CHEAPEST_INSERTION   /GREEDY_DESCENT    : OR0s INFEASIBLE under all configs (120s)
  SEQUENTIAL_CHEAPEST_INSERTION /GUIDED_LOCAL_SEARCH: OR10s mk=172.3500d (4s)
  SEQUENTIAL_CHEAPEST_INSERTION /GREEDY_DESCENT    : OR0s INFEASIBLE under all configs (119s)
  LOCAL_CHEAPEST_INSERTION      /GUIDED_LOCAL_SEARCH: OR10s mk=172.1000d (4s)
  LOCAL_CHEAPEST_INSERTION      /GREEDY_DESCENT    : OR0s INFEASIBLE under all configs (120s)
  GLOBAL_CHEAPEST_ARC/GUIDED_LOCAL_SEARCH: OR no perm (10s)
  GLOBAL_CHEAPEST_ARC/GREEDY_DESCENT: OR no perm (10s)
  LOCAL_CHEAPEST_ARC/GUIDED_LOCAL_SEARCH: OR no perm (10s)
  LOCAL_CHEAPEST_ARC/GREEDY_DESCENT: OR no perm (10s)
  FIRST_UNBOUND_MIN_VALUE       /GUIDED_LOCAL_SEARCH: OR10s mk=171.2500d (4s)
  FIRST_UNBOUND_MIN_VALUE       /GREEDY_DESCENT    : OR0s INFEASIBLE under all configs (192s)

Wall: 1268s. 5 feasible perms
Best mk: 171.2500d (bank=142.89d)
  0: mk=171.2500  perm[:10]=[32, 27, 16, 42, 3, 33, 7, 14, 21, 26]
  1: mk=172.1000  perm[:10]=[32, 27, 16, 42, 3, 33, 7, 14, 21, 26]
  2: mk=172.2692  perm[:10]=[16, 27, 32, 14, 7, 42, 33, 3, 21, 26]
  3: mk=172.3500  perm[:10]=[32, 27, 16, 42, 3, 33, 7, 14, 21, 26]
  4: mk=172.3500  perm[:10]=[32, 27, 16, 42, 3, 33, 7, 14, 21, 26]
