E-556 large: n=1051, n_exc=5, max_time=3000.0d, dv_thr=100.0, dv_exc=600.0
Components (sorted desc): [601, 150, 150, 150]
comp0 size= 601 covered= 590 full=False t_start=0.0 total_tof=329.9 (4416s)
comp1 size= 150 covered= 150 full=True t_start=0.0 total_tof=22.0 (14s)
comp2 size= 150 covered= 150 full=True t_start=0.0 total_tof=20.7 (13s)
comp3 size= 150 covered= 150 full=True t_start=0.0 total_tof=21.9 (14s)
All sub-tours built in 4458s. total covered=1040/1051
WARNING: not all nodes covered by sub-tours: {0: '590/601', 1: '150/150', 2: '150/150', 3: '150/150'}. Assembled perm will be incomplete -> will NOT bank.
Component order: [0, 1, 2, 3], estimated exc bridges=0
Assembled perm: len=1040 unique=1040 dups=0

Walking assembled perm (len=1040) — Lambert per leg, this takes minutes on n=1051...
walk_perm_chrono: 1s, ok=False, exc_used=2/5, last_leg=590
INFEASIBLE/PARTIAL: ok=False, perm=1040/1051, missing=11 — banking NOTHING.
Partial saved to /tmp/large_component_partial.json
{
  "status": "infeasible_partial",
  "walk_ok": false,
  "covered": 1040,
  "exc_used": 2,
  "n_missing": 11
}
