Loading FINE table: T=400, quantum=0.5d
Candidate pairs: 972/2352, cells (top-15): 14348

Solving (time_limit=7200s)...

Starting CP-SAT solver v9.15.6755
Parameters: max_time_in_seconds: 7200 log_search_progress: true num_search_workers: 8

Initial optimization model '': (model_fingerprint: 0x3f533de97df45db2)
#Variables: 16'347 (#ints: 1 in objective) (15'372 primary variables)
  - 16'296 Booleans in [0,1]
  - 50 in [0,399]
  - 1 constants in {0} 
#kCircuit: 1
#kLinear1: 28'696 (#enforced: 28'696)
#kLinear2: 930
#kLinear3: 10
#kLinearN: 1'838 (#terms: 29'678)

Starting presolve at 0.02s
  5.93e-03s  0.00e+00d  [DetectDominanceRelations] 
  2.09e-01s  1.00e-08d  [PresolveToFixPoint] #num_loops=5 #num_dual_strengthening=3 
  6.40e-04s  0.00e+00d  [ExtractEncodingFromLinear] #potential_supersets=1'847 
  3.07e-03s  0.00e+00d  [DetectDuplicateColumns] 
  1.63e-03s  0.00e+00d  [DetectDuplicateConstraints] 
[Symmetry] Graph for symmetry has 51'663 nodes and 95'765 arcs.
[Symmetry] Symmetry computation done. time: 0.0117116 dtime: 0.0136971
[SAT presolve] num removable Booleans: 0 / 16'293
[SAT presolve] num trivial clauses: 0
[SAT presolve] [0s] clauses:877 literals:1'754 vars:1'754 one_side_vars:1754 simple_definition:0 singleton_clauses:0
[SAT presolve] [9.5352e-05s] clauses:877 literals:1'754 vars:1'754 one_side_vars:1754 simple_definition:0 singleton_clauses:0
[SAT presolve] [0.000694681s] clauses:877 literals:1'754 vars:1'754 one_side_vars:1754 simple_definition:0 singleton_clauses:0
  2.48e-02s  0.00e+00d  [DetectDuplicateConstraintsWithDifferentEnforcements] #without_enforcements=25'139 
  5.78e-01s  1.00e+00d *[Probe] #probed=16'502 #equiv=422 #new_binary_clauses=158'050 
  3.44e-03s  1.10e-02d  [MaxClique] 
  5.76e-03s  0.00e+00d  [DetectDominanceRelations] 
  6.69e-02s  2.00e-08d  [PresolveToFixPoint] #num_loops=2 #num_dual_strengthening=1 
  2.64e-03s  0.00e+00d  [ProcessAtMostOneAndLinear] 
  1.68e-03s  0.00e+00d  [DetectDuplicateConstraints] #duplicates=422 
  4.82e-03s  0.00e+00d  [DetectDuplicateConstraintsWithDifferentEnforcements] #without_enforcements=25'139 
  5.36e-04s  2.93e-06d  [DetectDominatedLinearConstraints] #relevant_constraints=50 
  4.03e-04s  0.00e+00d  [DetectDifferentVariables] 
  2.51e-03s  7.19e-05d  [ProcessSetPPC] #relevant_constraints=1'881 #num_inclusions=1 
  1.83e-03s  0.00e+00d  [TransformClausesToExactlyOne] #num_amos=454 
  1.11e-02s  0.00e+00d  [DetectEncodedComplexDomains] 
  4.56e-04s  0.00e+00d  [FindAlmostIdenticalLinearConstraints] 
  9.39e-03s  1.43e-02d  [FindBigAtMostOneAndLinearOverlap] 
  1.67e-03s  4.27e-03d  [FindBigVerticalLinearOverlap] 
  3.05e-04s  4.39e-06d  [FindBigHorizontalLinearOverlap] #linears=1 
  4.13e-04s  0.00e+00d  [MergeClauses] 
  6.02e-03s  0.00e+00d  [DetectDominanceRelations] 
  6.58e-02s  1.00e-08d  [PresolveToFixPoint] #num_loops=1 #num_dual_strengthening=1 
  5.63e-03s  0.00e+00d  [DetectDominanceRelations] 
  6.32e-02s  1.00e-08d  [PresolveToFixPoint] #num_loops=1 #num_dual_strengthening=1 
  1.42e-03s  0.00e+00d  [DetectDuplicateColumns] 
  1.17e-03s  0.00e+00d  [DetectDuplicateConstraints] 
[Symmetry] Graph for symmetry has 49'972 nodes and 86'998 arcs.
[Symmetry] Symmetry computation done. time: 0.00820469 dtime: 0.0131159
[SAT presolve] num removable Booleans: 0 / 15'871
[SAT presolve] num trivial clauses: 0
[SAT presolve] [0s] clauses:454 literals:908 vars:908 one_side_vars:908 simple_definition:0 singleton_clauses:0
[SAT presolve] [0.000105636s] clauses:454 literals:908 vars:908 one_side_vars:908 simple_definition:0 singleton_clauses:0
[SAT presolve] [0.000469307s] clauses:454 literals:908 vars:908 one_side_vars:908 simple_definition:0 singleton_clauses:0
  2.31e-02s  0.00e+00d  [DetectDuplicateConstraintsWithDifferentEnforcements] #without_enforcements=25'139 
  5.62e-01s  1.00e+00d *[Probe] #probed=18'232 #equiv=42 #new_binary_clauses=137'044 
  2.94e-03s  9.36e-03d  [MaxClique] 
  5.61e-03s  0.00e+00d  [DetectDominanceRelations] 
  6.53e-02s  1.00e-08d  [PresolveToFixPoint] #num_loops=1 #num_dual_strengthening=1 
  2.55e-03s  0.00e+00d  [ProcessAtMostOneAndLinear] 
  1.42e-03s  0.00e+00d  [DetectDuplicateConstraints] #duplicates=42 
  4.46e-03s  0.00e+00d  [DetectDuplicateConstraintsWithDifferentEnforcements] #without_enforcements=25'139 
  6.17e-04s  2.93e-06d  [DetectDominatedLinearConstraints] #relevant_constraints=50 
  3.99e-04s  0.00e+00d  [DetectDifferentVariables] 
  2.31e-03s  6.96e-05d  [ProcessSetPPC] #relevant_constraints=1'796 
  1.84e-03s  0.00e+00d  [TransformClausesToExactlyOne] #num_amos=412 
  1.03e-02s  0.00e+00d  [DetectEncodedComplexDomains] 
  4.51e-04s  0.00e+00d  [FindAlmostIdenticalLinearConstraints] 
  9.13e-03s  1.43e-02d  [FindBigAtMostOneAndLinearOverlap] 
  1.62e-03s  4.26e-03d  [FindBigVerticalLinearOverlap] 
  3.14e-04s  4.39e-06d  [FindBigHorizontalLinearOverlap] #linears=1 
  4.07e-04s  0.00e+00d  [MergeClauses] 
  5.73e-03s  0.00e+00d  [DetectDominanceRelations] 
  6.37e-02s  1.00e-08d  [PresolveToFixPoint] #num_loops=1 #num_dual_strengthening=1 
  5.50e-03s  0.00e+00d  [DetectDominanceRelations] 
  6.42e-02s  1.00e-08d  [PresolveToFixPoint] #num_loops=1 #num_dual_strengthening=1 
  1.45e-03s  0.00e+00d  [DetectDuplicateColumns] 
  1.25e-03s  0.00e+00d  [DetectDuplicateConstraints] 
[Symmetry] Graph for symmetry has 49'804 nodes and 86'127 arcs.
[Symmetry] Symmetry computation done. time: 0.00845355 dtime: 0.0129696
[SAT presolve] num removable Booleans: 0 / 15'829
[SAT presolve] num trivial clauses: 0
[SAT presolve] [0s] clauses:412 literals:824 vars:824 one_side_vars:824 simple_definition:0 singleton_clauses:0
[SAT presolve] [9.4056e-05s] clauses:412 literals:824 vars:824 one_side_vars:824 simple_definition:0 singleton_clauses:0
[SAT presolve] [0.000442583s] clauses:412 literals:824 vars:824 one_side_vars:824 simple_definition:0 singleton_clauses:0
  2.40e-02s  0.00e+00d  [DetectDuplicateConstraintsWithDifferentEnforcements] #without_enforcements=25'139 
  5.60e-01s  1.00e+00d *[Probe] #probed=18'394 #equiv=4 #new_binary_clauses=134'623 
  2.96e-03s  9.19e-03d  [MaxClique] 
  5.44e-03s  0.00e+00d  [DetectDominanceRelations] 
  6.26e-02s  1.00e-08d  [PresolveToFixPoint] #num_loops=1 #num_dual_strengthening=1 
  2.84e-03s  0.00e+00d  [ProcessAtMostOneAndLinear] 
  1.49e-03s  0.00e+00d  [DetectDuplicateConstraints] #duplicates=4 
  4.91e-03s  0.00e+00d  [DetectDuplicateConstraintsWithDifferentEnforcements] #without_enforcements=25'139 
  5.37e-04s  2.93e-06d  [DetectDominatedLinearConstraints] #relevant_constraints=50 
  3.69e-04s  0.00e+00d  [DetectDifferentVariables] 
  2.31e-03s  6.93e-05d  [ProcessSetPPC] #relevant_constraints=1'788 
  1.79e-03s  0.00e+00d  [TransformClausesToExactlyOne] #num_amos=408 
  1.10e-02s  0.00e+00d  [DetectEncodedComplexDomains] 
  4.62e-04s  0.00e+00d  [FindAlmostIdenticalLinearConstraints] 
  9.92e-03s  1.43e-02d  [FindBigAtMostOneAndLinearOverlap] 
  1.87e-03s  4.26e-03d  [FindBigVerticalLinearOverlap] 
  3.88e-04s  4.39e-06d  [FindBigHorizontalLinearOverlap] #linears=1 
  5.24e-04s  0.00e+00d  [MergeClauses] 
  5.87e-03s  0.00e+00d  [DetectDominanceRelations] 
  6.50e-02s  1.00e-08d  [PresolveToFixPoint] #num_loops=1 #num_dual_strengthening=1 
  3.50e-04s  0.00e+00d  [MergeNoOverlap] 
  2.61e-04s  0.00e+00d  [MergeNoOverlap2D] 
  6.02e-03s  0.00e+00d  [ExpandObjective] #entries=317'698 #tight_variables=21'453 #tight_constraints=1'379 

Presolve summary:
  - 471 affine relations were detected.
  - rule 'TODO dual: only one blocking constraint?' was applied 73'176 times.
  - rule 'TODO dual: only one unspecified blocking constraint?' was applied 11 times.
  - rule 'affine: new relation' was applied 471 times.
  - rule 'bool_or: implications' was applied 877 times.
  - rule 'circuit: removed false arcs' was applied 1 time.
  - rule 'deductions: 28696 stored' was applied 1 time.
  - rule 'dual: reduced domain' was applied 50 times.
  - rule 'duplicate: removed constraint' was applied 468 times.
  - rule 'linear2: convert ax + by != cte to clauses' was applied 877 times.
  - rule 'linear: empty' was applied 1 time.
  - rule 'linear: fixed or dup variables' was applied 1 time.
  - rule 'linear: positive equal one' was applied 1'847 times.
  - rule 'linear: remapped using affine relations' was applied 6 times.
  - rule 'presolve: 1 unused variables removed.' was applied 1 time.
  - rule 'presolve: iteration' was applied 3 times.
  - rule 'setppc: removed dominated constraints' was applied 1 time.
  - rule 'variables: detect half reified value encoding' was applied 14'482 times.

Presolved optimization model '': (model_fingerprint: 0x519e15bbdc2f91cc)
#Variables: 15'875 (#ints: 1 in objective) (14'903 primary variables)
  - 15'825 Booleans in [0,1]
  - 2 in [0,24]
  - 1 in [0,25]
  - 4 in [0,26]
  - 1 in [0,27]
  - 1 in [0,28]
  - 1 in [0,29]
  - 1 in [0,31]
  - 1 in [0,32]
  - 2 in [0,34]
  - 1 in [0,35]
  - 1 in [0,37]
  - 1 in [0,40]
  - 1 in [0,41]
  - 1 in [0,42]
  - 1 in [0,43]
  - 1 in [0,48]
  - 1 in [0,55]
  - 1 in [0,57]
  - 1 in [0,62]
  - 1 in [0,68]
  - 2 in [0,77]
  - 1 in [0,86]
  - 1 in [0,129]
  - 1 in [0,131]
  - 2 in [0,133]
  - 1 in [0,261]
  - 1 in [0,298]
  - 1 in [0,309]
  - 1 in [0,322]
  - 1 in [0,348]
  - 1 in [0,351]
  - 1 in [0,361]
  - 1 in [0,368]
  - 1 in [0,379]
  - 1 in [0,383]
  - 2 in [0,384]
  - 2 in [0,386]
  - 1 in [0,387]
  - 1 in [0,393]
  - 2 in [0,394]
#kBoolAnd: 408 (#enforced: 408) (#literals: 816)
#kCircuit: 1
#kExactlyOne: 1'379 (#literals: 21'453)
#kLinear1: 28'696 (#enforced: 28'696)
#kLinear2: 49
#kLinearN: 1 (#terms: 878)
[Symmetry] Graph for symmetry has 49'316 nodes and 86'043 arcs.
[Symmetry] Symmetry computation done. time: 0.00818102 dtime: 0.0129272

Preloading model.
#Bound   2.73s best:inf   next:[0,394]    initial_domain
#Model   2.74s var:15875/15875 constraints:30534/30534

Starting search at 2.75s with 8 workers.
6 full problem subsolvers: [default_lp, max_lp, no_lp, quick_restart, quick_restart_no_lp, reduced_costs]
2 first solution subsolvers: [fj, fs_random_no_lp]
11 interleaved subsolvers: [feasibility_pump, graph_arc_lns, graph_cst_lns, graph_dec_lns, graph_var_lns, ls, rins/rens, rnd_cst_lns, rnd_var_lns, routing_path_lns, routing_random_lns]
3 helper subsolvers: [neighborhood_helper, synchronization_agent, update_gap_integral]

#Bound   7.90s best:inf   next:[1,394]    reduced_costs
#Bound  14.13s best:inf   next:[2,394]    max_lp
#Bound  17.12s best:inf   next:[3,394]    reduced_costs
#Bound  17.18s best:inf   next:[4,394]    reduced_costs
#Bound  17.44s best:inf   next:[5,394]    reduced_costs
#Bound  17.75s best:inf   next:[6,394]    reduced_costs
#Bound  17.98s best:inf   next:[7,394]    reduced_costs
#Bound  18.06s best:inf   next:[8,394]    reduced_costs
#Bound  18.42s best:inf   next:[9,394]    reduced_costs
#Bound  18.75s best:inf   next:[10,394]   reduced_costs
#Bound  18.90s best:inf   next:[11,394]   reduced_costs
#Bound  19.56s best:inf   next:[12,394]   reduced_costs
#Bound  20.87s best:inf   next:[13,394]   reduced_costs
#Bound  23.50s best:inf   next:[14,394]   reduced_costs
#Bound  24.27s best:inf   next:[15,394]   reduced_costs
#Model  28.10s var:15874/15875 constraints:30532/30534
#Bound  29.44s best:inf   next:[16,394]   reduced_costs
#Bound  49.45s best:inf   next:[17,394]   reduced_costs
#Model  63.77s var:15873/15875 constraints:30530/30534
#Bound  70.05s best:inf   next:[18,394]   max_lp
#Model  70.10s var:15867/15875 constraints:30520/30534
#Model  71.20s var:15866/15875 constraints:30518/30534
#Done   76.76s max_lp

Task timing                      n [     min,      max]      avg      dev     time         n [     min,      max]      avg      dev    dtime
           'default_lp':         1 [   1.23m,    1.23m]    1.23m   0.00ns    1.23m         2 [   1.51s,   24.41s]   12.96s   11.45s   25.93s
     'feasibility_pump':       362 [179.96us, 664.20ms]   2.11ms  34.85ms 763.70ms       361 [ 45.27us, 719.55us]  47.14us  35.44us  17.02ms
                   'fj':       307 [ 17.27ms, 328.93ms] 118.15ms  88.61ms   36.27s       307 [100.02ms, 106.67ms] 101.17ms   1.64ms   31.06s
      'fs_random_no_lp':         1 [   1.23m,    1.23m]    1.23m   0.00ns    1.23m         2 [   1.51s,   59.51s]   30.51s   29.00s    1.02m
        'graph_arc_lns':         0 [  0.00ns,   0.00ns]   0.00ns   0.00ns   0.00ns         0 [  0.00ns,   0.00ns]   0.00ns   0.00ns   0.00ns
        'graph_cst_lns':         0 [  0.00ns,   0.00ns]   0.00ns   0.00ns   0.00ns         0 [  0.00ns,   0.00ns]   0.00ns   0.00ns   0.00ns
        'graph_dec_lns':         0 [  0.00ns,   0.00ns]   0.00ns   0.00ns   0.00ns         0 [  0.00ns,   0.00ns]   0.00ns   0.00ns   0.00ns
        'graph_var_lns':         0 [  0.00ns,   0.00ns]   0.00ns   0.00ns   0.00ns         0 [  0.00ns,   0.00ns]   0.00ns   0.00ns   0.00ns
                   'ls':         0 [  0.00ns,   0.00ns]   0.00ns   0.00ns   0.00ns         0 [  0.00ns,   0.00ns]   0.00ns   0.00ns   0.00ns
               'max_lp':         1 [   1.23m,    1.23m]    1.23m   0.00ns    1.23m         2 [   2.42s,   13.35s]    7.89s    5.46s   15.78s
                'no_lp':         1 [   1.23m,    1.23m]    1.23m   0.00ns    1.23m         2 [   1.51s,   58.64s]   30.08s   28.57s    1.00m
        'quick_restart':         1 [   1.23m,    1.23m]    1.23m   0.00ns    1.23m         2 [   1.51s,   23.85s]   12.68s   11.17s   25.36s
  'quick_restart_no_lp':         1 [   1.24m,    1.24m]    1.24m   0.00ns    1.24m         2 [   1.51s,   31.35s]   16.43s   14.92s   32.85s
        'reduced_costs':         1 [   1.23m,    1.23m]    1.23m   0.00ns    1.23m         2 [   1.51s,   12.92s]    7.21s    5.70s   14.43s
            'rins/rens':        58 [793.13us,    1.66s] 627.73ms 604.85ms   36.41s        24 [100.00ms, 103.82ms] 100.79ms 969.44us    2.42s
          'rnd_cst_lns':         0 [  0.00ns,   0.00ns]   0.00ns   0.00ns   0.00ns         0 [  0.00ns,   0.00ns]   0.00ns   0.00ns   0.00ns
          'rnd_var_lns':         0 [  0.00ns,   0.00ns]   0.00ns   0.00ns   0.00ns         0 [  0.00ns,   0.00ns]   0.00ns   0.00ns   0.00ns
     'routing_path_lns':         0 [  0.00ns,   0.00ns]   0.00ns   0.00ns   0.00ns         0 [  0.00ns,   0.00ns]   0.00ns   0.00ns   0.00ns
   'routing_random_lns':         0 [  0.00ns,   0.00ns]   0.00ns   0.00ns   0.00ns         0 [  0.00ns,   0.00ns]   0.00ns   0.00ns   0.00ns

Search stats               Bools  Conflicts  Branches  Restarts  BacktrackToRoot  Backtrack   BoolPropag  IntegerPropag
           'default_lp':  18'642     17'444   213'630        91           22'314     61'275  102'516'525      3'823'628
      'fs_random_no_lp':  18'644     64'799   361'062       168           23'616    130'917  530'048'166      3'911'769
               'max_lp':  18'642        197    71'167         1           21'016     33'017   27'343'586     24'663'338
                'no_lp':  18'642     60'295   523'765       340           29'376    134'898  546'466'133      4'640'821
        'quick_restart':  18'657      5'447   210'298       489           22'661     51'428   61'718'947      3'537'386
  'quick_restart_no_lp':  18'701     35'610   778'549     3'370           25'028     82'166  212'431'257      4'138'369
        'reduced_costs':  18'661      2'824    87'218        32           20'444     35'892   27'961'090     25'273'954

SAT formula               Fixed  Equiv   Total  VarLeft  BinaryClauses  PermanentClauses  TemporaryClauses
           'default_lp':      9    341  18'642   18'292        329'934             5'316             9'487
      'fs_random_no_lp':  1'078    345  18'644   17'221        261'690            13'396             8'078
               'max_lp':  2'165    294  18'642   16'183        349'458             4'421                30
                'no_lp':      9    345  18'642   18'288        312'792             1'324            10'035
        'quick_restart':  1'078    341  18'657   17'238        303'440             5'641             2'570
  'quick_restart_no_lp':      9    349  18'701   18'343        256'914            12'251            11'502
        'reduced_costs':     27    349  18'661   18'285        300'564             1'903               523

SAT stats                 ClassicMinim  LitRemoved  LitRemovedBinary  LitLearned  LitForgotten  Subsumed
           'default_lp':        10'146     247'707           379'616   1'452'452       187'606     1'247
      'fs_random_no_lp':        44'156     494'167           624'392   1'980'773     1'080'753     3'275
               'max_lp':            83         217             1'761       1'611             0       121
                'no_lp':        40'897     255'076           389'519   1'251'102       503'872    10'993
        'quick_restart':         3'075      39'843            48'937     210'942             0       223
  'quick_restart_no_lp':        26'368     996'964           917'227   3'983'818       960'570       706
        'reduced_costs':         1'964      96'604            25'974     129'040             0       651

Vivification              Clauses  Decisions  LitTrue  Subsumed  LitRemoved  DecisionReused  Conflicts
           'default_lp':    5'117     73'535        0     1'130      18'342           1'307         36
      'fs_random_no_lp':    6'202    116'800        0     1'339      39'168           1'935        898
               'max_lp':    4'154     42'093        2       614       7'046           5'048         28
                'no_lp':   12'448    128'702        0     2'083      25'586           7'239        122
        'quick_restart':    5'067     67'518        0     1'063      15'313           1'418        140
  'quick_restart_no_lp':    4'289     74'274        0       734      20'565             684        237
        'reduced_costs':    2'977     43'806        0       181       2'478             189          2

Clause deletion           at_true  l_and_not(l)  to_binary  sub_conflict  sub_extra  sub_decisions  sub_eager  sub_vivify  sub_probing  sub_inpro  blocked  eliminated  forgotten  promoted  conflicts
           'default_lp':       15             6          5         1'155        102              9         92       1'130           39        542        0           0      4'313    34'001     17'444
      'fs_random_no_lp':    4'252             4         18         2'951        202             94        324       1'339           47      1'582        0           0     36'057   103'773     64'799
               'max_lp':        9             1          3           121          0              3          0         614            1          5        0           0          0        47        197
                'no_lp':       12             2         13         9'966        607          1'332      1'027       2'083           18     12'232        0           0     22'056   128'075     60'295
        'quick_restart':        4             3          2           210         10              1         13       1'063           36        562        0           0          0     4'903      5'447
  'quick_restart_no_lp':       86             3          9           638        133             12         68         734          146      2'131        0           0     10'916    48'812     35'610
        'reduced_costs':      881           142          5           538         17             50        113         181           11      1'944        0           0          0     3'893      2'824

Lp stats            Component  Iterations  AddedCuts  OPTIMAL  DUAL_F.  DUAL_U.
     'default_lp':          2      84'296      2'170   35'520        0    3'900
         'max_lp':          1      12'982      2'550       26        3       13
  'quick_restart':          2      75'998      5'582   19'774        0      976
  'reduced_costs':          1      69'393     12'713      112    5'196    1'525

Lp dimension               Final dimension of first component
     'default_lp':       100 rows, 1479 columns, 3005 entries
         'max_lp':  44492 rows, 15875 columns, 118943 entries
  'quick_restart':      137 rows, 1479 columns, 15201 entries
  'reduced_costs':    3300 rows, 15875 columns, 19047 entries

Lp debug            CutPropag  CutEqPropag  Adjust  Overflow     Bad  BadScaling
     'default_lp':          0            0   1'248         0  20'278           0
         'max_lp':          0            0      13         0  11'906           0
  'quick_restart':          0           18     776         0  38'057           0
  'reduced_costs':          0            0   1'523         0  64'417           0

Lp pool             Constraints  Updates  Simplif  Merged  Shortened  Split  Strengthened      Cuts/Call
     'default_lp':        2'321      296      690     100        690      6             1    2'170/2'404
         'max_lp':       46'644      120    1'131     100         58      2           711    2'550/3'308
  'quick_restart':        5'733    3'289    2'372     100      2'372    787             0    5'582/5'940
  'reduced_costs':       53'805      192        0     102         10      0           383  12'713/20'810

Lp Cut            max_lp  default_lp  quick_restart  reduced_costs
          CG_FF:      22         692          1'986            325
           CG_K:       4         323            694             39
          CG_KL:       -         345            680             39
           CG_R:      22         668          1'975            159
          CG_RB:      24           -              -            389
         CG_RBP:       6           -              -             58
        Circuit:      86           -              -            314
   CircuitExact:       9           -              -              1
         Clique:      41           -              -            461
             IB:     422           -              -          2'690
       MIR_1_FF:   1'095           -              -          1'477
        MIR_1_K:      29           -              -            188
       MIR_1_KL:      24           -              -            235
        MIR_1_R:      21           -              -             64
       MIR_1_RB:       7           -              -            183
      MIR_1_RBP:       1           -              -             44
      MIR_1_RLT:       -           -              -              8
       MIR_2_FF:     148           -              -            979
        MIR_2_K:       6           -              -            103
       MIR_2_KL:       9           -              -            167
        MIR_2_R:       9           -              -             37
       MIR_2_RB:      25           -              -            313
      MIR_2_RBP:       -           -              -             26
       MIR_3_FF:      64          23             54            547
        MIR_3_K:       8           -              -             59
       MIR_3_KL:       5          16             36             80
        MIR_3_R:       4           -              -             26
       MIR_3_RB:      20           -              -            218
      MIR_3_RBP:       -           -              -             19
       MIR_4_FF:      82          14             24            343
        MIR_4_K:       9           -              -             63
       MIR_4_KL:       3           9             19             67
        MIR_4_R:       7           -              -             32
       MIR_4_RB:      19           -              -            137
      MIR_4_RBP:       1           -              -             44
       MIR_5_FF:      45          30             39            177
        MIR_5_K:       4           -              -             30
       MIR_5_KL:       -          20             30             42
        MIR_5_R:       3           1              1             17
       MIR_5_RB:      19           -              -             99
      MIR_5_RBP:       1           -              -             27
       MIR_6_FF:      42          18             24             91
        MIR_6_K:       4           -              -             18
       MIR_6_KL:       -          11             18             21
        MIR_6_R:       3           -              2             11
       MIR_6_RB:      13           -              -             82
      MIR_6_RBP:       2           -              -             20
   ZERO_HALF_FF:      16           -              -            334
    ZERO_HALF_K:       1           -              -             31
   ZERO_HALF_KL:      15           -              -             23
    ZERO_HALF_R:      85           -              -          1'081
   ZERO_HALF_RB:      55           -              -            639
  ZERO_HALF_RBP:      10           -              -             36

LNS stats                Improv/Calls  Closed  Difficulty  TimeLimit
       'graph_arc_lns':           0/0      0%    5.00e-01       0.10
       'graph_cst_lns':           0/0      0%    5.00e-01       0.10
       'graph_dec_lns':           0/0      0%    5.00e-01       0.10
       'graph_var_lns':           0/0      0%    5.00e-01       0.10
           'rins/rens':         55/55     56%    9.88e-01       0.10
         'rnd_cst_lns':           0/0      0%    5.00e-01       0.10
         'rnd_var_lns':           0/0      0%    5.00e-01       0.10
    'routing_path_lns':           0/0      0%    5.00e-01       0.10
  'routing_random_lns':           0/0      0%    5.00e-01       0.10

LS stats                                    Batches  Restarts/Perturbs  LinMoves  GenMoves  CompoundMoves  Bactracks  WeightUpdates  ScoreComputed
                             'fj_restart':       15                  8    66'661         0              0          0          3'503      2'751'819
                    'fj_restart_compound':       27                  8         0     2'822          1'344        668              1        316'079
                'fj_restart_compound_obj':       12                  4         0     1'061            474        260              0        138'704
            'fj_restart_compound_perturb':       35                  9         0     5'995          3'969        970              2        417'998
        'fj_restart_compound_perturb_obj':       23                  8         0     4'672          3'474        530              0        280'993
                       'fj_restart_decay':       33                 12   137'078         0              0          0          1'917      4'215'754
              'fj_restart_decay_compound':        9                  5         0     1'019            578        168              0        105'947
          'fj_restart_decay_compound_obj':        6                  5         0       834            553        114              0         70'480
      'fj_restart_decay_compound_perturb':       26                 11         0     5'709          4'635        482              0        321'096
  'fj_restart_decay_compound_perturb_obj':       23                 13         0     6'507          5'387        502              0        294'937
                   'fj_restart_decay_obj':       10                  4    42'158         0              0          0            602      1'309'682
               'fj_restart_decay_perturb':       19                  9    81'292         0              0          0          1'213      2'833'740
           'fj_restart_decay_perturb_obj':       33                  5   133'467         0              0          0          1'729      3'289'095
                         'fj_restart_obj':       14                  9    61'339         0              0          0          3'198      2'851'519
                     'fj_restart_perturb':        8                  4    35'511         0              0          0          2'227      1'745'151
                 'fj_restart_perturb_obj':       14                  9    61'832         0              0          0          3'650      3'093'546

Objective bounds     Num
  'initial_domain':    1
          'max_lp':    2
   'reduced_costs':   16

Solution repositories    Added  Queried  Synchro
    'alternative_path':      0        0        0
      'best_solutions':      0        0        0
   'fj solution hints':    115        0      115
        'lp solutions':    132       19      130
                'pump':    361       39

Improving bounds shared      Num  Sym
       'fs_random_no_lp':  1'051    0
                'max_lp':      9    0
                 'no_lp':      1    0
   'quick_restart_no_lp':     14    0
         'reduced_costs':      3    0

Clauses shared            #Exported  #Imported  #BinaryRead  #BinaryTotal
           'default_lp':     21'933      3'944      134'206       138'168
      'fs_random_no_lp':     36'252      2'800      138'168       138'168
               'max_lp':      4'020      3'561      134'195       138'168
                'no_lp':     17'783      2'121      136'977       138'168
        'quick_restart':      7'091      3'884      138'168       138'168
  'quick_restart_no_lp':     58'305      3'474      134'206       138'168
        'reduced_costs':        299      4'048      134'262       138'168

LRAT_status: NA
CpSolverResponse summary:
status: INFEASIBLE
objective: NA
best_bound: NA
integers: 15875
booleans: 18642
conflicts: 197
branches: 71167
propagations: 27343586
integer_propagations: 24663338
restarts: 1
lp_iterations: 12982
walltime: 77.1877
usertime: 77.1877
deterministic_time: 272.097
gap_integral: 0


Status: INFEASIBLE, wall=77s
{
  "status": "INFEASIBLE",
  "wall_s": 77.18846797943115
}
