UDP: nE=400, nL=400, LTL pairs=160000
Searching 2 × 2 = 4 (E, L) pairs

Best idD per idL identified for 400 idL
2026-05-23 17:05:13.869 | DEBUG    | fcmaes.retry:dump:406 - 51.08 10 1 531 1000000.000000 0.00 0.00 [] [107.82862384860266, 48.772957217823475, 5.14073166020455, 1.3987041528414443, -348.6278693972597, -616.2361475897831, 446.6579728958355]
2026-05-23 17:05:13.869 | DEBUG    | fcmaes.retry:add_result:348 - 51.08 10 1 531 1000000.000000 1000000.000000 1000000.00 0.00
2026-05-23 17:05:37.504 | DEBUG    | fcmaes.retry:add_result:348 - 74.72 14 2 1068 1000000.000000 1000000.000000 1000000.00 0.00
2026-05-23 17:06:35.691 | DEBUG    | fcmaes.retry:add_result:348 - 132.91 12 3 1604 1000000.000000 1000000.000000 1000000.00 0.00
2026-05-23 17:08:00.567 | DEBUG    | fcmaes.retry:add_result:348 - 217.78 9 4 2136 1000000.000000 1000000.000000 1000000.00 0.00
2026-05-23 17:08:00.576 | DEBUG    | fcmaes.retry:dump:406 - 217.79 9 4 2136 1000000.000000 1000000.00 0.00 [1000000.0, 1000000.0, 1000000.0, 1000000.0] [107.82862384860266, 48.772957217823475, 5.14073166020455, 1.3987041528414443, -348.6278693972597, -616.2361475897831, 446.6579728958355]
  (0, 0) idD=257: fit=1000000.00, mass=0 kg, wall=218s
2026-05-23 17:08:14.887 | DEBUG    | fcmaes.retry:dump:406 - 14.31 15 1 220 1000000.000000 0.00 0.00 [] [70.6779595776379, 35.1186189283911, 1.5598112556750265, 1.8093037209921596, 927.6067287403913, 254.93276135386833, -1271.9095255669954]
2026-05-23 17:08:14.887 | DEBUG    | fcmaes.retry:add_result:348 - 14.31 15 1 220 1000000.000000 1000000.000000 1000000.00 0.00
2026-05-23 17:08:39.591 | DEBUG    | fcmaes.retry:add_result:348 - 39.01 11 2 442 1000000.000000 1000000.000000 1000000.00 0.00
2026-05-23 17:08:42.404 | DEBUG    | fcmaes.retry:add_result:348 - 41.83 15 3 663 1000000.000000 1000000.000000 1000000.00 0.00
2026-05-23 17:08:54.691 | DEBUG    | fcmaes.retry:add_result:348 - 54.11 16 4 885 1000000.000000 1000000.000000 1000000.00 0.00
2026-05-23 17:08:54.699 | DEBUG    | fcmaes.retry:dump:406 - 54.12 16 4 885 1000000.000000 1000000.00 0.00 [1000000.0, 1000000.0, 1000000.0, 1000000.0] [70.6779595776379, 35.1186189283911, 1.5598112556750265, 1.8093037209921596, 927.6067287403913, 254.93276135386833, -1271.9095255669954]
  (0, 1) idD=289: fit=1000000.00, mass=0 kg, wall=54s
2026-05-23 17:10:03.251 | DEBUG    | fcmaes.retry:dump:406 - 68.55 5 1 411 1000000.000000 0.00 0.00 [] [101.28955318890571, 34.0918331291264, 4.73390745940376, 3.286989950091329, 1212.6222743775663, -583.5152493784137, -1500.0]
2026-05-23 17:10:03.251 | DEBUG    | fcmaes.retry:add_result:348 - 68.55 5 1 411 1000000.000000 1000000.000000 1000000.00 0.00
2026-05-23 17:10:50.389 | DEBUG    | fcmaes.retry:add_result:348 - 115.69 7 2 820 1000000.000000 1000000.000000 1000000.00 0.00
2026-05-23 17:11:16.474 | DEBUG    | fcmaes.retry:add_result:348 - 141.77 8 3 1226 1000000.000000 1000000.000000 1000000.00 0.00
2026-05-23 17:11:34.750 | DEBUG    | fcmaes.retry:add_result:348 - 160.05 10 4 1633 1000000.000000 1000000.000000 1000000.00 0.00
2026-05-23 17:11:34.759 | DEBUG    | fcmaes.retry:dump:406 - 160.06 10 4 1633 1000000.000000 1000000.00 0.00 [1000000.0, 1000000.0, 1000000.0, 1000000.0] [101.28955318890571, 34.0918331291264, 4.73390745940376, 3.286989950091329, 1212.6222743775663, -583.5152493784137, -1500.0]
  (1, 0) idD=257: fit=1000000.00, mass=0 kg, wall=160s
2026-05-23 17:11:42.241 | DEBUG    | fcmaes.retry:dump:406 - 7.48 26 1 200 1000000.000000 0.00 0.00 [] [63.81731431930034, 43.872675653216675, 2.375578277833655, 3.1273643680583554, -1277.775004580001, 439.175778714716, -759.1807383546503]
2026-05-23 17:11:42.241 | DEBUG    | fcmaes.retry:add_result:348 - 7.48 26 1 200 1000000.000000 1000000.000000 1000000.00 0.00
2026-05-23 17:12:01.879 | DEBUG    | fcmaes.retry:add_result:348 - 27.12 14 2 400 1000000.000000 1000000.000000 1000000.00 0.00
2026-05-23 17:12:09.327 | DEBUG    | fcmaes.retry:add_result:348 - 34.57 17 3 600 1000000.000000 1000000.000000 1000000.00 0.00
2026-05-23 17:12:20.777 | DEBUG    | fcmaes.retry:add_result:348 - 46.02 17 4 801 1000000.000000 1000000.000000 1000000.00 0.00
2026-05-23 17:12:20.785 | DEBUG    | fcmaes.retry:dump:406 - 46.03 17 4 801 1000000.000000 1000000.00 0.00 [1000000.0, 1000000.0, 1000000.0, 1000000.0] [63.81731431930034, 43.872675653216675, 2.375578277833655, 3.1273643680583554, -1277.775004580001, 439.175778714716, -759.1807383546503]
  (1, 1) idD=289: fit=1000000.00, mass=0 kg, wall=46s

Found 0 positive-mass transfers in 478s
{
  "status": "no_positive_mass"
}
