Pre-computing Hohmann theoretical mass matrix...
Selected top 500 pairs by adjusted Hohmann mass (top: 4138 kg, #500: 4089 kg)

Launching parallel solver (8 workers, 500 pairs)...
  [  10/500] valid=10 top=[2309,2270,2244]kg wall=501s ETA=24548s
  [  20/500] valid=20 top=[2309,2270,2253]kg wall=970s ETA=23271s
  [  30/500] valid=30 top=[2309,2270,2253]kg wall=1028s ETA=16109s
  [  40/500] valid=40 top=[2337,2309,2270]kg wall=1504s ETA=17291s
  [  50/500] valid=50 top=[2337,2309,2289]kg wall=1929s ETA=17365s
  [  60/500] valid=60 top=[2348,2337,2309]kg wall=2006s ETA=14710s
  [  70/500] valid=70 top=[2348,2337,2309]kg wall=2502s ETA=15370s
  [  80/500] valid=80 top=[2348,2337,2309]kg wall=2616s ETA=13733s
  [  90/500] valid=90 top=[2348,2337,2318]kg wall=2999s ETA=13664s
  [ 100/500] valid=100 top=[2348,2337,2318]kg wall=3486s ETA=13942s
  [ 110/500] valid=110 top=[2348,2337,2318]kg wall=3553s ETA=12598s
  [ 120/500] valid=120 top=[2348,2337,2318]kg wall=4004s ETA=12678s
  [ 130/500] valid=130 top=[2348,2337,2318]kg wall=4443s ETA=12644s
  [ 140/500] valid=140 top=[2348,2337,2318]kg wall=4546s ETA=11690s
  [ 150/500] valid=150 top=[2348,2337,2318]kg wall=5008s ETA=11686s
  [ 160/500] valid=160 top=[2348,2337,2318]kg wall=5095s ETA=10827s
  [ 170/500] valid=170 top=[2348,2337,2318]kg wall=5565s ETA=10802s
  [ 180/500] valid=180 top=[2348,2337,2318]kg wall=6021s ETA=10704s
  [ 190/500] valid=190 top=[2357,2348,2337]kg wall=6116s ETA=9978s
  [ 200/500] valid=200 top=[2357,2348,2337]kg wall=6532s ETA=9799s
  [ 210/500] valid=210 top=[2357,2348,2337]kg wall=7022s ETA=9697s
  [ 220/500] valid=220 top=[2357,2348,2337]kg wall=7094s ETA=9028s
  [ 230/500] valid=230 top=[2357,2348,2337]kg wall=7557s ETA=8871s
  [ 240/500] valid=240 top=[2357,2348,2337]kg wall=7625s ETA=8260s
  [ 250/500] valid=250 top=[2357,2348,2337]kg wall=8101s ETA=8101s
  [ 260/500] valid=260 top=[2357,2348,2337]kg wall=8551s ETA=7893s
  [ 270/500] valid=270 top=[2357,2348,2337]kg wall=8641s ETA=7361s
  [ 280/500] valid=280 top=[2357,2348,2337]kg wall=9075s ETA=7131s
  [ 290/500] valid=290 top=[2357,2348,2337]kg wall=9517s ETA=6891s
  [ 300/500] valid=300 top=[2357,2348,2337]kg wall=9642s ETA=6428s
  [ 310/500] valid=310 top=[2357,2348,2337]kg wall=10080s ETA=6178s
  [ 320/500] valid=320 top=[2357,2348,2337]kg wall=10236s ETA=5757s
  [ 330/500] valid=330 top=[2357,2348,2337]kg wall=10618s ETA=5470s
  [ 340/500] valid=340 top=[2362,2362,2357]kg wall=11059s ETA=5204s
  [ 350/500] valid=350 top=[2362,2362,2357]kg wall=11156s ETA=4781s
  [ 360/500] valid=360 top=[2362,2362,2357]kg wall=11586s ETA=4506s
  [ 370/500] valid=370 top=[2362,2362,2357]kg wall=12046s ETA=4232s
  [ 380/500] valid=380 top=[2362,2362,2357]kg wall=12120s ETA=3827s
  [ 390/500] valid=390 top=[2362,2362,2357]kg wall=12595s ETA=3552s
  [ 400/500] valid=400 top=[2362,2362,2357]kg wall=12660s ETA=3165s
  [ 410/500] valid=410 top=[2362,2362,2357]kg wall=13127s ETA=2882s
  [ 420/500] valid=420 top=[2362,2362,2357]kg wall=13574s ETA=2585s
  [ 430/500] valid=430 top=[2362,2362,2357]kg wall=13650s ETA=2222s
  [ 440/500] valid=440 top=[2362,2362,2357]kg wall=14113s ETA=1924s
  [ 450/500] valid=450 top=[2362,2362,2357]kg wall=14525s ETA=1614s
  [ 460/500] valid=460 top=[2362,2362,2357]kg wall=14656s ETA=1274s
  [ 470/500] valid=470 top=[2362,2362,2357]kg wall=15099s ETA=964s
  [ 480/500] valid=480 top=[2362,2362,2357]kg wall=15206s ETA=634s
  [ 490/500] valid=490 top=[2362,2362,2357]kg wall=15630s ETA=319s
  [ 500/500] valid=500 top=[2362,2362,2357]kg wall=15808s ETA=0s

Solved 500 pairs in 15808s, 500 valid

Hungarian assignment on 500-pair mass matrix...
Hungarian: 20 transfers, total = 36945 kg

Assigning idD (greedy by cld)...

UDP verify: fitness=-37252.9, total mass=37253 kg
  20 transfers banked
BANKED: 15 → 37253 kg (20 transfers)
