Reading bank: /home/julian/Projects/esa_spoc_26_3/solutions/upload/trajectory.json
Bank has 8400 elements (400 rows)
Active rows: 153
Baseline mass: 91732 kg

Polishing 153 rows with 8 workers...
  [ 11] 1988 → 1991 kg (+2)
  [  2] 2587 → 2588 kg (+1)
  [  6] 2524 → 2548 kg (+24)
  [ 17] 1740 → 2136 kg (+395)
  [ 18] 1714 → 1972 kg (+257)
  [ 19] 1692 → 2130 kg (+438)
  [ 24] 1578 → 2132 kg (+554)
  [ 25] 1567 → 2132 kg (+566)
  [ 20] 1676 → 1986 kg (+310)
  [ 21] 1675 → 2026 kg (+352)
  [ 26] 1442 → 1700 kg (+258)
  [ 22] 1614 → 2133 kg (+519)
  [ 23] 1589 → 2091 kg (+503)
  [ 32] 1064 → 1973 kg (+909)
  [ 33] 1034 → 1034 kg (+0)
  [ 34] 997 → 1095 kg (+98)
  [ 28] 1404 → 1704 kg (+301)
  [ 29] 1398 → 1592 kg (+194)
  [ 42] 650 → 651 kg (+0)
  [ 43] 648 → 777 kg (+129)
  [ 36] 722 → 874 kg (+152)
  [ 37] 720 → 759 kg (+39)
  [ 40] 688 → 792 kg (+105)
  [ 41] 684 → 690 kg (+6)
  [ 38] 699 → 706 kg (+7)
  [ 39] 690 → 694 kg (+4)
  [ 30] 1348 → 1525 kg (+177)
  [ 31] 1235 → 1528 kg (+293)
  [ 50] 480 → 481 kg (+1)
  [ 51] 445 → 489 kg (+44)
  [ 58] 379 → 379 kg (+1)
  [ 59] 363 → 436 kg (+73)
  [ 52] 418 → 537 kg (+119)
  [ 53] 405 → 405 kg (+0)
  [ 54] 400 → 428 kg (+27)
  [ 55] 395 → 506 kg (+111)
  [ 46] 595 → 705 kg (+110)
  [ 47] 585 → 703 kg (+118)
  [ 48] 540 → 548 kg (+8)
  [ 49] 518 → 618 kg (+100)
  [ 44] 611 → 732 kg (+121)
  [ 45] 607 → 702 kg (+95)
  [ 56] 390 → 458 kg (+68)
  [ 57] 384 → 397 kg (+13)
  [ 66] 328 → 329 kg (+2)
  [ 67] 313 → 333 kg (+20)
  [ 70] 308 → 312 kg (+4)
  [ 71] 305 → 311 kg (+6)
  [ 72] 290 → 368 kg (+78)
  [ 73] 288 → 294 kg (+6)
  [ 68] 310 → 325 kg (+15)
  [ 69] 309 → 364 kg (+55)
  [ 60] 361 → 464 kg (+103)
  [ 61] 353 → 414 kg (+61)
  [ 62] 340 → 433 kg (+93)
  [ 63] 339 → 841 kg (+503)
  [ 64] 336 → 417 kg (+80)
  [ 65] 328 → 849 kg (+520)
  [ 86] 222 → 226 kg (+3)
  [ 87] 215 → 219 kg (+3)
  [ 84] 229 → 231 kg (+2)
  [ 85] 224 → 228 kg (+4)
  [ 78] 264 → 270 kg (+6)
  [ 79] 259 → 293 kg (+34)
  [ 76] 267 → 269 kg (+2)
  [ 77] 265 → 752 kg (+487)
  [ 82] 240 → 317 kg (+77)
  [ 83] 234 → 248 kg (+14)
  [ 92] 198 → 210 kg (+12)
  [ 93] 195 → 201 kg (+6)
  [ 88] 213 → 302 kg (+90)
  [ 89] 241 → 242 kg (+1)
  [ 80] 255 → 322 kg (+67)
  [ 81] 245 → 252 kg (+7)
  [ 90] 207 → 215 kg (+8)
  [ 91] 200 → 645 kg (+445)
  [104] 159 → 173 kg (+13)
  [ 94] 194 → 206 kg (+12)
  [ 95] 190 → 289 kg (+99)
  [ 96] 188 → 189 kg (+1)
  [ 97] 183 → 261 kg (+78)
  [102] 163 → 201 kg (+38)
  [100] 164 → 179 kg (+14)
  [101] 164 → 195 kg (+31)
  [ 98] 168 → 230 kg (+62)
  [ 99] 165 → 228 kg (+63)
  [106] 151 → 167 kg (+16)
  [107] 148 → 209 kg (+61)
  [ 74] 273 → 319 kg (+46)
  [ 75] 269 → 341 kg (+71)
  [112] 120 → 195 kg (+74)
  [113] 118 → 121 kg (+3)
  [110] 122 → 178 kg (+56)
  [108] 142 → 174 kg (+32)
  [109] 133 → 176 kg (+43)
  [114] 109 → 110 kg (+1)
  [115] 104 → 137 kg (+33)
  [124] 75 → 80 kg (+5)
  [125] 74 → 84 kg (+10)
  [122] 82 → 84 kg (+2)
  [123] 76 → 123 kg (+47)
  [116] 99 → 110 kg (+11)
  [117] 92 → 123 kg (+32)
  [118] 90 → 138 kg (+48)
  [119] 89 → 155 kg (+66)
  [134] 49 → 52 kg (+3)
  [135] 47 → 48 kg (+1)
  [128] 69 → 69 kg (+0)
  [129] 65 → 110 kg (+44)
  [126] 72 → 413 kg (+340)
  [127] 70 → 73 kg (+3)
  [136] 41 → 55 kg (+14)
  [137] 39 → 39 kg (+0)
  [120] 89 → 89 kg (+0)
  [121] 84 → 264 kg (+181)
  [138] 32 → 55 kg (+23)
  [139] 31 → 80 kg (+48)
  [132] 50 → 116 kg (+66)
  [133] 50 → 91 kg (+41)
  [140] 30 → 107 kg (+78)
  [144] 20 → 23 kg (+3)
  [145] 15 → 24 kg (+9)
  [146] 14 → 30 kg (+16)
  [147] 12 → 354 kg (+342)
  [130] 62 → 503 kg (+442)
  [131] 56 → 59 kg (+3)
  [152] 1 → 38 kg (+36)
  [148] 10 → 52 kg (+43)
  [149] 8 → 25 kg (+17)
  [150] 8 → 203 kg (+196)
  [151] 1 → 4 kg (+2)
  [142] 25 → 55 kg (+30)
  [143] 22 → 199 kg (+178)

Polish done in 358s: 133/153 improved, +13644 kg total

New total mass: 105377 kg (was 91732)
BANKED polished: 91732 → 105377 kg
