Reading bank: /home/julian/Projects/esa_spoc_26_3/solutions/upload/trajectory.json
Active rows: 153
Baseline mass: 105377 kg

3-impulse polish on 153 rows with 8 workers...
  [  6] 2548 → 2549 kg (+1)
  [ 28] 1704 → 1706 kg (+2)
  [ 29] 1592 → 1595 kg (+3)
  [ 21] 2026 → 2031 kg (+5)
  [ 26] 1700 → 1702 kg (+2)
  [ 30] 1525 → 1527 kg (+2)
  [ 31] 1528 → 1604 kg (+76)
  [ 37] 759 → 761 kg (+2)
  [ 38] 706 → 707 kg (+2)
  [ 39] 694 → 696 kg (+2)
  [ 18] 1972 → 2052 kg (+80)
  [ 19] 2130 → 2151 kg (+22)
  [ 50] 481 → 481 kg (+1)
  [ 51] 489 → 491 kg (+3)
  [ 32] 1973 → 1986 kg (+13)
  [ 33] 1034 → 1062 kg (+28)
  [ 48] 548 → 558 kg (+10)
  [ 40] 792 → 814 kg (+22)
  [ 41] 690 → 692 kg (+2)
  [ 66] 329 → 331 kg (+1)
  [ 65] 849 → 851 kg (+2)
  [ 70] 312 → 316 kg (+4)
  [ 71] 311 → 314 kg (+3)
  [ 73] 294 → 294 kg (+1)
  [ 79] 293 → 294 kg (+2)
  [ 74] 319 → 325 kg (+6)
  [ 63] 841 → 889 kg (+48)
  [ 82] 317 → 318 kg (+1)
  [ 83] 248 → 254 kg (+7)
  [ 84] 231 → 232 kg (+1)
  [ 86] 226 → 228 kg (+3)
  [ 87] 219 → 221 kg (+2)
  [ 89] 242 → 244 kg (+2)
  [ 92] 210 → 216 kg (+6)
  [ 96] 189 → 190 kg (+1)
  [ 97] 261 → 263 kg (+2)
  [101] 195 → 200 kg (+5)
  [104] 173 → 179 kg (+6)
  [105] 158 → 159 kg (+1)
  [106] 167 → 168 kg (+1)
  [107] 209 → 210 kg (+1)
  [ 76] 269 → 270 kg (+2)
  [ 77] 752 → 849 kg (+97)
  [ 80] 322 → 358 kg (+36)
  [ 81] 252 → 253 kg (+1)
  [ 94] 206 → 207 kg (+1)
  [ 95] 289 → 329 kg (+39)
  [114] 110 → 111 kg (+1)
  [115] 137 → 139 kg (+3)
  [113] 121 → 123 kg (+2)
  [ 91] 645 → 717 kg (+72)
  [108] 174 → 200 kg (+26)
  [121] 264 → 549 kg (+285)
  [126] 413 → 414 kg (+2)
  [127] 73 → 75 kg (+2)
  [130] 503 → 506 kg (+3)
  [128] 69 → 70 kg (+1)
  [132] 116 → 118 kg (+2)
  [134] 52 → 54 kg (+2)
  [135] 48 → 49 kg (+1)
  [140] 107 → 114 kg (+6)
  [142] 55 → 56 kg (+1)
  [143] 199 → 200 kg (+1)
  [151] 4 → 5 kg (+1)
  [149] 25 → 30 kg (+5)
  [139] 80 → 93 kg (+13)

3-impulse polish done in 678s: 66/153 improved, +986 kg total
BANKED 3-impulse: 105377 → 106362 kg
