158 active transfers; baseline 109739kg
  [ 24] 1764 → 1923 kg (+159)
  [ 25] 1760 → 2134 kg (+374)
  [ 26] 1719 → 1954 kg (+234)
  [ 45] 761 → 774 kg (+13)
  [ 46] 732 → 733 kg (+1)
  [ 49] 705 → 726 kg (+21)
  [ 50] 703 → 724 kg (+21)
  [ 51] 702 → 759 kg (+57)
  [ 56] 558 → 794 kg (+236)
  [ 58] 537 → 676 kg (+139)
  [ 59] 506 → 632 kg (+125)
  [ 61] 491 → 792 kg (+301)
  [ 63] 464 → 609 kg (+145)
  [ 64] 458 → 733 kg (+276)
  [ 65] 436 → 767 kg (+331)
  [ 66] 433 → 584 kg (+151)
  [ 68] 417 → 575 kg (+159)
  [ 70] 414 → 601 kg (+187)
  [ 72] 397 → 747 kg (+350)
  [ 74] 368 → 483 kg (+116)
  [ 75] 364 → 468 kg (+104)
  [ 76] 358 → 456 kg (+99)
  [ 78] 341 → 508 kg (+167)
  [ 80] 331 → 495 kg (+164)
  [ 81] 329 → 366 kg (+37)
  [ 85] 316 → 716 kg (+400)
  [ 86] 314 → 679 kg (+364)
  [ 88] 294 → 443 kg (+148)
  [ 89] 294 → 662 kg (+367)
  [ 90] 270 → 374 kg (+104)
  [ 91] 270 → 310 kg (+40)
  [ 96] 232 → 529 kg (+297)
  [ 98] 228 → 420 kg (+192)
  [ 97] 230 → 325 kg (+95)
  [ 99] 228 → 319 kg (+90)
  [101] 221 → 424 kg (+203)
  [103] 215 → 472 kg (+257)
  [102] 216 → 503 kg (+286)
  [105] 207 → 280 kg (+73)
  [107] 201 → 390 kg (+189)
  [111] 200 → 372 kg (+173)
  [113] 190 → 294 kg (+104)
  [114] 179 → 452 kg (+273)
  [116] 178 → 212 kg (+34)
  [115] 179 → 225 kg (+46)
  [117] 176 → 355 kg (+179)
  [119] 161 → 365 kg (+205)
  [120] 159 → 402 kg (+244)
  [121] 155 → 198 kg (+43)
  [122] 139 → 186 kg (+47)
  [123] 138 → 184 kg (+47)
  [124] 123 → 257 kg (+133)
  [126] 123 → 150 kg (+27)
  [128] 120 → 228 kg (+108)
  [129] 118 → 119 kg (+1)
  [133] 110 → 249 kg (+139)
  [134] 93 → 181 kg (+88)
  [135] 91 → 167 kg (+76)
  [140] 75 → 87 kg (+12)
  [139] 80 → 161 kg (+81)
  [141] 70 → 93 kg (+23)
  [146] 54 → 59 kg (+5)
  [147] 52 → 75 kg (+22)
  [148] 49 → 240 kg (+190)
  [149] 39 → 109 kg (+70)
  [150] 38 → 124 kg (+86)
  [151] 30 → 179 kg (+150)
  [154] 24 → 24 kg (+1)

68/158 improved, +9680kg in 15291s
BANKED: 109739 → 119825kg
