158 transfers, baseline 119825kg
  [  7] 2133 → 2328 kg (+195)
  [  5] 2151 → 2235 kg (+83)
  [  8] 2132 → 2223 kg (+91)
  [  9] 2132 → 2244 kg (+112)
  [ 11] 2052 → 2298 kg (+246)
  [ 18] 1986 → 2228 kg (+242)
Traceback (most recent call last):
  File "/home/julian/micromamba/envs/spoc26/lib/python3.13/multiprocessing/pool.py", line 856, in next
    item = self._items.popleft()
IndexError: pop from an empty deque

During handling of the above exception, another exception occurred:

Traceback (most recent call last):
  File "/home/julian/Projects/esa_spoc_26_3/scripts/ch1_apogee_polish.py", line 105, in <module>
    main(int(sys.argv[1]) if len(sys.argv) > 1 else 8)
    ~~~~^^^^^^^^^^^^^^^^^^^^^^^^^^^^^^^^^^^^^^^^^^^^^^
  File "/home/julian/Projects/esa_spoc_26_3/scripts/ch1_apogee_polish.py", line 78, in main
    for idx, new_row, new_mass, orig_mass in p.imap_unordered(
                                             ~~~~~~~~~~~~~~~~^
            _task, active, chunksize=1):
            ^^^^^^^^^^^^^^^^^^^^^^^^^^^
  File "/home/julian/micromamba/envs/spoc26/lib/python3.13/multiprocessing/pool.py", line 861, in next
    self._cond.wait(timeout)
    ~~~~~~~~~~~~~~~^^^^^^^^^
  File "/home/julian/micromamba/envs/spoc26/lib/python3.13/threading.py", line 359, in wait
    waiter.acquire()
    ~~~~~~~~~~~~~~^^
KeyboardInterrupt
