158 transfers, baseline 120794kg
Grid: 576 ICs per pair. Est wall: ~95min
  [ 15] 2012 → 2028 kg (+16)
  [ 16] 1999 → 2009 kg (+10)
  [ 20] 1967 → 2072 kg (+105)
  [ 76] 456 → 540 kg (+84)
  [ 75] 468 → 599 kg (+131)
  [ 78] 508 → 547 kg (+39)
  [ 74] 483 → 591 kg (+107)
  [ 81] 366 → 595 kg (+229)
  [ 97] 325 → 626 kg (+301)
  [ 99] 319 → 671 kg (+352)
  [107] 390 → 503 kg (+113)
  [111] 372 → 436 kg (+64)
  [117] 355 → 527 kg (+172)
  [122] 186 → 364 kg (+178)
  [116] 212 → 502 kg (+290)
  [121] 198 → 671 kg (+473)
  [126] 150 → 210 kg (+60)
  [124] 257 → 336 kg (+80)
  [123] 184 → 582 kg (+397)
  [128] 228 → 544 kg (+315)
  [129] 119 → 414 kg (+295)
  [131] 111 → 114 kg (+3)
  [134] 181 → 518 kg (+337)
  [135] 167 → 554 kg (+387)
  [133] 249 → 527 kg (+279)
  [140] 87 → 263 kg (+177)
  [146] 59 → 225 kg (+166)
  [147] 75 → 519 kg (+444)
  [150] 124 → 515 kg (+391)

29/158 improved, +5993kg in 4738s
BANKED: 120794 → 126906kg
