Bank: 295 transfers, polishing 165 with dv1 > 500 m/s
Grid: 1536 ICs/pair, est wall: ~158min
  [  2] 649 → 721 kg (+72)
  [  4] 707 → 767 kg (+60)
  [  9] 560 → 803 kg (+243)
  [  7] 653 → 730 kg (+77)
  [  5] 661 → 779 kg (+118)
  [ 10] 530 → 819 kg (+289)
  [ 13] 769 → 789 kg (+20)
  [  8] 599 → 951 kg (+352)
  [ 19] 779 → 816 kg (+37)
  [ 18] 554 → 923 kg (+369)
  [ 17] 503 → 929 kg (+426)
  [ 25] 659 → 707 kg (+48)
  [ 20] 511 → 718 kg (+206)
  [ 14] 714 → 808 kg (+94)
  [ 16] 552 → 648 kg (+96)
  [ 26] 792 → 818 kg (+25)
  [ 29] 730 → 770 kg (+40)
  [ 34] 739 → 812 kg (+73)
  [ 31] 758 → 813 kg (+55)
  [ 33] 424 → 649 kg (+225)
  [ 30] 707 → 722 kg (+15)
  [ 35] 845 → 854 kg (+9)
  [ 36] 758 → 801 kg (+43)
  [ 28] 669 → 760 kg (+91)
  [ 49] 421 → 494 kg (+73)
  [ 47] 656 → 715 kg (+58)
  [ 50] 663 → 726 kg (+63)
  [ 46] 628 → 708 kg (+80)
  [ 54] 519 → 893 kg (+373)
  [ 44] 727 → 788 kg (+61)
  [ 59] 418 → 484 kg (+66)
  [ 57] 352 → 499 kg (+147)
  [ 56] 711 → 783 kg (+72)
  [ 61] 702 → 760 kg (+57)
  [ 55] 595 → 876 kg (+281)
  [ 58] 422 → 772 kg (+351)
  [ 63] 540 → 845 kg (+305)
  [ 67] 236 → 345 kg (+108)
  [ 66] 158 → 620 kg (+461)
  [ 68] 237 → 354 kg (+117)
  [ 70] 671 → 788 kg (+118)
  [ 73] 272 → 395 kg (+123)
  [ 62] 511 → 609 kg (+97)
  [ 74] 327 → 410 kg (+83)
  [ 76] 518 → 917 kg (+399)
  [ 78] 372 → 767 kg (+394)
  [ 75] 362 → 400 kg (+38)
  [ 85] 779 → 798 kg (+19)
  [ 83] 363 → 389 kg (+25)
  [ 89] 840 → 863 kg (+23)
  [ 80] 330 → 441 kg (+111)
  [ 93] 210 → 579 kg (+369)
  [ 86] 429 → 497 kg (+68)
  [ 96] 626 → 811 kg (+185)
  [ 95] 591 → 917 kg (+326)
  [ 98] 527 → 949 kg (+422)
  [ 94] 445 → 488 kg (+43)
  [100] 582 → 893 kg (+311)
  [109] 515 → 918 kg (+404)
  [112] 787 → 823 kg (+36)
  [115] 350 → 364 kg (+14)
  [118] 257 → 339 kg (+82)
  [124] 226 → 341 kg (+115)
  [107] 344 → 457 kg (+112)
  [122] 239 → 285 kg (+46)
  [114] 159 → 447 kg (+288)
  [116] 338 → 386 kg (+48)
  [120] 163 → 497 kg (+334)
  [126] 333 → 481 kg (+149)
  [129] 375 → 407 kg (+32)
  [132] 354 → 708 kg (+354)
  [130] 140 → 428 kg (+288)
  [133] 374 → 410 kg (+36)
  [134] 387 → 804 kg (+417)
  [137] 342 → 386 kg (+45)
  [143] 190 → 318 kg (+128)
  [141] 93 → 454 kg (+360)
  [146] 173 → 494 kg (+321)
  [150] 381 → 402 kg (+21)
  [140] 403 → 513 kg (+110)
  [152] 394 → 769 kg (+375)
  [149] 502 → 888 kg (+386)
  [145] 294 → 421 kg (+127)
  [153] 121 → 488 kg (+367)
  [154] 364 → 413 kg (+49)
  [160] 527 → 931 kg (+404)
  [161] 671 → 806 kg (+135)
  [166] 551 → 612 kg (+60)
  [168] 238 → 455 kg (+217)
  [170] 386 → 413 kg (+27)
  [159] 159 → 775 kg (+616)
  [162] 298 → 381 kg (+83)
  [173] 134 → 555 kg (+420)
  [177] 410 → 455 kg (+45)
  [186] 393 → 772 kg (+379)
  [169] 344 → 392 kg (+49)
  [189] 803 → 808 kg (+5)
  [182] 547 → 776 kg (+230)
  [193] 330 → 390 kg (+60)
  [238] 772 → 797 kg (+25)
  [218] 815 → 1326 kg (+510)
  [241] 267 → 531 kg (+264)
  [243] 270 → 350 kg (+79)
  [247] 314 → 466 kg (+153)
  [229] 828 → 1245 kg (+417)
  [246] 56 → 551 kg (+495)
  [231] 844 → 1109 kg (+265)
  [249] 768 → 802 kg (+35)
  [251] 93 → 391 kg (+298)
  [255] 312 → 372 kg (+59)
  [256] 159 → 287 kg (+128)
  [261] 254 → 546 kg (+291)
  [258] 238 → 379 kg (+140)
  [270] 247 → 482 kg (+236)
  [259] 436 → 475 kg (+39)
  [271] 226 → 341 kg (+115)
  [275] 250 → 497 kg (+248)
  [269] 134 → 683 kg (+550)
  [274] 234 → 457 kg (+223)
  [273] 184 → 337 kg (+152)
  [280] 97 → 494 kg (+397)
  [282] 512 → 565 kg (+53)
  [286] 223 → 364 kg (+141)
  [287] 356 → 701 kg (+346)
  [289] 331 → 365 kg (+34)
  [288] 143 → 585 kg (+442)
  [285] 247 → 450 kg (+203)
  [294] 335 → 417 kg (+82)
  [283] 437 → 472 kg (+35)

129/165 improved, +23141kg in 20314s
BANKED: 187179 → 209545kg
