Loaded 13090 feasibles from matrix
Already tested: 4386, NEW to evaluate: 12803
Est wall: ~27 min
  [  500/12803] valid=100 top5=[833,832,831,831,829]kg wall=88s ETA=2175s
  [ 1000/12803] valid=347 top5=[879,877,873,867,860]kg wall=170s ETA=2012s
  [ 1500/12803] valid=511 top5=[879,877,873,867,860]kg wall=251s ETA=1888s
  [ 2000/12803] valid=740 top5=[884,880,879,877,877]kg wall=330s ETA=1780s
  [ 2500/12803] valid=805 top5=[927,926,926,925,924]kg wall=418s ETA=1723s
  [ 3000/12803] valid=1130 top5=[927,926,926,925,924]kg wall=498s ETA=1628s
  [ 3500/12803] valid=1355 top5=[927,926,926,925,924]kg wall=575s ETA=1529s
  [ 4000/12803] valid=1632 top5=[927,926,926,925,924]kg wall=661s ETA=1455s
  [ 4500/12803] valid=1932 top5=[986,984,984,981,976]kg wall=751s ETA=1387s
  [ 5000/12803] valid=2109 top5=[986,985,984,984,983]kg wall=811s ETA=1266s
  [ 5500/12803] valid=2223 top5=[986,985,984,984,983]kg wall=905s ETA=1202s
  [ 6000/12803] valid=2451 top5=[986,985,984,984,983]kg wall=987s ETA=1119s
  [ 6500/12803] valid=2660 top5=[986,985,984,984,983]kg wall=1076s ETA=1043s
  [ 7000/12803] valid=2944 top5=[1155,1153,1148,1146,1146]kg wall=1158s ETA=960s
  [ 7500/12803] valid=3174 top5=[1155,1153,1148,1146,1146]kg wall=1241s ETA=878s
  [ 8000/12803] valid=3246 top5=[1155,1153,1148,1146,1146]kg wall=1321s ETA=793s
  [ 8500/12803] valid=3290 top5=[1155,1153,1148,1146,1146]kg wall=1409s ETA=713s
  [ 9000/12803] valid=3646 top5=[2207,2205,2204,2193,2189]kg wall=1502s ETA=635s
  [ 9500/12803] valid=4032 top5=[2215,2211,2210,2207,2207]kg wall=1599s ETA=556s
  [10000/12803] valid=4421 top5=[2215,2211,2210,2207,2207]kg wall=1675s ETA=470s
  [10500/12803] valid=4808 top5=[2215,2211,2210,2207,2207]kg wall=1745s ETA=383s
  [11000/12803] valid=5198 top5=[2215,2211,2210,2207,2207]kg wall=1828s ETA=300s
  [11500/12803] valid=5483 top5=[2215,2211,2210,2207,2207]kg wall=1902s ETA=215s
  [12000/12803] valid=5771 top5=[2215,2211,2210,2207,2207]kg wall=1982s ETA=133s
  [12500/12803] valid=6086 top5=[2215,2211,2210,2207,2207]kg wall=2057s ETA=50s

Tier 1 done in 2094s: 6256/12803 valid
