error    libmamba Could not set lock (Resource temporarily unavailable)
warning  libmamba Cannot lock '/home/julian/.cache/mamba/proc'
    Waiting for other mamba process to finish
[ii] n=92103 bank=72204.2930 sel=9110 k_free=1500 block_time=90.0s seed=21
[r10] best=72204.2930 gains=0 vars~2455 t=3s status=OPTIMAL obj_int=11901165
[r20] best=72204.2930 gains=0 vars~2443 t=5s status=OPTIMAL obj_int=11902527
[r30] best=72204.2930 gains=0 vars~2420 t=7s status=OPTIMAL obj_int=11787863
[r40] best=72204.2930 gains=0 vars~2466 t=10s status=OPTIMAL obj_int=11855744
[r50] best=72204.2930 gains=0 vars~2425 t=12s status=OPTIMAL obj_int=11940328
[r60] best=72204.2930 gains=0 vars~2431 t=14s status=OPTIMAL obj_int=12041487
[r70] best=72204.2930 gains=0 vars~2463 t=16s status=OPTIMAL obj_int=11784556
[r80] best=72204.2930 gains=0 vars~2430 t=18s status=OPTIMAL obj_int=11912076
[r90] best=72204.2930 gains=0 vars~2348 t=20s status=OPTIMAL obj_int=11907456
[r100] best=72204.2930 gains=0 vars~2457 t=21s status=OPTIMAL obj_int=11892604
[r110] best=72204.2930 gains=0 vars~2403 t=23s status=OPTIMAL obj_int=11918440
[r120] best=72204.2930 gains=0 vars~2439 t=25s status=OPTIMAL obj_int=11907510
[r130] best=72204.2930 gains=0 vars~2466 t=27s status=OPTIMAL obj_int=11888118
[r140] best=72204.2930 gains=0 vars~2456 t=29s status=OPTIMAL obj_int=11885407
[r150] best=72204.2930 gains=0 vars~2445 t=30s status=OPTIMAL obj_int=11743095
[r160] best=72204.2930 gains=0 vars~2444 t=32s status=OPTIMAL obj_int=11875186
[r170] best=72204.2930 gains=0 vars~2432 t=34s status=OPTIMAL obj_int=11869729
[r180] best=72204.2930 gains=0 vars~2448 t=36s status=OPTIMAL obj_int=11805323
[r190] best=72204.2930 gains=0 vars~2393 t=38s status=OPTIMAL obj_int=11788929
[r200] best=72204.2930 gains=0 vars~2394 t=40s status=OPTIMAL obj_int=11877283
[r210] best=72204.2930 gains=0 vars~2471 t=42s status=OPTIMAL obj_int=12003646
[r220] best=72204.2930 gains=0 vars~2467 t=43s status=OPTIMAL obj_int=11871461
[r230] best=72204.2930 gains=0 vars~2472 t=45s status=OPTIMAL obj_int=11925456
[r240] best=72204.2930 gains=0 vars~2448 t=47s status=OPTIMAL obj_int=11903315
[r250] best=72204.2930 gains=0 vars~2498 t=49s status=OPTIMAL obj_int=11903368
[r260] best=72204.2930 gains=0 vars~2432 t=51s status=OPTIMAL obj_int=11911325
[r270] best=72204.2930 gains=0 vars~2423 t=53s status=OPTIMAL obj_int=11982404
[r280] best=72204.2930 gains=0 vars~2443 t=55s status=OPTIMAL obj_int=11934079
[r290] best=72204.2930 gains=0 vars~2451 t=57s status=OPTIMAL obj_int=11915110
[r300] best=72204.2930 gains=0 vars~2457 t=59s status=OPTIMAL obj_int=11838285
[r310] best=72204.2930 gains=0 vars~2462 t=61s status=OPTIMAL obj_int=11844738
[r320] best=72204.2930 gains=0 vars~2449 t=63s status=OPTIMAL obj_int=11908149
[r330] best=72204.2930 gains=0 vars~2431 t=66s status=OPTIMAL obj_int=11911850
[r340] best=72204.2930 gains=0 vars~2464 t=69s status=OPTIMAL obj_int=11857729
[r350] best=72204.2930 gains=0 vars~2432 t=71s status=OPTIMAL obj_int=11852090
[r360] best=72204.2930 gains=0 vars~2430 t=74s status=OPTIMAL obj_int=11911001
[r370] best=72204.2930 gains=0 vars~2464 t=76s status=OPTIMAL obj_int=11831739
[r380] best=72204.2930 gains=0 vars~2426 t=78s status=OPTIMAL obj_int=11890380
[r390] best=72204.2930 gains=0 vars~2435 t=80s status=OPTIMAL obj_int=11814653
[r400] best=72204.2930 gains=0 vars~2423 t=83s status=OPTIMAL obj_int=11875046
[r410] best=72204.2930 gains=0 vars~2414 t=85s status=OPTIMAL obj_int=11941881
[r420] best=72204.2930 gains=0 vars~2421 t=87s status=OPTIMAL obj_int=11943085
[r430] best=72204.2930 gains=0 vars~2419 t=89s status=OPTIMAL obj_int=11919536
[r440] best=72204.2930 gains=0 vars~2419 t=91s status=OPTIMAL obj_int=11725144
[r450] best=72204.2930 gains=0 vars~2456 t=93s status=OPTIMAL obj_int=11870427
[r460] best=72204.2930 gains=0 vars~2415 t=95s status=OPTIMAL obj_int=11824961
[r470] best=72204.2930 gains=0 vars~2437 t=97s status=OPTIMAL obj_int=11827592
[r480] best=72204.2930 gains=0 vars~2461 t=99s status=OPTIMAL obj_int=11899566
[r490] best=72204.2930 gains=0 vars~2462 t=101s status=OPTIMAL obj_int=11857995
[r500] best=72204.2930 gains=0 vars~2419 t=103s status=OPTIMAL obj_int=11904143
[r510] best=72204.2930 gains=0 vars~2423 t=106s status=OPTIMAL obj_int=11843809
[r520] best=72204.2930 gains=0 vars~2434 t=108s status=OPTIMAL obj_int=11962993
[r530] best=72204.2930 gains=0 vars~2448 t=109s status=OPTIMAL obj_int=11946001
[r540] best=72204.2930 gains=0 vars~2420 t=110s status=OPTIMAL obj_int=11943588
[r550] best=72204.2930 gains=0 vars~2407 t=112s status=OPTIMAL obj_int=11801855
[r560] best=72204.2930 gains=0 vars~2457 t=113s status=OPTIMAL obj_int=11727827
[r570] best=72204.2930 gains=0 vars~2440 t=114s status=OPTIMAL obj_int=11875704
[r580] best=72204.2930 gains=0 vars~2428 t=115s status=OPTIMAL obj_int=11841583
[r590] best=72204.2930 gains=0 vars~2446 t=117s status=OPTIMAL obj_int=11916824
[r600] best=72204.2930 gains=0 vars~2405 t=118s status=OPTIMAL obj_int=12043804
[r610] best=72204.2930 gains=0 vars~2441 t=119s status=OPTIMAL obj_int=11857410
[r620] best=72204.2930 gains=0 vars~2440 t=120s status=OPTIMAL obj_int=11894310
[r630] best=72204.2930 gains=0 vars~2469 t=122s status=OPTIMAL obj_int=11897548
[r640] best=72204.2930 gains=0 vars~2445 t=123s status=OPTIMAL obj_int=11815514
[r650] best=72204.2930 gains=0 vars~2428 t=124s status=OPTIMAL obj_int=11900845
[r660] best=72204.2930 gains=0 vars~2455 t=125s status=OPTIMAL obj_int=11862889
[r670] best=72204.2930 gains=0 vars~2444 t=127s status=OPTIMAL obj_int=11837368
[r680] best=72204.2930 gains=0 vars~2444 t=128s status=OPTIMAL obj_int=11921155
[r690] best=72204.2930 gains=0 vars~2449 t=129s status=OPTIMAL obj_int=11916649
[r700] best=72204.2930 gains=0 vars~2417 t=131s status=OPTIMAL obj_int=11857229
[r710] best=72204.2930 gains=0 vars~2452 t=132s status=OPTIMAL obj_int=11755156
[r720] best=72204.2930 gains=0 vars~2471 t=133s status=OPTIMAL obj_int=11797071
[r730] best=72204.2930 gains=0 vars~2485 t=134s status=OPTIMAL obj_int=11979817
[r740] best=72204.2930 gains=0 vars~2414 t=136s status=OPTIMAL obj_int=11915474
[r750] best=72204.2930 gains=0 vars~2413 t=137s status=OPTIMAL obj_int=11833807
[r760] best=72204.2930 gains=0 vars~2413 t=138s status=OPTIMAL obj_int=11922084
[r770] best=72204.2930 gains=0 vars~2458 t=139s status=OPTIMAL obj_int=11811469
[r780] best=72204.2930 gains=0 vars~2457 t=141s status=OPTIMAL obj_int=11866517
[r790] best=72204.2930 gains=0 vars~2467 t=142s status=OPTIMAL obj_int=12003354
[r800] best=72204.2930 gains=0 vars~2403 t=143s status=OPTIMAL obj_int=11853902
[r810] best=72204.2930 gains=0 vars~2449 t=144s status=OPTIMAL obj_int=11864458
[r820] best=72204.2930 gains=0 vars~2410 t=146s status=OPTIMAL obj_int=11862817
[r830] best=72204.2930 gains=0 vars~2466 t=147s status=OPTIMAL obj_int=11849754
[r840] best=72204.2930 gains=0 vars~2437 t=148s status=OPTIMAL obj_int=11825483
[r850] best=72204.2930 gains=0 vars~2388 t=150s status=OPTIMAL obj_int=11887333
[r860] best=72204.2930 gains=0 vars~2481 t=151s status=OPTIMAL obj_int=11875173
[r870] best=72204.2930 gains=0 vars~2452 t=152s status=OPTIMAL obj_int=11963584
[r880] best=72204.2930 gains=0 vars~2502 t=153s status=OPTIMAL obj_int=11826967
[r890] best=72204.2930 gains=0 vars~2411 t=155s status=OPTIMAL obj_int=11814109
[r900] best=72204.2930 gains=0 vars~2479 t=156s status=OPTIMAL obj_int=11817547
[r910] best=72204.2930 gains=0 vars~2425 t=157s status=OPTIMAL obj_int=11974415
[r920] best=72204.2930 gains=0 vars~2411 t=158s status=OPTIMAL obj_int=11845137
[r930] best=72204.2930 gains=0 vars~2426 t=160s status=OPTIMAL obj_int=11900457
[r940] best=72204.2930 gains=0 vars~2492 t=161s status=OPTIMAL obj_int=12047584
[r950] best=72204.2930 gains=0 vars~2414 t=162s status=OPTIMAL obj_int=11924301
[r960] best=72204.2930 gains=0 vars~2450 t=163s status=OPTIMAL obj_int=11850443
[r970] best=72204.2930 gains=0 vars~2389 t=165s status=OPTIMAL obj_int=11947328
[r980] best=72204.2930 gains=0 vars~2471 t=166s status=OPTIMAL obj_int=11963737
[r990] best=72204.2930 gains=0 vars~2428 t=167s status=OPTIMAL obj_int=11932373
[r1000] best=72204.2930 gains=0 vars~2443 t=169s status=OPTIMAL obj_int=12024500
[r1010] best=72204.2930 gains=0 vars~2393 t=170s status=OPTIMAL obj_int=11770038
[r1020] best=72204.2930 gains=0 vars~2404 t=171s status=OPTIMAL obj_int=11925689
[r1030] best=72204.2930 gains=0 vars~2435 t=173s status=OPTIMAL obj_int=11895424
[r1040] best=72204.2930 gains=0 vars~2458 t=174s status=OPTIMAL obj_int=11887231
[r1050] best=72204.2930 gains=0 vars~2501 t=175s status=OPTIMAL obj_int=11851881
[r1060] best=72204.2930 gains=0 vars~2468 t=176s status=OPTIMAL obj_int=11975692
[r1070] best=72204.2930 gains=0 vars~2425 t=178s status=OPTIMAL obj_int=11771578
[r1080] best=72204.2930 gains=0 vars~2457 t=179s status=OPTIMAL obj_int=11968843
[r1090] best=72204.2930 gains=0 vars~2425 t=180s status=OPTIMAL obj_int=11930392
[r1100] best=72204.2930 gains=0 vars~2464 t=181s status=OPTIMAL obj_int=12002802
[r1110] best=72204.2930 gains=0 vars~2445 t=183s status=OPTIMAL obj_int=11922767
[r1120] best=72204.2930 gains=0 vars~2421 t=184s status=OPTIMAL obj_int=11864056
[r1130] best=72204.2930 gains=0 vars~2443 t=185s status=OPTIMAL obj_int=11869015
[r1140] best=72204.2930 gains=0 vars~2464 t=187s status=OPTIMAL obj_int=11954269
[r1150] best=72204.2930 gains=0 vars~2449 t=188s status=OPTIMAL obj_int=11835745
[r1160] best=72204.2930 gains=0 vars~2450 t=189s status=OPTIMAL obj_int=11729620
[r1170] best=72204.2930 gains=0 vars~2425 t=190s status=OPTIMAL obj_int=11852458
[r1180] best=72204.2930 gains=0 vars~2428 t=192s status=OPTIMAL obj_int=11888213
[r1190] best=72204.2930 gains=0 vars~2446 t=193s status=OPTIMAL obj_int=11954743
[r1200] best=72204.2930 gains=0 vars~2460 t=194s status=OPTIMAL obj_int=11920376
[r1210] best=72204.2930 gains=0 vars~2407 t=195s status=OPTIMAL obj_int=11921371
[r1220] best=72204.2930 gains=0 vars~2443 t=197s status=OPTIMAL obj_int=11868737
[r1230] best=72204.2930 gains=0 vars~2443 t=198s status=OPTIMAL obj_int=11947759
[r1240] best=72204.2930 gains=0 vars~2441 t=199s status=OPTIMAL obj_int=11913468
[r1250] best=72204.2930 gains=0 vars~2435 t=201s status=OPTIMAL obj_int=11942713
[r1260] best=72204.2930 gains=0 vars~2454 t=202s status=OPTIMAL obj_int=11886582
[r1270] best=72204.2930 gains=0 vars~2480 t=203s status=OPTIMAL obj_int=11859297
[r1280] best=72204.2930 gains=0 vars~2412 t=204s status=OPTIMAL obj_int=11949524
[r1290] best=72204.2930 gains=0 vars~2371 t=206s status=OPTIMAL obj_int=11807662
[r1300] best=72204.2930 gains=0 vars~2407 t=207s status=OPTIMAL obj_int=11794718
[r1310] best=72204.2930 gains=0 vars~2494 t=208s status=OPTIMAL obj_int=11861864
[r1320] best=72204.2930 gains=0 vars~2393 t=209s status=OPTIMAL obj_int=11887265
[r1330] best=72204.2930 gains=0 vars~2402 t=211s status=OPTIMAL obj_int=11964585
[r1340] best=72204.2930 gains=0 vars~2471 t=212s status=OPTIMAL obj_int=11943436
[r1350] best=72204.2930 gains=0 vars~2431 t=213s status=OPTIMAL obj_int=11975790
[r1360] best=72204.2930 gains=0 vars~2391 t=214s status=OPTIMAL obj_int=11839410
[r1370] best=72204.2930 gains=0 vars~2429 t=216s status=OPTIMAL obj_int=11850288
[r1380] best=72204.2930 gains=0 vars~2460 t=217s status=OPTIMAL obj_int=11830851
[r1390] best=72204.2930 gains=0 vars~2460 t=218s status=OPTIMAL obj_int=11852676
[r1400] best=72204.2930 gains=0 vars~2510 t=220s status=OPTIMAL obj_int=11908551
[r1410] best=72204.2930 gains=0 vars~2431 t=221s status=OPTIMAL obj_int=11937652
[r1420] best=72204.2930 gains=0 vars~2446 t=222s status=OPTIMAL obj_int=11717283
[r1430] best=72204.2930 gains=0 vars~2447 t=223s status=OPTIMAL obj_int=11850856
[r1440] best=72204.2930 gains=0 vars~2469 t=225s status=OPTIMAL obj_int=11863045
[r1450] best=72204.2930 gains=0 vars~2431 t=226s status=OPTIMAL obj_int=11860567
[r1460] best=72204.2930 gains=0 vars~2446 t=227s status=OPTIMAL obj_int=11817898
[r1470] best=72204.2930 gains=0 vars~2452 t=228s status=OPTIMAL obj_int=11857058
[r1480] best=72204.2930 gains=0 vars~2405 t=230s status=OPTIMAL obj_int=11933930
[r1490] best=72204.2930 gains=0 vars~2455 t=231s status=OPTIMAL obj_int=11917434
[r1500] best=72204.2930 gains=0 vars~2399 t=232s status=OPTIMAL obj_int=11826603
[r1510] best=72204.2930 gains=0 vars~2436 t=233s status=OPTIMAL obj_int=11870454
[r1520] best=72204.2930 gains=0 vars~2421 t=235s status=OPTIMAL obj_int=12063732
[r1530] best=72204.2930 gains=0 vars~2456 t=236s status=OPTIMAL obj_int=11884015
[r1540] best=72204.2930 gains=0 vars~2398 t=237s status=OPTIMAL obj_int=11891453
[r1550] best=72204.2930 gains=0 vars~2412 t=238s status=OPTIMAL obj_int=11942806
[r1560] best=72204.2930 gains=0 vars~2437 t=240s status=OPTIMAL obj_int=11994772
[r1570] best=72204.2930 gains=0 vars~2447 t=241s status=OPTIMAL obj_int=11818961
[r1580] best=72204.2930 gains=0 vars~2469 t=242s status=OPTIMAL obj_int=11913791
[r1590] best=72204.2930 gains=0 vars~2436 t=243s status=OPTIMAL obj_int=11835138
[r1600] best=72204.2930 gains=0 vars~2451 t=245s status=OPTIMAL obj_int=11832578
[r1610] best=72204.2930 gains=0 vars~2466 t=246s status=OPTIMAL obj_int=11971882
[r1620] best=72204.2930 gains=0 vars~2488 t=247s status=OPTIMAL obj_int=11977248
[r1630] best=72204.2930 gains=0 vars~2452 t=248s status=OPTIMAL obj_int=11881459
[r1640] best=72204.2930 gains=0 vars~2407 t=250s status=OPTIMAL obj_int=11914486
[r1650] best=72204.2930 gains=0 vars~2429 t=251s status=OPTIMAL obj_int=11890872
[r1660] best=72204.2930 gains=0 vars~2487 t=252s status=OPTIMAL obj_int=11816470
[r1670] best=72204.2930 gains=0 vars~2508 t=253s status=OPTIMAL obj_int=11848056
[r1680] best=72204.2930 gains=0 vars~2466 t=255s status=OPTIMAL obj_int=11921266
[r1690] best=72204.2930 gains=0 vars~2421 t=256s status=OPTIMAL obj_int=11905721
[r1700] best=72204.2930 gains=0 vars~2480 t=257s status=OPTIMAL obj_int=11900569
[r1710] best=72204.2930 gains=0 vars~2468 t=258s status=OPTIMAL obj_int=11961523
[r1720] best=72204.2930 gains=0 vars~2492 t=260s status=OPTIMAL obj_int=11910890
[r1730] best=72204.2930 gains=0 vars~2378 t=261s status=OPTIMAL obj_int=11779366
[r1740] best=72204.2930 gains=0 vars~2422 t=262s status=OPTIMAL obj_int=11747726
[r1750] best=72204.2930 gains=0 vars~2458 t=263s status=OPTIMAL obj_int=11964029
[r1760] best=72204.2930 gains=0 vars~2442 t=265s status=OPTIMAL obj_int=11904498
[r1770] best=72204.2930 gains=0 vars~2416 t=266s status=OPTIMAL obj_int=11815718
[r1780] best=72204.2930 gains=0 vars~2490 t=267s status=OPTIMAL obj_int=11837453
[r1790] best=72204.2930 gains=0 vars~2459 t=268s status=OPTIMAL obj_int=11897451
[r1800] best=72204.2930 gains=0 vars~2452 t=270s status=OPTIMAL obj_int=11823003
[r1810] best=72204.2930 gains=0 vars~2476 t=271s status=OPTIMAL obj_int=11822017
[r1820] best=72204.2930 gains=0 vars~2469 t=272s status=OPTIMAL obj_int=11886277
[r1830] best=72204.2930 gains=0 vars~2343 t=273s status=OPTIMAL obj_int=11858887
[r1840] best=72204.2930 gains=0 vars~2463 t=275s status=OPTIMAL obj_int=11912505
[r1850] best=72204.2930 gains=0 vars~2506 t=276s status=OPTIMAL obj_int=11868583
[r1860] best=72204.2930 gains=0 vars~2491 t=277s status=OPTIMAL obj_int=11898763
[r1870] best=72204.2930 gains=0 vars~2444 t=278s status=OPTIMAL obj_int=11910710
[r1880] best=72204.2930 gains=0 vars~2412 t=280s status=OPTIMAL obj_int=11942212
[r1890] best=72204.2930 gains=0 vars~2427 t=281s status=OPTIMAL obj_int=11905064
[r1900] best=72204.2930 gains=0 vars~2407 t=282s status=OPTIMAL obj_int=11842426
[r1910] best=72204.2930 gains=0 vars~2464 t=283s status=OPTIMAL obj_int=11854201
[r1920] best=72204.2930 gains=0 vars~2428 t=285s status=OPTIMAL obj_int=11834884
[r1930] best=72204.2930 gains=0 vars~2477 t=286s status=OPTIMAL obj_int=11993302
[r1940] best=72204.2930 gains=0 vars~2444 t=287s status=OPTIMAL obj_int=11860343
[r1950] best=72204.2930 gains=0 vars~2360 t=288s status=OPTIMAL obj_int=11886619
[r1960] best=72204.2930 gains=0 vars~2437 t=290s status=OPTIMAL obj_int=11896669
[r1970] best=72204.2930 gains=0 vars~2453 t=291s status=OPTIMAL obj_int=11990821
[r1980] best=72204.2930 gains=0 vars~2440 t=292s status=OPTIMAL obj_int=11908936
[r1990] best=72204.2930 gains=0 vars~2398 t=293s status=OPTIMAL obj_int=12039987
[r2000] best=72204.2930 gains=0 vars~2445 t=295s status=OPTIMAL obj_int=11899465
[r2010] best=72204.2930 gains=0 vars~2478 t=296s status=OPTIMAL obj_int=11883989
[r2020] best=72204.2930 gains=0 vars~2427 t=297s status=OPTIMAL obj_int=11970072
[r2030] best=72204.2930 gains=0 vars~2435 t=298s status=OPTIMAL obj_int=11913903
[r2040] best=72204.2930 gains=0 vars~2430 t=300s status=OPTIMAL obj_int=11887973
[r2050] best=72204.2930 gains=0 vars~2424 t=301s status=OPTIMAL obj_int=11896113
[r2060] best=72204.2930 gains=0 vars~2448 t=302s status=OPTIMAL obj_int=11946242
[r2070] best=72204.2930 gains=0 vars~2337 t=303s status=OPTIMAL obj_int=11981100
[r2080] best=72204.2930 gains=0 vars~2454 t=305s status=OPTIMAL obj_int=11891650
[r2090] best=72204.2930 gains=0 vars~2472 t=306s status=OPTIMAL obj_int=11906223
[r2100] best=72204.2930 gains=0 vars~2444 t=307s status=OPTIMAL obj_int=11841022
[r2110] best=72204.2930 gains=0 vars~2492 t=308s status=OPTIMAL obj_int=12018570
[r2120] best=72204.2930 gains=0 vars~2416 t=310s status=OPTIMAL obj_int=11953134
[r2130] best=72204.2930 gains=0 vars~2465 t=311s status=OPTIMAL obj_int=11802351
[r2140] best=72204.2930 gains=0 vars~2431 t=312s status=OPTIMAL obj_int=11817082
[r2150] best=72204.2930 gains=0 vars~2444 t=313s status=OPTIMAL obj_int=11925765
[r2160] best=72204.2930 gains=0 vars~2429 t=315s status=OPTIMAL obj_int=11947256
[r2170] best=72204.2930 gains=0 vars~2372 t=316s status=OPTIMAL obj_int=11805765
[r2180] best=72204.2930 gains=0 vars~2440 t=317s status=OPTIMAL obj_int=11987085
[r2190] best=72204.2930 gains=0 vars~2442 t=319s status=OPTIMAL obj_int=11852463
[r2200] best=72204.2930 gains=0 vars~2451 t=320s status=OPTIMAL obj_int=11856540
[r2210] best=72204.2930 gains=0 vars~2465 t=321s status=OPTIMAL obj_int=11965104
[r2220] best=72204.2930 gains=0 vars~2402 t=322s status=OPTIMAL obj_int=11870446
[r2230] best=72204.2930 gains=0 vars~2493 t=324s status=OPTIMAL obj_int=12022318
[r2240] best=72204.2930 gains=0 vars~2437 t=325s status=OPTIMAL obj_int=12026202
[r2250] best=72204.2930 gains=0 vars~2482 t=326s status=OPTIMAL obj_int=11886565
[r2260] best=72204.2930 gains=0 vars~2442 t=327s status=OPTIMAL obj_int=11962031
[r2270] best=72204.2930 gains=0 vars~2450 t=328s status=OPTIMAL obj_int=11957939
[r2280] best=72204.2930 gains=0 vars~2490 t=330s status=OPTIMAL obj_int=11852557
[r2290] best=72204.2930 gains=0 vars~2393 t=331s status=OPTIMAL obj_int=11897926
[r2300] best=72204.2930 gains=0 vars~2469 t=332s status=OPTIMAL obj_int=11938337
[r2310] best=72204.2930 gains=0 vars~2450 t=333s status=OPTIMAL obj_int=11857134
[r2320] best=72204.2930 gains=0 vars~2410 t=335s status=OPTIMAL obj_int=11946099
[r2330] best=72204.2930 gains=0 vars~2423 t=336s status=OPTIMAL obj_int=11976951
[r2340] best=72204.2930 gains=0 vars~2468 t=337s status=OPTIMAL obj_int=11919326
[r2350] best=72204.2930 gains=0 vars~2446 t=339s status=OPTIMAL obj_int=11749768
[r2360] best=72204.2930 gains=0 vars~2432 t=340s status=OPTIMAL obj_int=11886404
[r2370] best=72204.2930 gains=0 vars~2413 t=341s status=OPTIMAL obj_int=11847628
[r2380] best=72204.2930 gains=0 vars~2482 t=342s status=OPTIMAL obj_int=11960116
[r2390] best=72204.2930 gains=0 vars~2438 t=344s status=OPTIMAL obj_int=11929180
[r2400] best=72204.2930 gains=0 vars~2438 t=345s status=OPTIMAL obj_int=11903680
[r2410] best=72204.2930 gains=0 vars~2414 t=346s status=OPTIMAL obj_int=11902843
[r2420] best=72204.2930 gains=0 vars~2417 t=347s status=OPTIMAL obj_int=11794749
[r2430] best=72204.2930 gains=0 vars~2383 t=349s status=OPTIMAL obj_int=11901036
[r2440] best=72204.2930 gains=0 vars~2468 t=350s status=OPTIMAL obj_int=11840376
[r2450] best=72204.2930 gains=0 vars~2454 t=351s status=OPTIMAL obj_int=11912104
[r2460] best=72204.2930 gains=0 vars~2396 t=352s status=OPTIMAL obj_int=11881931
[r2470] best=72204.2930 gains=0 vars~2411 t=354s status=OPTIMAL obj_int=11828684
[r2480] best=72204.2930 gains=0 vars~2419 t=355s status=OPTIMAL obj_int=11868468
[r2490] best=72204.2930 gains=0 vars~2498 t=356s status=OPTIMAL obj_int=11924586
[r2500] best=72204.2930 gains=0 vars~2428 t=357s status=OPTIMAL obj_int=11970730
[r2510] best=72204.2930 gains=0 vars~2419 t=359s status=OPTIMAL obj_int=11889458
[r2520] best=72204.2930 gains=0 vars~2440 t=360s status=OPTIMAL obj_int=11875234
[r2530] best=72204.2930 gains=0 vars~2449 t=361s status=OPTIMAL obj_int=11881518
[r2540] best=72204.2930 gains=0 vars~2452 t=363s status=OPTIMAL obj_int=11781675
[r2550] best=72204.2930 gains=0 vars~2414 t=364s status=OPTIMAL obj_int=11899589
[r2560] best=72204.2930 gains=0 vars~2470 t=365s status=OPTIMAL obj_int=11909442
[r2570] best=72204.2930 gains=0 vars~2405 t=366s status=OPTIMAL obj_int=11786719
[r2580] best=72204.2930 gains=0 vars~2436 t=368s status=OPTIMAL obj_int=11820116
[r2590] best=72204.2930 gains=0 vars~2438 t=369s status=OPTIMAL obj_int=11872684
[r2600] best=72204.2930 gains=0 vars~2466 t=370s status=OPTIMAL obj_int=11892078
[r2610] best=72204.2930 gains=0 vars~2396 t=371s status=OPTIMAL obj_int=11768503
[r2620] best=72204.2930 gains=0 vars~2400 t=373s status=OPTIMAL obj_int=11792505
[r2630] best=72204.2930 gains=0 vars~2439 t=374s status=OPTIMAL obj_int=11882270
[r2640] best=72204.2930 gains=0 vars~2369 t=375s status=OPTIMAL obj_int=11921567
[r2650] best=72204.2930 gains=0 vars~2431 t=376s status=OPTIMAL obj_int=11827494
[r2660] best=72204.2930 gains=0 vars~2435 t=377s status=OPTIMAL obj_int=11902339
[r2670] best=72204.2930 gains=0 vars~2495 t=379s status=OPTIMAL obj_int=11885798
[r2680] best=72204.2930 gains=0 vars~2393 t=380s status=OPTIMAL obj_int=11878276
[r2690] best=72204.2930 gains=0 vars~2474 t=381s status=OPTIMAL obj_int=11959758
[r2700] best=72204.2930 gains=0 vars~2389 t=382s status=OPTIMAL obj_int=11930365
[r2710] best=72204.2930 gains=0 vars~2417 t=384s status=OPTIMAL obj_int=11851885
[r2720] best=72204.2930 gains=0 vars~2441 t=385s status=OPTIMAL obj_int=11953699
[r2730] best=72204.2930 gains=0 vars~2435 t=386s status=OPTIMAL obj_int=11928020
[r2740] best=72204.2930 gains=0 vars~2422 t=388s status=OPTIMAL obj_int=11902315
[r2750] best=72204.2930 gains=0 vars~2436 t=389s status=OPTIMAL obj_int=11860584
[r2760] best=72204.2930 gains=0 vars~2421 t=390s status=OPTIMAL obj_int=11802424
[r2770] best=72204.2930 gains=0 vars~2401 t=391s status=OPTIMAL obj_int=11861812
[r2780] best=72204.2930 gains=0 vars~2491 t=393s status=OPTIMAL obj_int=11925387
[r2790] best=72204.2930 gains=0 vars~2419 t=394s status=OPTIMAL obj_int=11906928
[r2800] best=72204.2930 gains=0 vars~2467 t=395s status=OPTIMAL obj_int=11936025
[r2810] best=72204.2930 gains=0 vars~2413 t=396s status=OPTIMAL obj_int=11960357
[r2820] best=72204.2930 gains=0 vars~2473 t=398s status=OPTIMAL obj_int=11879549
[r2830] best=72204.2930 gains=0 vars~2477 t=399s status=OPTIMAL obj_int=11851587
[r2840] best=72204.2930 gains=0 vars~2435 t=400s status=OPTIMAL obj_int=11907584
[r2850] best=72204.2930 gains=0 vars~2451 t=401s status=OPTIMAL obj_int=11884224
[r2860] best=72204.2930 gains=0 vars~2483 t=403s status=OPTIMAL obj_int=11893114
[r2870] best=72204.2930 gains=0 vars~2408 t=404s status=OPTIMAL obj_int=11863978
[r2880] best=72204.2930 gains=0 vars~2421 t=405s status=OPTIMAL obj_int=11796145
[r2890] best=72204.2930 gains=0 vars~2448 t=407s status=OPTIMAL obj_int=11891636
[r2900] best=72204.2930 gains=0 vars~2445 t=408s status=OPTIMAL obj_int=11867219
[r2910] best=72204.2930 gains=0 vars~2448 t=409s status=OPTIMAL obj_int=11896966
[r2920] best=72204.2930 gains=0 vars~2459 t=410s status=OPTIMAL obj_int=11939320
[r2930] best=72204.2930 gains=0 vars~2464 t=412s status=OPTIMAL obj_int=11879783
[r2940] best=72204.2930 gains=0 vars~2455 t=413s status=OPTIMAL obj_int=11947180
[r2950] best=72204.2930 gains=0 vars~2374 t=414s status=OPTIMAL obj_int=11879572
[r2960] best=72204.2930 gains=0 vars~2445 t=415s status=OPTIMAL obj_int=11933548
[r2970] best=72204.2930 gains=0 vars~2479 t=417s status=OPTIMAL obj_int=11968381
[r2980] best=72204.2930 gains=0 vars~2379 t=418s status=OPTIMAL obj_int=11825098
[r2990] best=72204.2930 gains=0 vars~2472 t=419s status=OPTIMAL obj_int=11875144
[r3000] best=72204.2930 gains=0 vars~2425 t=420s status=OPTIMAL obj_int=11815993
[r3010] best=72204.2930 gains=0 vars~2421 t=422s status=OPTIMAL obj_int=11870573
[r3020] best=72204.2930 gains=0 vars~2427 t=423s status=OPTIMAL obj_int=11836481
[r3030] best=72204.2930 gains=0 vars~2439 t=424s status=OPTIMAL obj_int=11943778
[r3040] best=72204.2930 gains=0 vars~2506 t=425s status=OPTIMAL obj_int=11956006
[r3050] best=72204.2930 gains=0 vars~2465 t=427s status=OPTIMAL obj_int=11717451
[r3060] best=72204.2930 gains=0 vars~2440 t=428s status=OPTIMAL obj_int=11912859
[r3070] best=72204.2930 gains=0 vars~2376 t=429s status=OPTIMAL obj_int=11942154
[r3080] best=72204.2930 gains=0 vars~2479 t=430s status=OPTIMAL obj_int=11804838
[r3090] best=72204.2930 gains=0 vars~2451 t=432s status=OPTIMAL obj_int=11821726
[r3100] best=72204.2930 gains=0 vars~2415 t=433s status=OPTIMAL obj_int=11869318
[r3110] best=72204.2930 gains=0 vars~2411 t=434s status=OPTIMAL obj_int=11942283
[r3120] best=72204.2930 gains=0 vars~2373 t=436s status=OPTIMAL obj_int=12041105
[r3130] best=72204.2930 gains=0 vars~2431 t=437s status=OPTIMAL obj_int=11817621
[r3140] best=72204.2930 gains=0 vars~2431 t=438s status=OPTIMAL obj_int=11968532
[r3150] best=72204.2930 gains=0 vars~2443 t=439s status=OPTIMAL obj_int=11832859
[r3160] best=72204.2930 gains=0 vars~2480 t=441s status=OPTIMAL obj_int=11872490
[r3170] best=72204.2930 gains=0 vars~2468 t=442s status=OPTIMAL obj_int=11908146
[r3180] best=72204.2930 gains=0 vars~2459 t=443s status=OPTIMAL obj_int=11837819
[r3190] best=72204.2930 gains=0 vars~2466 t=444s status=OPTIMAL obj_int=11882116
[r3200] best=72204.2930 gains=0 vars~2446 t=446s status=OPTIMAL obj_int=11837961
[r3210] best=72204.2930 gains=0 vars~2443 t=447s status=OPTIMAL obj_int=11869580
[r3220] best=72204.2930 gains=0 vars~2430 t=448s status=OPTIMAL obj_int=12032222
[r3230] best=72204.2930 gains=0 vars~2454 t=449s status=OPTIMAL obj_int=11914997
[r3240] best=72204.2930 gains=0 vars~2458 t=451s status=OPTIMAL obj_int=11950424
[r3250] best=72204.2930 gains=0 vars~2438 t=452s status=OPTIMAL obj_int=11791827
[r3260] best=72204.2930 gains=0 vars~2489 t=453s status=OPTIMAL obj_int=11930827
[r3270] best=72204.2930 gains=0 vars~2452 t=454s status=OPTIMAL obj_int=11915256
[r3280] best=72204.2930 gains=0 vars~2420 t=456s status=OPTIMAL obj_int=11783953
[r3290] best=72204.2930 gains=0 vars~2454 t=457s status=OPTIMAL obj_int=11829392
[r3300] best=72204.2930 gains=0 vars~2441 t=458s status=OPTIMAL obj_int=11808608
[r3310] best=72204.2930 gains=0 vars~2429 t=459s status=OPTIMAL obj_int=11965706
[r3320] best=72204.2930 gains=0 vars~2406 t=461s status=OPTIMAL obj_int=11920998
[r3330] best=72204.2930 gains=0 vars~2363 t=462s status=OPTIMAL obj_int=11879865
[r3340] best=72204.2930 gains=0 vars~2439 t=463s status=OPTIMAL obj_int=11907779
[r3350] best=72204.2930 gains=0 vars~2393 t=464s status=OPTIMAL obj_int=11970690
[r3360] best=72204.2930 gains=0 vars~2417 t=466s status=OPTIMAL obj_int=11999015
[r3370] best=72204.2930 gains=0 vars~2495 t=467s status=OPTIMAL obj_int=11830678
[r3380] best=72204.2930 gains=0 vars~2429 t=468s status=OPTIMAL obj_int=11835627
[r3390] best=72204.2930 gains=0 vars~2441 t=469s status=OPTIMAL obj_int=11958152
[r3400] best=72204.2930 gains=0 vars~2441 t=471s status=OPTIMAL obj_int=11836405
[r3410] best=72204.2930 gains=0 vars~2464 t=472s status=OPTIMAL obj_int=11876344
[r3420] best=72204.2930 gains=0 vars~2432 t=473s status=OPTIMAL obj_int=11865017
[r3430] best=72204.2930 gains=0 vars~2376 t=474s status=OPTIMAL obj_int=11906474
[r3440] best=72204.2930 gains=0 vars~2433 t=476s status=OPTIMAL obj_int=11896135
[r3450] best=72204.2930 gains=0 vars~2414 t=477s status=OPTIMAL obj_int=11905339
[r3460] best=72204.2930 gains=0 vars~2425 t=478s status=OPTIMAL obj_int=11784893
[r3470] best=72204.2930 gains=0 vars~2422 t=479s status=OPTIMAL obj_int=11906044
[r3480] best=72204.2930 gains=0 vars~2446 t=481s status=OPTIMAL obj_int=11932139
[r3490] best=72204.2930 gains=0 vars~2467 t=482s status=OPTIMAL obj_int=11941026
[r3500] best=72204.2930 gains=0 vars~2471 t=483s status=OPTIMAL obj_int=11947142
[r3510] best=72204.2930 gains=0 vars~2438 t=485s status=OPTIMAL obj_int=11877396
[r3520] best=72204.2930 gains=0 vars~2419 t=486s status=OPTIMAL obj_int=11834965
[r3530] best=72204.2930 gains=0 vars~2440 t=487s status=OPTIMAL obj_int=11953922
[r3540] best=72204.2930 gains=0 vars~2428 t=489s status=OPTIMAL obj_int=11974867
[r3550] best=72204.2930 gains=0 vars~2411 t=490s status=OPTIMAL obj_int=11890581
[r3560] best=72204.2930 gains=0 vars~2445 t=491s status=OPTIMAL obj_int=12011937
[r3570] best=72204.2930 gains=0 vars~2426 t=492s status=OPTIMAL obj_int=11795509
[r3580] best=72204.2930 gains=0 vars~2450 t=494s status=OPTIMAL obj_int=11963432
[r3590] best=72204.2930 gains=0 vars~2432 t=495s status=OPTIMAL obj_int=11898816
[r3600] best=72204.2930 gains=0 vars~2480 t=496s status=OPTIMAL obj_int=11875614
[r3610] best=72204.2930 gains=0 vars~2443 t=497s status=OPTIMAL obj_int=11905956
[r3620] best=72204.2930 gains=0 vars~2428 t=499s status=OPTIMAL obj_int=11980559
[r3630] best=72204.2930 gains=0 vars~2407 t=500s status=OPTIMAL obj_int=11703822
[r3640] best=72204.2930 gains=0 vars~2444 t=501s status=OPTIMAL obj_int=11851628
[r3650] best=72204.2930 gains=0 vars~2410 t=502s status=OPTIMAL obj_int=11829702
[r3660] best=72204.2930 gains=0 vars~2454 t=504s status=OPTIMAL obj_int=11926575
[r3670] best=72204.2930 gains=0 vars~2467 t=505s status=OPTIMAL obj_int=11963881
[r3680] best=72204.2930 gains=0 vars~2425 t=506s status=OPTIMAL obj_int=12017057
[r3690] best=72204.2930 gains=0 vars~2355 t=508s status=OPTIMAL obj_int=11837960
[r3700] best=72204.2930 gains=0 vars~2470 t=509s status=OPTIMAL obj_int=11858951
[r3710] best=72204.2930 gains=0 vars~2487 t=510s status=OPTIMAL obj_int=11854453
[r3720] best=72204.2930 gains=0 vars~2455 t=511s status=OPTIMAL obj_int=11824976
[r3730] best=72204.2930 gains=0 vars~2447 t=512s status=OPTIMAL obj_int=11886556
[r3740] best=72204.2930 gains=0 vars~2443 t=514s status=OPTIMAL obj_int=11955697
[r3750] best=72204.2930 gains=0 vars~2416 t=515s status=OPTIMAL obj_int=11978259
[r3760] best=72204.2930 gains=0 vars~2392 t=516s status=OPTIMAL obj_int=11849407
[r3770] best=72204.2930 gains=0 vars~2436 t=517s status=OPTIMAL obj_int=11975236
[r3780] best=72204.2930 gains=0 vars~2457 t=519s status=OPTIMAL obj_int=11862814
[r3790] best=72204.2930 gains=0 vars~2419 t=520s status=OPTIMAL obj_int=11805298
[r3800] best=72204.2930 gains=0 vars~2441 t=521s status=OPTIMAL obj_int=11880061
[r3810] best=72204.2930 gains=0 vars~2410 t=522s status=OPTIMAL obj_int=11886951
[r3820] best=72204.2930 gains=0 vars~2397 t=524s status=OPTIMAL obj_int=11843210
[r3830] best=72204.2930 gains=0 vars~2426 t=525s status=OPTIMAL obj_int=11928526
[r3840] best=72204.2930 gains=0 vars~2437 t=526s status=OPTIMAL obj_int=11871646
[r3850] best=72204.2930 gains=0 vars~2448 t=527s status=OPTIMAL obj_int=11778826
[r3860] best=72204.2930 gains=0 vars~2415 t=529s status=OPTIMAL obj_int=11820910
[r3870] best=72204.2930 gains=0 vars~2459 t=530s status=OPTIMAL obj_int=11936335
[r3880] best=72204.2930 gains=0 vars~2439 t=531s status=OPTIMAL obj_int=11995340
[r3890] best=72204.2930 gains=0 vars~2462 t=532s status=OPTIMAL obj_int=11923978
[r3900] best=72204.2930 gains=0 vars~2443 t=534s status=OPTIMAL obj_int=11872132
[r3910] best=72204.2930 gains=0 vars~2388 t=535s status=OPTIMAL obj_int=11814351
[r3920] best=72204.2930 gains=0 vars~2444 t=536s status=OPTIMAL obj_int=11964608
[r3930] best=72204.2930 gains=0 vars~2452 t=537s status=OPTIMAL obj_int=11842151
[r3940] best=72204.2930 gains=0 vars~2492 t=539s status=OPTIMAL obj_int=11912710
[r3950] best=72204.2930 gains=0 vars~2484 t=540s status=OPTIMAL obj_int=11929323
[r3960] best=72204.2930 gains=0 vars~2367 t=541s status=OPTIMAL obj_int=11796262
[r3970] best=72204.2930 gains=0 vars~2387 t=542s status=OPTIMAL obj_int=11813346
[r3980] best=72204.2930 gains=0 vars~2417 t=544s status=OPTIMAL obj_int=11842386
[r3990] best=72204.2930 gains=0 vars~2379 t=545s status=OPTIMAL obj_int=11806797
[r4000] best=72204.2930 gains=0 vars~2404 t=546s status=OPTIMAL obj_int=11810284
[r4010] best=72204.2930 gains=0 vars~2506 t=547s status=OPTIMAL obj_int=11877662
[r4020] best=72204.2930 gains=0 vars~2447 t=549s status=OPTIMAL obj_int=11866866
[r4030] best=72204.2930 gains=0 vars~2427 t=550s status=OPTIMAL obj_int=11839825
[r4040] best=72204.2930 gains=0 vars~2421 t=551s status=OPTIMAL obj_int=11902984
[r4050] best=72204.2930 gains=0 vars~2430 t=552s status=OPTIMAL obj_int=11978709
[r4060] best=72204.2930 gains=0 vars~2453 t=554s status=OPTIMAL obj_int=11989942
[r4070] best=72204.2930 gains=0 vars~2478 t=555s status=OPTIMAL obj_int=12012676
[r4080] best=72204.2930 gains=0 vars~2409 t=556s status=OPTIMAL obj_int=11717165
[r4090] best=72204.2930 gains=0 vars~2382 t=557s status=OPTIMAL obj_int=11933773
[r4100] best=72204.2930 gains=0 vars~2467 t=559s status=OPTIMAL obj_int=11871338
[r4110] best=72204.2930 gains=0 vars~2439 t=560s status=OPTIMAL obj_int=11873025
[r4120] best=72204.2930 gains=0 vars~2446 t=561s status=OPTIMAL obj_int=11851147
[r4130] best=72204.2930 gains=0 vars~2510 t=562s status=OPTIMAL obj_int=11933725
[r4140] best=72204.2930 gains=0 vars~2388 t=564s status=OPTIMAL obj_int=11894370
[r4150] best=72204.2930 gains=0 vars~2439 t=565s status=OPTIMAL obj_int=11992202
[r4160] best=72204.2930 gains=0 vars~2484 t=566s status=OPTIMAL obj_int=11866930
[r4170] best=72204.2930 gains=0 vars~2449 t=567s status=OPTIMAL obj_int=11906046
[r4180] best=72204.2930 gains=0 vars~2440 t=569s status=OPTIMAL obj_int=11946224
[r4190] best=72204.2930 gains=0 vars~2511 t=570s status=OPTIMAL obj_int=11921424
[r4200] best=72204.2930 gains=0 vars~2408 t=571s status=OPTIMAL obj_int=11893036
[r4210] best=72204.2930 gains=0 vars~2456 t=573s status=OPTIMAL obj_int=11900708
[r4220] best=72204.2930 gains=0 vars~2414 t=574s status=OPTIMAL obj_int=11847974
[r4230] best=72204.2930 gains=0 vars~2426 t=575s status=OPTIMAL obj_int=11940887
[r4240] best=72204.2930 gains=0 vars~2440 t=576s status=OPTIMAL obj_int=11998645
[r4250] best=72204.2930 gains=0 vars~2484 t=578s status=OPTIMAL obj_int=11840929
[r4260] best=72204.2930 gains=0 vars~2478 t=579s status=OPTIMAL obj_int=11839573
[r4270] best=72204.2930 gains=0 vars~2449 t=580s status=OPTIMAL obj_int=11788483
[r4280] best=72204.2930 gains=0 vars~2433 t=582s status=OPTIMAL obj_int=11910188
[r4290] best=72204.2930 gains=0 vars~2453 t=583s status=OPTIMAL obj_int=11793671
[r4300] best=72204.2930 gains=0 vars~2426 t=584s status=OPTIMAL obj_int=11904840
[r4310] best=72204.2930 gains=0 vars~2424 t=585s status=OPTIMAL obj_int=11923863
[r4320] best=72204.2930 gains=0 vars~2460 t=587s status=OPTIMAL obj_int=11897417
[r4330] best=72204.2930 gains=0 vars~2410 t=588s status=OPTIMAL obj_int=11908508
[r4340] best=72204.2930 gains=0 vars~2400 t=589s status=OPTIMAL obj_int=11902012
[r4350] best=72204.2930 gains=0 vars~2495 t=590s status=OPTIMAL obj_int=11891448
[r4360] best=72204.2930 gains=0 vars~2412 t=591s status=OPTIMAL obj_int=11846172
[r4370] best=72204.2930 gains=0 vars~2420 t=593s status=OPTIMAL obj_int=11974827
[r4380] best=72204.2930 gains=0 vars~2461 t=594s status=OPTIMAL obj_int=11762270
[r4390] best=72204.2930 gains=0 vars~2433 t=595s status=OPTIMAL obj_int=12041145
[r4400] best=72204.2930 gains=0 vars~2424 t=596s status=OPTIMAL obj_int=11876718
[r4410] best=72204.2930 gains=0 vars~2415 t=598s status=OPTIMAL obj_int=11862262
[r4420] best=72204.2930 gains=0 vars~2443 t=599s status=OPTIMAL obj_int=11871633
[r4430] best=72204.2930 gains=0 vars~2443 t=600s status=OPTIMAL obj_int=11786865
[r4440] best=72204.2930 gains=0 vars~2442 t=601s status=OPTIMAL obj_int=11959127
[r4450] best=72204.2930 gains=0 vars~2485 t=603s status=OPTIMAL obj_int=11907824
[r4460] best=72204.2930 gains=0 vars~2409 t=604s status=OPTIMAL obj_int=11964572
[r4470] best=72204.2930 gains=0 vars~2394 t=605s status=OPTIMAL obj_int=11813269
[r4480] best=72204.2930 gains=0 vars~2431 t=606s status=OPTIMAL obj_int=11940862
[r4490] best=72204.2930 gains=0 vars~2420 t=608s status=OPTIMAL obj_int=11891810
[r4500] best=72204.2930 gains=0 vars~2510 t=609s status=OPTIMAL obj_int=11841735
[r4510] best=72204.2930 gains=0 vars~2467 t=610s status=OPTIMAL obj_int=11840252
[r4520] best=72204.2930 gains=0 vars~2439 t=611s status=OPTIMAL obj_int=11896741
[r4530] best=72204.2930 gains=0 vars~2415 t=613s status=OPTIMAL obj_int=11843339
[r4540] best=72204.2930 gains=0 vars~2450 t=614s status=OPTIMAL obj_int=11932773
[r4550] best=72204.2930 gains=0 vars~2487 t=615s status=OPTIMAL obj_int=11913722
[r4560] best=72204.2930 gains=0 vars~2471 t=616s status=OPTIMAL obj_int=11930121
[r4570] best=72204.2930 gains=0 vars~2460 t=618s status=OPTIMAL obj_int=11824027
[r4580] best=72204.2930 gains=0 vars~2441 t=619s status=OPTIMAL obj_int=11932456
[r4590] best=72204.2930 gains=0 vars~2458 t=620s status=OPTIMAL obj_int=11862280
[r4600] best=72204.2930 gains=0 vars~2441 t=621s status=OPTIMAL obj_int=11849616
[r4610] best=72204.2930 gains=0 vars~2461 t=623s status=OPTIMAL obj_int=11935849
[r4620] best=72204.2930 gains=0 vars~2451 t=624s status=OPTIMAL obj_int=11879426
[r4630] best=72204.2930 gains=0 vars~2389 t=625s status=OPTIMAL obj_int=11951019
[r4640] best=72204.2930 gains=0 vars~2447 t=626s status=OPTIMAL obj_int=11969140
[r4650] best=72204.2930 gains=0 vars~2486 t=628s status=OPTIMAL obj_int=11909069
[r4660] best=72204.2930 gains=0 vars~2450 t=629s status=OPTIMAL obj_int=11778237
[r4670] best=72204.2930 gains=0 vars~2415 t=630s status=OPTIMAL obj_int=11806106
[r4680] best=72204.2930 gains=0 vars~2402 t=631s status=OPTIMAL obj_int=11838517
[r4690] best=72204.2930 gains=0 vars~2450 t=633s status=OPTIMAL obj_int=11781340
[r4700] best=72204.2930 gains=0 vars~2426 t=634s status=OPTIMAL obj_int=11896525
[r4710] best=72204.2930 gains=0 vars~2496 t=635s status=OPTIMAL obj_int=11878848
[r4720] best=72204.2930 gains=0 vars~2477 t=636s status=OPTIMAL obj_int=11824004
[r4730] best=72204.2930 gains=0 vars~2487 t=638s status=OPTIMAL obj_int=12068429
[r4740] best=72204.2930 gains=0 vars~2421 t=639s status=OPTIMAL obj_int=11970428
[r4750] best=72204.2930 gains=0 vars~2462 t=640s status=OPTIMAL obj_int=11854909
[r4760] best=72204.2930 gains=0 vars~2477 t=641s status=OPTIMAL obj_int=11931086
[r4770] best=72204.2930 gains=0 vars~2450 t=643s status=OPTIMAL obj_int=11909259
[r4780] best=72204.2930 gains=0 vars~2403 t=644s status=OPTIMAL obj_int=11829394
[r4790] best=72204.2930 gains=0 vars~2400 t=645s status=OPTIMAL obj_int=11935969
[r4800] best=72204.2930 gains=0 vars~2427 t=646s status=OPTIMAL obj_int=11797285
[r4810] best=72204.2930 gains=0 vars~2470 t=648s status=OPTIMAL obj_int=11783133
[r4820] best=72204.2930 gains=0 vars~2416 t=649s status=OPTIMAL obj_int=11977053
[r4830] best=72204.2930 gains=0 vars~2472 t=650s status=OPTIMAL obj_int=11908537
[r4840] best=72204.2930 gains=0 vars~2394 t=651s status=OPTIMAL obj_int=11933734
[r4850] best=72204.2930 gains=0 vars~2448 t=653s status=OPTIMAL obj_int=12017255
[r4860] best=72204.2930 gains=0 vars~2433 t=654s status=OPTIMAL obj_int=11955282
[r4870] best=72204.2930 gains=0 vars~2440 t=655s status=OPTIMAL obj_int=11905556
[r4880] best=72204.2930 gains=0 vars~2480 t=656s status=OPTIMAL obj_int=11911278
[r4890] best=72204.2930 gains=0 vars~2448 t=658s status=OPTIMAL obj_int=11841203
[r4900] best=72204.2930 gains=0 vars~2463 t=659s status=OPTIMAL obj_int=11739624
[r4910] best=72204.2930 gains=0 vars~2426 t=660s status=OPTIMAL obj_int=11880035
[r4920] best=72204.2930 gains=0 vars~2440 t=661s status=OPTIMAL obj_int=11863895
[r4930] best=72204.2930 gains=0 vars~2389 t=663s status=OPTIMAL obj_int=11917238
[r4940] best=72204.2930 gains=0 vars~2407 t=664s status=OPTIMAL obj_int=11859661
[r4950] best=72204.2930 gains=0 vars~2457 t=665s status=OPTIMAL obj_int=11878897
[r4960] best=72204.2930 gains=0 vars~2451 t=666s status=OPTIMAL obj_int=11740575
[r4970] best=72204.2930 gains=0 vars~2459 t=668s status=OPTIMAL obj_int=11900310
[r4980] best=72204.2930 gains=0 vars~2458 t=669s status=OPTIMAL obj_int=11961054
[r4990] best=72204.2930 gains=0 vars~2446 t=670s status=OPTIMAL obj_int=11799129
[r5000] best=72204.2930 gains=0 vars~2466 t=671s status=OPTIMAL obj_int=11811055
[r5010] best=72204.2930 gains=0 vars~2449 t=673s status=OPTIMAL obj_int=11825521
[r5020] best=72204.2930 gains=0 vars~2429 t=674s status=OPTIMAL obj_int=11876086
[r5030] best=72204.2930 gains=0 vars~2426 t=675s status=OPTIMAL obj_int=11961777
[r5040] best=72204.2930 gains=0 vars~2447 t=677s status=OPTIMAL obj_int=11889357
[r5050] best=72204.2930 gains=0 vars~2478 t=678s status=OPTIMAL obj_int=11909873
[r5060] best=72204.2930 gains=0 vars~2497 t=679s status=OPTIMAL obj_int=11887830
[r5070] best=72204.2930 gains=0 vars~2403 t=680s status=OPTIMAL obj_int=11994667
[r5080] best=72204.2930 gains=0 vars~2456 t=682s status=OPTIMAL obj_int=11954048
[r5090] best=72204.2930 gains=0 vars~2461 t=683s status=OPTIMAL obj_int=11876025
[r5100] best=72204.2930 gains=0 vars~2429 t=684s status=OPTIMAL obj_int=11859005
[r5110] best=72204.2930 gains=0 vars~2445 t=685s status=OPTIMAL obj_int=11847900
[r5120] best=72204.2930 gains=0 vars~2483 t=687s status=OPTIMAL obj_int=11897117
[r5130] best=72204.2930 gains=0 vars~2385 t=688s status=OPTIMAL obj_int=11843857
[r5140] best=72204.2930 gains=0 vars~2431 t=689s status=OPTIMAL obj_int=11885043
[r5150] best=72204.2930 gains=0 vars~2441 t=690s status=OPTIMAL obj_int=12051343
[r5160] best=72204.2930 gains=0 vars~2404 t=692s status=OPTIMAL obj_int=11991512
[r5170] best=72204.2930 gains=0 vars~2447 t=693s status=OPTIMAL obj_int=11954845
[r5180] best=72204.2930 gains=0 vars~2465 t=694s status=OPTIMAL obj_int=11908941
[r5190] best=72204.2930 gains=0 vars~2453 t=695s status=OPTIMAL obj_int=11921750
[r5200] best=72204.2930 gains=0 vars~2472 t=697s status=OPTIMAL obj_int=11923876
[r5210] best=72204.2930 gains=0 vars~2444 t=698s status=OPTIMAL obj_int=11770667
[r5220] best=72204.2930 gains=0 vars~2456 t=699s status=OPTIMAL obj_int=11911806
[r5230] best=72204.2930 gains=0 vars~2453 t=700s status=OPTIMAL obj_int=11911396
[r5240] best=72204.2930 gains=0 vars~2403 t=702s status=OPTIMAL obj_int=11858525
[r5250] best=72204.2930 gains=0 vars~2382 t=703s status=OPTIMAL obj_int=11963428
[r5260] best=72204.2930 gains=0 vars~2444 t=704s status=OPTIMAL obj_int=11884428
[r5270] best=72204.2930 gains=0 vars~2434 t=705s status=OPTIMAL obj_int=11882717
[r5280] best=72204.2930 gains=0 vars~2447 t=707s status=OPTIMAL obj_int=11795998
[r5290] best=72204.2930 gains=0 vars~2480 t=708s status=OPTIMAL obj_int=11959630
[r5300] best=72204.2930 gains=0 vars~2420 t=709s status=OPTIMAL obj_int=11833307
[r5310] best=72204.2930 gains=0 vars~2446 t=710s status=OPTIMAL obj_int=11769014
[r5320] best=72204.2930 gains=0 vars~2435 t=712s status=OPTIMAL obj_int=11854443
[r5330] best=72204.2930 gains=0 vars~2419 t=713s status=OPTIMAL obj_int=11845439
[r5340] best=72204.2930 gains=0 vars~2469 t=714s status=OPTIMAL obj_int=11866961
[r5350] best=72204.2930 gains=0 vars~2492 t=715s status=OPTIMAL obj_int=11959981
[r5360] best=72204.2930 gains=0 vars~2426 t=717s status=OPTIMAL obj_int=11857951
[r5370] best=72204.2930 gains=0 vars~2471 t=718s status=OPTIMAL obj_int=11924465
[r5380] best=72204.2930 gains=0 vars~2409 t=719s status=OPTIMAL obj_int=11910866
[r5390] best=72204.2930 gains=0 vars~2456 t=721s status=OPTIMAL obj_int=11865351
[r5400] best=72204.2930 gains=0 vars~2495 t=722s status=OPTIMAL obj_int=11879707
[r5410] best=72204.2930 gains=0 vars~2478 t=723s status=OPTIMAL obj_int=11870541
[r5420] best=72204.2930 gains=0 vars~2457 t=724s status=OPTIMAL obj_int=11888899
[r5430] best=72204.2930 gains=0 vars~2395 t=725s status=OPTIMAL obj_int=11920618
[r5440] best=72204.2930 gains=0 vars~2421 t=727s status=OPTIMAL obj_int=11899701
[r5450] best=72204.2930 gains=0 vars~2423 t=728s status=OPTIMAL obj_int=11852897
[r5460] best=72204.2930 gains=0 vars~2417 t=729s status=OPTIMAL obj_int=11874056
[r5470] best=72204.2930 gains=0 vars~2447 t=730s status=OPTIMAL obj_int=11931805
[r5480] best=72204.2930 gains=0 vars~2399 t=732s status=OPTIMAL obj_int=11851898
[r5490] best=72204.2930 gains=0 vars~2417 t=733s status=OPTIMAL obj_int=11832918
[r5500] best=72204.2930 gains=0 vars~2439 t=734s status=OPTIMAL obj_int=11870833
[r5510] best=72204.2930 gains=0 vars~2405 t=736s status=OPTIMAL obj_int=11863969
[r5520] best=72204.2930 gains=0 vars~2467 t=737s status=OPTIMAL obj_int=11788341
[r5530] best=72204.2930 gains=0 vars~2439 t=738s status=OPTIMAL obj_int=11846773
[r5540] best=72204.2930 gains=0 vars~2409 t=739s status=OPTIMAL obj_int=11802132
[r5550] best=72204.2930 gains=0 vars~2489 t=741s status=OPTIMAL obj_int=11896816
[r5560] best=72204.2930 gains=0 vars~2501 t=742s status=OPTIMAL obj_int=11859862
[r5570] best=72204.2930 gains=0 vars~2503 t=743s status=OPTIMAL obj_int=11893181
[r5580] best=72204.2930 gains=0 vars~2410 t=744s status=OPTIMAL obj_int=11922630
[r5590] best=72204.2930 gains=0 vars~2416 t=746s status=OPTIMAL obj_int=11874562
[r5600] best=72204.2930 gains=0 vars~2474 t=747s status=OPTIMAL obj_int=11917750
[r5610] best=72204.2930 gains=0 vars~2441 t=748s status=OPTIMAL obj_int=11937562
[r5620] best=72204.2930 gains=0 vars~2409 t=749s status=OPTIMAL obj_int=11891988
[r5630] best=72204.2930 gains=0 vars~2414 t=751s status=OPTIMAL obj_int=12023861
[r5640] best=72204.2930 gains=0 vars~2475 t=752s status=OPTIMAL obj_int=11779352
[r5650] best=72204.2930 gains=0 vars~2457 t=753s status=OPTIMAL obj_int=11814572
[r5660] best=72204.2930 gains=0 vars~2465 t=754s status=OPTIMAL obj_int=11902806
[r5670] best=72204.2930 gains=0 vars~2490 t=756s status=OPTIMAL obj_int=11850209
[r5680] best=72204.2930 gains=0 vars~2449 t=757s status=OPTIMAL obj_int=11886436
[r5690] best=72204.2930 gains=0 vars~2432 t=758s status=OPTIMAL obj_int=11818611
[r5700] best=72204.2930 gains=0 vars~2454 t=759s status=OPTIMAL obj_int=11831326
[r5710] best=72204.2930 gains=0 vars~2405 t=761s status=OPTIMAL obj_int=11876114
[r5720] best=72204.2930 gains=0 vars~2432 t=762s status=OPTIMAL obj_int=11839065
[r5730] best=72204.2930 gains=0 vars~2480 t=763s status=OPTIMAL obj_int=11843680
[r5740] best=72204.2930 gains=0 vars~2453 t=764s status=OPTIMAL obj_int=11788030
[r5750] best=72204.2930 gains=0 vars~2422 t=766s status=OPTIMAL obj_int=11927427
[r5760] best=72204.2930 gains=0 vars~2436 t=767s status=OPTIMAL obj_int=11848290
[r5770] best=72204.2930 gains=0 vars~2412 t=768s status=OPTIMAL obj_int=11863859
[r5780] best=72204.2930 gains=0 vars~2443 t=770s status=OPTIMAL obj_int=12023316
[r5790] best=72204.2930 gains=0 vars~2394 t=771s status=OPTIMAL obj_int=11975531
[r5800] best=72204.2930 gains=0 vars~2433 t=772s status=OPTIMAL obj_int=11854114
[r5810] best=72204.2930 gains=0 vars~2427 t=773s status=OPTIMAL obj_int=11910718
[r5820] best=72204.2930 gains=0 vars~2468 t=774s status=OPTIMAL obj_int=11921718
[r5830] best=72204.2930 gains=0 vars~2438 t=776s status=OPTIMAL obj_int=11875347
[r5840] best=72204.2930 gains=0 vars~2454 t=777s status=OPTIMAL obj_int=11900246
[r5850] best=72204.2930 gains=0 vars~2449 t=778s status=OPTIMAL obj_int=11951585
[r5860] best=72204.2930 gains=0 vars~2431 t=779s status=OPTIMAL obj_int=11806154
[r5870] best=72204.2930 gains=0 vars~2435 t=781s status=OPTIMAL obj_int=11878025
[r5880] best=72204.2930 gains=0 vars~2439 t=782s status=OPTIMAL obj_int=11811224
[r5890] best=72204.2930 gains=0 vars~2479 t=783s status=OPTIMAL obj_int=11849036
[r5900] best=72204.2930 gains=0 vars~2418 t=785s status=OPTIMAL obj_int=11890007
[r5910] best=72204.2930 gains=0 vars~2422 t=786s status=OPTIMAL obj_int=11820222
[r5920] best=72204.2930 gains=0 vars~2468 t=787s status=OPTIMAL obj_int=11905665
[r5930] best=72204.2930 gains=0 vars~2463 t=788s status=OPTIMAL obj_int=11928028
[r5940] best=72204.2930 gains=0 vars~2457 t=790s status=OPTIMAL obj_int=12009693
[r5950] best=72204.2930 gains=0 vars~2405 t=791s status=OPTIMAL obj_int=11889985
[r5960] best=72204.2930 gains=0 vars~2415 t=792s status=OPTIMAL obj_int=11896570
[r5970] best=72204.2930 gains=0 vars~2469 t=793s status=OPTIMAL obj_int=11823688
[r5980] best=72204.2930 gains=0 vars~2450 t=795s status=OPTIMAL obj_int=11914431
[r5990] best=72204.2930 gains=0 vars~2432 t=796s status=OPTIMAL obj_int=12062882
[r6000] best=72204.2930 gains=0 vars~2460 t=797s status=OPTIMAL obj_int=11827848
[r6010] best=72204.2930 gains=0 vars~2438 t=798s status=OPTIMAL obj_int=11786009
[r6020] best=72204.2930 gains=0 vars~2450 t=800s status=OPTIMAL obj_int=11819415
[r6030] best=72204.2930 gains=0 vars~2405 t=801s status=OPTIMAL obj_int=11892620
[r6040] best=72204.2930 gains=0 vars~2419 t=802s status=OPTIMAL obj_int=11885869
[r6050] best=72204.2930 gains=0 vars~2468 t=803s status=OPTIMAL obj_int=11903522
[r6060] best=72204.2930 gains=0 vars~2490 t=805s status=OPTIMAL obj_int=11930323
[r6070] best=72204.2930 gains=0 vars~2432 t=806s status=OPTIMAL obj_int=11843092
[r6080] best=72204.2930 gains=0 vars~2402 t=807s status=OPTIMAL obj_int=11890325
[r6090] best=72204.2930 gains=0 vars~2427 t=808s status=OPTIMAL obj_int=11902199
[r6100] best=72204.2930 gains=0 vars~2380 t=810s status=OPTIMAL obj_int=12073266
[r6110] best=72204.2930 gains=0 vars~2450 t=811s status=OPTIMAL obj_int=11928774
[r6120] best=72204.2930 gains=0 vars~2475 t=812s status=OPTIMAL obj_int=11865322
[r6130] best=72204.2930 gains=0 vars~2461 t=814s status=OPTIMAL obj_int=11973065
[r6140] best=72204.2930 gains=0 vars~2499 t=815s status=OPTIMAL obj_int=11901467
[r6150] best=72204.2930 gains=0 vars~2493 t=816s status=OPTIMAL obj_int=11864477
[r6160] best=72204.2930 gains=0 vars~2406 t=817s status=OPTIMAL obj_int=11904666
[r6170] best=72204.2930 gains=0 vars~2457 t=818s status=OPTIMAL obj_int=11784647
[r6180] best=72204.2930 gains=0 vars~2422 t=820s status=OPTIMAL obj_int=11927008
[r6190] best=72204.2930 gains=0 vars~2451 t=821s status=OPTIMAL obj_int=11958489
[r6200] best=72204.2930 gains=0 vars~2417 t=822s status=OPTIMAL obj_int=11899153
[r6210] best=72204.2930 gains=0 vars~2426 t=823s status=OPTIMAL obj_int=11883919
[r6220] best=72204.2930 gains=0 vars~2458 t=825s status=OPTIMAL obj_int=11832722
[r6230] best=72204.2930 gains=0 vars~2385 t=826s status=OPTIMAL obj_int=11935417
[r6240] best=72204.2930 gains=0 vars~2449 t=827s status=OPTIMAL obj_int=11910092
[r6250] best=72204.2930 gains=0 vars~2476 t=828s status=OPTIMAL obj_int=11906430
[r6260] best=72204.2930 gains=0 vars~2440 t=830s status=OPTIMAL obj_int=11914854
[r6270] best=72204.2930 gains=0 vars~2461 t=831s status=OPTIMAL obj_int=11934811
[r6280] best=72204.2930 gains=0 vars~2440 t=832s status=OPTIMAL obj_int=11988063
[r6290] best=72204.2930 gains=0 vars~2479 t=833s status=OPTIMAL obj_int=11820803
[r6300] best=72204.2930 gains=0 vars~2416 t=835s status=OPTIMAL obj_int=11767922
[r6310] best=72204.2930 gains=0 vars~2485 t=836s status=OPTIMAL obj_int=11905461
[r6320] best=72204.2930 gains=0 vars~2435 t=837s status=OPTIMAL obj_int=11851875
[r6330] best=72204.2930 gains=0 vars~2473 t=839s status=OPTIMAL obj_int=11947172
[r6340] best=72204.2930 gains=0 vars~2441 t=840s status=OPTIMAL obj_int=11934017
[r6350] best=72204.2930 gains=0 vars~2436 t=841s status=OPTIMAL obj_int=11869356
[r6360] best=72204.2930 gains=0 vars~2475 t=842s status=OPTIMAL obj_int=11915427
[r6370] best=72204.2930 gains=0 vars~2421 t=844s status=OPTIMAL obj_int=11918913
[r6380] best=72204.2930 gains=0 vars~2445 t=845s status=OPTIMAL obj_int=11955960
[r6390] best=72204.2930 gains=0 vars~2443 t=846s status=OPTIMAL obj_int=11966325
[r6400] best=72204.2930 gains=0 vars~2437 t=847s status=OPTIMAL obj_int=11860813
[r6410] best=72204.2930 gains=0 vars~2448 t=849s status=OPTIMAL obj_int=11830037
[r6420] best=72204.2930 gains=0 vars~2437 t=850s status=OPTIMAL obj_int=11860436
[r6430] best=72204.2930 gains=0 vars~2441 t=851s status=OPTIMAL obj_int=11883991
[r6440] best=72204.2930 gains=0 vars~2452 t=852s status=OPTIMAL obj_int=11851360
[r6450] best=72204.2930 gains=0 vars~2386 t=854s status=OPTIMAL obj_int=11947948
[r6460] best=72204.2930 gains=0 vars~2451 t=855s status=OPTIMAL obj_int=11877962
[r6470] best=72204.2930 gains=0 vars~2413 t=856s status=OPTIMAL obj_int=11990300
[r6480] best=72204.2930 gains=0 vars~2452 t=857s status=OPTIMAL obj_int=11872839
[r6490] best=72204.2930 gains=0 vars~2443 t=859s status=OPTIMAL obj_int=11924654
[r6500] best=72204.2930 gains=0 vars~2403 t=860s status=OPTIMAL obj_int=11938929
[r6510] best=72204.2930 gains=0 vars~2368 t=861s status=OPTIMAL obj_int=11908867
[r6520] best=72204.2930 gains=0 vars~2409 t=862s status=OPTIMAL obj_int=11832559
[r6530] best=72204.2930 gains=0 vars~2435 t=864s status=OPTIMAL obj_int=11826341
[r6540] best=72204.2930 gains=0 vars~2483 t=865s status=OPTIMAL obj_int=11906547
[r6550] best=72204.2930 gains=0 vars~2453 t=866s status=OPTIMAL obj_int=11760409
[r6560] best=72204.2930 gains=0 vars~2421 t=867s status=OPTIMAL obj_int=11911859
[r6570] best=72204.2930 gains=0 vars~2439 t=869s status=OPTIMAL obj_int=11932296
[r6580] best=72204.2930 gains=0 vars~2457 t=870s status=OPTIMAL obj_int=12005487
[r6590] best=72204.2930 gains=0 vars~2463 t=871s status=OPTIMAL obj_int=11823525
[r6600] best=72204.2930 gains=0 vars~2476 t=872s status=OPTIMAL obj_int=11913989
[r6610] best=72204.2930 gains=0 vars~2475 t=874s status=OPTIMAL obj_int=11895659
[r6620] best=72204.2930 gains=0 vars~2433 t=875s status=OPTIMAL obj_int=11908103
[r6630] best=72204.2930 gains=0 vars~2465 t=876s status=OPTIMAL obj_int=11962634
[r6640] best=72204.2930 gains=0 vars~2466 t=877s status=OPTIMAL obj_int=11850599
[r6650] best=72204.2930 gains=0 vars~2388 t=879s status=OPTIMAL obj_int=11911764
[r6660] best=72204.2930 gains=0 vars~2422 t=880s status=OPTIMAL obj_int=11866963
[r6670] best=72204.2930 gains=0 vars~2440 t=881s status=OPTIMAL obj_int=12052234
[r6680] best=72204.2930 gains=0 vars~2429 t=882s status=OPTIMAL obj_int=11819161
[r6690] best=72204.2930 gains=0 vars~2403 t=884s status=OPTIMAL obj_int=11905368
[r6700] best=72204.2930 gains=0 vars~2421 t=885s status=OPTIMAL obj_int=11813670
[r6710] best=72204.2930 gains=0 vars~2441 t=886s status=OPTIMAL obj_int=11943856
[r6720] best=72204.2930 gains=0 vars~2455 t=888s status=OPTIMAL obj_int=11987848
[r6730] best=72204.2930 gains=0 vars~2429 t=889s status=OPTIMAL obj_int=11792025
[r6740] best=72204.2930 gains=0 vars~2430 t=890s status=OPTIMAL obj_int=11878606
[r6750] best=72204.2930 gains=0 vars~2468 t=891s status=OPTIMAL obj_int=11834354
[r6760] best=72204.2930 gains=0 vars~2485 t=893s status=OPTIMAL obj_int=11948901
[r6770] best=72204.2930 gains=0 vars~2420 t=894s status=OPTIMAL obj_int=12033841
[r6780] best=72204.2930 gains=0 vars~2395 t=895s status=OPTIMAL obj_int=11943247
[r6790] best=72204.2930 gains=0 vars~2450 t=896s status=OPTIMAL obj_int=11956588
[r6800] best=72204.2930 gains=0 vars~2436 t=898s status=OPTIMAL obj_int=11845935
[r6810] best=72204.2930 gains=0 vars~2407 t=899s status=OPTIMAL obj_int=11955370
[r6820] best=72204.2930 gains=0 vars~2488 t=900s status=OPTIMAL obj_int=11813250
[r6830] best=72204.2930 gains=0 vars~2452 t=901s status=OPTIMAL obj_int=11938884
[r6840] best=72204.2930 gains=0 vars~2405 t=903s status=OPTIMAL obj_int=11871948
[r6850] best=72204.2930 gains=0 vars~2441 t=904s status=OPTIMAL obj_int=11925970
[r6860] best=72204.2930 gains=0 vars~2446 t=905s status=OPTIMAL obj_int=11962404
[r6870] best=72204.2930 gains=0 vars~2448 t=907s status=OPTIMAL obj_int=11884260
[r6880] best=72204.2930 gains=0 vars~2446 t=908s status=OPTIMAL obj_int=11885142
[r6890] best=72204.2930 gains=0 vars~2419 t=909s status=OPTIMAL obj_int=11942127
[r6900] best=72204.2930 gains=0 vars~2477 t=910s status=OPTIMAL obj_int=11946586
[r6910] best=72204.2930 gains=0 vars~2391 t=912s status=OPTIMAL obj_int=11868370
[r6920] best=72204.2930 gains=0 vars~2362 t=913s status=OPTIMAL obj_int=11853962
[r6930] best=72204.2930 gains=0 vars~2439 t=914s status=OPTIMAL obj_int=11890899
[r6940] best=72204.2930 gains=0 vars~2428 t=915s status=OPTIMAL obj_int=11909828
[r6950] best=72204.2930 gains=0 vars~2386 t=916s status=OPTIMAL obj_int=11914852
[r6960] best=72204.2930 gains=0 vars~2446 t=918s status=OPTIMAL obj_int=11888439
[r6970] best=72204.2930 gains=0 vars~2480 t=919s status=OPTIMAL obj_int=11861776
[r6980] best=72204.2930 gains=0 vars~2458 t=920s status=OPTIMAL obj_int=11952177
[r6990] best=72204.2930 gains=0 vars~2393 t=921s status=OPTIMAL obj_int=11914898
[r7000] best=72204.2930 gains=0 vars~2478 t=923s status=OPTIMAL obj_int=11791664
[r7010] best=72204.2930 gains=0 vars~2464 t=924s status=OPTIMAL obj_int=11855707
[r7020] best=72204.2930 gains=0 vars~2501 t=925s status=OPTIMAL obj_int=11885079
[r7030] best=72204.2930 gains=0 vars~2440 t=927s status=OPTIMAL obj_int=11930512
[r7040] best=72204.2930 gains=0 vars~2473 t=928s status=OPTIMAL obj_int=12065105
[r7050] best=72204.2930 gains=0 vars~2407 t=929s status=OPTIMAL obj_int=11793585
[r7060] best=72204.2930 gains=0 vars~2421 t=930s status=OPTIMAL obj_int=11876278
[r7070] best=72204.2930 gains=0 vars~2418 t=932s status=OPTIMAL obj_int=12012513
[r7080] best=72204.2930 gains=0 vars~2473 t=933s status=OPTIMAL obj_int=11935375
[r7090] best=72204.2930 gains=0 vars~2477 t=934s status=OPTIMAL obj_int=11993700
[r7100] best=72204.2930 gains=0 vars~2448 t=935s status=OPTIMAL obj_int=11816944
[r7110] best=72204.2930 gains=0 vars~2404 t=937s status=OPTIMAL obj_int=11805429
[r7120] best=72204.2930 gains=0 vars~2404 t=938s status=OPTIMAL obj_int=11910570
[r7130] best=72204.2930 gains=0 vars~2495 t=939s status=OPTIMAL obj_int=11843062
[r7140] best=72204.2930 gains=0 vars~2482 t=940s status=OPTIMAL obj_int=11850992
[r7150] best=72204.2930 gains=0 vars~2411 t=942s status=OPTIMAL obj_int=11898803
[r7160] best=72204.2930 gains=0 vars~2442 t=943s status=OPTIMAL obj_int=11930432
[r7170] best=72204.2930 gains=0 vars~2425 t=944s status=OPTIMAL obj_int=11909939
[r7180] best=72204.2930 gains=0 vars~2512 t=945s status=OPTIMAL obj_int=11949974
[r7190] best=72204.2930 gains=0 vars~2381 t=947s status=OPTIMAL obj_int=11911065
[r7200] best=72204.2930 gains=0 vars~2413 t=948s status=OPTIMAL obj_int=12015622
[r7210] best=72204.2930 gains=0 vars~2406 t=949s status=OPTIMAL obj_int=11984277
[r7220] best=72204.2930 gains=0 vars~2409 t=951s status=OPTIMAL obj_int=11931282
[r7230] best=72204.2930 gains=0 vars~2452 t=952s status=OPTIMAL obj_int=11852244
[r7240] best=72204.2930 gains=0 vars~2490 t=953s status=OPTIMAL obj_int=11787772
[r7250] best=72204.2930 gains=0 vars~2432 t=954s status=OPTIMAL obj_int=11949895
[r7260] best=72204.2930 gains=0 vars~2432 t=956s status=OPTIMAL obj_int=11829534
[r7270] best=72204.2930 gains=0 vars~2460 t=957s status=OPTIMAL obj_int=11894720
[r7280] best=72204.2930 gains=0 vars~2465 t=958s status=OPTIMAL obj_int=11809851
[r7290] best=72204.2930 gains=0 vars~2467 t=959s status=OPTIMAL obj_int=11872202
[r7300] best=72204.2930 gains=0 vars~2391 t=961s status=OPTIMAL obj_int=11902064
[r7310] best=72204.2930 gains=0 vars~2389 t=962s status=OPTIMAL obj_int=11845770
[r7320] best=72204.2930 gains=0 vars~2414 t=963s status=OPTIMAL obj_int=11931593
[r7330] best=72204.2930 gains=0 vars~2379 t=964s status=OPTIMAL obj_int=11896187
[r7340] best=72204.2930 gains=0 vars~2464 t=966s status=OPTIMAL obj_int=11866358
[r7350] best=72204.2930 gains=0 vars~2481 t=967s status=OPTIMAL obj_int=11816452
[r7360] best=72204.2930 gains=0 vars~2455 t=968s status=OPTIMAL obj_int=11820050
[r7370] best=72204.2930 gains=0 vars~2393 t=970s status=OPTIMAL obj_int=11897111
[r7380] best=72204.2930 gains=0 vars~2425 t=971s status=OPTIMAL obj_int=11766838
[r7390] best=72204.2930 gains=0 vars~2434 t=972s status=OPTIMAL obj_int=11930198
[r7400] best=72204.2930 gains=0 vars~2449 t=973s status=OPTIMAL obj_int=11917894
[r7410] best=72204.2930 gains=0 vars~2466 t=975s status=OPTIMAL obj_int=11917970
[r7420] best=72204.2930 gains=0 vars~2502 t=976s status=OPTIMAL obj_int=12085089
[r7430] best=72204.2930 gains=0 vars~2434 t=977s status=OPTIMAL obj_int=12064830
[r7440] best=72204.2930 gains=0 vars~2448 t=979s status=OPTIMAL obj_int=11804257
[r7450] best=72204.2930 gains=0 vars~2488 t=980s status=OPTIMAL obj_int=11806353
[r7460] best=72204.2930 gains=0 vars~2481 t=981s status=OPTIMAL obj_int=11923876
[r7470] best=72204.2930 gains=0 vars~2446 t=982s status=OPTIMAL obj_int=11908472
[r7480] best=72204.2930 gains=0 vars~2466 t=984s status=OPTIMAL obj_int=11868488
[r7490] best=72204.2930 gains=0 vars~2435 t=985s status=OPTIMAL obj_int=11881540
[r7500] best=72204.2930 gains=0 vars~2479 t=986s status=OPTIMAL obj_int=11963407
[r7510] best=72204.2930 gains=0 vars~2452 t=987s status=OPTIMAL obj_int=11861659
[r7520] best=72204.2930 gains=0 vars~2438 t=989s status=OPTIMAL obj_int=11762423
[r7530] best=72204.2930 gains=0 vars~2428 t=990s status=OPTIMAL obj_int=11890416
[r7540] best=72204.2930 gains=0 vars~2425 t=991s status=OPTIMAL obj_int=11981455
[r7550] best=72204.2930 gains=0 vars~2413 t=992s status=OPTIMAL obj_int=11973867
[r7560] best=72204.2930 gains=0 vars~2433 t=994s status=OPTIMAL obj_int=11960300
[r7570] best=72204.2930 gains=0 vars~2458 t=995s status=OPTIMAL obj_int=11995138
[r7580] best=72204.2930 gains=0 vars~2389 t=996s status=OPTIMAL obj_int=11856081
[r7590] best=72204.2930 gains=0 vars~2401 t=997s status=OPTIMAL obj_int=11970801
[r7600] best=72204.2930 gains=0 vars~2432 t=999s status=OPTIMAL obj_int=11896918
[r7610] best=72204.2930 gains=0 vars~2391 t=1000s status=OPTIMAL obj_int=11952354
[r7620] best=72204.2930 gains=0 vars~2403 t=1001s status=OPTIMAL obj_int=11875931
[r7630] best=72204.2930 gains=0 vars~2440 t=1003s status=OPTIMAL obj_int=11735825
[r7640] best=72204.2930 gains=0 vars~2421 t=1004s status=OPTIMAL obj_int=11983298
[r7650] best=72204.2930 gains=0 vars~2398 t=1005s status=OPTIMAL obj_int=11817096
[r7660] best=72204.2930 gains=0 vars~2430 t=1006s status=OPTIMAL obj_int=11915005
[r7670] best=72204.2930 gains=0 vars~2470 t=1008s status=OPTIMAL obj_int=11899731
[r7680] best=72204.2930 gains=0 vars~2440 t=1009s status=OPTIMAL obj_int=11947054
[r7690] best=72204.2930 gains=0 vars~2438 t=1010s status=OPTIMAL obj_int=11813452
[r7700] best=72204.2930 gains=0 vars~2424 t=1011s status=OPTIMAL obj_int=11827062
[r7710] best=72204.2930 gains=0 vars~2432 t=1013s status=OPTIMAL obj_int=11815335
[r7720] best=72204.2930 gains=0 vars~2488 t=1014s status=OPTIMAL obj_int=11970702
[r7730] best=72204.2930 gains=0 vars~2398 t=1015s status=OPTIMAL obj_int=11803059
[r7740] best=72204.2930 gains=0 vars~2463 t=1016s status=OPTIMAL obj_int=11954055
[r7750] best=72204.2930 gains=0 vars~2410 t=1018s status=OPTIMAL obj_int=11924117
[r7760] best=72204.2930 gains=0 vars~2430 t=1019s status=OPTIMAL obj_int=11931942
[r7770] best=72204.2930 gains=0 vars~2429 t=1020s status=OPTIMAL obj_int=11908566
[r7780] best=72204.2930 gains=0 vars~2461 t=1022s status=OPTIMAL obj_int=12037445
[r7790] best=72204.2930 gains=0 vars~2472 t=1023s status=OPTIMAL obj_int=11956426
[r7800] best=72204.2930 gains=0 vars~2412 t=1024s status=OPTIMAL obj_int=11811485
[r7810] best=72204.2930 gains=0 vars~2472 t=1025s status=OPTIMAL obj_int=11917711
[r7820] best=72204.2930 gains=0 vars~2516 t=1027s status=OPTIMAL obj_int=11952189
[r7830] best=72204.2930 gains=0 vars~2474 t=1028s status=OPTIMAL obj_int=11984818
[r7840] best=72204.2930 gains=0 vars~2410 t=1029s status=OPTIMAL obj_int=11950269
[r7850] best=72204.2930 gains=0 vars~2443 t=1030s status=OPTIMAL obj_int=11782874
[r7860] best=72204.2930 gains=0 vars~2446 t=1032s status=OPTIMAL obj_int=11966776
[r7870] best=72204.2930 gains=0 vars~2475 t=1033s status=OPTIMAL obj_int=11965753
[r7880] best=72204.2930 gains=0 vars~2460 t=1034s status=OPTIMAL obj_int=11998948
[r7890] best=72204.2930 gains=0 vars~2440 t=1035s status=OPTIMAL obj_int=11792884
[r7900] best=72204.2930 gains=0 vars~2519 t=1037s status=OPTIMAL obj_int=11842888
[r7910] best=72204.2930 gains=0 vars~2403 t=1038s status=OPTIMAL obj_int=11757432
[r7920] best=72204.2930 gains=0 vars~2484 t=1039s status=OPTIMAL obj_int=11947767
[r7930] best=72204.2930 gains=0 vars~2445 t=1040s status=OPTIMAL obj_int=11800922
[r7940] best=72204.2930 gains=0 vars~2473 t=1042s status=OPTIMAL obj_int=11895594
[r7950] best=72204.2930 gains=0 vars~2481 t=1043s status=OPTIMAL obj_int=11847138
[r7960] best=72204.2930 gains=0 vars~2467 t=1044s status=OPTIMAL obj_int=11853506
[r7970] best=72204.2930 gains=0 vars~2467 t=1046s status=OPTIMAL obj_int=11794999
[r7980] best=72204.2930 gains=0 vars~2414 t=1047s status=OPTIMAL obj_int=11852818
[r7990] best=72204.2930 gains=0 vars~2447 t=1048s status=OPTIMAL obj_int=11880739
[r8000] best=72204.2930 gains=0 vars~2445 t=1049s status=OPTIMAL obj_int=11852574
[r8010] best=72204.2930 gains=0 vars~2424 t=1051s status=OPTIMAL obj_int=11993164
[r8020] best=72204.2930 gains=0 vars~2409 t=1052s status=OPTIMAL obj_int=11914905
[r8030] best=72204.2930 gains=0 vars~2401 t=1053s status=OPTIMAL obj_int=11870043
[r8040] best=72204.2930 gains=0 vars~2397 t=1054s status=OPTIMAL obj_int=11893881
[r8050] best=72204.2930 gains=0 vars~2454 t=1055s status=OPTIMAL obj_int=11826633
[r8060] best=72204.2930 gains=0 vars~2471 t=1056s status=OPTIMAL obj_int=11681020
[r8070] best=72204.2930 gains=0 vars~2371 t=1058s status=OPTIMAL obj_int=11897575
[r8080] best=72204.2930 gains=0 vars~2421 t=1059s status=OPTIMAL obj_int=11948995
[r8090] best=72204.2930 gains=0 vars~2412 t=1060s status=OPTIMAL obj_int=11836667
[r8100] best=72204.2930 gains=0 vars~2432 t=1061s status=OPTIMAL obj_int=11951337
[r8110] best=72204.2930 gains=0 vars~2394 t=1062s status=OPTIMAL obj_int=11828991
[r8120] best=72204.2930 gains=0 vars~2422 t=1063s status=OPTIMAL obj_int=11913149
[r8130] best=72204.2930 gains=0 vars~2433 t=1064s status=OPTIMAL obj_int=11939551
[r8140] best=72204.2930 gains=0 vars~2445 t=1066s status=OPTIMAL obj_int=11733890
[r8150] best=72204.2930 gains=0 vars~2482 t=1067s status=OPTIMAL obj_int=12053065
[r8160] best=72204.2930 gains=0 vars~2445 t=1068s status=OPTIMAL obj_int=11835572
[r8170] best=72204.2930 gains=0 vars~2451 t=1069s status=OPTIMAL obj_int=11877851
[r8180] best=72204.2930 gains=0 vars~2456 t=1070s status=OPTIMAL obj_int=11730844
[r8190] best=72204.2930 gains=0 vars~2448 t=1072s status=OPTIMAL obj_int=11974197
[r8200] best=72204.2930 gains=0 vars~2406 t=1073s status=OPTIMAL obj_int=11919280
[r8210] best=72204.2930 gains=0 vars~2418 t=1074s status=OPTIMAL obj_int=11796022
[r8220] best=72204.2930 gains=0 vars~2402 t=1075s status=OPTIMAL obj_int=11849123
[r8230] best=72204.2930 gains=0 vars~2379 t=1076s status=OPTIMAL obj_int=11850261
[r8240] best=72204.2930 gains=0 vars~2413 t=1077s status=OPTIMAL obj_int=11921653
[r8250] best=72204.2930 gains=0 vars~2461 t=1078s status=OPTIMAL obj_int=11869409
[r8260] best=72204.2930 gains=0 vars~2465 t=1080s status=OPTIMAL obj_int=11921928
[r8270] best=72204.2930 gains=0 vars~2457 t=1081s status=OPTIMAL obj_int=12028295
[r8280] best=72204.2930 gains=0 vars~2413 t=1082s status=OPTIMAL obj_int=12094112
[r8290] best=72204.2930 gains=0 vars~2468 t=1083s status=OPTIMAL obj_int=11964432
[r8300] best=72204.2930 gains=0 vars~2441 t=1084s status=OPTIMAL obj_int=11917007
[r8310] best=72204.2930 gains=0 vars~2463 t=1085s status=OPTIMAL obj_int=11872647
[r8320] best=72204.2930 gains=0 vars~2447 t=1087s status=OPTIMAL obj_int=11844563
[r8330] best=72204.2930 gains=0 vars~2442 t=1088s status=OPTIMAL obj_int=11781452
[r8340] best=72204.2930 gains=0 vars~2487 t=1089s status=OPTIMAL obj_int=11997500
[r8350] best=72204.2930 gains=0 vars~2427 t=1090s status=OPTIMAL obj_int=11833619
[r8360] best=72204.2930 gains=0 vars~2471 t=1091s status=OPTIMAL obj_int=11957569
[r8370] best=72204.2930 gains=0 vars~2424 t=1092s status=OPTIMAL obj_int=11847708
[r8380] best=72204.2930 gains=0 vars~2418 t=1094s status=OPTIMAL obj_int=11958120
[r8390] best=72204.2930 gains=0 vars~2452 t=1095s status=OPTIMAL obj_int=11860932
[r8400] best=72204.2930 gains=0 vars~2487 t=1096s status=OPTIMAL obj_int=11904338
[r8410] best=72204.2930 gains=0 vars~2399 t=1097s status=OPTIMAL obj_int=11942800
[r8420] best=72204.2930 gains=0 vars~2448 t=1098s status=OPTIMAL obj_int=11935782
[r8430] best=72204.2930 gains=0 vars~2438 t=1099s status=OPTIMAL obj_int=11879928
[r8440] best=72204.2930 gains=0 vars~2471 t=1101s status=OPTIMAL obj_int=11903319
[r8450] best=72204.2930 gains=0 vars~2475 t=1102s status=OPTIMAL obj_int=11835050
[r8460] best=72204.2930 gains=0 vars~2458 t=1103s status=OPTIMAL obj_int=11899948
[r8470] best=72204.2930 gains=0 vars~2455 t=1104s status=OPTIMAL obj_int=11741840
[r8480] best=72204.2930 gains=0 vars~2375 t=1105s status=OPTIMAL obj_int=11946199
[r8490] best=72204.2930 gains=0 vars~2467 t=1106s status=OPTIMAL obj_int=11818813
[r8500] best=72204.2930 gains=0 vars~2424 t=1108s status=OPTIMAL obj_int=11982676
[r8510] best=72204.2930 gains=0 vars~2383 t=1109s status=OPTIMAL obj_int=11870942
[r8520] best=72204.2930 gains=0 vars~2430 t=1110s status=OPTIMAL obj_int=11759340
[r8530] best=72204.2930 gains=0 vars~2411 t=1111s status=OPTIMAL obj_int=11887850
[r8540] best=72204.2930 gains=0 vars~2434 t=1112s status=OPTIMAL obj_int=11890970
[r8550] best=72204.2930 gains=0 vars~2466 t=1113s status=OPTIMAL obj_int=11854690
[r8560] best=72204.2930 gains=0 vars~2486 t=1115s status=OPTIMAL obj_int=11834512
[r8570] best=72204.2930 gains=0 vars~2353 t=1116s status=OPTIMAL obj_int=11925562
[r8580] best=72204.2930 gains=0 vars~2422 t=1117s status=OPTIMAL obj_int=11965648
[r8590] best=72204.2930 gains=0 vars~2400 t=1118s status=OPTIMAL obj_int=11828165
[r8600] best=72204.2930 gains=0 vars~2453 t=1119s status=OPTIMAL obj_int=11857123
[r8610] best=72204.2930 gains=0 vars~2423 t=1120s status=OPTIMAL obj_int=11843055
[r8620] best=72204.2930 gains=0 vars~2417 t=1121s status=OPTIMAL obj_int=11880055
[r8630] best=72204.2930 gains=0 vars~2455 t=1123s status=OPTIMAL obj_int=11960044
[r8640] best=72204.2930 gains=0 vars~2481 t=1124s status=OPTIMAL obj_int=12014469
[r8650] best=72204.2930 gains=0 vars~2432 t=1125s status=OPTIMAL obj_int=11945142
[r8660] best=72204.2930 gains=0 vars~2461 t=1126s status=OPTIMAL obj_int=12009571
[r8670] best=72204.2930 gains=0 vars~2451 t=1127s status=OPTIMAL obj_int=11878762
[r8680] best=72204.2930 gains=0 vars~2448 t=1128s status=OPTIMAL obj_int=11886830
[r8690] best=72204.2930 gains=0 vars~2409 t=1130s status=OPTIMAL obj_int=11909735
[r8700] best=72204.2930 gains=0 vars~2398 t=1131s status=OPTIMAL obj_int=11799214
[r8710] best=72204.2930 gains=0 vars~2465 t=1132s status=OPTIMAL obj_int=11824054
[r8720] best=72204.2930 gains=0 vars~2437 t=1133s status=OPTIMAL obj_int=11896533
[r8730] best=72204.2930 gains=0 vars~2389 t=1134s status=OPTIMAL obj_int=11943928
[r8740] best=72204.2930 gains=0 vars~2486 t=1135s status=OPTIMAL obj_int=11996970
[r8750] best=72204.2930 gains=0 vars~2432 t=1137s status=OPTIMAL obj_int=11937201
[r8760] best=72204.2930 gains=0 vars~2479 t=1138s status=OPTIMAL obj_int=11874585
[r8770] best=72204.2930 gains=0 vars~2444 t=1139s status=OPTIMAL obj_int=11899617
[r8780] best=72204.2930 gains=0 vars~2419 t=1140s status=OPTIMAL obj_int=11879769
[r8790] best=72204.2930 gains=0 vars~2511 t=1141s status=OPTIMAL obj_int=11908533
[r8800] best=72204.2930 gains=0 vars~2397 t=1142s status=OPTIMAL obj_int=11839227
[r8810] best=72204.2930 gains=0 vars~2513 t=1144s status=OPTIMAL obj_int=11859460
[r8820] best=72204.2930 gains=0 vars~2462 t=1145s status=OPTIMAL obj_int=11851781
[r8830] best=72204.2930 gains=0 vars~2465 t=1146s status=OPTIMAL obj_int=11846664
[r8840] best=72204.2930 gains=0 vars~2417 t=1147s status=OPTIMAL obj_int=11924785
[r8850] best=72204.2930 gains=0 vars~2471 t=1148s status=OPTIMAL obj_int=11999402
[r8860] best=72204.2930 gains=0 vars~2496 t=1149s status=OPTIMAL obj_int=11862025
[r8870] best=72204.2930 gains=0 vars~2433 t=1151s status=OPTIMAL obj_int=11869055
[r8880] best=72204.2930 gains=0 vars~2402 t=1152s status=OPTIMAL obj_int=11883971
[r8890] best=72204.2930 gains=0 vars~2452 t=1153s status=OPTIMAL obj_int=11847227
[r8900] best=72204.2930 gains=0 vars~2453 t=1154s status=OPTIMAL obj_int=11886956
[r8910] best=72204.2930 gains=0 vars~2404 t=1155s status=OPTIMAL obj_int=11873982
[r8920] best=72204.2930 gains=0 vars~2449 t=1156s status=OPTIMAL obj_int=11693949
[r8930] best=72204.2930 gains=0 vars~2431 t=1158s status=OPTIMAL obj_int=11877314
[r8940] best=72204.2930 gains=0 vars~2469 t=1159s status=OPTIMAL obj_int=11828493
[r8950] best=72204.2930 gains=0 vars~2460 t=1160s status=OPTIMAL obj_int=11936918
[r8960] best=72204.2930 gains=0 vars~2436 t=1161s status=OPTIMAL obj_int=11898803
[r8970] best=72204.2930 gains=0 vars~2467 t=1162s status=OPTIMAL obj_int=11947243
[r8980] best=72204.2930 gains=0 vars~2457 t=1163s status=OPTIMAL obj_int=11776150
[r8990] best=72204.2930 gains=0 vars~2413 t=1165s status=OPTIMAL obj_int=11938144
[r9000] best=72204.2930 gains=0 vars~2401 t=1166s status=OPTIMAL obj_int=12009547
[r9010] best=72204.2930 gains=0 vars~2496 t=1167s status=OPTIMAL obj_int=11923524
[r9020] best=72204.2930 gains=0 vars~2427 t=1168s status=OPTIMAL obj_int=11930747
[r9030] best=72204.2930 gains=0 vars~2461 t=1169s status=OPTIMAL obj_int=11869500
[r9040] best=72204.2930 gains=0 vars~2480 t=1170s status=OPTIMAL obj_int=11869448
[r9050] best=72204.2930 gains=0 vars~2479 t=1172s status=OPTIMAL obj_int=11758867
[r9060] best=72204.2930 gains=0 vars~2459 t=1173s status=OPTIMAL obj_int=11897552
[r9070] best=72204.2930 gains=0 vars~2420 t=1174s status=OPTIMAL obj_int=11980448
[r9080] best=72204.2930 gains=0 vars~2458 t=1175s status=OPTIMAL obj_int=11887748
[r9090] best=72204.2930 gains=0 vars~2385 t=1176s status=OPTIMAL obj_int=11905667
[r9100] best=72204.2930 gains=0 vars~2438 t=1177s status=OPTIMAL obj_int=11904207
[r9110] best=72204.2930 gains=0 vars~2478 t=1178s status=OPTIMAL obj_int=11912395
[r9120] best=72204.2930 gains=0 vars~2454 t=1180s status=OPTIMAL obj_int=11790438
[r9130] best=72204.2930 gains=0 vars~2459 t=1181s status=OPTIMAL obj_int=11849970
[r9140] best=72204.2930 gains=0 vars~2448 t=1182s status=OPTIMAL obj_int=11899662
[r9150] best=72204.2930 gains=0 vars~2443 t=1183s status=OPTIMAL obj_int=11804326
[r9160] best=72204.2930 gains=0 vars~2483 t=1184s status=OPTIMAL obj_int=11935667
[r9170] best=72204.2930 gains=0 vars~2471 t=1186s status=OPTIMAL obj_int=11959271
[r9180] best=72204.2930 gains=0 vars~2460 t=1187s status=OPTIMAL obj_int=11842913
[r9190] best=72204.2930 gains=0 vars~2416 t=1188s status=OPTIMAL obj_int=11748010
[r9200] best=72204.2930 gains=0 vars~2439 t=1189s status=OPTIMAL obj_int=11953023
[r9210] best=72204.2930 gains=0 vars~2451 t=1190s status=OPTIMAL obj_int=11806541
[r9220] best=72204.2930 gains=0 vars~2370 t=1191s status=OPTIMAL obj_int=11887083
[r9230] best=72204.2930 gains=0 vars~2489 t=1192s status=OPTIMAL obj_int=11861840
[r9240] best=72204.2930 gains=0 vars~2500 t=1194s status=OPTIMAL obj_int=11943098
[r9250] best=72204.2930 gains=0 vars~2431 t=1195s status=OPTIMAL obj_int=11831726
[r9260] best=72204.2930 gains=0 vars~2467 t=1196s status=OPTIMAL obj_int=11912902
[r9270] best=72204.2930 gains=0 vars~2479 t=1197s status=OPTIMAL obj_int=11919942
[r9280] best=72204.2930 gains=0 vars~2515 t=1198s status=OPTIMAL obj_int=11849366
[r9290] best=72204.2930 gains=0 vars~2382 t=1200s status=OPTIMAL obj_int=11836393
DONE [ii] rounds=9295 best=72204.2930 rescore=72204.2930 valid=True gains=0 gain=+0.0000
no improvement over bank
