E-570 WSB pair (162,194) idD=133 baseline=332.7 kg
  aE=6.816e+06 eE=0.005 iE=0.708 | aL=4.481e+06 eL=0.583 iL=0.687

=== Phase A: ballistic scan pair (162,194) 16x12x3x1 ===
scan done in 3s: 107 bound returns, 468 escapes, 1 impacts/failures
   ea    t0 rapo9   dv0  tapo  tmin  rm_min_km  v_rel        E2  perig_km
 5.11  0.00  1.50  3139  44.0 101.2      31354   2179   2217961    250296
 0.00  5.66  1.35  3129  44.2  92.2      51624   2063   2032962    133064
 0.39  1.70  1.20  3126  40.5  89.8      57723   2236   2415461    227628
 3.53  2.26  1.35  3151  58.8 118.8      62609    907    333027    265294
 4.71  3.96  1.50  3143  43.5  97.8      63845   2105   2139434    189131
 0.00  2.26  1.35  3129  44.0  92.2      75750   1992   1918322    143263
 2.36  2.83  1.35  3148  45.2 116.8      78625   2003   1944394    420703
 0.39  5.09  1.20  3126  40.2  89.2      81301   2323   2636895    225772
 5.11  3.40  1.50  3139  44.2 102.2      90604   2201   2368361    274455
 0.00  2.26  1.50  3132  48.0 131.0     100789   2089   2132723    386941
 2.36  6.23  1.35  3148  45.5 117.8     103630   2058   2071293    426354
 0.39  2.26  1.50  3133  60.2 122.2     104029   1450   1003645     65061
 4.71  0.57  1.50  3143  43.5  97.0     108604   2020   1995495    169508
 3.53  5.09  1.20  3147  42.0 100.8     122673   2331   2676329    278283
 4.32  1.13  1.50  3147  44.0  96.0     126245   2354   2732499    144252
 4.32  4.53  1.50  3147  44.0  96.5     126612   2430   2912689    162126
 3.14  2.26  1.50  3154  50.0 126.8     128266   2036   2034092    381223
 5.50  6.23  1.35  3132  41.2  88.7     130537   1861   1694752    232838
 3.53  1.70  1.20  3147  41.8 100.0     135081   2422   2895830    278929
 0.39  2.26  1.35  3130  55.0 117.0     161300   1201    690758    271976

=== Phase B3: proxy-grid + exact-objective NM, 12 seeds ===
 [0] no grid point survives
 [1] no grid point survives
 [2] no grid point survives
 [3] no grid point survives
 [4] no grid point survives
 [5] ea=5.50 t0=2.83 rapo=1.35: grid best |dv1|=50 m/s peri=23410km v_rel=2085 E2=1964471 proxy_extra=2329 (1s)
     NM: dv_total=4376 m/s (|dv1|=54) [19s, 220 evals]
     arrival: in_window=141 rejects={'window': 1059, 'arr_none': 0, 'fit': 0}
     *** VALID mass=706.1 kg dv=4337 (dv0=3132 dv1=54 dv2=1151) dt=88.0d r_arr=2392km v_rel=2873 E2=2078091 ***
 [6] no grid point survives
 [7] no grid point survives
 [8] ea=5.89 t0=5.66 rapo=1.20: grid best |dv1|=169 m/s peri=17447km v_rel=2317 E2=2403706 proxy_extra=2225 (1s)
     NM: dv_total=7000 m/s (|dv1|=177) [10s, 97 evals]
 [9] ea=3.14 t0=5.66 rapo=1.50: grid best |dv1|=71 m/s peri=26318km v_rel=2336 E2=2541214 proxy_extra=2332 (1s)
     NM: dv_total=7000 m/s (|dv1|=60) [9s, 164 evals]
 [10] no grid point survives
 [11] ea=0.00 t0=5.66 rapo=1.50: grid best |dv1|=112 m/s peri=14696km v_rel=2432 E2=2622528 proxy_extra=2377 (1s)
     NM: dv_total=7000 m/s (|dv1|=109) [8s, 110 evals]

=== E-570 RESULT: WSB mass 706.1 kg vs baseline 332.7 kg (+373.4) ===
  full-precision row -> runs/ch1/e570_row_162_194.json
row(repr): ['162.0', '194.0', '133.0', '2.8296641148864197', '0.00029811772179080126', '-0.009526912232660468', '-0.008152015570829594', '5.293972863315945', '4.0171220749337495', '3.4480346744099433', '2.1645817845044255', '1.64463766805233', '1.407288274617748', '-0.00960583591036556', '0.031383149746751104', '0.04145647115389045', '0.39140973601436385', '1.0491237439486205', '0.10249353862413384', '9.486873852095451', '10.75225991805035']
