E-570 WSB pair (343,207) idD=268 baseline=198.2 kg
  aE=7.090e+06 eE=0.036 iE=0.063 | aL=5.029e+06 eL=0.633 iL=0.742

=== Phase A: ballistic scan pair (343,207) 16x12x3x1 ===
scan done in 3s: 97 bound returns, 479 escapes, 0 impacts/failures
   ea    t0 rapo9   dv0  tapo  tmin  rm_min_km  v_rel        E2  perig_km
 3.14  5.66  1.50  3160  48.5 119.8       7170   2556   2583397    349859
 4.71  3.96  1.50  3081  41.5  86.0       8761   2278   2034927    175402
 5.50  0.00  1.35  3022  49.0  99.2      13980   1175    339937     76024
 0.39  5.09  1.35  3005  44.8 129.5      16973   2329   2423737    248277
 0.79  5.09  1.35  3022  51.2 102.2      20585   1583   1015259     49280
 3.53  5.09  1.35  3151  47.8 128.2      24455   2244   2317688    228649
 3.14  2.26  1.50  3160  48.2 118.8      25589   2280   2406505    341199
 0.00  5.66  1.35  2999  43.8  91.5      29362   2228   2315542    163046
 4.71  0.57  1.50  3081  41.8  86.0      30774   2144   2138563    101277
 5.50  6.23  1.35  3022  41.5 110.0      35443   2252   2397241    238873
 3.53  1.70  1.35  3151  47.5 126.8      38540   2361   2660596    306634
 5.11  3.40  1.50  3050  43.0 107.5      42008   2293   2511151    314224
 5.50  2.83  1.35  3022  41.8 111.0      48949   2102   2109505    196873
 5.11  0.00  1.50  3050  42.8 106.8      51131   2375   2724810    319969
 1.18  1.13  1.50  3050  50.5 117.2      51554   2419   2830991    338182
 1.57  0.57  1.35  3078  45.8 109.8      53353   2131   2178082    271392
 0.79  1.70  1.35  3022  50.8 101.5      63854   1656   1293656     33918
 1.96  3.40  1.35  3108  46.2 134.5      67656   2283   2533313    174901
 2.36  6.23  1.20  3131  41.0  96.5      71897   2354   2703162    225844
 2.36  3.40  1.35  3134  50.0 102.8      73145   1193    644620     53039

=== Phase B3: proxy-grid + exact-objective NM, 12 seeds ===
 [0] ea=3.93 t0=2.83 rapo=1.20: grid best |dv1|=116 m/s peri=17166km v_rel=1180 E2=410224 proxy_extra=1294 (1s)
     NM: dv_total=4114 m/s (|dv1|=108) [14s, 220 evals]
     arrival: in_window=172 rejects={'window': 1028, 'arr_none': 15, 'fit': 0}
     *** VALID mass=833.1 kg dv=4032 (dv0=3131 dv1=108 dv2=793) dt=106.7d r_arr=5920km v_rel=1591 E2=436911 ***
 [1] ea=3.93 t0=6.23 rapo=1.20: grid best |dv1|=93 m/s peri=17403km v_rel=1256 E2=507122 proxy_extra=1203 (1s)
     NM: dv_total=7000 m/s (|dv1|=97) [8s, 107 evals]
 [2] ea=3.93 t0=3.40 rapo=1.35: grid best |dv1|=180 m/s peri=23870km v_rel=963 E2=258404 proxy_extra=1264 (1s)
     NM: dv_total=3673 m/s (|dv1|=194) [23s, 220 evals]
     arrival: in_window=277 rejects={'window': 923, 'arr_none': 0, 'fit': 0}
     *** VALID mass=1000.2 kg dv=3672 (dv0=3134 dv1=194 dv2=344) dt=132.0d r_arr=1920km v_rel=2376 E2=269363 ***
 [3] ea=5.50 t0=0.00 rapo=1.35: grid best |dv1|=0 m/s peri=8801km v_rel=1337 E2=337253 proxy_extra=1064 (1s)
     NM: dv_total=3380 m/s (|dv1|=3) [18s, 214 evals]
     arrival: in_window=271 rejects={'window': 929, 'arr_none': 0, 'fit': 0}
     *** VALID mass=1150.7 kg dv=3380 (dv0=3022 dv1=3 dv2=355) dt=99.3d r_arr=1850km v_rel=2432 E2=306068 ***
 [4] ea=3.93 t0=0.57 rapo=1.50: grid best |dv1|=126 m/s peri=29369km v_rel=1443 E2=873717 proxy_extra=1722 (1s)
     NM: dv_total=3871 m/s (|dv1|=141) [16s, 220 evals]
     arrival: in_window=216 rejects={'window': 984, 'arr_none': 0, 'fit': 0}
     *** VALID mass=902.3 kg dv=3877 (dv0=3137 dv1=141 dv2=600) dt=136.0d r_arr=1870km v_rel=2663 E2=922820 ***
 [5] ea=3.93 t0=5.09 rapo=1.50: grid best |dv1|=112 m/s peri=14950km v_rel=1422 E2=682740 proxy_extra=1335 (1s)
     NM: dv_total=3743 m/s (|dv1|=116) [21s, 220 evals]
     arrival: in_window=236 rejects={'window': 964, 'arr_none': 1, 'fit': 0}
     *** VALID mass=964.8 kg dv=3744 (dv0=3137 dv1=116 dv2=492) dt=53.7d r_arr=1854km v_rel=2568 E2=653012 ***
 [6] ea=3.93 t0=1.70 rapo=1.50: grid best |dv1|=112 m/s peri=25012km v_rel=1364 E2=734543 proxy_extra=1446 (1s)
     NM: dv_total=3742 m/s (|dv1|=103) [18s, 220 evals]
     arrival: in_window=233 rejects={'window': 967, 'arr_none': 0, 'fit': 0}
     *** VALID mass=964.9 kg dv=3744 (dv0=3137 dv1=103 dv2=504) dt=54.0d r_arr=1848km v_rel=2584 E2=684860 ***
 [7] no grid point survives
 [8] ea=3.93 t0=0.00 rapo=1.35: grid best |dv1|=180 m/s peri=5932km v_rel=1562 E2=392912 proxy_extra=1685 (1s)
     NM: dv_total=4899 m/s (|dv1|=179) [15s, 183 evals]
     arrival: in_window=63 rejects={'window': 1137, 'arr_none': 0, 'fit': 0}
     *** VALID mass=501.8 kg dv=4903 (dv0=3134 dv1=179 dv2=1590) dt=133.2d r_arr=8108km v_rel=1408 E2=386937 ***
 [9] no grid point survives
 [10] no grid point survives
 [11] ea=0.79 t0=5.09 rapo=1.35: grid best |dv1|=100 m/s peri=6757km v_rel=1260 E2=68228 proxy_extra=772 (1s)
     NM: dv_total=4339 m/s (|dv1|=99) [18s, 220 evals]
     arrival: in_window=168 rejects={'window': 1032, 'arr_none': 16, 'fit': 0}
     *** VALID mass=704.9 kg dv=4340 (dv0=3022 dv1=99 dv2=1219) dt=111.5d r_arr=7433km v_rel=1202 E2=62822 ***

=== E-570 RESULT: WSB mass 1150.7 kg vs baseline 198.2 kg (+952.5) ===
row: [343, 207, 268, np.float64(0.0), 0.000222288946, -0.013008351141, -0.00081600743, 5.304905922241, 5.291610255204, 0.332716237149, 2.089110527904, 2.083637761732, 0.130705565773, -0.000862992412, -0.001309498307, 0.002901163747, 0.228112136004, 0.216294925612, -0.145760783707, np.float64(11.269256212186), np.float64(11.556890561221)]
