E-570 WSB pair (194,213) idD=158 baseline=584.8 kg
  aE=7.326e+06 eE=0.063 iE=0.636 | aL=4.458e+06 eL=0.568 iL=0.626

=== Phase A: ballistic scan pair (194,213) 16x12x3x1 ===
scan done in 3s: 104 bound returns, 471 escapes, 1 impacts/failures
   ea    t0 rapo9   dv0  tapo  tmin  rm_min_km  v_rel        E2  perig_km
 0.00  2.26  1.35  2893  43.8  91.8      42552   2134   2161379    140753
 0.00  5.66  1.35  2893  43.8  91.8      49859   2196   2312496    140462
 3.14  2.26  1.50  3166  47.2 102.8      50232   2171   2259918    260703
 2.36  6.23  1.35  3123  44.0 115.2      66721   2083   2095410    364340
 5.50  2.83  1.35  2932  40.8  87.8      80412   2094   2130865    199425
 3.93  4.53  1.20  3119  35.8  79.0      84902   2194   2348568    166559
 0.39  2.26  1.35  2903  54.5 116.0      85519   1010    452264    275717
 4.32  0.57  1.35  3079  42.5 123.8      85785   1998   1939361    306707
 0.39  2.26  1.50  2906  59.8 121.5      86435   1247    721097     64738
 0.39  1.70  1.20  2900  40.0  89.0      91632   2378   2774486    218248
 5.50  6.23  1.35  2932  40.8  87.5      92732   2184   2332722    195388
 3.14  5.66  1.50  3166  47.2 103.2      93126   2047   2042020    275471
 5.50  2.83  1.50  2935  45.0 129.2     102518   2005   1963097    423997
 5.11  6.23  1.20  2972  39.0 102.2     105731   2203   2380070    278002
 5.11  0.00  1.50  2978  43.2  89.0     105938   1810   1592221    133520
 3.93  1.13  1.20  3119  35.8  78.5     109299   2262   2512869    165434
 4.32  3.96  1.35  3079  43.0 125.2     113771   2020   1996236    300425
 0.39  5.09  1.20  2900  40.0  88.5     118220   2476   3023388    212227
 5.89  5.66  1.20  2900  38.8  87.5     120057   2075   2112689    221176
 5.89  2.26  1.20  2900  39.0  88.0     128246   1995   1952120    218376

=== Phase B3: proxy-grid + exact-objective NM, 12 seeds ===
 [0] ea=3.53 t0=5.66 rapo=1.35: grid best |dv1|=127 m/s peri=9861km v_rel=1287 E2=331034 proxy_extra=1356 (1s)
     NM: dv_total=3978 m/s (|dv1|=132) [25s, 203 evals]
     arrival: in_window=220 rejects={'window': 980, 'arr_none': 25, 'fit': 0}
     *** VALID mass=479.3 kg dv=4292 (dv0=3152 dv1=132 dv2=1007) dt=127.0d r_arr=5537km v_rel=1586 E2=372389 ***
 [1] no grid point survives
 [2] no grid point survives
 [3] no grid point survives
 [4] ea=5.11 t0=3.40 rapo=1.50: grid best |dv1|=50 m/s peri=26063km v_rel=2041 E2=1895386 proxy_extra=1976 (1s)
     NM: dv_total=3997 m/s (|dv1|=53) [15s, 220 evals]
     arrival: in_window=146 rejects={'window': 1054, 'arr_none': 1, 'fit': 0}
     *** VALID mass=728.6 kg dv=4179 (dv0=2978 dv1=53 dv2=1147) dt=89.0d r_arr=2512km v_rel=2752 E2=1834707 ***
 [5] no grid point survives
 [6] no grid point survives
 [7] no grid point survives
 [8] ea=5.50 t0=6.23 rapo=1.50: grid best |dv1|=190 m/s peri=9291km v_rel=2262 E2=2031072 proxy_extra=2003 (1s)
     NM: dv_total=4147 m/s (|dv1|=193) [21s, 220 evals]
     arrival: in_window=142 rejects={'window': 1058, 'arr_none': 2, 'fit': 0}
     *** VALID mass=667.9 kg dv=4378 (dv0=2935 dv1=193 dv2=1249) dt=98.2d r_arr=2709km v_rel=2756 E2=1987381 ***
 [9] ea=0.00 t0=5.66 rapo=1.50: grid best |dv1|=80 m/s peri=18950km v_rel=2396 E2=2612705 proxy_extra=2331 (1s)
     NM: dv_total=7000 m/s (|dv1|=66) [10s, 146 evals]
 [10] ea=0.00 t0=2.26 rapo=1.50: grid best |dv1|=80 m/s peri=22716km v_rel=2400 E2=2665163 proxy_extra=2308 (1s)
     NM: dv_total=7000 m/s (|dv1|=61) [7s, 220 evals]
 [11] no grid point survives

=== E-570 RESULT: WSB mass 728.6 kg vs baseline 584.8 kg (+143.8) ===
  full-precision row -> runs/ch1/e570_row_194_213.json
row(repr): ['194.0', '213.0', '158.0', '3.395596937863704', '-0.006053728181957797', '-0.014132989830212557', '-0.010443082171371472', '6.809812109144766', '2.262713950264032', '1.6764589777516516', '2.690053009526433', '0.8943831243492459', '0.6608733588911562', '0.04396879597842762', '-0.012202610428423692', '-0.0244523050648649', '0.18758485247288575', '0.9400608389810625', '0.5814684576959198', '9.946843493409169', '10.520272312913605']
