error    libmamba Could not set lock (Resource temporarily unavailable)
warning  libmamba Cannot lock '/home/julian/.cache/mamba/proc'
    Waiting for other mamba process to finish
E-570 WSB pair (61,173) idD=59 baseline=589.4 kg
  aE=6.823e+06 eE=0.010 iE=0.189 | aL=4.948e+06 eL=0.625 iL=0.758

=== Phase A: ballistic scan pair (61,173) 16x12x3x1 ===
scan done in 3s: 73 bound returns, 502 escapes, 1 impacts/failures
   ea    t0 rapo9   dv0  tapo  tmin  rm_min_km  v_rel        E2  perig_km
 5.11  3.40  1.35  3130  39.5  85.2      31285   2166   2189675    167535
 2.75  2.83  1.50  3162  51.0 104.5      39095   2090   2058347    129524
 3.93  1.13  1.35  3154  41.2 115.5      41438   2200   2302454    168925
 5.11  0.00  1.35  3130  39.5  85.0      42320   2228   2366146    182130
 5.50  0.00  1.35  3123  48.8  98.0      42894   1152    549421    131381
 0.00  2.26  1.50  3120  47.8 131.5      52733   2197   2319760    372962
 0.00  2.26  1.35  3117  43.8  92.2      59302   2003   1922983    138346
 1.57  0.57  1.35  3139  46.2 110.5      68139   2113   2160804    273212
 0.39  5.09  1.35  3119  45.0 130.8      68415   2382   2766388    247174
 2.75  6.23  1.50  3162  50.8 104.5      72808   1998   1927929    158668
 3.93  4.53  1.35  3154  41.8 116.2      79949   2338   2671285    158839
 2.36  2.83  1.20  3151  41.5  97.8      84241   2140   2231922    235284
 5.11  3.40  1.50  3133  44.0 124.5      84363   2245   2461230    295305
 1.18  1.13  1.50  3133  51.2 117.8      95474   2411   2854586    329715
 2.36  6.23  1.20  3151  41.8  98.3      97162   2037   2024500    224879
 3.14  2.26  1.50  3163  49.8 126.5     105050   2071   2096859    360700
 1.57  3.96  1.35  3139  46.2 109.8     106460   2016   1986408    256902
 1.18  4.53  1.50  3133  51.2 117.0     111117   2517   3123588    301895
 0.00  5.66  1.50  3120  47.8 130.2     113384   2047   2051022    376616
 5.11  0.00  1.50  3133  43.8 123.5     119755   2099   2161787    306726

=== Phase B3: proxy-grid + exact-objective NM, 12 seeds ===
 [0] ea=5.50 t0=0.00 rapo=1.35: grid best |dv1|=100 m/s peri=24944km v_rel=1665 E2=1190282 proxy_extra=1747 (1s)
     NM: dv_total=3935 m/s (|dv1|=100) [15s, 186 evals]
     arrival: in_window=196 rejects={'window': 1004, 'arr_none': 0, 'fit': 0}
     *** VALID mass=575.5 kg dv=4652 (dv0=3123 dv1=100 dv2=1429) dt=94.2d r_arr=6587km v_rel=1975 E2=1205504 ***
 [1] no grid point survives
 [2] no grid point survives
 [3] ea=3.14 t0=5.66 rapo=1.50: grid best |dv1|=50 m/s peri=18796km v_rel=2403 E2=2626190 proxy_extra=2224 (1s)
     NM: dv_total=5136 m/s (|dv1|=48) [19s, 220 evals]
     arrival: in_window=105 rejects={'window': 1095, 'arr_none': 13, 'fit': 0}
     *** VALID mass=406.8 kg dv=5206 (dv0=3163 dv1=48 dv2=1995) dt=125.2d r_arr=7546km v_rel=2533 E2=2558504 ***
 [4] ea=0.00 t0=2.26 rapo=1.35: grid best |dv1|=77 m/s peri=5024km v_rel=2673 E2=2595873 proxy_extra=1770 (1s)
     NM: dv_total=4709 m/s (|dv1|=77) [23s, 220 evals]
     arrival: in_window=151 rejects={'window': 1049, 'arr_none': 5, 'fit': 0}
     *** VALID mass=481.5 kg dv=4964 (dv0=3117 dv1=77 dv2=1770) dt=111.5d r_arr=5131km v_rel=2661 E2=2584673 ***
 [5] no grid point survives
 [6] ea=1.57 t0=3.96 rapo=1.35: grid best |dv1|=126 m/s peri=21661km v_rel=2381 E2=2608370 proxy_extra=2322 (1s)
     NM: dv_total=5269 m/s (|dv1|=121) [15s, 220 evals]
     arrival: in_window=69 rejects={'window': 1131, 'arr_none': 6, 'fit': 0}
     *** VALID mass=314.2 kg dv=5279 (dv0=3139 dv1=121 dv2=2019) dt=142.2d r_arr=7404km v_rel=2550 E2=2590123 ***
 [7] ea=2.36 t0=6.23 rapo=1.20: grid best |dv1|=150 m/s peri=23889km v_rel=2208 E2=2232326 proxy_extra=2378 (1s)
     NM: dv_total=4365 m/s (|dv1|=134) [13s, 220 evals]
     arrival: in_window=157 rejects={'window': 1043, 'arr_none': 0, 'fit': 0}
     *** VALID mass=482.9 kg dv=4748 (dv0=3151 dv1=134 dv2=1464) dt=111.2d r_arr=3314km v_rel=2759 E2=2328023 ***
 [8] ea=0.00 t0=5.66 rapo=1.50: grid best |dv1|=192 m/s peri=24710km v_rel=1933 E2=1670104 proxy_extra=2024 (1s)
     NM: dv_total=5663 m/s (|dv1|=190) [14s, 161 evals]
     arrival: in_window=117 rejects={'window': 1083, 'arr_none': 0, 'fit': 0}
     *** VALID mass=285.2 kg dv=5646 (dv0=3120 dv1=190 dv2=2336) dt=95.5d r_arr=7834km v_rel=2088 E2=1553994 ***
 [9] ea=2.75 t0=2.83 rapo=1.50: grid best |dv1|=158 m/s peri=29700km v_rel=1571 E2=1068758 proxy_extra=2105 (1s)
     NM: dv_total=4762 m/s (|dv1|=159) [15s, 220 evals]
     arrival: in_window=193 rejects={'window': 1007, 'arr_none': 18, 'fit': 31}
 [10] ea=3.14 t0=2.26 rapo=1.50: grid best |dv1|=60 m/s peri=17219km v_rel=2230 E2=2201712 proxy_extra=2046 (1s)
     NM: dv_total=4437 m/s (|dv1|=64) [16s, 220 evals]
     arrival: in_window=153 rejects={'window': 1047, 'arr_none': 0, 'fit': 0}
     *** VALID mass=242.3 kg dv=5530 (dv0=3163 dv1=64 dv2=2303) dt=155.5d r_arr=7979km v_rel=2362 E2=2175195 ***
 [11] ea=1.57 t0=0.57 rapo=1.35: grid best |dv1|=91 m/s peri=26996km v_rel=2379 E2=2649144 proxy_extra=2357 (1s)
     NM: dv_total=4429 m/s (|dv1|=88) [23s, 220 evals]
     arrival: in_window=152 rejects={'window': 1048, 'arr_none': 2, 'fit': 0}
     *** VALID mass=325.2 kg dv=5452 (dv0=3139 dv1=88 dv2=2224) dt=140.2d r_arr=7631km v_rel=2535 E2=2571492 ***

=== E-570 RESULT: WSB mass 575.5 kg vs baseline 589.4 kg (-13.9) ===
  full-precision row -> runs/ch1/e570_row_61_173.json
row(repr): ['61.0', '173.0', '59.0', '0.0', '0.00022661600809840803', '-0.01232760412263113', '-0.0023525037123205135', '5.306374775477751', '5.211797600413242', '0.9969407267198936', '2.1584821137017163', '2.1201201085554833', '0.4045871668433836', '-0.06471761948150792', '0.07280029530040882', '-0.002292269870455663', '0.9252348291883703', '0.9666236008958464', '0.3998840016733814', '11.211760007021896', '10.455713657215052']
