error    libmamba Could not set lock (Resource temporarily unavailable)
warning  libmamba Cannot lock '/home/julian/.cache/mamba/proc'
    Waiting for other mamba process to finish
E-570 WSB pair (315,224) idD=248 baseline=534.2 kg
  aE=7.292e+06 eE=0.001 iE=0.259 | aL=5.097e+06 eL=0.639 iL=0.759

=== Phase A: ballistic scan pair (315,224) 16x12x3x1 ===
scan done in 3s: 77 bound returns, 498 escapes, 1 impacts/failures
   ea    t0 rapo9   dv0  tapo  tmin  rm_min_km  v_rel        E2  perig_km
 3.14  5.66  1.50  3039  48.5 120.5      13833   2448   2641572    358005
 3.14  2.26  1.50  3039  48.5 119.5      22536   2329   2494048    350626
 4.71  0.57  1.50  3037  41.0  85.2      24634   2147   2106822    143908
 1.96  3.40  1.35  3035  45.0 113.8      27804   2323   2522272    324862
 2.36  0.00  1.20  3032  46.0  96.5      29485    901    239967    230056
 2.36  3.40  1.50  3039  55.0 109.0      34701   1625   1178526     44819
 1.96  0.00  1.35  3035  45.2 114.8      48499   2370   2707185    324738
 3.93  1.13  1.20  3032  36.8  89.8      53671   2036   1982035    167622
 0.00  2.26  1.50  3035  46.2 111.0      59863   2451   2920934    325076
 0.00  5.66  1.50  3035  46.2 110.0      75856   2499   3056825    308551
 2.36  0.00  1.50  3039  54.5 108.0      79968   1765   1495569     15955
 0.39  5.09  1.35  3033  43.5 110.2      90084   2493   3054113    303393
 0.39  1.70  1.35  3033  43.8 111.5      91731   2471   2998814    301798
 1.18  1.13  1.50  3036  49.8 111.0     105057   2483   3036176    185040
 1.18  4.53  1.50  3036  50.0 110.2     110202   2467   2998297    161969
 0.79  1.13  1.20  3029  41.0 103.5     119187   2019   1997192    220001
 3.53  1.70  1.35  3036  47.5 129.8     124180   1965   1891927    209822
 0.79  4.53  1.20  3029  40.8  92.8     125171   1914   1793486    220922
 5.11  0.00  1.50  3036  42.0 104.5     129599   2451   2966712    309161
 5.50  6.23  1.35  3033  40.5 103.8     132097   2597   3335943    257171

=== Phase B3: proxy-grid + exact-objective NM, 12 seeds ===
 [0] ea=2.36 t0=0.00 rapo=1.20: grid best |dv1|=162 m/s peri=16194km v_rel=1239 E2=464887 proxy_extra=1251 (1s)
     NM: dv_total=3968 m/s (|dv1|=157) [22s, 220 evals]
     arrival: in_window=188 rejects={'window': 1012, 'arr_none': 19, 'fit': 0}
     *** VALID mass=533.2 kg dv=4401 (dv0=3032 dv1=157 dv2=1212) dt=93.5d r_arr=8331km v_rel=1425 E2=426570 ***
 [1] ea=3.93 t0=1.13 rapo=1.35: grid best |dv1|=190 m/s peri=22122km v_rel=2120 E2=2025987 proxy_extra=2426 (1s)
     NM: dv_total=5512 m/s (|dv1|=200) [17s, 220 evals]
     arrival: in_window=162 rejects={'window': 1038, 'arr_none': 0, 'fit': 5}
     *** VALID mass=363.3 kg dv=5357 (dv0=3036 dv1=200 dv2=2121) dt=115.2d r_arr=6240km v_rel=2392 E2=2075327 ***
 [2] ea=2.36 t0=3.40 rapo=1.50: grid best |dv1|=161 m/s peri=22682km v_rel=2148 E2=2089758 proxy_extra=2186 (1s)
     NM: dv_total=4185 m/s (|dv1|=158) [19s, 220 evals]
     arrival: in_window=171 rejects={'window': 1029, 'arr_none': 0, 'fit': 0}
     *** VALID mass=479.4 kg dv=4946 (dv0=3039 dv1=158 dv2=1750) dt=104.2d r_arr=6176km v_rel=2395 E2=2074308 ***
 [3] ea=3.53 t0=5.09 rapo=1.35: grid best |dv1|=180 m/s peri=26159km v_rel=2101 E2=2020286 proxy_extra=2360 (1s)
     NM: dv_total=4823 m/s (|dv1|=195) [16s, 216 evals]
     arrival: in_window=170 rejects={'window': 1030, 'arr_none': 0, 'fit': 0}
     *** VALID mass=421.7 kg dv=5135 (dv0=3036 dv1=195 dv2=1904) dt=115.7d r_arr=7230km v_rel=2362 E2=2110402 ***
 [4] ea=2.36 t0=0.00 rapo=1.50: grid best |dv1|=141 m/s peri=20355km v_rel=859 E2=128271 proxy_extra=1002 (1s)
     NM: dv_total=3533 m/s (|dv1|=140) [20s, 177 evals]
     arrival: in_window=162 rejects={'window': 1038, 'arr_none': 2, 'fit': 0}
     *** VALID mass=414.5 kg dv=4188 (dv0=3039 dv1=140 dv2=1009) dt=117.2d r_arr=8321km v_rel=1185 E2=113084 ***
 [5] no grid point survives
 [6] ea=0.79 t0=4.53 rapo=1.20: grid best |dv1|=126 m/s peri=25838km v_rel=2204 E2=2239164 proxy_extra=2468 (1s)
     NM: dv_total=4247 m/s (|dv1|=114) [22s, 220 evals]
     arrival: in_window=163 rejects={'window': 1037, 'arr_none': 0, 'fit': 0}
     *** VALID mass=549.4 kg dv=4751 (dv0=3029 dv1=114 dv2=1608) dt=90.2d r_arr=4253km v_rel=2647 E2=2351379 ***
 [7] ea=3.53 t0=1.70 rapo=1.35: grid best |dv1|=158 m/s peri=27276km v_rel=2178 E2=2191320 proxy_extra=2249 (1s)
     NM: dv_total=4211 m/s (|dv1|=147) [23s, 220 evals]
     arrival: in_window=168 rejects={'window': 1032, 'arr_none': 0, 'fit': 0}
     *** VALID mass=473.1 kg dv=4968 (dv0=3036 dv1=147 dv2=1785) dt=105.5d r_arr=6163km v_rel=2433 E2=2164127 ***
 [8] ea=3.93 t0=1.13 rapo=1.20: grid best |dv1|=50 m/s peri=20901km v_rel=2105 E2=1980684 proxy_extra=1985 (1s)
     NM: dv_total=4072 m/s (|dv1|=47) [15s, 176 evals]
     arrival: in_window=171 rejects={'window': 1029, 'arr_none': 0, 'fit': 0}
     *** VALID mass=598.2 kg dv=4560 (dv0=3032 dv1=47 dv2=1480) dt=80.5d r_arr=4142km v_rel=2549 E2=2065825 ***
 [9] ea=0.79 t0=1.13 rapo=1.20: grid best |dv1|=212 m/s peri=31282km v_rel=2329 E2=2555734 proxy_extra=2489 (1s)
     NM: dv_total=4378 m/s (|dv1|=221) [22s, 220 evals]
     arrival: in_window=160 rejects={'window': 1040, 'arr_none': 0, 'fit': 0}
     *** VALID mass=336.8 kg dv=5355 (dv0=3029 dv1=221 dv2=2105) dt=132.7d r_arr=7527km v_rel=2497 E2=2467311 ***
 [10] ea=4.71 t0=0.57 rapo=1.50: grid best |dv1|=0 m/s peri=24634km v_rel=2147 E2=2106822 proxy_extra=2024 (1s)
     NM: dv_total=4982 m/s (|dv1|=8) [15s, 220 evals]
     arrival: in_window=157 rejects={'window': 1043, 'arr_none': 26, 'fit': 0}
     *** VALID mass=508.2 kg dv=4884 (dv0=3037 dv1=8 dv2=1839) dt=85.5d r_arr=6457km v_rel=2361 E2=2027674 ***
 [11] ea=3.14 t0=2.26 rapo=1.50: grid best |dv1|=169 m/s peri=22780km v_rel=2185 E2=2171040 proxy_extra=2211 (1s)
     NM: dv_total=5147 m/s (|dv1|=168) [16s, 220 evals]
     arrival: in_window=169 rejects={'window': 1031, 'arr_none': 14, 'fit': 0}
     *** VALID mass=425.5 kg dv=5120 (dv0=3039 dv1=168 dv2=1913) dt=115.0d r_arr=4732km v_rel=2506 E2=2103311 ***

=== E-570 RESULT: WSB mass 598.2 kg vs baseline 534.2 kg (+64.0) ===
  full-precision row -> runs/ch1/e570_row_315_224.json
row(repr): ['315.0', '224.0', '248.0', '1.131865645954568', '-0.025581053765965193', '-0.012965801700023014', '-0.0034357123126439763', '5.093045021224477', '-4.92223679459595', '-1.3078661221462171', '2.095431654576087', '-2.025525166327043', '-0.5367289979074494', '0.04008546571490214', '-0.0012460076291940401', '0.023167760125763458', '0.3222367393616903', '1.3776833775938089', '-0.3002983845076282', '8.451942159139584', '10.057667428863194']
