E-570 WSB pair (70,154) idD=68 baseline=626.5 kg
  aE=7.521e+06 eE=0.054 iE=0.819 | aL=4.632e+06 eL=0.597 iL=0.749

=== Phase A: ballistic scan pair (70,154) 16x12x3x1 ===
scan done in 3s: 127 bound returns, 449 escapes, 0 impacts/failures
   ea    t0 rapo9   dv0  tapo  tmin  rm_min_km  v_rel        E2  perig_km
 0.00  2.26  1.50  2877  47.0 113.2      33324   2278   2447611    340136
 0.00  5.66  1.50  2877  47.0 112.2      33868   2367   2655708    360793
 3.14  5.66  1.50  3104  47.0 102.2      44913   2241   2401169    268020
 0.39  2.26  1.35  2883  51.0 102.5      46076   1185    595813    154040
 3.53  2.26  1.50  3095  58.5 116.5      46998   1287    724163    116854
 3.14  2.26  1.50  3104  47.0 101.8      57696   2333   2635820    267832
 0.79  5.09  1.50  2910  48.0 108.5      60824   2300   2565181    226576
 5.50  2.83  1.50  2910  44.0 104.5      71504   2200   2350469    308894
 0.39  5.66  1.35  2883  51.7 104.0      80735    890    335108    203552
 0.79  1.70  1.50  2910  47.8 109.5      98001   2338   2682719    254674
 0.39  1.70  1.20  2879  39.8  88.5     102343   2366   2750349    219503
 0.39  5.09  1.20  2879  39.5  88.0     125503   2459   2983995    215986
 0.00  2.26  1.35  2874  43.2  90.5     131568   2432   2921124    117956
 3.53  5.66  1.50  3095  57.8 114.8     140425   1579   1211538    109783
 0.00  5.66  1.35  2874  43.5  90.5     151913   2535   3179962    106335
 4.32  4.53  1.50  3033  41.8  84.5     160503   1923   1817476     68722
 4.32  1.13  1.50  3033  41.8  84.5     162376   1989   1947221     56214
 5.11  3.40  1.50  2946  43.2  88.0     169650   2368   2775411     59318
 3.93  1.13  1.20  3064  36.8  80.8     180768   1673   1372421    200311
 2.36  2.83  1.35  3067  41.8  91.8     183755   2610   3380487    210288

=== Phase B3: proxy-grid + exact-objective NM, 12 seeds ===
 [0] no grid point survives
 [1] no grid point survives
 [2] no grid point survives
 [3] ea=2.75 t0=2.83 rapo=1.50: grid best |dv1|=100 m/s peri=13094km v_rel=1582 E2=877629 proxy_extra=1465 (1s)
     NM: dv_total=3795 m/s (|dv1|=96) [15s, 189 evals]
     arrival: in_window=194 rejects={'window': 1006, 'arr_none': 0, 'fit': 0}
     *** VALID mass=679.1 kg dv=4383 (dv0=3095 dv1=96 dv2=1191) dt=105.5d r_arr=5534km v_rel=1886 E2=891703 ***
 [4] no grid point survives
 [5] no grid point survives
 [6] no grid point survives
 [7] ea=3.93 t0=1.13 rapo=1.20: grid best |dv1|=127 m/s peri=20941km v_rel=2170 E2=2121260 proxy_extra=2107 (1s)
     NM: dv_total=4655 m/s (|dv1|=131) [15s, 142 evals]
     arrival: in_window=142 rejects={'window': 1058, 'arr_none': 7, 'fit': 0}
     *** VALID mass=595.1 kg dv=4631 (dv0=3064 dv1=131 dv2=1437) dt=77.7d r_arr=4056km v_rel=2577 E2=2110571 ***
 [8] no grid point survives
 [9] no grid point survives
 [10] no grid point survives
 [11] no grid point survives

=== E-570 RESULT: WSB mass 679.1 kg vs baseline 626.5 kg (+52.6) ===
  full-precision row -> runs/ch1/e570_row_70_154.json
row(repr): ['70.0', '154.0', '68.0', '2.8296641148864197', '-0.03127362087841198', '0.005106348034639994', '0.005461201131794609', '-2.5892997297186637', '-4.252543027338285', '-4.568514990388421', '-1.1589850592866184', '-1.9082583827889579', '-2.04086810557133', '-0.03589999118494515', '0.01012739034316804', '-0.08656070849728163', '-1.0601549214876727', '0.05123516839825179', '0.4786915365051955', '11.786722058664045', '12.469345754476185']
