E-570 WSB pair (172,219) idD=142 baseline=600.9 kg
  aE=7.804e+06 eE=0.026 iE=0.225 | aL=5.005e+06 eL=0.616 iL=0.587

=== Phase A: ballistic scan pair (172,219) 16x12x3x1 ===
scan done in 3s: 83 bound returns, 493 escapes, 0 impacts/failures
   ea    t0 rapo9   dv0  tapo  tmin  rm_min_km  v_rel        E2  perig_km
 3.14  5.66  1.50  2987  46.5 101.5      37852   2346   2621752    280630
 5.89  2.83  1.50  2885  46.5  93.5      46720   1971   1837209     44940
 5.89  6.23  1.50  2885  46.8  93.8      48942   1936   1773907     42712
 0.39  5.09  1.35  2882  42.8 106.2      49403   2381   2735627    273442
 5.11  3.40  1.50  2914  41.0  98.5      57115   2256   2458163    224156
 5.89  2.26  1.20  2879  38.0  86.5      62908   2233   2415744    186236
 1.18  1.13  1.50  2914  48.5 108.3      64405   2182   2305448    156715
 5.11  0.00  1.50  2914  41.0  97.8      64827   2174   2287128    215060
 0.79  1.13  1.20  2890  40.2  91.2      68729   2226   2407203    215728
 3.53  5.09  1.20  2977  38.2  79.8      69685   2213   2377225     97446
 3.14  2.26  1.50  2987  46.5 101.0      74821   2438   2905474    252647
 1.18  4.53  1.50  2914  48.8 107.5      76288   2126   2196719    136774
 0.39  1.70  1.35  2882  43.0 107.0      78789   2455   2950902    276307
 5.50  2.83  1.35  2894  39.5  98.5      80720   2158   2268157    220476
 5.89  5.66  1.20  2879  37.8  86.0      81736   2303   2592091    187785
 0.00  5.66  1.50  2881  45.2 106.2      82381   2464   2976621    244616
 0.79  4.53  1.20  2890  40.0  90.5      85662   2313   2616835    218871
 0.00  2.26  1.50  2881  45.2 107.0      88981   2507   3086197    260535
 5.50  6.23  1.35  2894  39.2  97.8      94888   2066   2083302    218146
 3.53  1.70  1.20  2977  38.2  79.8      96034   2294   2579636     88266

=== Phase B3: proxy-grid + exact-objective NM, 12 seeds ===
 [0] ea=5.50 t0=0.00 rapo=1.50: grid best |dv1|=162 m/s peri=14706km v_rel=1076 E2=245698 proxy_extra=1134 (1s)
     NM: dv_total=3945 m/s (|dv1|=152) [15s, 202 evals]
     arrival: in_window=182 rejects={'window': 1018, 'arr_none': 18, 'fit': 0}
     *** VALID mass=642.8 kg dv=4128 (dv0=2896 dv1=152 dv2=1079) dt=105.2d r_arr=5231km v_rel=1541 E2=249752 ***
 [1] no grid point survives
 [2] no grid point survives
 [3] ea=5.89 t0=6.23 rapo=1.50: grid best |dv1|=158 m/s peri=29796km v_rel=2387 E2=2683849 proxy_extra=2461 (1s)
     NM: dv_total=4252 m/s (|dv1|=167) [21s, 220 evals]
     arrival: in_window=151 rejects={'window': 1049, 'arr_none': 0, 'fit': 0}
     *** VALID mass=627.1 kg dv=4521 (dv0=2885 dv1=167 dv2=1468) dt=107.5d r_arr=2863km v_rel=2950 E2=2637661 ***
 [4] ea=2.36 t0=0.00 rapo=1.50: grid best |dv1|=190 m/s peri=26540km v_rel=939 E2=256370 proxy_extra=1368 (1s)
     NM: dv_total=4045 m/s (|dv1|=191) [17s, 220 evals]
     arrival: in_window=188 rejects={'window': 1012, 'arr_none': 19, 'fit': 0}
     *** VALID mass=551.3 kg dv=4226 (dv0=2972 dv1=191 dv2=1063) dt=118.7d r_arr=5299km v_rel=1510 E2=215192 ***
 [5] ea=3.53 t0=1.70 rapo=1.35: grid best |dv1|=117 m/s peri=18502km v_rel=2250 E2=2265326 proxy_extra=2210 (1s)
     NM: dv_total=4191 m/s (|dv1|=138) [18s, 220 evals]
     arrival: in_window=160 rejects={'window': 1040, 'arr_none': 0, 'fit': 0}
     *** VALID mass=400.2 kg dv=5223 (dv0=2980 dv1=138 dv2=2105) dt=141.0d r_arr=7699km v_rel=2408 E2=2263131 ***
 [6] ea=5.89 t0=2.83 rapo=1.50: grid best |dv1|=158 m/s peri=25270km v_rel=2384 E2=2647273 proxy_extra=2405 (1s)
     NM: dv_total=4626 m/s (|dv1|=161) [21s, 220 evals]
     arrival: in_window=149 rejects={'window': 1051, 'arr_none': 1, 'fit': 0}
     *** VALID mass=608.6 kg dv=4594 (dv0=2885 dv1=161 dv2=1548) dt=107.3d r_arr=3493km v_rel=2843 E2=2638178 ***
 [7] ea=1.96 t0=3.40 rapo=1.35: grid best |dv1|=50 m/s peri=15342km v_rel=2399 E2=2558075 proxy_extra=2156 (1s)
     NM: dv_total=4170 m/s (|dv1|=54) [19s, 188 evals]
     arrival: in_window=154 rejects={'window': 1046, 'arr_none': 0, 'fit': 0}
     *** VALID mass=581.4 kg dv=4636 (dv0=2952 dv1=54 dv2=1630) dt=114.2d r_arr=3974km v_rel=2735 E2=2507101 ***
 [8] ea=3.53 t0=5.09 rapo=1.35: grid best |dv1|=71 m/s peri=29773km v_rel=2406 E2=2730527 proxy_extra=2391 (1s)
     NM: dv_total=4818 m/s (|dv1|=78) [19s, 220 evals]
     arrival: in_window=145 rejects={'window': 1055, 'arr_none': 0, 'fit': 0}
     *** VALID mass=525.4 kg dv=4804 (dv0=2980 dv1=78 dv2=1745) dt=122.5d r_arr=4626km v_rel=2712 E2=2618404 ***
 [9] ea=1.57 t0=0.57 rapo=1.50: grid best |dv1|=50 m/s peri=25883km v_rel=2309 E2=2475805 proxy_extra=2386 (1s)
     NM: dv_total=5805 m/s (|dv1|=44) [16s, 220 evals]
     arrival: in_window=74 rejects={'window': 1126, 'arr_none': 0, 'fit': 0}
     *** VALID mass=255.9 kg dv=5762 (dv0=2934 dv1=44 dv2=2784) dt=139.8d r_arr=7748km v_rel=2497 E2=2485030 ***
 [10] no grid point survives
 [11] ea=1.96 t0=0.00 rapo=1.35: grid best |dv1|=117 m/s peri=27999km v_rel=2263 E2=2385746 proxy_extra=2360 (1s)
     NM: dv_total=7000 m/s (|dv1|=116) [9s, 126 evals]

=== E-570 RESULT: WSB mass 642.8 kg vs baseline 600.9 kg (+41.9) ===
  full-precision row -> runs/ch1/e570_row_172_219.json
row(repr): ['172.0', '219.0', '142.0', '0.0', '0.0016859097276088301', '-0.013990577638814077', '-0.003197271488517525', '5.015692803286037', '4.887831597801465', '1.1201798839960158', '2.0019382533002203', '1.9509850054217432', '0.44585926995998576', '0.07278889276548542', '-0.005188077022984626', '0.12930924788848264', '0.45193162324128894', '-0.07259170311587426', '0.95025201272688', '11.84421826382826', '12.344665233577583']
