matching-i: bank incumbent=33338.1840  leader_r1=33555.6150  (need >= leader for top rank)
Running HiGHS 1.14.0 (git hash: n/a): Copyright (c) 2026 under MIT licence terms
MIP has 15000 rows; 25000 cols; 75000 nonzeros; 25000 integer variables (25000 binary)
Coefficient ranges:
  Matrix  [1e+00, 1e+00]
  Cost    [1e-03, 1e+01]
  Bound   [1e+00, 1e+00]
  RHS     [1e+00, 1e+00]
Assessing feasibility of MIP using primal feasibility and integrality tolerance of       1e-06
Solution has               num          max          sum
Col     infeasibilities      0            0            0
Integer infeasibilities      0            0            0
Row     infeasibilities      0            0            0
Row     residuals            0            0            0
Presolving model
15000 rows, 24998 cols, 74994 nonzeros 0s
15000 rows, 24998 cols, 74994 nonzeros 0s
Presolve reductions: rows 15000(-0); columns 24998(-2); nonzeros 74994(-6) 

MIP start solution is feasible, objective value is 33338.184

Solving MIP model with:
   15000 rows
   24998 cols (24998 binary, 0 integer, 0 implied int., 0 continuous, 0 domain fixed)
   74994 nonzeros

Src: B => Branching; C => Central rounding; F => Feasibility pump; H => Heuristic;
     I => Shifting; J => Feasibility jump; L => Sub-MIP; P => Empty MIP; R => Randomized rounding;
     S => Solve LP; T => Evaluate node; U => Unbounded; X => User solution; Y => HiGHS solution;
     Z => ZI Round; l => Trivial lower; p => Trivial point; u => Trivial upper; z => Trivial zero

        Nodes      |    B&B Tree     |            Objective Bounds              |  Dynamic Constraints |       Work      
Src  Proc. InQueue |  Leaves   Expl. | BestBound       BestSol              Gap |   Cuts   InLp Confl. | LpIters     Time

         0       0         0   0.00%   58794.78        33338.184         76.36%        0      0      0         0     3.8s
         0       0         0   0.00%   34120.529352    33338.184          2.35%        0      0      0    501988   734.0s
         0       0         0   0.00%   34120.090494    33338.184          2.35%        1      1      0    507691   756.6s
         0       0         0   0.00%   34120.071433    33338.184          2.35%        2      2      0    508756   770.7s
         0       0         0   0.00%   34120.024721    33338.184          2.35%        3      3      0    510907   786.8s
         0       0         0   0.00%   34120.024721    33338.184          2.35%        3      3      0    510907   796.5s
         0       0         0   0.00%   34120.024721    33338.184          2.35%        3      3      0     1023k  1800.0s

Solving report
  Status            Time limit reached
  Primal bound      33338.184
  Dual bound        34120.0247207
  Gap               2.35%
  P-D integral      582.530428033
  Solution status   feasible
                    33338.184 (objective)
                    0 (bound viol.)
                    0 (int. viol.)
                    0 (row viol.)
  Timing            1800.04
  Max sub-MIP depth 2
  Nodes             0
  Repair LPs        0
  LP iterations     1023731
                    0 (strong br.)
                    8919 (separation)
                    512824 (heuristics)

=== RESULT matching-i [1800s] ===
  status=HighsModelStatus.kTimeLimit  obj=33338.1840  dual_bound=34120.0247  mip_gap=0.023452
  feasible=True  vs bank 33338.1840 (+0.0000)  vs leader 33555.6150 (-217.4310)
