E-626 matching-i: bank=33338.1840 leader=33555.6150 budget=1800.0s nw=4
[coop seed=3 f=0.30] r=25 best=33338.2 t=0s
[coop seed=0 f=0.30] r=25 best=33338.2 t=0s
[coop seed=1 f=0.45] r=25 best=33338.2 t=1s
[coop seed=2 f=0.65] r=25 best=33338.2 t=4s
[coop seed=3 f=0.65] r=50 best=33338.2 t=15s
[coop seed=0 f=0.65] r=50 best=33338.2 t=16s
[coop seed=1 f=0.65] r=50 best=33338.2 t=25s
[coop seed=2 f=0.65] r=50 best=33338.2 t=34s
[coop seed=3 f=0.65] r=75 best=33338.2 t=46s
[coop seed=0 f=0.65] r=75 best=33338.2 t=46s
[coop seed=1 f=0.65] r=75 best=33338.2 t=57s
[coop seed=2 f=0.65] r=75 best=33338.2 t=65s
[coop seed=3 f=0.65] r=100 best=33338.2 t=77s
[coop seed=0 f=0.65] r=100 best=33338.2 t=77s
[coop seed=1 f=0.65] r=100 best=33338.2 t=87s
[coop seed=2 f=0.65] r=100 best=33338.2 t=94s
[coop seed=3 f=0.65] r=125 best=33338.2 t=105s
[coop seed=0 f=0.65] r=125 best=33338.2 t=105s
[coop seed=1 f=0.65] r=125 best=33338.2 t=116s
[coop seed=2 f=0.65] r=125 best=33338.2 t=122s
[coop seed=3 f=0.65] r=150 best=33338.2 t=134s
[coop seed=0 f=0.65] r=150 best=33338.2 t=135s
[coop seed=1 f=0.65] r=150 best=33338.2 t=145s
[coop seed=2 f=0.65] r=150 best=33338.2 t=151s
[coop seed=3 f=0.65] r=175 best=33338.2 t=162s
[coop seed=0 f=0.65] r=175 best=33338.2 t=163s
[coop seed=1 f=0.65] r=175 best=33338.2 t=174s
[coop seed=2 f=0.65] r=175 best=33338.2 t=179s
[coop seed=3 f=0.65] r=200 best=33338.2 t=192s
[coop seed=0 f=0.65] r=200 best=33338.2 t=192s
[coop seed=1 f=0.65] r=200 best=33338.2 t=202s
[coop seed=2 f=0.65] r=200 best=33338.2 t=208s
[coop seed=3 f=0.65] r=225 best=33338.2 t=221s
[coop seed=0 f=0.65] r=225 best=33338.2 t=221s
[coop seed=1 f=0.65] r=225 best=33338.2 t=232s
[coop seed=2 f=0.65] r=225 best=33338.2 t=238s
[coop seed=0 f=0.65] r=250 best=33338.2 t=249s
[coop seed=3 f=0.65] r=250 best=33338.2 t=249s
[coop seed=1 f=0.65] r=250 best=33338.2 t=261s
[coop seed=2 f=0.65] r=250 best=33338.2 t=267s
[coop seed=3 f=0.65] r=275 best=33338.2 t=278s
[coop seed=0 f=0.65] r=275 best=33338.2 t=278s
[coop seed=1 f=0.65] r=275 best=33338.2 t=290s
[coop seed=2 f=0.65] r=275 best=33338.2 t=295s
[coop seed=3 f=0.65] r=300 best=33338.2 t=306s
[coop seed=0 f=0.65] r=300 best=33338.2 t=307s
[coop seed=1 f=0.65] r=300 best=33338.2 t=319s
[coop seed=2 f=0.65] r=300 best=33338.2 t=324s
[coop seed=3 f=0.65] r=325 best=33338.2 t=335s
[coop seed=0 f=0.65] r=325 best=33338.2 t=335s
[coop seed=1 f=0.65] r=325 best=33338.2 t=348s
[coop seed=2 f=0.65] r=325 best=33338.2 t=353s
[coop seed=3 f=0.65] r=350 best=33338.2 t=364s
[coop seed=0 f=0.65] r=350 best=33338.2 t=364s
[coop seed=1 f=0.65] r=350 best=33338.2 t=377s
[coop seed=2 f=0.65] r=350 best=33338.2 t=382s
[coop seed=3 f=0.65] r=375 best=33338.2 t=393s
[coop seed=0 f=0.65] r=375 best=33338.2 t=393s
[coop seed=1 f=0.65] r=375 best=33338.2 t=406s
[coop seed=2 f=0.65] r=375 best=33338.2 t=410s
[coop seed=3 f=0.65] r=400 best=33338.2 t=422s
[coop seed=0 f=0.65] r=400 best=33338.2 t=422s
[coop seed=1 f=0.65] r=400 best=33338.2 t=434s
[coop seed=2 f=0.65] r=400 best=33338.2 t=439s
[coop seed=3 f=0.65] r=425 best=33338.2 t=450s
[coop seed=0 f=0.65] r=425 best=33338.2 t=450s
[coop seed=1 f=0.65] r=425 best=33338.2 t=463s
[coop seed=2 f=0.65] r=425 best=33338.2 t=468s
[coop seed=3 f=0.65] r=450 best=33338.2 t=478s
[coop seed=0 f=0.65] r=450 best=33338.2 t=478s
[coop seed=1 f=0.65] r=450 best=33338.2 t=492s
[coop seed=2 f=0.65] r=450 best=33338.2 t=497s
[coop seed=3 f=0.65] r=475 best=33338.2 t=507s
[coop seed=0 f=0.65] r=475 best=33338.2 t=507s
[coop seed=1 f=0.65] r=475 best=33338.2 t=521s
[coop seed=2 f=0.65] r=475 best=33338.2 t=526s
[coop seed=3 f=0.65] r=500 best=33338.2 t=535s
[coop seed=0 f=0.65] r=500 best=33338.2 t=536s
[coop seed=1 f=0.65] r=500 best=33338.2 t=550s
[coop seed=2 f=0.65] r=500 best=33338.2 t=555s
[coop seed=3 f=0.65] r=525 best=33338.2 t=563s
[coop seed=0 f=0.65] r=525 best=33338.2 t=564s
[coop seed=1 f=0.65] r=525 best=33338.2 t=579s
[coop seed=2 f=0.65] r=525 best=33338.2 t=583s
[coop seed=3 f=0.65] r=550 best=33338.2 t=592s
[coop seed=0 f=0.65] r=550 best=33338.2 t=593s
[coop seed=1 f=0.65] r=550 best=33338.2 t=607s
[coop seed=2 f=0.65] r=550 best=33338.2 t=612s
[coop seed=3 f=0.65] r=575 best=33338.2 t=621s
[coop seed=0 f=0.65] r=575 best=33338.2 t=622s
[coop seed=1 f=0.65] r=575 best=33338.2 t=637s
[coop seed=2 f=0.65] r=575 best=33338.2 t=641s
[coop seed=3 f=0.65] r=600 best=33338.2 t=650s
[coop seed=0 f=0.65] r=600 best=33338.2 t=651s
[coop seed=1 f=0.65] r=600 best=33338.2 t=666s
[coop seed=2 f=0.65] r=600 best=33338.2 t=670s
[coop seed=3 f=0.65] r=625 best=33338.2 t=679s
[coop seed=0 f=0.65] r=625 best=33338.2 t=680s
[coop seed=1 f=0.65] r=625 best=33338.2 t=695s
[coop seed=2 f=0.65] r=625 best=33338.2 t=699s
[coop seed=3 f=0.65] r=650 best=33338.2 t=708s
[coop seed=0 f=0.65] r=650 best=33338.2 t=708s
[coop seed=1 f=0.65] r=650 best=33338.2 t=723s
[coop seed=2 f=0.65] r=650 best=33338.2 t=728s
[coop seed=3 f=0.65] r=675 best=33338.2 t=737s
[coop seed=0 f=0.65] r=675 best=33338.2 t=737s
[coop seed=0 f=0.10] r=700 best=33338.7 t=743s
[coop seed=0 f=0.30] r=725 best=33338.7 t=743s
[coop seed=1 f=0.65] r=675 best=33338.2 t=753s
[coop seed=2 f=0.65] r=675 best=33338.2 t=757s
[coop seed=1 f=0.30] r=700 best=33338.7 t=759s
[coop seed=1 f=0.20] r=725 best=33338.7 t=764s
[coop seed=0 f=0.65] r=750 best=33338.7 t=764s
[coop seed=2 f=0.20] r=700 best=33338.7 t=764s
[coop seed=3 f=0.10] r=700 best=33338.7 t=765s
[coop seed=3 f=0.30] r=725 best=33338.7 t=765s
[coop seed=3 f=0.15] r=750 best=33339.7 t=767s
[coop seed=1 f=0.15] r=750 best=33338.9 t=768s
[coop seed=2 f=0.65] r=725 best=33338.7 t=768s
[coop seed=0 f=0.20] r=775 best=33338.9 t=769s
[coop seed=3 f=0.45] r=775 best=33339.7 t=770s
[coop seed=1 f=0.45] r=775 best=33338.9 t=770s
[coop seed=1 f=0.30] r=800 best=33340.0 t=776s
[coop seed=2 f=0.45] r=750 best=33338.9 t=777s
[coop seed=0 f=0.10] r=800 best=33338.9 t=778s
[coop seed=0 f=0.30] r=825 best=33338.9 t=779s
[coop seed=2 f=0.30] r=775 best=33340.0 t=790s
[coop seed=1 f=0.65] r=825 best=33340.0 t=790s
[coop seed=0 f=0.10] r=850 best=33340.0 t=792s
[coop seed=0 f=0.30] r=875 best=33340.0 t=793s
[coop seed=3 f=0.10] r=800 best=33340.0 t=797s
[coop seed=3 f=0.30] r=825 best=33340.0 t=797s
[coop seed=2 f=0.65] r=800 best=33340.0 t=805s
[coop seed=0 f=0.65] r=900 best=33340.0 t=808s
[coop seed=3 f=0.65] r=850 best=33340.0 t=812s
[coop seed=1 f=0.65] r=850 best=33340.0 t=819s
[coop seed=2 f=0.65] r=825 best=33340.0 t=833s
[coop seed=0 f=0.65] r=925 best=33340.0 t=837s
[coop seed=3 f=0.65] r=875 best=33340.0 t=842s
[coop seed=1 f=0.65] r=875 best=33340.0 t=847s
[coop seed=2 f=0.65] r=850 best=33340.0 t=862s
[coop seed=0 f=0.65] r=950 best=33340.0 t=865s
[coop seed=3 f=0.65] r=900 best=33340.0 t=870s
[coop seed=1 f=0.65] r=900 best=33340.0 t=876s
[coop seed=2 f=0.65] r=875 best=33340.0 t=890s
[coop seed=0 f=0.65] r=975 best=33340.0 t=894s
[coop seed=3 f=0.65] r=925 best=33340.0 t=899s
[coop seed=1 f=0.65] r=925 best=33340.0 t=905s
[coop seed=2 f=0.65] r=900 best=33340.0 t=919s
[coop seed=0 f=0.65] r=1000 best=33340.0 t=923s
[coop seed=3 f=0.65] r=950 best=33340.0 t=927s
[coop seed=1 f=0.65] r=950 best=33340.0 t=933s
[coop seed=2 f=0.65] r=925 best=33340.0 t=948s
[coop seed=0 f=0.65] r=1025 best=33340.0 t=952s
[coop seed=3 f=0.65] r=975 best=33340.0 t=956s
[coop seed=1 f=0.65] r=975 best=33340.0 t=962s
[coop seed=2 f=0.65] r=950 best=33340.0 t=976s
[coop seed=0 f=0.65] r=1050 best=33340.0 t=981s
[coop seed=3 f=0.65] r=1000 best=33340.0 t=984s
[coop seed=1 f=0.65] r=1000 best=33340.0 t=990s
[coop seed=2 f=0.65] r=975 best=33340.0 t=1004s
[coop seed=0 f=0.65] r=1075 best=33340.0 t=1009s
[coop seed=3 f=0.65] r=1025 best=33340.0 t=1013s
[coop seed=1 f=0.65] r=1025 best=33340.0 t=1019s
[coop seed=2 f=0.65] r=1000 best=33340.0 t=1032s
[coop seed=0 f=0.65] r=1100 best=33340.0 t=1038s
[coop seed=3 f=0.65] r=1050 best=33340.0 t=1042s
[coop seed=1 f=0.65] r=1050 best=33340.0 t=1047s
[coop seed=2 f=0.65] r=1025 best=33340.0 t=1061s
[coop seed=0 f=0.65] r=1125 best=33340.0 t=1066s
[coop seed=3 f=0.65] r=1075 best=33340.0 t=1071s
[coop seed=1 f=0.65] r=1075 best=33340.0 t=1075s
[coop seed=2 f=0.65] r=1050 best=33340.0 t=1089s
[coop seed=0 f=0.65] r=1150 best=33340.0 t=1095s
[coop seed=3 f=0.65] r=1100 best=33340.0 t=1100s
[coop seed=1 f=0.65] r=1100 best=33340.0 t=1104s
[coop seed=2 f=0.65] r=1075 best=33340.0 t=1118s
[coop seed=0 f=0.65] r=1175 best=33340.0 t=1124s
[coop seed=3 f=0.65] r=1125 best=33340.0 t=1129s
[coop seed=1 f=0.65] r=1125 best=33340.0 t=1133s
[coop seed=2 f=0.65] r=1100 best=33340.0 t=1146s
[coop seed=0 f=0.65] r=1200 best=33340.0 t=1152s
[coop seed=3 f=0.65] r=1150 best=33340.0 t=1157s
[coop seed=1 f=0.65] r=1150 best=33340.0 t=1161s
[coop seed=2 f=0.65] r=1125 best=33340.0 t=1175s
[coop seed=0 f=0.65] r=1225 best=33340.0 t=1182s
[coop seed=3 f=0.65] r=1175 best=33340.0 t=1185s
[coop seed=1 f=0.65] r=1175 best=33340.0 t=1190s
[coop seed=2 f=0.65] r=1150 best=33340.0 t=1204s
[coop seed=0 f=0.65] r=1250 best=33340.0 t=1211s
[coop seed=3 f=0.65] r=1200 best=33340.0 t=1214s
[coop seed=1 f=0.65] r=1200 best=33340.0 t=1219s
[coop seed=3 f=0.15] r=1225 best=33340.5 t=1231s
[coop seed=3 f=0.10] r=1250 best=33340.7 t=1231s
[coop seed=3 f=0.45] r=1275 best=33340.7 t=1232s
[coop seed=2 f=0.65] r=1175 best=33340.0 t=1232s
[coop seed=3 f=0.20] r=1300 best=33340.9 t=1234s
[coop seed=3 f=0.10] r=1325 best=33341.5 t=1238s
[coop seed=3 f=0.15] r=1350 best=33342.4 t=1238s
[coop seed=3 f=0.15] r=1375 best=33342.7 t=1238s
[coop seed=0 f=0.65] r=1275 best=33340.0 t=1239s
[coop seed=2 f=0.20] r=1200 best=33342.7 t=1240s
[coop seed=3 f=0.65] r=1400 best=33342.7 t=1241s
[coop seed=1 f=0.15] r=1225 best=33342.7 t=1242s
[coop seed=2 f=0.65] r=1225 best=33342.7 t=1244s
[coop seed=1 f=0.45] r=1250 best=33342.7 t=1244s
[coop seed=0 f=0.20] r=1300 best=33342.7 t=1245s
[coop seed=0 f=0.65] r=1325 best=33342.7 t=1253s
[coop seed=0 f=0.20] r=1350 best=33344.4 t=1257s
[coop seed=1 f=0.15] r=1275 best=33343.8 t=1258s
[coop seed=1 f=0.45] r=1300 best=33343.8 t=1261s
[coop seed=2 f=0.30] r=1250 best=33343.8 t=1261s
[coop seed=3 f=0.10] r=1425 best=33343.8 t=1264s
[coop seed=3 f=0.30] r=1450 best=33343.8 t=1264s
[coop seed=1 f=0.30] r=1325 best=33344.3 t=1266s
[coop seed=3 f=0.15] r=1475 best=33344.3 t=1267s
[coop seed=2 f=0.30] r=1275 best=33344.9 t=1267s
[coop seed=0 f=0.65] r=1375 best=33344.4 t=1268s
[coop seed=3 f=0.10] r=1500 best=33344.9 t=1270s
[coop seed=3 f=0.30] r=1525 best=33344.9 t=1270s
[coop seed=1 f=0.20] r=1350 best=33344.9 t=1271s
[coop seed=0 f=0.20] r=1400 best=33344.9 t=1274s
[coop seed=1 f=0.65] r=1375 best=33344.9 t=1278s
[coop seed=2 f=0.65] r=1300 best=33344.9 t=1280s
[coop seed=0 f=0.65] r=1425 best=33344.9 t=1282s
[coop seed=1 f=0.30] r=1400 best=33346.6 t=1284s
[coop seed=3 f=0.65] r=1550 best=33344.9 t=1285s
[coop seed=3 f=0.20] r=1575 best=33344.9 t=1287s
[coop seed=0 f=0.20] r=1450 best=33346.6 t=1292s
[coop seed=1 f=0.15] r=1425 best=33346.6 t=1294s
[coop seed=2 f=0.30] r=1325 best=33346.6 t=1296s
[coop seed=1 f=0.45] r=1450 best=33346.6 t=1297s
[coop seed=0 f=0.65] r=1475 best=33346.6 t=1297s
[coop seed=3 f=0.10] r=1600 best=33346.6 t=1300s
[coop seed=3 f=0.30] r=1625 best=33346.6 t=1300s
[coop seed=2 f=0.30] r=1350 best=33346.6 t=1302s
[coop seed=0 f=0.20] r=1500 best=33346.6 t=1303s
[coop seed=0 f=0.65] r=1525 best=33346.6 t=1312s
[coop seed=3 f=0.65] r=1650 best=33346.6 t=1314s
[coop seed=2 f=0.65] r=1375 best=33346.6 t=1317s
[coop seed=1 f=0.65] r=1475 best=33346.6 t=1325s
[coop seed=2 f=0.30] r=1400 best=33348.5 t=1332s
[coop seed=0 f=0.65] r=1550 best=33346.6 t=1341s
[coop seed=1 f=0.20] r=1500 best=33348.5 t=1343s
[coop seed=3 f=0.65] r=1675 best=33346.6 t=1343s
[coop seed=2 f=0.20] r=1425 best=33348.6 t=1345s
[coop seed=1 f=0.15] r=1525 best=33348.6 t=1345s
[coop seed=1 f=0.45] r=1550 best=33348.6 t=1348s
[coop seed=3 f=0.20] r=1700 best=33348.6 t=1349s
[coop seed=0 f=0.15] r=1575 best=33348.6 t=1352s
[coop seed=2 f=0.65] r=1450 best=33348.6 t=1352s
[coop seed=0 f=0.65] r=1600 best=33348.6 t=1355s
[coop seed=3 f=0.65] r=1725 best=33348.6 t=1358s
[coop seed=0 f=0.15] r=1625 best=33349.9 t=1372s
[coop seed=0 f=0.45] r=1650 best=33349.9 t=1373s
[coop seed=1 f=0.65] r=1575 best=33348.6 t=1374s
[coop seed=3 f=0.15] r=1750 best=33349.9 t=1375s
[coop seed=3 f=0.45] r=1775 best=33349.9 t=1376s
[coop seed=1 f=0.30] r=1600 best=33349.9 t=1380s
[coop seed=2 f=0.65] r=1475 best=33348.6 t=1381s
[coop seed=2 f=0.45] r=1500 best=33349.9 t=1388s
[coop seed=1 f=0.65] r=1625 best=33349.9 t=1397s
[coop seed=0 f=0.65] r=1675 best=33349.9 t=1397s
[coop seed=3 f=0.65] r=1800 best=33349.9 t=1401s
[coop seed=0 f=0.15] r=1700 best=33350.9 t=1412s
[coop seed=2 f=0.65] r=1525 best=33349.9 t=1413s
[coop seed=0 f=0.45] r=1725 best=33350.9 t=1414s
[coop seed=1 f=0.20] r=1650 best=33350.9 t=1415s
[coop seed=1 f=0.65] r=1675 best=33350.9 t=1421s
[coop seed=3 f=0.10] r=1825 best=33350.9 t=1424s
[coop seed=3 f=0.30] r=1850 best=33350.9 t=1424s
[coop seed=2 f=0.30] r=1550 best=33350.9 t=1430s
[coop seed=0 f=0.65] r=1750 best=33350.9 t=1440s
[coop seed=3 f=0.65] r=1875 best=33350.9 t=1444s
[coop seed=2 f=0.20] r=1575 best=33350.9 t=1446s
[coop seed=3 f=0.20] r=1900 best=33350.9 t=1449s
[coop seed=1 f=0.15] r=1700 best=33350.9 t=1449s
[coop seed=2 f=0.65] r=1600 best=33350.9 t=1450s
[coop seed=1 f=0.45] r=1725 best=33350.9 t=1450s
[coop seed=0 f=0.15] r=1775 best=33350.9 t=1452s
[coop seed=0 f=0.65] r=1800 best=33350.9 t=1455s
[coop seed=3 f=0.65] r=1925 best=33350.9 t=1458s
[coop seed=1 f=0.65] r=1750 best=33350.9 t=1473s
[coop seed=2 f=0.65] r=1625 best=33350.9 t=1478s
[coop seed=0 f=0.65] r=1825 best=33350.9 t=1483s
[coop seed=3 f=0.65] r=1950 best=33350.9 t=1487s
[coop seed=1 f=0.65] r=1775 best=33350.9 t=1501s
[coop seed=2 f=0.65] r=1650 best=33350.9 t=1507s
[coop seed=0 f=0.65] r=1850 best=33350.9 t=1512s
[coop seed=3 f=0.65] r=1975 best=33350.9 t=1515s
[coop seed=1 f=0.65] r=1800 best=33350.9 t=1530s
[coop seed=2 f=0.65] r=1675 best=33350.9 t=1535s
[coop seed=0 f=0.65] r=1875 best=33350.9 t=1540s
[coop seed=3 f=0.65] r=2000 best=33350.9 t=1544s
[coop seed=1 f=0.65] r=1825 best=33350.9 t=1558s
[coop seed=2 f=0.65] r=1700 best=33350.9 t=1564s
[coop seed=0 f=0.65] r=1900 best=33350.9 t=1568s
[coop seed=3 f=0.65] r=2025 best=33350.9 t=1572s
[coop seed=1 f=0.65] r=1850 best=33350.9 t=1587s
[coop seed=2 f=0.65] r=1725 best=33350.9 t=1592s
[coop seed=0 f=0.65] r=1925 best=33350.9 t=1597s
[coop seed=3 f=0.65] r=2050 best=33350.9 t=1601s
[coop seed=1 f=0.65] r=1875 best=33350.9 t=1616s
[coop seed=2 f=0.65] r=1750 best=33350.9 t=1621s
[coop seed=0 f=0.65] r=1950 best=33350.9 t=1625s
[coop seed=3 f=0.65] r=2075 best=33350.9 t=1629s
[coop seed=1 f=0.65] r=1900 best=33350.9 t=1644s
[coop seed=2 f=0.65] r=1775 best=33350.9 t=1649s
[coop seed=0 f=0.65] r=1975 best=33350.9 t=1654s
[coop seed=3 f=0.65] r=2100 best=33350.9 t=1657s
[coop seed=1 f=0.65] r=1925 best=33350.9 t=1672s
[coop seed=2 f=0.65] r=1800 best=33350.9 t=1678s
[coop seed=0 f=0.65] r=2000 best=33350.9 t=1682s
[coop seed=3 f=0.65] r=2125 best=33350.9 t=1686s
[coop seed=0 f=0.20] r=2025 best=33351.0 t=1689s
[coop seed=1 f=0.20] r=1950 best=33351.0 t=1690s
[coop seed=0 f=0.10] r=2050 best=33351.7 t=1696s
[coop seed=1 f=0.65] r=1975 best=33351.0 t=1696s
[coop seed=0 f=0.30] r=2075 best=33351.7 t=1696s
[coop seed=2 f=0.20] r=1825 best=33351.7 t=1700s
[coop seed=1 f=0.30] r=2000 best=33351.7 t=1702s
[coop seed=3 f=0.15] r=2150 best=33351.7 t=1703s
[coop seed=0 f=0.10] r=2100 best=33351.8 t=1704s
[coop seed=0 f=0.45] r=2125 best=33351.8 t=1704s
[coop seed=3 f=0.45] r=2175 best=33351.7 t=1704s
[coop seed=0 f=0.20] r=2150 best=33351.9 t=1705s
[coop seed=3 f=0.20] r=2200 best=33351.9 t=1706s
[coop seed=2 f=0.20] r=1850 best=33351.8 t=1707s
[coop seed=2 f=0.45] r=1875 best=33351.9 t=1708s
[coop seed=1 f=0.15] r=2025 best=33351.9 t=1712s
[coop seed=3 f=0.10] r=2225 best=33352.6 t=1714s
[coop seed=3 f=0.30] r=2250 best=33352.6 t=1715s
[coop seed=1 f=0.45] r=2050 best=33351.9 t=1715s
[coop seed=0 f=0.65] r=2175 best=33351.9 t=1716s
[coop seed=0 f=0.20] r=2200 best=33352.6 t=1721s
[coop seed=1 f=0.20] r=2075 best=33352.6 t=1726s
[coop seed=3 f=0.65] r=2275 best=33352.6 t=1729s
[coop seed=0 f=0.65] r=2225 best=33352.6 t=1730s
[coop seed=2 f=0.20] r=1900 best=33352.6 t=1732s
[coop seed=2 f=0.65] r=1925 best=33352.6 t=1736s
[coop seed=1 f=0.65] r=2100 best=33352.6 t=1738s
[coop seed=3 f=0.65] r=2300 best=33352.6 t=1757s
[coop seed=0 f=0.65] r=2250 best=33352.6 t=1758s
[coop seed=2 f=0.65] r=1950 best=33352.6 t=1765s
[coop seed=1 f=0.65] r=2125 best=33352.6 t=1766s
[coop seed=3 f=0.65] r=2325 best=33352.6 t=1785s
[coop seed=0 f=0.65] r=2275 best=33352.6 t=1787s
[coop seed=0 f=0.20] r=2300 best=33353.0 t=1793s
[coop seed=2 f=0.65] r=1975 best=33352.6 t=1793s
[coop seed=1 f=0.65] r=2150 best=33352.6 t=1795s
{
  "problem": "matching-i",
  "method": "parallel_coop_mip_lns",
  "n_workers": 4,
  "best_mass": 33352.986000000004,
  "best_seed": 0,
  "n_selected": 4459,
  "feasible": true,
  "wall_s": 1800.3,
  "per_worker_mass": [
    33352.6,
    33352.6,
    33353.0,
    33353.0
  ],
  "artifact": "/tmp/match_out/matching-i.json"
}

=== E-626 matching-i RESULT: best=33352.9860 vs bank 33338.1840 (+14.8020) vs leader 33555.6150 (-202.6290) ===
  -> STRICT IMPROVEMENT at /tmp/match_out/matching-i.json (guard-bank separately)
