matching-i: bank incumbent=33352.9860  leader_r1=33555.6150  (need >= leader for top rank)
Running HiGHS 1.14.0 (git hash: n/a): Copyright (c) 2026 under MIT licence terms
MIP has 15000 rows; 25000 cols; 75000 nonzeros; 25000 integer variables (25000 binary)
Coefficient ranges:
  Matrix  [1e+00, 1e+00]
  Cost    [1e-03, 1e+01]
  Bound   [1e+00, 1e+00]
  RHS     [1e+00, 1e+00]
Assessing feasibility of MIP using primal feasibility and integrality tolerance of       1e-06
Solution has               num          max          sum
Col     infeasibilities      0            0            0
Integer infeasibilities      0            0            0
Row     infeasibilities      0            0            0
Row     residuals            0            0            0
Presolving model
15000 rows, 24998 cols, 74994 nonzeros 0s
15000 rows, 24998 cols, 74994 nonzeros 0s
Presolve reductions: rows 15000(-0); columns 24998(-2); nonzeros 74994(-6) 

MIP start solution is feasible, objective value is 33352.986

Solving MIP model with:
   15000 rows
   24998 cols (24998 binary, 0 integer, 0 implied int., 0 continuous, 0 domain fixed)
   74994 nonzeros

Src: B => Branching; C => Central rounding; F => Feasibility pump; H => Heuristic;
     I => Shifting; J => Feasibility jump; L => Sub-MIP; P => Empty MIP; R => Randomized rounding;
     S => Solve LP; T => Evaluate node; U => Unbounded; X => User solution; Y => HiGHS solution;
     Z => ZI Round; l => Trivial lower; p => Trivial point; u => Trivial upper; z => Trivial zero

        Nodes      |    B&B Tree     |            Objective Bounds              |  Dynamic Constraints |       Work      
Src  Proc. InQueue |  Leaves   Expl. | BestBound       BestSol              Gap |   Cuts   InLp Confl. | LpIters     Time

         0       0         0   0.00%   58794.78        33352.986         76.28%        0      0      0         0     3.8s
         0       0         0   0.00%   34120.529352    33352.986          2.30%        0      0      0    501988   736.5s
         0       0         0   0.00%   34120.090494    33352.986          2.30%        1      1      0    507691   759.1s
         0       0         0   0.00%   34120.071433    33352.986          2.30%        2      2      0    508756   773.3s
         0       0         0   0.00%   34120.024721    33352.986          2.30%        3      3      0    510907   789.4s
         0       0         0   0.00%   34120.024721    33352.986          2.30%        3      3      0    510907   799.1s
         0       0         0   0.00%   34120.024721    33352.986          2.30%        3      3      0     2095k  4335.6s
Interrupted system call ; error code 4
