Bank: 301 transfers, refining bottom 200 (masses 5–804 kg)
  [177] 27 → 229 kg (+202)
  [169] 5 → 106 kg (+101)
  [255] 98 → 222 kg (+124)
  [ 93] 93 → 310 kg (+217)
  [251] 206 → 479 kg (+273)
  [163] 156 → 210 kg (+53)
  [130] 239 → 385 kg (+145)
  [244] 202 → 383 kg (+181)
  [297] 253 → 553 kg (+300)
  [264] 256 → 288 kg (+32)
  [133] 276 → 373 kg (+97)
  [ 43] 314 → 374 kg (+60)
  [ 75] 320 → 617 kg (+297)
  [ 67] 349 → 830 kg (+481)
  [105] 365 → 494 kg (+129)
  [194] 387 → 499 kg (+112)
  [ 70] 384 → 457 kg (+74)
  [ 12] 379 → 692 kg (+313)
  [145] 401 → 401 kg (+1)
  [ 20] 430 → 446 kg (+16)
  [258] 402 → 410 kg (+7)
  [150] 415 → 461 kg (+46)
  [ 37] 450 → 499 kg (+50)
  [ 32] 443 → 464 kg (+21)
  [160] 434 → 532 kg (+98)
  [ 42] 463 → 508 kg (+45)
  [273] 532 → 556 kg (+24)
  [ 59] 589 → 613 kg (+23)
  [249] 598 → 614 kg (+16)
  [143] 643 → 696 kg (+53)
  [157] 670 → 702 kg (+32)
  [125] 659 → 715 kg (+56)
  [ 39] 691 → 705 kg (+14)
  [139] 692 → 709 kg (+17)
  [196] 705 → 727 kg (+22)
  [158] 729 → 763 kg (+34)
  [ 24] 773 → 812 kg (+39)

37/200 improved, +3805kg in 2757s
BANKED: 236421 → 240225kg
