Bank: 301 transfers, refining bottom 200 (masses 56–806 kg)
  [169] 106 → 110 kg (+4)
  [177] 229 → 462 kg (+233)
  [170] 317 → 453 kg (+136)
  [ 69] 366 → 403 kg (+37)
  [ 89] 389 → 470 kg (+82)
  [268] 333 → 499 kg (+166)
  [144] 386 → 445 kg (+58)
  [ 11] 385 → 412 kg (+26)
  [185] 405 → 481 kg (+76)
  [258] 410 → 411 kg (+1)
  [  6] 411 → 582 kg (+170)
  [ 45] 411 → 537 kg (+126)
  [198] 430 → 587 kg (+157)
  [163] 455 → 531 kg (+76)
  [ 32] 464 → 481 kg (+17)
  [ 70] 457 → 542 kg (+84)
  [150] 461 → 602 kg (+141)
  [252] 473 → 500 kg (+27)
  [265] 481 → 582 kg (+101)
  [114] 623 → 654 kg (+30)
  [249] 614 → 619 kg (+5)
  [ 75] 617 → 631 kg (+14)
  [143] 696 → 746 kg (+50)
  [ 39] 705 → 720 kg (+15)
  [125] 715 → 722 kg (+7)
  [196] 727 → 736 kg (+9)
  [110] 746 → 782 kg (+36)

27/200 improved, +1887kg in 2735s
BANKED: 241449 → 243335kg
