Bank: 301 transfers, refining bottom 200 (masses 56–806 kg)
  [169] 110 → 210 kg (+100)
  [183] 328 → 475 kg (+148)
  [247] 350 → 394 kg (+45)
  [ 27] 306 → 405 kg (+99)
  [132] 437 → 515 kg (+78)
  [290] 325 → 466 kg (+141)
  [ 11] 412 → 568 kg (+156)
  [177] 462 → 475 kg (+13)
  [ 40] 458 → 500 kg (+42)
  [258] 454 → 482 kg (+27)
  [ 32] 481 → 726 kg (+246)
  [133] 472 → 653 kg (+182)
  [109] 501 → 544 kg (+43)
  [268] 499 → 634 kg (+135)
  [ 45] 537 → 637 kg (+100)
  [249] 619 → 692 kg (+73)
  [114] 654 → 666 kg (+12)
  [127] 662 → 758 kg (+96)
  [ 39] 720 → 805 kg (+85)
  [113] 731 → 782 kg (+51)
  [187] 739 → 740 kg (+1)
  [143] 746 → 773 kg (+28)

22/200 improved, +1899kg in 2787s
BANKED: 243792 → 245691kg
