===== CHAIN ROUND 1 CMA Di 16. Jun 13:42:45 CEST 2026 =====
16/200 improved, +885kg in 2606s
BANKED: 247107 → 247992kg
===== CHAIN ROUND 1 REMATCH Di 16. Jun 14:26:23 CEST 2026 =====
[14:26:34] RE-MATCHED OFFICIAL = 248237.14 kg (eval 4s); table predicted 248237 kg (delta +0.0)
[14:26:38] BANKED: 247992.42 -> 248237.14 kg (+244.72); re-validated from disk: 248237.14 kg; backup at /home/julian/Projects/esa_spoc_26_3/solutions/upload/trajectory.json.bak.e564
[14:26:38] E-564 done
===== CHAIN ROUND 2 CMA Di 16. Jun 14:26:38 CEST 2026 =====
13/200 improved, +577kg in 2234s
BANKED: 248237 → 248815kg
===== CHAIN ROUND 2 REMATCH Di 16. Jun 15:04:03 CEST 2026 =====
[15:04:13] RE-MATCHED OFFICIAL = 248982.57 kg (eval 4s); table predicted 248983 kg (delta +0.0)
[15:04:17] BANKED: 248814.51 -> 248982.57 kg (+168.06); re-validated from disk: 248982.57 kg; backup at /home/julian/Projects/esa_spoc_26_3/solutions/upload/trajectory.json.bak.e564
[15:04:17] E-564 done
===== CHAIN ROUND 3 CMA Di 16. Jun 15:04:18 CEST 2026 =====
5/200 improved, +281kg in 2205s
BANKED: 248983 → 249264kg
===== CHAIN ROUND 3 REMATCH Di 16. Jun 15:41:14 CEST 2026 =====
[15:41:25] RE-MATCHED OFFICIAL = 249263.85 kg (eval 4s); table predicted 249264 kg (delta +0.0)
[15:41:25] E-564 done
===== CHAIN COMPLETE Di 16. Jun 15:41:25 CEST 2026 =====
