E-647 startup positive control: re-solving a banked pair...
  control solve (0,0) -> None [1.5s] (solver live)
E-647: 99 unfilled idE x 10 incl-matched idL = 990 pairs; ~124min. free_l=99
  [9/990] 59->4: 66kg dv=6645
  [10/990] 59->40: 70kg dv=6622
  [13/990] 59->70: 66kg dv=6644
  [14/990] 59->102: 66kg dv=6643
  [15/990] 59->9: 67kg dv=6637
  [16/990] 59->87: 66kg dv=6646
  [17/990] 59->128: 59kg dv=6684
  [18/990] 59->26: 69kg dv=6630
  [19/990] 59->48: 79kg dv=6574
  [20/990] 59->144: 69kg dv=6629
  [20/990] 10 feasible, 666s elapsed
  [21/990] 73->70: 82kg dv=6560
  [22/990] 73->102: 82kg dv=6560
  [23/990] 73->9: 83kg dv=6554
  [24/990] 73->26: 84kg dv=6546
  [25/990] 73->4: 82kg dv=6562
  [26/990] 73->48: 95kg dv=6490
  [27/990] 73->144: 85kg dv=6545
  [28/990] 73->127: 86kg dv=6537
  [29/990] 73->5: 85kg dv=6546
  [30/990] 73->20: 98kg dv=6477
  [31/990] 74->99: 72kg dv=6610
  [34/990] 74->72: 63kg dv=6661
  [35/990] 74->142: 73kg dv=6604
  [36/990] 74->66: 69kg dv=6627
  [38/990] 74->25: 69kg dv=6631
  [39/990] 74->130: 71kg dv=6616
  [40/990] 26 feasible, 1464s elapsed
  [41/990] 76->80: 300kg dv=5588
  [42/990] 76->149: 296kg dv=5603
  [43/990] 76->136: 311kg dv=5549
  [44/990] 76->148: 317kg dv=5525
  [45/990] 76->24: 314kg dv=5536
  [46/990] 76->37: 305kg dv=5571
  [47/990] 76->131: 301kg dv=5584
  [48/990] 76->110: 313kg dv=5542
  [49/990] 76->65: 322kg dv=5507
  [50/990] 76->6: 290kg dv=5629
  [51/990] 101->4: 355kg dv=5385
  [52/990] 101->70: 345kg dv=5421
  [53/990] 101->102: 342kg dv=5433
  [54/990] 101->40: 361kg dv=5364
  [55/990] 101->9: 337kg dv=5453
  [56/990] 101->26: 334kg dv=5461
  [57/990] 101->48: 337kg dv=5453
  [58/990] 101->144: 330kg dv=5476
  [59/990] 101->127: 333kg dv=5466
  [60/990] 101->5: 334kg dv=5463
  [60/990] 46 feasible, 2198s elapsed
  [61/990] 102->8: 367kg dv=5342
  [62/990] 102->75: 373kg dv=5324
  [63/990] 102->126: 360kg dv=5368
  [64/990] 102->55: 360kg dv=5368
  [65/990] 102->6: 367kg dv=5345
  [66/990] 102->131: 379kg dv=5301
  [67/990] 102->100: 350kg dv=5404
  [68/990] 102->119: 357kg dv=5380
  [69/990] 102->37: 383kg dv=5288
  [70/990] 102->44: 356kg dv=5384
  [71/990] 105->98: 274kg dv=5691
  [72/990] 105->97: 275kg dv=5685
  [73/990] 105->115: 279kg dv=5672
  [74/990] 105->69: 277kg dv=5677
  [75/990] 105->77: 274kg dv=5688
  [76/990] 105->123: 270kg dv=5705
  [77/990] 105->103: 264kg dv=5728
  [78/990] 105->38: 282kg dv=5657
  [79/990] 105->44: 288kg dv=5636
  [80/990] 105->119: 289kg dv=5633
  [80/990] 66 feasible, 2914s elapsed
  [81/990] 107->24: 292kg dv=5621
  [82/990] 107->148: 295kg dv=5609
  [83/990] 107->136: 288kg dv=5633
  [84/990] 107->110: 290kg dv=5626
  [85/990] 107->65: 300kg dv=5591
  [86/990] 107->89: 294kg dv=5611
  [87/990] 107->43: 287kg dv=5640
  [88/990] 107->45: 307kg dv=5561
  [89/990] 107->80: 279kg dv=5671
  [90/990] 107->149: 275kg dv=5687
  [91/990] 110->112: 282kg dv=5657
  [92/990] 110->59: 287kg dv=5641
  [93/990] 110->23: 292kg dv=5619
  [94/990] 110->47: 280kg dv=5666
  [95/990] 110->53: 281kg dv=5661
  [96/990] 110->104: 281kg dv=5661
  [97/990] 110->76: 297kg dv=5602
  [98/990] 110->108: 232kg dv=5859
  [99/990] 110->60: 296kg dv=5605
  [100/990] 110->42: 293kg dv=5617
  [100/990] 86 feasible, 3608s elapsed
  [101/990] 115->7: 362kg dv=5362
  [102/990] 115->56: 354kg dv=5389
  [103/990] 115->12: 352kg dv=5396
  [104/990] 115->34: 353kg dv=5393
  [105/990] 115->135: 350kg dv=5404
  [106/990] 115->109: 374kg dv=5319
  [107/990] 115->19: 377kg dv=5307
  [108/990] 115->81: 372kg dv=5327
  [109/990] 115->128: 342kg dv=5433
  [110/990] 117->40: 427kg dv=5139
  [111/990] 115->87: 341kg dv=5436
  [112/990] 117->87: 443kg dv=5088
  [113/990] 117->128: 444kg dv=5085
  [114/990] 117->135: 453kg dv=5055
  [115/990] 117->4: 420kg dv=5161
  [116/990] 117->34: 457kg dv=5042
  [117/990] 117->12: 456kg dv=5046
  [118/990] 117->56: 458kg dv=5038
  [119/990] 117->70: 409kg dv=5198
  [120/990] 117->102: 406kg dv=5211
  [120/990] 106 feasible, 4247s elapsed
  [121/990] 120->6: 165kg dv=6151
  [122/990] 120->131: 103kg dv=6449
  [123/990] 120->37: 103kg dv=6452
  [124/990] 120->75: 102kg dv=6455
  [125/990] 120->149: 99kg dv=6471
  [126/990] 120->80: 154kg dv=6203
  [127/990] 120->8: 103kg dv=6451
  [128/990] 120->126: 103kg dv=6453
  [129/990] 120->136: 145kg dv=6246
  [130/990] 120->148: 103kg dv=6452
  [131/990] 123->65: 91kg dv=6514
  [132/990] 123->110: 92kg dv=6509
  [133/990] 123->89: 94kg dv=6498
  [134/990] 123->43: 92kg dv=6508
  [135/990] 123->24: 94kg dv=6496
  [136/990] 123->148: 104kg dv=6448
  [137/990] 123->136: 93kg dv=6501
  [138/990] 123->20: 100kg dv=6468
  [139/990] 123->45: 89kg dv=6524
  [140/990] 123->5: 87kg dv=6536
  [140/990] 126 feasible, 5039s elapsed
  [141/990] 124->102: 326kg dv=5493
  [142/990] 124->9: 320kg dv=5512
  [143/990] 124->70: 329kg dv=5480
  [144/990] 124->26: 318kg dv=5521
  [145/990] 124->48: 321kg dv=5512
  [146/990] 124->144: 314kg dv=5535
  [147/990] 124->127: 317kg dv=5525
  [148/990] 124->5: 318kg dv=5521
  [149/990] 124->20: 317kg dv=5524
  [150/990] 124->4: 339kg dv=5446
  [151/990] 125->112: 203kg dv=5985
  [152/990] 125->59: 206kg dv=5969
  [153/990] 125->47: 201kg dv=5994
  [154/990] 125->53: 202kg dv=5988
  [155/990] 125->104: 202kg dv=5988
  [156/990] 125->23: 211kg dv=5947
  [157/990] 125->108: 196kg dv=6014
  [158/990] 125->76: 215kg dv=5930
  [159/990] 125->60: 215kg dv=5933
  [160/990] 125->42: 212kg dv=5944
  [160/990] 146 feasible, 5759s elapsed
  [161/990] 127->70: 427kg dv=5139
  [162/990] 127->102: 424kg dv=5151
  [163/990] 127->9: 418kg dv=5170
  [164/990] 127->26: 415kg dv=5179
  [165/990] 127->4: 438kg dv=5102
  [166/990] 127->48: 417kg dv=5171
  [167/990] 127->144: 410kg dv=5195
  [168/990] 127->127: 413kg dv=5185
  [169/990] 127->5: 414kg dv=5181
  [170/990] 127->20: 413kg dv=5185
  [171/990] 132->40: 443kg dv=5086
  [172/990] 132->4: 436kg dv=5111
  [173/990] 132->87: 460kg dv=5033
  [174/990] 132->128: 461kg dv=5029
  [175/990] 132->70: 424kg dv=5150
  [176/990] 132->102: 420kg dv=5163
  [177/990] 132->9: 414kg dv=5183
  [178/990] 132->26: 411kg dv=5193
  [179/990] 132->135: 472kg dv=4996
  [180/990] 132->34: 476kg dv=4983
  [180/990] 166 feasible, 6466s elapsed
  [181/990] 135->123: 342kg dv=5432
  [182/990] 135->98: 330kg dv=5478
  [183/990] 135->103: 320kg dv=5515
  [184/990] 135->92: 301kg dv=5586
  [185/990] 135->97: 331kg dv=5472
  [186/990] 135->115: 335kg dv=5459
  [187/990] 135->42: 313kg dv=5542
  [188/990] 135->69: 333kg dv=5464
  [189/990] 135->60: 331kg dv=5471
  [190/990] 135->76: 332kg dv=5468
  [191/990] 137->97: 102kg dv=6458
  [192/990] 137->98: 106kg dv=6435
  [193/990] 137->115: 111kg dv=6413
  [194/990] 137->69: 100kg dv=6466
  [195/990] 137->77: 103kg dv=6449
  [196/990] 137->123: 102kg dv=6455
  [197/990] 137->38: 103kg dv=6452
  [198/990] 137->44: 99kg dv=6470
  [199/990] 137->119: 98kg dv=6477
  [200/990] 137->103: 108kg dv=6426
  [200/990] 186 feasible, 7227s elapsed
  [205/990] 139->142: 81kg dv=6563
  [208/990] 139->31: 87kg dv=6532
  [210/990] 139->121: 75kg dv=6595
  [211/990] 144->144: 393kg dv=5253
  [212/990] 144->48: 400kg dv=5230
  [213/990] 144->127: 396kg dv=5244
  [214/990] 144->5: 397kg dv=5241
  [215/990] 144->20: 396kg dv=5244
  [216/990] 144->45: 393kg dv=5253
  [217/990] 144->26: 398kg dv=5237
  [218/990] 144->9: 401kg dv=5228
  [219/990] 144->102: 406kg dv=5209
  [220/990] 144->70: 410kg dv=5197
  [220/990] 206 feasible, 7875s elapsed
  [221/990] 146->137: 424kg dv=5149
  [222/990] 146->81: 419kg dv=5165
  [223/990] 146->19: 425kg dv=5147
  [224/990] 146->109: 421kg dv=5161
  [225/990] 146->7: 405kg dv=5212
  [226/990] 146->72: 458kg dv=5041
  [227/990] 146->56: 396kg dv=5242
  [228/990] 146->15: 456kg dv=5046
  [229/990] 146->34: 395kg dv=5247
  [230/990] 146->12: 394kg dv=5251
  [231/990] 147->98: 306kg dv=5565
  [232/990] 147->123: 302kg dv=5580
  [233/990] 147->97: 308kg dv=5558
  [234/990] 147->115: 312kg dv=5545
  [235/990] 147->69: 311kg dv=5549
  [236/990] 147->77: 308kg dv=5561
  [237/990] 147->103: 296kg dv=5606
  [238/990] 147->92: 288kg dv=5635
  [239/990] 147->42: 288kg dv=5634
  [240/990] 147->38: 317kg dv=5527
  [240/990] 226 feasible, 8593s elapsed
  [241/990] 149->131: 298kg dv=5597
  [242/990] 149->37: 302kg dv=5583
  [243/990] 149->149: 293kg dv=5616
  [244/990] 149->6: 286kg dv=5643
  [245/990] 149->80: 297kg dv=5600
  [246/990] 149->75: 292kg dv=5620
  [247/990] 149->8: 287kg dv=5637
  [248/990] 149->126: 281kg dv=5664
  [249/990] 149->148: 314kg dv=5536
  [250/990] 149->136: 238kg dv=5834
  [251/990] 153->110: 90kg dv=6517
  [252/990] 153->65: 319kg dv=5516
  [253/990] 153->24: 93kg dv=6504
  [254/990] 153->89: 92kg dv=6507
  [255/990] 153->148: 116kg dv=6385
  [256/990] 153->43: 90kg dv=6517
  [257/990] 153->136: 92kg dv=6508
  [258/990] 153->45: 309kg dv=5554
  [259/990] 153->20: 112kg dv=6406
  [260/990] 153->5: 306kg dv=5567
  [260/990] 246 feasible, 9374s elapsed
  [261/990] 156->99: 77kg dv=6588
  [263/990] 156->142: 78kg dv=6582
  [271/990] 157->144: 87kg dv=6534
  [272/990] 157->48: 98kg dv=6479
  [273/990] 157->127: 88kg dv=6526
  [274/990] 157->5: 87kg dv=6534
  [275/990] 157->20: 102kg dv=6455
  [276/990] 157->26: 87kg dv=6535
  [277/990] 157->9: 85kg dv=6543
  [278/990] 157->45: 89kg dv=6521
  [279/990] 157->102: 84kg dv=6549
  [280/990] 165->123: 156kg dv=6193
  [280/990] 266 feasible, 10105s elapsed
  [281/990] 165->98: 160kg dv=6175
  [282/990] 157->70: 84kg dv=6550
  [283/990] 165->103: 152kg dv=6215
  [284/990] 165->115: 165kg dv=6153
  [285/990] 165->97: 118kg dv=6378
  [286/990] 165->92: 123kg dv=6349
  [287/990] 165->69: 164kg dv=6157
  [288/990] 165->77: 119kg dv=6370
  [289/990] 165->42: 123kg dv=6353
  [290/990] 165->60: 147kg dv=6234
  [300/990] 276 feasible, 10799s elapsed
  [301/990] 177->8: 308kg dv=5557
  [302/990] 177->126: 302kg dv=5583
  [303/990] 177->75: 313kg dv=5540
  [304/990] 177->55: 302kg dv=5583
  [305/990] 177->6: 307kg dv=5561
  [306/990] 177->100: 292kg dv=5619
  [307/990] 177->131: 319kg dv=5517
  [308/990] 177->119: 298kg dv=5595
  [309/990] 177->37: 323kg dv=5504
  [310/990] 177->44: 297kg dv=5599
  [311/990] 181->56: 85kg dv=6544
  [312/990] 181->12: 90kg dv=6520
  [313/990] 181->34: 94kg dv=6498
  [314/990] 181->7: 89kg dv=6522
  [315/990] 181->135: 87kg dv=6531
  [316/990] 181->128: 86kg dv=6538
  [317/990] 181->87: 93kg dv=6500
  [318/990] 181->109: 75kg dv=6595
  [319/990] 181->19: 82kg dv=6560
  [320/990] 181->81: 75kg dv=6598
  [320/990] 296 feasible, 11557s elapsed
  [321/990] 185->8: 98kg dv=6476
  [322/990] 185->126: 98kg dv=6478
  [323/990] 185->75: 97kg dv=6480
  [324/990] 185->6: 95kg dv=6494
  [325/990] 185->55: 99kg dv=6470
  [326/990] 185->100: 99kg dv=6473
  [327/990] 185->131: 103kg dv=6453
  [328/990] 185->37: 102kg dv=6456
  [329/990] 185->119: 99kg dv=6472
  [330/990] 185->44: 100kg dv=6465
  [331/990] 186->43: 320kg dv=5513
  [332/990] 186->89: 317kg dv=5527
  [333/990] 186->65: 323kg dv=5504
  [334/990] 186->110: 324kg dv=5499
  [335/990] 186->45: 330kg dv=5475
  [336/990] 186->24: 314kg dv=5535
  [337/990] 186->148: 317kg dv=5523
  [338/990] 186->20: 333kg dv=5467
  [339/990] 186->136: 311kg dv=5548
  [340/990] 186->5: 334kg dv=5463
  [340/990] 316 feasible, 12301s elapsed
  [341/990] 189->99: 452kg dv=5060
  [342/990] 189->15: 425kg dv=5145
  [343/990] 189->72: 436kg dv=5109
  [344/990] 189->86: 451kg dv=5061
  [345/990] 189->142: 475kg dv=4985
  [346/990] 189->66: 490kg dv=4941
  [347/990] 189->137: 395kg dv=5245
  [348/990] 189->133: 485kg dv=4955
  [349/990] 189->81: 391kg dv=5261
  [350/990] 189->19: 405kg dv=5214
  [351/990] 192->7: 384kg dv=5285
  [352/990] 192->109: 397kg dv=5239
  [353/990] 192->56: 376kg dv=5314
  [354/990] 192->19: 401kg dv=5226
  [355/990] 192->81: 395kg dv=5245
  [356/990] 192->12: 373kg dv=5322
  [357/990] 192->34: 374kg dv=5318
  [358/990] 192->137: 400kg dv=5231
  [359/990] 192->135: 371kg dv=5330
  [360/990] 192->128: 362kg dv=5360
  [360/990] 336 feasible, 13042s elapsed
  [361/990] 196->103: 257kg dv=5757
  [362/990] 196->123: 285kg dv=5646
  [363/990] 196->92: 250kg dv=5784
  [364/990] 196->42: 250kg dv=5784
  [365/990] 196->98: 289kg dv=5631
  [366/990] 196->76: 275kg dv=5685
  [367/990] 196->60: 275kg dv=5688
  [368/990] 196->23: 271kg dv=5702
  [369/990] 196->97: 269kg dv=5711
  [370/990] 196->115: 294kg dv=5610
  [371/990] 197->70: 314kg dv=5534
  [372/990] 197->4: 324kg dv=5501
  [373/990] 197->102: 311kg dv=5547
  [374/990] 197->26: 303kg dv=5576
  [375/990] 197->9: 306kg dv=5568
  [376/990] 197->40: 329kg dv=5481
  [377/990] 197->48: 306kg dv=5566
  [378/990] 197->127: 303kg dv=5579
  [379/990] 197->144: 300kg dv=5590
  [380/990] 197->5: 304kg dv=5575
  [380/990] 356 feasible, 13727s elapsed
  [381/990] 199->55: 355kg dv=5385
  [382/990] 199->100: 345kg dv=5421
  [383/990] 199->126: 355kg dv=5386
  [384/990] 199->119: 352kg dv=5397
  [385/990] 199->8: 362kg dv=5360
  [386/990] 199->38: 345kg dv=5422
  [387/990] 199->44: 351kg dv=5401
  [388/990] 199->77: 336kg dv=5454
  [389/990] 199->75: 367kg dv=5344
  [390/990] 203->30: 598kg dv=4624
  [391/990] 203->336: 699kg dv=4354
  [392/990] 199->69: 339kg dv=5442
  [393/990] 203->140: 596kg dv=4630
  [394/990] 203->399: 692kg dv=4373
  [395/990] 203->312: 700kg dv=4353
  [396/990] 203->305: 693kg dv=4372
  [397/990] 203->315: 691kg dv=4377
  [398/990] 203->111: 589kg dv=4650
  [399/990] 203->54: 587kg dv=4654
  [400/990] 203->138: 582kg dv=4667
  [400/990] 376 feasible, 14300s elapsed
  [401/990] 204->37: 286kg dv=5643
  [402/990] 204->131: 282kg dv=5657
  [403/990] 204->80: 282kg dv=5660
  [404/990] 204->149: 278kg dv=5676
  [405/990] 204->6: 271kg dv=5701
  [406/990] 204->75: 277kg dv=5679
  [407/990] 204->148: 298kg dv=5598
  [408/990] 204->136: 291kg dv=5622
  [409/990] 204->8: 273kg dv=5696
  [410/990] 204->24: 295kg dv=5609
  [411/990] 208->87: 447kg dv=5076
  [412/990] 208->128: 448kg dv=5073
  [413/990] 208->40: 431kg dv=5125
  [414/990] 208->135: 456kg dv=5045
  [415/990] 208->4: 425kg dv=5146
  [416/990] 208->34: 460kg dv=5032
  [417/990] 208->12: 459kg dv=5036
  [418/990] 208->56: 461kg dv=5029
  [419/990] 208->70: 414kg dv=5181
  [420/990] 208->102: 411kg dv=5194
  [420/990] 396 feasible, 14953s elapsed
  [421/990] 210->37: 115kg dv=6393
  [422/990] 210->149: 107kg dv=6433
  [423/990] 210->80: 107kg dv=6431
  [424/990] 210->131: 115kg dv=6389
  [425/990] 210->6: 107kg dv=6430
  [426/990] 210->75: 110kg dv=6416
  [427/990] 210->148: 114kg dv=6394
  [428/990] 210->136: 104kg dv=6447
  [429/990] 210->24: 105kg dv=6442
  [430/990] 211->70: 423kg dv=5154
  [431/990] 211->102: 419kg dv=5166
  [432/990] 210->8: 111kg dv=6411
  [433/990] 211->9: 413kg dv=5185
  [434/990] 211->26: 410kg dv=5195
  [435/990] 211->4: 434kg dv=5116
  [436/990] 211->48: 413kg dv=5187
  [437/990] 211->144: 406kg dv=5210
  [438/990] 211->20: 409kg dv=5201
  [439/990] 211->127: 409kg dv=5201
  [440/990] 211->5: 410kg dv=5198
  [440/990] 416 feasible, 15666s elapsed
  [441/990] 215->99: 455kg dv=5050
  [442/990] 215->72: 440kg dv=5097
  [443/990] 215->15: 437kg dv=5106
  [444/990] 215->86: 463kg dv=5024
  [445/990] 215->142: 478kg dv=4976
  [446/990] 215->66: 492kg dv=4934
  [447/990] 215->133: 487kg dv=4949
  [448/990] 215->25: 492kg dv=4933
  [449/990] 215->130: 494kg dv=4927
  [450/990] 215->137: 407kg dv=5205
  [451/990] 216->148: 297kg dv=5602
  [452/990] 216->136: 290kg dv=5626
  [453/990] 216->24: 294kg dv=5613
  [454/990] 216->65: 301kg dv=5584
  [455/990] 216->110: 292kg dv=5619
  [456/990] 216->89: 296kg dv=5604
  [457/990] 216->43: 300kg dv=5591
  [458/990] 216->80: 281kg dv=5664
  [459/990] 216->149: 277kg dv=5680
  [460/990] 216->45: 309kg dv=5554
  [460/990] 436 feasible, 16317s elapsed
  [461/990] 221->20: 409kg dv=5200
  [462/990] 221->5: 410kg dv=5197
  [463/990] 221->45: 406kg dv=5210
  [464/990] 221->127: 409kg dv=5201
  [465/990] 221->144: 406kg dv=5210
  [466/990] 221->48: 413kg dv=5187
  [467/990] 221->43: 395kg dv=5247
  [468/990] 221->89: 391kg dv=5260
  [469/990] 221->26: 410kg dv=5195
  [470/990] 221->65: 397kg dv=5240
  [471/990] 223->115: 295kg dv=5609
  [472/990] 223->77: 195kg dv=6016
  [473/990] 223->69: 293kg dv=5614
  [474/990] 223->97: 291kg dv=5622
  [475/990] 223->38: 299kg dv=5592
  [476/990] 223->44: 305kg dv=5572
  [477/990] 223->119: 306kg dv=5568
  [478/990] 223->98: 290kg dv=5629
  [479/990] 223->100: 204kg dv=5977
  [480/990] 223->55: 309kg dv=5554
  [480/990] 456 feasible, 17032s elapsed
  [481/990] 224->4: 90kg dv=6520
  [482/990] 224->40: 94kg dv=6497
  [483/990] 224->70: 90kg dv=6519
  [484/990] 224->102: 90kg dv=6518
  [485/990] 224->9: 91kg dv=6512
  [486/990] 224->26: 93kg dv=6504
  [487/990] 224->87: 89kg dv=6522
  [488/990] 224->128: 82kg dv=6560
  [489/990] 224->48: 104kg dv=6448
  [490/990] 224->144: 93kg dv=6503
  [491/990] 226->99: 443kg dv=5087
  [492/990] 226->72: 427kg dv=5140
  [493/990] 226->15: 421kg dv=5161
  [495/990] 226->142: 469kg dv=5006
  [496/990] 226->137: 54kg dv=6710
  [497/990] 226->81: 55kg dv=6704
  [498/990] 226->19: 394kg dv=5251
  [499/990] 226->109: 390kg dv=5265
  [500/990] 226->66: 484kg dv=4958
  [500/990] 476 feasible, 17790s elapsed
  [501/990] 228->70: 68kg dv=6634
  [502/990] 228->102: 68kg dv=6633
  [503/990] 228->9: 69kg dv=6627
  [504/990] 228->4: 68kg dv=6634
  [505/990] 228->26: 71kg dv=6620
  [506/990] 228->48: 81kg dv=6564
  [507/990] 228->144: 71kg dv=6619
  [508/990] 228->40: 72kg dv=6610
  [509/990] 228->127: 72kg dv=6612
  [510/990] 228->5: 71kg dv=6620
  [511/990] 234->20: 98kg dv=6476
  [512/990] 234->5: 85kg dv=6544
  [513/990] 234->45: 87kg dv=6532
  [514/990] 234->127: 86kg dv=6536
  [515/990] 234->144: 85kg dv=6544
  [516/990] 234->48: 96kg dv=6489
  [517/990] 234->43: 90kg dv=6516
  [518/990] 234->89: 92kg dv=6506
  [519/990] 234->26: 85kg dv=6545
  [520/990] 234->65: 89kg dv=6522
  [520/990] 496 feasible, 18567s elapsed
  [521/990] 235->136: 301kg dv=5585
  [522/990] 235->148: 297kg dv=5602
  [523/990] 235->24: 304kg dv=5572
  [524/990] 235->80: 291kg dv=5624
  [525/990] 235->149: 287kg dv=5639
  [526/990] 235->110: 303kg dv=5577
  [527/990] 235->65: 302kg dv=5583
  [528/990] 235->37: 285kg dv=5647
  [529/990] 235->131: 292kg dv=5620
  [530/990] 235->89: 307kg dv=5562
  [531/990] 238->141: 318kg dv=5519
  [532/990] 238->90: 316kg dv=5529
  [533/990] 238->74: 326kg dv=5492
  [534/990] 238->35: 324kg dv=5498
  [535/990] 238->108: 323kg dv=5501
  [536/990] 238->53: 330kg dv=5476
  [537/990] 238->104: 330kg dv=5478
  [538/990] 238->59: 335kg dv=5457
  [539/990] 238->47: 328kg dv=5482
  [540/990] 238->112: 331kg dv=5473
  [540/990] 516 feasible, 19264s elapsed
  [541/990] 239->126: 245kg dv=5807
  [542/990] 239->55: 245kg dv=5808
  [543/990] 239->8: 251kg dv=5781
  [544/990] 239->100: 77kg dv=6586
  [545/990] 239->119: 241kg dv=5821
  [546/990] 239->44: 240kg dv=5826
  [547/990] 239->38: 235kg dv=5848
  [548/990] 239->75: 256kg dv=5761
  [549/990] 239->6: 73kg dv=6607
  [550/990] 241->142: 73kg dv=6605
  [551/990] 241->86: 66kg dv=6647
  [552/990] 239->77: 82kg dv=6558
  [553/990] 241->66: 69kg dv=6627
  [554/990] 241->133: 68kg dv=6635
  [556/990] 241->25: 69kg dv=6629
  [557/990] 241->1: 70kg dv=6620
  [558/990] 241->50: 71kg dv=6617
  [559/990] 241->31: 79kg dv=6574
  [560/990] 241->99: 72kg dv=6611
  [560/990] 535 feasible, 19907s elapsed
  [561/990] 242->77: 91kg dv=6514
  [562/990] 242->69: 88kg dv=6530
  [563/990] 242->115: 98kg dv=6477
  [564/990] 242->97: 89kg dv=6523
  [565/990] 242->38: 90kg dv=6516
  [566/990] 242->44: 87kg dv=6534
  [567/990] 242->119: 86kg dv=6540
  [568/990] 242->98: 94kg dv=6499
  [569/990] 242->100: 86kg dv=6541
  [570/990] 242->55: 86kg dv=6538
  [571/990] 243->45: 207kg dv=5966
  [572/990] 243->20: 320kg dv=5513
  [573/990] 243->43: 199kg dv=5999
  [574/990] 243->5: 210kg dv=5952
  [575/990] 243->89: 304kg dv=5575
  [576/990] 243->127: 210kg dv=5953
  [577/990] 243->144: 318kg dv=5522
  [578/990] 243->65: 199kg dv=6000
  [579/990] 243->48: 213kg dv=5939
  [580/990] 243->110: 299kg dv=5591
  [580/990] 555 feasible, 20666s elapsed
  [581/990] 257->24: 94kg dv=6497
  [582/990] 257->65: 151kg dv=6218
  [583/990] 257->110: 95kg dv=6492
  [584/990] 257->148: 107kg dv=6431
  [585/990] 257->136: 97kg dv=6484
  [586/990] 257->89: 97kg dv=6481
  [587/990] 257->43: 95kg dv=6491
  [588/990] 257->45: 144kg dv=6251
  [589/990] 257->20: 103kg dv=6451
  [592/990] 257->5: 144kg dv=6248
  [600/990] 570 feasible, 21399s elapsed
  [601/990] 302->74: 155kg dv=6199
  [602/990] 302->35: 154kg dv=6202
  [603/990] 302->108: 157kg dv=6189
  [604/990] 302->104: 162kg dv=6169
  [605/990] 302->141: 149kg dv=6228
  [606/990] 302->53: 159kg dv=6180
  [607/990] 302->47: 161kg dv=6172
  [608/990] 302->90: 147kg dv=6237
  [609/990] 302->59: 163kg dv=6163
  [610/990] 302->112: 164kg dv=6159
  [611/990] 305->137: 113kg dv=6402
  [612/990] 305->81: 116kg dv=6388
  [613/990] 305->19: 65kg dv=6651
  [614/990] 305->109: 58kg dv=6686
  [615/990] 305->72: 52kg dv=6721
  [617/990] 305->7: 72kg dv=6612
  [618/990] 305->56: 68kg dv=6633
  [619/990] 305->99: 56kg dv=6697
  [620/990] 305->12: 73kg dv=6609
  [620/990] 590 feasible, 22141s elapsed
  [631/990] 310->87: 81kg dv=6567
  [632/990] 310->40: 85kg dv=6542
  [633/990] 310->128: 73kg dv=6605
  [634/990] 310->4: 81kg dv=6566
  [635/990] 310->135: 75kg dv=6597
  [636/990] 310->34: 81kg dv=6564
  [637/990] 310->12: 77kg dv=6586
  [638/990] 310->70: 81kg dv=6565
  [639/990] 310->56: 73kg dv=6610
  [640/990] 310->102: 81kg dv=6564
  [640/990] 610 feasible, 22851s elapsed
  [642/990] 311->133: 82kg dv=6562
  [644/990] 311->130: 85kg dv=6543
  [645/990] 311->142: 87kg dv=6532
  [648/990] 311->86: 79kg dv=6573
  [649/990] 311->31: 93kg dv=6501
  [650/990] 311->121: 95kg dv=6494
  [651/990] 314->291: 674kg dv=4421
  [652/990] 314->268: 677kg dv=4411
  [653/990] 314->263: 679kg dv=4407
  [654/990] 314->250: 678kg dv=4410
  [655/990] 314->171: 679kg dv=4407
  [656/990] 314->270: 679kg dv=4406
  [657/990] 314->198: 675kg dv=4416
  [658/990] 314->311: 684kg dv=4392
  [659/990] 314->264: 675kg dv=4417
  [660/990] 314->281: 675kg dv=4417
  [660/990] 626 feasible, 23407s elapsed
  [661/990] 317->89: 80kg dv=6568
  [662/990] 317->65: 75kg dv=6596
  [663/990] 317->43: 76kg dv=6590
  [664/990] 317->110: 76kg dv=6591
  [665/990] 317->24: 79kg dv=6578
  [666/990] 317->148: 90kg dv=6518
  [667/990] 317->45: 73kg dv=6606
  [668/990] 317->136: 78kg dv=6583
  [669/990] 317->20: 86kg dv=6537
  [671/990] 318->77: 105kg dv=6441
  [672/990] 318->69: 102kg dv=6457
  [673/990] 318->115: 112kg dv=6405
  [674/990] 318->38: 104kg dv=6445
  [675/990] 318->44: 101kg dv=6463
  [676/990] 318->97: 103kg dv=6449
  [677/990] 318->119: 99kg dv=6469
  [678/990] 318->100: 99kg dv=6471
  [679/990] 318->98: 108kg dv=6425
  [680/990] 318->55: 100kg dv=6468
  [680/990] 645 feasible, 24192s elapsed
  [681/990] 319->35: 109kg dv=6421
  [682/990] 319->108: 97kg dv=6482
  [683/990] 319->74: 99kg dv=6469
  [684/990] 319->104: 96kg dv=6485
  [685/990] 319->53: 105kg dv=6441
  [686/990] 319->59: 107kg dv=6429
  [687/990] 319->47: 99kg dv=6474
  [688/990] 319->141: 105kg dv=6441
  [689/990] 319->112: 101kg dv=6460
  [690/990] 319->90: 101kg dv=6463
  [691/990] 321->97: 94kg dv=6497
  [692/990] 321->115: 99kg dv=6474
  [693/990] 321->69: 93kg dv=6504
  [694/990] 321->98: 99kg dv=6473
  [695/990] 321->77: 96kg dv=6488
  [696/990] 321->123: 95kg dv=6493
  [697/990] 321->38: 95kg dv=6490
  [698/990] 321->44: 92kg dv=6509
  [699/990] 321->119: 91kg dv=6515
  [700/990] 321->103: 101kg dv=6463
  [700/990] 665 feasible, 24974s elapsed
  [701/990] 322->87: 83kg dv=6552
  [702/990] 322->128: 76kg dv=6589
  [703/990] 322->40: 88kg dv=6527
  [704/990] 322->135: 78kg dv=6582
  [705/990] 322->34: 84kg dv=6548
  [706/990] 322->12: 80kg dv=6570
  [707/990] 322->56: 76kg dv=6593
  [708/990] 322->4: 84kg dv=6552
  [709/990] 322->7: 80kg dv=6571
  [710/990] 322->70: 84kg dv=6551
  [711/990] 323->20: 120kg dv=6367
  [712/990] 323->45: 109kg dv=6423
  [713/990] 323->5: 106kg dv=6435
  [714/990] 323->127: 108kg dv=6427
  [715/990] 323->144: 106kg dv=6435
  [716/990] 323->48: 117kg dv=6380
  [717/990] 323->43: 112kg dv=6407
  [718/990] 323->89: 114kg dv=6397
  [719/990] 323->26: 106kg dv=6436
  [720/990] 323->65: 111kg dv=6413
  [720/990] 685 feasible, 25727s elapsed
  [721/990] 326->136: 82kg dv=6562
  [722/990] 326->148: 93kg dv=6503
  [723/990] 326->24: 84kg dv=6552
  [724/990] 326->80: 85kg dv=6546
  [725/990] 326->149: 84kg dv=6547
  [726/990] 326->110: 80kg dv=6570
  [727/990] 326->65: 79kg dv=6575
  [728/990] 326->37: 93kg dv=6502
  [729/990] 326->131: 94kg dv=6498
  [730/990] 326->89: 83kg dv=6554
  [731/990] 332->135: 83kg dv=6553
  [732/990] 332->34: 90kg dv=6520
  [733/990] 332->12: 85kg dv=6542
  [734/990] 332->128: 82kg dv=6561
  [735/990] 332->56: 81kg dv=6565
  [736/990] 332->87: 89kg dv=6523
  [737/990] 332->7: 85kg dv=6543
  [738/990] 332->40: 94kg dv=6499
  [739/990] 333->246: 666kg dv=4440
  [740/990] 332->109: 72kg dv=6614
  [740/990] 705 feasible, 26503s elapsed
  [741/990] 332->4: 89kg dv=6523
  [742/990] 333->240: 666kg dv=4440
  [743/990] 333->379: 677kg dv=4412
  [744/990] 333->176: 665kg dv=4443
  [745/990] 333->162: 665kg dv=4443
  [746/990] 333->296: 664kg dv=4445
  [747/990] 333->202: 665kg dv=4444
  [748/990] 333->252: 664kg dv=4446
  [749/990] 333->180: 666kg dv=4440
  [750/990] 333->157: 663kg dv=4447
  [751/990] 337->158: 666kg dv=4440
  [752/990] 337->164: 669kg dv=4431
  [753/990] 337->274: 668kg dv=4434
  [754/990] 337->335: 672kg dv=4424
  [755/990] 337->177: 666kg dv=4441
  [756/990] 337->189: 670kg dv=4430
  [757/990] 337->172: 669kg dv=4433
  [758/990] 337->185: 671kg dv=4428
  [759/990] 337->195: 667kg dv=4437
  [760/990] 337->337: 670kg dv=4429
  [760/990] 725 feasible, 26959s elapsed
  [761/990] 338->8: 199kg dv=6000
  [762/990] 338->126: 123kg dv=6353
  [763/990] 338->75: 205kg dv=5976
  [764/990] 338->55: 193kg dv=6026
  [765/990] 338->100: 124kg dv=6346
  [766/990] 338->131: 211kg dv=5950
  [767/990] 338->6: 119kg dv=6373
  [768/990] 338->119: 190kg dv=6041
  [769/990] 344->396: 208kg dv=5962
  [770/990] 344->362: 209kg dv=5959
  [771/990] 338->44: 189kg dv=6045
  [772/990] 338->37: 213kg dv=5942
  [776/990] 344->315: 210kg dv=5953
  [777/990] 344->366: 207kg dv=5964
  [779/990] 344->305: 209kg dv=5959
  [780/990] 740 feasible, 27586s elapsed
  [781/990] 345->75: 212kg dv=5943
  [782/990] 345->6: 116kg dv=6387
  [783/990] 345->8: 399kg dv=5232
  [784/990] 345->131: 124kg dv=6348
  [785/990] 345->37: 189kg dv=6046
  [786/990] 345->126: 216kg dv=5929
  [787/990] 345->149: 115kg dv=6391
  [788/990] 345->80: 199kg dv=6000
  [789/990] 345->55: 408kg dv=5204
  [790/990] 345->100: 121kg dv=6360
  [791/990] 349->97: 162kg dv=6166
  [792/990] 349->98: 160kg dv=6176
  [793/990] 349->115: 165kg dv=6154
  [794/990] 349->69: 164kg dv=6158
  [795/990] 349->77: 117kg dv=6382
  [796/990] 349->123: 156kg dv=6193
  [797/990] 349->38: 169kg dv=6133
  [798/990] 349->44: 173kg dv=6118
  [799/990] 349->119: 174kg dv=6114
  [800/990] 349->103: 151kg dv=6216
  [800/990] 760 feasible, 28354s elapsed
  [801/990] 350->123: 89kg dv=6521
  [802/990] 350->98: 93kg dv=6501
  [803/990] 350->103: 95kg dv=6492
  [804/990] 350->92: 94kg dv=6499
  [805/990] 350->97: 89kg dv=6524
  [806/990] 350->115: 98kg dv=6479
  [807/990] 350->42: 93kg dv=6504
  [808/990] 350->69: 87kg dv=6532
  [809/990] 350->60: 92kg dv=6509
  [810/990] 350->76: 95kg dv=6494
  [811/990] 352->6: 86kg dv=6538
  [812/990] 352->75: 92kg dv=6505
  [813/990] 352->131: 96kg dv=6487
  [814/990] 352->37: 95kg dv=6490
  [815/990] 352->149: 89kg dv=6522
  [816/990] 352->80: 89kg dv=6521
  [817/990] 352->8: 93kg dv=6500
  [818/990] 352->126: 93kg dv=6502
  [819/990] 354->396: 216kg dv=5929
  [820/990] 352->55: 95kg dv=6494
  [820/990] 780 feasible, 29125s elapsed
  [821/990] 352->100: 90kg dv=6517
  [822/990] 354->362: 216kg dv=5926
  [825/990] 354->315: 218kg dv=5920
  [827/990] 354->366: 215kg dv=5931
  [829/990] 354->305: 216kg dv=5926
  [831/990] 355->98: 94kg dv=6497
  [832/990] 355->97: 90kg dv=6520
  [833/990] 355->115: 98kg dv=6475
  [834/990] 355->69: 88kg dv=6528
  [835/990] 355->77: 91kg dv=6512
  [836/990] 355->123: 90kg dv=6517
  [837/990] 355->103: 96kg dv=6487
  [838/990] 355->38: 91kg dv=6514
  [839/990] 355->92: 94kg dv=6495
  [840/990] 355->44: 87kg dv=6532
  [840/990] 795 feasible, 29808s elapsed
  [841/990] 357->6: 114kg dv=6397
  [842/990] 357->75: 117kg dv=6383
  [843/990] 357->131: 122kg dv=6356
  [844/990] 357->37: 184kg dv=6068
  [845/990] 357->149: 110kg dv=6417
  [846/990] 357->80: 114kg dv=6399
  [847/990] 357->126: 113kg dv=6399
  [848/990] 357->8: 118kg dv=6378
  [849/990] 357->55: 119kg dv=6371
  [850/990] 357->100: 118kg dv=6374
  [851/990] 359->45: 96kg dv=6489
  [852/990] 359->43: 99kg dv=6473
  [853/990] 359->89: 101kg dv=6463
  [854/990] 359->20: 107kg dv=6433
  [855/990] 359->65: 97kg dv=6479
  [856/990] 359->110: 98kg dv=6474
  [857/990] 359->5: 93kg dv=6501
  [858/990] 359->127: 95kg dv=6493
  [859/990] 359->48: 104kg dv=6446
  [860/990] 359->144: 93kg dv=6501
  [860/990] 815 feasible, 30545s elapsed
  [861/990] 361->59: 137kg dv=6284
  [862/990] 361->47: 132kg dv=6306
  [863/990] 361->53: 133kg dv=6301
  [864/990] 361->112: 135kg dv=6294
  [865/990] 361->104: 133kg dv=6303
  [866/990] 361->108: 129kg dv=6323
  [867/990] 361->23: 142kg dv=6260
  [868/990] 361->35: 134kg dv=6301
  [869/990] 361->74: 130kg dv=6320
  [870/990] 361->76: 145kg dv=6246
  [871/990] 366->4: 79kg dv=6577
  [872/990] 366->40: 83kg dv=6553
  [873/990] 366->70: 79kg dv=6576
  [874/990] 366->87: 78kg dv=6578
  [875/990] 366->128: 71kg dv=6616
  [876/990] 366->102: 79kg dv=6575
  [877/990] 366->9: 80kg dv=6569
  [878/990] 366->26: 82kg dv=6562
  [879/990] 366->48: 92kg dv=6506
  [880/990] 366->144: 82kg dv=6561
  [880/990] 835 feasible, 31279s elapsed
  [881/990] 367->45: 84kg dv=6548
  [882/990] 367->20: 95kg dv=6492
  [883/990] 367->43: 87kg dv=6533
  [884/990] 367->89: 89kg dv=6523
  [885/990] 367->5: 82kg dv=6560
  [886/990] 367->127: 83kg dv=6552
  [887/990] 367->65: 86kg dv=6539
  [888/990] 367->110: 87kg dv=6534
  [889/990] 367->144: 82kg dv=6560
  [890/990] 367->48: 93kg dv=6505
  [891/990] 370->37: 94kg dv=6495
  [892/990] 370->131: 95kg dv=6491
  [893/990] 370->149: 83kg dv=6555
  [894/990] 370->80: 83kg dv=6554
  [895/990] 370->6: 83kg dv=6554
  [896/990] 370->75: 86kg dv=6540
  [897/990] 370->136: 80kg dv=6569
  [898/990] 370->148: 94kg dv=6496
  [899/990] 370->8: 87kg dv=6536
  [900/990] 370->126: 86kg dv=6538
  [900/990] 855 feasible, 32066s elapsed
  [901/990] 375->76: 96kg dv=6485
  [902/990] 375->60: 94kg dv=6500
  [903/990] 375->23: 107kg dv=6433
  [904/990] 375->42: 94kg dv=6495
  [905/990] 375->92: 95kg dv=6491
  [906/990] 375->103: 97kg dv=6483
  [907/990] 375->59: 109kg dv=6422
  [908/990] 375->112: 103kg dv=6453
  [909/990] 375->123: 91kg dv=6512
  [910/990] 375->47: 100kg dv=6468
  [911/990] 377->128: 79kg dv=6577
  [912/990] 377->87: 86kg dv=6540
  [913/990] 377->135: 80kg dv=6570
  [914/990] 377->34: 86kg dv=6536
  [915/990] 377->12: 82kg dv=6559
  [916/990] 377->56: 78kg dv=6582
  [917/990] 377->40: 91kg dv=6515
  [918/990] 377->7: 82kg dv=6560
  [919/990] 377->4: 86kg dv=6539
  [920/990] 377->70: 86kg dv=6538
  [920/990] 875 feasible, 32845s elapsed
  [921/990] 382->75: 184kg dv=6068
  [922/990] 382->8: 179kg dv=6091
  [923/990] 382->6: 115kg dv=6390
  [924/990] 382->126: 115kg dv=6392
  [925/990] 382->131: 190kg dv=6042
  [926/990] 382->37: 192kg dv=6033
  [927/990] 382->55: 173kg dv=6117
  [928/990] 382->100: 120kg dv=6367
  [929/990] 382->149: 111kg dv=6410
  [930/990] 382->80: 115kg dv=6391
  [931/990] 383->119: 85kg dv=6546
  [932/990] 383->44: 86kg dv=6540
  [933/990] 383->38: 89kg dv=6521
  [934/990] 383->100: 84kg dv=6547
  [935/990] 383->55: 85kg dv=6544
  [936/990] 383->77: 90kg dv=6519
  [937/990] 383->69: 87kg dv=6535
  [938/990] 383->126: 83kg dv=6552
  [939/990] 383->115: 97kg dv=6482
  [940/990] 383->8: 84kg dv=6550
  [940/990] 895 feasible, 33625s elapsed
  [941/990] 384->8: 203kg dv=5984
  [942/990] 384->126: 124kg dv=6348
  [943/990] 384->75: 208kg dv=5961
  [944/990] 384->6: 120kg dv=6368
  [945/990] 384->55: 197kg dv=6010
  [946/990] 384->100: 125kg dv=6341
  [947/990] 384->131: 214kg dv=5935
  [948/990] 384->37: 216kg dv=5926
  [949/990] 384->119: 193kg dv=6025
  [950/990] 384->44: 192kg dv=6029
  [951/990] 388->56: 96kg dv=6489
  [952/990] 388->7: 100kg dv=6467
  [953/990] 388->12: 100kg dv=6466
  [954/990] 388->34: 105kg dv=6443
  [955/990] 388->135: 98kg dv=6477
  [956/990] 388->128: 96kg dv=6485
  [957/990] 388->87: 104kg dv=6447
  [958/990] 388->109: 86kg dv=6538
  [959/990] 388->19: 93kg dv=6503
  [960/990] 388->81: 86kg dv=6541
  [960/990] 915 feasible, 34362s elapsed
  [962/990] 389->99: 443kg dv=5086
  [963/990] 389->142: 468kg dv=5006
  [965/990] 389->72: 427kg dv=5139
  [966/990] 389->66: 484kg dv=4959
  [968/990] 389->25: 485kg dv=4956
  [969/990] 389->130: 487kg dv=4950
  [971/990] 392->8: 86kg dv=6539
  [972/990] 392->126: 85kg dv=6541
  [973/990] 392->55: 87kg dv=6533
  [974/990] 392->100: 87kg dv=6535
  [975/990] 392->75: 85kg dv=6544
  [976/990] 392->6: 82kg dv=6558
  [977/990] 392->119: 87kg dv=6534
  [978/990] 392->44: 88kg dv=6528
  [979/990] 392->38: 92kg dv=6509
  [980/990] 392->131: 93kg dv=6504
  [980/990] 935 feasible, 35143s elapsed
  [981/990] 399->141: 121kg dv=6363
  [982/990] 399->35: 125kg dv=6342
  [983/990] 399->74: 230kg dv=5867
  [984/990] 399->90: 240kg dv=5827
  [985/990] 399->108: 112kg dv=6404
  [986/990] 399->53: 121kg dv=6362
  [987/990] 399->104: 227kg dv=5881
  [988/990] 399->47: 114kg dv=6396
  [989/990] 399->59: 123kg dv=6350
  [990/990] 399->112: 117kg dv=6381

=== E-647 DONE: 945 feasible transfers saved to /home/julian/Projects/esa_spoc_26_3/runs/ch1/e647_fill_results.json ===
  mass: med=144 >500kg=40 >300kg=295
  unfilled idE with a >300kg option: 37/99; sum of best-per-idE = 23250 kg (gross fill potential)
  NEXT: run ch1_e564_ledger_rematch.py to union this cache + re-solve assignment + guard-bank.
