error    libmamba Could not set lock (Resource temporarily unavailable)
warning  libmamba Cannot lock '/home/julian/.cache/mamba/proc'
    Waiting for other mamba process to finish
[E-701 FLEET] restarts=4 gen=180 dv_thresh=3200.0 shard=2/3
[PC] bank row (0,0) dv=4063 mass=819.4 -> reproduces fitness OK
[E-701 FLEET] shard 2/3: 96 of 289 expensive (bank_dv>3200.0) of 326 filled
  [1/96] (354,305) bank dv=5926 m=216 -> dv=4304 m=310 (+93 kg) [305s]
  [2/96] (249,22) bank dv=5768 m=254 -> dv=4147 m=784 (+529 kg) [611s]
  [3/96] (147,97) bank dv=5558 m=308 -> dv=4323 m=712 (+403 kg) [810s]
  [4/96] (186,65) bank dv=5504 m=323 -> dv=4351 m=701 (+378 kg) [1107s]
  [5/96] (199,77) bank dv=5454 m=336 -> dv=4168 m=775 (+438 kg) [1324s]
  [6/96] (364,397) bank dv=5437 m=341 -> dv=4455 m=651 (+310 kg) [1462s]
  [7/96] (396,225) bank dv=5392 m=353 -> dv=4560 m=479 (+126 kg) [1691s]
  [8/96] (393,75) bank dv=5350 m=365 -> dv=4421 m=533 (+168 kg) [1956s]
  [9/96] (46,144) bank dv=5308 m=377 -> dv=4160 m=778 (+401 kg) [2248s]
  [10/96] (148,38) bank dv=5276 m=386 -> dv=4166 m=776 (+389 kg) [2447s]
  --- progress: 10 improved, +3237 kg total [2447s] ---
  [11/96] (312,131) bank dv=5249 m=394 -> dv=4544 m=627 (+233 kg) [2635s]
  [12/96] (144,48) bank dv=5230 -> no improvement [2730s]
  [13/96] (191,102) bank dv=5224 m=402 -> dv=4272 m=732 (+331 kg) [2970s]
  [14/96] (345,55) bank dv=5204 -> no improvement [3187s]
  [15/96] (103,320) bank dv=5193 m=411 -> dv=4053 m=824 (+413 kg) [3451s]
  [16/96] (127,5) bank dv=5181 m=414 -> dv=4144 m=785 (+370 kg) [3685s]
  [17/96] (146,137) bank dv=5149 m=424 -> dv=5050 m=455 (+30 kg) [3896s]
  [18/96] (155,96) bank dv=5137 m=428 -> dv=4295 m=723 (+295 kg) [4088s]
  [19/96] (258,80) bank dv=5094 m=441 -> dv=4069 m=817 (+376 kg) [4448s]
  [20/96] (386,60) bank dv=5066 m=450 -> dv=4399 m=549 (+99 kg) [4619s]
  --- progress: 18 improved, +5384 kg total [4619s] ---
  [21/96] (179,15) bank dv=5054 m=454 -> dv=4162 m=777 (+324 kg) [5052s]
  [22/96] (117,12) bank dv=5046 m=456 -> dv=3980 m=856 (+400 kg) [5222s]
  [23/96] (389,142) bank dv=5006 m=468 -> dv=4161 m=553 (+84 kg) [5507s]
  [24/96] (307,78) bank dv=4995 m=472 -> dv=4168 m=775 (+303 kg) [5893s]
  [25/96] (320,326) bank dv=4967 -> no improvement [6052s]
  [26/96] (112,103) bank dv=4945 m=488 -> dv=4064 m=819 (+331 kg) [6388s]
  [27/96] (378,87) bank dv=4928 m=494 -> dv=4271 m=733 (+239 kg) [6767s]
  [28/96] (119,109) bank dv=4916 m=497 -> dv=4090 m=808 (+310 kg) [7104s]
  [29/96] (98,307) bank dv=4881 -> no improvement [7363s]
  [30/96] (134,273) bank dv=4840 m=523 -> dv=4309 m=717 (+195 kg) [7834s]
  --- progress: 26 improved, +7570 kg total [7834s] ---
  [31/96] (358,1) bank dv=4812 m=532 -> dv=4417 m=675 (+143 kg) [8028s]
  [32/96] (174,8) bank dv=4780 m=543 -> dv=4119 m=796 (+253 kg) [8392s]
  [33/96] (229,34) bank dv=4746 m=555 -> dv=4033 m=832 (+277 kg) [8756s]
  [34/96] (129,311) bank dv=4716 m=565 -> dv=3998 m=848 (+283 kg) [9444s]
  [35/96] (360,74) bank dv=4663 -> no improvement [9724s]
  [36/96] (161,111) bank dv=4636 m=594 -> dv=4221 m=753 (+160 kg) [9981s]
  [37/96] (99,98) bank dv=4618 m=600 -> dv=4036 m=831 (+231 kg) [10220s]
  [38/96] (309,122) bank dv=4609 m=603 -> dv=4198 m=762 (+159 kg) [10384s]
  [39/96] (217,25) bank dv=4585 -> no improvement [10733s]
  [40/96] (72,338) bank dv=4553 m=624 -> dv=4421 m=668 (+44 kg) [10850s]
  --- progress: 34 improved, +9119 kg total [10850s] ---
  [41/96] (214,344) bank dv=4523 m=635 -> dv=4009 m=843 (+208 kg) [11126s]
  [42/96] (80,362) bank dv=4506 m=641 -> dv=4060 m=821 (+180 kg) [11384s]
  [43/96] (213,19) bank dv=4485 m=649 -> dv=4381 m=689 (+40 kg) [11591s]
  [44/96] (50,51) bank dv=4451 m=662 -> dv=4193 m=764 (+103 kg) [11886s]
  [45/96] (184,274) bank dv=4432 m=669 -> dv=3942 m=873 (+204 kg) [12156s]
  [46/96] (316,226) bank dv=4412 -> no improvement [12391s]
  [47/96] (227,370) bank dv=4405 m=680 -> dv=4042 m=829 (+149 kg) [12800s]
  [48/96] (363,349) bank dv=4399 -> no improvement [13099s]
  [49/96] (369,399) bank dv=4378 m=690 -> dv=4193 m=764 (+74 kg) [13583s]
  [50/96] (304,318) bank dv=4370 m=693 -> dv=4250 m=741 (+48 kg) [13850s]
  --- progress: 42 improved, +10124 kg total [13850s] ---
  [51/96] (203,336) bank dv=4354 m=699 -> dv=3986 m=853 (+154 kg) [14235s]
  [52/96] (162,194) bank dv=4337 -> no improvement [14432s]
  [53/96] (198,339) bank dv=4334 m=707 -> dv=4008 m=843 (+136 kg) [14869s]
  [54/96] (48,203) bank dv=4332 -> no improvement [15330s]
  [55/96] (240,386) bank dv=4317 m=714 -> dv=4115 m=797 (+83 kg) [15598s]
  [56/96] (2,168) bank dv=4300 -> no improvement [15780s]
  [57/96] (52,228) bank dv=4288 -> no improvement [15945s]
  [58/96] (346,332) bank dv=4273 -> no improvement [16305s]
  [59/96] (70,154) bank dv=4256 m=738 -> dv=3836 m=921 (+183 kg) [16563s]
  [60/96] (122,333) bank dv=4239 -> no improvement [16856s]
  --- progress: 46 improved, +10680 kg total [16856s] ---
  [61/96] (136,215) bank dv=4231 -> no improvement [17044s]
  [62/96] (28,298) bank dv=4203 -> no improvement [17213s]
  [63/96] (212,233) bank dv=4194 -> no improvement [17421s]
  [64/96] (88,256) bank dv=4188 -> no improvement [17765s]
  [65/96] (306,363) bank dv=4176 -> no improvement [18011s]
  [66/96] (348,147) bank dv=4170 -> no improvement [18313s]
  [67/96] (55,33) bank dv=4161 m=778 -> dv=4049 m=825 (+47 kg) [18508s]
  [68/96] (60,288) bank dv=4149 -> no improvement [18706s]
  [69/96] (44,237) bank dv=4138 m=788 -> dv=4065 m=819 (+31 kg) [19011s]
  [70/96] (187,16) bank dv=4126 -> no improvement [19319s]
  --- progress: 48 improved, +10758 kg total [19319s] ---
  [71/96] (247,231) bank dv=4119 m=796 -> dv=4061 m=820 (+25 kg) [19574s]
  [72/96] (152,294) bank dv=4111 -> no improvement [19986s]
  [73/96] (251,182) bank dv=4105 m=801 -> dv=3664 m=1004 (+203 kg) [20347s]
  [74/96] (171,195) bank dv=4098 m=804 -> dv=4013 m=841 (+37 kg) [20690s]
  [75/96] (92,295) bank dv=4089 -> no improvement [20799s]
  [76/96] (24,250) bank dv=4081 -> no improvement [21205s]
  [77/96] (19,279) bank dv=4072 -> no improvement [21456s]
  [78/96] (140,222) bank dv=4067 m=818 -> dv=3655 m=1009 (+191 kg) [21753s]
  [79/96] (15,201) bank dv=4056 -> no improvement [22083s]
  [80/96] (159,291) bank dv=4037 -> no improvement [22363s]
  --- progress: 52 improved, +11213 kg total [22363s] ---
  [81/96] (201,269) bank dv=4029 -> no improvement [22671s]
  [82/96] (38,157) bank dv=4014 -> no improvement [23001s]
  [83/96] (23,197) bank dv=4003 m=846 -> dv=3944 m=872 (+27 kg) [23300s]
  [84/96] (51,234) bank dv=3987 -> no improvement [23576s]
  [85/96] (246,266) bank dv=3961 -> no improvement [23893s]
  [86/96] (58,244) bank dv=3935 -> no improvement [24122s]
  [87/96] (57,218) bank dv=3899 -> no improvement [24335s]
  [88/96] (303,251) bank dv=3855 -> no improvement [24524s]
  [89/96] (218,293) bank dv=3839 -> no improvement [24627s]
  [90/96] (17,263) bank dv=3820 -> no improvement [24887s]
  --- progress: 53 improved, +11240 kg total [24887s] ---
  [91/96] (8,175) bank dv=3774 -> no improvement [24972s]
  [92/96] (237,259) bank dv=3697 -> no improvement [25171s]
  [93/96] (379,156) bank dv=3617 -> no improvement [25346s]
