[E-701 FLEET] restarts=4 gen=180 dv_thresh=3200.0 shard=0/3
[PC] bank row (0,0) dv=4063 mass=819.4 -> reproduces fitness OK
[E-701 FLEET] shard 0/3: 97 of 289 expensive (bank_dv>3200.0) of 326 filled
[RESUME] 1 pairs already swept
  [2/97] (334,312) bank dv=5906 m=221 -> dv=4928 m=469 (+248 kg) [208s]
  [3/97] (311,121) bank dv=5767 m=255 -> dv=4322 m=712 (+457 kg) [599s]
  [4/97] (78,24) bank dv=5522 m=318 -> dv=4085 m=810 (+492 kg) [904s]
  [5/97] (89,47) bank dv=5490 m=326 -> dv=4400 m=682 (+355 kg) [1099s]
  [6/97] (368,92) bank dv=5452 -> no improvement [1407s]
  [7/97] (135,123) bank dv=5432 m=342 -> dv=4395 m=683 (+341 kg) [1619s]
  [8/97] (33,323) bank dv=5382 m=356 -> dv=4517 m=637 (+281 kg) [1990s]
  [9/97] (387,325) bank dv=5326 m=372 -> dv=4290 m=551 (+179 kg) [2276s]
  [10/97] (215,324) bank dv=5298 m=380 -> dv=4201 m=629 (+249 kg) [2510s]
  --- progress: 9 improved, +3195 kg total [2510s] ---
  [11/97] (329,7) bank dv=5275 m=387 -> dv=4216 m=755 (+368 kg) [2756s]
  [12/97] (81,37) bank dv=5246 m=395 -> dv=4459 m=659 (+264 kg) [2942s]
  [13/97] (84,126) bank dv=5229 m=400 -> dv=4851 m=519 (+119 kg) [3191s]
  [14/97] (221,45) bank dv=5210 m=406 -> dv=4185 m=768 (+362 kg) [3393s]
  [15/97] (83,148) bank dv=5196 m=410 -> dv=4189 m=766 (+356 kg) [3704s]
  [16/97] (222,20) bank dv=5186 -> no improvement [3899s]
  [17/97] (398,56) bank dv=5172 m=417 -> dv=5125 m=431 (+14 kg) [4176s]
  [18/97] (97,81) bank dv=5146 m=425 -> dv=4111 m=799 (+374 kg) [4402s]
  [19/97] (328,257) bank dv=5127 m=431 -> dv=4209 m=758 (+327 kg) [4561s]
  [20/97] (300,72) bank dv=5092 m=442 -> dv=4376 m=691 (+249 kg) [4974s]
  --- progress: 18 improved, +5628 kg total [4974s] ---
  [21/97] (189,99) bank dv=5060 m=452 -> dv=4859 m=516 (+65 kg) [5215s]
  [22/97] (219,9) bank dv=5049 m=455 -> dv=4847 m=521 (+66 kg) [5425s]
  [23/97] (133,53) bank dv=5044 -> no improvement [5645s]
  [24/97] (94,6) bank dv=5000 m=470 -> dv=4108 m=800 (+330 kg) [6044s]
  [25/97] (381,104) bank dv=4995 -> no improvement [6249s]
  [26/97] (226,66) bank dv=4958 m=484 -> dv=4158 m=779 (+295 kg) [6677s]
  [27/97] (27,17) bank dv=4934 -> no improvement [6948s]
  [28/97] (116,86) bank dv=4926 m=494 -> dv=4540 m=628 (+134 kg) [7253s]
  [29/97] (20,374) bank dv=4912 m=499 -> dv=4276 m=730 (+231 kg) [7505s]
  [30/97] (178,59) bank dv=4869 m=513 -> dv=4211 m=757 (+244 kg) [7906s]
  --- progress: 25 improved, +6992 kg total [7906s] ---
  [31/97] (376,119) bank dv=4823 m=528 -> dv=4269 m=733 (+205 kg) [8244s]
  [32/97] (341,373) bank dv=4800 m=536 -> dv=4421 m=663 (+127 kg) [8582s]
  [33/97] (395,130) bank dv=4751 m=553 -> dv=4507 m=613 (+61 kg) [8942s]
  [34/97] (79,76) bank dv=4731 m=560 -> dv=3952 m=868 (+309 kg) [9301s]
  [35/97] (54,330) bank dv=4705 m=569 -> dv=3931 m=878 (+309 kg) [9759s]
  [36/97] (93,303) bank dv=4637 m=593 -> dv=4146 m=685 (+92 kg) [10140s]
  [37/97] (40,21) bank dv=4635 m=594 -> dv=4228 m=750 (+156 kg) [10361s]
  [38/97] (95,136) bank dv=4616 m=601 -> dv=4121 m=794 (+194 kg) [10578s]
  [39/97] (180,27) bank dv=4596 -> no improvement [10790s]
  [40/97] (100,90) bank dv=4565 m=619 -> dv=4174 m=772 (+153 kg) [10988s]
  --- progress: 34 improved, +8597 kg total [10988s] ---
  [41/97] (37,79) bank dv=4535 -> no improvement [11226s]
  [42/97] (45,139) bank dv=4517 -> no improvement [11410s]
  [43/97] (175,361) bank dv=4506 m=641 -> dv=4334 m=707 (+66 kg) [11555s]
  [44/97] (324,328) bank dv=4481 m=651 -> dv=4270 m=733 (+82 kg) [11921s]
  [45/97] (337,177) bank dv=4441 m=666 -> dv=4177 m=771 (+106 kg) [12188s]
  [46/97] (182,322) bank dv=4413 m=676 -> dv=3882 m=900 (+224 kg) [12454s]
  [47/97] (314,268) bank dv=4411 m=677 -> dv=4382 m=689 (+11 kg) [12789s]
  [48/97] (325,342) bank dv=4401 -> no improvement [13048s]
  [49/97] (362,71) bank dv=4396 m=683 -> dv=4199 m=762 (+79 kg) [13477s]
  [50/97] (12,366) bank dv=4373 m=692 -> dv=4095 m=806 (+114 kg) [13784s]
  --- progress: 41 improved, +9280 kg total [13784s] ---
  [51/97] (108,306) bank dv=4363 m=696 -> dv=4113 m=798 (+102 kg) [13956s]
  [52/97] (315,224) bank dv=4354 -> no improvement [14071s]
  [53/97] (371,396) bank dv=4336 m=707 -> dv=4282 m=728 (+22 kg) [14426s]
  [54/97] (169,253) bank dv=4333 -> no improvement [14743s]
  [55/97] (207,304) bank dv=4331 m=709 -> dv=3975 m=858 (+149 kg) [15015s]
  [56/97] (49,162) bank dv=4316 -> no improvement [15244s]
  [57/97] (30,211) bank dv=4297 m=722 -> dv=4210 m=758 (+36 kg) [15423s]
  [58/97] (32,3) bank dv=4286 m=726 -> dv=4107 m=801 (+74 kg) [15807s]
  [59/97] (202,346) bank dv=4268 m=734 -> dv=4192 m=765 (+31 kg) [16135s]
  [60/97] (330,352) bank dv=4243 -> no improvement [16440s]
  --- progress: 47 improved, +9694 kg total [16440s] ---
  [61/97] (7,155) bank dv=4237 -> no improvement [16635s]
  [62/97] (6,347) bank dv=4220 -> no improvement [16974s]
  [63/97] (308,319) bank dv=4202 m=761 -> dv=4127 m=792 (+32 kg) [17240s]
  [64/97] (4,167) bank dv=4192 -> no improvement [17480s]
  [65/97] (176,246) bank dv=4186 -> no improvement [17872s]
  [66/97] (61,173) bank dv=4176 -> no improvement [18095s]
  [67/97] (205,143) bank dv=4168 m=775 -> dv=4095 m=806 (+31 kg) [18418s]
  [68/97] (5,192) bank dv=4158 -> no improvement [18673s]
  [69/97] (68,214) bank dv=4144 -> no improvement [18880s]
  [70/97] (13,178) bank dv=4135 -> no improvement [19112s]
  --- progress: 49 improved, +9756 kg total [19112s] ---
  [71/97] (250,176) bank dv=4123 -> no improvement [19280s]
  [72/97] (126,286) bank dv=4114 m=798 -> dv=4002 m=846 (+49 kg) [19585s]
  [73/97] (172,219) bank dv=4109 -> no improvement [19782s]
  [74/97] (9,275) bank dv=4102 m=803 -> dv=3802 m=937 (+135 kg) [20172s]
  [75/97] (253,296) bank dv=4091 -> no improvement [20565s]
  [76/97] (1,235) bank dv=4089 -> no improvement [20765s]
  [77/97] (34,262) bank dv=4080 -> no improvement [21014s]
  [78/97] (26,198) bank dv=4068 -> no improvement [21241s]
  [79/97] (10,152) bank dv=4063 -> no improvement [21347s]
  [80/97] (232,272) bank dv=4056 -> no improvement [21552s]
  --- progress: 51 improved, +9939 kg total [21552s] ---
  [81/97] (39,292) bank dv=4035 -> no improvement [21710s]
  [82/97] (397,217) bank dv=4024 -> no improvement [21899s]
  [83/97] (64,170) bank dv=4010 -> no improvement [22019s]
  [84/97] (245,264) bank dv=3998 -> no improvement [22234s]
  [85/97] (35,281) bank dv=3984 -> no improvement [22468s]
  [86/97] (255,190) bank dv=3959 -> no improvement [22820s]
  [87/97] (190,209) bank dv=3909 -> no improvement [23100s]
  [88/97] (121,261) bank dv=3898 -> no improvement [23377s]
  [89/97] (113,221) bank dv=3846 -> no improvement [23669s]
  [90/97] (75,179) bank dv=3833 -> no improvement [23936s]
  --- progress: 51 improved, +9939 kg total [23936s] ---
  [91/97] (206,163) bank dv=3815 -> no improvement [24254s]
  [92/97] (138,199) bank dv=3733 -> no improvement [24418s]
  [93/97] (372,241) bank dv=3684 -> no improvement [24817s]
  [94/97] (356,285) bank dv=3561 -> no improvement [25061s]
  [95/97] (313,187) bank dv=3507 -> no improvement [25310s]
