error    libmamba Could not set lock (Resource temporarily unavailable)
warning  libmamba Cannot lock '/home/julian/.cache/mamba/proc'
    Waiting for other mamba process to finish
[E-701 FLEET] restarts=4 gen=180 dv_thresh=3200.0 shard=1/3
[PC] bank row (0,0) dv=4063 mass=819.4 -> reproduces fitness OK
[E-701 FLEET] shard 1/3: 96 of 289 expensive (bank_dv>3200.0) of 326 filled
  [1/96] (139,31) bank dv=6532 m=87 -> dv=4254 m=739 (+652 kg) [273s]
  [2/96] (244,105) bank dv=5828 m=240 -> dv=4806 m=534 (+295 kg) [550s]
  [3/96] (76,149) bank dv=5603 m=296 -> dv=4166 m=776 (+479 kg) [784s]
  [4/96] (238,141) bank dv=5519 m=318 -> dv=4271 m=733 (+414 kg) [1084s]
  [5/96] (101,127) bank dv=5466 m=333 -> dv=4202 m=761 (+428 kg) [1347s]
  [6/96] (151,110) bank dv=5443 -> no improvement [1494s]
  [7/96] (102,100) bank dv=5404 m=350 -> dv=4824 m=528 (+178 kg) [1731s]
  [8/96] (145,351) bank dv=5353 m=364 -> dv=4937 m=404 (+40 kg) [2027s]
  [9/96] (91,69) bank dv=5325 m=372 -> dv=3985 m=854 (+481 kg) [2298s]
  [10/96] (209,23) bank dv=5295 -> no improvement [2541s]
  --- progress: 8 improved, +2967 kg total [2541s] ---
  [11/96] (220,44) bank dv=5257 -> no improvement [2685s]
  [12/96] (335,26) bank dv=5233 m=399 -> dv=4231 m=749 (+350 kg) [2892s]
  [13/96] (87,107) bank dv=5225 m=401 -> dv=4071 m=816 (+415 kg) [3186s]
  [14/96] (166,128) bank dv=5205 m=407 -> dv=4070 m=816 (+409 kg) [3575s]
  [15/96] (170,89) bank dv=5196 m=410 -> dv=4245 m=743 (+333 kg) [3791s]
  [16/96] (208,70) bank dv=5181 m=414 -> dv=4425 m=672 (+257 kg) [3915s]
  [17/96] (183,112) bank dv=5161 m=421 -> dv=4115 m=797 (+376 kg) [4092s]
  [18/96] (3,340) bank dv=5142 m=426 -> dv=4232 m=748 (+322 kg) [4400s]
  [19/96] (211,4) bank dv=5116 -> no improvement [4544s]
  [20/96] (143,35) bank dv=5075 m=447 -> dv=3830 m=924 (+477 kg) [4725s]
  --- progress: 16 improved, +5906 kg total [4725s] ---
  [21/96] (327,18) bank dv=5057 -> no improvement [4865s]
  [22/96] (233,40) bank dv=5048 m=455 -> dv=4135 m=789 (+333 kg) [5080s]
  [23/96] (385,43) bank dv=5015 m=466 -> dv=4516 m=546 (+80 kg) [5320s]
  [24/96] (132,135) bank dv=4996 m=472 -> dv=3967 m=862 (+390 kg) [5464s]
  [25/96] (236,115) bank dv=4984 m=475 -> dv=4145 m=784 (+309 kg) [5839s]
  [26/96] (195,84) bank dv=4945 m=488 -> dv=4255 m=739 (+251 kg) [6300s]
  [27/96] (158,371) bank dv=4928 m=493 -> dv=4287 m=726 (+232 kg) [6684s]
  [28/96] (154,42) bank dv=4917 m=497 -> dv=4704 m=569 (+72 kg) [7123s]
  [29/96] (252,354) bank dv=4882 m=509 -> dv=4386 m=669 (+160 kg) [7449s]
  [30/96] (353,140) bank dv=4841 m=523 -> dv=4183 m=769 (+246 kg) [8076s]
  --- progress: 25 improved, +7981 kg total [8076s] ---
  [31/96] (200,120) bank dv=4821 m=529 -> dv=4717 m=565 (+36 kg) [8386s]
  [32/96] (71,384) bank dv=4795 m=538 -> dv=4483 m=645 (+107 kg) [8783s]
  [33/96] (160,310) bank dv=4750 m=553 -> dv=4056 m=595 (+42 kg) [9159s]
  [34/96] (380,133) bank dv=4716 m=565 -> dv=4494 m=646 (+80 kg) [9279s]
  [35/96] (43,393) bank dv=4677 m=579 -> dv=4000 m=675 (+96 kg) [9753s]
  [36/96] (331,359) bank dv=4636 m=593 -> dv=4405 m=677 (+84 kg) [10068s]
  [37/96] (342,378) bank dv=4632 m=595 -> dv=4181 m=689 (+94 kg) [10282s]
  [38/96] (11,30) bank dv=4611 m=603 -> dv=4211 m=757 (+154 kg) [10547s]
  [39/96] (66,108) bank dv=4594 m=609 -> dv=4444 m=664 (+56 kg) [10796s]
  [40/96] (373,345) bank dv=4556 m=623 -> dv=4110 m=799 (+176 kg) [10983s]
  --- progress: 35 improved, +8907 kg total [10983s] ---
  [41/96] (347,36) bank dv=4526 -> no improvement [11318s]
  [42/96] (42,377) bank dv=4513 m=639 -> dv=4182 m=660 (+21 kg) [11530s]
  [43/96] (16,238) bank dv=4488 -> no improvement [11720s]
  [44/96] (351,390) bank dv=4480 m=651 -> dv=4236 m=747 (+96 kg) [12156s]
  [45/96] (131,169) bank dv=4440 m=666 -> dv=4330 m=709 (+43 kg) [12455s]
  [46/96] (333,379) bank dv=4412 m=677 -> dv=4138 m=787 (+111 kg) [12801s]
  [47/96] (365,85) bank dv=4407 -> no improvement [12931s]
  [48/96] (56,260) bank dv=4399 m=682 -> dv=4253 m=740 (+58 kg) [13050s]
  [49/96] (254,101) bank dv=4394 m=684 -> dv=4234 m=748 (+64 kg) [13440s]
  [50/96] (63,247) bank dv=4370 -> no improvement [13624s]
  --- progress: 41 improved, +9300 kg total [13624s] ---
  [51/96] (374,316) bank dv=4356 -> no improvement [13863s]
  [52/96] (390,196) bank dv=4349 m=701 -> dv=3865 m=908 (+207 kg) [14063s]
  [53/96] (25,158) bank dv=4335 m=707 -> dv=3995 m=849 (+143 kg) [14373s]
  [54/96] (256,335) bank dv=4332 m=708 -> dv=4114 m=798 (+90 kg) [14627s]
  [55/96] (141,367) bank dv=4318 m=714 -> dv=3991 m=851 (+137 kg) [14888s]
  [56/96] (128,95) bank dv=4312 -> no improvement [15089s]
  [57/96] (193,184) bank dv=4295 m=723 -> dv=3913 m=886 (+163 kg) [15326s]
  [58/96] (168,350) bank dv=4283 m=728 -> dv=4083 m=811 (+83 kg) [15620s]
  [59/96] (340,315) bank dv=4267 m=734 -> dv=4247 m=742 (+8 kg) [15873s]
  [60/96] (111,331) bank dv=4241 m=745 -> dv=3911 m=887 (+142 kg) [16159s]
  --- progress: 49 improved, +10272 kg total [16159s] ---
  [61/96] (339,62) bank dv=4235 -> no improvement [16277s]
  [62/96] (65,223) bank dv=4205 -> no improvement [16544s]
  [63/96] (391,388) bank dv=4200 m=762 -> dv=4142 m=786 (+24 kg) [16695s]
  [64/96] (106,267) bank dv=4191 -> no improvement [16844s]
  [65/96] (29,265) bank dv=4179 m=770 -> dv=4073 m=815 (+45 kg) [17086s]
  [66/96] (62,278) bank dv=4174 -> no improvement [17321s]
  [67/96] (90,117) bank dv=4165 m=776 -> dv=4041 m=829 (+53 kg) [17650s]
  [68/96] (194,213) bank dv=4151 m=782 -> dv=3870 m=906 (+123 kg) [18069s]
  [69/96] (142,258) bank dv=4139 -> no improvement [18374s]
  [70/96] (41,337) bank dv=4129 -> no improvement [18573s]
  --- progress: 53 improved, +10518 kg total [18573s] ---
  [71/96] (394,106) bank dv=4122 -> no improvement [18860s]
  [72/96] (96,159) bank dv=4113 -> no improvement [19159s]
  [73/96] (36,243) bank dv=4105 -> no improvement [19429s]
  [74/96] (231,210) bank dv=4099 m=804 -> dv=3833 m=923 (+119 kg) [19716s]
  [75/96] (14,165) bank dv=4089 -> no improvement [19944s]
  [76/96] (114,204) bank dv=4084 -> no improvement [20238s]
  [77/96] (31,289) bank dv=4077 m=813 -> dv=3991 m=851 (+38 kg) [20498s]
  [78/96] (77,248) bank dv=4067 -> no improvement [20749s]
  [79/96] (0,0) bank dv=4063 -> no improvement [20793s]
  [80/96] (69,63) bank dv=4038 -> no improvement [20945s]
  --- progress: 55 improved, +10674 kg total [20945s] ---
  [81/96] (259,276) bank dv=4029 -> no improvement [21347s]
  [82/96] (104,188) bank dv=4016 -> no improvement [21643s]
  [83/96] (67,208) bank dv=4004 -> no improvement [21913s]
  [84/96] (163,230) bank dv=3995 -> no improvement [22155s]
  [85/96] (188,239) bank dv=3981 -> no improvement [22327s]
  [86/96] (130,242) bank dv=3944 -> no improvement [22505s]
  [87/96] (150,220) bank dv=3907 -> no improvement [22710s]
  [88/96] (248,284) bank dv=3879 -> no improvement [22959s]
  [89/96] (86,240) bank dv=3846 -> no improvement [23122s]
  [90/96] (18,280) bank dv=3832 -> no improvement [23342s]
  --- progress: 55 improved, +10674 kg total [23342s] ---
  [91/96] (22,227) bank dv=3804 -> no improvement [23602s]
  [92/96] (164,206) bank dv=3729 -> no improvement [23774s]
  [93/96] (109,183) bank dv=3657 -> no improvement [23997s]
  [94/96] (225,277) bank dv=3549 -> no improvement [24194s]
  [95/96] (21,200) bank dv=3484 -> no improvement [24447s]
  [96/96] (230,191) bank dv=3403 m=1138 -> dv=2221 m=1392 (+254 kg) [24945s]

[E-701 FLEET] DONE: 56 pairs improved, +10928 kg total [24945s]
  checkpoint: /home/julian/Projects/esa_spoc_26_3/cache/ch1_ecc_fleet_w1of3.json
