[E-697] init ...
          pair    bank    cmaes      sa    best  beats? [   t]
Process SpawnPoolWorker-2:
Traceback (most recent call last):
  File "/home/julian/micromamba/envs/spoc26/lib/python3.13/multiprocessing/pool.py", line 131, in worker
    put((job, i, result))
    ~~~^^^^^^^^^^^^^^^^^^
  File "/home/julian/micromamba/envs/spoc26/lib/python3.13/multiprocessing/queues.py", line 397, in put
    self._writer.send_bytes(obj)
    ~~~~~~~~~~~~~~~~~~~~~~~^^^^^
  File "/home/julian/micromamba/envs/spoc26/lib/python3.13/multiprocessing/connection.py", line 201, in send_bytes
    self._send_bytes(m[offset:offset + size])
    ~~~~~~~~~~~~~~~~^^^^^^^^^^^^^^^^^^^^^^^^^
  File "/home/julian/micromamba/envs/spoc26/lib/python3.13/multiprocessing/connection.py", line 421, in _send_bytes
    self._send(header)
    ~~~~~~~~~~^^^^^^^^
  File "/home/julian/micromamba/envs/spoc26/lib/python3.13/multiprocessing/connection.py", line 385, in _send
    n = write(self._handle, buf)
BrokenPipeError: [Errno 32] Broken pipe

During handling of the above exception, another exception occurred:

Traceback (most recent call last):
  File "/home/julian/micromamba/envs/spoc26/lib/python3.13/multiprocessing/process.py", line 313, in _bootstrap
    self.run()
    ~~~~~~~~^^
  File "/home/julian/micromamba/envs/spoc26/lib/python3.13/multiprocessing/process.py", line 108, in run
    self._target(*self._args, **self._kwargs)
    ~~~~~~~~~~~~^^^^^^^^^^^^^^^^^^^^^^^^^^^^^
  File "/home/julian/micromamba/envs/spoc26/lib/python3.13/multiprocessing/pool.py", line 136, in worker
    put((job, i, (False, wrapped)))
    ~~~^^^^^^^^^^^^^^^^^^^^^^^^^^^^
  File "/home/julian/micromamba/envs/spoc26/lib/python3.13/multiprocessing/queues.py", line 397, in put
    self._writer.send_bytes(obj)
    ~~~~~~~~~~~~~~~~~~~~~~~^^^^^
  File "/home/julian/micromamba/envs/spoc26/lib/python3.13/multiprocessing/connection.py", line 201, in send_bytes
    self._send_bytes(m[offset:offset + size])
    ~~~~~~~~~~~~~~~~^^^^^^^^^^^^^^^^^^^^^^^^^
  File "/home/julian/micromamba/envs/spoc26/lib/python3.13/multiprocessing/connection.py", line 421, in _send_bytes
    self._send(header)
    ~~~~~~~~~~^^^^^^^^
  File "/home/julian/micromamba/envs/spoc26/lib/python3.13/multiprocessing/connection.py", line 385, in _send
    n = write(self._handle, buf)
BrokenPipeError: [Errno 32] Broken pipe
Process SpawnPoolWorker-3:
Traceback (most recent call last):
  File "/home/julian/micromamba/envs/spoc26/lib/python3.13/multiprocessing/pool.py", line 131, in worker
    put((job, i, result))
    ~~~^^^^^^^^^^^^^^^^^^
  File "/home/julian/micromamba/envs/spoc26/lib/python3.13/multiprocessing/queues.py", line 397, in put
    self._writer.send_bytes(obj)
    ~~~~~~~~~~~~~~~~~~~~~~~^^^^^
  File "/home/julian/micromamba/envs/spoc26/lib/python3.13/multiprocessing/connection.py", line 201, in send_bytes
    self._send_bytes(m[offset:offset + size])
    ~~~~~~~~~~~~~~~~^^^^^^^^^^^^^^^^^^^^^^^^^
  File "/home/julian/micromamba/envs/spoc26/lib/python3.13/multiprocessing/connection.py", line 421, in _send_bytes
    self._send(header)
    ~~~~~~~~~~^^^^^^^^
  File "/home/julian/micromamba/envs/spoc26/lib/python3.13/multiprocessing/connection.py", line 385, in _send
    n = write(self._handle, buf)
BrokenPipeError: [Errno 32] Broken pipe

During handling of the above exception, another exception occurred:

Traceback (most recent call last):
  File "/home/julian/micromamba/envs/spoc26/lib/python3.13/multiprocessing/process.py", line 313, in _bootstrap
    self.run()
    ~~~~~~~~^^
  File "/home/julian/micromamba/envs/spoc26/lib/python3.13/multiprocessing/process.py", line 108, in run
    self._target(*self._args, **self._kwargs)
    ~~~~~~~~~~~~^^^^^^^^^^^^^^^^^^^^^^^^^^^^^
  File "/home/julian/micromamba/envs/spoc26/lib/python3.13/multiprocessing/pool.py", line 136, in worker
    put((job, i, (False, wrapped)))
    ~~~^^^^^^^^^^^^^^^^^^^^^^^^^^^^
  File "/home/julian/micromamba/envs/spoc26/lib/python3.13/multiprocessing/queues.py", line 397, in put
    self._writer.send_bytes(obj)
    ~~~~~~~~~~~~~~~~~~~~~~~^^^^^
  File "/home/julian/micromamba/envs/spoc26/lib/python3.13/multiprocessing/connection.py", line 201, in send_bytes
    self._send_bytes(m[offset:offset + size])
    ~~~~~~~~~~~~~~~~^^^^^^^^^^^^^^^^^^^^^^^^^
  File "/home/julian/micromamba/envs/spoc26/lib/python3.13/multiprocessing/connection.py", line 421, in _send_bytes
    self._send(header)
    ~~~~~~~~~~^^^^^^^^
  File "/home/julian/micromamba/envs/spoc26/lib/python3.13/multiprocessing/connection.py", line 385, in _send
    n = write(self._handle, buf)
BrokenPipeError: [Errno 32] Broken pipe
Process SpawnPoolWorker-4:
Traceback (most recent call last):
  File "/home/julian/micromamba/envs/spoc26/lib/python3.13/multiprocessing/pool.py", line 131, in worker
    put((job, i, result))
    ~~~^^^^^^^^^^^^^^^^^^
  File "/home/julian/micromamba/envs/spoc26/lib/python3.13/multiprocessing/queues.py", line 397, in put
    self._writer.send_bytes(obj)
    ~~~~~~~~~~~~~~~~~~~~~~~^^^^^
  File "/home/julian/micromamba/envs/spoc26/lib/python3.13/multiprocessing/connection.py", line 201, in send_bytes
    self._send_bytes(m[offset:offset + size])
    ~~~~~~~~~~~~~~~~^^^^^^^^^^^^^^^^^^^^^^^^^
  File "/home/julian/micromamba/envs/spoc26/lib/python3.13/multiprocessing/connection.py", line 421, in _send_bytes
    self._send(header)
    ~~~~~~~~~~^^^^^^^^
  File "/home/julian/micromamba/envs/spoc26/lib/python3.13/multiprocessing/connection.py", line 385, in _send
    n = write(self._handle, buf)
BrokenPipeError: [Errno 32] Broken pipe

During handling of the above exception, another exception occurred:

Traceback (most recent call last):
  File "/home/julian/micromamba/envs/spoc26/lib/python3.13/multiprocessing/process.py", line 313, in _bootstrap
    self.run()
    ~~~~~~~~^^
  File "/home/julian/micromamba/envs/spoc26/lib/python3.13/multiprocessing/process.py", line 108, in run
    self._target(*self._args, **self._kwargs)
    ~~~~~~~~~~~~^^^^^^^^^^^^^^^^^^^^^^^^^^^^^
  File "/home/julian/micromamba/envs/spoc26/lib/python3.13/multiprocessing/pool.py", line 136, in worker
    put((job, i, (False, wrapped)))
    ~~~^^^^^^^^^^^^^^^^^^^^^^^^^^^^
  File "/home/julian/micromamba/envs/spoc26/lib/python3.13/multiprocessing/queues.py", line 397, in put
    self._writer.send_bytes(obj)
    ~~~~~~~~~~~~~~~~~~~~~~~^^^^^
  File "/home/julian/micromamba/envs/spoc26/lib/python3.13/multiprocessing/connection.py", line 201, in send_bytes
    self._send_bytes(m[offset:offset + size])
    ~~~~~~~~~~~~~~~~^^^^^^^^^^^^^^^^^^^^^^^^^
  File "/home/julian/micromamba/envs/spoc26/lib/python3.13/multiprocessing/connection.py", line 421, in _send_bytes
    self._send(header)
    ~~~~~~~~~~^^^^^^^^
  File "/home/julian/micromamba/envs/spoc26/lib/python3.13/multiprocessing/connection.py", line 385, in _send
    n = write(self._handle, buf)
BrokenPipeError: [Errno 32] Broken pipe
Process SpawnPoolWorker-1:
Traceback (most recent call last):
  File "/home/julian/micromamba/envs/spoc26/lib/python3.13/multiprocessing/pool.py", line 131, in worker
    put((job, i, result))
    ~~~^^^^^^^^^^^^^^^^^^
  File "/home/julian/micromamba/envs/spoc26/lib/python3.13/multiprocessing/queues.py", line 397, in put
    self._writer.send_bytes(obj)
    ~~~~~~~~~~~~~~~~~~~~~~~^^^^^
  File "/home/julian/micromamba/envs/spoc26/lib/python3.13/multiprocessing/connection.py", line 201, in send_bytes
    self._send_bytes(m[offset:offset + size])
    ~~~~~~~~~~~~~~~~^^^^^^^^^^^^^^^^^^^^^^^^^
  File "/home/julian/micromamba/envs/spoc26/lib/python3.13/multiprocessing/connection.py", line 421, in _send_bytes
    self._send(header)
    ~~~~~~~~~~^^^^^^^^
  File "/home/julian/micromamba/envs/spoc26/lib/python3.13/multiprocessing/connection.py", line 385, in _send
    n = write(self._handle, buf)
BrokenPipeError: [Errno 32] Broken pipe

During handling of the above exception, another exception occurred:

Traceback (most recent call last):
  File "/home/julian/micromamba/envs/spoc26/lib/python3.13/multiprocessing/process.py", line 313, in _bootstrap
    self.run()
    ~~~~~~~~^^
  File "/home/julian/micromamba/envs/spoc26/lib/python3.13/multiprocessing/process.py", line 108, in run
    self._target(*self._args, **self._kwargs)
    ~~~~~~~~~~~~^^^^^^^^^^^^^^^^^^^^^^^^^^^^^
  File "/home/julian/micromamba/envs/spoc26/lib/python3.13/multiprocessing/pool.py", line 136, in worker
    put((job, i, (False, wrapped)))
    ~~~^^^^^^^^^^^^^^^^^^^^^^^^^^^^
  File "/home/julian/micromamba/envs/spoc26/lib/python3.13/multiprocessing/queues.py", line 397, in put
    self._writer.send_bytes(obj)
    ~~~~~~~~~~~~~~~~~~~~~~~^^^^^
  File "/home/julian/micromamba/envs/spoc26/lib/python3.13/multiprocessing/connection.py", line 201, in send_bytes
    self._send_bytes(m[offset:offset + size])
    ~~~~~~~~~~~~~~~~^^^^^^^^^^^^^^^^^^^^^^^^^
  File "/home/julian/micromamba/envs/spoc26/lib/python3.13/multiprocessing/connection.py", line 421, in _send_bytes
    self._send(header)
    ~~~~~~~~~~^^^^^^^^
  File "/home/julian/micromamba/envs/spoc26/lib/python3.13/multiprocessing/connection.py", line 385, in _send
    n = write(self._handle, buf)
BrokenPipeError: [Errno 32] Broken pipe
/home/julian/micromamba/envs/spoc26/lib/python3.13/multiprocessing/resource_tracker.py:400: UserWarning: resource_tracker: There appear to be 6 leaked semaphore objects to clean up at shutdown: {'/loky-104010-aekfxfw7', '/loky-104010-gq1uy5zi', '/loky-104010-vvlv4gy8', '/loky-104010-3zeemhid', '/loky-104010-8286twcl', '/loky-104010-ygi2eanv'}
  warnings.warn(
