error    libmamba Could not set lock (Resource temporarily unavailable)
warning  libmamba Cannot lock '/home/julian/.cache/mamba/proc'
    Waiting for other mamba process to finish
[E-678 s22] current-bank start=72927.46 sel=9141 | bank=72206.52 leader=73714.03 | random-destroy 0.45
[E-678 s22] best=72929.97 (+723.45 vs bank) it=14 acc=14 *** BEATS BANK feas=True [53s]
[E-678 s22] best=72931.35 (+724.83 vs bank) it=15 acc=15 *** BEATS BANK feas=True [57s]
[E-678 s22] best=72931.82 (+725.30 vs bank) it=16 acc=16 *** BEATS BANK feas=True [61s]
[E-678 s22] best=72932.70 (+726.18 vs bank) it=18 acc=18 *** BEATS BANK feas=True [68s]
[E-678 s22] best=72934.85 (+728.33 vs bank) it=28 acc=28 *** BEATS BANK feas=True [102s]
[E-678 s22] best=72936.19 (+729.67 vs bank) it=29 acc=29 *** BEATS BANK feas=True [105s]
[E-678 s22] best=72938.40 (+731.88 vs bank) it=30 acc=30 *** BEATS BANK feas=True [109s]
[E-678 s22] best=72939.34 (+732.82 vs bank) it=56 acc=56 *** BEATS BANK feas=True [192s]
[E-678 s22] best=72939.66 (+733.14 vs bank) it=58 acc=58 *** BEATS BANK feas=True [199s]
[E-678 s22] best=72941.37 (+734.85 vs bank) it=60 acc=60 *** BEATS BANK feas=True [206s]
[E-678 s22] best=72941.88 (+735.36 vs bank) it=89 acc=89 *** BEATS BANK feas=True [306s]
[E-678 s22] best=72942.91 (+736.39 vs bank) it=94 acc=94 *** BEATS BANK feas=True [323s]
[E-678 s22] best=72943.25 (+736.73 vs bank) it=100 acc=100 *** BEATS BANK feas=True [342s]
[E-678 s22] it=100 cur=72943.25 best=72943.25 [342s]
[E-678 s22] best=72943.46 (+736.94 vs bank) it=103 acc=103 *** BEATS BANK feas=True [352s]
[E-678 s22] best=72944.74 (+738.22 vs bank) it=104 acc=104 *** BEATS BANK feas=True [356s]
[E-678 s22] best=72945.56 (+739.04 vs bank) it=105 acc=105 *** BEATS BANK feas=True [359s]
[E-678 s22] best=72946.43 (+739.91 vs bank) it=106 acc=106 *** BEATS BANK feas=True [362s]
[E-678 s22] best=72946.85 (+740.33 vs bank) it=107 acc=107 *** BEATS BANK feas=True [365s]
[E-678 s22] best=72947.21 (+740.69 vs bank) it=114 acc=114 *** BEATS BANK feas=True [387s]
[E-678 s22] best=72947.28 (+740.76 vs bank) it=115 acc=115 *** BEATS BANK feas=True [390s]
[E-678 s22] best=72947.91 (+741.39 vs bank) it=119 acc=119 *** BEATS BANK feas=True [399s]
[E-678 s22] best=72948.74 (+742.22 vs bank) it=140 acc=140 *** BEATS BANK feas=True [448s]
[E-678 s22] best=72949.65 (+743.13 vs bank) it=147 acc=147 *** BEATS BANK feas=True [466s]
[E-678 s22] best=72950.04 (+743.52 vs bank) it=148 acc=148 *** BEATS BANK feas=True [468s]
[E-678 s22] best=72950.08 (+743.56 vs bank) it=149 acc=149 *** BEATS BANK feas=True [470s]
[E-678 s22] best=72950.14 (+743.62 vs bank) it=155 acc=155 *** BEATS BANK feas=True [488s]
[E-678 s22] best=72950.28 (+743.76 vs bank) it=162 acc=162 *** BEATS BANK feas=True [505s]
[E-678 s22] best=72950.67 (+744.15 vs bank) it=179 acc=179 *** BEATS BANK feas=True [547s]
[E-678 s22] best=72950.67 (+744.15 vs bank) it=184 acc=184 *** BEATS BANK feas=True [558s]
[E-678 s22] best=72951.06 (+744.54 vs bank) it=189 acc=189 *** BEATS BANK feas=True [570s]
[E-678 s22] best=72951.74 (+745.22 vs bank) it=191 acc=191 *** BEATS BANK feas=True [574s]
[E-678 s22] best=72953.34 (+746.82 vs bank) it=194 acc=194 *** BEATS BANK feas=True [582s]
[E-678 s22] it=200 cur=72953.34 best=72953.34 [599s]
[E-678 s22] best=72953.80 (+747.28 vs bank) it=218 acc=218 *** BEATS BANK feas=True [642s]
[E-678 s22] best=72957.55 (+751.03 vs bank) it=220 acc=220 *** BEATS BANK feas=True [649s]
[E-678 s22] best=72960.41 (+753.89 vs bank) it=224 acc=224 *** BEATS BANK feas=True [661s]
[E-678 s22] best=72960.45 (+753.93 vs bank) it=225 acc=225 *** BEATS BANK feas=True [664s]
[E-678 s22] best=72961.19 (+754.67 vs bank) it=226 acc=226 *** BEATS BANK feas=True [666s]
[E-678 s22] best=72961.28 (+754.76 vs bank) it=233 acc=233 *** BEATS BANK feas=True [690s]
[E-678 s22] best=72961.64 (+755.12 vs bank) it=235 acc=235 *** BEATS BANK feas=True [695s]
[E-678 s22] best=72962.27 (+755.75 vs bank) it=237 acc=237 *** BEATS BANK feas=True [700s]
[E-678 s22] best=72962.29 (+755.77 vs bank) it=242 acc=242 *** BEATS BANK feas=True [711s]
[E-678 s22] best=72962.73 (+756.21 vs bank) it=246 acc=246 *** BEATS BANK feas=True [721s]
[E-678 s22] best=72965.18 (+758.66 vs bank) it=264 acc=264 *** BEATS BANK feas=True [768s]
[E-678 s22] best=72965.44 (+758.92 vs bank) it=271 acc=271 *** BEATS BANK feas=True [788s]
[E-678 s22] best=72967.30 (+760.78 vs bank) it=272 acc=272 *** BEATS BANK feas=True [790s]
[E-678 s22] best=72968.80 (+762.28 vs bank) it=276 acc=276 *** BEATS BANK feas=True [799s]
[E-678 s22] best=72968.92 (+762.40 vs bank) it=277 acc=277 *** BEATS BANK feas=True [801s]
[E-678 s22] best=72969.23 (+762.71 vs bank) it=278 acc=278 *** BEATS BANK feas=True [803s]
[E-678 s22] best=72969.58 (+763.06 vs bank) it=282 acc=282 *** BEATS BANK feas=True [813s]
[E-678 s22] best=72970.14 (+763.62 vs bank) it=298 acc=298 *** BEATS BANK feas=True [853s]
[E-678 s22] it=300 cur=72970.14 best=72970.14 [858s]
[E-678 s22] best=72971.40 (+764.88 vs bank) it=306 acc=306 *** BEATS BANK feas=True [873s]
[E-678 s22] best=72973.32 (+766.80 vs bank) it=307 acc=307 *** BEATS BANK feas=True [876s]
[E-678 s22] best=72973.98 (+767.46 vs bank) it=314 acc=314 *** BEATS BANK feas=True [892s]
[E-678 s22] best=72974.05 (+767.53 vs bank) it=316 acc=316 *** BEATS BANK feas=True [897s]
[E-678 s22] best=72975.21 (+768.69 vs bank) it=317 acc=317 *** BEATS BANK feas=True [899s]
[E-678 s22] best=72976.17 (+769.65 vs bank) it=323 acc=323 *** BEATS BANK feas=True [919s]
[E-678 s22] best=72977.55 (+771.03 vs bank) it=324 acc=324 *** BEATS BANK feas=True [921s]
[E-678 s22] best=72978.95 (+772.43 vs bank) it=325 acc=325 *** BEATS BANK feas=True [923s]
[E-678 s22] best=72979.35 (+772.83 vs bank) it=343 acc=343 *** BEATS BANK feas=True [972s]
[E-678 s22] best=72979.97 (+773.45 vs bank) it=348 acc=348 *** BEATS BANK feas=True [984s]
[E-678 s22] best=72980.51 (+773.99 vs bank) it=350 acc=350 *** BEATS BANK feas=True [990s]
[E-678 s22] best=72981.53 (+775.01 vs bank) it=351 acc=351 *** BEATS BANK feas=True [993s]
[E-678 s22] best=72981.60 (+775.08 vs bank) it=354 acc=354 *** BEATS BANK feas=True [1001s]
[E-678 s22] best=72981.78 (+775.26 vs bank) it=357 acc=357 *** BEATS BANK feas=True [1009s]
[E-678 s22] best=72987.41 (+780.89 vs bank) it=364 acc=364 *** BEATS BANK feas=True [1027s]
[E-678 s22] best=72988.02 (+781.50 vs bank) it=367 acc=367 *** BEATS BANK feas=True [1034s]
[E-678 s22] best=72988.91 (+782.39 vs bank) it=375 acc=375 *** BEATS BANK feas=True [1060s]
[E-678 s22] best=72992.35 (+785.83 vs bank) it=382 acc=382 *** BEATS BANK feas=True [1088s]
[E-678 s22] best=72992.36 (+785.84 vs bank) it=397 acc=397 *** BEATS BANK feas=True [1141s]
[E-678 s22] it=400 cur=72992.36 best=72992.36 [1150s]
[E-678 s22] best=72994.54 (+788.02 vs bank) it=402 acc=402 *** BEATS BANK feas=True [1155s]
[E-678 s22] best=72995.22 (+788.70 vs bank) it=403 acc=403 *** BEATS BANK feas=True [1158s]
[E-678 s22] best=72995.34 (+788.82 vs bank) it=404 acc=404 *** BEATS BANK feas=True [1160s]
[E-678 s22] best=72997.29 (+790.77 vs bank) it=405 acc=405 *** BEATS BANK feas=True [1166s]
[E-678 s22] best=72997.88 (+791.35 vs bank) it=413 acc=413 *** BEATS BANK feas=True [1188s]
[E-678 s22] best=72999.23 (+792.71 vs bank) it=414 acc=414 *** BEATS BANK feas=True [1190s]
[E-678 s22] best=72999.28 (+792.76 vs bank) it=415 acc=415 *** BEATS BANK feas=True [1192s]
[E-678 s22] best=73001.17 (+794.65 vs bank) it=422 acc=422 *** BEATS BANK feas=True [1212s]
[E-678 s22] best=73001.93 (+795.41 vs bank) it=424 acc=424 *** BEATS BANK feas=True [1217s]
[E-678 s22] best=73002.17 (+795.65 vs bank) it=433 acc=433 *** BEATS BANK feas=True [1241s]
[E-678 s22] best=73002.30 (+795.78 vs bank) it=434 acc=434 *** BEATS BANK feas=True [1244s]
[E-678 s22] best=73002.74 (+796.22 vs bank) it=439 acc=439 *** BEATS BANK feas=True [1256s]
[E-678 s22] best=73004.32 (+797.80 vs bank) it=441 acc=441 *** BEATS BANK feas=True [1261s]
[E-678 s22] best=73005.27 (+798.75 vs bank) it=454 acc=454 *** BEATS BANK feas=True [1303s]
[E-678 s22] best=73006.14 (+799.62 vs bank) it=457 acc=457 *** BEATS BANK feas=True [1313s]
[E-678 s22] best=73007.23 (+800.71 vs bank) it=458 acc=458 *** BEATS BANK feas=True [1315s]
[E-678 s22] best=73007.65 (+801.13 vs bank) it=459 acc=459 *** BEATS BANK feas=True [1318s]
[E-678 s22] best=73007.88 (+801.36 vs bank) it=460 acc=460 *** BEATS BANK feas=True [1321s]
[E-678 s22] best=73008.06 (+801.54 vs bank) it=482 acc=482 *** BEATS BANK feas=True [1381s]
[E-678 s22] best=73008.66 (+802.14 vs bank) it=488 acc=488 *** BEATS BANK feas=True [1396s]
[E-678 s22] best=73010.05 (+803.53 vs bank) it=491 acc=491 *** BEATS BANK feas=True [1403s]
[E-678 s22] best=73010.20 (+803.68 vs bank) it=493 acc=493 *** BEATS BANK feas=True [1409s]
[E-678 s22] best=73011.71 (+805.19 vs bank) it=498 acc=498 *** BEATS BANK feas=True [1423s]
[E-678 s22] it=500 cur=73011.71 best=73011.71 [1429s]
[E-678 s22] best=73015.35 (+808.83 vs bank) it=503 acc=503 *** BEATS BANK feas=True [1439s]
[E-678 s22] best=73017.49 (+810.97 vs bank) it=504 acc=504 *** BEATS BANK feas=True [1443s]
[E-678 s22] best=73017.61 (+811.09 vs bank) it=529 acc=529 *** BEATS BANK feas=True [1514s]
[E-678 s22] best=73020.80 (+814.28 vs bank) it=542 acc=542 *** BEATS BANK feas=True [1552s]
[E-678 s22] best=73021.17 (+814.65 vs bank) it=544 acc=544 *** BEATS BANK feas=True [1557s]
[E-678 s22] best=73023.49 (+816.97 vs bank) it=549 acc=549 *** BEATS BANK feas=True [1570s]
[E-678 s22] best=73025.00 (+818.48 vs bank) it=555 acc=555 *** BEATS BANK feas=True [1584s]
[E-678 s22] best=73025.18 (+818.66 vs bank) it=559 acc=559 *** BEATS BANK feas=True [1593s]
[E-678 s22] best=73025.18 (+818.66 vs bank) it=560 acc=560 *** BEATS BANK feas=True [1596s]
[E-678 s22] best=73026.57 (+820.05 vs bank) it=563 acc=563 *** BEATS BANK feas=True [1606s]
[E-678 s22] best=73028.30 (+821.78 vs bank) it=568 acc=568 *** BEATS BANK feas=True [1618s]
[E-678 s22] best=73028.34 (+821.82 vs bank) it=582 acc=582 *** BEATS BANK feas=True [1656s]
[E-678 s22] best=73028.78 (+822.26 vs bank) it=585 acc=585 *** BEATS BANK feas=True [1663s]
[E-678 s22] best=73029.19 (+822.67 vs bank) it=592 acc=592 *** BEATS BANK feas=True [1680s]
[E-678 s22] best=73029.38 (+822.86 vs bank) it=596 acc=596 *** BEATS BANK feas=True [1689s]
[E-678 s22] it=600 cur=73029.38 best=73029.38 [1699s]
[E-678 s22] best=73029.56 (+823.04 vs bank) it=607 acc=607 *** BEATS BANK feas=True [1718s]
[E-678 s22] best=73030.47 (+823.95 vs bank) it=614 acc=614 *** BEATS BANK feas=True [1738s]
[E-678 s22] best=73030.57 (+824.05 vs bank) it=637 acc=637 *** BEATS BANK feas=True [1799s]
[E-678 s22] best=73031.29 (+824.77 vs bank) it=638 acc=638 *** BEATS BANK feas=True [1802s]
[E-678 s22] best=73033.02 (+826.50 vs bank) it=655 acc=655 *** BEATS BANK feas=True [1852s]
[E-678 s22] best=73034.34 (+827.82 vs bank) it=683 acc=683 *** BEATS BANK feas=True [1969s]
[E-678 s22] best=73035.36 (+828.84 vs bank) it=684 acc=684 *** BEATS BANK feas=True [1972s]
[E-678 s22] best=73035.80 (+829.28 vs bank) it=698 acc=698 *** BEATS BANK feas=True [2026s]
[E-678 s22] best=73036.04 (+829.52 vs bank) it=700 acc=700 *** BEATS BANK feas=True [2036s]
[E-678 s22] it=700 cur=73036.04 best=73036.04 [2036s]
[E-678 s22] best=73036.21 (+829.69 vs bank) it=729 acc=729 *** BEATS BANK feas=True [2154s]
[E-678 s22] best=73036.28 (+829.76 vs bank) it=761 acc=761 *** BEATS BANK feas=True [2286s]
[E-678 s22] best=73036.56 (+830.04 vs bank) it=762 acc=762 *** BEATS BANK feas=True [2290s]
[E-678 s22] best=73036.95 (+830.43 vs bank) it=773 acc=773 *** BEATS BANK feas=True [2335s]
[E-678 s22] best=73037.12 (+830.60 vs bank) it=776 acc=776 *** BEATS BANK feas=True [2347s]
[E-678 s22] best=73038.07 (+831.55 vs bank) it=777 acc=777 *** BEATS BANK feas=True [2351s]
[E-678 s22] best=73038.15 (+831.63 vs bank) it=778 acc=778 *** BEATS BANK feas=True [2355s]
[E-678 s22] best=73038.58 (+832.06 vs bank) it=779 acc=779 *** BEATS BANK feas=True [2359s]
[E-678 s22] best=73039.03 (+832.51 vs bank) it=783 acc=783 *** BEATS BANK feas=True [2375s]
[E-678 s22] best=73039.62 (+833.10 vs bank) it=796 acc=796 *** BEATS BANK feas=True [2427s]
[E-678 s22] it=800 cur=73039.62 best=73039.62 [2444s]
[E-678 s22] best=73040.39 (+833.87 vs bank) it=818 acc=818 *** BEATS BANK feas=True [2518s]
[E-678 s22] best=73040.77 (+834.25 vs bank) it=826 acc=826 *** BEATS BANK feas=True [2550s]
[E-678 s22] best=73041.39 (+834.87 vs bank) it=829 acc=829 *** BEATS BANK feas=True [2561s]
[E-678 s22] best=73044.36 (+837.84 vs bank) it=834 acc=834 *** BEATS BANK feas=True [2581s]
[E-678 s22] best=73045.41 (+838.89 vs bank) it=836 acc=836 *** BEATS BANK feas=True [2589s]
[E-678 s22] best=73047.74 (+841.22 vs bank) it=837 acc=837 *** BEATS BANK feas=True [2593s]
[E-678 s22] best=73048.05 (+841.53 vs bank) it=843 acc=843 *** BEATS BANK feas=True [2618s]
[E-678 s22] best=73048.37 (+841.85 vs bank) it=844 acc=844 *** BEATS BANK feas=True [2622s]
[E-678 s22] best=73048.45 (+841.93 vs bank) it=845 acc=845 *** BEATS BANK feas=True [2625s]
[E-678 s22] best=73049.51 (+842.99 vs bank) it=846 acc=846 *** BEATS BANK feas=True [2629s]
[E-678 s22] best=73049.97 (+843.45 vs bank) it=848 acc=848 *** BEATS BANK feas=True [2637s]
[E-678 s22] best=73050.60 (+844.08 vs bank) it=849 acc=849 *** BEATS BANK feas=True [2641s]
[E-678 s22] best=73050.69 (+844.17 vs bank) it=871 acc=871 *** BEATS BANK feas=True [2727s]
[E-678 s22] best=73051.43 (+844.91 vs bank) it=872 acc=872 *** BEATS BANK feas=True [2731s]
[E-678 s22] best=73051.81 (+845.29 vs bank) it=890 acc=890 *** BEATS BANK feas=True [2802s]
[E-678 s22] best=73053.31 (+846.79 vs bank) it=894 acc=894 *** BEATS BANK feas=True [2818s]
[E-678 s22] it=900 cur=73053.31 best=73053.31 [2842s]
[E-678 s22] best=73053.78 (+847.26 vs bank) it=901 acc=901 *** BEATS BANK feas=True [2846s]
[E-678 s22] best=73055.15 (+848.63 vs bank) it=933 acc=933 *** BEATS BANK feas=True [2974s]
[E-678 s22] best=73056.51 (+849.99 vs bank) it=952 acc=952 *** BEATS BANK feas=True [3035s]
[E-678 s22] best=73057.00 (+850.48 vs bank) it=953 acc=953 *** BEATS BANK feas=True [3038s]
[E-678 s22] best=73057.04 (+850.51 vs bank) it=956 acc=956 *** BEATS BANK feas=True [3047s]
[E-678 s22] best=73057.27 (+850.75 vs bank) it=957 acc=957 *** BEATS BANK feas=True [3050s]
[E-678 s22] best=73057.52 (+851.00 vs bank) it=973 acc=973 *** BEATS BANK feas=True [3105s]
[E-678 s22] best=73057.91 (+851.39 vs bank) it=989 acc=989 *** BEATS BANK feas=True [3155s]
[E-678 s22] best=73059.72 (+853.20 vs bank) it=990 acc=990 *** BEATS BANK feas=True [3158s]
[E-678 s22] it=1000 cur=73059.72 best=73059.72 [3185s]
[E-678 s22] best=73060.70 (+854.18 vs bank) it=1084 acc=1084 *** BEATS BANK feas=True [3406s]
[E-678 s22] best=73061.69 (+855.17 vs bank) it=1100 acc=1100 *** BEATS BANK feas=True [3449s]
[E-678 s22] it=1100 cur=73061.69 best=73061.69 [3449s]
[E-678 s22] best=73064.78 (+858.26 vs bank) it=1101 acc=1101 *** BEATS BANK feas=True [3453s]
[E-678 s22] best=73065.65 (+859.13 vs bank) it=1120 acc=1120 *** BEATS BANK feas=True [3508s]
[E-678 s22] best=73066.08 (+859.56 vs bank) it=1149 acc=1149 *** BEATS BANK feas=True [3591s]
[E-678 s22] best=73066.64 (+860.12 vs bank) it=1150 acc=1150 *** BEATS BANK feas=True [3595s]
[E-678 s22] best=73066.93 (+860.41 vs bank) it=1152 acc=1152 *** BEATS BANK feas=True [3600s]
[E-678 s22] best=73071.31 (+864.79 vs bank) it=1153 acc=1153 *** BEATS BANK feas=True [3603s]
[E-678 s22] best=73073.26 (+866.74 vs bank) it=1171 acc=1171 *** BEATS BANK feas=True [3657s]
[E-678 s22] best=73073.38 (+866.86 vs bank) it=1190 acc=1190 *** BEATS BANK feas=True [3713s]
[E-678 s22] best=73073.70 (+867.18 vs bank) it=1194 acc=1194 *** BEATS BANK feas=True [3724s]
[E-678 s22] best=73073.96 (+867.44 vs bank) it=1199 acc=1199 *** BEATS BANK feas=True [3737s]
[E-678 s22] it=1200 cur=73073.96 best=73073.96 [3740s]
[E-678 s22] best=73074.09 (+867.57 vs bank) it=1202 acc=1202 *** BEATS BANK feas=True [3746s]
[E-678 s22] best=73078.18 (+871.66 vs bank) it=1216 acc=1216 *** BEATS BANK feas=True [3802s]
[E-678 s22] best=73078.19 (+871.67 vs bank) it=1262 acc=1262 *** BEATS BANK feas=True [3960s]
[E-678 s22] best=73079.07 (+872.55 vs bank) it=1283 acc=1283 *** BEATS BANK feas=True [4031s]
[E-678 s22] best=73079.14 (+872.62 vs bank) it=1293 acc=1293 *** BEATS BANK feas=True [4066s]
[E-678 s22] it=1300 cur=73079.14 best=73079.14 [4093s]
[E-678 s22] best=73081.10 (+874.58 vs bank) it=1306 acc=1306 *** BEATS BANK feas=True [4111s]
[E-678 s22] best=73082.83 (+876.31 vs bank) it=1310 acc=1310 *** BEATS BANK feas=True [4122s]
[E-678 s22] best=73083.81 (+877.29 vs bank) it=1315 acc=1315 *** BEATS BANK feas=True [4138s]
[E-678 s22] best=73084.40 (+877.88 vs bank) it=1319 acc=1319 *** BEATS BANK feas=True [4149s]
[E-678 s22] best=73088.79 (+882.26 vs bank) it=1324 acc=1324 *** BEATS BANK feas=True [4163s]
[E-678 s22] best=73088.81 (+882.29 vs bank) it=1326 acc=1326 *** BEATS BANK feas=True [4168s]
[E-678 s22] best=73089.97 (+883.45 vs bank) it=1348 acc=1348 *** BEATS BANK feas=True [4239s]
[E-678 s22] best=73091.31 (+884.79 vs bank) it=1349 acc=1349 *** BEATS BANK feas=True [4243s]
[E-678 s22] best=73091.93 (+885.41 vs bank) it=1380 acc=1380 *** BEATS BANK feas=True [4338s]
[E-678 s22] best=73092.68 (+886.16 vs bank) it=1382 acc=1382 *** BEATS BANK feas=True [4343s]
[E-678 s22] best=73092.69 (+886.17 vs bank) it=1395 acc=1395 *** BEATS BANK feas=True [4390s]
[E-678 s22] best=73093.29 (+886.77 vs bank) it=1396 acc=1396 *** BEATS BANK feas=True [4394s]
[E-678 s22] best=73093.38 (+886.86 vs bank) it=1397 acc=1397 *** BEATS BANK feas=True [4397s]
[E-678 s22] it=1400 cur=73093.38 best=73093.38 [4407s]
[E-678 s22] best=73093.49 (+886.97 vs bank) it=1404 acc=1404 *** BEATS BANK feas=True [4421s]
[E-678 s22] best=73094.54 (+888.02 vs bank) it=1406 acc=1406 *** BEATS BANK feas=True [4428s]
[E-678 s22] best=73095.89 (+889.37 vs bank) it=1414 acc=1414 *** BEATS BANK feas=True [4459s]
[E-678 s22] best=73096.40 (+889.88 vs bank) it=1418 acc=1418 *** BEATS BANK feas=True [4472s]
[E-678 s22] best=73096.78 (+890.26 vs bank) it=1419 acc=1419 *** BEATS BANK feas=True [4475s]
[E-678 s22] best=73097.47 (+890.95 vs bank) it=1422 acc=1422 *** BEATS BANK feas=True [4485s]
[E-678 s22] best=73098.11 (+891.59 vs bank) it=1425 acc=1425 *** BEATS BANK feas=True [4494s]
[E-678 s22] best=73098.23 (+891.71 vs bank) it=1429 acc=1429 *** BEATS BANK feas=True [4505s]
[E-678 s22] best=73100.53 (+894.01 vs bank) it=1433 acc=1433 *** BEATS BANK feas=True [4517s]
[E-678 s22] best=73101.79 (+895.27 vs bank) it=1438 acc=1438 *** BEATS BANK feas=True [4533s]
[E-678 s22] best=73103.38 (+896.86 vs bank) it=1442 acc=1442 *** BEATS BANK feas=True [4545s]
[E-678 s22] best=73104.47 (+897.95 vs bank) it=1447 acc=1447 *** BEATS BANK feas=True [4560s]
[E-678 s22] best=73105.20 (+898.68 vs bank) it=1463 acc=1463 *** BEATS BANK feas=True [4609s]
[E-678 s22] it=1500 cur=73105.20 best=73105.20 [4741s]
[E-678 s22] best=73105.41 (+898.89 vs bank) it=1502 acc=1502 *** BEATS BANK feas=True [4748s]
[E-678 s22] best=73105.75 (+899.23 vs bank) it=1508 acc=1508 *** BEATS BANK feas=True [4771s]
[E-678 s22] best=73106.05 (+899.53 vs bank) it=1526 acc=1526 *** BEATS BANK feas=True [4829s]
[E-678 s22] best=73106.06 (+899.54 vs bank) it=1528 acc=1528 *** BEATS BANK feas=True [4834s]
[E-678 s22] best=73108.05 (+901.53 vs bank) it=1531 acc=1531 *** BEATS BANK feas=True [4842s]
[E-678 s22] best=73109.27 (+902.75 vs bank) it=1539 acc=1539 *** BEATS BANK feas=True [4872s]
[E-678 s22] best=73109.46 (+902.94 vs bank) it=1542 acc=1542 *** BEATS BANK feas=True [4883s]
[E-678 s22] best=73109.54 (+903.02 vs bank) it=1558 acc=1558 *** BEATS BANK feas=True [4935s]
[E-678 s22] best=73110.00 (+903.48 vs bank) it=1564 acc=1564 *** BEATS BANK feas=True [4952s]
[E-678 s22] it=1600 cur=73110.00 best=73110.00 [5074s]
[E-678 s22] best=73112.12 (+905.60 vs bank) it=1604 acc=1604 *** BEATS BANK feas=True [5088s]
[E-678 s22] best=73112.26 (+905.74 vs bank) it=1645 acc=1645 *** BEATS BANK feas=True [5229s]
[E-678 s22] best=73112.55 (+906.03 vs bank) it=1649 acc=1649 *** BEATS BANK feas=True [5240s]
[E-678 s22] it=1700 cur=73112.55 best=73112.55 [5406s]
[E-678 s22] best=73113.41 (+906.89 vs bank) it=1730 acc=1730 *** BEATS BANK feas=True [5511s]
[E-678 s22] best=73115.57 (+909.05 vs bank) it=1734 acc=1734 *** BEATS BANK feas=True [5524s]
[E-678 s22] best=73117.61 (+911.09 vs bank) it=1735 acc=1735 *** BEATS BANK feas=True [5528s]
[E-678 s22] best=73117.84 (+911.32 vs bank) it=1744 acc=1744 *** BEATS BANK feas=True [5560s]
