error    libmamba Could not set lock (Resource temporarily unavailable)
warning  libmamba Cannot lock '/home/julian/.cache/mamba/proc'
    Waiting for other mamba process to finish
[E-678 s41] current-bank start=73073.26 sel=9142 | bank=72206.52 leader=73714.03 | random-destroy 0.5
[E-678 s41] best=73073.58 (+867.06 vs bank) it=5 acc=5 *** BEATS BANK feas=True [39s]
[E-678 s41] best=73073.84 (+867.32 vs bank) it=7 acc=7 *** BEATS BANK feas=True [50s]
[E-678 s41] best=73073.97 (+867.45 vs bank) it=8 acc=8 *** BEATS BANK feas=True [56s]
[E-678 s41] best=73074.31 (+867.79 vs bank) it=13 acc=13 *** BEATS BANK feas=True [83s]
[E-678 s41] best=73075.90 (+869.38 vs bank) it=17 acc=17 *** BEATS BANK feas=True [103s]
[E-678 s41] best=73080.00 (+873.48 vs bank) it=20 acc=20 *** BEATS BANK feas=True [116s]
[E-678 s41] best=73080.48 (+873.96 vs bank) it=25 acc=25 *** BEATS BANK feas=True [143s]
[E-678 s41] best=73080.78 (+874.26 vs bank) it=27 acc=27 *** BEATS BANK feas=True [152s]
[E-678 s41] best=73081.02 (+874.50 vs bank) it=29 acc=29 *** BEATS BANK feas=True [160s]
[E-678 s41] best=73082.10 (+875.57 vs bank) it=30 acc=30 *** BEATS BANK feas=True [164s]
[E-678 s41] best=73084.04 (+877.52 vs bank) it=31 acc=31 *** BEATS BANK feas=True [169s]
[E-678 s41] best=73084.96 (+878.44 vs bank) it=32 acc=32 *** BEATS BANK feas=True [175s]
[E-678 s41] best=73085.71 (+879.19 vs bank) it=36 acc=36 *** BEATS BANK feas=True [194s]
[E-678 s41] best=73087.54 (+881.02 vs bank) it=43 acc=43 *** BEATS BANK feas=True [227s]
[E-678 s41] best=73087.98 (+881.46 vs bank) it=44 acc=44 *** BEATS BANK feas=True [231s]
[E-678 s41] best=73089.40 (+882.88 vs bank) it=46 acc=46 *** BEATS BANK feas=True [242s]
[E-678 s41] best=73089.41 (+882.89 vs bank) it=47 acc=47 *** BEATS BANK feas=True [246s]
[E-678 s41] best=73089.53 (+883.01 vs bank) it=48 acc=48 *** BEATS BANK feas=True [249s]
[E-678 s41] best=73090.47 (+883.95 vs bank) it=50 acc=50 *** BEATS BANK feas=True [257s]
[E-678 s41] best=73090.72 (+884.20 vs bank) it=52 acc=52 *** BEATS BANK feas=True [267s]
[E-678 s41] best=73091.59 (+885.07 vs bank) it=60 acc=60 *** BEATS BANK feas=True [311s]
[E-678 s41] best=73093.81 (+887.29 vs bank) it=61 acc=61 *** BEATS BANK feas=True [315s]
[E-678 s41] best=73094.39 (+887.87 vs bank) it=65 acc=65 *** BEATS BANK feas=True [331s]
[E-678 s41] best=73098.69 (+892.17 vs bank) it=71 acc=71 *** BEATS BANK feas=True [355s]
[E-678 s41] best=73098.78 (+892.26 vs bank) it=76 acc=76 *** BEATS BANK feas=True [382s]
[E-678 s41] best=73099.80 (+893.28 vs bank) it=77 acc=77 *** BEATS BANK feas=True [387s]
[E-678 s41] best=73100.23 (+893.71 vs bank) it=80 acc=80 *** BEATS BANK feas=True [404s]
[E-678 s41] best=73100.53 (+894.01 vs bank) it=81 acc=81 *** BEATS BANK feas=True [410s]
[E-678 s41] best=73101.42 (+894.90 vs bank) it=85 acc=85 *** BEATS BANK feas=True [432s]
[E-678 s41] best=73103.64 (+897.12 vs bank) it=95 acc=95 *** BEATS BANK feas=True [482s]
[E-678 s41] it=100 cur=73103.64 best=73103.64 [505s]
[E-678 s41] best=73104.05 (+897.53 vs bank) it=115 acc=115 *** BEATS BANK feas=True [577s]
[E-678 s41] best=73105.25 (+898.73 vs bank) it=117 acc=117 *** BEATS BANK feas=True [587s]
[E-678 s41] best=73105.64 (+899.12 vs bank) it=124 acc=124 *** BEATS BANK feas=True [622s]
[E-678 s41] best=73105.84 (+899.32 vs bank) it=125 acc=125 *** BEATS BANK feas=True [628s]
[E-678 s41] best=73106.49 (+899.97 vs bank) it=130 acc=130 *** BEATS BANK feas=True [648s]
[E-678 s41] best=73109.62 (+903.10 vs bank) it=164 acc=164 *** BEATS BANK feas=True [809s]
[E-678 s41] it=200 cur=73109.62 best=73109.62 [989s]
[E-678 s41] best=73110.33 (+903.81 vs bank) it=202 acc=202 *** BEATS BANK feas=True [997s]
[E-678 s41] best=73110.59 (+904.07 vs bank) it=214 acc=214 *** BEATS BANK feas=True [1056s]
[E-678 s41] best=73111.92 (+905.40 vs bank) it=215 acc=215 *** BEATS BANK feas=True [1062s]
[E-678 s41] best=73112.21 (+905.69 vs bank) it=216 acc=216 *** BEATS BANK feas=True [1068s]
[E-678 s41] best=73112.27 (+905.75 vs bank) it=218 acc=218 *** BEATS BANK feas=True [1078s]
[E-678 s41] best=73113.01 (+906.49 vs bank) it=222 acc=222 *** BEATS BANK feas=True [1096s]
[E-678 s41] best=73113.02 (+906.50 vs bank) it=223 acc=223 *** BEATS BANK feas=True [1101s]
[E-678 s41] best=73113.60 (+907.08 vs bank) it=232 acc=232 *** BEATS BANK feas=True [1150s]
[E-678 s41] best=73116.21 (+909.69 vs bank) it=233 acc=233 *** BEATS BANK feas=True [1155s]
[E-678 s41] best=73117.24 (+910.72 vs bank) it=259 acc=259 *** BEATS BANK feas=True [1284s]
[E-678 s41] best=73117.89 (+911.37 vs bank) it=260 acc=260 *** BEATS BANK feas=True [1288s]
[E-678 s41] best=73117.97 (+911.45 vs bank) it=261 acc=261 *** BEATS BANK feas=True [1292s]
[E-678 s41] best=73117.97 (+911.45 vs bank) it=263 acc=263 *** BEATS BANK feas=True [1300s]
[E-678 s41] best=73118.79 (+912.27 vs bank) it=265 acc=265 *** BEATS BANK feas=True [1310s]
[E-678 s41] best=73122.04 (+915.52 vs bank) it=266 acc=266 *** BEATS BANK feas=True [1315s]
[E-678 s41] best=73123.86 (+917.34 vs bank) it=267 acc=267 *** BEATS BANK feas=True [1319s]
[E-678 s41] best=73124.68 (+918.16 vs bank) it=268 acc=268 *** BEATS BANK feas=True [1325s]
[E-678 s41] best=73125.41 (+918.89 vs bank) it=269 acc=269 *** BEATS BANK feas=True [1331s]
[E-678 s41] best=73126.77 (+920.25 vs bank) it=272 acc=272 *** BEATS BANK feas=True [1348s]
[E-678 s41] best=73126.93 (+920.41 vs bank) it=273 acc=273 *** BEATS BANK feas=True [1354s]
[E-678 s41] best=73128.05 (+921.53 vs bank) it=281 acc=281 *** BEATS BANK feas=True [1397s]
[E-678 s41] best=73128.10 (+921.58 vs bank) it=283 acc=283 *** BEATS BANK feas=True [1409s]
[E-678 s41] best=73128.41 (+921.89 vs bank) it=284 acc=284 *** BEATS BANK feas=True [1414s]
[E-678 s41] best=73128.51 (+921.99 vs bank) it=289 acc=289 *** BEATS BANK feas=True [1439s]
[E-678 s41] best=73128.52 (+922.00 vs bank) it=298 acc=298 *** BEATS BANK feas=True [1485s]
[E-678 s41] it=300 cur=73128.52 best=73128.52 [1497s]
[E-678 s41] best=73129.77 (+923.25 vs bank) it=304 acc=304 *** BEATS BANK feas=True [1517s]
[E-678 s41] best=73130.17 (+923.65 vs bank) it=308 acc=308 *** BEATS BANK feas=True [1535s]
[E-678 s41] best=73131.13 (+924.61 vs bank) it=317 acc=317 *** BEATS BANK feas=True [1578s]
[E-678 s41] best=73132.70 (+926.18 vs bank) it=320 acc=320 *** BEATS BANK feas=True [1593s]
[E-678 s41] best=73133.13 (+926.61 vs bank) it=327 acc=327 *** BEATS BANK feas=True [1625s]
[E-678 s41] best=73135.24 (+928.72 vs bank) it=356 acc=356 *** BEATS BANK feas=True [1777s]
[E-678 s41] best=73136.15 (+929.63 vs bank) it=357 acc=357 *** BEATS BANK feas=True [1782s]
[E-678 s41] best=73136.78 (+930.26 vs bank) it=361 acc=361 *** BEATS BANK feas=True [1805s]
[E-678 s41] best=73137.25 (+930.73 vs bank) it=386 acc=386 *** BEATS BANK feas=True [1934s]
[E-678 s41] best=73138.30 (+931.78 vs bank) it=394 acc=394 *** BEATS BANK feas=True [1968s]
[E-678 s41] best=73138.56 (+932.04 vs bank) it=396 acc=396 *** BEATS BANK feas=True [1976s]
[E-678 s41] best=73140.63 (+934.11 vs bank) it=397 acc=397 *** BEATS BANK feas=True [1980s]
[E-678 s41] best=73141.24 (+934.71 vs bank) it=399 acc=399 *** BEATS BANK feas=True [1988s]
[E-678 s41] best=73142.27 (+935.75 vs bank) it=400 acc=400 *** BEATS BANK feas=True [1994s]
[E-678 s41] it=400 cur=73142.27 best=73142.27 [1994s]
[E-678 s41] best=73143.61 (+937.09 vs bank) it=402 acc=402 *** BEATS BANK feas=True [2004s]
[E-678 s41] best=73144.70 (+938.18 vs bank) it=405 acc=405 *** BEATS BANK feas=True [2021s]
[E-678 s41] best=73145.90 (+939.38 vs bank) it=414 acc=414 *** BEATS BANK feas=True [2069s]
[E-678 s41] best=73146.18 (+939.66 vs bank) it=433 acc=433 *** BEATS BANK feas=True [2170s]
[E-678 s41] best=73146.89 (+940.37 vs bank) it=438 acc=438 *** BEATS BANK feas=True [2193s]
[E-678 s41] best=73147.48 (+940.96 vs bank) it=439 acc=439 *** BEATS BANK feas=True [2197s]
[E-678 s41] best=73150.79 (+944.27 vs bank) it=441 acc=441 *** BEATS BANK feas=True [2209s]
[E-678 s41] best=73152.20 (+945.68 vs bank) it=448 acc=448 *** BEATS BANK feas=True [2240s]
[E-678 s41] best=73154.31 (+947.79 vs bank) it=450 acc=450 *** BEATS BANK feas=True [2251s]
[E-678 s41] best=73154.46 (+947.94 vs bank) it=454 acc=454 *** BEATS BANK feas=True [2271s]
[E-678 s41] best=73155.18 (+948.66 vs bank) it=457 acc=457 *** BEATS BANK feas=True [2289s]
[E-678 s41] best=73161.23 (+954.71 vs bank) it=459 acc=459 *** BEATS BANK feas=True [2300s]
[E-678 s41] best=73164.92 (+958.40 vs bank) it=460 acc=460 *** BEATS BANK feas=True [2306s]
[E-678 s41] best=73165.75 (+959.23 vs bank) it=462 acc=462 *** BEATS BANK feas=True [2318s]
[E-678 s41] best=73166.56 (+960.04 vs bank) it=463 acc=463 *** BEATS BANK feas=True [2323s]
[E-678 s41] best=73166.63 (+960.11 vs bank) it=464 acc=464 *** BEATS BANK feas=True [2327s]
[E-678 s41] best=73166.86 (+960.34 vs bank) it=465 acc=465 *** BEATS BANK feas=True [2332s]
[E-678 s41] best=73167.71 (+961.19 vs bank) it=475 acc=475 *** BEATS BANK feas=True [2388s]
[E-678 s41] best=73167.78 (+961.26 vs bank) it=500 acc=500 *** BEATS BANK feas=True [2509s]
[E-678 s41] it=500 cur=73167.78 best=73167.78 [2509s]
[E-678 s41] best=73168.91 (+962.39 vs bank) it=502 acc=502 *** BEATS BANK feas=True [2519s]
[E-678 s41] best=73169.76 (+963.24 vs bank) it=547 acc=547 *** BEATS BANK feas=True [2737s]
[E-678 s41] best=73169.83 (+963.31 vs bank) it=573 acc=573 *** BEATS BANK feas=True [2874s]
[E-678 s41] best=73171.48 (+964.96 vs bank) it=574 acc=574 *** BEATS BANK feas=True [2878s]
[E-678 s41] it=600 cur=73171.48 best=73171.48 [3011s]
[E-678 s41] best=73171.51 (+964.99 vs bank) it=618 acc=618 *** BEATS BANK feas=True [3110s]
[E-678 s41] best=73172.04 (+965.52 vs bank) it=628 acc=628 *** BEATS BANK feas=True [3164s]
[E-678 s41] best=73172.69 (+966.17 vs bank) it=629 acc=629 *** BEATS BANK feas=True [3170s]
[E-678 s41] best=73174.05 (+967.53 vs bank) it=633 acc=633 *** BEATS BANK feas=True [3190s]
[E-678 s41] best=73174.53 (+968.01 vs bank) it=635 acc=635 *** BEATS BANK feas=True [3199s]
[E-678 s41] best=73175.83 (+969.31 vs bank) it=664 acc=664 *** BEATS BANK feas=True [3349s]
[E-678 s41] best=73176.72 (+970.20 vs bank) it=665 acc=665 *** BEATS BANK feas=True [3352s]
[E-678 s41] best=73179.19 (+972.67 vs bank) it=675 acc=675 *** BEATS BANK feas=True [3413s]
[E-678 s41] it=700 cur=73179.19 best=73179.19 [3592s]
[E-678 s41] best=73179.40 (+972.88 vs bank) it=730 acc=730 *** BEATS BANK feas=True [3771s]
[E-678 s41] best=73180.27 (+973.75 vs bank) it=732 acc=732 *** BEATS BANK feas=True [3783s]
[E-678 s41] best=73181.05 (+974.53 vs bank) it=738 acc=738 *** BEATS BANK feas=True [3819s]
[E-678 s41] best=73182.14 (+975.62 vs bank) it=739 acc=739 *** BEATS BANK feas=True [3825s]
[E-678 s41] best=73182.32 (+975.80 vs bank) it=741 acc=741 *** BEATS BANK feas=True [3837s]
[E-678 s41] best=73182.60 (+976.08 vs bank) it=742 acc=742 *** BEATS BANK feas=True [3843s]
[E-678 s41] best=73183.57 (+977.05 vs bank) it=745 acc=745 *** BEATS BANK feas=True [3861s]
[E-678 s41] best=73183.62 (+977.10 vs bank) it=762 acc=762 *** BEATS BANK feas=True [3961s]
[E-678 s41] best=73183.75 (+977.23 vs bank) it=765 acc=765 *** BEATS BANK feas=True [3979s]
[E-678 s41] best=73183.85 (+977.33 vs bank) it=775 acc=775 *** BEATS BANK feas=True [4038s]
[E-678 s41] best=73185.09 (+978.57 vs bank) it=790 acc=790 *** BEATS BANK feas=True [4125s]
[E-678 s41] it=800 cur=73185.09 best=73185.09 [4184s]
[E-678 s41] best=73185.91 (+979.39 vs bank) it=803 acc=803 *** BEATS BANK feas=True [4202s]
[E-678 s41] best=73186.38 (+979.86 vs bank) it=812 acc=812 *** BEATS BANK feas=True [4255s]
[E-678 s41] best=73189.28 (+982.76 vs bank) it=814 acc=814 *** BEATS BANK feas=True [4267s]
[E-678 s41] best=73190.31 (+983.79 vs bank) it=863 acc=863 *** BEATS BANK feas=True [4555s]
[E-678 s41] it=900 cur=73190.31 best=73190.31 [4775s]
[E-678 s41] it=1000 cur=73190.31 best=73190.31 [5378s]
[E-678 s41] best=73190.44 (+983.92 vs bank) it=1012 acc=1012 *** BEATS BANK feas=True [5450s]
[E-678 s41] best=73190.51 (+983.99 vs bank) it=1071 acc=1071 *** BEATS BANK feas=True [5803s]
[E-678 s41] best=73191.13 (+984.61 vs bank) it=1082 acc=1082 *** BEATS BANK feas=True [5869s]
[E-678 s41] it=1100 cur=73191.13 best=73191.13 [5976s]
[E-678 s41] best=73191.22 (+984.70 vs bank) it=1103 acc=1103 *** BEATS BANK feas=True [5995s]
[E-678 s41] best=73191.35 (+984.83 vs bank) it=1105 acc=1105 *** BEATS BANK feas=True [6007s]
[E-678 s41] best=73192.77 (+986.25 vs bank) it=1109 acc=1109 *** BEATS BANK feas=True [6030s]
[E-678 s41] best=73192.87 (+986.35 vs bank) it=1140 acc=1140 *** BEATS BANK feas=True [6180s]
[E-678 s41] best=73192.96 (+986.44 vs bank) it=1148 acc=1148 *** BEATS BANK feas=True [6211s]
[E-678 s41] best=73192.99 (+986.47 vs bank) it=1150 acc=1150 *** BEATS BANK feas=True [6220s]
[E-678 s41] best=73193.29 (+986.77 vs bank) it=1154 acc=1154 *** BEATS BANK feas=True [6235s]
[E-678 s41] it=1200 cur=73193.29 best=73193.29 [6418s]
[E-678 s41] best=73193.29 (+986.77 vs bank) it=1222 acc=1222 *** BEATS BANK feas=True [6502s]
[E-678 s41] best=73194.66 (+988.14 vs bank) it=1237 acc=1237 *** BEATS BANK feas=True [6565s]
[E-678 s41] best=73194.76 (+988.24 vs bank) it=1238 acc=1238 *** BEATS BANK feas=True [6568s]
[E-678 s41] best=73195.62 (+989.10 vs bank) it=1240 acc=1240 *** BEATS BANK feas=True [6578s]
[E-678 s41] best=73195.73 (+989.21 vs bank) it=1242 acc=1242 *** BEATS BANK feas=True [6587s]
[E-678 s41] best=73196.36 (+989.84 vs bank) it=1267 acc=1267 *** BEATS BANK feas=True [6693s]
[E-678 s41] best=73197.12 (+990.60 vs bank) it=1273 acc=1273 *** BEATS BANK feas=True [6719s]
[E-678 s41] best=73198.10 (+991.58 vs bank) it=1274 acc=1274 *** BEATS BANK feas=True [6722s]
[E-678 s41] best=73198.25 (+991.73 vs bank) it=1275 acc=1275 *** BEATS BANK feas=True [6725s]
[E-678 s41] it=1300 cur=73198.25 best=73198.25 [6830s]
[E-678 s41] it=1400 cur=73198.25 best=73198.25 [7298s]
[E-678 s41] it=1500 cur=73198.25 best=73198.25 [7905s]
[E-678 s41] it=1600 cur=73198.25 best=73198.25 [8498s]
[E-678 s41] it=1700 cur=73198.25 best=73198.25 [9102s]
[E-678 s41] it=1800 cur=73198.25 best=73198.25 [9698s]
[E-678 s41] best=73198.88 (+992.36 vs bank) it=1834 acc=1834 *** BEATS BANK feas=True [9903s]
[E-678 s41] it=1900 cur=73198.88 best=73198.88 [10288s]
[E-678 s41] best=73198.91 (+992.39 vs bank) it=1938 acc=1938 *** BEATS BANK feas=True [10513s]
