[E-678 s0] LP-rounded start=69503.05 sel=8589 | bank=72206.52 leader=73714.03 | random-destroy 0.25
[E-678 s0] best=70257.34 (+-1949.18 vs bank) it=0 acc=0 [0s]
[E-678 s0] best=70665.16 (+-1541.36 vs bank) it=1 acc=1 [1s]
[E-678 s0] best=70893.13 (+-1313.39 vs bank) it=2 acc=2 [1s]
[E-678 s0] best=71046.20 (+-1160.32 vs bank) it=3 acc=3 [2s]
[E-678 s0] best=71160.77 (+-1045.75 vs bank) it=4 acc=4 [2s]
[E-678 s0] best=71293.75 (+-912.77 vs bank) it=5 acc=5 [2s]
[E-678 s0] best=71395.29 (+-811.23 vs bank) it=6 acc=6 [2s]
[E-678 s0] best=71479.32 (+-727.20 vs bank) it=7 acc=7 [3s]
[E-678 s0] best=71541.92 (+-664.60 vs bank) it=8 acc=8 [3s]
[E-678 s0] best=71580.43 (+-626.09 vs bank) it=9 acc=9 [3s]
[E-678 s0] best=71630.93 (+-575.59 vs bank) it=10 acc=10 [3s]
[E-678 s0] best=71680.40 (+-526.12 vs bank) it=11 acc=11 [4s]
[E-678 s0] best=71726.61 (+-479.91 vs bank) it=12 acc=12 [4s]
[E-678 s0] best=71766.21 (+-440.31 vs bank) it=13 acc=13 [4s]
[E-678 s0] best=71790.81 (+-415.71 vs bank) it=14 acc=14 [5s]
[E-678 s0] best=71808.39 (+-398.13 vs bank) it=15 acc=15 [5s]
[E-678 s0] best=71824.71 (+-381.81 vs bank) it=16 acc=16 [5s]
[E-678 s0] best=71852.30 (+-354.22 vs bank) it=17 acc=17 [5s]
[E-678 s0] best=71869.53 (+-336.99 vs bank) it=18 acc=18 [5s]
[E-678 s0] best=71891.72 (+-314.80 vs bank) it=19 acc=19 [6s]
[E-678 s0] best=71910.77 (+-295.75 vs bank) it=20 acc=20 [6s]
[E-678 s0] best=71933.61 (+-272.91 vs bank) it=21 acc=21 [6s]
[E-678 s0] best=71947.38 (+-259.14 vs bank) it=22 acc=22 [7s]
[E-678 s0] best=71952.30 (+-254.22 vs bank) it=23 acc=23 [7s]
[E-678 s0] best=71965.63 (+-240.89 vs bank) it=24 acc=24 [7s]
[E-678 s0] best=71972.34 (+-234.18 vs bank) it=25 acc=25 [7s]
[E-678 s0] best=72001.14 (+-205.38 vs bank) it=26 acc=26 [8s]
[E-678 s0] best=72015.24 (+-191.28 vs bank) it=27 acc=27 [8s]
[E-678 s0] best=72024.46 (+-182.06 vs bank) it=28 acc=28 [8s]
[E-678 s0] best=72039.31 (+-167.21 vs bank) it=29 acc=29 [8s]
[E-678 s0] best=72045.40 (+-161.12 vs bank) it=30 acc=30 [8s]
[E-678 s0] best=72065.80 (+-140.72 vs bank) it=31 acc=31 [9s]
[E-678 s0] best=72077.26 (+-129.26 vs bank) it=32 acc=32 [9s]
[E-678 s0] best=72089.43 (+-117.09 vs bank) it=33 acc=33 [9s]
[E-678 s0] best=72092.77 (+-113.75 vs bank) it=34 acc=34 [10s]
[E-678 s0] best=72097.49 (+-109.03 vs bank) it=35 acc=35 [10s]
[E-678 s0] best=72105.42 (+-101.10 vs bank) it=36 acc=36 [10s]
[E-678 s0] best=72114.69 (+-91.83 vs bank) it=37 acc=37 [11s]
[E-678 s0] best=72127.22 (+-79.30 vs bank) it=38 acc=38 [11s]
[E-678 s0] best=72135.62 (+-70.90 vs bank) it=39 acc=39 [11s]
[E-678 s0] best=72144.15 (+-62.37 vs bank) it=40 acc=40 [11s]
[E-678 s0] best=72155.54 (+-50.98 vs bank) it=41 acc=41 [12s]
[E-678 s0] best=72160.89 (+-45.63 vs bank) it=42 acc=42 [12s]
[E-678 s0] best=72170.75 (+-35.77 vs bank) it=43 acc=43 [12s]
[E-678 s0] best=72183.75 (+-22.77 vs bank) it=44 acc=44 [12s]
[E-678 s0] best=72184.82 (+-21.70 vs bank) it=45 acc=45 [13s]
[E-678 s0] best=72187.59 (+-18.93 vs bank) it=46 acc=46 [13s]
[E-678 s0] best=72193.50 (+-13.02 vs bank) it=47 acc=47 [13s]
[E-678 s0] best=72197.42 (+-9.10 vs bank) it=48 acc=48 [13s]
[E-678 s0] best=72199.37 (+-7.15 vs bank) it=49 acc=49 [14s]
[E-678 s0] best=72203.50 (+-3.02 vs bank) it=50 acc=50 [14s]
[E-678 s0] best=72204.12 (+-2.40 vs bank) it=51 acc=51 [14s]
[E-678 s0] best=72204.35 (+-2.17 vs bank) it=52 acc=52 [14s]
[E-678 s0] best=72210.30 (+3.78 vs bank) it=53 acc=53 *** BEATS BANK feas=True [15s]
[E-678 s0] best=72211.40 (+4.88 vs bank) it=54 acc=54 *** BEATS BANK feas=True [15s]
[E-678 s0] best=72214.98 (+8.46 vs bank) it=55 acc=55 *** BEATS BANK feas=True [15s]
[E-678 s0] best=72219.69 (+13.17 vs bank) it=56 acc=56 *** BEATS BANK feas=True [16s]
[E-678 s0] best=72220.92 (+14.40 vs bank) it=57 acc=57 *** BEATS BANK feas=True [16s]
[E-678 s0] best=72221.91 (+15.39 vs bank) it=59 acc=59 *** BEATS BANK feas=True [16s]
[E-678 s0] best=72226.11 (+19.59 vs bank) it=60 acc=60 *** BEATS BANK feas=True [17s]
[E-678 s0] best=72228.32 (+21.80 vs bank) it=61 acc=61 *** BEATS BANK feas=True [17s]
[E-678 s0] best=72229.64 (+23.12 vs bank) it=62 acc=62 *** BEATS BANK feas=True [17s]
[E-678 s0] best=72232.05 (+25.53 vs bank) it=63 acc=63 *** BEATS BANK feas=True [17s]
[E-678 s0] best=72233.27 (+26.75 vs bank) it=64 acc=64 *** BEATS BANK feas=True [18s]
[E-678 s0] best=72241.06 (+34.54 vs bank) it=65 acc=65 *** BEATS BANK feas=True [18s]
[E-678 s0] best=72245.99 (+39.46 vs bank) it=66 acc=66 *** BEATS BANK feas=True [18s]
[E-678 s0] best=72248.87 (+42.35 vs bank) it=67 acc=67 *** BEATS BANK feas=True [18s]
[E-678 s0] best=72252.06 (+45.54 vs bank) it=68 acc=68 *** BEATS BANK feas=True [19s]
[E-678 s0] best=72253.52 (+47.00 vs bank) it=69 acc=69 *** BEATS BANK feas=True [19s]
[E-678 s0] best=72257.72 (+51.20 vs bank) it=70 acc=70 *** BEATS BANK feas=True [19s]
[E-678 s0] best=72263.62 (+57.10 vs bank) it=71 acc=71 *** BEATS BANK feas=True [19s]
[E-678 s0] best=72272.51 (+65.99 vs bank) it=72 acc=72 *** BEATS BANK feas=True [20s]
[E-678 s0] best=72278.54 (+72.02 vs bank) it=73 acc=73 *** BEATS BANK feas=True [20s]
[E-678 s0] best=72282.68 (+76.16 vs bank) it=74 acc=74 *** BEATS BANK feas=True [20s]
[E-678 s0] best=72293.26 (+86.74 vs bank) it=75 acc=75 *** BEATS BANK feas=True [21s]
[E-678 s0] best=72295.19 (+88.67 vs bank) it=76 acc=76 *** BEATS BANK feas=True [21s]
[E-678 s0] best=72299.18 (+92.66 vs bank) it=77 acc=77 *** BEATS BANK feas=True [21s]
[E-678 s0] best=72303.21 (+96.69 vs bank) it=78 acc=78 *** BEATS BANK feas=True [22s]
[E-678 s0] best=72304.92 (+98.40 vs bank) it=79 acc=79 *** BEATS BANK feas=True [22s]
[E-678 s0] best=72306.91 (+100.39 vs bank) it=80 acc=80 *** BEATS BANK feas=True [22s]
[E-678 s0] best=72306.93 (+100.41 vs bank) it=81 acc=81 *** BEATS BANK feas=True [23s]
[E-678 s0] best=72310.19 (+103.67 vs bank) it=82 acc=82 *** BEATS BANK feas=True [23s]
[E-678 s0] best=72311.06 (+104.54 vs bank) it=83 acc=83 *** BEATS BANK feas=True [23s]
[E-678 s0] best=72314.23 (+107.71 vs bank) it=84 acc=84 *** BEATS BANK feas=True [24s]
[E-678 s0] best=72315.29 (+108.77 vs bank) it=85 acc=85 *** BEATS BANK feas=True [24s]
[E-678 s0] best=72318.24 (+111.72 vs bank) it=86 acc=86 *** BEATS BANK feas=True [24s]
[E-678 s0] best=72329.68 (+123.16 vs bank) it=87 acc=87 *** BEATS BANK feas=True [24s]
[E-678 s0] best=72330.65 (+124.13 vs bank) it=88 acc=88 *** BEATS BANK feas=True [25s]
[E-678 s0] best=72332.50 (+125.98 vs bank) it=89 acc=89 *** BEATS BANK feas=True [25s]
[E-678 s0] best=72336.31 (+129.79 vs bank) it=90 acc=90 *** BEATS BANK feas=True [25s]
[E-678 s0] best=72336.83 (+130.31 vs bank) it=91 acc=91 *** BEATS BANK feas=True [26s]
[E-678 s0] best=72336.91 (+130.39 vs bank) it=92 acc=92 *** BEATS BANK feas=True [26s]
[E-678 s0] best=72337.72 (+131.20 vs bank) it=94 acc=94 *** BEATS BANK feas=True [27s]
[E-678 s0] best=72337.86 (+131.34 vs bank) it=95 acc=95 *** BEATS BANK feas=True [27s]
[E-678 s0] best=72342.01 (+135.49 vs bank) it=96 acc=96 *** BEATS BANK feas=True [27s]
[E-678 s0] best=72343.74 (+137.22 vs bank) it=97 acc=97 *** BEATS BANK feas=True [27s]
[E-678 s0] best=72346.52 (+140.00 vs bank) it=98 acc=98 *** BEATS BANK feas=True [28s]
[E-678 s0] best=72347.21 (+140.69 vs bank) it=99 acc=99 *** BEATS BANK feas=True [28s]
[E-678 s0] it=100 cur=72347.21 best=72347.21 [28s]
[E-678 s0] best=72348.06 (+141.54 vs bank) it=101 acc=101 *** BEATS BANK feas=True [29s]
[E-678 s0] best=72348.55 (+142.03 vs bank) it=103 acc=103 *** BEATS BANK feas=True [29s]
[E-678 s0] best=72354.49 (+147.96 vs bank) it=104 acc=104 *** BEATS BANK feas=True [29s]
[E-678 s0] best=72364.00 (+157.48 vs bank) it=105 acc=105 *** BEATS BANK feas=True [30s]
[E-678 s0] best=72366.14 (+159.62 vs bank) it=106 acc=106 *** BEATS BANK feas=True [30s]
[E-678 s0] best=72367.14 (+160.62 vs bank) it=107 acc=107 *** BEATS BANK feas=True [30s]
[E-678 s0] best=72375.14 (+168.62 vs bank) it=108 acc=108 *** BEATS BANK feas=True [30s]
[E-678 s0] best=72381.48 (+174.96 vs bank) it=109 acc=109 *** BEATS BANK feas=True [31s]
[E-678 s0] best=72387.20 (+180.68 vs bank) it=110 acc=110 *** BEATS BANK feas=True [31s]
[E-678 s0] best=72389.65 (+183.13 vs bank) it=111 acc=111 *** BEATS BANK feas=True [31s]
[E-678 s0] best=72390.03 (+183.51 vs bank) it=112 acc=112 *** BEATS BANK feas=True [32s]
[E-678 s0] best=72392.89 (+186.37 vs bank) it=113 acc=113 *** BEATS BANK feas=True [32s]
[E-678 s0] best=72395.49 (+188.97 vs bank) it=116 acc=116 *** BEATS BANK feas=True [33s]
[E-678 s0] best=72396.29 (+189.77 vs bank) it=119 acc=119 *** BEATS BANK feas=True [34s]
[E-678 s0] best=72397.36 (+190.84 vs bank) it=120 acc=120 *** BEATS BANK feas=True [34s]
[E-678 s0] best=72398.92 (+192.40 vs bank) it=121 acc=121 *** BEATS BANK feas=True [34s]
[E-678 s0] best=72400.10 (+193.58 vs bank) it=123 acc=123 *** BEATS BANK feas=True [35s]
[E-678 s0] best=72402.92 (+196.40 vs bank) it=124 acc=124 *** BEATS BANK feas=True [35s]
[E-678 s0] best=72403.54 (+197.02 vs bank) it=125 acc=125 *** BEATS BANK feas=True [35s]
[E-678 s0] best=72404.75 (+198.23 vs bank) it=126 acc=126 *** BEATS BANK feas=True [36s]
[E-678 s0] best=72408.02 (+201.50 vs bank) it=127 acc=127 *** BEATS BANK feas=True [36s]
[E-678 s0] best=72409.29 (+202.77 vs bank) it=128 acc=128 *** BEATS BANK feas=True [36s]
[E-678 s0] best=72410.01 (+203.49 vs bank) it=129 acc=129 *** BEATS BANK feas=True [37s]
[E-678 s0] best=72417.61 (+211.09 vs bank) it=130 acc=130 *** BEATS BANK feas=True [37s]
[E-678 s0] best=72421.26 (+214.74 vs bank) it=131 acc=131 *** BEATS BANK feas=True [37s]
[E-678 s0] best=72422.11 (+215.59 vs bank) it=133 acc=133 *** BEATS BANK feas=True [38s]
[E-678 s0] best=72424.12 (+217.60 vs bank) it=134 acc=134 *** BEATS BANK feas=True [38s]
[E-678 s0] best=72431.10 (+224.58 vs bank) it=135 acc=135 *** BEATS BANK feas=True [38s]
[E-678 s0] best=72434.56 (+228.04 vs bank) it=136 acc=136 *** BEATS BANK feas=True [38s]
[E-678 s0] best=72442.91 (+236.39 vs bank) it=137 acc=137 *** BEATS BANK feas=True [39s]
[E-678 s0] best=72443.14 (+236.62 vs bank) it=138 acc=138 *** BEATS BANK feas=True [39s]
[E-678 s0] best=72447.38 (+240.86 vs bank) it=139 acc=139 *** BEATS BANK feas=True [39s]
[E-678 s0] best=72450.27 (+243.75 vs bank) it=140 acc=140 *** BEATS BANK feas=True [39s]
[E-678 s0] best=72451.99 (+245.47 vs bank) it=141 acc=141 *** BEATS BANK feas=True [40s]
[E-678 s0] best=72456.27 (+249.75 vs bank) it=142 acc=142 *** BEATS BANK feas=True [40s]
[E-678 s0] best=72458.35 (+251.83 vs bank) it=143 acc=143 *** BEATS BANK feas=True [40s]
[E-678 s0] best=72462.36 (+255.84 vs bank) it=144 acc=144 *** BEATS BANK feas=True [41s]
[E-678 s0] best=72465.55 (+259.03 vs bank) it=145 acc=145 *** BEATS BANK feas=True [41s]
[E-678 s0] best=72465.94 (+259.42 vs bank) it=146 acc=146 *** BEATS BANK feas=True [41s]
[E-678 s0] best=72466.53 (+260.01 vs bank) it=147 acc=147 *** BEATS BANK feas=True [41s]
[E-678 s0] best=72468.41 (+261.89 vs bank) it=148 acc=148 *** BEATS BANK feas=True [42s]
[E-678 s0] best=72471.24 (+264.72 vs bank) it=149 acc=149 *** BEATS BANK feas=True [42s]
[E-678 s0] best=72473.03 (+266.51 vs bank) it=151 acc=151 *** BEATS BANK feas=True [42s]
[E-678 s0] best=72473.93 (+267.41 vs bank) it=152 acc=152 *** BEATS BANK feas=True [43s]
[E-678 s0] best=72476.97 (+270.45 vs bank) it=154 acc=154 *** BEATS BANK feas=True [44s]
[E-678 s0] best=72479.35 (+272.83 vs bank) it=157 acc=157 *** BEATS BANK feas=True [44s]
[E-678 s0] best=72480.14 (+273.62 vs bank) it=158 acc=158 *** BEATS BANK feas=True [44s]
[E-678 s0] best=72483.41 (+276.89 vs bank) it=160 acc=160 *** BEATS BANK feas=True [45s]
[E-678 s0] best=72487.09 (+280.57 vs bank) it=161 acc=161 *** BEATS BANK feas=True [45s]
[E-678 s0] best=72489.03 (+282.51 vs bank) it=162 acc=162 *** BEATS BANK feas=True [46s]
[E-678 s0] best=72493.14 (+286.62 vs bank) it=164 acc=164 *** BEATS BANK feas=True [46s]
[E-678 s0] best=72495.13 (+288.61 vs bank) it=166 acc=166 *** BEATS BANK feas=True [47s]
[E-678 s0] best=72496.65 (+290.13 vs bank) it=167 acc=167 *** BEATS BANK feas=True [47s]
[E-678 s0] best=72498.37 (+291.85 vs bank) it=168 acc=168 *** BEATS BANK feas=True [47s]
[E-678 s0] best=72498.48 (+291.96 vs bank) it=169 acc=169 *** BEATS BANK feas=True [47s]
[E-678 s0] best=72498.59 (+292.07 vs bank) it=171 acc=171 *** BEATS BANK feas=True [48s]
[E-678 s0] best=72501.78 (+295.26 vs bank) it=172 acc=172 *** BEATS BANK feas=True [48s]
[E-678 s0] best=72502.82 (+296.30 vs bank) it=175 acc=175 *** BEATS BANK feas=True [49s]
[E-678 s0] best=72502.96 (+296.44 vs bank) it=178 acc=178 *** BEATS BANK feas=True [50s]
[E-678 s0] best=72509.50 (+302.98 vs bank) it=179 acc=179 *** BEATS BANK feas=True [50s]
[E-678 s0] best=72509.73 (+303.21 vs bank) it=180 acc=180 *** BEATS BANK feas=True [50s]
[E-678 s0] best=72513.15 (+306.63 vs bank) it=181 acc=181 *** BEATS BANK feas=True [50s]
[E-678 s0] best=72515.66 (+309.14 vs bank) it=183 acc=183 *** BEATS BANK feas=True [51s]
[E-678 s0] best=72518.85 (+312.33 vs bank) it=184 acc=184 *** BEATS BANK feas=True [51s]
[E-678 s0] best=72521.94 (+315.42 vs bank) it=186 acc=186 *** BEATS BANK feas=True [52s]
[E-678 s0] best=72522.44 (+315.92 vs bank) it=187 acc=187 *** BEATS BANK feas=True [52s]
[E-678 s0] best=72522.65 (+316.13 vs bank) it=189 acc=189 *** BEATS BANK feas=True [53s]
[E-678 s0] best=72522.87 (+316.35 vs bank) it=190 acc=190 *** BEATS BANK feas=True [53s]
[E-678 s0] best=72527.59 (+321.07 vs bank) it=192 acc=192 *** BEATS BANK feas=True [53s]
[E-678 s0] best=72529.01 (+322.49 vs bank) it=194 acc=194 *** BEATS BANK feas=True [54s]
[E-678 s0] best=72531.00 (+324.48 vs bank) it=195 acc=195 *** BEATS BANK feas=True [54s]
[E-678 s0] best=72532.36 (+325.84 vs bank) it=198 acc=198 *** BEATS BANK feas=True [55s]
[E-678 s0] best=72534.58 (+328.06 vs bank) it=199 acc=199 *** BEATS BANK feas=True [55s]
[E-678 s0] best=72537.63 (+331.11 vs bank) it=200 acc=200 *** BEATS BANK feas=True [56s]
[E-678 s0] it=200 cur=72537.63 best=72537.63 [56s]
[E-678 s0] best=72540.37 (+333.85 vs bank) it=203 acc=203 *** BEATS BANK feas=True [56s]
[E-678 s0] best=72540.62 (+334.10 vs bank) it=204 acc=204 *** BEATS BANK feas=True [57s]
[E-678 s0] best=72541.20 (+334.68 vs bank) it=205 acc=205 *** BEATS BANK feas=True [57s]
[E-678 s0] best=72543.14 (+336.62 vs bank) it=213 acc=213 *** BEATS BANK feas=True [59s]
[E-678 s0] best=72546.53 (+340.01 vs bank) it=214 acc=214 *** BEATS BANK feas=True [59s]
[E-678 s0] best=72547.83 (+341.31 vs bank) it=216 acc=216 *** BEATS BANK feas=True [59s]
[E-678 s0] best=72551.91 (+345.39 vs bank) it=217 acc=217 *** BEATS BANK feas=True [60s]
[E-678 s0] best=72552.65 (+346.13 vs bank) it=219 acc=219 *** BEATS BANK feas=True [60s]
[E-678 s0] best=72552.77 (+346.25 vs bank) it=224 acc=224 *** BEATS BANK feas=True [62s]
[E-678 s0] best=72552.96 (+346.44 vs bank) it=231 acc=231 *** BEATS BANK feas=True [64s]
[E-678 s0] best=72553.21 (+346.69 vs bank) it=235 acc=235 *** BEATS BANK feas=True [64s]
[E-678 s0] best=72553.93 (+347.41 vs bank) it=239 acc=239 *** BEATS BANK feas=True [65s]
[E-678 s0] best=72555.35 (+348.83 vs bank) it=241 acc=241 *** BEATS BANK feas=True [66s]
[E-678 s0] best=72558.20 (+351.68 vs bank) it=242 acc=242 *** BEATS BANK feas=True [66s]
[E-678 s0] best=72559.34 (+352.82 vs bank) it=244 acc=244 *** BEATS BANK feas=True [67s]
[E-678 s0] best=72560.68 (+354.16 vs bank) it=250 acc=250 *** BEATS BANK feas=True [69s]
[E-678 s0] best=72561.48 (+354.96 vs bank) it=260 acc=260 *** BEATS BANK feas=True [71s]
[E-678 s0] best=72564.12 (+357.60 vs bank) it=263 acc=263 *** BEATS BANK feas=True [72s]
[E-678 s0] best=72565.35 (+358.83 vs bank) it=264 acc=264 *** BEATS BANK feas=True [72s]
[E-678 s0] best=72567.79 (+361.27 vs bank) it=266 acc=266 *** BEATS BANK feas=True [73s]
[E-678 s0] best=72573.55 (+367.03 vs bank) it=268 acc=268 *** BEATS BANK feas=True [73s]
[E-678 s0] best=72573.73 (+367.21 vs bank) it=269 acc=269 *** BEATS BANK feas=True [74s]
[E-678 s0] best=72576.83 (+370.31 vs bank) it=270 acc=270 *** BEATS BANK feas=True [74s]
[E-678 s0] best=72578.10 (+371.58 vs bank) it=271 acc=271 *** BEATS BANK feas=True [74s]
[E-678 s0] best=72579.03 (+372.51 vs bank) it=273 acc=273 *** BEATS BANK feas=True [75s]
[E-678 s0] best=72579.20 (+372.68 vs bank) it=275 acc=275 *** BEATS BANK feas=True [75s]
[E-678 s0] best=72579.39 (+372.87 vs bank) it=276 acc=276 *** BEATS BANK feas=True [76s]
[E-678 s0] best=72579.88 (+373.36 vs bank) it=277 acc=277 *** BEATS BANK feas=True [76s]
[E-678 s0] best=72580.24 (+373.72 vs bank) it=279 acc=279 *** BEATS BANK feas=True [76s]
[E-678 s0] best=72580.30 (+373.78 vs bank) it=280 acc=280 *** BEATS BANK feas=True [77s]
[E-678 s0] best=72581.63 (+375.11 vs bank) it=281 acc=281 *** BEATS BANK feas=True [77s]
[E-678 s0] best=72582.33 (+375.81 vs bank) it=285 acc=285 *** BEATS BANK feas=True [78s]
[E-678 s0] best=72582.42 (+375.90 vs bank) it=287 acc=287 *** BEATS BANK feas=True [78s]
[E-678 s0] best=72585.75 (+379.23 vs bank) it=290 acc=290 *** BEATS BANK feas=True [79s]
[E-678 s0] best=72586.34 (+379.82 vs bank) it=292 acc=292 *** BEATS BANK feas=True [80s]
[E-678 s0] best=72587.11 (+380.59 vs bank) it=294 acc=294 *** BEATS BANK feas=True [80s]
[E-678 s0] best=72587.67 (+381.15 vs bank) it=298 acc=298 *** BEATS BANK feas=True [81s]
[E-678 s0] best=72589.85 (+383.33 vs bank) it=299 acc=299 *** BEATS BANK feas=True [81s]
[E-678 s0] best=72590.72 (+384.20 vs bank) it=300 acc=300 *** BEATS BANK feas=True [82s]
[E-678 s0] it=300 cur=72590.72 best=72590.72 [82s]
[E-678 s0] best=72591.41 (+384.89 vs bank) it=301 acc=301 *** BEATS BANK feas=True [82s]
[E-678 s0] best=72594.94 (+388.42 vs bank) it=302 acc=302 *** BEATS BANK feas=True [82s]
[E-678 s0] best=72595.39 (+388.87 vs bank) it=303 acc=303 *** BEATS BANK feas=True [82s]
[E-678 s0] best=72595.42 (+388.90 vs bank) it=304 acc=304 *** BEATS BANK feas=True [83s]
[E-678 s0] best=72596.98 (+390.46 vs bank) it=305 acc=305 *** BEATS BANK feas=True [83s]
[E-678 s0] best=72597.79 (+391.27 vs bank) it=306 acc=306 *** BEATS BANK feas=True [83s]
[E-678 s0] best=72599.52 (+393.00 vs bank) it=308 acc=308 *** BEATS BANK feas=True [84s]
[E-678 s0] best=72599.75 (+393.23 vs bank) it=309 acc=309 *** BEATS BANK feas=True [84s]
[E-678 s0] best=72600.65 (+394.13 vs bank) it=310 acc=310 *** BEATS BANK feas=True [84s]
[E-678 s0] best=72601.99 (+395.47 vs bank) it=321 acc=321 *** BEATS BANK feas=True [87s]
[E-678 s0] best=72602.92 (+396.40 vs bank) it=323 acc=323 *** BEATS BANK feas=True [87s]
[E-678 s0] best=72603.45 (+396.93 vs bank) it=325 acc=325 *** BEATS BANK feas=True [88s]
[E-678 s0] best=72603.54 (+397.02 vs bank) it=328 acc=328 *** BEATS BANK feas=True [88s]
[E-678 s0] best=72604.53 (+398.01 vs bank) it=330 acc=330 *** BEATS BANK feas=True [89s]
[E-678 s0] best=72607.23 (+400.71 vs bank) it=333 acc=333 *** BEATS BANK feas=True [90s]
[E-678 s0] best=72609.83 (+403.31 vs bank) it=334 acc=334 *** BEATS BANK feas=True [90s]
[E-678 s0] best=72610.84 (+404.32 vs bank) it=337 acc=337 *** BEATS BANK feas=True [91s]
[E-678 s0] best=72612.52 (+406.00 vs bank) it=339 acc=339 *** BEATS BANK feas=True [91s]
[E-678 s0] best=72612.65 (+406.13 vs bank) it=340 acc=340 *** BEATS BANK feas=True [91s]
[E-678 s0] best=72613.62 (+407.10 vs bank) it=343 acc=343 *** BEATS BANK feas=True [92s]
[E-678 s0] best=72616.27 (+409.75 vs bank) it=364 acc=364 *** BEATS BANK feas=True [97s]
[E-678 s0] best=72617.96 (+411.44 vs bank) it=371 acc=371 *** BEATS BANK feas=True [99s]
[E-678 s0] best=72618.38 (+411.86 vs bank) it=377 acc=377 *** BEATS BANK feas=True [101s]
[E-678 s0] best=72618.44 (+411.92 vs bank) it=378 acc=378 *** BEATS BANK feas=True [101s]
[E-678 s0] best=72618.54 (+412.02 vs bank) it=379 acc=379 *** BEATS BANK feas=True [101s]
[E-678 s0] best=72619.18 (+412.66 vs bank) it=380 acc=380 *** BEATS BANK feas=True [101s]
[E-678 s0] best=72620.22 (+413.70 vs bank) it=386 acc=386 *** BEATS BANK feas=True [103s]
[E-678 s0] best=72623.56 (+417.04 vs bank) it=387 acc=387 *** BEATS BANK feas=True [103s]
[E-678 s0] best=72624.14 (+417.62 vs bank) it=390 acc=390 *** BEATS BANK feas=True [104s]
[E-678 s0] best=72624.67 (+418.15 vs bank) it=391 acc=391 *** BEATS BANK feas=True [104s]
[E-678 s0] best=72628.43 (+421.91 vs bank) it=392 acc=392 *** BEATS BANK feas=True [104s]
[E-678 s0] best=72632.06 (+425.54 vs bank) it=393 acc=393 *** BEATS BANK feas=True [104s]
[E-678 s0] best=72632.91 (+426.39 vs bank) it=395 acc=395 *** BEATS BANK feas=True [105s]
[E-678 s0] best=72633.02 (+426.50 vs bank) it=396 acc=396 *** BEATS BANK feas=True [105s]
[E-678 s0] best=72633.34 (+426.82 vs bank) it=397 acc=397 *** BEATS BANK feas=True [105s]
[E-678 s0] best=72633.84 (+427.32 vs bank) it=398 acc=398 *** BEATS BANK feas=True [106s]
[E-678 s0] best=72637.76 (+431.24 vs bank) it=399 acc=399 *** BEATS BANK feas=True [106s]
[E-678 s0] best=72641.25 (+434.73 vs bank) it=400 acc=400 *** BEATS BANK feas=True [106s]
[E-678 s0] it=400 cur=72641.25 best=72641.25 [106s]
[E-678 s0] best=72641.96 (+435.44 vs bank) it=402 acc=402 *** BEATS BANK feas=True [107s]
[E-678 s0] best=72644.16 (+437.64 vs bank) it=403 acc=403 *** BEATS BANK feas=True [107s]
[E-678 s0] best=72645.25 (+438.73 vs bank) it=404 acc=404 *** BEATS BANK feas=True [107s]
[E-678 s0] best=72648.07 (+441.54 vs bank) it=405 acc=405 *** BEATS BANK feas=True [108s]
[E-678 s0] best=72648.55 (+442.03 vs bank) it=406 acc=406 *** BEATS BANK feas=True [108s]
[E-678 s0] best=72650.48 (+443.96 vs bank) it=407 acc=407 *** BEATS BANK feas=True [108s]
[E-678 s0] best=72650.48 (+443.96 vs bank) it=413 acc=413 *** BEATS BANK feas=True [110s]
[E-678 s0] best=72651.42 (+444.90 vs bank) it=414 acc=414 *** BEATS BANK feas=True [110s]
[E-678 s0] best=72652.40 (+445.88 vs bank) it=436 acc=436 *** BEATS BANK feas=True [115s]
[E-678 s0] best=72654.08 (+447.56 vs bank) it=443 acc=443 *** BEATS BANK feas=True [117s]
[E-678 s0] best=72654.52 (+448.00 vs bank) it=450 acc=450 *** BEATS BANK feas=True [119s]
[E-678 s0] best=72656.32 (+449.80 vs bank) it=453 acc=453 *** BEATS BANK feas=True [119s]
[E-678 s0] best=72658.74 (+452.22 vs bank) it=454 acc=454 *** BEATS BANK feas=True [120s]
[E-678 s0] best=72659.50 (+452.98 vs bank) it=457 acc=457 *** BEATS BANK feas=True [120s]
[E-678 s0] best=72661.32 (+454.80 vs bank) it=463 acc=463 *** BEATS BANK feas=True [121s]
[E-678 s0] best=72661.74 (+455.22 vs bank) it=471 acc=471 *** BEATS BANK feas=True [123s]
[E-678 s0] best=72663.23 (+456.71 vs bank) it=479 acc=479 *** BEATS BANK feas=True [125s]
[E-678 s0] best=72663.82 (+457.30 vs bank) it=494 acc=494 *** BEATS BANK feas=True [128s]
[E-678 s0] best=72663.89 (+457.37 vs bank) it=499 acc=499 *** BEATS BANK feas=True [129s]
[E-678 s0] DONE best=72663.89 (+457.37 vs bank) [129s]
