error    libmamba Could not set lock (Resource temporarily unavailable)
warning  libmamba Cannot lock '/home/julian/.cache/mamba/proc'
    Waiting for other mamba process to finish
[E-678 s21] current-bank start=72927.46 sel=9141 | bank=72206.52 leader=73714.03 | random-destroy 0.33
[E-678 s21] best=72927.67 (+721.15 vs bank) it=2 acc=2 *** BEATS BANK feas=True [4s]
[E-678 s21] best=72927.92 (+721.40 vs bank) it=52 acc=52 *** BEATS BANK feas=True [67s]
[E-678 s21] best=72928.74 (+722.22 vs bank) it=64 acc=64 *** BEATS BANK feas=True [81s]
[E-678 s21] it=100 cur=72928.74 best=72928.74 [119s]
[E-678 s21] best=72929.77 (+723.25 vs bank) it=108 acc=108 *** BEATS BANK feas=True [127s]
[E-678 s21] best=72929.83 (+723.31 vs bank) it=137 acc=137 *** BEATS BANK feas=True [159s]
[E-678 s21] it=200 cur=72929.83 best=72929.83 [231s]
[E-678 s21] best=72930.64 (+724.12 vs bank) it=216 acc=216 *** BEATS BANK feas=True [247s]
[E-678 s21] best=72933.15 (+726.63 vs bank) it=230 acc=230 *** BEATS BANK feas=True [262s]
[E-678 s21] best=72934.20 (+727.68 vs bank) it=232 acc=232 *** BEATS BANK feas=True [264s]
[E-678 s21] best=72934.53 (+728.01 vs bank) it=235 acc=235 *** BEATS BANK feas=True [268s]
[E-678 s21] best=72934.78 (+728.26 vs bank) it=244 acc=244 *** BEATS BANK feas=True [276s]
[E-678 s21] best=72935.61 (+729.09 vs bank) it=248 acc=248 *** BEATS BANK feas=True [281s]
[E-678 s21] it=300 cur=72935.61 best=72935.61 [336s]
[E-678 s21] best=72936.44 (+729.92 vs bank) it=311 acc=311 *** BEATS BANK feas=True [346s]
[E-678 s21] best=72936.58 (+730.06 vs bank) it=318 acc=318 *** BEATS BANK feas=True [354s]
[E-678 s21] best=72936.81 (+730.29 vs bank) it=323 acc=323 *** BEATS BANK feas=True [360s]
[E-678 s21] best=72937.63 (+731.11 vs bank) it=325 acc=325 *** BEATS BANK feas=True [362s]
[E-678 s21] best=72937.85 (+731.33 vs bank) it=366 acc=366 *** BEATS BANK feas=True [397s]
[E-678 s21] it=400 cur=72937.85 best=72937.85 [429s]
[E-678 s21] best=72939.12 (+732.60 vs bank) it=402 acc=402 *** BEATS BANK feas=True [432s]
[E-678 s21] best=72939.93 (+733.41 vs bank) it=403 acc=403 *** BEATS BANK feas=True [433s]
[E-678 s21] best=72940.42 (+733.90 vs bank) it=404 acc=404 *** BEATS BANK feas=True [434s]
[E-678 s21] best=72941.25 (+734.73 vs bank) it=456 acc=456 *** BEATS BANK feas=True [478s]
[E-678 s21] it=500 cur=72941.25 best=72941.25 [513s]
[E-678 s21] best=72941.58 (+735.06 vs bank) it=563 acc=563 *** BEATS BANK feas=True [566s]
[E-678 s21] best=72941.75 (+735.23 vs bank) it=575 acc=575 *** BEATS BANK feas=True [576s]
[E-678 s21] it=600 cur=72941.75 best=72941.75 [596s]
[E-678 s21] best=72942.15 (+735.63 vs bank) it=657 acc=657 *** BEATS BANK feas=True [644s]
[E-678 s21] best=72942.70 (+736.18 vs bank) it=660 acc=660 *** BEATS BANK feas=True [646s]
[E-678 s21] best=72944.32 (+737.80 vs bank) it=663 acc=663 *** BEATS BANK feas=True [649s]
[E-678 s21] best=72944.73 (+738.21 vs bank) it=698 acc=698 *** BEATS BANK feas=True [681s]
[E-678 s21] it=700 cur=72944.73 best=72944.73 [684s]
[E-678 s21] best=72945.21 (+738.69 vs bank) it=729 acc=729 *** BEATS BANK feas=True [714s]
[E-678 s21] best=72945.73 (+739.21 vs bank) it=774 acc=774 *** BEATS BANK feas=True [754s]
[E-678 s21] it=800 cur=72945.73 best=72945.73 [778s]
[E-678 s21] best=72947.55 (+741.03 vs bank) it=806 acc=806 *** BEATS BANK feas=True [784s]
[E-678 s21] best=72947.62 (+741.10 vs bank) it=815 acc=815 *** BEATS BANK feas=True [791s]
[E-678 s21] best=72951.00 (+744.48 vs bank) it=895 acc=895 *** BEATS BANK feas=True [865s]
[E-678 s21] it=900 cur=72951.00 best=72951.00 [870s]
[E-678 s21] best=72952.48 (+745.96 vs bank) it=910 acc=910 *** BEATS BANK feas=True [879s]
[E-678 s21] it=1000 cur=72952.48 best=72952.48 [965s]
[E-678 s21] best=72953.10 (+746.58 vs bank) it=1063 acc=1063 *** BEATS BANK feas=True [1019s]
[E-678 s21] it=1100 cur=72953.10 best=72953.10 [1056s]
[E-678 s21] it=1200 cur=72953.10 best=72953.10 [1146s]
[E-678 s21] best=72955.34 (+748.82 vs bank) it=1299 acc=1299 *** BEATS BANK feas=True [1237s]
[E-678 s21] it=1300 cur=72955.34 best=72955.34 [1238s]
[E-678 s21] best=72955.45 (+748.93 vs bank) it=1310 acc=1310 *** BEATS BANK feas=True [1248s]
[E-678 s21] best=72956.96 (+750.44 vs bank) it=1316 acc=1316 *** BEATS BANK feas=True [1253s]
[E-678 s21] best=72958.35 (+751.82 vs bank) it=1343 acc=1343 *** BEATS BANK feas=True [1278s]
[E-678 s21] best=72959.00 (+752.48 vs bank) it=1391 acc=1391 *** BEATS BANK feas=True [1318s]
[E-678 s21] best=72959.59 (+753.07 vs bank) it=1394 acc=1394 *** BEATS BANK feas=True [1320s]
[E-678 s21] best=72961.44 (+754.92 vs bank) it=1400 acc=1400 *** BEATS BANK feas=True [1325s]
[E-678 s21] it=1400 cur=72961.44 best=72961.44 [1325s]
[E-678 s21] best=72963.94 (+757.42 vs bank) it=1405 acc=1405 *** BEATS BANK feas=True [1329s]
[E-678 s21] best=72964.36 (+757.84 vs bank) it=1407 acc=1407 *** BEATS BANK feas=True [1330s]
[E-678 s21] it=1500 cur=72964.36 best=72964.36 [1413s]
[E-678 s21] best=72966.05 (+759.53 vs bank) it=1511 acc=1511 *** BEATS BANK feas=True [1422s]
[E-678 s21] best=72966.09 (+759.57 vs bank) it=1512 acc=1512 *** BEATS BANK feas=True [1423s]
[E-678 s21] it=1600 cur=72966.09 best=72966.09 [1495s]
[E-678 s21] best=72967.60 (+761.08 vs bank) it=1643 acc=1643 *** BEATS BANK feas=True [1535s]
[E-678 s21] best=72969.45 (+762.93 vs bank) it=1645 acc=1645 *** BEATS BANK feas=True [1537s]
[E-678 s21] it=1700 cur=72969.45 best=72969.45 [1590s]
[E-678 s21] best=72969.74 (+763.22 vs bank) it=1765 acc=1765 *** BEATS BANK feas=True [1649s]
[E-678 s21] best=72969.78 (+763.26 vs bank) it=1769 acc=1769 *** BEATS BANK feas=True [1652s]
[E-678 s21] it=1800 cur=72969.78 best=72969.78 [1679s]
[E-678 s21] best=72970.22 (+763.70 vs bank) it=1802 acc=1802 *** BEATS BANK feas=True [1682s]
[E-678 s21] it=1900 cur=72970.22 best=72970.22 [1769s]
[E-678 s21] best=72970.57 (+764.05 vs bank) it=1927 acc=1927 *** BEATS BANK feas=True [1793s]
[E-678 s21] best=72970.65 (+764.13 vs bank) it=1962 acc=1962 *** BEATS BANK feas=True [1826s]
[E-678 s21] best=72970.74 (+764.22 vs bank) it=1987 acc=1987 *** BEATS BANK feas=True [1852s]
[E-678 s21] best=72970.81 (+764.29 vs bank) it=1988 acc=1988 *** BEATS BANK feas=True [1853s]
[E-678 s21] it=2000 cur=72970.81 best=72970.81 [1866s]
[E-678 s21] best=72971.23 (+764.71 vs bank) it=2001 acc=2001 *** BEATS BANK feas=True [1867s]
[E-678 s21] best=72972.38 (+765.86 vs bank) it=2002 acc=2002 *** BEATS BANK feas=True [1869s]
[E-678 s21] it=2100 cur=72972.38 best=72972.38 [1999s]
[E-678 s21] it=2200 cur=72972.38 best=72972.38 [2125s]
[E-678 s21] it=2300 cur=72972.38 best=72972.38 [2254s]
[E-678 s21] it=2400 cur=72972.38 best=72972.38 [2385s]
[E-678 s21] best=72973.83 (+767.31 vs bank) it=2475 acc=2475 *** BEATS BANK feas=True [2482s]
[E-678 s21] best=72975.30 (+768.78 vs bank) it=2481 acc=2481 *** BEATS BANK feas=True [2490s]
[E-678 s21] it=2500 cur=72975.30 best=72975.30 [2515s]
[E-678 s21] best=72976.06 (+769.54 vs bank) it=2522 acc=2522 *** BEATS BANK feas=True [2543s]
[E-678 s21] best=72976.52 (+770.00 vs bank) it=2524 acc=2524 *** BEATS BANK feas=True [2546s]
[E-678 s21] best=72976.78 (+770.26 vs bank) it=2575 acc=2575 *** BEATS BANK feas=True [2611s]
[E-678 s21] best=72976.99 (+770.47 vs bank) it=2582 acc=2582 *** BEATS BANK feas=True [2621s]
[E-678 s21] it=2600 cur=72976.99 best=72976.99 [2644s]
[E-678 s21] best=72977.87 (+771.35 vs bank) it=2681 acc=2681 *** BEATS BANK feas=True [2748s]
[E-678 s21] it=2700 cur=72977.87 best=72977.87 [2772s]
[E-678 s21] it=2800 cur=72977.87 best=72977.87 [2901s]
[E-678 s21] best=72978.14 (+771.62 vs bank) it=2810 acc=2810 *** BEATS BANK feas=True [2913s]
[E-678 s21] it=2900 cur=72978.14 best=72978.14 [3017s]
[E-678 s21] best=72978.19 (+771.67 vs bank) it=2963 acc=2963 *** BEATS BANK feas=True [3084s]
[E-678 s21] best=72979.14 (+772.62 vs bank) it=2967 acc=2967 *** BEATS BANK feas=True [3088s]
[E-678 s21] best=72980.32 (+773.80 vs bank) it=2989 acc=2989 *** BEATS BANK feas=True [3112s]
[E-678 s21] best=72980.87 (+774.35 vs bank) it=2990 acc=2990 *** BEATS BANK feas=True [3113s]
[E-678 s21] it=3000 cur=72980.87 best=72980.87 [3125s]
[E-678 s21] best=72981.59 (+775.07 vs bank) it=3031 acc=3031 *** BEATS BANK feas=True [3157s]
[E-678 s21] it=3100 cur=72981.59 best=72981.59 [3221s]
[E-678 s21] it=3200 cur=72981.59 best=72981.59 [3319s]
[E-678 s21] it=3300 cur=72981.59 best=72981.59 [3403s]
[E-678 s21] it=3400 cur=72981.59 best=72981.59 [3491s]
[E-678 s21] it=3500 cur=72981.59 best=72981.59 [3579s]
[E-678 s21] it=3600 cur=72981.59 best=72981.59 [3667s]
[E-678 s21] it=3700 cur=72981.59 best=72981.59 [3774s]
