error    libmamba Could not set lock (Resource temporarily unavailable)
warning  libmamba Cannot lock '/home/julian/.cache/mamba/proc'
    Waiting for other mamba process to finish
[E-678 s12] LP-rounded start=69503.05 sel=8589 | bank=72206.52 leader=73714.03 | random-destroy 0.25
[E-678 s12] best=70290.29 (+-1916.23 vs bank) it=0 acc=0 [1s]
[E-678 s12] best=70648.28 (+-1558.24 vs bank) it=1 acc=1 [2s]
[E-678 s12] best=70917.44 (+-1289.08 vs bank) it=2 acc=2 [2s]
[E-678 s12] best=71156.40 (+-1050.12 vs bank) it=3 acc=3 [3s]
[E-678 s12] best=71324.68 (+-881.84 vs bank) it=4 acc=4 [3s]
[E-678 s12] best=71407.38 (+-799.14 vs bank) it=5 acc=5 [4s]
[E-678 s12] best=71492.72 (+-713.80 vs bank) it=6 acc=6 [4s]
[E-678 s12] best=71570.49 (+-636.03 vs bank) it=7 acc=7 [4s]
[E-678 s12] best=71629.56 (+-576.96 vs bank) it=8 acc=8 [5s]
[E-678 s12] best=71659.18 (+-547.34 vs bank) it=9 acc=9 [5s]
[E-678 s12] best=71703.69 (+-502.83 vs bank) it=10 acc=10 [6s]
[E-678 s12] best=71742.46 (+-464.06 vs bank) it=11 acc=11 [6s]
[E-678 s12] best=71782.27 (+-424.25 vs bank) it=12 acc=12 [6s]
[E-678 s12] best=71809.44 (+-397.08 vs bank) it=13 acc=13 [7s]
[E-678 s12] best=71832.49 (+-374.03 vs bank) it=14 acc=14 [7s]
[E-678 s12] best=71869.57 (+-336.95 vs bank) it=15 acc=15 [7s]
[E-678 s12] best=71914.31 (+-292.21 vs bank) it=16 acc=16 [8s]
[E-678 s12] best=71924.79 (+-281.73 vs bank) it=17 acc=17 [8s]
[E-678 s12] best=71938.25 (+-268.27 vs bank) it=18 acc=18 [9s]
[E-678 s12] best=71955.35 (+-251.17 vs bank) it=19 acc=19 [9s]
[E-678 s12] best=71964.44 (+-242.08 vs bank) it=20 acc=20 [9s]
[E-678 s12] best=71970.26 (+-236.26 vs bank) it=21 acc=21 [10s]
[E-678 s12] best=71984.30 (+-222.22 vs bank) it=22 acc=22 [10s]
[E-678 s12] best=71987.64 (+-218.88 vs bank) it=23 acc=23 [10s]
[E-678 s12] best=72014.07 (+-192.45 vs bank) it=24 acc=24 [11s]
[E-678 s12] best=72024.65 (+-181.87 vs bank) it=25 acc=25 [11s]
[E-678 s12] best=72031.59 (+-174.93 vs bank) it=26 acc=26 [12s]
[E-678 s12] best=72041.51 (+-165.01 vs bank) it=27 acc=27 [12s]
[E-678 s12] best=72052.04 (+-154.48 vs bank) it=28 acc=28 [12s]
[E-678 s12] best=72063.24 (+-143.28 vs bank) it=29 acc=29 [13s]
[E-678 s12] best=72078.60 (+-127.92 vs bank) it=30 acc=30 [13s]
[E-678 s12] best=72084.91 (+-121.61 vs bank) it=31 acc=31 [13s]
[E-678 s12] best=72095.37 (+-111.15 vs bank) it=32 acc=32 [14s]
[E-678 s12] best=72111.48 (+-95.04 vs bank) it=33 acc=33 [14s]
[E-678 s12] best=72132.34 (+-74.18 vs bank) it=34 acc=34 [14s]
[E-678 s12] best=72140.81 (+-65.71 vs bank) it=35 acc=35 [14s]
[E-678 s12] best=72143.91 (+-62.61 vs bank) it=36 acc=36 [15s]
[E-678 s12] best=72166.54 (+-39.98 vs bank) it=37 acc=37 [15s]
[E-678 s12] best=72183.21 (+-23.32 vs bank) it=38 acc=38 [15s]
[E-678 s12] best=72198.24 (+-8.28 vs bank) it=39 acc=39 [15s]
[E-678 s12] best=72204.04 (+-2.48 vs bank) it=40 acc=40 [16s]
[E-678 s12] best=72211.42 (+4.90 vs bank) it=41 acc=41 *** BEATS BANK feas=True [16s]
[E-678 s12] best=72217.60 (+11.08 vs bank) it=42 acc=42 *** BEATS BANK feas=True [17s]
[E-678 s12] best=72225.71 (+19.19 vs bank) it=43 acc=43 *** BEATS BANK feas=True [17s]
[E-678 s12] best=72237.40 (+30.88 vs bank) it=44 acc=44 *** BEATS BANK feas=True [18s]
[E-678 s12] best=72252.35 (+45.83 vs bank) it=45 acc=45 *** BEATS BANK feas=True [18s]
[E-678 s12] best=72258.03 (+51.51 vs bank) it=46 acc=46 *** BEATS BANK feas=True [19s]
[E-678 s12] best=72260.21 (+53.69 vs bank) it=47 acc=47 *** BEATS BANK feas=True [19s]
[E-678 s12] best=72267.01 (+60.49 vs bank) it=48 acc=48 *** BEATS BANK feas=True [20s]
[E-678 s12] best=72272.39 (+65.87 vs bank) it=49 acc=49 *** BEATS BANK feas=True [20s]
[E-678 s12] best=72279.53 (+73.01 vs bank) it=50 acc=50 *** BEATS BANK feas=True [20s]
[E-678 s12] best=72286.45 (+79.93 vs bank) it=51 acc=51 *** BEATS BANK feas=True [21s]
[E-678 s12] best=72296.65 (+90.13 vs bank) it=52 acc=52 *** BEATS BANK feas=True [21s]
[E-678 s12] best=72306.89 (+100.37 vs bank) it=53 acc=53 *** BEATS BANK feas=True [22s]
[E-678 s12] best=72313.56 (+107.04 vs bank) it=54 acc=54 *** BEATS BANK feas=True [22s]
[E-678 s12] best=72313.57 (+107.05 vs bank) it=55 acc=55 *** BEATS BANK feas=True [22s]
[E-678 s12] best=72325.91 (+119.39 vs bank) it=56 acc=56 *** BEATS BANK feas=True [23s]
[E-678 s12] best=72333.38 (+126.86 vs bank) it=57 acc=57 *** BEATS BANK feas=True [23s]
[E-678 s12] best=72336.78 (+130.26 vs bank) it=58 acc=58 *** BEATS BANK feas=True [24s]
[E-678 s12] best=72339.92 (+133.40 vs bank) it=59 acc=59 *** BEATS BANK feas=True [24s]
[E-678 s12] best=72341.26 (+134.74 vs bank) it=60 acc=60 *** BEATS BANK feas=True [25s]
[E-678 s12] best=72345.97 (+139.45 vs bank) it=62 acc=62 *** BEATS BANK feas=True [25s]
[E-678 s12] best=72348.42 (+141.90 vs bank) it=63 acc=63 *** BEATS BANK feas=True [26s]
[E-678 s12] best=72352.19 (+145.67 vs bank) it=64 acc=64 *** BEATS BANK feas=True [26s]
[E-678 s12] best=72355.60 (+149.08 vs bank) it=65 acc=65 *** BEATS BANK feas=True [26s]
[E-678 s12] best=72358.47 (+151.95 vs bank) it=66 acc=66 *** BEATS BANK feas=True [27s]
[E-678 s12] best=72362.02 (+155.50 vs bank) it=67 acc=67 *** BEATS BANK feas=True [27s]
[E-678 s12] best=72362.88 (+156.35 vs bank) it=68 acc=68 *** BEATS BANK feas=True [28s]
[E-678 s12] best=72364.62 (+158.10 vs bank) it=69 acc=69 *** BEATS BANK feas=True [28s]
[E-678 s12] best=72365.13 (+158.61 vs bank) it=70 acc=70 *** BEATS BANK feas=True [28s]
[E-678 s12] best=72368.12 (+161.60 vs bank) it=71 acc=71 *** BEATS BANK feas=True [29s]
[E-678 s12] best=72372.59 (+166.07 vs bank) it=72 acc=72 *** BEATS BANK feas=True [29s]
[E-678 s12] best=72373.04 (+166.52 vs bank) it=73 acc=73 *** BEATS BANK feas=True [30s]
[E-678 s12] best=72374.37 (+167.85 vs bank) it=74 acc=74 *** BEATS BANK feas=True [30s]
[E-678 s12] best=72379.43 (+172.91 vs bank) it=75 acc=75 *** BEATS BANK feas=True [31s]
[E-678 s12] best=72379.86 (+173.34 vs bank) it=76 acc=76 *** BEATS BANK feas=True [31s]
[E-678 s12] best=72383.08 (+176.56 vs bank) it=78 acc=78 *** BEATS BANK feas=True [32s]
[E-678 s12] best=72383.59 (+177.07 vs bank) it=79 acc=79 *** BEATS BANK feas=True [32s]
[E-678 s12] best=72385.12 (+178.60 vs bank) it=80 acc=80 *** BEATS BANK feas=True [33s]
[E-678 s12] best=72386.41 (+179.89 vs bank) it=81 acc=81 *** BEATS BANK feas=True [33s]
[E-678 s12] best=72390.15 (+183.63 vs bank) it=82 acc=82 *** BEATS BANK feas=True [33s]
[E-678 s12] best=72399.05 (+192.53 vs bank) it=83 acc=83 *** BEATS BANK feas=True [34s]
[E-678 s12] best=72404.39 (+197.87 vs bank) it=84 acc=84 *** BEATS BANK feas=True [34s]
[E-678 s12] best=72408.50 (+201.98 vs bank) it=85 acc=85 *** BEATS BANK feas=True [34s]
[E-678 s12] best=72412.16 (+205.64 vs bank) it=86 acc=86 *** BEATS BANK feas=True [35s]
[E-678 s12] best=72417.66 (+211.14 vs bank) it=87 acc=87 *** BEATS BANK feas=True [35s]
[E-678 s12] best=72428.00 (+221.48 vs bank) it=88 acc=88 *** BEATS BANK feas=True [36s]
[E-678 s12] best=72437.14 (+230.62 vs bank) it=89 acc=89 *** BEATS BANK feas=True [36s]
[E-678 s12] best=72441.63 (+235.11 vs bank) it=90 acc=90 *** BEATS BANK feas=True [37s]
[E-678 s12] best=72447.23 (+240.71 vs bank) it=91 acc=91 *** BEATS BANK feas=True [37s]
[E-678 s12] best=72451.30 (+244.78 vs bank) it=93 acc=93 *** BEATS BANK feas=True [38s]
[E-678 s12] best=72452.18 (+245.66 vs bank) it=94 acc=94 *** BEATS BANK feas=True [38s]
[E-678 s12] best=72452.31 (+245.79 vs bank) it=95 acc=95 *** BEATS BANK feas=True [39s]
[E-678 s12] best=72457.02 (+250.50 vs bank) it=96 acc=96 *** BEATS BANK feas=True [39s]
[E-678 s12] best=72459.61 (+253.09 vs bank) it=98 acc=98 *** BEATS BANK feas=True [40s]
[E-678 s12] best=72463.81 (+257.29 vs bank) it=99 acc=99 *** BEATS BANK feas=True [40s]
[E-678 s12] best=72467.74 (+261.22 vs bank) it=100 acc=100 *** BEATS BANK feas=True [41s]
[E-678 s12] it=100 cur=72467.74 best=72467.74 [41s]
[E-678 s12] best=72468.45 (+261.93 vs bank) it=101 acc=101 *** BEATS BANK feas=True [41s]
[E-678 s12] best=72470.95 (+264.43 vs bank) it=102 acc=102 *** BEATS BANK feas=True [41s]
[E-678 s12] best=72471.81 (+265.29 vs bank) it=103 acc=103 *** BEATS BANK feas=True [41s]
[E-678 s12] best=72473.94 (+267.42 vs bank) it=104 acc=104 *** BEATS BANK feas=True [42s]
[E-678 s12] best=72477.80 (+271.28 vs bank) it=105 acc=105 *** BEATS BANK feas=True [42s]
[E-678 s12] best=72483.44 (+276.92 vs bank) it=106 acc=106 *** BEATS BANK feas=True [42s]
[E-678 s12] best=72485.18 (+278.66 vs bank) it=107 acc=107 *** BEATS BANK feas=True [43s]
[E-678 s12] best=72491.54 (+285.02 vs bank) it=108 acc=108 *** BEATS BANK feas=True [43s]
[E-678 s12] best=72495.16 (+288.64 vs bank) it=109 acc=109 *** BEATS BANK feas=True [43s]
[E-678 s12] best=72495.58 (+289.06 vs bank) it=110 acc=110 *** BEATS BANK feas=True [44s]
[E-678 s12] best=72496.42 (+289.90 vs bank) it=112 acc=112 *** BEATS BANK feas=True [44s]
[E-678 s12] best=72496.65 (+290.13 vs bank) it=113 acc=113 *** BEATS BANK feas=True [44s]
[E-678 s12] best=72496.90 (+290.38 vs bank) it=114 acc=114 *** BEATS BANK feas=True [45s]
[E-678 s12] best=72500.30 (+293.78 vs bank) it=115 acc=115 *** BEATS BANK feas=True [45s]
[E-678 s12] best=72501.24 (+294.72 vs bank) it=117 acc=117 *** BEATS BANK feas=True [46s]
[E-678 s12] best=72501.51 (+294.99 vs bank) it=118 acc=118 *** BEATS BANK feas=True [46s]
[E-678 s12] best=72503.05 (+296.53 vs bank) it=119 acc=119 *** BEATS BANK feas=True [46s]
[E-678 s12] best=72503.49 (+296.97 vs bank) it=120 acc=120 *** BEATS BANK feas=True [47s]
[E-678 s12] best=72504.15 (+297.63 vs bank) it=121 acc=121 *** BEATS BANK feas=True [47s]
[E-678 s12] best=72508.53 (+302.01 vs bank) it=122 acc=122 *** BEATS BANK feas=True [47s]
[E-678 s12] best=72511.17 (+304.65 vs bank) it=124 acc=124 *** BEATS BANK feas=True [48s]
[E-678 s12] best=72511.33 (+304.81 vs bank) it=125 acc=125 *** BEATS BANK feas=True [49s]
[E-678 s12] best=72512.85 (+306.33 vs bank) it=127 acc=127 *** BEATS BANK feas=True [50s]
[E-678 s12] best=72513.23 (+306.71 vs bank) it=128 acc=128 *** BEATS BANK feas=True [50s]
[E-678 s12] best=72514.93 (+308.41 vs bank) it=129 acc=129 *** BEATS BANK feas=True [51s]
[E-678 s12] best=72516.24 (+309.72 vs bank) it=131 acc=131 *** BEATS BANK feas=True [51s]
[E-678 s12] best=72518.94 (+312.42 vs bank) it=134 acc=134 *** BEATS BANK feas=True [52s]
[E-678 s12] best=72520.44 (+313.92 vs bank) it=136 acc=136 *** BEATS BANK feas=True [53s]
[E-678 s12] best=72524.95 (+318.43 vs bank) it=139 acc=139 *** BEATS BANK feas=True [53s]
[E-678 s12] best=72526.46 (+319.94 vs bank) it=140 acc=140 *** BEATS BANK feas=True [54s]
[E-678 s12] best=72528.50 (+321.98 vs bank) it=141 acc=141 *** BEATS BANK feas=True [54s]
[E-678 s12] best=72529.95 (+323.43 vs bank) it=142 acc=142 *** BEATS BANK feas=True [54s]
[E-678 s12] best=72530.48 (+323.96 vs bank) it=143 acc=143 *** BEATS BANK feas=True [55s]
[E-678 s12] best=72533.36 (+326.84 vs bank) it=144 acc=144 *** BEATS BANK feas=True [55s]
[E-678 s12] best=72533.42 (+326.90 vs bank) it=145 acc=145 *** BEATS BANK feas=True [55s]
[E-678 s12] best=72535.55 (+329.03 vs bank) it=147 acc=147 *** BEATS BANK feas=True [56s]
[E-678 s12] best=72536.94 (+330.42 vs bank) it=148 acc=148 *** BEATS BANK feas=True [57s]
[E-678 s12] best=72537.47 (+330.95 vs bank) it=149 acc=149 *** BEATS BANK feas=True [57s]
[E-678 s12] best=72540.51 (+333.99 vs bank) it=150 acc=150 *** BEATS BANK feas=True [57s]
[E-678 s12] best=72544.04 (+337.51 vs bank) it=151 acc=151 *** BEATS BANK feas=True [58s]
[E-678 s12] best=72546.46 (+339.94 vs bank) it=152 acc=152 *** BEATS BANK feas=True [58s]
[E-678 s12] best=72547.58 (+341.06 vs bank) it=153 acc=153 *** BEATS BANK feas=True [59s]
[E-678 s12] best=72547.92 (+341.40 vs bank) it=154 acc=154 *** BEATS BANK feas=True [59s]
[E-678 s12] best=72548.56 (+342.04 vs bank) it=155 acc=155 *** BEATS BANK feas=True [60s]
[E-678 s12] best=72551.41 (+344.89 vs bank) it=158 acc=158 *** BEATS BANK feas=True [61s]
[E-678 s12] best=72551.66 (+345.14 vs bank) it=159 acc=159 *** BEATS BANK feas=True [61s]
[E-678 s12] best=72551.92 (+345.40 vs bank) it=162 acc=162 *** BEATS BANK feas=True [62s]
[E-678 s12] best=72553.57 (+347.05 vs bank) it=164 acc=164 *** BEATS BANK feas=True [63s]
[E-678 s12] best=72554.31 (+347.79 vs bank) it=165 acc=165 *** BEATS BANK feas=True [64s]
[E-678 s12] best=72554.75 (+348.23 vs bank) it=166 acc=166 *** BEATS BANK feas=True [64s]
[E-678 s12] best=72554.88 (+348.36 vs bank) it=167 acc=167 *** BEATS BANK feas=True [64s]
[E-678 s12] best=72555.86 (+349.34 vs bank) it=168 acc=168 *** BEATS BANK feas=True [65s]
[E-678 s12] best=72558.46 (+351.94 vs bank) it=169 acc=169 *** BEATS BANK feas=True [65s]
[E-678 s12] best=72561.02 (+354.50 vs bank) it=171 acc=171 *** BEATS BANK feas=True [66s]
[E-678 s12] best=72561.20 (+354.68 vs bank) it=172 acc=172 *** BEATS BANK feas=True [66s]
[E-678 s12] best=72561.86 (+355.34 vs bank) it=173 acc=173 *** BEATS BANK feas=True [67s]
[E-678 s12] best=72562.11 (+355.59 vs bank) it=175 acc=175 *** BEATS BANK feas=True [67s]
[E-678 s12] best=72563.02 (+356.50 vs bank) it=179 acc=179 *** BEATS BANK feas=True [69s]
[E-678 s12] best=72565.66 (+359.14 vs bank) it=180 acc=180 *** BEATS BANK feas=True [69s]
[E-678 s12] best=72567.42 (+360.90 vs bank) it=181 acc=181 *** BEATS BANK feas=True [70s]
[E-678 s12] best=72567.84 (+361.32 vs bank) it=182 acc=182 *** BEATS BANK feas=True [70s]
[E-678 s12] best=72568.67 (+362.15 vs bank) it=184 acc=184 *** BEATS BANK feas=True [71s]
[E-678 s12] best=72569.39 (+362.87 vs bank) it=186 acc=186 *** BEATS BANK feas=True [72s]
[E-678 s12] best=72569.40 (+362.88 vs bank) it=187 acc=187 *** BEATS BANK feas=True [72s]
[E-678 s12] best=72569.86 (+363.34 vs bank) it=188 acc=188 *** BEATS BANK feas=True [72s]
[E-678 s12] best=72575.12 (+368.60 vs bank) it=189 acc=189 *** BEATS BANK feas=True [73s]
[E-678 s12] best=72577.10 (+370.58 vs bank) it=190 acc=190 *** BEATS BANK feas=True [73s]
[E-678 s12] best=72577.65 (+371.13 vs bank) it=193 acc=193 *** BEATS BANK feas=True [74s]
[E-678 s12] best=72577.67 (+371.15 vs bank) it=197 acc=197 *** BEATS BANK feas=True [75s]
[E-678 s12] best=72578.02 (+371.50 vs bank) it=199 acc=199 *** BEATS BANK feas=True [76s]
[E-678 s12] best=72579.43 (+372.91 vs bank) it=200 acc=200 *** BEATS BANK feas=True [76s]
[E-678 s12] it=200 cur=72579.43 best=72579.43 [76s]
[E-678 s12] best=72580.13 (+373.61 vs bank) it=201 acc=201 *** BEATS BANK feas=True [77s]
[E-678 s12] best=72580.18 (+373.66 vs bank) it=202 acc=202 *** BEATS BANK feas=True [77s]
[E-678 s12] best=72581.01 (+374.49 vs bank) it=203 acc=203 *** BEATS BANK feas=True [78s]
[E-678 s12] best=72584.83 (+378.31 vs bank) it=204 acc=204 *** BEATS BANK feas=True [78s]
[E-678 s12] best=72585.90 (+379.38 vs bank) it=205 acc=205 *** BEATS BANK feas=True [79s]
[E-678 s12] best=72586.35 (+379.83 vs bank) it=208 acc=208 *** BEATS BANK feas=True [80s]
[E-678 s12] best=72588.68 (+382.16 vs bank) it=219 acc=219 *** BEATS BANK feas=True [84s]
[E-678 s12] best=72591.22 (+384.70 vs bank) it=221 acc=221 *** BEATS BANK feas=True [84s]
[E-678 s12] best=72595.40 (+388.88 vs bank) it=222 acc=222 *** BEATS BANK feas=True [85s]
[E-678 s12] best=72600.88 (+394.36 vs bank) it=225 acc=225 *** BEATS BANK feas=True [85s]
[E-678 s12] best=72602.65 (+396.13 vs bank) it=226 acc=226 *** BEATS BANK feas=True [86s]
[E-678 s12] best=72603.74 (+397.22 vs bank) it=228 acc=228 *** BEATS BANK feas=True [86s]
[E-678 s12] best=72604.81 (+398.29 vs bank) it=229 acc=229 *** BEATS BANK feas=True [87s]
[E-678 s12] best=72605.45 (+398.93 vs bank) it=230 acc=230 *** BEATS BANK feas=True [87s]
[E-678 s12] best=72607.11 (+400.59 vs bank) it=237 acc=237 *** BEATS BANK feas=True [89s]
[E-678 s12] best=72607.61 (+401.09 vs bank) it=242 acc=242 *** BEATS BANK feas=True [90s]
[E-678 s12] best=72607.91 (+401.39 vs bank) it=243 acc=243 *** BEATS BANK feas=True [90s]
[E-678 s12] best=72609.06 (+402.54 vs bank) it=244 acc=244 *** BEATS BANK feas=True [91s]
[E-678 s12] best=72612.57 (+406.05 vs bank) it=245 acc=245 *** BEATS BANK feas=True [91s]
[E-678 s12] best=72612.86 (+406.34 vs bank) it=247 acc=247 *** BEATS BANK feas=True [92s]
[E-678 s12] best=72612.99 (+406.47 vs bank) it=258 acc=258 *** BEATS BANK feas=True [95s]
[E-678 s12] best=72613.28 (+406.76 vs bank) it=261 acc=261 *** BEATS BANK feas=True [96s]
[E-678 s12] best=72615.14 (+408.62 vs bank) it=263 acc=263 *** BEATS BANK feas=True [97s]
[E-678 s12] best=72616.94 (+410.42 vs bank) it=273 acc=273 *** BEATS BANK feas=True [100s]
[E-678 s12] best=72617.50 (+410.98 vs bank) it=275 acc=275 *** BEATS BANK feas=True [101s]
[E-678 s12] best=72617.61 (+411.09 vs bank) it=277 acc=277 *** BEATS BANK feas=True [102s]
[E-678 s12] best=72617.83 (+411.31 vs bank) it=283 acc=283 *** BEATS BANK feas=True [104s]
[E-678 s12] best=72618.70 (+412.18 vs bank) it=285 acc=285 *** BEATS BANK feas=True [105s]
[E-678 s12] best=72618.71 (+412.19 vs bank) it=290 acc=290 *** BEATS BANK feas=True [107s]
[E-678 s12] best=72618.98 (+412.46 vs bank) it=291 acc=291 *** BEATS BANK feas=True [107s]
[E-678 s12] best=72619.00 (+412.48 vs bank) it=292 acc=292 *** BEATS BANK feas=True [107s]
[E-678 s12] best=72619.45 (+412.93 vs bank) it=293 acc=293 *** BEATS BANK feas=True [107s]
[E-678 s12] best=72621.16 (+414.64 vs bank) it=296 acc=296 *** BEATS BANK feas=True [108s]
[E-678 s12] best=72621.85 (+415.33 vs bank) it=297 acc=297 *** BEATS BANK feas=True [109s]
[E-678 s12] best=72625.05 (+418.53 vs bank) it=299 acc=299 *** BEATS BANK feas=True [110s]
[E-678 s12] best=72628.74 (+422.22 vs bank) it=300 acc=300 *** BEATS BANK feas=True [110s]
[E-678 s12] it=300 cur=72628.74 best=72628.74 [110s]
[E-678 s12] best=72629.18 (+422.66 vs bank) it=301 acc=301 *** BEATS BANK feas=True [111s]
[E-678 s12] best=72629.21 (+422.69 vs bank) it=302 acc=302 *** BEATS BANK feas=True [111s]
[E-678 s12] best=72629.49 (+422.97 vs bank) it=303 acc=303 *** BEATS BANK feas=True [111s]
[E-678 s12] best=72638.19 (+431.67 vs bank) it=307 acc=307 *** BEATS BANK feas=True [113s]
[E-678 s12] best=72638.46 (+431.94 vs bank) it=309 acc=309 *** BEATS BANK feas=True [114s]
[E-678 s12] best=72638.70 (+432.18 vs bank) it=311 acc=311 *** BEATS BANK feas=True [114s]
[E-678 s12] best=72638.83 (+432.31 vs bank) it=329 acc=329 *** BEATS BANK feas=True [120s]
[E-678 s12] best=72639.65 (+433.13 vs bank) it=331 acc=331 *** BEATS BANK feas=True [120s]
[E-678 s12] best=72640.84 (+434.32 vs bank) it=332 acc=332 *** BEATS BANK feas=True [121s]
[E-678 s12] best=72640.92 (+434.40 vs bank) it=334 acc=334 *** BEATS BANK feas=True [122s]
[E-678 s12] best=72641.77 (+435.25 vs bank) it=339 acc=339 *** BEATS BANK feas=True [123s]
[E-678 s12] best=72644.48 (+437.96 vs bank) it=342 acc=342 *** BEATS BANK feas=True [125s]
[E-678 s12] best=72644.50 (+437.98 vs bank) it=343 acc=343 *** BEATS BANK feas=True [125s]
[E-678 s12] best=72644.58 (+438.06 vs bank) it=344 acc=344 *** BEATS BANK feas=True [125s]
[E-678 s12] best=72648.01 (+441.49 vs bank) it=345 acc=345 *** BEATS BANK feas=True [126s]
[E-678 s12] best=72654.11 (+447.59 vs bank) it=346 acc=346 *** BEATS BANK feas=True [126s]
[E-678 s12] best=72658.12 (+451.60 vs bank) it=347 acc=347 *** BEATS BANK feas=True [127s]
[E-678 s12] best=72660.22 (+453.70 vs bank) it=348 acc=348 *** BEATS BANK feas=True [127s]
[E-678 s12] best=72660.37 (+453.85 vs bank) it=349 acc=349 *** BEATS BANK feas=True [128s]
[E-678 s12] best=72660.99 (+454.47 vs bank) it=350 acc=350 *** BEATS BANK feas=True [128s]
[E-678 s12] best=72665.85 (+459.33 vs bank) it=352 acc=352 *** BEATS BANK feas=True [129s]
[E-678 s12] best=72666.07 (+459.55 vs bank) it=367 acc=367 *** BEATS BANK feas=True [134s]
[E-678 s12] best=72667.66 (+461.14 vs bank) it=369 acc=369 *** BEATS BANK feas=True [135s]
[E-678 s12] best=72672.59 (+466.07 vs bank) it=370 acc=370 *** BEATS BANK feas=True [135s]
[E-678 s12] best=72674.23 (+467.71 vs bank) it=374 acc=374 *** BEATS BANK feas=True [136s]
[E-678 s12] best=72675.38 (+468.86 vs bank) it=380 acc=380 *** BEATS BANK feas=True [139s]
[E-678 s12] best=72676.80 (+470.28 vs bank) it=382 acc=382 *** BEATS BANK feas=True [140s]
[E-678 s12] best=72680.35 (+473.82 vs bank) it=385 acc=385 *** BEATS BANK feas=True [141s]
[E-678 s12] best=72680.81 (+474.29 vs bank) it=387 acc=387 *** BEATS BANK feas=True [141s]
[E-678 s12] best=72681.69 (+475.17 vs bank) it=388 acc=388 *** BEATS BANK feas=True [142s]
[E-678 s12] it=400 cur=72681.69 best=72681.69 [146s]
[E-678 s12] best=72682.09 (+475.57 vs bank) it=406 acc=406 *** BEATS BANK feas=True [148s]
[E-678 s12] best=72682.86 (+476.34 vs bank) it=407 acc=407 *** BEATS BANK feas=True [149s]
[E-678 s12] best=72683.71 (+477.19 vs bank) it=410 acc=410 *** BEATS BANK feas=True [150s]
[E-678 s12] best=72684.68 (+478.16 vs bank) it=435 acc=435 *** BEATS BANK feas=True [159s]
[E-678 s12] best=72686.26 (+479.74 vs bank) it=459 acc=459 *** BEATS BANK feas=True [167s]
[E-678 s12] best=72687.35 (+480.83 vs bank) it=469 acc=469 *** BEATS BANK feas=True [170s]
[E-678 s12] best=72687.38 (+480.86 vs bank) it=476 acc=476 *** BEATS BANK feas=True [171s]
[E-678 s12] best=72688.17 (+481.65 vs bank) it=491 acc=491 *** BEATS BANK feas=True [176s]
[E-678 s12] it=500 cur=72688.17 best=72688.17 [180s]
[E-678 s12] best=72688.44 (+481.92 vs bank) it=501 acc=501 *** BEATS BANK feas=True [180s]
[E-678 s12] best=72689.19 (+482.67 vs bank) it=504 acc=504 *** BEATS BANK feas=True [181s]
[E-678 s12] best=72693.77 (+487.25 vs bank) it=534 acc=534 *** BEATS BANK feas=True [192s]
[E-678 s12] best=72694.65 (+488.13 vs bank) it=538 acc=538 *** BEATS BANK feas=True [193s]
[E-678 s12] best=72695.03 (+488.51 vs bank) it=541 acc=541 *** BEATS BANK feas=True [195s]
[E-678 s12] best=72699.10 (+492.58 vs bank) it=554 acc=554 *** BEATS BANK feas=True [199s]
[E-678 s12] best=72699.46 (+492.94 vs bank) it=555 acc=555 *** BEATS BANK feas=True [200s]
[E-678 s12] best=72701.66 (+495.14 vs bank) it=558 acc=558 *** BEATS BANK feas=True [201s]
[E-678 s12] best=72703.52 (+497.00 vs bank) it=561 acc=561 *** BEATS BANK feas=True [202s]
[E-678 s12] best=72704.76 (+498.24 vs bank) it=564 acc=564 *** BEATS BANK feas=True [203s]
[E-678 s12] best=72704.91 (+498.39 vs bank) it=576 acc=576 *** BEATS BANK feas=True [208s]
[E-678 s12] best=72705.01 (+498.49 vs bank) it=577 acc=577 *** BEATS BANK feas=True [208s]
[E-678 s12] best=72705.31 (+498.79 vs bank) it=579 acc=579 *** BEATS BANK feas=True [209s]
[E-678 s12] best=72708.70 (+502.18 vs bank) it=580 acc=580 *** BEATS BANK feas=True [210s]
[E-678 s12] best=72712.66 (+506.14 vs bank) it=583 acc=583 *** BEATS BANK feas=True [211s]
[E-678 s12] best=72714.30 (+507.78 vs bank) it=584 acc=584 *** BEATS BANK feas=True [211s]
[E-678 s12] best=72715.66 (+509.14 vs bank) it=585 acc=585 *** BEATS BANK feas=True [212s]
[E-678 s12] best=72715.70 (+509.18 vs bank) it=586 acc=586 *** BEATS BANK feas=True [212s]
[E-678 s12] best=72718.08 (+511.56 vs bank) it=588 acc=588 *** BEATS BANK feas=True [213s]
[E-678 s12] best=72719.57 (+513.05 vs bank) it=592 acc=592 *** BEATS BANK feas=True [214s]
[E-678 s12] best=72719.92 (+513.40 vs bank) it=594 acc=594 *** BEATS BANK feas=True [215s]
[E-678 s12] best=72720.31 (+513.79 vs bank) it=596 acc=596 *** BEATS BANK feas=True [215s]
[E-678 s12] best=72720.33 (+513.81 vs bank) it=598 acc=598 *** BEATS BANK feas=True [216s]
[E-678 s12] best=72720.77 (+514.25 vs bank) it=600 acc=600 *** BEATS BANK feas=True [216s]
[E-678 s12] it=600 cur=72720.77 best=72720.77 [216s]
[E-678 s12] best=72721.21 (+514.69 vs bank) it=608 acc=608 *** BEATS BANK feas=True [219s]
[E-678 s12] best=72721.25 (+514.73 vs bank) it=610 acc=610 *** BEATS BANK feas=True [219s]
[E-678 s12] best=72721.48 (+514.96 vs bank) it=616 acc=616 *** BEATS BANK feas=True [222s]
[E-678 s12] best=72723.81 (+517.29 vs bank) it=620 acc=620 *** BEATS BANK feas=True [223s]
[E-678 s12] best=72724.25 (+517.73 vs bank) it=632 acc=632 *** BEATS BANK feas=True [227s]
[E-678 s12] best=72727.21 (+520.69 vs bank) it=640 acc=640 *** BEATS BANK feas=True [229s]
[E-678 s12] best=72727.99 (+521.47 vs bank) it=641 acc=641 *** BEATS BANK feas=True [229s]
[E-678 s12] best=72729.00 (+522.48 vs bank) it=651 acc=651 *** BEATS BANK feas=True [232s]
[E-678 s12] best=72730.49 (+523.97 vs bank) it=656 acc=656 *** BEATS BANK feas=True [234s]
[E-678 s12] best=72733.07 (+526.55 vs bank) it=668 acc=668 *** BEATS BANK feas=True [238s]
[E-678 s12] best=72733.88 (+527.36 vs bank) it=679 acc=679 *** BEATS BANK feas=True [242s]
[E-678 s12] best=72734.29 (+527.77 vs bank) it=682 acc=682 *** BEATS BANK feas=True [243s]
[E-678 s12] best=72734.70 (+528.18 vs bank) it=685 acc=685 *** BEATS BANK feas=True [244s]
[E-678 s12] best=72734.79 (+528.27 vs bank) it=694 acc=694 *** BEATS BANK feas=True [246s]
[E-678 s12] it=700 cur=72734.79 best=72734.79 [247s]
[E-678 s12] best=72735.30 (+528.78 vs bank) it=702 acc=702 *** BEATS BANK feas=True [248s]
[E-678 s12] best=72737.39 (+530.87 vs bank) it=707 acc=707 *** BEATS BANK feas=True [249s]
[E-678 s12] best=72738.11 (+531.59 vs bank) it=710 acc=710 *** BEATS BANK feas=True [250s]
[E-678 s12] best=72739.22 (+532.70 vs bank) it=736 acc=736 *** BEATS BANK feas=True [257s]
[E-678 s12] best=72742.70 (+536.18 vs bank) it=739 acc=739 *** BEATS BANK feas=True [258s]
[E-678 s12] best=72743.38 (+536.86 vs bank) it=744 acc=744 *** BEATS BANK feas=True [260s]
[E-678 s12] best=72743.84 (+537.32 vs bank) it=748 acc=748 *** BEATS BANK feas=True [261s]
[E-678 s12] best=72745.23 (+538.71 vs bank) it=749 acc=749 *** BEATS BANK feas=True [262s]
[E-678 s12] best=72747.77 (+541.25 vs bank) it=756 acc=756 *** BEATS BANK feas=True [264s]
[E-678 s12] best=72748.12 (+541.60 vs bank) it=760 acc=760 *** BEATS BANK feas=True [266s]
[E-678 s12] best=72749.38 (+542.86 vs bank) it=761 acc=761 *** BEATS BANK feas=True [266s]
[E-678 s12] best=72750.37 (+543.85 vs bank) it=765 acc=765 *** BEATS BANK feas=True [268s]
[E-678 s12] best=72751.91 (+545.39 vs bank) it=770 acc=770 *** BEATS BANK feas=True [270s]
[E-678 s12] best=72753.82 (+547.30 vs bank) it=772 acc=772 *** BEATS BANK feas=True [270s]
[E-678 s12] best=72754.43 (+547.91 vs bank) it=773 acc=773 *** BEATS BANK feas=True [271s]
[E-678 s12] best=72756.28 (+549.76 vs bank) it=785 acc=785 *** BEATS BANK feas=True [275s]
[E-678 s12] best=72756.33 (+549.81 vs bank) it=786 acc=786 *** BEATS BANK feas=True [276s]
[E-678 s12] best=72758.03 (+551.51 vs bank) it=796 acc=796 *** BEATS BANK feas=True [279s]
[E-678 s12] it=800 cur=72758.03 best=72758.03 [281s]
[E-678 s12] best=72759.14 (+552.62 vs bank) it=812 acc=812 *** BEATS BANK feas=True [285s]
[E-678 s12] best=72759.16 (+552.64 vs bank) it=829 acc=829 *** BEATS BANK feas=True [291s]
[E-678 s12] best=72759.27 (+552.75 vs bank) it=832 acc=832 *** BEATS BANK feas=True [292s]
[E-678 s12] best=72759.54 (+553.02 vs bank) it=840 acc=840 *** BEATS BANK feas=True [294s]
[E-678 s12] best=72759.83 (+553.31 vs bank) it=844 acc=844 *** BEATS BANK feas=True [295s]
[E-678 s12] best=72761.26 (+554.74 vs bank) it=850 acc=850 *** BEATS BANK feas=True [297s]
[E-678 s12] best=72762.19 (+555.67 vs bank) it=857 acc=857 *** BEATS BANK feas=True [299s]
[E-678 s12] best=72764.02 (+557.50 vs bank) it=858 acc=858 *** BEATS BANK feas=True [299s]
[E-678 s12] best=72764.57 (+558.04 vs bank) it=861 acc=861 *** BEATS BANK feas=True [300s]
[E-678 s12] best=72766.33 (+559.81 vs bank) it=862 acc=862 *** BEATS BANK feas=True [301s]
[E-678 s12] best=72767.48 (+560.96 vs bank) it=866 acc=866 *** BEATS BANK feas=True [302s]
[E-678 s12] best=72769.45 (+562.93 vs bank) it=878 acc=878 *** BEATS BANK feas=True [306s]
[E-678 s12] best=72769.83 (+563.31 vs bank) it=881 acc=881 *** BEATS BANK feas=True [307s]
[E-678 s12] best=72770.45 (+563.93 vs bank) it=882 acc=882 *** BEATS BANK feas=True [308s]
[E-678 s12] best=72774.75 (+568.23 vs bank) it=887 acc=887 *** BEATS BANK feas=True [310s]
[E-678 s12] best=72775.44 (+568.92 vs bank) it=889 acc=889 *** BEATS BANK feas=True [310s]
[E-678 s12] it=900 cur=72775.44 best=72775.44 [314s]
[E-678 s12] best=72775.76 (+569.24 vs bank) it=905 acc=905 *** BEATS BANK feas=True [316s]
[E-678 s12] best=72778.58 (+572.06 vs bank) it=906 acc=906 *** BEATS BANK feas=True [317s]
[E-678 s12] best=72778.64 (+572.12 vs bank) it=915 acc=915 *** BEATS BANK feas=True [320s]
[E-678 s12] best=72778.87 (+572.35 vs bank) it=917 acc=917 *** BEATS BANK feas=True [321s]
[E-678 s12] best=72778.92 (+572.40 vs bank) it=935 acc=935 *** BEATS BANK feas=True [327s]
[E-678 s12] best=72785.08 (+578.56 vs bank) it=936 acc=936 *** BEATS BANK feas=True [327s]
[E-678 s12] best=72785.49 (+578.97 vs bank) it=953 acc=953 *** BEATS BANK feas=True [334s]
[E-678 s12] best=72785.72 (+579.20 vs bank) it=967 acc=967 *** BEATS BANK feas=True [338s]
[E-678 s12] best=72785.85 (+579.33 vs bank) it=968 acc=968 *** BEATS BANK feas=True [339s]
[E-678 s12] best=72787.45 (+580.93 vs bank) it=971 acc=971 *** BEATS BANK feas=True [340s]
[E-678 s12] best=72787.90 (+581.38 vs bank) it=977 acc=977 *** BEATS BANK feas=True [342s]
[E-678 s12] best=72790.91 (+584.39 vs bank) it=980 acc=980 *** BEATS BANK feas=True [343s]
[E-678 s12] best=72792.82 (+586.30 vs bank) it=985 acc=985 *** BEATS BANK feas=True [345s]
[E-678 s12] it=1000 cur=72792.82 best=72792.82 [350s]
[E-678 s12] best=72793.55 (+587.03 vs bank) it=1011 acc=1011 *** BEATS BANK feas=True [354s]
[E-678 s12] best=72794.27 (+587.75 vs bank) it=1074 acc=1074 *** BEATS BANK feas=True [376s]
[E-678 s12] best=72794.42 (+587.90 vs bank) it=1078 acc=1078 *** BEATS BANK feas=True [378s]
[E-678 s12] best=72794.90 (+588.38 vs bank) it=1081 acc=1081 *** BEATS BANK feas=True [379s]
[E-678 s12] it=1100 cur=72794.90 best=72794.90 [384s]
[E-678 s12] best=72795.60 (+589.08 vs bank) it=1140 acc=1140 *** BEATS BANK feas=True [397s]
[E-678 s12] best=72798.17 (+591.65 vs bank) it=1144 acc=1144 *** BEATS BANK feas=True [398s]
[E-678 s12] best=72801.40 (+594.88 vs bank) it=1148 acc=1148 *** BEATS BANK feas=True [399s]
[E-678 s12] best=72802.79 (+596.27 vs bank) it=1162 acc=1162 *** BEATS BANK feas=True [403s]
[E-678 s12] best=72803.28 (+596.76 vs bank) it=1175 acc=1175 *** BEATS BANK feas=True [407s]
[E-678 s12] best=72805.05 (+598.53 vs bank) it=1178 acc=1178 *** BEATS BANK feas=True [408s]
[E-678 s12] best=72807.17 (+600.65 vs bank) it=1186 acc=1186 *** BEATS BANK feas=True [411s]
[E-678 s12] it=1200 cur=72807.17 best=72807.17 [414s]
[E-678 s12] best=72808.79 (+602.27 vs bank) it=1215 acc=1215 *** BEATS BANK feas=True [418s]
[E-678 s12] best=72811.14 (+604.62 vs bank) it=1227 acc=1227 *** BEATS BANK feas=True [421s]
[E-678 s12] best=72811.44 (+604.92 vs bank) it=1250 acc=1250 *** BEATS BANK feas=True [428s]
[E-678 s12] best=72812.15 (+605.63 vs bank) it=1263 acc=1263 *** BEATS BANK feas=True [432s]
[E-678 s12] best=72814.52 (+608.00 vs bank) it=1265 acc=1265 *** BEATS BANK feas=True [433s]
[E-678 s12] best=72818.74 (+612.22 vs bank) it=1266 acc=1266 *** BEATS BANK feas=True [433s]
[E-678 s12] best=72819.83 (+613.31 vs bank) it=1272 acc=1272 *** BEATS BANK feas=True [435s]
[E-678 s12] best=72820.36 (+613.84 vs bank) it=1284 acc=1284 *** BEATS BANK feas=True [438s]
[E-678 s12] best=72821.60 (+615.08 vs bank) it=1290 acc=1290 *** BEATS BANK feas=True [440s]
[E-678 s12] it=1300 cur=72821.60 best=72821.60 [442s]
[E-678 s12] best=72822.76 (+616.24 vs bank) it=1350 acc=1350 *** BEATS BANK feas=True [458s]
[E-678 s12] best=72822.79 (+616.27 vs bank) it=1388 acc=1388 *** BEATS BANK feas=True [470s]
[E-678 s12] best=72823.71 (+617.19 vs bank) it=1391 acc=1391 *** BEATS BANK feas=True [471s]
[E-678 s12] best=72825.76 (+619.24 vs bank) it=1392 acc=1392 *** BEATS BANK feas=True [471s]
[E-678 s12] it=1400 cur=72825.76 best=72825.76 [474s]
[E-678 s12] best=72826.80 (+620.28 vs bank) it=1409 acc=1409 *** BEATS BANK feas=True [477s]
[E-678 s12] it=1500 cur=72826.80 best=72826.80 [502s]
[E-678 s12] best=72829.81 (+623.29 vs bank) it=1529 acc=1529 *** BEATS BANK feas=True [511s]
[E-678 s12] best=72830.73 (+624.21 vs bank) it=1575 acc=1575 *** BEATS BANK feas=True [524s]
[E-678 s12] best=72832.08 (+625.56 vs bank) it=1586 acc=1586 *** BEATS BANK feas=True [527s]
[E-678 s12] it=1600 cur=72832.08 best=72832.08 [532s]
[E-678 s12] best=72836.76 (+630.24 vs bank) it=1635 acc=1635 *** BEATS BANK feas=True [543s]
[E-678 s12] best=72837.40 (+630.88 vs bank) it=1637 acc=1637 *** BEATS BANK feas=True [544s]
[E-678 s12] best=72838.28 (+631.76 vs bank) it=1641 acc=1641 *** BEATS BANK feas=True [545s]
[E-678 s12] best=72839.16 (+632.64 vs bank) it=1654 acc=1654 *** BEATS BANK feas=True [549s]
[E-678 s12] best=72839.50 (+632.98 vs bank) it=1655 acc=1655 *** BEATS BANK feas=True [549s]
[E-678 s12] best=72843.27 (+636.75 vs bank) it=1661 acc=1661 *** BEATS BANK feas=True [551s]
[E-678 s12] best=72844.27 (+637.75 vs bank) it=1675 acc=1675 *** BEATS BANK feas=True [554s]
[E-678 s12] best=72844.66 (+638.14 vs bank) it=1690 acc=1690 *** BEATS BANK feas=True [559s]
[E-678 s12] best=72845.31 (+638.79 vs bank) it=1698 acc=1698 *** BEATS BANK feas=True [561s]
[E-678 s12] it=1700 cur=72845.31 best=72845.31 [561s]
[E-678 s12] best=72845.54 (+639.02 vs bank) it=1778 acc=1778 *** BEATS BANK feas=True [584s]
[E-678 s12] best=72847.80 (+641.28 vs bank) it=1792 acc=1792 *** BEATS BANK feas=True [588s]
[E-678 s12] it=1800 cur=72847.80 best=72847.80 [590s]
[E-678 s12] best=72847.89 (+641.37 vs bank) it=1826 acc=1826 *** BEATS BANK feas=True [597s]
[E-678 s12] best=72849.14 (+642.62 vs bank) it=1831 acc=1831 *** BEATS BANK feas=True [598s]
[E-678 s12] best=72849.52 (+643.00 vs bank) it=1848 acc=1848 *** BEATS BANK feas=True [602s]
[E-678 s12] best=72850.84 (+644.32 vs bank) it=1853 acc=1853 *** BEATS BANK feas=True [604s]
[E-678 s12] best=72851.16 (+644.64 vs bank) it=1859 acc=1859 *** BEATS BANK feas=True [605s]
[E-678 s12] best=72852.73 (+646.21 vs bank) it=1873 acc=1873 *** BEATS BANK feas=True [610s]
[E-678 s12] best=72854.30 (+647.78 vs bank) it=1879 acc=1879 *** BEATS BANK feas=True [613s]
[E-678 s12] best=72855.16 (+648.64 vs bank) it=1888 acc=1888 *** BEATS BANK feas=True [616s]
[E-678 s12] best=72855.50 (+648.98 vs bank) it=1898 acc=1898 *** BEATS BANK feas=True [619s]
[E-678 s12] it=1900 cur=72855.50 best=72855.50 [620s]
[E-678 s12] best=72855.99 (+649.47 vs bank) it=1905 acc=1905 *** BEATS BANK feas=True [622s]
[E-678 s12] best=72856.08 (+649.56 vs bank) it=1941 acc=1941 *** BEATS BANK feas=True [634s]
[E-678 s12] best=72856.32 (+649.80 vs bank) it=1988 acc=1988 *** BEATS BANK feas=True [647s]
[E-678 s12] best=72859.55 (+653.03 vs bank) it=1994 acc=1994 *** BEATS BANK feas=True [649s]
[E-678 s12] best=72861.34 (+654.82 vs bank) it=1995 acc=1995 *** BEATS BANK feas=True [649s]
[E-678 s12] best=72861.97 (+655.45 vs bank) it=1996 acc=1996 *** BEATS BANK feas=True [650s]
[E-678 s12] it=2000 cur=72861.97 best=72861.97 [651s]
[E-678 s12] best=72862.87 (+656.35 vs bank) it=2008 acc=2008 *** BEATS BANK feas=True [653s]
[E-678 s12] best=72863.40 (+656.88 vs bank) it=2011 acc=2011 *** BEATS BANK feas=True [654s]
[E-678 s12] best=72863.41 (+656.89 vs bank) it=2028 acc=2028 *** BEATS BANK feas=True [658s]
[E-678 s12] it=2100 cur=72863.41 best=72863.41 [681s]
[E-678 s12] best=72863.88 (+657.36 vs bank) it=2103 acc=2103 *** BEATS BANK feas=True [682s]
[E-678 s12] best=72864.83 (+658.31 vs bank) it=2114 acc=2114 *** BEATS BANK feas=True [684s]
[E-678 s12] best=72864.88 (+658.36 vs bank) it=2171 acc=2171 *** BEATS BANK feas=True [702s]
[E-678 s12] it=2200 cur=72864.88 best=72864.88 [709s]
[E-678 s12] best=72865.46 (+658.94 vs bank) it=2236 acc=2236 *** BEATS BANK feas=True [719s]
[E-678 s12] best=72865.51 (+658.99 vs bank) it=2241 acc=2241 *** BEATS BANK feas=True [721s]
[E-678 s12] best=72866.02 (+659.50 vs bank) it=2242 acc=2242 *** BEATS BANK feas=True [721s]
[E-678 s12] best=72866.61 (+660.09 vs bank) it=2282 acc=2282 *** BEATS BANK feas=True [733s]
[E-678 s12] it=2300 cur=72866.61 best=72866.61 [739s]
[E-678 s12] best=72866.76 (+660.24 vs bank) it=2378 acc=2378 *** BEATS BANK feas=True [764s]
[E-678 s12] best=72867.08 (+660.56 vs bank) it=2390 acc=2390 *** BEATS BANK feas=True [768s]
[E-678 s12] best=72870.40 (+663.88 vs bank) it=2391 acc=2391 *** BEATS BANK feas=True [769s]
[E-678 s12] it=2400 cur=72870.40 best=72870.40 [771s]
[E-678 s12] best=72871.38 (+664.86 vs bank) it=2433 acc=2433 *** BEATS BANK feas=True [782s]
[E-678 s12] best=72871.79 (+665.27 vs bank) it=2441 acc=2441 *** BEATS BANK feas=True [784s]
[E-678 s12] it=2500 cur=72871.79 best=72871.79 [803s]
[E-678 s12] best=72872.43 (+665.91 vs bank) it=2542 acc=2542 *** BEATS BANK feas=True [814s]
[E-678 s12] best=72872.52 (+666.00 vs bank) it=2550 acc=2550 *** BEATS BANK feas=True [817s]
[E-678 s12] best=72873.55 (+667.03 vs bank) it=2553 acc=2553 *** BEATS BANK feas=True [818s]
[E-678 s12] it=2600 cur=72873.55 best=72873.55 [834s]
[E-678 s12] best=72873.69 (+667.17 vs bank) it=2611 acc=2611 *** BEATS BANK feas=True [837s]
[E-678 s12] best=72874.17 (+667.65 vs bank) it=2613 acc=2613 *** BEATS BANK feas=True [838s]
[E-678 s12] best=72874.33 (+667.81 vs bank) it=2614 acc=2614 *** BEATS BANK feas=True [839s]
[E-678 s12] best=72875.85 (+669.33 vs bank) it=2616 acc=2616 *** BEATS BANK feas=True [839s]
[E-678 s12] best=72877.33 (+670.81 vs bank) it=2619 acc=2619 *** BEATS BANK feas=True [840s]
[E-678 s12] best=72879.10 (+672.58 vs bank) it=2621 acc=2621 *** BEATS BANK feas=True [841s]
[E-678 s12] best=72879.87 (+673.35 vs bank) it=2625 acc=2625 *** BEATS BANK feas=True [843s]
[E-678 s12] best=72880.38 (+673.86 vs bank) it=2640 acc=2640 *** BEATS BANK feas=True [848s]
[E-678 s12] best=72882.14 (+675.62 vs bank) it=2646 acc=2646 *** BEATS BANK feas=True [850s]
[E-678 s12] best=72884.45 (+677.93 vs bank) it=2649 acc=2649 *** BEATS BANK feas=True [851s]
[E-678 s12] best=72885.96 (+679.44 vs bank) it=2670 acc=2670 *** BEATS BANK feas=True [858s]
[E-678 s12] best=72886.40 (+679.88 vs bank) it=2697 acc=2697 *** BEATS BANK feas=True [866s]
[E-678 s12] it=2700 cur=72886.40 best=72886.40 [867s]
[E-678 s12] best=72886.53 (+680.01 vs bank) it=2726 acc=2726 *** BEATS BANK feas=True [875s]
[E-678 s12] best=72887.59 (+681.07 vs bank) it=2727 acc=2727 *** BEATS BANK feas=True [875s]
[E-678 s12] best=72887.73 (+681.21 vs bank) it=2737 acc=2737 *** BEATS BANK feas=True [877s]
[E-678 s12] best=72888.19 (+681.67 vs bank) it=2745 acc=2745 *** BEATS BANK feas=True [880s]
[E-678 s12] best=72888.43 (+681.91 vs bank) it=2770 acc=2770 *** BEATS BANK feas=True [887s]
[E-678 s12] best=72891.94 (+685.42 vs bank) it=2782 acc=2782 *** BEATS BANK feas=True [890s]
[E-678 s12] it=2800 cur=72891.94 best=72891.94 [895s]
[E-678 s12] best=72894.27 (+687.75 vs bank) it=2872 acc=2872 *** BEATS BANK feas=True [916s]
[E-678 s12] best=72894.60 (+688.08 vs bank) it=2875 acc=2875 *** BEATS BANK feas=True [916s]
[E-678 s12] best=72895.57 (+689.05 vs bank) it=2878 acc=2878 *** BEATS BANK feas=True [917s]
[E-678 s12] it=2900 cur=72895.57 best=72895.57 [923s]
[E-678 s12] best=72896.36 (+689.84 vs bank) it=2914 acc=2914 *** BEATS BANK feas=True [926s]
[E-678 s12] it=3000 cur=72896.36 best=72896.36 [950s]
[E-678 s12] best=72896.54 (+690.02 vs bank) it=3004 acc=3004 *** BEATS BANK feas=True [952s]
[E-678 s12] best=72896.84 (+690.32 vs bank) it=3006 acc=3006 *** BEATS BANK feas=True [952s]
[E-678 s12] best=72897.32 (+690.80 vs bank) it=3008 acc=3008 *** BEATS BANK feas=True [953s]
[E-678 s12] best=72897.76 (+691.24 vs bank) it=3010 acc=3010 *** BEATS BANK feas=True [954s]
[E-678 s12] best=72899.11 (+692.59 vs bank) it=3047 acc=3047 *** BEATS BANK feas=True [965s]
[E-678 s12] best=72903.82 (+697.30 vs bank) it=3059 acc=3059 *** BEATS BANK feas=True [969s]
[E-678 s12] best=72906.53 (+700.01 vs bank) it=3069 acc=3069 *** BEATS BANK feas=True [971s]
[E-678 s12] it=3100 cur=72906.53 best=72906.53 [981s]
[E-678 s12] best=72908.06 (+701.54 vs bank) it=3151 acc=3151 *** BEATS BANK feas=True [997s]
[E-678 s12] best=72908.84 (+702.32 vs bank) it=3171 acc=3171 *** BEATS BANK feas=True [1003s]
[E-678 s12] it=3200 cur=72908.84 best=72908.84 [1013s]
[E-678 s12] best=72909.69 (+703.17 vs bank) it=3282 acc=3282 *** BEATS BANK feas=True [1039s]
[E-678 s12] it=3300 cur=72909.69 best=72909.69 [1043s]
[E-678 s12] best=72910.81 (+704.29 vs bank) it=3348 acc=3348 *** BEATS BANK feas=True [1053s]
[E-678 s12] best=72911.53 (+705.01 vs bank) it=3350 acc=3350 *** BEATS BANK feas=True [1053s]
[E-678 s12] best=72912.35 (+705.83 vs bank) it=3384 acc=3384 *** BEATS BANK feas=True [1062s]
[E-678 s12] it=3400 cur=72912.35 best=72912.35 [1066s]
[E-678 s12] DONE best=72912.35 (+705.83 vs bank) [1088s]
