error    libmamba Could not set lock (Resource temporarily unavailable)
warning  libmamba Cannot lock '/home/julian/.cache/mamba/proc'
    Waiting for other mamba process to finish
[E-678 s11] current-bank start=72791.93 sel=9120 | bank=72206.52 leader=73714.03 | random-destroy 0.25
[E-678 s11] best=72792.80 (+586.28 vs bank) it=2 acc=2 *** BEATS BANK feas=True [1s]
[E-678 s11] best=72797.20 (+590.68 vs bank) it=5 acc=5 *** BEATS BANK feas=True [2s]
[E-678 s11] best=72799.30 (+592.78 vs bank) it=16 acc=16 *** BEATS BANK feas=True [6s]
[E-678 s11] best=72800.61 (+594.09 vs bank) it=57 acc=57 *** BEATS BANK feas=True [20s]
[E-678 s11] best=72802.83 (+596.31 vs bank) it=62 acc=62 *** BEATS BANK feas=True [21s]
[E-678 s11] best=72803.58 (+597.06 vs bank) it=63 acc=63 *** BEATS BANK feas=True [22s]
[E-678 s11] best=72804.18 (+597.66 vs bank) it=66 acc=66 *** BEATS BANK feas=True [22s]
[E-678 s11] best=72804.93 (+598.41 vs bank) it=73 acc=73 *** BEATS BANK feas=True [25s]
[E-678 s11] best=72805.08 (+598.56 vs bank) it=83 acc=83 *** BEATS BANK feas=True [28s]
[E-678 s11] it=100 cur=72805.08 best=72805.08 [33s]
[E-678 s11] best=72808.90 (+602.38 vs bank) it=145 acc=145 *** BEATS BANK feas=True [47s]
[E-678 s11] best=72809.50 (+602.98 vs bank) it=185 acc=185 *** BEATS BANK feas=True [60s]
[E-678 s11] best=72810.82 (+604.30 vs bank) it=186 acc=186 *** BEATS BANK feas=True [60s]
[E-678 s11] best=72811.27 (+604.75 vs bank) it=190 acc=190 *** BEATS BANK feas=True [62s]
[E-678 s11] best=72813.40 (+606.88 vs bank) it=194 acc=194 *** BEATS BANK feas=True [63s]
[E-678 s11] best=72813.94 (+607.42 vs bank) it=198 acc=198 *** BEATS BANK feas=True [65s]
[E-678 s11] it=200 cur=72813.94 best=72813.94 [66s]
[E-678 s11] best=72818.46 (+611.94 vs bank) it=272 acc=272 *** BEATS BANK feas=True [85s]
[E-678 s11] best=72818.55 (+612.03 vs bank) it=282 acc=282 *** BEATS BANK feas=True [88s]
[E-678 s11] best=72820.51 (+613.99 vs bank) it=283 acc=283 *** BEATS BANK feas=True [88s]
[E-678 s11] best=72823.88 (+617.36 vs bank) it=284 acc=284 *** BEATS BANK feas=True [88s]
[E-678 s11] best=72824.54 (+618.02 vs bank) it=286 acc=286 *** BEATS BANK feas=True [89s]
[E-678 s11] best=72828.56 (+622.04 vs bank) it=288 acc=288 *** BEATS BANK feas=True [90s]
[E-678 s11] best=72829.16 (+622.64 vs bank) it=297 acc=297 *** BEATS BANK feas=True [92s]
[E-678 s11] best=72829.66 (+623.14 vs bank) it=300 acc=300 *** BEATS BANK feas=True [92s]
[E-678 s11] it=300 cur=72829.66 best=72829.66 [92s]
[E-678 s11] best=72831.67 (+625.15 vs bank) it=385 acc=385 *** BEATS BANK feas=True [116s]
[E-678 s11] best=72832.22 (+625.70 vs bank) it=386 acc=386 *** BEATS BANK feas=True [117s]
[E-678 s11] it=400 cur=72832.22 best=72832.22 [121s]
[E-678 s11] best=72834.33 (+627.81 vs bank) it=416 acc=416 *** BEATS BANK feas=True [126s]
[E-678 s11] it=500 cur=72834.33 best=72834.33 [154s]
[E-678 s11] best=72835.26 (+628.74 vs bank) it=568 acc=568 *** BEATS BANK feas=True [175s]
[E-678 s11] best=72836.15 (+629.63 vs bank) it=582 acc=582 *** BEATS BANK feas=True [180s]
[E-678 s11] best=72836.48 (+629.96 vs bank) it=594 acc=594 *** BEATS BANK feas=True [183s]
[E-678 s11] it=600 cur=72836.48 best=72836.48 [185s]
[E-678 s11] best=72843.27 (+636.75 vs bank) it=611 acc=611 *** BEATS BANK feas=True [188s]
[E-678 s11] best=72844.48 (+637.96 vs bank) it=660 acc=660 *** BEATS BANK feas=True [203s]
[E-678 s11] best=72845.04 (+638.52 vs bank) it=667 acc=667 *** BEATS BANK feas=True [205s]
[E-678 s11] best=72845.78 (+639.26 vs bank) it=670 acc=670 *** BEATS BANK feas=True [205s]
[E-678 s11] it=700 cur=72845.78 best=72845.78 [215s]
[E-678 s11] best=72846.10 (+639.58 vs bank) it=754 acc=754 *** BEATS BANK feas=True [234s]
[E-678 s11] best=72847.41 (+640.89 vs bank) it=756 acc=756 *** BEATS BANK feas=True [234s]
[E-678 s11] best=72847.76 (+641.24 vs bank) it=771 acc=771 *** BEATS BANK feas=True [239s]
[E-678 s11] it=800 cur=72847.76 best=72847.76 [248s]
[E-678 s11] it=900 cur=72847.76 best=72847.76 [280s]
[E-678 s11] best=72848.28 (+641.76 vs bank) it=978 acc=978 *** BEATS BANK feas=True [308s]
[E-678 s11] it=1000 cur=72848.28 best=72848.28 [315s]
[E-678 s11] best=72848.43 (+641.91 vs bank) it=1049 acc=1049 *** BEATS BANK feas=True [331s]
[E-678 s11] best=72848.51 (+641.99 vs bank) it=1067 acc=1067 *** BEATS BANK feas=True [336s]
[E-678 s11] best=72851.17 (+644.65 vs bank) it=1080 acc=1080 *** BEATS BANK feas=True [339s]
[E-678 s11] best=72853.35 (+646.83 vs bank) it=1081 acc=1081 *** BEATS BANK feas=True [339s]
[E-678 s11] it=1100 cur=72853.35 best=72853.35 [346s]
[E-678 s11] best=72853.52 (+647.00 vs bank) it=1128 acc=1128 *** BEATS BANK feas=True [355s]
[E-678 s11] best=72853.65 (+647.13 vs bank) it=1131 acc=1131 *** BEATS BANK feas=True [356s]
[E-678 s11] best=72854.90 (+648.38 vs bank) it=1133 acc=1133 *** BEATS BANK feas=True [356s]
[E-678 s11] best=72855.12 (+648.60 vs bank) it=1138 acc=1138 *** BEATS BANK feas=True [358s]
[E-678 s11] best=72856.07 (+649.55 vs bank) it=1141 acc=1141 *** BEATS BANK feas=True [359s]
[E-678 s11] best=72856.33 (+649.81 vs bank) it=1148 acc=1148 *** BEATS BANK feas=True [362s]
[E-678 s11] best=72857.12 (+650.60 vs bank) it=1150 acc=1150 *** BEATS BANK feas=True [362s]
[E-678 s11] best=72858.66 (+652.14 vs bank) it=1154 acc=1154 *** BEATS BANK feas=True [364s]
[E-678 s11] best=72858.92 (+652.40 vs bank) it=1164 acc=1164 *** BEATS BANK feas=True [368s]
[E-678 s11] best=72859.08 (+652.56 vs bank) it=1168 acc=1168 *** BEATS BANK feas=True [369s]
[E-678 s11] best=72859.83 (+653.31 vs bank) it=1170 acc=1170 *** BEATS BANK feas=True [370s]
[E-678 s11] best=72860.76 (+654.24 vs bank) it=1189 acc=1189 *** BEATS BANK feas=True [376s]
[E-678 s11] it=1200 cur=72860.76 best=72860.76 [380s]
[E-678 s11] best=72862.52 (+656.00 vs bank) it=1223 acc=1223 *** BEATS BANK feas=True [388s]
[E-678 s11] best=72863.30 (+656.78 vs bank) it=1230 acc=1230 *** BEATS BANK feas=True [389s]
[E-678 s11] it=1300 cur=72863.30 best=72863.30 [411s]
[E-678 s11] best=72864.25 (+657.73 vs bank) it=1306 acc=1306 *** BEATS BANK feas=True [413s]
[E-678 s11] best=72864.39 (+657.87 vs bank) it=1326 acc=1326 *** BEATS BANK feas=True [419s]
[E-678 s11] best=72864.57 (+658.05 vs bank) it=1327 acc=1327 *** BEATS BANK feas=True [419s]
[E-678 s11] best=72864.71 (+658.19 vs bank) it=1329 acc=1329 *** BEATS BANK feas=True [420s]
[E-678 s11] best=72864.76 (+658.24 vs bank) it=1330 acc=1330 *** BEATS BANK feas=True [421s]
[E-678 s11] best=72867.05 (+660.53 vs bank) it=1335 acc=1335 *** BEATS BANK feas=True [422s]
[E-678 s11] best=72868.04 (+661.52 vs bank) it=1344 acc=1344 *** BEATS BANK feas=True [425s]
[E-678 s11] best=72869.57 (+663.05 vs bank) it=1363 acc=1363 *** BEATS BANK feas=True [431s]
[E-678 s11] it=1400 cur=72869.57 best=72869.57 [444s]
[E-678 s11] best=72870.14 (+663.62 vs bank) it=1435 acc=1435 *** BEATS BANK feas=True [454s]
[E-678 s11] best=72870.73 (+664.21 vs bank) it=1437 acc=1437 *** BEATS BANK feas=True [454s]
[E-678 s11] best=72870.84 (+664.32 vs bank) it=1438 acc=1438 *** BEATS BANK feas=True [455s]
[E-678 s11] best=72871.76 (+665.24 vs bank) it=1446 acc=1446 *** BEATS BANK feas=True [457s]
[E-678 s11] it=1500 cur=72871.76 best=72871.76 [473s]
[E-678 s11] best=72872.94 (+666.42 vs bank) it=1522 acc=1522 *** BEATS BANK feas=True [479s]
[E-678 s11] best=72873.62 (+667.10 vs bank) it=1526 acc=1526 *** BEATS BANK feas=True [481s]
[E-678 s11] it=1600 cur=72873.62 best=72873.62 [500s]
[E-678 s11] best=72874.13 (+667.61 vs bank) it=1617 acc=1617 *** BEATS BANK feas=True [505s]
[E-678 s11] best=72875.67 (+669.15 vs bank) it=1677 acc=1677 *** BEATS BANK feas=True [525s]
[E-678 s11] it=1700 cur=72875.67 best=72875.67 [533s]
[E-678 s11] best=72879.56 (+673.04 vs bank) it=1756 acc=1756 *** BEATS BANK feas=True [552s]
[E-678 s11] best=72879.67 (+673.15 vs bank) it=1759 acc=1759 *** BEATS BANK feas=True [553s]
[E-678 s11] best=72881.68 (+675.16 vs bank) it=1768 acc=1768 *** BEATS BANK feas=True [557s]
[E-678 s11] best=72882.45 (+675.93 vs bank) it=1771 acc=1771 *** BEATS BANK feas=True [558s]
[E-678 s11] best=72882.82 (+676.30 vs bank) it=1773 acc=1773 *** BEATS BANK feas=True [559s]
[E-678 s11] best=72883.80 (+677.28 vs bank) it=1780 acc=1780 *** BEATS BANK feas=True [561s]
[E-678 s11] it=1800 cur=72883.80 best=72883.80 [568s]
[E-678 s11] best=72885.75 (+679.23 vs bank) it=1819 acc=1819 *** BEATS BANK feas=True [575s]
[E-678 s11] best=72886.33 (+679.81 vs bank) it=1821 acc=1821 *** BEATS BANK feas=True [575s]
[E-678 s11] best=72886.56 (+680.04 vs bank) it=1840 acc=1840 *** BEATS BANK feas=True [582s]
[E-678 s11] best=72887.52 (+681.00 vs bank) it=1857 acc=1857 *** BEATS BANK feas=True [588s]
[E-678 s11] best=72888.12 (+681.60 vs bank) it=1863 acc=1863 *** BEATS BANK feas=True [590s]
[E-678 s11] best=72888.20 (+681.68 vs bank) it=1891 acc=1891 *** BEATS BANK feas=True [600s]
[E-678 s11] best=72888.25 (+681.73 vs bank) it=1895 acc=1895 *** BEATS BANK feas=True [602s]
[E-678 s11] best=72889.62 (+683.10 vs bank) it=1898 acc=1898 *** BEATS BANK feas=True [603s]
[E-678 s11] it=1900 cur=72889.62 best=72889.62 [603s]
[E-678 s11] best=72892.10 (+685.57 vs bank) it=1903 acc=1903 *** BEATS BANK feas=True [605s]
[E-678 s11] best=72892.69 (+686.17 vs bank) it=1908 acc=1908 *** BEATS BANK feas=True [606s]
[E-678 s11] best=72894.56 (+688.04 vs bank) it=1925 acc=1925 *** BEATS BANK feas=True [612s]
[E-678 s11] best=72895.47 (+688.95 vs bank) it=1938 acc=1938 *** BEATS BANK feas=True [615s]
[E-678 s11] best=72895.96 (+689.44 vs bank) it=1946 acc=1946 *** BEATS BANK feas=True [617s]
[E-678 s11] best=72896.10 (+689.58 vs bank) it=1991 acc=1991 *** BEATS BANK feas=True [631s]
[E-678 s11] it=2000 cur=72896.10 best=72896.10 [633s]
[E-678 s11] it=2100 cur=72896.10 best=72896.10 [662s]
[E-678 s11] it=2200 cur=72896.10 best=72896.10 [692s]
[E-678 s11] best=72898.73 (+692.21 vs bank) it=2203 acc=2203 *** BEATS BANK feas=True [693s]
[E-678 s11] it=2300 cur=72898.73 best=72898.73 [725s]
[E-678 s11] best=72898.91 (+692.39 vs bank) it=2394 acc=2394 *** BEATS BANK feas=True [750s]
[E-678 s11] it=2400 cur=72898.91 best=72898.91 [752s]
[E-678 s11] best=72899.27 (+692.75 vs bank) it=2440 acc=2440 *** BEATS BANK feas=True [763s]
[E-678 s11] best=72899.94 (+693.42 vs bank) it=2444 acc=2444 *** BEATS BANK feas=True [765s]
[E-678 s11] best=72900.77 (+694.25 vs bank) it=2482 acc=2482 *** BEATS BANK feas=True [775s]
[E-678 s11] it=2500 cur=72900.77 best=72900.77 [780s]
[E-678 s11] best=72900.89 (+694.37 vs bank) it=2515 acc=2515 *** BEATS BANK feas=True [784s]
[E-678 s11] best=72901.73 (+695.21 vs bank) it=2530 acc=2530 *** BEATS BANK feas=True [789s]
[E-678 s11] best=72901.94 (+695.42 vs bank) it=2545 acc=2545 *** BEATS BANK feas=True [793s]
[E-678 s11] best=72905.50 (+698.98 vs bank) it=2550 acc=2550 *** BEATS BANK feas=True [794s]
[E-678 s11] best=72906.84 (+700.32 vs bank) it=2556 acc=2556 *** BEATS BANK feas=True [796s]
[E-678 s11] best=72907.67 (+701.15 vs bank) it=2569 acc=2569 *** BEATS BANK feas=True [800s]
[E-678 s11] best=72909.45 (+702.93 vs bank) it=2576 acc=2576 *** BEATS BANK feas=True [802s]
[E-678 s11] best=72910.11 (+703.59 vs bank) it=2582 acc=2582 *** BEATS BANK feas=True [804s]
[E-678 s11] it=2600 cur=72910.11 best=72910.11 [811s]
[E-678 s11] best=72915.95 (+709.43 vs bank) it=2608 acc=2608 *** BEATS BANK feas=True [813s]
[E-678 s11] best=72916.39 (+709.87 vs bank) it=2616 acc=2616 *** BEATS BANK feas=True [815s]
[E-678 s11] best=72916.74 (+710.22 vs bank) it=2619 acc=2619 *** BEATS BANK feas=True [816s]
[E-678 s11] best=72917.25 (+710.73 vs bank) it=2622 acc=2622 *** BEATS BANK feas=True [817s]
[E-678 s11] best=72917.34 (+710.82 vs bank) it=2624 acc=2624 *** BEATS BANK feas=True [818s]
[E-678 s11] it=2700 cur=72917.34 best=72917.34 [839s]
[E-678 s11] it=2800 cur=72917.34 best=72917.34 [868s]
[E-678 s11] it=2900 cur=72917.34 best=72917.34 [900s]
[E-678 s11] it=3000 cur=72917.34 best=72917.34 [935s]
[E-678 s11] best=72917.43 (+710.91 vs bank) it=3013 acc=3013 *** BEATS BANK feas=True [939s]
[E-678 s11] best=72918.13 (+711.61 vs bank) it=3050 acc=3050 *** BEATS BANK feas=True [953s]
[E-678 s11] best=72918.28 (+711.76 vs bank) it=3053 acc=3053 *** BEATS BANK feas=True [954s]
[E-678 s11] best=72918.51 (+711.99 vs bank) it=3088 acc=3088 *** BEATS BANK feas=True [965s]
[E-678 s11] it=3100 cur=72918.51 best=72918.51 [969s]
[E-678 s11] it=3200 cur=72918.51 best=72918.51 [999s]
[E-678 s11] best=72919.93 (+713.41 vs bank) it=3257 acc=3257 *** BEATS BANK feas=True [1017s]
[E-678 s11] best=72920.41 (+713.89 vs bank) it=3260 acc=3260 *** BEATS BANK feas=True [1018s]
[E-678 s11] it=3300 cur=72920.41 best=72920.41 [1031s]
[E-678 s11] best=72921.31 (+714.79 vs bank) it=3367 acc=3367 *** BEATS BANK feas=True [1052s]
[E-678 s11] it=3400 cur=72921.31 best=72921.31 [1059s]
[E-678 s11] best=72921.41 (+714.89 vs bank) it=3443 acc=3443 *** BEATS BANK feas=True [1069s]
[E-678 s11] best=72921.57 (+715.05 vs bank) it=3445 acc=3445 *** BEATS BANK feas=True [1069s]
[E-678 s11] DONE best=72921.57 (+715.05 vs bank) [1083s]
