error    libmamba Could not set lock (Resource temporarily unavailable)
warning  libmamba Cannot lock '/home/julian/.cache/mamba/proc'
    Waiting for other mamba process to finish
[E-678 s3] LP-rounded start=69503.05 sel=8589 | bank=72206.52 leader=73714.03 | random-destroy 0.25
[E-678 s3] best=70276.17 (+-1930.35 vs bank) it=0 acc=0 [1s]
[E-678 s3] best=70675.33 (+-1531.19 vs bank) it=1 acc=1 [2s]
[E-678 s3] best=70912.87 (+-1293.65 vs bank) it=2 acc=2 [2s]
[E-678 s3] best=71045.50 (+-1161.02 vs bank) it=3 acc=3 [3s]
[E-678 s3] best=71158.94 (+-1047.58 vs bank) it=4 acc=4 [3s]
[E-678 s3] best=71279.59 (+-926.93 vs bank) it=5 acc=5 [4s]
[E-678 s3] best=71388.83 (+-817.69 vs bank) it=6 acc=6 [4s]
[E-678 s3] best=71422.82 (+-783.70 vs bank) it=7 acc=7 [5s]
[E-678 s3] best=71483.29 (+-723.23 vs bank) it=8 acc=8 [5s]
[E-678 s3] best=71577.55 (+-628.97 vs bank) it=9 acc=9 [5s]
[E-678 s3] best=71626.48 (+-580.04 vs bank) it=10 acc=10 [6s]
[E-678 s3] best=71662.11 (+-544.41 vs bank) it=11 acc=11 [6s]
[E-678 s3] best=71710.74 (+-495.78 vs bank) it=12 acc=12 [7s]
[E-678 s3] best=71741.77 (+-464.75 vs bank) it=13 acc=13 [7s]
[E-678 s3] best=71790.69 (+-415.83 vs bank) it=14 acc=14 [7s]
[E-678 s3] best=71834.46 (+-372.06 vs bank) it=15 acc=15 [8s]
[E-678 s3] best=71860.04 (+-346.48 vs bank) it=16 acc=16 [8s]
[E-678 s3] best=71892.08 (+-314.44 vs bank) it=17 acc=17 [9s]
[E-678 s3] best=71913.05 (+-293.47 vs bank) it=18 acc=18 [9s]
[E-678 s3] best=71937.43 (+-269.09 vs bank) it=19 acc=19 [10s]
[E-678 s3] best=71954.14 (+-252.38 vs bank) it=20 acc=20 [10s]
[E-678 s3] best=71986.02 (+-220.50 vs bank) it=21 acc=21 [10s]
[E-678 s3] best=71992.30 (+-214.22 vs bank) it=22 acc=22 [11s]
[E-678 s3] best=72006.14 (+-200.38 vs bank) it=23 acc=23 [11s]
[E-678 s3] best=72027.63 (+-178.89 vs bank) it=24 acc=24 [12s]
[E-678 s3] best=72047.26 (+-159.26 vs bank) it=25 acc=25 [12s]
[E-678 s3] best=72091.01 (+-115.51 vs bank) it=26 acc=26 [13s]
[E-678 s3] best=72105.68 (+-100.84 vs bank) it=27 acc=27 [13s]
[E-678 s3] best=72111.71 (+-94.81 vs bank) it=28 acc=28 [13s]
[E-678 s3] best=72123.45 (+-83.07 vs bank) it=29 acc=29 [14s]
[E-678 s3] best=72130.50 (+-76.02 vs bank) it=30 acc=30 [14s]
[E-678 s3] best=72144.64 (+-61.88 vs bank) it=31 acc=31 [14s]
[E-678 s3] best=72149.96 (+-56.56 vs bank) it=32 acc=32 [15s]
[E-678 s3] best=72158.29 (+-48.23 vs bank) it=33 acc=33 [15s]
[E-678 s3] best=72163.78 (+-42.74 vs bank) it=34 acc=34 [16s]
[E-678 s3] best=72189.07 (+-17.45 vs bank) it=35 acc=35 [16s]
[E-678 s3] best=72193.44 (+-13.08 vs bank) it=36 acc=36 [16s]
[E-678 s3] best=72207.50 (+0.98 vs bank) it=37 acc=37 *** BEATS BANK feas=True [17s]
[E-678 s3] best=72209.95 (+3.43 vs bank) it=38 acc=38 *** BEATS BANK feas=True [17s]
[E-678 s3] best=72212.40 (+5.88 vs bank) it=39 acc=39 *** BEATS BANK feas=True [18s]
[E-678 s3] best=72220.33 (+13.81 vs bank) it=40 acc=40 *** BEATS BANK feas=True [18s]
[E-678 s3] best=72229.44 (+22.92 vs bank) it=41 acc=41 *** BEATS BANK feas=True [19s]
[E-678 s3] best=72236.14 (+29.62 vs bank) it=42 acc=42 *** BEATS BANK feas=True [19s]
[E-678 s3] best=72239.52 (+33.00 vs bank) it=43 acc=43 *** BEATS BANK feas=True [19s]
[E-678 s3] best=72244.34 (+37.82 vs bank) it=44 acc=44 *** BEATS BANK feas=True [20s]
[E-678 s3] best=72255.28 (+48.76 vs bank) it=45 acc=45 *** BEATS BANK feas=True [20s]
[E-678 s3] best=72261.97 (+55.45 vs bank) it=46 acc=46 *** BEATS BANK feas=True [21s]
[E-678 s3] best=72265.11 (+58.59 vs bank) it=47 acc=47 *** BEATS BANK feas=True [21s]
[E-678 s3] best=72267.77 (+61.25 vs bank) it=48 acc=48 *** BEATS BANK feas=True [21s]
[E-678 s3] best=72272.30 (+65.78 vs bank) it=49 acc=49 *** BEATS BANK feas=True [22s]
[E-678 s3] best=72277.97 (+71.45 vs bank) it=51 acc=51 *** BEATS BANK feas=True [22s]
[E-678 s3] best=72281.38 (+74.86 vs bank) it=52 acc=52 *** BEATS BANK feas=True [23s]
[E-678 s3] best=72283.05 (+76.53 vs bank) it=53 acc=53 *** BEATS BANK feas=True [23s]
[E-678 s3] best=72284.92 (+78.40 vs bank) it=54 acc=54 *** BEATS BANK feas=True [24s]
[E-678 s3] best=72295.09 (+88.57 vs bank) it=55 acc=55 *** BEATS BANK feas=True [24s]
[E-678 s3] best=72298.71 (+92.19 vs bank) it=56 acc=56 *** BEATS BANK feas=True [24s]
[E-678 s3] best=72304.23 (+97.71 vs bank) it=57 acc=57 *** BEATS BANK feas=True [25s]
[E-678 s3] best=72307.19 (+100.67 vs bank) it=58 acc=58 *** BEATS BANK feas=True [25s]
[E-678 s3] best=72307.74 (+101.22 vs bank) it=59 acc=59 *** BEATS BANK feas=True [26s]
[E-678 s3] best=72310.67 (+104.15 vs bank) it=61 acc=61 *** BEATS BANK feas=True [27s]
[E-678 s3] best=72317.34 (+110.82 vs bank) it=62 acc=62 *** BEATS BANK feas=True [27s]
[E-678 s3] best=72317.98 (+111.46 vs bank) it=63 acc=63 *** BEATS BANK feas=True [28s]
[E-678 s3] best=72318.25 (+111.73 vs bank) it=64 acc=64 *** BEATS BANK feas=True [28s]
[E-678 s3] best=72319.82 (+113.29 vs bank) it=65 acc=65 *** BEATS BANK feas=True [28s]
[E-678 s3] best=72319.89 (+113.37 vs bank) it=67 acc=67 *** BEATS BANK feas=True [29s]
[E-678 s3] best=72325.96 (+119.44 vs bank) it=68 acc=68 *** BEATS BANK feas=True [29s]
[E-678 s3] best=72326.33 (+119.81 vs bank) it=69 acc=69 *** BEATS BANK feas=True [29s]
[E-678 s3] best=72334.98 (+128.46 vs bank) it=70 acc=70 *** BEATS BANK feas=True [30s]
[E-678 s3] best=72338.23 (+131.71 vs bank) it=71 acc=71 *** BEATS BANK feas=True [30s]
[E-678 s3] best=72342.45 (+135.93 vs bank) it=72 acc=72 *** BEATS BANK feas=True [31s]
[E-678 s3] best=72345.73 (+139.21 vs bank) it=73 acc=73 *** BEATS BANK feas=True [31s]
[E-678 s3] best=72346.47 (+139.95 vs bank) it=74 acc=74 *** BEATS BANK feas=True [31s]
[E-678 s3] best=72347.04 (+140.52 vs bank) it=75 acc=75 *** BEATS BANK feas=True [32s]
[E-678 s3] best=72350.62 (+144.10 vs bank) it=76 acc=76 *** BEATS BANK feas=True [32s]
[E-678 s3] best=72351.13 (+144.61 vs bank) it=77 acc=77 *** BEATS BANK feas=True [33s]
[E-678 s3] best=72355.59 (+149.07 vs bank) it=78 acc=78 *** BEATS BANK feas=True [33s]
[E-678 s3] best=72356.44 (+149.92 vs bank) it=79 acc=79 *** BEATS BANK feas=True [34s]
[E-678 s3] best=72359.37 (+152.85 vs bank) it=80 acc=80 *** BEATS BANK feas=True [34s]
[E-678 s3] best=72364.78 (+158.26 vs bank) it=81 acc=81 *** BEATS BANK feas=True [35s]
[E-678 s3] best=72366.74 (+160.22 vs bank) it=82 acc=82 *** BEATS BANK feas=True [35s]
[E-678 s3] best=72368.20 (+161.68 vs bank) it=83 acc=83 *** BEATS BANK feas=True [35s]
[E-678 s3] best=72368.48 (+161.96 vs bank) it=84 acc=84 *** BEATS BANK feas=True [36s]
[E-678 s3] best=72371.65 (+165.13 vs bank) it=85 acc=85 *** BEATS BANK feas=True [36s]
[E-678 s3] best=72376.08 (+169.56 vs bank) it=86 acc=86 *** BEATS BANK feas=True [37s]
[E-678 s3] best=72380.22 (+173.70 vs bank) it=87 acc=87 *** BEATS BANK feas=True [37s]
[E-678 s3] best=72382.31 (+175.79 vs bank) it=88 acc=88 *** BEATS BANK feas=True [38s]
[E-678 s3] best=72386.99 (+180.47 vs bank) it=89 acc=89 *** BEATS BANK feas=True [38s]
[E-678 s3] best=72388.42 (+181.90 vs bank) it=90 acc=90 *** BEATS BANK feas=True [39s]
[E-678 s3] best=72390.46 (+183.94 vs bank) it=91 acc=91 *** BEATS BANK feas=True [39s]
[E-678 s3] best=72394.43 (+187.91 vs bank) it=92 acc=92 *** BEATS BANK feas=True [40s]
[E-678 s3] best=72400.78 (+194.26 vs bank) it=93 acc=93 *** BEATS BANK feas=True [40s]
[E-678 s3] best=72405.05 (+198.53 vs bank) it=94 acc=94 *** BEATS BANK feas=True [41s]
[E-678 s3] best=72408.51 (+201.99 vs bank) it=95 acc=95 *** BEATS BANK feas=True [41s]
[E-678 s3] best=72409.58 (+203.06 vs bank) it=96 acc=96 *** BEATS BANK feas=True [41s]
[E-678 s3] best=72411.07 (+204.55 vs bank) it=97 acc=97 *** BEATS BANK feas=True [42s]
[E-678 s3] best=72415.52 (+209.00 vs bank) it=98 acc=98 *** BEATS BANK feas=True [42s]
[E-678 s3] best=72422.92 (+216.40 vs bank) it=99 acc=99 *** BEATS BANK feas=True [42s]
[E-678 s3] best=72423.33 (+216.81 vs bank) it=100 acc=100 *** BEATS BANK feas=True [43s]
[E-678 s3] it=100 cur=72423.33 best=72423.33 [43s]
[E-678 s3] best=72427.62 (+221.10 vs bank) it=102 acc=102 *** BEATS BANK feas=True [43s]
[E-678 s3] best=72434.34 (+227.82 vs bank) it=105 acc=105 *** BEATS BANK feas=True [45s]
[E-678 s3] best=72438.36 (+231.84 vs bank) it=106 acc=106 *** BEATS BANK feas=True [45s]
[E-678 s3] best=72439.30 (+232.78 vs bank) it=107 acc=107 *** BEATS BANK feas=True [45s]
[E-678 s3] best=72441.56 (+235.04 vs bank) it=108 acc=108 *** BEATS BANK feas=True [46s]
[E-678 s3] best=72441.76 (+235.24 vs bank) it=109 acc=109 *** BEATS BANK feas=True [46s]
[E-678 s3] best=72443.59 (+237.07 vs bank) it=111 acc=111 *** BEATS BANK feas=True [47s]
[E-678 s3] best=72443.91 (+237.39 vs bank) it=113 acc=113 *** BEATS BANK feas=True [48s]
[E-678 s3] best=72445.52 (+239.00 vs bank) it=114 acc=114 *** BEATS BANK feas=True [48s]
[E-678 s3] best=72445.73 (+239.21 vs bank) it=115 acc=115 *** BEATS BANK feas=True [49s]
[E-678 s3] best=72445.99 (+239.47 vs bank) it=116 acc=116 *** BEATS BANK feas=True [49s]
[E-678 s3] best=72446.29 (+239.77 vs bank) it=117 acc=117 *** BEATS BANK feas=True [49s]
[E-678 s3] best=72450.46 (+243.94 vs bank) it=118 acc=118 *** BEATS BANK feas=True [49s]
[E-678 s3] best=72452.75 (+246.23 vs bank) it=119 acc=119 *** BEATS BANK feas=True [50s]
[E-678 s3] best=72453.22 (+246.70 vs bank) it=120 acc=120 *** BEATS BANK feas=True [50s]
[E-678 s3] best=72455.21 (+248.69 vs bank) it=121 acc=121 *** BEATS BANK feas=True [50s]
[E-678 s3] best=72455.26 (+248.74 vs bank) it=122 acc=122 *** BEATS BANK feas=True [51s]
[E-678 s3] best=72458.68 (+252.16 vs bank) it=123 acc=123 *** BEATS BANK feas=True [51s]
[E-678 s3] best=72459.06 (+252.54 vs bank) it=124 acc=124 *** BEATS BANK feas=True [52s]
[E-678 s3] best=72459.32 (+252.80 vs bank) it=127 acc=127 *** BEATS BANK feas=True [53s]
[E-678 s3] best=72460.92 (+254.40 vs bank) it=129 acc=129 *** BEATS BANK feas=True [54s]
[E-678 s3] best=72462.18 (+255.66 vs bank) it=130 acc=130 *** BEATS BANK feas=True [54s]
[E-678 s3] best=72469.48 (+262.96 vs bank) it=131 acc=131 *** BEATS BANK feas=True [54s]
[E-678 s3] best=72470.68 (+264.16 vs bank) it=132 acc=132 *** BEATS BANK feas=True [55s]
[E-678 s3] best=72473.64 (+267.12 vs bank) it=133 acc=133 *** BEATS BANK feas=True [55s]
[E-678 s3] best=72475.22 (+268.70 vs bank) it=136 acc=136 *** BEATS BANK feas=True [56s]
[E-678 s3] best=72475.63 (+269.11 vs bank) it=137 acc=137 *** BEATS BANK feas=True [57s]
[E-678 s3] best=72476.46 (+269.94 vs bank) it=139 acc=139 *** BEATS BANK feas=True [57s]
[E-678 s3] best=72480.38 (+273.86 vs bank) it=140 acc=140 *** BEATS BANK feas=True [58s]
[E-678 s3] best=72480.72 (+274.20 vs bank) it=141 acc=141 *** BEATS BANK feas=True [58s]
[E-678 s3] best=72481.67 (+275.15 vs bank) it=142 acc=142 *** BEATS BANK feas=True [58s]
[E-678 s3] best=72482.12 (+275.60 vs bank) it=146 acc=146 *** BEATS BANK feas=True [60s]
[E-678 s3] best=72486.50 (+279.98 vs bank) it=149 acc=149 *** BEATS BANK feas=True [60s]
[E-678 s3] best=72490.61 (+284.09 vs bank) it=150 acc=150 *** BEATS BANK feas=True [61s]
[E-678 s3] best=72491.67 (+285.15 vs bank) it=152 acc=152 *** BEATS BANK feas=True [62s]
[E-678 s3] best=72499.29 (+292.76 vs bank) it=153 acc=153 *** BEATS BANK feas=True [62s]
[E-678 s3] best=72499.99 (+293.46 vs bank) it=154 acc=154 *** BEATS BANK feas=True [62s]
[E-678 s3] best=72503.75 (+297.23 vs bank) it=155 acc=155 *** BEATS BANK feas=True [63s]
[E-678 s3] best=72504.08 (+297.56 vs bank) it=156 acc=156 *** BEATS BANK feas=True [63s]
[E-678 s3] best=72505.39 (+298.87 vs bank) it=157 acc=157 *** BEATS BANK feas=True [63s]
[E-678 s3] best=72507.48 (+300.96 vs bank) it=158 acc=158 *** BEATS BANK feas=True [64s]
[E-678 s3] best=72508.47 (+301.95 vs bank) it=160 acc=160 *** BEATS BANK feas=True [65s]
[E-678 s3] best=72508.76 (+302.24 vs bank) it=161 acc=161 *** BEATS BANK feas=True [65s]
[E-678 s3] best=72510.30 (+303.78 vs bank) it=162 acc=162 *** BEATS BANK feas=True [66s]
[E-678 s3] best=72511.99 (+305.47 vs bank) it=163 acc=163 *** BEATS BANK feas=True [66s]
[E-678 s3] best=72515.29 (+308.77 vs bank) it=165 acc=165 *** BEATS BANK feas=True [67s]
[E-678 s3] best=72517.44 (+310.92 vs bank) it=166 acc=166 *** BEATS BANK feas=True [67s]
[E-678 s3] best=72520.10 (+313.57 vs bank) it=169 acc=169 *** BEATS BANK feas=True [68s]
[E-678 s3] best=72521.28 (+314.76 vs bank) it=170 acc=170 *** BEATS BANK feas=True [68s]
[E-678 s3] best=72524.42 (+317.90 vs bank) it=172 acc=172 *** BEATS BANK feas=True [69s]
[E-678 s3] best=72524.72 (+318.20 vs bank) it=176 acc=176 *** BEATS BANK feas=True [70s]
[E-678 s3] best=72525.93 (+319.41 vs bank) it=178 acc=178 *** BEATS BANK feas=True [71s]
[E-678 s3] best=72526.22 (+319.70 vs bank) it=179 acc=179 *** BEATS BANK feas=True [72s]
[E-678 s3] best=72526.32 (+319.80 vs bank) it=180 acc=180 *** BEATS BANK feas=True [72s]
[E-678 s3] best=72528.26 (+321.74 vs bank) it=181 acc=181 *** BEATS BANK feas=True [72s]
[E-678 s3] best=72530.28 (+323.76 vs bank) it=188 acc=188 *** BEATS BANK feas=True [75s]
[E-678 s3] best=72532.92 (+326.40 vs bank) it=191 acc=191 *** BEATS BANK feas=True [76s]
[E-678 s3] best=72535.04 (+328.52 vs bank) it=194 acc=194 *** BEATS BANK feas=True [77s]
[E-678 s3] best=72536.19 (+329.67 vs bank) it=196 acc=196 *** BEATS BANK feas=True [78s]
[E-678 s3] best=72538.51 (+331.99 vs bank) it=197 acc=197 *** BEATS BANK feas=True [79s]
[E-678 s3] it=200 cur=72538.51 best=72538.51 [79s]
[E-678 s3] best=72539.39 (+332.87 vs bank) it=203 acc=203 *** BEATS BANK feas=True [80s]
[E-678 s3] best=72542.85 (+336.33 vs bank) it=204 acc=204 *** BEATS BANK feas=True [81s]
[E-678 s3] best=72545.36 (+338.84 vs bank) it=206 acc=206 *** BEATS BANK feas=True [82s]
[E-678 s3] best=72545.76 (+339.24 vs bank) it=207 acc=207 *** BEATS BANK feas=True [82s]
[E-678 s3] best=72545.83 (+339.31 vs bank) it=213 acc=213 *** BEATS BANK feas=True [84s]
[E-678 s3] best=72546.97 (+340.45 vs bank) it=214 acc=214 *** BEATS BANK feas=True [85s]
[E-678 s3] best=72549.85 (+343.33 vs bank) it=218 acc=218 *** BEATS BANK feas=True [86s]
[E-678 s3] best=72551.45 (+344.93 vs bank) it=221 acc=221 *** BEATS BANK feas=True [87s]
[E-678 s3] best=72552.76 (+346.24 vs bank) it=222 acc=222 *** BEATS BANK feas=True [88s]
[E-678 s3] best=72554.26 (+347.74 vs bank) it=223 acc=223 *** BEATS BANK feas=True [88s]
[E-678 s3] best=72555.35 (+348.83 vs bank) it=226 acc=226 *** BEATS BANK feas=True [89s]
[E-678 s3] best=72563.88 (+357.36 vs bank) it=232 acc=232 *** BEATS BANK feas=True [91s]
[E-678 s3] best=72566.22 (+359.70 vs bank) it=233 acc=233 *** BEATS BANK feas=True [91s]
[E-678 s3] best=72566.56 (+360.04 vs bank) it=237 acc=237 *** BEATS BANK feas=True [92s]
[E-678 s3] best=72566.89 (+360.37 vs bank) it=247 acc=247 *** BEATS BANK feas=True [96s]
[E-678 s3] best=72567.01 (+360.49 vs bank) it=250 acc=250 *** BEATS BANK feas=True [97s]
[E-678 s3] best=72569.42 (+362.90 vs bank) it=256 acc=256 *** BEATS BANK feas=True [99s]
[E-678 s3] best=72571.15 (+364.63 vs bank) it=259 acc=259 *** BEATS BANK feas=True [100s]
[E-678 s3] best=72572.15 (+365.63 vs bank) it=262 acc=262 *** BEATS BANK feas=True [101s]
[E-678 s3] best=72572.38 (+365.85 vs bank) it=265 acc=265 *** BEATS BANK feas=True [102s]
[E-678 s3] best=72572.65 (+366.13 vs bank) it=272 acc=272 *** BEATS BANK feas=True [105s]
[E-678 s3] best=72578.85 (+372.33 vs bank) it=275 acc=275 *** BEATS BANK feas=True [106s]
[E-678 s3] best=72579.38 (+372.86 vs bank) it=277 acc=277 *** BEATS BANK feas=True [107s]
[E-678 s3] best=72581.30 (+374.78 vs bank) it=279 acc=279 *** BEATS BANK feas=True [107s]
[E-678 s3] best=72583.26 (+376.74 vs bank) it=282 acc=282 *** BEATS BANK feas=True [109s]
[E-678 s3] best=72583.68 (+377.16 vs bank) it=283 acc=283 *** BEATS BANK feas=True [109s]
[E-678 s3] best=72583.71 (+377.19 vs bank) it=286 acc=286 *** BEATS BANK feas=True [110s]
[E-678 s3] best=72584.51 (+377.99 vs bank) it=288 acc=288 *** BEATS BANK feas=True [111s]
[E-678 s3] best=72585.73 (+379.21 vs bank) it=289 acc=289 *** BEATS BANK feas=True [111s]
[E-678 s3] best=72586.56 (+380.04 vs bank) it=291 acc=291 *** BEATS BANK feas=True [112s]
[E-678 s3] best=72589.88 (+383.36 vs bank) it=292 acc=292 *** BEATS BANK feas=True [112s]
[E-678 s3] best=72590.17 (+383.65 vs bank) it=294 acc=294 *** BEATS BANK feas=True [113s]
[E-678 s3] best=72591.30 (+384.78 vs bank) it=299 acc=299 *** BEATS BANK feas=True [115s]
[E-678 s3] best=72594.49 (+387.97 vs bank) it=300 acc=300 *** BEATS BANK feas=True [115s]
[E-678 s3] it=300 cur=72594.49 best=72594.49 [115s]
[E-678 s3] best=72599.27 (+392.75 vs bank) it=301 acc=301 *** BEATS BANK feas=True [116s]
[E-678 s3] best=72599.91 (+393.39 vs bank) it=304 acc=304 *** BEATS BANK feas=True [117s]
[E-678 s3] best=72600.12 (+393.60 vs bank) it=305 acc=305 *** BEATS BANK feas=True [117s]
[E-678 s3] best=72601.50 (+394.98 vs bank) it=306 acc=306 *** BEATS BANK feas=True [118s]
[E-678 s3] best=72603.71 (+397.18 vs bank) it=307 acc=307 *** BEATS BANK feas=True [118s]
[E-678 s3] best=72605.11 (+398.59 vs bank) it=310 acc=310 *** BEATS BANK feas=True [120s]
[E-678 s3] best=72608.48 (+401.96 vs bank) it=311 acc=311 *** BEATS BANK feas=True [120s]
[E-678 s3] best=72610.15 (+403.63 vs bank) it=313 acc=313 *** BEATS BANK feas=True [121s]
[E-678 s3] best=72612.75 (+406.23 vs bank) it=314 acc=314 *** BEATS BANK feas=True [121s]
[E-678 s3] best=72615.25 (+408.73 vs bank) it=316 acc=316 *** BEATS BANK feas=True [122s]
[E-678 s3] best=72616.57 (+410.05 vs bank) it=319 acc=319 *** BEATS BANK feas=True [123s]
[E-678 s3] best=72618.58 (+412.06 vs bank) it=323 acc=323 *** BEATS BANK feas=True [124s]
[E-678 s3] best=72621.19 (+414.67 vs bank) it=328 acc=328 *** BEATS BANK feas=True [126s]
[E-678 s3] best=72622.51 (+415.99 vs bank) it=329 acc=329 *** BEATS BANK feas=True [126s]
[E-678 s3] best=72624.09 (+417.57 vs bank) it=338 acc=338 *** BEATS BANK feas=True [130s]
[E-678 s3] best=72625.65 (+419.13 vs bank) it=341 acc=341 *** BEATS BANK feas=True [130s]
[E-678 s3] best=72630.38 (+423.86 vs bank) it=343 acc=343 *** BEATS BANK feas=True [131s]
[E-678 s3] best=72631.50 (+424.98 vs bank) it=345 acc=345 *** BEATS BANK feas=True [132s]
[E-678 s3] best=72633.41 (+426.89 vs bank) it=346 acc=346 *** BEATS BANK feas=True [132s]
[E-678 s3] best=72636.57 (+430.05 vs bank) it=350 acc=350 *** BEATS BANK feas=True [133s]
[E-678 s3] best=72637.24 (+430.72 vs bank) it=354 acc=354 *** BEATS BANK feas=True [134s]
[E-678 s3] best=72637.83 (+431.31 vs bank) it=355 acc=355 *** BEATS BANK feas=True [134s]
[E-678 s3] best=72639.11 (+432.59 vs bank) it=357 acc=357 *** BEATS BANK feas=True [135s]
[E-678 s3] best=72641.71 (+435.19 vs bank) it=359 acc=359 *** BEATS BANK feas=True [136s]
[E-678 s3] best=72643.28 (+436.76 vs bank) it=360 acc=360 *** BEATS BANK feas=True [136s]
[E-678 s3] best=72643.40 (+436.88 vs bank) it=361 acc=361 *** BEATS BANK feas=True [137s]
[E-678 s3] best=72645.80 (+439.28 vs bank) it=362 acc=362 *** BEATS BANK feas=True [137s]
[E-678 s3] best=72646.22 (+439.70 vs bank) it=363 acc=363 *** BEATS BANK feas=True [138s]
[E-678 s3] best=72646.72 (+440.20 vs bank) it=365 acc=365 *** BEATS BANK feas=True [139s]
[E-678 s3] best=72647.04 (+440.51 vs bank) it=366 acc=366 *** BEATS BANK feas=True [139s]
[E-678 s3] best=72647.44 (+440.92 vs bank) it=367 acc=367 *** BEATS BANK feas=True [140s]
[E-678 s3] best=72648.99 (+442.47 vs bank) it=368 acc=368 *** BEATS BANK feas=True [140s]
[E-678 s3] best=72649.18 (+442.66 vs bank) it=372 acc=372 *** BEATS BANK feas=True [141s]
[E-678 s3] best=72649.67 (+443.15 vs bank) it=373 acc=373 *** BEATS BANK feas=True [141s]
[E-678 s3] best=72650.78 (+444.26 vs bank) it=374 acc=374 *** BEATS BANK feas=True [142s]
[E-678 s3] best=72651.06 (+444.54 vs bank) it=376 acc=376 *** BEATS BANK feas=True [142s]
[E-678 s3] best=72652.97 (+446.45 vs bank) it=378 acc=378 *** BEATS BANK feas=True [143s]
[E-678 s3] best=72653.73 (+447.21 vs bank) it=379 acc=379 *** BEATS BANK feas=True [143s]
[E-678 s3] best=72655.11 (+448.59 vs bank) it=380 acc=380 *** BEATS BANK feas=True [144s]
[E-678 s3] best=72655.79 (+449.27 vs bank) it=381 acc=381 *** BEATS BANK feas=True [144s]
[E-678 s3] best=72657.17 (+450.65 vs bank) it=384 acc=384 *** BEATS BANK feas=True [145s]
[E-678 s3] best=72658.86 (+452.34 vs bank) it=385 acc=385 *** BEATS BANK feas=True [146s]
[E-678 s3] best=72660.49 (+453.97 vs bank) it=386 acc=386 *** BEATS BANK feas=True [146s]
[E-678 s3] best=72660.75 (+454.23 vs bank) it=391 acc=391 *** BEATS BANK feas=True [148s]
[E-678 s3] best=72661.98 (+455.46 vs bank) it=393 acc=393 *** BEATS BANK feas=True [148s]
[E-678 s3] it=400 cur=72661.98 best=72661.98 [151s]
[E-678 s3] best=72662.35 (+455.83 vs bank) it=401 acc=401 *** BEATS BANK feas=True [151s]
[E-678 s3] best=72662.74 (+456.22 vs bank) it=402 acc=402 *** BEATS BANK feas=True [152s]
[E-678 s3] best=72662.90 (+456.38 vs bank) it=403 acc=403 *** BEATS BANK feas=True [152s]
[E-678 s3] best=72663.39 (+456.87 vs bank) it=404 acc=404 *** BEATS BANK feas=True [153s]
[E-678 s3] best=72663.51 (+456.99 vs bank) it=407 acc=407 *** BEATS BANK feas=True [154s]
[E-678 s3] best=72663.84 (+457.32 vs bank) it=408 acc=408 *** BEATS BANK feas=True [154s]
[E-678 s3] best=72665.04 (+458.52 vs bank) it=409 acc=409 *** BEATS BANK feas=True [154s]
[E-678 s3] best=72667.21 (+460.69 vs bank) it=410 acc=410 *** BEATS BANK feas=True [155s]
[E-678 s3] best=72667.62 (+461.10 vs bank) it=412 acc=412 *** BEATS BANK feas=True [155s]
[E-678 s3] best=72668.94 (+462.42 vs bank) it=413 acc=413 *** BEATS BANK feas=True [155s]
[E-678 s3] best=72669.56 (+463.04 vs bank) it=415 acc=415 *** BEATS BANK feas=True [156s]
[E-678 s3] best=72672.87 (+466.35 vs bank) it=416 acc=416 *** BEATS BANK feas=True [156s]
[E-678 s3] best=72673.66 (+467.14 vs bank) it=420 acc=420 *** BEATS BANK feas=True [158s]
[E-678 s3] best=72675.69 (+469.17 vs bank) it=423 acc=423 *** BEATS BANK feas=True [159s]
[E-678 s3] best=72677.67 (+471.15 vs bank) it=426 acc=426 *** BEATS BANK feas=True [160s]
[E-678 s3] best=72678.99 (+472.47 vs bank) it=429 acc=429 *** BEATS BANK feas=True [161s]
[E-678 s3] best=72679.03 (+472.51 vs bank) it=431 acc=431 *** BEATS BANK feas=True [161s]
[E-678 s3] best=72682.26 (+475.74 vs bank) it=433 acc=433 *** BEATS BANK feas=True [162s]
[E-678 s3] best=72683.69 (+477.17 vs bank) it=436 acc=436 *** BEATS BANK feas=True [163s]
[E-678 s3] best=72684.69 (+478.17 vs bank) it=446 acc=446 *** BEATS BANK feas=True [166s]
[E-678 s3] best=72686.95 (+480.43 vs bank) it=448 acc=448 *** BEATS BANK feas=True [167s]
[E-678 s3] best=72688.36 (+481.84 vs bank) it=453 acc=453 *** BEATS BANK feas=True [169s]
[E-678 s3] best=72689.91 (+483.39 vs bank) it=458 acc=458 *** BEATS BANK feas=True [171s]
[E-678 s3] best=72690.11 (+483.59 vs bank) it=478 acc=478 *** BEATS BANK feas=True [178s]
[E-678 s3] best=72690.80 (+484.28 vs bank) it=481 acc=481 *** BEATS BANK feas=True [179s]
[E-678 s3] best=72691.08 (+484.56 vs bank) it=483 acc=483 *** BEATS BANK feas=True [180s]
[E-678 s3] best=72692.09 (+485.57 vs bank) it=487 acc=487 *** BEATS BANK feas=True [182s]
[E-678 s3] best=72692.76 (+486.24 vs bank) it=492 acc=492 *** BEATS BANK feas=True [183s]
[E-678 s3] it=500 cur=72692.76 best=72692.76 [186s]
[E-678 s3] best=72693.31 (+486.79 vs bank) it=501 acc=501 *** BEATS BANK feas=True [187s]
[E-678 s3] best=72693.65 (+487.13 vs bank) it=504 acc=504 *** BEATS BANK feas=True [187s]
[E-678 s3] best=72693.85 (+487.33 vs bank) it=508 acc=508 *** BEATS BANK feas=True [189s]
[E-678 s3] best=72694.62 (+488.10 vs bank) it=509 acc=509 *** BEATS BANK feas=True [189s]
[E-678 s3] best=72694.77 (+488.25 vs bank) it=515 acc=515 *** BEATS BANK feas=True [191s]
[E-678 s3] best=72695.25 (+488.73 vs bank) it=519 acc=519 *** BEATS BANK feas=True [193s]
[E-678 s3] best=72697.82 (+491.30 vs bank) it=520 acc=520 *** BEATS BANK feas=True [193s]
[E-678 s3] best=72697.96 (+491.43 vs bank) it=521 acc=521 *** BEATS BANK feas=True [194s]
[E-678 s3] best=72698.86 (+492.34 vs bank) it=525 acc=525 *** BEATS BANK feas=True [195s]
[E-678 s3] best=72702.01 (+495.49 vs bank) it=526 acc=526 *** BEATS BANK feas=True [196s]
[E-678 s3] best=72702.63 (+496.11 vs bank) it=528 acc=528 *** BEATS BANK feas=True [196s]
[E-678 s3] best=72703.19 (+496.67 vs bank) it=553 acc=553 *** BEATS BANK feas=True [203s]
[E-678 s3] best=72703.49 (+496.97 vs bank) it=556 acc=556 *** BEATS BANK feas=True [204s]
[E-678 s3] best=72704.00 (+497.48 vs bank) it=559 acc=559 *** BEATS BANK feas=True [205s]
[E-678 s3] best=72704.28 (+497.76 vs bank) it=566 acc=566 *** BEATS BANK feas=True [208s]
[E-678 s3] best=72705.14 (+498.62 vs bank) it=567 acc=567 *** BEATS BANK feas=True [208s]
[E-678 s3] best=72705.46 (+498.94 vs bank) it=568 acc=568 *** BEATS BANK feas=True [208s]
[E-678 s3] best=72707.56 (+501.04 vs bank) it=581 acc=581 *** BEATS BANK feas=True [213s]
[E-678 s3] best=72708.69 (+502.17 vs bank) it=583 acc=583 *** BEATS BANK feas=True [214s]
[E-678 s3] best=72709.07 (+502.55 vs bank) it=584 acc=584 *** BEATS BANK feas=True [214s]
[E-678 s3] best=72711.70 (+505.18 vs bank) it=587 acc=587 *** BEATS BANK feas=True [216s]
[E-678 s3] best=72711.84 (+505.32 vs bank) it=588 acc=588 *** BEATS BANK feas=True [216s]
[E-678 s3] best=72715.27 (+508.75 vs bank) it=592 acc=592 *** BEATS BANK feas=True [218s]
[E-678 s3] best=72716.41 (+509.89 vs bank) it=593 acc=593 *** BEATS BANK feas=True [218s]
[E-678 s3] best=72716.68 (+510.16 vs bank) it=597 acc=597 *** BEATS BANK feas=True [219s]
[E-678 s3] it=600 cur=72716.68 best=72716.68 [221s]
[E-678 s3] best=72717.07 (+510.55 vs bank) it=624 acc=624 *** BEATS BANK feas=True [229s]
[E-678 s3] best=72717.29 (+510.77 vs bank) it=626 acc=626 *** BEATS BANK feas=True [230s]
[E-678 s3] best=72719.81 (+513.29 vs bank) it=628 acc=628 *** BEATS BANK feas=True [230s]
[E-678 s3] best=72720.79 (+514.27 vs bank) it=632 acc=632 *** BEATS BANK feas=True [232s]
[E-678 s3] best=72721.72 (+515.20 vs bank) it=637 acc=637 *** BEATS BANK feas=True [234s]
[E-678 s3] best=72722.21 (+515.69 vs bank) it=639 acc=639 *** BEATS BANK feas=True [234s]
[E-678 s3] best=72724.64 (+518.12 vs bank) it=648 acc=648 *** BEATS BANK feas=True [237s]
[E-678 s3] best=72726.80 (+520.28 vs bank) it=658 acc=658 *** BEATS BANK feas=True [241s]
[E-678 s3] it=700 cur=72726.80 best=72726.80 [254s]
[E-678 s3] best=72726.82 (+520.30 vs bank) it=709 acc=709 *** BEATS BANK feas=True [257s]
[E-678 s3] best=72730.89 (+524.37 vs bank) it=710 acc=710 *** BEATS BANK feas=True [257s]
[E-678 s3] best=72734.65 (+528.13 vs bank) it=729 acc=729 *** BEATS BANK feas=True [264s]
[E-678 s3] best=72737.45 (+530.93 vs bank) it=730 acc=730 *** BEATS BANK feas=True [265s]
[E-678 s3] best=72737.71 (+531.19 vs bank) it=734 acc=734 *** BEATS BANK feas=True [266s]
[E-678 s3] best=72740.24 (+533.72 vs bank) it=735 acc=735 *** BEATS BANK feas=True [266s]
[E-678 s3] best=72740.72 (+534.20 vs bank) it=752 acc=752 *** BEATS BANK feas=True [272s]
[E-678 s3] best=72743.44 (+536.92 vs bank) it=758 acc=758 *** BEATS BANK feas=True [274s]
[E-678 s3] best=72744.17 (+537.65 vs bank) it=779 acc=779 *** BEATS BANK feas=True [281s]
[E-678 s3] best=72744.79 (+538.26 vs bank) it=788 acc=788 *** BEATS BANK feas=True [284s]
[E-678 s3] it=800 cur=72744.79 best=72744.79 [287s]
[E-678 s3] best=72745.10 (+538.58 vs bank) it=804 acc=804 *** BEATS BANK feas=True [288s]
[E-678 s3] best=72745.40 (+538.88 vs bank) it=813 acc=813 *** BEATS BANK feas=True [290s]
[E-678 s3] best=72747.29 (+540.77 vs bank) it=814 acc=814 *** BEATS BANK feas=True [290s]
[E-678 s3] best=72748.65 (+542.13 vs bank) it=815 acc=815 *** BEATS BANK feas=True [290s]
[E-678 s3] best=72749.42 (+542.90 vs bank) it=822 acc=822 *** BEATS BANK feas=True [293s]
[E-678 s3] best=72750.01 (+543.49 vs bank) it=824 acc=824 *** BEATS BANK feas=True [294s]
[E-678 s3] best=72753.23 (+546.71 vs bank) it=827 acc=827 *** BEATS BANK feas=True [295s]
[E-678 s3] best=72753.33 (+546.81 vs bank) it=867 acc=867 *** BEATS BANK feas=True [305s]
[E-678 s3] best=72755.06 (+548.54 vs bank) it=884 acc=884 *** BEATS BANK feas=True [311s]
[E-678 s3] it=900 cur=72755.06 best=72755.06 [317s]
[E-678 s3] best=72755.88 (+549.36 vs bank) it=907 acc=907 *** BEATS BANK feas=True [320s]
[E-678 s3] best=72756.21 (+549.69 vs bank) it=933 acc=933 *** BEATS BANK feas=True [330s]
[E-678 s3] best=72757.83 (+551.31 vs bank) it=935 acc=935 *** BEATS BANK feas=True [330s]
[E-678 s3] best=72758.00 (+551.48 vs bank) it=949 acc=949 *** BEATS BANK feas=True [334s]
[E-678 s3] best=72758.97 (+552.45 vs bank) it=951 acc=951 *** BEATS BANK feas=True [335s]
[E-678 s3] best=72760.82 (+554.30 vs bank) it=1000 acc=1000 *** BEATS BANK feas=True [352s]
[E-678 s3] it=1000 cur=72760.82 best=72760.82 [352s]
[E-678 s3] best=72760.90 (+554.38 vs bank) it=1027 acc=1027 *** BEATS BANK feas=True [361s]
[E-678 s3] best=72762.17 (+555.65 vs bank) it=1036 acc=1036 *** BEATS BANK feas=True [364s]
[E-678 s3] best=72763.67 (+557.15 vs bank) it=1039 acc=1039 *** BEATS BANK feas=True [365s]
[E-678 s3] best=72764.70 (+558.18 vs bank) it=1042 acc=1042 *** BEATS BANK feas=True [366s]
[E-678 s3] best=72764.91 (+558.39 vs bank) it=1057 acc=1057 *** BEATS BANK feas=True [371s]
[E-678 s3] best=72765.42 (+558.90 vs bank) it=1059 acc=1059 *** BEATS BANK feas=True [372s]
[E-678 s3] best=72768.14 (+561.62 vs bank) it=1060 acc=1060 *** BEATS BANK feas=True [372s]
[E-678 s3] best=72769.39 (+562.87 vs bank) it=1061 acc=1061 *** BEATS BANK feas=True [373s]
[E-678 s3] best=72771.00 (+564.48 vs bank) it=1066 acc=1066 *** BEATS BANK feas=True [375s]
[E-678 s3] best=72771.49 (+564.97 vs bank) it=1075 acc=1075 *** BEATS BANK feas=True [377s]
[E-678 s3] best=72772.96 (+566.44 vs bank) it=1081 acc=1081 *** BEATS BANK feas=True [379s]
[E-678 s3] best=72773.73 (+567.21 vs bank) it=1082 acc=1082 *** BEATS BANK feas=True [379s]
[E-678 s3] best=72774.06 (+567.54 vs bank) it=1083 acc=1083 *** BEATS BANK feas=True [380s]
[E-678 s3] it=1100 cur=72774.06 best=72774.06 [386s]
[E-678 s3] best=72774.42 (+567.90 vs bank) it=1109 acc=1109 *** BEATS BANK feas=True [389s]
[E-678 s3] best=72776.00 (+569.48 vs bank) it=1123 acc=1123 *** BEATS BANK feas=True [394s]
[E-678 s3] best=72776.12 (+569.60 vs bank) it=1157 acc=1157 *** BEATS BANK feas=True [406s]
[E-678 s3] best=72776.61 (+570.09 vs bank) it=1162 acc=1162 *** BEATS BANK feas=True [407s]
[E-678 s3] best=72776.73 (+570.21 vs bank) it=1169 acc=1169 *** BEATS BANK feas=True [409s]
[E-678 s3] best=72776.80 (+570.28 vs bank) it=1190 acc=1190 *** BEATS BANK feas=True [417s]
[E-678 s3] it=1200 cur=72776.80 best=72776.80 [420s]
[E-678 s3] best=72777.10 (+570.58 vs bank) it=1202 acc=1202 *** BEATS BANK feas=True [421s]
[E-678 s3] best=72778.46 (+571.94 vs bank) it=1208 acc=1208 *** BEATS BANK feas=True [424s]
[E-678 s3] best=72778.82 (+572.29 vs bank) it=1217 acc=1217 *** BEATS BANK feas=True [427s]
[E-678 s3] best=72778.89 (+572.37 vs bank) it=1224 acc=1224 *** BEATS BANK feas=True [429s]
[E-678 s3] best=72779.73 (+573.21 vs bank) it=1225 acc=1225 *** BEATS BANK feas=True [429s]
[E-678 s3] best=72779.94 (+573.42 vs bank) it=1226 acc=1226 *** BEATS BANK feas=True [430s]
[E-678 s3] best=72781.62 (+575.10 vs bank) it=1233 acc=1233 *** BEATS BANK feas=True [432s]
[E-678 s3] best=72782.15 (+575.63 vs bank) it=1235 acc=1235 *** BEATS BANK feas=True [432s]
[E-678 s3] it=1300 cur=72782.15 best=72782.15 [455s]
[E-678 s3] best=72782.34 (+575.82 vs bank) it=1376 acc=1376 *** BEATS BANK feas=True [481s]
[E-678 s3] it=1400 cur=72782.34 best=72782.34 [489s]
[E-678 s3] best=72782.51 (+575.99 vs bank) it=1424 acc=1424 *** BEATS BANK feas=True [496s]
[E-678 s3] best=72784.92 (+578.40 vs bank) it=1465 acc=1465 *** BEATS BANK feas=True [510s]
[E-678 s3] it=1500 cur=72784.92 best=72784.92 [522s]
[E-678 s3] best=72785.15 (+578.63 vs bank) it=1539 acc=1539 *** BEATS BANK feas=True [535s]
[E-678 s3] best=72785.50 (+578.98 vs bank) it=1566 acc=1566 *** BEATS BANK feas=True [544s]
[E-678 s3] best=72789.30 (+582.78 vs bank) it=1570 acc=1570 *** BEATS BANK feas=True [545s]
[E-678 s3] it=1600 cur=72789.30 best=72789.30 [554s]
[E-678 s3] best=72789.40 (+582.88 vs bank) it=1615 acc=1615 *** BEATS BANK feas=True [559s]
[E-678 s3] best=72790.29 (+583.77 vs bank) it=1618 acc=1618 *** BEATS BANK feas=True [561s]
[E-678 s3] it=1700 cur=72790.29 best=72790.29 [588s]
[E-678 s3] best=72791.39 (+584.87 vs bank) it=1730 acc=1730 *** BEATS BANK feas=True [597s]
[E-678 s3] best=72791.93 (+585.41 vs bank) it=1780 acc=1780 *** BEATS BANK feas=True [615s]
[E-678 s3] DONE best=72791.93 (+585.41 vs bank) [620s]
