error    libmamba Could not set lock (Resource temporarily unavailable)
warning  libmamba Cannot lock '/home/julian/.cache/mamba/proc'
    Waiting for other mamba process to finish
[E-678 s2] LP-rounded start=69503.05 sel=8589 | bank=72206.52 leader=73714.03 | random-destroy 0.25
[E-678 s2] best=70313.76 (+-1892.76 vs bank) it=0 acc=0 [1s]
[E-678 s2] best=70732.22 (+-1474.30 vs bank) it=1 acc=1 [1s]
[E-678 s2] best=70975.74 (+-1230.78 vs bank) it=2 acc=2 [2s]
[E-678 s2] best=71157.12 (+-1049.40 vs bank) it=3 acc=3 [2s]
[E-678 s2] best=71284.61 (+-921.91 vs bank) it=4 acc=4 [3s]
[E-678 s2] best=71390.67 (+-815.85 vs bank) it=5 acc=5 [4s]
[E-678 s2] best=71485.30 (+-721.22 vs bank) it=6 acc=6 [4s]
[E-678 s2] best=71527.76 (+-678.76 vs bank) it=7 acc=7 [5s]
[E-678 s2] best=71586.08 (+-620.44 vs bank) it=8 acc=8 [5s]
[E-678 s2] best=71621.11 (+-585.41 vs bank) it=9 acc=9 [5s]
[E-678 s2] best=71677.91 (+-528.61 vs bank) it=10 acc=10 [6s]
[E-678 s2] best=71697.20 (+-509.32 vs bank) it=11 acc=11 [6s]
[E-678 s2] best=71728.02 (+-478.50 vs bank) it=12 acc=12 [7s]
[E-678 s2] best=71762.74 (+-443.78 vs bank) it=13 acc=13 [7s]
[E-678 s2] best=71780.40 (+-426.12 vs bank) it=14 acc=14 [8s]
[E-678 s2] best=71805.95 (+-400.57 vs bank) it=15 acc=15 [8s]
[E-678 s2] best=71844.35 (+-362.17 vs bank) it=16 acc=16 [9s]
[E-678 s2] best=71880.46 (+-326.06 vs bank) it=17 acc=17 [9s]
[E-678 s2] best=71918.90 (+-287.62 vs bank) it=18 acc=18 [9s]
[E-678 s2] best=71944.35 (+-262.17 vs bank) it=19 acc=19 [10s]
[E-678 s2] best=71963.58 (+-242.94 vs bank) it=20 acc=20 [10s]
[E-678 s2] best=71992.21 (+-214.31 vs bank) it=21 acc=21 [11s]
[E-678 s2] best=72008.77 (+-197.75 vs bank) it=22 acc=22 [11s]
[E-678 s2] best=72025.71 (+-180.81 vs bank) it=23 acc=23 [11s]
[E-678 s2] best=72028.81 (+-177.71 vs bank) it=24 acc=24 [12s]
[E-678 s2] best=72044.05 (+-162.47 vs bank) it=25 acc=25 [12s]
[E-678 s2] best=72057.59 (+-148.93 vs bank) it=26 acc=26 [13s]
[E-678 s2] best=72063.46 (+-143.06 vs bank) it=27 acc=27 [13s]
[E-678 s2] best=72076.53 (+-129.99 vs bank) it=28 acc=28 [13s]
[E-678 s2] best=72088.28 (+-118.24 vs bank) it=29 acc=29 [14s]
[E-678 s2] best=72095.50 (+-111.02 vs bank) it=30 acc=30 [14s]
[E-678 s2] best=72106.72 (+-99.80 vs bank) it=31 acc=31 [15s]
[E-678 s2] best=72128.06 (+-78.46 vs bank) it=32 acc=32 [15s]
[E-678 s2] best=72134.56 (+-71.96 vs bank) it=33 acc=33 [16s]
[E-678 s2] best=72146.83 (+-59.69 vs bank) it=34 acc=34 [16s]
[E-678 s2] best=72153.01 (+-53.51 vs bank) it=35 acc=35 [16s]
[E-678 s2] best=72159.27 (+-47.25 vs bank) it=36 acc=36 [17s]
[E-678 s2] best=72162.16 (+-44.36 vs bank) it=37 acc=37 [17s]
[E-678 s2] best=72171.54 (+-34.98 vs bank) it=38 acc=38 [17s]
[E-678 s2] best=72180.47 (+-26.05 vs bank) it=39 acc=39 [18s]
[E-678 s2] best=72187.29 (+-19.23 vs bank) it=40 acc=40 [18s]
[E-678 s2] best=72195.91 (+-10.61 vs bank) it=41 acc=41 [19s]
[E-678 s2] best=72197.07 (+-9.45 vs bank) it=42 acc=42 [19s]
[E-678 s2] best=72203.32 (+-3.20 vs bank) it=43 acc=43 [19s]
[E-678 s2] best=72216.51 (+9.99 vs bank) it=44 acc=44 *** BEATS BANK feas=True [20s]
[E-678 s2] best=72229.45 (+22.93 vs bank) it=45 acc=45 *** BEATS BANK feas=True [20s]
[E-678 s2] best=72232.38 (+25.86 vs bank) it=46 acc=46 *** BEATS BANK feas=True [21s]
[E-678 s2] best=72234.85 (+28.33 vs bank) it=47 acc=47 *** BEATS BANK feas=True [21s]
[E-678 s2] best=72236.93 (+30.41 vs bank) it=48 acc=48 *** BEATS BANK feas=True [22s]
[E-678 s2] best=72240.95 (+34.43 vs bank) it=49 acc=49 *** BEATS BANK feas=True [22s]
[E-678 s2] best=72245.38 (+38.86 vs bank) it=50 acc=50 *** BEATS BANK feas=True [22s]
[E-678 s2] best=72247.85 (+41.33 vs bank) it=51 acc=51 *** BEATS BANK feas=True [23s]
[E-678 s2] best=72254.94 (+48.42 vs bank) it=52 acc=52 *** BEATS BANK feas=True [23s]
[E-678 s2] best=72264.07 (+57.55 vs bank) it=53 acc=53 *** BEATS BANK feas=True [23s]
[E-678 s2] best=72264.67 (+58.15 vs bank) it=54 acc=54 *** BEATS BANK feas=True [24s]
[E-678 s2] best=72271.05 (+64.53 vs bank) it=55 acc=55 *** BEATS BANK feas=True [24s]
[E-678 s2] best=72278.57 (+72.05 vs bank) it=56 acc=56 *** BEATS BANK feas=True [25s]
[E-678 s2] best=72283.74 (+77.22 vs bank) it=57 acc=57 *** BEATS BANK feas=True [25s]
[E-678 s2] best=72287.50 (+80.98 vs bank) it=58 acc=58 *** BEATS BANK feas=True [25s]
[E-678 s2] best=72288.18 (+81.66 vs bank) it=59 acc=59 *** BEATS BANK feas=True [26s]
[E-678 s2] best=72290.07 (+83.55 vs bank) it=60 acc=60 *** BEATS BANK feas=True [26s]
[E-678 s2] best=72290.30 (+83.78 vs bank) it=61 acc=61 *** BEATS BANK feas=True [26s]
[E-678 s2] best=72295.38 (+88.86 vs bank) it=62 acc=62 *** BEATS BANK feas=True [27s]
[E-678 s2] best=72304.19 (+97.67 vs bank) it=63 acc=63 *** BEATS BANK feas=True [27s]
[E-678 s2] best=72307.77 (+101.25 vs bank) it=65 acc=65 *** BEATS BANK feas=True [28s]
[E-678 s2] best=72312.57 (+106.05 vs bank) it=67 acc=67 *** BEATS BANK feas=True [29s]
[E-678 s2] best=72313.32 (+106.80 vs bank) it=68 acc=68 *** BEATS BANK feas=True [29s]
[E-678 s2] best=72316.24 (+109.72 vs bank) it=69 acc=69 *** BEATS BANK feas=True [30s]
[E-678 s2] best=72319.23 (+112.71 vs bank) it=70 acc=70 *** BEATS BANK feas=True [30s]
[E-678 s2] best=72320.60 (+114.08 vs bank) it=71 acc=71 *** BEATS BANK feas=True [30s]
[E-678 s2] best=72321.30 (+114.78 vs bank) it=72 acc=72 *** BEATS BANK feas=True [31s]
[E-678 s2] best=72328.08 (+121.56 vs bank) it=73 acc=73 *** BEATS BANK feas=True [31s]
[E-678 s2] best=72329.85 (+123.33 vs bank) it=74 acc=74 *** BEATS BANK feas=True [32s]
[E-678 s2] best=72335.52 (+129.00 vs bank) it=75 acc=75 *** BEATS BANK feas=True [32s]
[E-678 s2] best=72345.91 (+139.39 vs bank) it=76 acc=76 *** BEATS BANK feas=True [33s]
[E-678 s2] best=72348.62 (+142.10 vs bank) it=77 acc=77 *** BEATS BANK feas=True [33s]
[E-678 s2] best=72349.42 (+142.90 vs bank) it=78 acc=78 *** BEATS BANK feas=True [34s]
[E-678 s2] best=72351.74 (+145.22 vs bank) it=79 acc=79 *** BEATS BANK feas=True [34s]
[E-678 s2] best=72353.05 (+146.53 vs bank) it=80 acc=80 *** BEATS BANK feas=True [35s]
[E-678 s2] best=72354.07 (+147.55 vs bank) it=82 acc=82 *** BEATS BANK feas=True [36s]
[E-678 s2] best=72361.24 (+154.72 vs bank) it=83 acc=83 *** BEATS BANK feas=True [36s]
[E-678 s2] best=72365.00 (+158.48 vs bank) it=84 acc=84 *** BEATS BANK feas=True [36s]
[E-678 s2] best=72367.00 (+160.48 vs bank) it=85 acc=85 *** BEATS BANK feas=True [37s]
[E-678 s2] best=72367.14 (+160.62 vs bank) it=87 acc=87 *** BEATS BANK feas=True [37s]
[E-678 s2] best=72373.40 (+166.88 vs bank) it=88 acc=88 *** BEATS BANK feas=True [37s]
[E-678 s2] best=72375.39 (+168.87 vs bank) it=89 acc=89 *** BEATS BANK feas=True [38s]
[E-678 s2] best=72376.83 (+170.31 vs bank) it=90 acc=90 *** BEATS BANK feas=True [38s]
[E-678 s2] best=72377.51 (+170.99 vs bank) it=91 acc=91 *** BEATS BANK feas=True [38s]
[E-678 s2] best=72379.07 (+172.55 vs bank) it=92 acc=92 *** BEATS BANK feas=True [39s]
[E-678 s2] best=72379.30 (+172.78 vs bank) it=93 acc=93 *** BEATS BANK feas=True [39s]
[E-678 s2] best=72380.30 (+173.78 vs bank) it=94 acc=94 *** BEATS BANK feas=True [39s]
[E-678 s2] best=72382.82 (+176.30 vs bank) it=95 acc=95 *** BEATS BANK feas=True [40s]
[E-678 s2] best=72384.89 (+178.37 vs bank) it=97 acc=97 *** BEATS BANK feas=True [41s]
[E-678 s2] best=72385.71 (+179.19 vs bank) it=98 acc=98 *** BEATS BANK feas=True [41s]
[E-678 s2] best=72386.38 (+179.86 vs bank) it=99 acc=99 *** BEATS BANK feas=True [42s]
[E-678 s2] best=72387.36 (+180.84 vs bank) it=100 acc=100 *** BEATS BANK feas=True [42s]
[E-678 s2] it=100 cur=72387.36 best=72387.36 [42s]
[E-678 s2] best=72393.55 (+187.03 vs bank) it=101 acc=101 *** BEATS BANK feas=True [42s]
[E-678 s2] best=72393.79 (+187.27 vs bank) it=102 acc=102 *** BEATS BANK feas=True [42s]
[E-678 s2] best=72394.38 (+187.86 vs bank) it=103 acc=103 *** BEATS BANK feas=True [43s]
[E-678 s2] best=72398.23 (+191.71 vs bank) it=104 acc=104 *** BEATS BANK feas=True [43s]
[E-678 s2] best=72402.85 (+196.33 vs bank) it=105 acc=105 *** BEATS BANK feas=True [43s]
[E-678 s2] best=72406.89 (+200.37 vs bank) it=106 acc=106 *** BEATS BANK feas=True [44s]
[E-678 s2] best=72411.08 (+204.56 vs bank) it=107 acc=107 *** BEATS BANK feas=True [44s]
[E-678 s2] best=72412.94 (+206.42 vs bank) it=108 acc=108 *** BEATS BANK feas=True [45s]
[E-678 s2] best=72416.29 (+209.77 vs bank) it=109 acc=109 *** BEATS BANK feas=True [45s]
[E-678 s2] best=72416.83 (+210.31 vs bank) it=110 acc=110 *** BEATS BANK feas=True [45s]
[E-678 s2] best=72419.81 (+213.29 vs bank) it=111 acc=111 *** BEATS BANK feas=True [46s]
[E-678 s2] best=72423.11 (+216.59 vs bank) it=112 acc=112 *** BEATS BANK feas=True [46s]
[E-678 s2] best=72424.45 (+217.93 vs bank) it=113 acc=113 *** BEATS BANK feas=True [47s]
[E-678 s2] best=72425.10 (+218.58 vs bank) it=115 acc=115 *** BEATS BANK feas=True [48s]
[E-678 s2] best=72428.37 (+221.85 vs bank) it=117 acc=117 *** BEATS BANK feas=True [48s]
[E-678 s2] best=72428.53 (+222.01 vs bank) it=118 acc=118 *** BEATS BANK feas=True [49s]
[E-678 s2] best=72429.85 (+223.33 vs bank) it=119 acc=119 *** BEATS BANK feas=True [49s]
[E-678 s2] best=72431.58 (+225.06 vs bank) it=120 acc=120 *** BEATS BANK feas=True [50s]
[E-678 s2] best=72432.65 (+226.13 vs bank) it=122 acc=122 *** BEATS BANK feas=True [50s]
[E-678 s2] best=72434.14 (+227.62 vs bank) it=123 acc=123 *** BEATS BANK feas=True [51s]
[E-678 s2] best=72435.73 (+229.21 vs bank) it=124 acc=124 *** BEATS BANK feas=True [51s]
[E-678 s2] best=72436.22 (+229.70 vs bank) it=125 acc=125 *** BEATS BANK feas=True [52s]
[E-678 s2] best=72436.26 (+229.74 vs bank) it=126 acc=126 *** BEATS BANK feas=True [52s]
[E-678 s2] best=72436.29 (+229.77 vs bank) it=127 acc=127 *** BEATS BANK feas=True [53s]
[E-678 s2] best=72437.13 (+230.61 vs bank) it=131 acc=131 *** BEATS BANK feas=True [54s]
[E-678 s2] best=72437.36 (+230.84 vs bank) it=132 acc=132 *** BEATS BANK feas=True [55s]
[E-678 s2] best=72437.74 (+231.22 vs bank) it=133 acc=133 *** BEATS BANK feas=True [55s]
[E-678 s2] best=72440.96 (+234.44 vs bank) it=135 acc=135 *** BEATS BANK feas=True [56s]
[E-678 s2] best=72444.01 (+237.49 vs bank) it=136 acc=136 *** BEATS BANK feas=True [57s]
[E-678 s2] best=72445.53 (+239.01 vs bank) it=137 acc=137 *** BEATS BANK feas=True [57s]
[E-678 s2] best=72445.90 (+239.38 vs bank) it=138 acc=138 *** BEATS BANK feas=True [57s]
[E-678 s2] best=72448.86 (+242.34 vs bank) it=140 acc=140 *** BEATS BANK feas=True [58s]
[E-678 s2] best=72451.52 (+245.00 vs bank) it=144 acc=144 *** BEATS BANK feas=True [60s]
[E-678 s2] best=72451.84 (+245.32 vs bank) it=149 acc=149 *** BEATS BANK feas=True [61s]
[E-678 s2] best=72456.78 (+250.26 vs bank) it=150 acc=150 *** BEATS BANK feas=True [62s]
[E-678 s2] best=72457.78 (+251.26 vs bank) it=151 acc=151 *** BEATS BANK feas=True [62s]
[E-678 s2] best=72461.63 (+255.11 vs bank) it=152 acc=152 *** BEATS BANK feas=True [63s]
[E-678 s2] best=72463.13 (+256.61 vs bank) it=153 acc=153 *** BEATS BANK feas=True [63s]
[E-678 s2] best=72465.29 (+258.77 vs bank) it=155 acc=155 *** BEATS BANK feas=True [64s]
[E-678 s2] best=72467.14 (+260.62 vs bank) it=157 acc=157 *** BEATS BANK feas=True [65s]
[E-678 s2] best=72469.00 (+262.48 vs bank) it=158 acc=158 *** BEATS BANK feas=True [65s]
[E-678 s2] best=72469.64 (+263.12 vs bank) it=159 acc=159 *** BEATS BANK feas=True [66s]
[E-678 s2] best=72473.91 (+267.39 vs bank) it=161 acc=161 *** BEATS BANK feas=True [66s]
[E-678 s2] best=72476.83 (+270.31 vs bank) it=162 acc=162 *** BEATS BANK feas=True [67s]
[E-678 s2] best=72478.90 (+272.38 vs bank) it=164 acc=164 *** BEATS BANK feas=True [68s]
[E-678 s2] best=72481.54 (+275.02 vs bank) it=165 acc=165 *** BEATS BANK feas=True [68s]
[E-678 s2] best=72482.21 (+275.69 vs bank) it=166 acc=166 *** BEATS BANK feas=True [69s]
[E-678 s2] best=72483.59 (+277.07 vs bank) it=167 acc=167 *** BEATS BANK feas=True [69s]
[E-678 s2] best=72488.10 (+281.58 vs bank) it=168 acc=168 *** BEATS BANK feas=True [69s]
[E-678 s2] best=72488.27 (+281.75 vs bank) it=169 acc=169 *** BEATS BANK feas=True [70s]
[E-678 s2] best=72489.78 (+283.26 vs bank) it=170 acc=170 *** BEATS BANK feas=True [70s]
[E-678 s2] best=72492.00 (+285.48 vs bank) it=173 acc=173 *** BEATS BANK feas=True [71s]
[E-678 s2] best=72493.11 (+286.59 vs bank) it=175 acc=175 *** BEATS BANK feas=True [71s]
[E-678 s2] best=72495.89 (+289.37 vs bank) it=177 acc=177 *** BEATS BANK feas=True [72s]
[E-678 s2] best=72496.62 (+290.10 vs bank) it=178 acc=178 *** BEATS BANK feas=True [72s]
[E-678 s2] best=72500.02 (+293.50 vs bank) it=180 acc=180 *** BEATS BANK feas=True [73s]
[E-678 s2] best=72502.98 (+296.46 vs bank) it=181 acc=181 *** BEATS BANK feas=True [73s]
[E-678 s2] best=72506.09 (+299.57 vs bank) it=182 acc=182 *** BEATS BANK feas=True [74s]
[E-678 s2] best=72508.08 (+301.56 vs bank) it=183 acc=183 *** BEATS BANK feas=True [74s]
[E-678 s2] best=72511.52 (+305.00 vs bank) it=184 acc=184 *** BEATS BANK feas=True [75s]
[E-678 s2] best=72513.17 (+306.65 vs bank) it=185 acc=185 *** BEATS BANK feas=True [75s]
[E-678 s2] best=72514.29 (+307.77 vs bank) it=186 acc=186 *** BEATS BANK feas=True [76s]
[E-678 s2] best=72515.58 (+309.06 vs bank) it=187 acc=187 *** BEATS BANK feas=True [76s]
[E-678 s2] best=72516.47 (+309.95 vs bank) it=188 acc=188 *** BEATS BANK feas=True [76s]
[E-678 s2] best=72519.83 (+313.31 vs bank) it=191 acc=191 *** BEATS BANK feas=True [78s]
[E-678 s2] best=72523.68 (+317.16 vs bank) it=193 acc=193 *** BEATS BANK feas=True [78s]
[E-678 s2] best=72527.08 (+320.56 vs bank) it=195 acc=195 *** BEATS BANK feas=True [79s]
[E-678 s2] best=72527.10 (+320.58 vs bank) it=196 acc=196 *** BEATS BANK feas=True [80s]
[E-678 s2] best=72530.30 (+323.78 vs bank) it=197 acc=197 *** BEATS BANK feas=True [80s]
[E-678 s2] best=72531.82 (+325.30 vs bank) it=198 acc=198 *** BEATS BANK feas=True [81s]
[E-678 s2] best=72534.18 (+327.66 vs bank) it=200 acc=200 *** BEATS BANK feas=True [82s]
[E-678 s2] it=200 cur=72534.18 best=72534.18 [82s]
[E-678 s2] best=72535.28 (+328.76 vs bank) it=202 acc=202 *** BEATS BANK feas=True [82s]
[E-678 s2] best=72535.54 (+329.02 vs bank) it=203 acc=203 *** BEATS BANK feas=True [83s]
[E-678 s2] best=72535.55 (+329.03 vs bank) it=205 acc=205 *** BEATS BANK feas=True [84s]
[E-678 s2] best=72536.84 (+330.32 vs bank) it=207 acc=207 *** BEATS BANK feas=True [84s]
[E-678 s2] best=72541.40 (+334.88 vs bank) it=208 acc=208 *** BEATS BANK feas=True [85s]
[E-678 s2] best=72542.88 (+336.36 vs bank) it=210 acc=210 *** BEATS BANK feas=True [86s]
[E-678 s2] best=72543.88 (+337.36 vs bank) it=211 acc=211 *** BEATS BANK feas=True [86s]
[E-678 s2] best=72547.80 (+341.28 vs bank) it=212 acc=212 *** BEATS BANK feas=True [87s]
[E-678 s2] best=72547.81 (+341.29 vs bank) it=213 acc=213 *** BEATS BANK feas=True [87s]
[E-678 s2] best=72550.12 (+343.60 vs bank) it=214 acc=214 *** BEATS BANK feas=True [88s]
[E-678 s2] best=72551.24 (+344.72 vs bank) it=215 acc=215 *** BEATS BANK feas=True [88s]
[E-678 s2] best=72551.36 (+344.84 vs bank) it=216 acc=216 *** BEATS BANK feas=True [88s]
[E-678 s2] best=72561.15 (+354.63 vs bank) it=217 acc=217 *** BEATS BANK feas=True [89s]
[E-678 s2] best=72561.90 (+355.38 vs bank) it=218 acc=218 *** BEATS BANK feas=True [89s]
[E-678 s2] best=72562.99 (+356.47 vs bank) it=219 acc=219 *** BEATS BANK feas=True [89s]
[E-678 s2] best=72563.25 (+356.73 vs bank) it=220 acc=220 *** BEATS BANK feas=True [90s]
[E-678 s2] best=72563.75 (+357.23 vs bank) it=222 acc=222 *** BEATS BANK feas=True [91s]
[E-678 s2] best=72565.21 (+358.69 vs bank) it=223 acc=223 *** BEATS BANK feas=True [91s]
[E-678 s2] best=72571.75 (+365.23 vs bank) it=227 acc=227 *** BEATS BANK feas=True [92s]
[E-678 s2] best=72571.84 (+365.32 vs bank) it=229 acc=229 *** BEATS BANK feas=True [93s]
[E-678 s2] best=72573.45 (+366.93 vs bank) it=231 acc=231 *** BEATS BANK feas=True [94s]
[E-678 s2] best=72574.28 (+367.76 vs bank) it=237 acc=237 *** BEATS BANK feas=True [96s]
[E-678 s2] best=72575.68 (+369.16 vs bank) it=240 acc=240 *** BEATS BANK feas=True [97s]
[E-678 s2] best=72576.12 (+369.60 vs bank) it=241 acc=241 *** BEATS BANK feas=True [98s]
[E-678 s2] best=72580.08 (+373.56 vs bank) it=242 acc=242 *** BEATS BANK feas=True [98s]
[E-678 s2] best=72582.99 (+376.47 vs bank) it=243 acc=243 *** BEATS BANK feas=True [99s]
[E-678 s2] best=72587.55 (+381.03 vs bank) it=244 acc=244 *** BEATS BANK feas=True [99s]
[E-678 s2] best=72590.42 (+383.90 vs bank) it=245 acc=245 *** BEATS BANK feas=True [99s]
[E-678 s2] best=72590.56 (+384.04 vs bank) it=247 acc=247 *** BEATS BANK feas=True [100s]
[E-678 s2] best=72591.12 (+384.60 vs bank) it=248 acc=248 *** BEATS BANK feas=True [101s]
[E-678 s2] best=72592.93 (+386.41 vs bank) it=251 acc=251 *** BEATS BANK feas=True [102s]
[E-678 s2] best=72594.86 (+388.34 vs bank) it=253 acc=253 *** BEATS BANK feas=True [103s]
[E-678 s2] best=72596.73 (+390.21 vs bank) it=255 acc=255 *** BEATS BANK feas=True [104s]
[E-678 s2] best=72598.10 (+391.58 vs bank) it=257 acc=257 *** BEATS BANK feas=True [104s]
[E-678 s2] best=72601.43 (+394.91 vs bank) it=259 acc=259 *** BEATS BANK feas=True [105s]
[E-678 s2] best=72602.04 (+395.52 vs bank) it=260 acc=260 *** BEATS BANK feas=True [106s]
[E-678 s2] best=72602.75 (+396.23 vs bank) it=270 acc=270 *** BEATS BANK feas=True [110s]
[E-678 s2] best=72603.05 (+396.53 vs bank) it=271 acc=271 *** BEATS BANK feas=True [110s]
[E-678 s2] best=72603.93 (+397.41 vs bank) it=275 acc=275 *** BEATS BANK feas=True [111s]
[E-678 s2] best=72604.24 (+397.72 vs bank) it=277 acc=277 *** BEATS BANK feas=True [112s]
[E-678 s2] best=72605.38 (+398.86 vs bank) it=279 acc=279 *** BEATS BANK feas=True [112s]
[E-678 s2] best=72612.23 (+405.71 vs bank) it=280 acc=280 *** BEATS BANK feas=True [113s]
[E-678 s2] best=72613.06 (+406.54 vs bank) it=287 acc=287 *** BEATS BANK feas=True [115s]
[E-678 s2] best=72616.84 (+410.32 vs bank) it=288 acc=288 *** BEATS BANK feas=True [116s]
[E-678 s2] best=72620.74 (+414.22 vs bank) it=292 acc=292 *** BEATS BANK feas=True [118s]
[E-678 s2] best=72621.77 (+415.25 vs bank) it=296 acc=296 *** BEATS BANK feas=True [119s]
[E-678 s2] best=72621.98 (+415.46 vs bank) it=297 acc=297 *** BEATS BANK feas=True [119s]
[E-678 s2] best=72624.11 (+417.59 vs bank) it=300 acc=300 *** BEATS BANK feas=True [121s]
[E-678 s2] it=300 cur=72624.11 best=72624.11 [121s]
[E-678 s2] best=72625.99 (+419.46 vs bank) it=302 acc=302 *** BEATS BANK feas=True [121s]
[E-678 s2] best=72632.38 (+425.86 vs bank) it=304 acc=304 *** BEATS BANK feas=True [122s]
[E-678 s2] best=72634.55 (+428.03 vs bank) it=307 acc=307 *** BEATS BANK feas=True [123s]
[E-678 s2] best=72637.03 (+430.51 vs bank) it=309 acc=309 *** BEATS BANK feas=True [124s]
[E-678 s2] best=72637.30 (+430.78 vs bank) it=314 acc=314 *** BEATS BANK feas=True [125s]
[E-678 s2] best=72638.26 (+431.74 vs bank) it=315 acc=315 *** BEATS BANK feas=True [126s]
[E-678 s2] best=72641.26 (+434.74 vs bank) it=317 acc=317 *** BEATS BANK feas=True [126s]
[E-678 s2] best=72642.63 (+436.11 vs bank) it=323 acc=323 *** BEATS BANK feas=True [129s]
[E-678 s2] best=72643.60 (+437.08 vs bank) it=324 acc=324 *** BEATS BANK feas=True [129s]
[E-678 s2] best=72647.69 (+441.17 vs bank) it=326 acc=326 *** BEATS BANK feas=True [130s]
[E-678 s2] best=72653.50 (+446.98 vs bank) it=327 acc=327 *** BEATS BANK feas=True [130s]
[E-678 s2] best=72655.37 (+448.85 vs bank) it=328 acc=328 *** BEATS BANK feas=True [131s]
[E-678 s2] best=72662.96 (+456.44 vs bank) it=333 acc=333 *** BEATS BANK feas=True [133s]
[E-678 s2] best=72663.35 (+456.83 vs bank) it=334 acc=334 *** BEATS BANK feas=True [133s]
[E-678 s2] best=72664.94 (+458.42 vs bank) it=335 acc=335 *** BEATS BANK feas=True [133s]
[E-678 s2] best=72665.59 (+459.07 vs bank) it=339 acc=339 *** BEATS BANK feas=True [135s]
[E-678 s2] best=72669.46 (+462.94 vs bank) it=341 acc=341 *** BEATS BANK feas=True [136s]
[E-678 s2] best=72671.50 (+464.98 vs bank) it=342 acc=342 *** BEATS BANK feas=True [136s]
[E-678 s2] best=72673.08 (+466.56 vs bank) it=345 acc=345 *** BEATS BANK feas=True [137s]
[E-678 s2] best=72674.71 (+468.19 vs bank) it=348 acc=348 *** BEATS BANK feas=True [138s]
[E-678 s2] best=72676.00 (+469.48 vs bank) it=349 acc=349 *** BEATS BANK feas=True [138s]
[E-678 s2] best=72676.51 (+469.99 vs bank) it=351 acc=351 *** BEATS BANK feas=True [139s]
[E-678 s2] best=72676.98 (+470.46 vs bank) it=356 acc=356 *** BEATS BANK feas=True [141s]
[E-678 s2] best=72677.84 (+471.32 vs bank) it=360 acc=360 *** BEATS BANK feas=True [142s]
[E-678 s2] best=72679.97 (+473.45 vs bank) it=365 acc=365 *** BEATS BANK feas=True [144s]
[E-678 s2] best=72681.39 (+474.87 vs bank) it=367 acc=367 *** BEATS BANK feas=True [145s]
[E-678 s2] best=72681.62 (+475.10 vs bank) it=372 acc=372 *** BEATS BANK feas=True [146s]
[E-678 s2] best=72681.72 (+475.20 vs bank) it=375 acc=375 *** BEATS BANK feas=True [147s]
[E-678 s2] best=72681.86 (+475.34 vs bank) it=378 acc=378 *** BEATS BANK feas=True [148s]
[E-678 s2] best=72682.42 (+475.90 vs bank) it=381 acc=381 *** BEATS BANK feas=True [149s]
[E-678 s2] best=72683.31 (+476.79 vs bank) it=384 acc=384 *** BEATS BANK feas=True [151s]
[E-678 s2] best=72686.61 (+480.09 vs bank) it=390 acc=390 *** BEATS BANK feas=True [153s]
[E-678 s2] it=400 cur=72686.61 best=72686.61 [156s]
[E-678 s2] best=72686.70 (+480.18 vs bank) it=412 acc=412 *** BEATS BANK feas=True [161s]
[E-678 s2] best=72686.89 (+480.37 vs bank) it=435 acc=435 *** BEATS BANK feas=True [169s]
[E-678 s2] best=72687.02 (+480.50 vs bank) it=438 acc=438 *** BEATS BANK feas=True [170s]
[E-678 s2] best=72687.48 (+480.96 vs bank) it=458 acc=458 *** BEATS BANK feas=True [176s]
[E-678 s2] best=72688.28 (+481.76 vs bank) it=460 acc=460 *** BEATS BANK feas=True [177s]
[E-678 s2] best=72689.05 (+482.53 vs bank) it=464 acc=464 *** BEATS BANK feas=True [178s]
[E-678 s2] best=72692.42 (+485.90 vs bank) it=465 acc=465 *** BEATS BANK feas=True [179s]
[E-678 s2] best=72693.83 (+487.31 vs bank) it=467 acc=467 *** BEATS BANK feas=True [179s]
[E-678 s2] best=72694.29 (+487.77 vs bank) it=475 acc=475 *** BEATS BANK feas=True [181s]
[E-678 s2] best=72694.35 (+487.82 vs bank) it=477 acc=477 *** BEATS BANK feas=True [181s]
[E-678 s2] best=72696.49 (+489.97 vs bank) it=483 acc=483 *** BEATS BANK feas=True [184s]
[E-678 s2] best=72697.19 (+490.67 vs bank) it=488 acc=488 *** BEATS BANK feas=True [185s]
[E-678 s2] best=72698.47 (+491.95 vs bank) it=492 acc=492 *** BEATS BANK feas=True [186s]
[E-678 s2] best=72699.49 (+492.97 vs bank) it=494 acc=494 *** BEATS BANK feas=True [187s]
[E-678 s2] best=72699.95 (+493.43 vs bank) it=495 acc=495 *** BEATS BANK feas=True [187s]
[E-678 s2] best=72700.75 (+494.23 vs bank) it=497 acc=497 *** BEATS BANK feas=True [188s]
[E-678 s2] best=72701.82 (+495.30 vs bank) it=498 acc=498 *** BEATS BANK feas=True [189s]
[E-678 s2] best=72701.87 (+495.35 vs bank) it=499 acc=499 *** BEATS BANK feas=True [189s]
[E-678 s2] best=72702.47 (+495.95 vs bank) it=500 acc=500 *** BEATS BANK feas=True [189s]
[E-678 s2] it=500 cur=72702.47 best=72702.47 [189s]
[E-678 s2] best=72703.32 (+496.80 vs bank) it=503 acc=503 *** BEATS BANK feas=True [190s]
[E-678 s2] best=72703.95 (+497.43 vs bank) it=504 acc=504 *** BEATS BANK feas=True [191s]
[E-678 s2] best=72707.40 (+500.88 vs bank) it=510 acc=510 *** BEATS BANK feas=True [193s]
[E-678 s2] best=72707.99 (+501.47 vs bank) it=511 acc=511 *** BEATS BANK feas=True [194s]
[E-678 s2] best=72710.02 (+503.50 vs bank) it=519 acc=519 *** BEATS BANK feas=True [196s]
[E-678 s2] best=72711.02 (+504.50 vs bank) it=520 acc=520 *** BEATS BANK feas=True [197s]
[E-678 s2] best=72711.27 (+504.75 vs bank) it=522 acc=522 *** BEATS BANK feas=True [198s]
[E-678 s2] best=72712.35 (+505.83 vs bank) it=527 acc=527 *** BEATS BANK feas=True [199s]
[E-678 s2] best=72716.46 (+509.94 vs bank) it=535 acc=535 *** BEATS BANK feas=True [202s]
[E-678 s2] best=72717.43 (+510.91 vs bank) it=538 acc=538 *** BEATS BANK feas=True [203s]
[E-678 s2] best=72719.06 (+512.54 vs bank) it=541 acc=541 *** BEATS BANK feas=True [204s]
[E-678 s2] best=72721.10 (+514.58 vs bank) it=543 acc=543 *** BEATS BANK feas=True [204s]
[E-678 s2] best=72723.18 (+516.66 vs bank) it=544 acc=544 *** BEATS BANK feas=True [205s]
[E-678 s2] best=72723.42 (+516.90 vs bank) it=545 acc=545 *** BEATS BANK feas=True [205s]
[E-678 s2] best=72724.13 (+517.61 vs bank) it=548 acc=548 *** BEATS BANK feas=True [206s]
[E-678 s2] best=72727.46 (+520.94 vs bank) it=561 acc=561 *** BEATS BANK feas=True [210s]
[E-678 s2] best=72730.11 (+523.59 vs bank) it=563 acc=563 *** BEATS BANK feas=True [211s]
[E-678 s2] best=72731.06 (+524.54 vs bank) it=577 acc=577 *** BEATS BANK feas=True [216s]
[E-678 s2] best=72731.74 (+525.22 vs bank) it=579 acc=579 *** BEATS BANK feas=True [216s]
[E-678 s2] best=72732.86 (+526.34 vs bank) it=597 acc=597 *** BEATS BANK feas=True [221s]
[E-678 s2] best=72733.59 (+527.07 vs bank) it=598 acc=598 *** BEATS BANK feas=True [222s]
[E-678 s2] it=600 cur=72733.59 best=72733.59 [222s]
[E-678 s2] best=72733.66 (+527.14 vs bank) it=618 acc=618 *** BEATS BANK feas=True [228s]
[E-678 s2] best=72734.55 (+528.03 vs bank) it=622 acc=622 *** BEATS BANK feas=True [230s]
[E-678 s2] best=72736.01 (+529.49 vs bank) it=633 acc=633 *** BEATS BANK feas=True [233s]
[E-678 s2] best=72739.64 (+533.12 vs bank) it=635 acc=635 *** BEATS BANK feas=True [234s]
[E-678 s2] best=72739.72 (+533.20 vs bank) it=637 acc=637 *** BEATS BANK feas=True [235s]
[E-678 s2] best=72740.59 (+534.07 vs bank) it=639 acc=639 *** BEATS BANK feas=True [236s]
[E-678 s2] best=72741.90 (+535.38 vs bank) it=640 acc=640 *** BEATS BANK feas=True [236s]
[E-678 s2] best=72743.47 (+536.95 vs bank) it=670 acc=670 *** BEATS BANK feas=True [247s]
[E-678 s2] it=700 cur=72743.47 best=72743.47 [258s]
[E-678 s2] it=800 cur=72743.47 best=72743.47 [291s]
[E-678 s2] best=72744.17 (+537.65 vs bank) it=834 acc=834 *** BEATS BANK feas=True [303s]
[E-678 s2] best=72748.53 (+542.01 vs bank) it=839 acc=839 *** BEATS BANK feas=True [305s]
[E-678 s2] best=72748.70 (+542.18 vs bank) it=868 acc=868 *** BEATS BANK feas=True [316s]
[E-678 s2] best=72749.58 (+543.06 vs bank) it=871 acc=871 *** BEATS BANK feas=True [317s]
[E-678 s2] best=72750.16 (+543.64 vs bank) it=872 acc=872 *** BEATS BANK feas=True [317s]
[E-678 s2] best=72750.89 (+544.37 vs bank) it=873 acc=873 *** BEATS BANK feas=True [318s]
[E-678 s2] best=72751.32 (+544.80 vs bank) it=893 acc=893 *** BEATS BANK feas=True [325s]
[E-678 s2] it=900 cur=72751.32 best=72751.32 [328s]
[E-678 s2] best=72752.16 (+545.64 vs bank) it=931 acc=931 *** BEATS BANK feas=True [338s]
[E-678 s2] best=72753.48 (+546.96 vs bank) it=965 acc=965 *** BEATS BANK feas=True [350s]
[E-678 s2] best=72753.53 (+547.01 vs bank) it=966 acc=966 *** BEATS BANK feas=True [350s]
[E-678 s2] best=72754.02 (+547.50 vs bank) it=972 acc=972 *** BEATS BANK feas=True [352s]
[E-678 s2] best=72754.09 (+547.57 vs bank) it=988 acc=988 *** BEATS BANK feas=True [358s]
[E-678 s2] best=72754.59 (+548.07 vs bank) it=992 acc=992 *** BEATS BANK feas=True [360s]
[E-678 s2] best=72755.48 (+548.96 vs bank) it=994 acc=994 *** BEATS BANK feas=True [361s]
[E-678 s2] best=72757.07 (+550.55 vs bank) it=999 acc=999 *** BEATS BANK feas=True [362s]
[E-678 s2] it=1000 cur=72757.07 best=72757.07 [363s]
[E-678 s2] best=72758.17 (+551.65 vs bank) it=1013 acc=1013 *** BEATS BANK feas=True [368s]
[E-678 s2] best=72759.10 (+552.58 vs bank) it=1017 acc=1017 *** BEATS BANK feas=True [369s]
[E-678 s2] best=72759.70 (+553.18 vs bank) it=1022 acc=1022 *** BEATS BANK feas=True [371s]
[E-678 s2] best=72760.59 (+554.07 vs bank) it=1027 acc=1027 *** BEATS BANK feas=True [372s]
[E-678 s2] best=72763.07 (+556.55 vs bank) it=1038 acc=1038 *** BEATS BANK feas=True [376s]
[E-678 s2] best=72765.72 (+559.20 vs bank) it=1062 acc=1062 *** BEATS BANK feas=True [384s]
[E-678 s2] best=72767.43 (+560.91 vs bank) it=1070 acc=1070 *** BEATS BANK feas=True [387s]
[E-678 s2] best=72768.75 (+562.23 vs bank) it=1071 acc=1071 *** BEATS BANK feas=True [388s]
[E-678 s2] best=72768.91 (+562.39 vs bank) it=1077 acc=1077 *** BEATS BANK feas=True [389s]
[E-678 s2] best=72769.39 (+562.87 vs bank) it=1081 acc=1081 *** BEATS BANK feas=True [391s]
[E-678 s2] it=1100 cur=72769.39 best=72769.39 [397s]
[E-678 s2] best=72770.14 (+563.62 vs bank) it=1136 acc=1136 *** BEATS BANK feas=True [410s]
[E-678 s2] best=72772.04 (+565.52 vs bank) it=1148 acc=1148 *** BEATS BANK feas=True [414s]
[E-678 s2] best=72774.64 (+568.12 vs bank) it=1153 acc=1153 *** BEATS BANK feas=True [416s]
[E-678 s2] best=72776.68 (+570.16 vs bank) it=1166 acc=1166 *** BEATS BANK feas=True [420s]
[E-678 s2] best=72777.53 (+571.01 vs bank) it=1190 acc=1190 *** BEATS BANK feas=True [428s]
[E-678 s2] it=1200 cur=72777.53 best=72777.53 [432s]
[E-678 s2] best=72777.74 (+571.22 vs bank) it=1205 acc=1205 *** BEATS BANK feas=True [433s]
[E-678 s2] best=72778.94 (+572.42 vs bank) it=1207 acc=1207 *** BEATS BANK feas=True [434s]
[E-678 s2] best=72779.16 (+572.64 vs bank) it=1242 acc=1242 *** BEATS BANK feas=True [445s]
[E-678 s2] best=72780.52 (+574.00 vs bank) it=1246 acc=1246 *** BEATS BANK feas=True [446s]
[E-678 s2] best=72780.69 (+574.17 vs bank) it=1269 acc=1269 *** BEATS BANK feas=True [454s]
[E-678 s2] best=72782.34 (+575.82 vs bank) it=1279 acc=1279 *** BEATS BANK feas=True [458s]
[E-678 s2] it=1300 cur=72782.34 best=72782.34 [465s]
[E-678 s2] best=72783.26 (+576.74 vs bank) it=1301 acc=1301 *** BEATS BANK feas=True [465s]
[E-678 s2] best=72783.37 (+576.85 vs bank) it=1304 acc=1304 *** BEATS BANK feas=True [467s]
[E-678 s2] best=72783.99 (+577.47 vs bank) it=1342 acc=1342 *** BEATS BANK feas=True [480s]
[E-678 s2] best=72785.09 (+578.57 vs bank) it=1347 acc=1347 *** BEATS BANK feas=True [482s]
[E-678 s2] best=72786.14 (+579.62 vs bank) it=1350 acc=1350 *** BEATS BANK feas=True [483s]
[E-678 s2] best=72786.26 (+579.74 vs bank) it=1351 acc=1351 *** BEATS BANK feas=True [483s]
[E-678 s2] best=72787.60 (+581.08 vs bank) it=1380 acc=1380 *** BEATS BANK feas=True [492s]
[E-678 s2] best=72788.35 (+581.83 vs bank) it=1383 acc=1383 *** BEATS BANK feas=True [493s]
[E-678 s2] it=1400 cur=72788.35 best=72788.35 [499s]
[E-678 s2] best=72789.79 (+583.27 vs bank) it=1406 acc=1406 *** BEATS BANK feas=True [500s]
[E-678 s2] best=72790.12 (+583.60 vs bank) it=1435 acc=1435 *** BEATS BANK feas=True [509s]
[E-678 s2] best=72790.89 (+584.37 vs bank) it=1439 acc=1439 *** BEATS BANK feas=True [510s]
[E-678 s2] best=72791.51 (+584.99 vs bank) it=1441 acc=1441 *** BEATS BANK feas=True [511s]
[E-678 s2] best=72791.54 (+585.02 vs bank) it=1460 acc=1460 *** BEATS BANK feas=True [516s]
[E-678 s2] best=72791.66 (+585.14 vs bank) it=1481 acc=1481 *** BEATS BANK feas=True [524s]
[E-678 s2] best=72793.37 (+586.85 vs bank) it=1487 acc=1487 *** BEATS BANK feas=True [526s]
[E-678 s2] best=72793.61 (+587.09 vs bank) it=1491 acc=1491 *** BEATS BANK feas=True [527s]
[E-678 s2] it=1500 cur=72793.61 best=72793.61 [531s]
[E-678 s2] best=72795.17 (+588.65 vs bank) it=1507 acc=1507 *** BEATS BANK feas=True [533s]
[E-678 s2] best=72798.16 (+591.64 vs bank) it=1542 acc=1542 *** BEATS BANK feas=True [543s]
[E-678 s2] it=1600 cur=72798.16 best=72798.16 [559s]
[E-678 s2] best=72798.68 (+592.16 vs bank) it=1650 acc=1650 *** BEATS BANK feas=True [576s]
[E-678 s2] best=72800.94 (+594.42 vs bank) it=1663 acc=1663 *** BEATS BANK feas=True [580s]
[E-678 s2] it=1700 cur=72800.94 best=72800.94 [593s]
[E-678 s2] DONE best=72800.94 (+594.42 vs bank) [625s]
