error    libmamba Could not set lock (Resource temporarily unavailable)
warning  libmamba Cannot lock '/home/julian/.cache/mamba/proc'
    Waiting for other mamba process to finish
[E-678 s421] LP-rounded start=69503.05 sel=8589 | bank=73253.48 leader=73714.03 | random-destroy 0.3
[E-678 s421] best=70605.08 (+-2648.40 vs bank) it=0 acc=0 [1s]
[E-678 s421] best=70971.40 (+-2282.08 vs bank) it=1 acc=1 [1s]
[E-678 s421] best=71209.96 (+-2043.52 vs bank) it=2 acc=2 [2s]
[E-678 s421] best=71375.38 (+-1878.10 vs bank) it=3 acc=3 [2s]
[E-678 s421] best=71491.68 (+-1761.80 vs bank) it=4 acc=4 [3s]
[E-678 s421] best=71632.97 (+-1620.51 vs bank) it=5 acc=5 [3s]
[E-678 s421] best=71710.44 (+-1543.04 vs bank) it=6 acc=6 [4s]
[E-678 s421] best=71746.94 (+-1506.54 vs bank) it=7 acc=7 [4s]
[E-678 s421] best=71800.78 (+-1452.70 vs bank) it=8 acc=8 [5s]
[E-678 s421] best=71830.61 (+-1422.87 vs bank) it=9 acc=9 [5s]
[E-678 s421] best=71860.90 (+-1392.57 vs bank) it=10 acc=10 [6s]
[E-678 s421] best=71886.88 (+-1366.60 vs bank) it=11 acc=11 [6s]
[E-678 s421] best=71915.61 (+-1337.87 vs bank) it=12 acc=12 [7s]
[E-678 s421] best=71958.10 (+-1295.38 vs bank) it=13 acc=13 [7s]
[E-678 s421] best=71991.63 (+-1261.85 vs bank) it=14 acc=14 [8s]
[E-678 s421] best=72026.31 (+-1227.17 vs bank) it=15 acc=15 [8s]
[E-678 s421] best=72042.73 (+-1210.75 vs bank) it=16 acc=16 [9s]
[E-678 s421] best=72082.93 (+-1170.55 vs bank) it=17 acc=17 [9s]
[E-678 s421] best=72108.49 (+-1144.99 vs bank) it=18 acc=18 [10s]
[E-678 s421] best=72120.20 (+-1133.28 vs bank) it=19 acc=19 [10s]
[E-678 s421] best=72136.60 (+-1116.88 vs bank) it=20 acc=20 [11s]
[E-678 s421] best=72143.34 (+-1110.14 vs bank) it=21 acc=21 [11s]
[E-678 s421] best=72157.80 (+-1095.68 vs bank) it=22 acc=22 [12s]
[E-678 s421] best=72172.22 (+-1081.26 vs bank) it=23 acc=23 [12s]
[E-678 s421] best=72188.74 (+-1064.74 vs bank) it=24 acc=24 [13s]
[E-678 s421] best=72192.89 (+-1060.59 vs bank) it=25 acc=25 [13s]
[E-678 s421] best=72200.83 (+-1052.65 vs bank) it=26 acc=26 [14s]
[E-678 s421] best=72216.96 (+-1036.52 vs bank) it=27 acc=27 [14s]
[E-678 s421] best=72226.55 (+-1026.93 vs bank) it=28 acc=28 [15s]
[E-678 s421] best=72248.49 (+-1004.99 vs bank) it=29 acc=29 [15s]
[E-678 s421] best=72267.83 (+-985.65 vs bank) it=30 acc=30 [16s]
[E-678 s421] best=72276.45 (+-977.03 vs bank) it=31 acc=31 [16s]
[E-678 s421] best=72296.09 (+-957.39 vs bank) it=32 acc=32 [17s]
[E-678 s421] best=72302.55 (+-950.93 vs bank) it=33 acc=33 [17s]
[E-678 s421] best=72313.57 (+-939.91 vs bank) it=34 acc=34 [18s]
[E-678 s421] best=72326.95 (+-926.53 vs bank) it=35 acc=35 [18s]
[E-678 s421] best=72340.68 (+-912.79 vs bank) it=36 acc=36 [19s]
[E-678 s421] best=72355.84 (+-897.64 vs bank) it=37 acc=37 [19s]
[E-678 s421] best=72362.48 (+-891.00 vs bank) it=38 acc=38 [20s]
[E-678 s421] best=72370.90 (+-882.58 vs bank) it=39 acc=39 [20s]
[E-678 s421] best=72375.64 (+-877.84 vs bank) it=40 acc=40 [21s]
[E-678 s421] best=72379.74 (+-873.74 vs bank) it=41 acc=41 [21s]
[E-678 s421] best=72384.99 (+-868.49 vs bank) it=42 acc=42 [21s]
[E-678 s421] best=72385.71 (+-867.77 vs bank) it=43 acc=43 [22s]
[E-678 s421] best=72389.12 (+-864.36 vs bank) it=44 acc=44 [22s]
[E-678 s421] best=72391.88 (+-861.60 vs bank) it=45 acc=45 [23s]
[E-678 s421] best=72400.23 (+-853.25 vs bank) it=46 acc=46 [23s]
[E-678 s421] best=72404.34 (+-849.14 vs bank) it=47 acc=47 [24s]
[E-678 s421] best=72410.99 (+-842.49 vs bank) it=48 acc=48 [24s]
[E-678 s421] best=72416.74 (+-836.74 vs bank) it=49 acc=49 [25s]
[E-678 s421] best=72422.86 (+-830.62 vs bank) it=50 acc=50 [25s]
[E-678 s421] best=72433.98 (+-819.50 vs bank) it=51 acc=51 [26s]
[E-678 s421] best=72439.62 (+-813.86 vs bank) it=52 acc=52 [26s]
[E-678 s421] best=72442.93 (+-810.55 vs bank) it=53 acc=53 [27s]
[E-678 s421] best=72454.88 (+-798.60 vs bank) it=54 acc=54 [27s]
[E-678 s421] best=72462.29 (+-791.19 vs bank) it=55 acc=55 [28s]
[E-678 s421] best=72465.70 (+-787.78 vs bank) it=56 acc=56 [28s]
[E-678 s421] best=72465.92 (+-787.56 vs bank) it=58 acc=58 [29s]
[E-678 s421] best=72466.73 (+-786.75 vs bank) it=60 acc=60 [30s]
[E-678 s421] best=72467.24 (+-786.24 vs bank) it=61 acc=61 [30s]
[E-678 s421] best=72473.84 (+-779.64 vs bank) it=62 acc=62 [31s]
[E-678 s421] best=72479.01 (+-774.47 vs bank) it=63 acc=63 [31s]
[E-678 s421] best=72485.41 (+-768.07 vs bank) it=64 acc=64 [32s]
[E-678 s421] best=72486.64 (+-766.84 vs bank) it=65 acc=65 [32s]
[E-678 s421] best=72488.19 (+-765.29 vs bank) it=66 acc=66 [33s]
[E-678 s421] best=72493.05 (+-760.43 vs bank) it=67 acc=67 [33s]
[E-678 s421] best=72501.93 (+-751.55 vs bank) it=68 acc=68 [34s]
[E-678 s421] best=72507.15 (+-746.33 vs bank) it=69 acc=69 [34s]
[E-678 s421] best=72508.48 (+-745.00 vs bank) it=72 acc=72 [36s]
[E-678 s421] best=72511.10 (+-742.38 vs bank) it=73 acc=73 [36s]
[E-678 s421] best=72513.11 (+-740.37 vs bank) it=74 acc=74 [36s]
[E-678 s421] best=72513.96 (+-739.52 vs bank) it=75 acc=75 [37s]
[E-678 s421] best=72514.57 (+-738.91 vs bank) it=76 acc=76 [37s]
[E-678 s421] best=72517.27 (+-736.21 vs bank) it=77 acc=77 [38s]
[E-678 s421] best=72519.80 (+-733.68 vs bank) it=78 acc=78 [38s]
[E-678 s421] best=72520.85 (+-732.63 vs bank) it=80 acc=80 [39s]
[E-678 s421] best=72521.01 (+-732.47 vs bank) it=81 acc=81 [40s]
[E-678 s421] best=72524.62 (+-728.86 vs bank) it=82 acc=82 [40s]
[E-678 s421] best=72525.33 (+-728.15 vs bank) it=83 acc=83 [41s]
[E-678 s421] best=72525.67 (+-727.81 vs bank) it=84 acc=84 [41s]
[E-678 s421] best=72528.04 (+-725.44 vs bank) it=85 acc=85 [42s]
[E-678 s421] best=72535.87 (+-717.61 vs bank) it=86 acc=86 [42s]
[E-678 s421] best=72538.68 (+-714.80 vs bank) it=89 acc=89 [44s]
[E-678 s421] best=72539.33 (+-714.15 vs bank) it=90 acc=90 [44s]
[E-678 s421] best=72547.90 (+-705.58 vs bank) it=91 acc=91 [44s]
[E-678 s421] best=72549.04 (+-704.44 vs bank) it=92 acc=92 [45s]
[E-678 s421] best=72553.89 (+-699.59 vs bank) it=93 acc=93 [45s]
[E-678 s421] best=72559.46 (+-694.02 vs bank) it=94 acc=94 [46s]
[E-678 s421] best=72564.02 (+-689.46 vs bank) it=95 acc=95 [46s]
[E-678 s421] best=72566.28 (+-687.20 vs bank) it=96 acc=96 [47s]
[E-678 s421] best=72572.05 (+-681.43 vs bank) it=97 acc=97 [47s]
[E-678 s421] best=72583.32 (+-670.16 vs bank) it=98 acc=98 [48s]
[E-678 s421] best=72587.41 (+-666.07 vs bank) it=99 acc=99 [48s]
[E-678 s421] best=72589.20 (+-664.28 vs bank) it=100 acc=100 [48s]
[E-678 s421] it=100 cur=72589.20 best=72589.20 [48s]
[E-678 s421] best=72591.52 (+-661.96 vs bank) it=103 acc=103 [50s]
[E-678 s421] best=72593.24 (+-660.24 vs bank) it=104 acc=104 [50s]
[E-678 s421] best=72593.58 (+-659.90 vs bank) it=107 acc=107 [52s]
[E-678 s421] best=72594.98 (+-658.50 vs bank) it=109 acc=109 [53s]
[E-678 s421] best=72596.67 (+-656.81 vs bank) it=112 acc=112 [54s]
[E-678 s421] best=72597.69 (+-655.79 vs bank) it=114 acc=114 [55s]
[E-678 s421] best=72598.15 (+-655.33 vs bank) it=120 acc=120 [57s]
[E-678 s421] best=72599.88 (+-653.60 vs bank) it=121 acc=121 [58s]
[E-678 s421] best=72600.70 (+-652.78 vs bank) it=122 acc=122 [58s]
[E-678 s421] best=72602.19 (+-651.29 vs bank) it=123 acc=123 [58s]
[E-678 s421] best=72602.99 (+-650.49 vs bank) it=125 acc=125 [59s]
[E-678 s421] best=72605.17 (+-648.31 vs bank) it=128 acc=128 [60s]
[E-678 s421] best=72606.28 (+-647.20 vs bank) it=129 acc=129 [61s]
[E-678 s421] best=72607.17 (+-646.31 vs bank) it=130 acc=130 [61s]
[E-678 s421] best=72607.44 (+-646.04 vs bank) it=135 acc=135 [63s]
[E-678 s421] best=72607.72 (+-645.76 vs bank) it=137 acc=137 [64s]
[E-678 s421] best=72607.87 (+-645.61 vs bank) it=138 acc=138 [65s]
[E-678 s421] best=72608.05 (+-645.43 vs bank) it=141 acc=141 [66s]
[E-678 s421] best=72608.46 (+-645.02 vs bank) it=142 acc=142 [67s]
[E-678 s421] best=72609.24 (+-644.24 vs bank) it=143 acc=143 [67s]
[E-678 s421] best=72612.91 (+-640.57 vs bank) it=144 acc=144 [68s]
[E-678 s421] best=72617.25 (+-636.23 vs bank) it=147 acc=147 [69s]
[E-678 s421] best=72618.29 (+-635.18 vs bank) it=149 acc=149 [70s]
[E-678 s421] best=72619.09 (+-634.39 vs bank) it=150 acc=150 [70s]
[E-678 s421] best=72621.61 (+-631.87 vs bank) it=151 acc=151 [71s]
[E-678 s421] best=72622.28 (+-631.20 vs bank) it=153 acc=153 [72s]
[E-678 s421] best=72624.78 (+-628.70 vs bank) it=154 acc=154 [72s]
[E-678 s421] best=72624.98 (+-628.50 vs bank) it=156 acc=156 [73s]
[E-678 s421] best=72628.72 (+-624.76 vs bank) it=157 acc=157 [74s]
[E-678 s421] best=72629.10 (+-624.38 vs bank) it=161 acc=161 [75s]
[E-678 s421] best=72629.44 (+-624.04 vs bank) it=170 acc=170 [80s]
[E-678 s421] best=72630.66 (+-622.82 vs bank) it=171 acc=171 [80s]
[E-678 s421] best=72631.95 (+-621.53 vs bank) it=172 acc=172 [80s]
[E-678 s421] best=72638.21 (+-615.27 vs bank) it=173 acc=173 [81s]
[E-678 s421] best=72639.00 (+-614.48 vs bank) it=174 acc=174 [81s]
[E-678 s421] best=72639.36 (+-614.12 vs bank) it=176 acc=176 [82s]
[E-678 s421] best=72640.38 (+-613.10 vs bank) it=180 acc=180 [84s]
[E-678 s421] best=72641.57 (+-611.91 vs bank) it=181 acc=181 [84s]
[E-678 s421] best=72642.00 (+-611.48 vs bank) it=182 acc=182 [85s]
[E-678 s421] best=72642.71 (+-610.77 vs bank) it=184 acc=184 [86s]
[E-678 s421] best=72644.52 (+-608.96 vs bank) it=185 acc=185 [86s]
[E-678 s421] best=72647.42 (+-606.06 vs bank) it=189 acc=189 [88s]
[E-678 s421] best=72648.80 (+-604.68 vs bank) it=192 acc=192 [89s]
[E-678 s421] best=72653.08 (+-600.40 vs bank) it=193 acc=193 [90s]
[E-678 s421] best=72654.34 (+-599.14 vs bank) it=194 acc=194 [90s]
[E-678 s421] best=72654.95 (+-598.53 vs bank) it=198 acc=198 [92s]
[E-678 s421] it=200 cur=72654.95 best=72654.95 [93s]
[E-678 s421] best=72656.03 (+-597.45 vs bank) it=216 acc=216 [100s]
[E-678 s421] best=72657.31 (+-596.17 vs bank) it=217 acc=217 [101s]
[E-678 s421] best=72659.60 (+-593.88 vs bank) it=225 acc=225 [104s]
[E-678 s421] best=72659.85 (+-593.63 vs bank) it=226 acc=226 [105s]
[E-678 s421] best=72659.95 (+-593.53 vs bank) it=233 acc=233 [108s]
[E-678 s421] best=72660.75 (+-592.73 vs bank) it=240 acc=240 [111s]
[E-678 s421] best=72662.07 (+-591.41 vs bank) it=241 acc=241 [112s]
[E-678 s421] best=72662.98 (+-590.50 vs bank) it=243 acc=243 [113s]
[E-678 s421] best=72664.33 (+-589.15 vs bank) it=245 acc=245 [113s]
[E-678 s421] best=72665.67 (+-587.81 vs bank) it=247 acc=247 [115s]
[E-678 s421] best=72666.99 (+-586.49 vs bank) it=261 acc=261 [121s]
[E-678 s421] best=72667.23 (+-586.25 vs bank) it=277 acc=277 [127s]
[E-678 s421] best=72670.89 (+-582.59 vs bank) it=278 acc=278 [128s]
[E-678 s421] best=72672.54 (+-580.94 vs bank) it=282 acc=282 [129s]
[E-678 s421] best=72674.40 (+-579.08 vs bank) it=292 acc=292 [134s]
[E-678 s421] best=72675.11 (+-578.37 vs bank) it=298 acc=298 [136s]
[E-678 s421] it=300 cur=72675.11 best=72675.11 [137s]
[E-678 s421] best=72676.45 (+-577.03 vs bank) it=301 acc=301 [137s]
[E-678 s421] best=72677.33 (+-576.15 vs bank) it=304 acc=304 [139s]
[E-678 s421] best=72677.38 (+-576.10 vs bank) it=307 acc=307 [140s]
[E-678 s421] best=72677.57 (+-575.91 vs bank) it=310 acc=310 [141s]
[E-678 s421] best=72677.69 (+-575.79 vs bank) it=318 acc=318 [145s]
[E-678 s421] best=72678.13 (+-575.35 vs bank) it=327 acc=327 [149s]
[E-678 s421] best=72678.69 (+-574.79 vs bank) it=328 acc=328 [149s]
[E-678 s421] best=72681.07 (+-572.41 vs bank) it=329 acc=329 [150s]
[E-678 s421] best=72681.64 (+-571.84 vs bank) it=330 acc=330 [150s]
[E-678 s421] best=72682.08 (+-571.40 vs bank) it=341 acc=341 [155s]
[E-678 s421] best=72682.43 (+-571.05 vs bank) it=343 acc=343 [156s]
[E-678 s421] best=72682.86 (+-570.62 vs bank) it=349 acc=349 [159s]
[E-678 s421] best=72683.59 (+-569.89 vs bank) it=350 acc=350 [159s]
[E-678 s421] best=72683.64 (+-569.84 vs bank) it=351 acc=351 [159s]
[E-678 s421] best=72689.54 (+-563.93 vs bank) it=353 acc=353 [160s]
[E-678 s421] best=72690.68 (+-562.80 vs bank) it=356 acc=356 [162s]
[E-678 s421] best=72691.82 (+-561.66 vs bank) it=364 acc=364 [166s]
[E-678 s421] best=72693.24 (+-560.24 vs bank) it=367 acc=367 [167s]
[E-678 s421] best=72696.05 (+-557.43 vs bank) it=369 acc=369 [168s]
[E-678 s421] best=72696.73 (+-556.75 vs bank) it=385 acc=385 [175s]
[E-678 s421] best=72697.12 (+-556.36 vs bank) it=389 acc=389 [177s]
[E-678 s421] best=72698.55 (+-554.93 vs bank) it=392 acc=392 [178s]
[E-678 s421] best=72699.04 (+-554.44 vs bank) it=399 acc=399 [181s]
[E-678 s421] it=400 cur=72699.04 best=72699.04 [182s]
[E-678 s421] best=72700.91 (+-552.57 vs bank) it=402 acc=402 [183s]
[E-678 s421] best=72701.69 (+-551.79 vs bank) it=404 acc=404 [184s]
[E-678 s421] best=72701.90 (+-551.58 vs bank) it=405 acc=405 [184s]
[E-678 s421] best=72703.96 (+-549.52 vs bank) it=418 acc=418 [190s]
[E-678 s421] best=72704.53 (+-548.95 vs bank) it=425 acc=425 [193s]
[E-678 s421] best=72705.59 (+-547.89 vs bank) it=426 acc=426 [194s]
[E-678 s421] best=72706.20 (+-547.28 vs bank) it=436 acc=436 [198s]
[E-678 s421] best=72709.17 (+-544.31 vs bank) it=451 acc=451 [204s]
[E-678 s421] best=72709.98 (+-543.50 vs bank) it=452 acc=452 [204s]
[E-678 s421] best=72710.00 (+-543.48 vs bank) it=455 acc=455 [206s]
[E-678 s421] best=72710.20 (+-543.28 vs bank) it=456 acc=456 [206s]
[E-678 s421] best=72710.72 (+-542.76 vs bank) it=457 acc=457 [207s]
[E-678 s421] best=72713.52 (+-539.96 vs bank) it=459 acc=459 [208s]
[E-678 s421] best=72715.57 (+-537.91 vs bank) it=460 acc=460 [208s]
[E-678 s421] best=72716.16 (+-537.32 vs bank) it=462 acc=462 [209s]
[E-678 s421] best=72719.58 (+-533.90 vs bank) it=463 acc=463 [209s]
[E-678 s421] best=72719.87 (+-533.61 vs bank) it=466 acc=466 [211s]
[E-678 s421] best=72721.32 (+-532.16 vs bank) it=467 acc=467 [211s]
[E-678 s421] best=72721.90 (+-531.58 vs bank) it=468 acc=468 [212s]
[E-678 s421] best=72725.39 (+-528.09 vs bank) it=469 acc=469 [212s]
[E-678 s421] best=72726.02 (+-527.46 vs bank) it=470 acc=470 [212s]
[E-678 s421] best=72727.67 (+-525.81 vs bank) it=472 acc=472 [213s]
[E-678 s421] best=72729.72 (+-523.76 vs bank) it=475 acc=475 [215s]
[E-678 s421] best=72730.28 (+-523.20 vs bank) it=477 acc=477 [215s]
[E-678 s421] best=72731.68 (+-521.80 vs bank) it=478 acc=478 [216s]
[E-678 s421] best=72732.48 (+-521.00 vs bank) it=479 acc=479 [216s]
[E-678 s421] best=72732.84 (+-520.64 vs bank) it=481 acc=481 [217s]
[E-678 s421] best=72733.26 (+-520.22 vs bank) it=482 acc=482 [218s]
[E-678 s421] best=72733.47 (+-520.01 vs bank) it=483 acc=483 [218s]
[E-678 s421] best=72734.34 (+-519.14 vs bank) it=485 acc=485 [219s]
[E-678 s421] best=72736.83 (+-516.65 vs bank) it=489 acc=489 [221s]
[E-678 s421] best=72737.25 (+-516.23 vs bank) it=494 acc=494 [223s]
[E-678 s421] best=72737.50 (+-515.98 vs bank) it=497 acc=497 [224s]
[E-678 s421] best=72737.95 (+-515.53 vs bank) it=498 acc=498 [225s]
[E-678 s421] it=500 cur=72737.95 best=72737.95 [226s]
[E-678 s421] best=72738.49 (+-514.99 vs bank) it=501 acc=501 [226s]
[E-678 s421] best=72740.81 (+-512.67 vs bank) it=504 acc=504 [227s]
[E-678 s421] best=72742.27 (+-511.21 vs bank) it=510 acc=510 [230s]
[E-678 s421] best=72742.80 (+-510.68 vs bank) it=513 acc=513 [232s]
[E-678 s421] best=72745.17 (+-508.31 vs bank) it=515 acc=515 [233s]
[E-678 s421] best=72746.17 (+-507.31 vs bank) it=519 acc=519 [234s]
[E-678 s421] best=72746.69 (+-506.79 vs bank) it=521 acc=521 [235s]
[E-678 s421] best=72747.17 (+-506.31 vs bank) it=524 acc=524 [236s]
[E-678 s421] best=72749.78 (+-503.70 vs bank) it=527 acc=527 [238s]
[E-678 s421] best=72751.40 (+-502.08 vs bank) it=529 acc=529 [239s]
[E-678 s421] best=72752.34 (+-501.14 vs bank) it=539 acc=539 [243s]
[E-678 s421] best=72752.54 (+-500.94 vs bank) it=543 acc=543 [245s]
[E-678 s421] best=72752.98 (+-500.50 vs bank) it=547 acc=547 [247s]
[E-678 s421] best=72753.45 (+-500.03 vs bank) it=548 acc=548 [248s]
[E-678 s421] best=72753.91 (+-499.57 vs bank) it=550 acc=550 [249s]
[E-678 s421] best=72755.11 (+-498.37 vs bank) it=553 acc=553 [250s]
[E-678 s421] best=72756.55 (+-496.93 vs bank) it=568 acc=568 [257s]
[E-678 s421] best=72759.97 (+-493.51 vs bank) it=579 acc=579 [262s]
[E-678 s421] best=72760.24 (+-493.24 vs bank) it=584 acc=584 [265s]
[E-678 s421] best=72760.93 (+-492.55 vs bank) it=585 acc=585 [265s]
[E-678 s421] best=72761.06 (+-492.42 vs bank) it=590 acc=590 [267s]
[E-678 s421] best=72762.59 (+-490.89 vs bank) it=591 acc=591 [268s]
[E-678 s421] best=72763.34 (+-490.14 vs bank) it=592 acc=592 [268s]
[E-678 s421] best=72764.70 (+-488.78 vs bank) it=597 acc=597 [271s]
[E-678 s421] it=600 cur=72764.70 best=72764.70 [272s]
[E-678 s421] best=72765.62 (+-487.86 vs bank) it=605 acc=605 [274s]
[E-678 s421] best=72765.90 (+-487.58 vs bank) it=609 acc=609 [276s]
[E-678 s421] best=72767.67 (+-485.81 vs bank) it=613 acc=613 [278s]
[E-678 s421] best=72769.65 (+-483.83 vs bank) it=614 acc=614 [279s]
[E-678 s421] best=72772.18 (+-481.29 vs bank) it=616 acc=616 [279s]
[E-678 s421] best=72772.29 (+-481.19 vs bank) it=633 acc=633 [287s]
[E-678 s421] best=72773.79 (+-479.69 vs bank) it=635 acc=635 [288s]
[E-678 s421] best=72776.13 (+-477.35 vs bank) it=640 acc=640 [290s]
[E-678 s421] best=72776.57 (+-476.91 vs bank) it=644 acc=644 [292s]
[E-678 s421] best=72778.26 (+-475.21 vs bank) it=669 acc=669 [304s]
[E-678 s421] best=72780.71 (+-472.76 vs bank) it=674 acc=674 [307s]
[E-678 s421] best=72781.04 (+-472.44 vs bank) it=687 acc=687 [313s]
[E-678 s421] best=72781.95 (+-471.53 vs bank) it=699 acc=699 [319s]
[E-678 s421] it=700 cur=72781.95 best=72781.95 [319s]
[E-678 s421] best=72782.08 (+-471.40 vs bank) it=713 acc=713 [326s]
[E-678 s421] best=72784.18 (+-469.30 vs bank) it=727 acc=727 [332s]
[E-678 s421] best=72786.34 (+-467.14 vs bank) it=732 acc=732 [335s]
[E-678 s421] best=72788.41 (+-465.07 vs bank) it=734 acc=734 [336s]
[E-678 s421] best=72789.54 (+-463.94 vs bank) it=735 acc=735 [336s]
[E-678 s421] best=72790.02 (+-463.46 vs bank) it=741 acc=741 [339s]
[E-678 s421] best=72790.34 (+-463.14 vs bank) it=742 acc=742 [339s]
[E-678 s421] best=72790.66 (+-462.82 vs bank) it=750 acc=750 [343s]
[E-678 s421] best=72791.45 (+-462.03 vs bank) it=751 acc=751 [343s]
[E-678 s421] best=72791.61 (+-461.87 vs bank) it=755 acc=755 [345s]
[E-678 s421] best=72795.84 (+-457.64 vs bank) it=756 acc=756 [345s]
[E-678 s421] best=72795.85 (+-457.63 vs bank) it=763 acc=763 [348s]
[E-678 s421] best=72796.05 (+-457.43 vs bank) it=768 acc=768 [351s]
[E-678 s421] best=72797.67 (+-455.81 vs bank) it=781 acc=781 [356s]
[E-678 s421] best=72799.73 (+-453.75 vs bank) it=797 acc=797 [363s]
[E-678 s421] it=800 cur=72799.73 best=72799.73 [365s]
[E-678 s421] best=72800.43 (+-453.04 vs bank) it=802 acc=802 [365s]
[E-678 s421] best=72800.47 (+-453.01 vs bank) it=806 acc=806 [367s]
[E-678 s421] best=72801.02 (+-452.46 vs bank) it=813 acc=813 [370s]
[E-678 s421] best=72801.23 (+-452.25 vs bank) it=815 acc=815 [371s]
[E-678 s421] best=72804.83 (+-448.65 vs bank) it=821 acc=821 [374s]
[E-678 s421] best=72806.35 (+-447.13 vs bank) it=822 acc=822 [374s]
[E-678 s421] best=72806.41 (+-447.07 vs bank) it=827 acc=827 [377s]
[E-678 s421] best=72808.82 (+-444.66 vs bank) it=828 acc=828 [377s]
[E-678 s421] best=72810.11 (+-443.37 vs bank) it=831 acc=831 [378s]
[E-678 s421] best=72810.62 (+-442.85 vs bank) it=832 acc=832 [379s]
[E-678 s421] best=72814.00 (+-439.48 vs bank) it=834 acc=834 [380s]
[E-678 s421] best=72814.08 (+-439.40 vs bank) it=836 acc=836 [381s]
[E-678 s421] best=72814.14 (+-439.34 vs bank) it=851 acc=851 [387s]
[E-678 s421] best=72814.15 (+-439.33 vs bank) it=894 acc=894 [407s]
[E-678 s421] it=900 cur=72814.15 best=72814.15 [409s]
[E-678 s421] best=72814.50 (+-438.98 vs bank) it=918 acc=918 [418s]
[E-678 s421] best=72814.50 (+-438.98 vs bank) it=920 acc=920 [419s]
[E-678 s421] best=72814.59 (+-438.89 vs bank) it=925 acc=925 [421s]
[E-678 s421] best=72815.93 (+-437.55 vs bank) it=928 acc=928 [422s]
[E-678 s421] best=72819.38 (+-434.10 vs bank) it=929 acc=929 [423s]
[E-678 s421] best=72820.03 (+-433.45 vs bank) it=930 acc=930 [423s]
[E-678 s421] best=72822.01 (+-431.47 vs bank) it=940 acc=940 [428s]
[E-678 s421] best=72823.80 (+-429.68 vs bank) it=961 acc=961 [437s]
[E-678 s421] best=72824.91 (+-428.57 vs bank) it=963 acc=963 [438s]
[E-678 s421] best=72826.21 (+-427.27 vs bank) it=984 acc=984 [447s]
[E-678 s421] it=1000 cur=72826.21 best=72826.21 [455s]
[E-678 s421] best=72826.30 (+-427.18 vs bank) it=1031 acc=1031 [468s]
[E-678 s421] best=72827.01 (+-426.47 vs bank) it=1048 acc=1048 [476s]
[E-678 s421] best=72827.66 (+-425.82 vs bank) it=1060 acc=1060 [481s]
[E-678 s421] best=72829.56 (+-423.92 vs bank) it=1074 acc=1074 [487s]
[E-678 s421] best=72830.34 (+-423.14 vs bank) it=1075 acc=1075 [488s]
[E-678 s421] best=72832.49 (+-420.99 vs bank) it=1078 acc=1078 [489s]
[E-678 s421] best=72833.07 (+-420.41 vs bank) it=1079 acc=1079 [490s]
[E-678 s421] best=72833.45 (+-420.03 vs bank) it=1085 acc=1085 [492s]
[E-678 s421] it=1100 cur=72833.45 best=72833.45 [499s]
[E-678 s421] best=72833.90 (+-419.57 vs bank) it=1117 acc=1117 [506s]
[E-678 s421] best=72834.70 (+-418.78 vs bank) it=1129 acc=1129 [511s]
[E-678 s421] it=1200 cur=72834.70 best=72834.70 [542s]
[E-678 s421] best=72836.05 (+-417.43 vs bank) it=1212 acc=1212 [547s]
[E-678 s421] best=72836.51 (+-416.97 vs bank) it=1220 acc=1220 [550s]
[E-678 s421] best=72836.73 (+-416.75 vs bank) it=1227 acc=1227 [553s]
[E-678 s421] best=72838.33 (+-415.15 vs bank) it=1250 acc=1250 [564s]
[E-678 s421] it=1300 cur=72838.33 best=72838.33 [585s]
[E-678 s421] best=72838.44 (+-415.04 vs bank) it=1345 acc=1345 [603s]
[E-678 s421] best=72839.19 (+-414.29 vs bank) it=1347 acc=1347 [604s]
[E-678 s421] best=72840.38 (+-413.10 vs bank) it=1363 acc=1363 [611s]
[E-678 s421] best=72840.66 (+-412.82 vs bank) it=1380 acc=1380 [618s]
[E-678 s421] best=72842.24 (+-411.24 vs bank) it=1383 acc=1383 [620s]
[E-678 s421] best=72842.31 (+-411.17 vs bank) it=1387 acc=1387 [621s]
[E-678 s421] best=72842.32 (+-411.16 vs bank) it=1395 acc=1395 [625s]
[E-678 s421] best=72843.19 (+-410.29 vs bank) it=1396 acc=1396 [625s]
[E-678 s421] it=1400 cur=72843.19 best=72843.19 [627s]
[E-678 s421] best=72843.64 (+-409.84 vs bank) it=1401 acc=1401 [628s]
[E-678 s421] best=72846.73 (+-406.75 vs bank) it=1404 acc=1404 [629s]
[E-678 s421] best=72847.01 (+-406.47 vs bank) it=1407 acc=1407 [630s]
[E-678 s421] best=72848.59 (+-404.89 vs bank) it=1421 acc=1421 [636s]
[E-678 s421] best=72848.88 (+-404.60 vs bank) it=1442 acc=1442 [645s]
[E-678 s421] best=72849.83 (+-403.65 vs bank) it=1452 acc=1452 [649s]
[E-678 s421] best=72850.60 (+-402.88 vs bank) it=1457 acc=1457 [652s]
[E-678 s421] best=72851.19 (+-402.29 vs bank) it=1458 acc=1458 [652s]
[E-678 s421] best=72852.03 (+-401.45 vs bank) it=1462 acc=1462 [654s]
[E-678 s421] best=72852.46 (+-401.02 vs bank) it=1467 acc=1467 [656s]
[E-678 s421] best=72856.11 (+-397.37 vs bank) it=1483 acc=1483 [663s]
[E-678 s421] best=72856.34 (+-397.14 vs bank) it=1491 acc=1491 [666s]
[E-678 s421] best=72856.79 (+-396.69 vs bank) it=1497 acc=1497 [668s]
[E-678 s421] it=1500 cur=72856.79 best=72856.79 [670s]
[E-678 s421] best=72856.94 (+-396.54 vs bank) it=1501 acc=1501 [670s]
[E-678 s421] best=72857.48 (+-396.00 vs bank) it=1517 acc=1517 [677s]
[E-678 s421] best=72857.51 (+-395.97 vs bank) it=1519 acc=1519 [677s]
[E-678 s421] best=72859.17 (+-394.31 vs bank) it=1522 acc=1522 [679s]
[E-678 s421] best=72860.18 (+-393.30 vs bank) it=1523 acc=1523 [679s]
[E-678 s421] best=72861.32 (+-392.16 vs bank) it=1525 acc=1525 [680s]
[E-678 s421] best=72862.59 (+-390.89 vs bank) it=1527 acc=1527 [681s]
[E-678 s421] best=72863.93 (+-389.55 vs bank) it=1528 acc=1528 [681s]
[E-678 s421] best=72865.32 (+-388.15 vs bank) it=1531 acc=1531 [683s]
[E-678 s421] best=72866.26 (+-387.21 vs bank) it=1539 acc=1539 [686s]
[E-678 s421] best=72868.69 (+-384.79 vs bank) it=1541 acc=1541 [687s]
[E-678 s421] best=72870.82 (+-382.66 vs bank) it=1543 acc=1543 [688s]
[E-678 s421] best=72873.68 (+-379.79 vs bank) it=1545 acc=1545 [688s]
[E-678 s421] best=72873.78 (+-379.70 vs bank) it=1550 acc=1550 [691s]
[E-678 s421] best=72874.44 (+-379.04 vs bank) it=1554 acc=1554 [693s]
[E-678 s421] best=72874.61 (+-378.87 vs bank) it=1555 acc=1555 [693s]
[E-678 s421] best=72875.48 (+-378.00 vs bank) it=1564 acc=1564 [697s]
[E-678 s421] best=72875.84 (+-377.64 vs bank) it=1569 acc=1569 [699s]
[E-678 s421] best=72876.07 (+-377.41 vs bank) it=1570 acc=1570 [700s]
[E-678 s421] best=72877.56 (+-375.92 vs bank) it=1573 acc=1573 [701s]
[E-678 s421] best=72877.87 (+-375.61 vs bank) it=1575 acc=1575 [702s]
[E-678 s421] best=72879.12 (+-374.35 vs bank) it=1578 acc=1578 [703s]
[E-678 s421] it=1600 cur=72879.12 best=72879.12 [713s]
[E-678 s421] best=72879.65 (+-373.83 vs bank) it=1610 acc=1610 [718s]
[E-678 s421] best=72879.82 (+-373.66 vs bank) it=1611 acc=1611 [719s]
[E-678 s421] best=72881.07 (+-372.41 vs bank) it=1615 acc=1615 [721s]
[E-678 s421] best=72881.22 (+-372.26 vs bank) it=1659 acc=1659 [741s]
[E-678 s421] best=72881.26 (+-372.22 vs bank) it=1667 acc=1667 [745s]
[E-678 s421] best=72882.10 (+-371.38 vs bank) it=1673 acc=1673 [747s]
[E-678 s421] best=72884.93 (+-368.55 vs bank) it=1676 acc=1676 [748s]
[E-678 s421] it=1700 cur=72884.93 best=72884.93 [761s]
[E-678 s421] best=72885.89 (+-367.59 vs bank) it=1718 acc=1718 [772s]
[E-678 s421] best=72886.84 (+-366.64 vs bank) it=1719 acc=1719 [773s]
[E-678 s421] best=72890.02 (+-363.46 vs bank) it=1727 acc=1727 [778s]
[E-678 s421] best=72890.33 (+-363.15 vs bank) it=1732 acc=1732 [781s]
[E-678 s421] best=72890.69 (+-362.79 vs bank) it=1749 acc=1749 [791s]
[E-678 s421] best=72893.61 (+-359.87 vs bank) it=1755 acc=1755 [794s]
[E-678 s421] best=72895.70 (+-357.78 vs bank) it=1759 acc=1759 [796s]
[E-678 s421] best=72896.17 (+-357.31 vs bank) it=1760 acc=1760 [797s]
[E-678 s421] best=72896.81 (+-356.67 vs bank) it=1764 acc=1764 [799s]
[E-678 s421] it=1800 cur=72896.81 best=72896.81 [820s]
[E-678 s421] best=72897.49 (+-355.99 vs bank) it=1887 acc=1887 [884s]
[E-678 s421] best=72898.20 (+-355.28 vs bank) it=1889 acc=1889 [886s]
[E-678 s421] best=72899.03 (+-354.45 vs bank) it=1898 acc=1898 [894s]
[E-678 s421] best=72899.51 (+-353.97 vs bank) it=1900 acc=1900 [895s]
[E-678 s421] it=1900 cur=72899.51 best=72899.51 [895s]
[E-678 s421] best=72900.09 (+-353.39 vs bank) it=1984 acc=1984 [952s]
[E-678 s421] best=72901.07 (+-352.41 vs bank) it=1989 acc=1989 [956s]
[E-678 s421] best=72902.33 (+-351.15 vs bank) it=1998 acc=1998 [962s]
[E-678 s421] best=72902.81 (+-350.67 vs bank) it=2000 acc=2000 [964s]
[E-678 s421] it=2000 cur=72902.81 best=72902.81 [964s]
[E-678 s421] best=72904.62 (+-348.86 vs bank) it=2050 acc=2050 [1004s]
[E-678 s421] best=72904.65 (+-348.83 vs bank) it=2065 acc=2065 [1017s]
[E-678 s421] best=72906.70 (+-346.78 vs bank) it=2089 acc=2089 [1037s]
[E-678 s421] best=72906.76 (+-346.72 vs bank) it=2096 acc=2096 [1041s]
[E-678 s421] it=2100 cur=72906.76 best=72906.76 [1044s]
[E-678 s421] best=72907.03 (+-346.45 vs bank) it=2138 acc=2138 [1075s]
[E-678 s421] best=72907.62 (+-345.86 vs bank) it=2152 acc=2152 [1085s]
[E-678 s421] best=72909.35 (+-344.12 vs bank) it=2154 acc=2154 [1087s]
[E-678 s421] best=72909.65 (+-343.83 vs bank) it=2177 acc=2177 [1104s]
[E-678 s421] it=2200 cur=72909.65 best=72909.65 [1123s]
[E-678 s421] best=72910.56 (+-342.92 vs bank) it=2240 acc=2240 [1142s]
[E-678 s421] it=2300 cur=72910.56 best=72910.56 [1170s]
[E-678 s421] best=72911.09 (+-342.39 vs bank) it=2306 acc=2306 [1172s]
[E-678 s421] best=72912.78 (+-340.70 vs bank) it=2333 acc=2333 [1185s]
[E-678 s421] best=72914.10 (+-339.38 vs bank) it=2368 acc=2368 [1202s]
[E-678 s421] it=2400 cur=72914.10 best=72914.10 [1216s]
[E-678 s421] best=72914.27 (+-339.21 vs bank) it=2463 acc=2463 [1266s]
[E-678 s421] it=2500 cur=72914.27 best=72914.27 [1296s]
[E-678 s421] best=72914.96 (+-338.52 vs bank) it=2518 acc=2518 [1310s]
[E-678 s421] best=72916.08 (+-337.40 vs bank) it=2521 acc=2521 [1313s]
[E-678 s421] best=72916.68 (+-336.80 vs bank) it=2524 acc=2524 [1315s]
[E-678 s421] best=72919.15 (+-334.33 vs bank) it=2530 acc=2530 [1320s]
[E-678 s421] it=2600 cur=72919.15 best=72919.15 [1378s]
[E-678 s421] best=72919.21 (+-334.27 vs bank) it=2604 acc=2604 [1381s]
[E-678 s421] best=72920.57 (+-332.91 vs bank) it=2610 acc=2610 [1385s]
[E-678 s421] best=72920.60 (+-332.88 vs bank) it=2631 acc=2631 [1400s]
[E-678 s421] best=72922.43 (+-331.05 vs bank) it=2653 acc=2653 [1413s]
[E-678 s421] best=72922.94 (+-330.54 vs bank) it=2655 acc=2655 [1415s]
[E-678 s421] best=72923.43 (+-330.05 vs bank) it=2657 acc=2657 [1416s]
[E-678 s421] best=72926.27 (+-327.21 vs bank) it=2674 acc=2674 [1428s]
[E-678 s421] best=72927.42 (+-326.06 vs bank) it=2687 acc=2687 [1439s]
[E-678 s421] best=72927.85 (+-325.63 vs bank) it=2688 acc=2688 [1440s]
[E-678 s421] best=72928.68 (+-324.80 vs bank) it=2692 acc=2692 [1443s]
[E-678 s421] best=72930.55 (+-322.93 vs bank) it=2695 acc=2695 [1446s]
[E-678 s421] best=72931.02 (+-322.46 vs bank) it=2696 acc=2696 [1446s]
[E-678 s421] it=2700 cur=72931.02 best=72931.02 [1450s]
[E-678 s421] best=72931.19 (+-322.29 vs bank) it=2701 acc=2701 [1451s]
[E-678 s421] best=72931.73 (+-321.75 vs bank) it=2705 acc=2705 [1454s]
[E-678 s421] best=72931.85 (+-321.63 vs bank) it=2710 acc=2710 [1459s]
[E-678 s421] best=72932.87 (+-320.61 vs bank) it=2717 acc=2717 [1464s]
[E-678 s421] best=72933.22 (+-320.26 vs bank) it=2754 acc=2754 [1491s]
[E-678 s421] best=72933.71 (+-319.77 vs bank) it=2757 acc=2757 [1494s]
[E-678 s421] best=72935.23 (+-318.25 vs bank) it=2764 acc=2764 [1499s]
[E-678 s421] best=72935.96 (+-317.52 vs bank) it=2767 acc=2767 [1501s]
[E-678 s421] best=72936.10 (+-317.38 vs bank) it=2768 acc=2768 [1502s]
[E-678 s421] best=72938.05 (+-315.43 vs bank) it=2769 acc=2769 [1502s]
[E-678 s421] best=72938.39 (+-315.09 vs bank) it=2783 acc=2783 [1512s]
[E-678 s421] best=72938.95 (+-314.53 vs bank) it=2785 acc=2785 [1514s]
[E-678 s421] best=72940.55 (+-312.93 vs bank) it=2790 acc=2790 [1517s]
[E-678 s421] it=2800 cur=72940.55 best=72940.55 [1525s]
[E-678 s421] best=72942.32 (+-311.16 vs bank) it=2803 acc=2803 [1528s]
[E-678 s421] best=72943.11 (+-310.37 vs bank) it=2807 acc=2807 [1531s]
[E-678 s421] best=72944.18 (+-309.29 vs bank) it=2808 acc=2808 [1531s]
[E-678 s421] best=72944.98 (+-308.50 vs bank) it=2815 acc=2815 [1536s]
[E-678 s421] best=72946.01 (+-307.47 vs bank) it=2820 acc=2820 [1540s]
[E-678 s421] best=72946.04 (+-307.44 vs bank) it=2828 acc=2828 [1545s]
[E-678 s421] best=72946.57 (+-306.91 vs bank) it=2832 acc=2832 [1548s]
[E-678 s421] best=72946.78 (+-306.70 vs bank) it=2834 acc=2834 [1549s]
[E-678 s421] best=72950.01 (+-303.47 vs bank) it=2835 acc=2835 [1550s]
[E-678 s421] best=72950.18 (+-303.30 vs bank) it=2864 acc=2864 [1573s]
[E-678 s421] best=72950.74 (+-302.74 vs bank) it=2870 acc=2870 [1576s]
[E-678 s421] best=72951.52 (+-301.96 vs bank) it=2872 acc=2872 [1578s]
[E-678 s421] best=72955.59 (+-297.89 vs bank) it=2886 acc=2886 [1586s]
[E-678 s421] best=72955.85 (+-297.63 vs bank) it=2888 acc=2888 [1588s]
[E-678 s421] it=2900 cur=72955.85 best=72955.85 [1595s]
[E-678 s421] best=72957.35 (+-296.13 vs bank) it=2927 acc=2927 [1614s]
[E-678 s421] best=72957.84 (+-295.64 vs bank) it=2984 acc=2984 [1650s]
[E-678 s421] DONE best=72957.84 (+-295.64 vs bank) [1660s]
