[E-678 s1] LP-rounded start=69503.05 sel=8589 | bank=72206.52 leader=73714.03 | random-destroy 0.25
[E-678 s1] best=70362.07 (+-1844.45 vs bank) it=0 acc=0 [0s]
[E-678 s1] best=70795.24 (+-1411.28 vs bank) it=1 acc=1 [1s]
[E-678 s1] best=71036.31 (+-1170.21 vs bank) it=2 acc=2 [1s]
[E-678 s1] best=71201.47 (+-1005.05 vs bank) it=3 acc=3 [2s]
[E-678 s1] best=71346.88 (+-859.64 vs bank) it=4 acc=4 [2s]
[E-678 s1] best=71424.26 (+-782.26 vs bank) it=5 acc=5 [3s]
[E-678 s1] best=71533.95 (+-672.57 vs bank) it=6 acc=6 [3s]
[E-678 s1] best=71615.06 (+-591.46 vs bank) it=7 acc=7 [3s]
[E-678 s1] best=71673.28 (+-533.24 vs bank) it=8 acc=8 [4s]
[E-678 s1] best=71721.95 (+-484.57 vs bank) it=9 acc=9 [4s]
[E-678 s1] best=71765.68 (+-440.84 vs bank) it=10 acc=10 [4s]
[E-678 s1] best=71792.40 (+-414.12 vs bank) it=11 acc=11 [5s]
[E-678 s1] best=71830.55 (+-375.97 vs bank) it=12 acc=12 [5s]
[E-678 s1] best=71857.03 (+-349.49 vs bank) it=13 acc=13 [5s]
[E-678 s1] best=71890.82 (+-315.70 vs bank) it=14 acc=14 [6s]
[E-678 s1] best=71909.35 (+-297.17 vs bank) it=15 acc=15 [6s]
[E-678 s1] best=71942.70 (+-263.82 vs bank) it=16 acc=16 [7s]
[E-678 s1] best=71956.47 (+-250.05 vs bank) it=17 acc=17 [7s]
[E-678 s1] best=71967.14 (+-239.38 vs bank) it=18 acc=18 [8s]
[E-678 s1] best=71986.13 (+-220.39 vs bank) it=19 acc=19 [8s]
[E-678 s1] best=71996.41 (+-210.11 vs bank) it=20 acc=20 [8s]
[E-678 s1] best=72008.81 (+-197.71 vs bank) it=21 acc=21 [9s]
[E-678 s1] best=72033.34 (+-173.18 vs bank) it=22 acc=22 [9s]
[E-678 s1] best=72051.29 (+-155.24 vs bank) it=23 acc=23 [10s]
[E-678 s1] best=72065.04 (+-141.48 vs bank) it=24 acc=24 [10s]
[E-678 s1] best=72070.61 (+-135.91 vs bank) it=25 acc=25 [10s]
[E-678 s1] best=72088.93 (+-117.59 vs bank) it=26 acc=26 [11s]
[E-678 s1] best=72105.37 (+-101.15 vs bank) it=27 acc=27 [11s]
[E-678 s1] best=72108.35 (+-98.17 vs bank) it=28 acc=28 [11s]
[E-678 s1] best=72115.36 (+-91.16 vs bank) it=29 acc=29 [12s]
[E-678 s1] best=72116.71 (+-89.81 vs bank) it=30 acc=30 [12s]
[E-678 s1] best=72123.71 (+-82.81 vs bank) it=31 acc=31 [12s]
[E-678 s1] best=72133.27 (+-73.25 vs bank) it=32 acc=32 [12s]
[E-678 s1] best=72142.87 (+-63.65 vs bank) it=33 acc=33 [13s]
[E-678 s1] best=72150.24 (+-56.28 vs bank) it=34 acc=34 [13s]
[E-678 s1] best=72159.73 (+-46.79 vs bank) it=35 acc=35 [13s]
[E-678 s1] best=72165.60 (+-40.92 vs bank) it=36 acc=36 [14s]
[E-678 s1] best=72174.70 (+-31.82 vs bank) it=37 acc=37 [14s]
[E-678 s1] best=72177.59 (+-28.93 vs bank) it=38 acc=38 [14s]
[E-678 s1] best=72184.85 (+-21.68 vs bank) it=39 acc=39 [15s]
[E-678 s1] best=72195.42 (+-11.10 vs bank) it=40 acc=40 [15s]
[E-678 s1] best=72196.43 (+-10.09 vs bank) it=41 acc=41 [15s]
[E-678 s1] best=72205.20 (+-1.32 vs bank) it=42 acc=42 [15s]
[E-678 s1] best=72206.75 (+0.23 vs bank) it=43 acc=43 *** BEATS BANK feas=True [16s]
[E-678 s1] best=72212.61 (+6.09 vs bank) it=44 acc=44 *** BEATS BANK feas=True [16s]
[E-678 s1] best=72213.94 (+7.42 vs bank) it=45 acc=45 *** BEATS BANK feas=True [17s]
[E-678 s1] best=72220.94 (+14.42 vs bank) it=46 acc=46 *** BEATS BANK feas=True [17s]
[E-678 s1] best=72224.54 (+18.02 vs bank) it=47 acc=47 *** BEATS BANK feas=True [18s]
[E-678 s1] best=72227.90 (+21.38 vs bank) it=48 acc=48 *** BEATS BANK feas=True [18s]
[E-678 s1] best=72229.76 (+23.24 vs bank) it=49 acc=49 *** BEATS BANK feas=True [19s]
[E-678 s1] best=72234.76 (+28.24 vs bank) it=50 acc=50 *** BEATS BANK feas=True [19s]
[E-678 s1] best=72238.31 (+31.79 vs bank) it=51 acc=51 *** BEATS BANK feas=True [20s]
[E-678 s1] best=72239.03 (+32.51 vs bank) it=52 acc=52 *** BEATS BANK feas=True [20s]
[E-678 s1] best=72240.77 (+34.25 vs bank) it=53 acc=53 *** BEATS BANK feas=True [21s]
[E-678 s1] best=72247.73 (+41.21 vs bank) it=54 acc=54 *** BEATS BANK feas=True [21s]
[E-678 s1] best=72253.38 (+46.86 vs bank) it=55 acc=55 *** BEATS BANK feas=True [22s]
[E-678 s1] best=72253.58 (+47.06 vs bank) it=56 acc=56 *** BEATS BANK feas=True [22s]
[E-678 s1] best=72256.15 (+49.63 vs bank) it=57 acc=57 *** BEATS BANK feas=True [22s]
[E-678 s1] best=72259.08 (+52.56 vs bank) it=58 acc=58 *** BEATS BANK feas=True [23s]
[E-678 s1] best=72264.73 (+58.21 vs bank) it=60 acc=60 *** BEATS BANK feas=True [24s]
[E-678 s1] best=72266.54 (+60.02 vs bank) it=61 acc=61 *** BEATS BANK feas=True [24s]
[E-678 s1] best=72273.97 (+67.45 vs bank) it=62 acc=62 *** BEATS BANK feas=True [24s]
[E-678 s1] best=72276.89 (+70.37 vs bank) it=63 acc=63 *** BEATS BANK feas=True [25s]
[E-678 s1] best=72279.17 (+72.65 vs bank) it=64 acc=64 *** BEATS BANK feas=True [25s]
[E-678 s1] best=72282.92 (+76.40 vs bank) it=65 acc=65 *** BEATS BANK feas=True [26s]
[E-678 s1] best=72287.54 (+81.02 vs bank) it=66 acc=66 *** BEATS BANK feas=True [26s]
[E-678 s1] best=72296.58 (+90.06 vs bank) it=67 acc=67 *** BEATS BANK feas=True [27s]
[E-678 s1] best=72298.12 (+91.60 vs bank) it=68 acc=68 *** BEATS BANK feas=True [27s]
[E-678 s1] best=72305.94 (+99.42 vs bank) it=69 acc=69 *** BEATS BANK feas=True [27s]
[E-678 s1] best=72306.69 (+100.17 vs bank) it=70 acc=70 *** BEATS BANK feas=True [28s]
[E-678 s1] best=72312.20 (+105.68 vs bank) it=71 acc=71 *** BEATS BANK feas=True [28s]
[E-678 s1] best=72315.78 (+109.26 vs bank) it=72 acc=72 *** BEATS BANK feas=True [29s]
[E-678 s1] best=72315.98 (+109.46 vs bank) it=73 acc=73 *** BEATS BANK feas=True [29s]
[E-678 s1] best=72320.07 (+113.54 vs bank) it=75 acc=75 *** BEATS BANK feas=True [30s]
[E-678 s1] best=72324.06 (+117.54 vs bank) it=76 acc=76 *** BEATS BANK feas=True [30s]
[E-678 s1] best=72325.41 (+118.89 vs bank) it=77 acc=77 *** BEATS BANK feas=True [31s]
[E-678 s1] best=72328.19 (+121.67 vs bank) it=78 acc=78 *** BEATS BANK feas=True [31s]
[E-678 s1] best=72328.31 (+121.79 vs bank) it=79 acc=79 *** BEATS BANK feas=True [32s]
[E-678 s1] best=72336.13 (+129.61 vs bank) it=80 acc=80 *** BEATS BANK feas=True [32s]
[E-678 s1] best=72336.25 (+129.73 vs bank) it=81 acc=81 *** BEATS BANK feas=True [33s]
[E-678 s1] best=72338.10 (+131.58 vs bank) it=82 acc=82 *** BEATS BANK feas=True [33s]
[E-678 s1] best=72341.00 (+134.48 vs bank) it=84 acc=84 *** BEATS BANK feas=True [34s]
[E-678 s1] best=72341.21 (+134.69 vs bank) it=85 acc=85 *** BEATS BANK feas=True [34s]
[E-678 s1] best=72344.20 (+137.68 vs bank) it=87 acc=87 *** BEATS BANK feas=True [35s]
[E-678 s1] best=72345.87 (+139.35 vs bank) it=88 acc=88 *** BEATS BANK feas=True [35s]
[E-678 s1] best=72347.21 (+140.69 vs bank) it=90 acc=90 *** BEATS BANK feas=True [36s]
[E-678 s1] best=72348.03 (+141.51 vs bank) it=91 acc=91 *** BEATS BANK feas=True [37s]
[E-678 s1] best=72349.06 (+142.54 vs bank) it=92 acc=92 *** BEATS BANK feas=True [37s]
[E-678 s1] best=72351.47 (+144.95 vs bank) it=93 acc=93 *** BEATS BANK feas=True [38s]
[E-678 s1] best=72354.49 (+147.97 vs bank) it=94 acc=94 *** BEATS BANK feas=True [38s]
[E-678 s1] best=72355.48 (+148.96 vs bank) it=95 acc=95 *** BEATS BANK feas=True [39s]
[E-678 s1] best=72355.58 (+149.06 vs bank) it=96 acc=96 *** BEATS BANK feas=True [39s]
[E-678 s1] best=72356.26 (+149.74 vs bank) it=97 acc=97 *** BEATS BANK feas=True [39s]
[E-678 s1] best=72358.74 (+152.22 vs bank) it=98 acc=98 *** BEATS BANK feas=True [40s]
[E-678 s1] best=72365.33 (+158.81 vs bank) it=99 acc=99 *** BEATS BANK feas=True [40s]
[E-678 s1] best=72366.40 (+159.88 vs bank) it=100 acc=100 *** BEATS BANK feas=True [41s]
[E-678 s1] it=100 cur=72366.40 best=72366.40 [41s]
[E-678 s1] best=72370.66 (+164.14 vs bank) it=101 acc=101 *** BEATS BANK feas=True [41s]
[E-678 s1] best=72371.62 (+165.10 vs bank) it=102 acc=102 *** BEATS BANK feas=True [41s]
[E-678 s1] best=72373.23 (+166.71 vs bank) it=103 acc=103 *** BEATS BANK feas=True [42s]
[E-678 s1] best=72374.21 (+167.69 vs bank) it=104 acc=104 *** BEATS BANK feas=True [42s]
[E-678 s1] best=72376.69 (+170.17 vs bank) it=105 acc=105 *** BEATS BANK feas=True [43s]
[E-678 s1] best=72380.30 (+173.78 vs bank) it=106 acc=106 *** BEATS BANK feas=True [43s]
[E-678 s1] best=72383.60 (+177.08 vs bank) it=107 acc=107 *** BEATS BANK feas=True [44s]
[E-678 s1] best=72383.99 (+177.47 vs bank) it=108 acc=108 *** BEATS BANK feas=True [44s]
[E-678 s1] best=72387.87 (+181.35 vs bank) it=109 acc=109 *** BEATS BANK feas=True [45s]
[E-678 s1] best=72390.46 (+183.94 vs bank) it=110 acc=110 *** BEATS BANK feas=True [45s]
[E-678 s1] best=72394.96 (+188.43 vs bank) it=111 acc=111 *** BEATS BANK feas=True [46s]
[E-678 s1] best=72399.27 (+192.75 vs bank) it=113 acc=113 *** BEATS BANK feas=True [46s]
[E-678 s1] best=72399.47 (+192.95 vs bank) it=114 acc=114 *** BEATS BANK feas=True [47s]
[E-678 s1] best=72400.42 (+193.90 vs bank) it=115 acc=115 *** BEATS BANK feas=True [47s]
[E-678 s1] best=72403.85 (+197.33 vs bank) it=116 acc=116 *** BEATS BANK feas=True [48s]
[E-678 s1] best=72404.72 (+198.20 vs bank) it=117 acc=117 *** BEATS BANK feas=True [48s]
[E-678 s1] best=72407.46 (+200.94 vs bank) it=118 acc=118 *** BEATS BANK feas=True [49s]
[E-678 s1] best=72408.43 (+201.91 vs bank) it=119 acc=119 *** BEATS BANK feas=True [49s]
[E-678 s1] best=72409.21 (+202.69 vs bank) it=120 acc=120 *** BEATS BANK feas=True [49s]
[E-678 s1] best=72411.30 (+204.78 vs bank) it=121 acc=121 *** BEATS BANK feas=True [50s]
[E-678 s1] best=72413.13 (+206.61 vs bank) it=122 acc=122 *** BEATS BANK feas=True [50s]
[E-678 s1] best=72420.84 (+214.32 vs bank) it=124 acc=124 *** BEATS BANK feas=True [51s]
[E-678 s1] best=72422.36 (+215.84 vs bank) it=125 acc=125 *** BEATS BANK feas=True [52s]
[E-678 s1] best=72426.71 (+220.19 vs bank) it=126 acc=126 *** BEATS BANK feas=True [52s]
[E-678 s1] best=72436.15 (+229.63 vs bank) it=127 acc=127 *** BEATS BANK feas=True [53s]
[E-678 s1] best=72437.40 (+230.88 vs bank) it=130 acc=130 *** BEATS BANK feas=True [54s]
[E-678 s1] best=72440.83 (+234.31 vs bank) it=131 acc=131 *** BEATS BANK feas=True [55s]
[E-678 s1] best=72441.53 (+235.01 vs bank) it=132 acc=132 *** BEATS BANK feas=True [55s]
[E-678 s1] best=72443.98 (+237.46 vs bank) it=133 acc=133 *** BEATS BANK feas=True [56s]
[E-678 s1] best=72444.74 (+238.22 vs bank) it=134 acc=134 *** BEATS BANK feas=True [56s]
[E-678 s1] best=72444.93 (+238.41 vs bank) it=135 acc=135 *** BEATS BANK feas=True [57s]
[E-678 s1] best=72447.91 (+241.39 vs bank) it=136 acc=136 *** BEATS BANK feas=True [57s]
[E-678 s1] best=72460.80 (+254.28 vs bank) it=137 acc=137 *** BEATS BANK feas=True [58s]
[E-678 s1] best=72464.76 (+258.24 vs bank) it=138 acc=138 *** BEATS BANK feas=True [58s]
[E-678 s1] best=72468.21 (+261.69 vs bank) it=140 acc=140 *** BEATS BANK feas=True [59s]
[E-678 s1] best=72469.60 (+263.08 vs bank) it=141 acc=141 *** BEATS BANK feas=True [59s]
[E-678 s1] best=72469.60 (+263.08 vs bank) it=142 acc=142 *** BEATS BANK feas=True [59s]
[E-678 s1] best=72470.70 (+264.18 vs bank) it=144 acc=144 *** BEATS BANK feas=True [60s]
[E-678 s1] best=72472.41 (+265.89 vs bank) it=145 acc=145 *** BEATS BANK feas=True [61s]
[E-678 s1] best=72473.49 (+266.97 vs bank) it=149 acc=149 *** BEATS BANK feas=True [62s]
[E-678 s1] best=72475.28 (+268.76 vs bank) it=150 acc=150 *** BEATS BANK feas=True [62s]
[E-678 s1] best=72476.40 (+269.88 vs bank) it=151 acc=151 *** BEATS BANK feas=True [63s]
[E-678 s1] best=72479.45 (+272.93 vs bank) it=156 acc=156 *** BEATS BANK feas=True [65s]
[E-678 s1] best=72480.67 (+274.15 vs bank) it=158 acc=158 *** BEATS BANK feas=True [65s]
[E-678 s1] best=72482.11 (+275.59 vs bank) it=159 acc=159 *** BEATS BANK feas=True [66s]
[E-678 s1] best=72483.03 (+276.51 vs bank) it=162 acc=162 *** BEATS BANK feas=True [67s]
[E-678 s1] best=72484.46 (+277.94 vs bank) it=165 acc=165 *** BEATS BANK feas=True [68s]
[E-678 s1] best=72485.02 (+278.50 vs bank) it=166 acc=166 *** BEATS BANK feas=True [69s]
[E-678 s1] best=72490.33 (+283.81 vs bank) it=168 acc=168 *** BEATS BANK feas=True [70s]
[E-678 s1] best=72491.69 (+285.17 vs bank) it=169 acc=169 *** BEATS BANK feas=True [70s]
[E-678 s1] best=72491.84 (+285.32 vs bank) it=170 acc=170 *** BEATS BANK feas=True [70s]
[E-678 s1] best=72495.86 (+289.34 vs bank) it=172 acc=172 *** BEATS BANK feas=True [71s]
[E-678 s1] best=72498.90 (+292.38 vs bank) it=173 acc=173 *** BEATS BANK feas=True [72s]
[E-678 s1] best=72504.46 (+297.94 vs bank) it=174 acc=174 *** BEATS BANK feas=True [72s]
[E-678 s1] best=72505.04 (+298.52 vs bank) it=175 acc=175 *** BEATS BANK feas=True [73s]
[E-678 s1] best=72506.45 (+299.93 vs bank) it=176 acc=176 *** BEATS BANK feas=True [73s]
[E-678 s1] best=72507.54 (+301.02 vs bank) it=177 acc=177 *** BEATS BANK feas=True [73s]
[E-678 s1] best=72514.22 (+307.70 vs bank) it=178 acc=178 *** BEATS BANK feas=True [74s]
[E-678 s1] best=72514.40 (+307.88 vs bank) it=179 acc=179 *** BEATS BANK feas=True [74s]
[E-678 s1] best=72514.54 (+308.02 vs bank) it=180 acc=180 *** BEATS BANK feas=True [75s]
[E-678 s1] best=72518.32 (+311.80 vs bank) it=181 acc=181 *** BEATS BANK feas=True [75s]
[E-678 s1] best=72521.96 (+315.44 vs bank) it=183 acc=183 *** BEATS BANK feas=True [76s]
[E-678 s1] best=72522.56 (+316.04 vs bank) it=184 acc=184 *** BEATS BANK feas=True [76s]
[E-678 s1] best=72524.14 (+317.62 vs bank) it=187 acc=187 *** BEATS BANK feas=True [78s]
[E-678 s1] best=72525.21 (+318.69 vs bank) it=189 acc=189 *** BEATS BANK feas=True [78s]
[E-678 s1] best=72527.60 (+321.08 vs bank) it=194 acc=194 *** BEATS BANK feas=True [80s]
[E-678 s1] best=72530.26 (+323.74 vs bank) it=197 acc=197 *** BEATS BANK feas=True [81s]
[E-678 s1] best=72530.60 (+324.08 vs bank) it=199 acc=199 *** BEATS BANK feas=True [82s]
[E-678 s1] it=200 cur=72530.60 best=72530.60 [83s]
[E-678 s1] best=72531.82 (+325.30 vs bank) it=201 acc=201 *** BEATS BANK feas=True [83s]
[E-678 s1] best=72534.19 (+327.67 vs bank) it=203 acc=203 *** BEATS BANK feas=True [83s]
[E-678 s1] best=72534.31 (+327.79 vs bank) it=204 acc=204 *** BEATS BANK feas=True [84s]
[E-678 s1] best=72534.32 (+327.80 vs bank) it=206 acc=206 *** BEATS BANK feas=True [84s]
[E-678 s1] best=72535.69 (+329.17 vs bank) it=208 acc=208 *** BEATS BANK feas=True [85s]
[E-678 s1] best=72536.25 (+329.73 vs bank) it=210 acc=210 *** BEATS BANK feas=True [85s]
[E-678 s1] best=72539.28 (+332.76 vs bank) it=211 acc=211 *** BEATS BANK feas=True [86s]
[E-678 s1] best=72541.85 (+335.33 vs bank) it=212 acc=212 *** BEATS BANK feas=True [86s]
[E-678 s1] best=72542.59 (+336.07 vs bank) it=215 acc=215 *** BEATS BANK feas=True [87s]
[E-678 s1] best=72544.69 (+338.17 vs bank) it=217 acc=217 *** BEATS BANK feas=True [88s]
[E-678 s1] best=72545.43 (+338.91 vs bank) it=219 acc=219 *** BEATS BANK feas=True [89s]
[E-678 s1] best=72545.64 (+339.12 vs bank) it=222 acc=222 *** BEATS BANK feas=True [89s]
[E-678 s1] best=72546.23 (+339.71 vs bank) it=224 acc=224 *** BEATS BANK feas=True [90s]
[E-678 s1] best=72548.85 (+342.33 vs bank) it=225 acc=225 *** BEATS BANK feas=True [91s]
[E-678 s1] best=72551.66 (+345.14 vs bank) it=227 acc=227 *** BEATS BANK feas=True [91s]
[E-678 s1] best=72555.23 (+348.71 vs bank) it=229 acc=229 *** BEATS BANK feas=True [92s]
[E-678 s1] best=72555.63 (+349.11 vs bank) it=231 acc=231 *** BEATS BANK feas=True [93s]
[E-678 s1] best=72560.52 (+354.00 vs bank) it=232 acc=232 *** BEATS BANK feas=True [94s]
[E-678 s1] best=72561.52 (+355.00 vs bank) it=234 acc=234 *** BEATS BANK feas=True [94s]
[E-678 s1] best=72563.77 (+357.25 vs bank) it=236 acc=236 *** BEATS BANK feas=True [95s]
[E-678 s1] best=72566.71 (+360.19 vs bank) it=237 acc=237 *** BEATS BANK feas=True [96s]
[E-678 s1] best=72567.11 (+360.59 vs bank) it=238 acc=238 *** BEATS BANK feas=True [96s]
[E-678 s1] best=72567.74 (+361.22 vs bank) it=239 acc=239 *** BEATS BANK feas=True [96s]
[E-678 s1] best=72568.61 (+362.09 vs bank) it=244 acc=244 *** BEATS BANK feas=True [97s]
[E-678 s1] best=72570.78 (+364.26 vs bank) it=248 acc=248 *** BEATS BANK feas=True [99s]
[E-678 s1] best=72571.09 (+364.57 vs bank) it=252 acc=252 *** BEATS BANK feas=True [101s]
[E-678 s1] best=72571.43 (+364.91 vs bank) it=253 acc=253 *** BEATS BANK feas=True [101s]
[E-678 s1] best=72572.59 (+366.07 vs bank) it=255 acc=255 *** BEATS BANK feas=True [102s]
[E-678 s1] best=72578.03 (+371.51 vs bank) it=260 acc=260 *** BEATS BANK feas=True [104s]
[E-678 s1] best=72579.45 (+372.93 vs bank) it=263 acc=263 *** BEATS BANK feas=True [105s]
[E-678 s1] best=72580.06 (+373.54 vs bank) it=265 acc=265 *** BEATS BANK feas=True [105s]
[E-678 s1] best=72580.91 (+374.39 vs bank) it=269 acc=269 *** BEATS BANK feas=True [106s]
[E-678 s1] best=72582.79 (+376.26 vs bank) it=271 acc=271 *** BEATS BANK feas=True [107s]
[E-678 s1] best=72584.05 (+377.53 vs bank) it=283 acc=283 *** BEATS BANK feas=True [111s]
[E-678 s1] best=72584.69 (+378.17 vs bank) it=284 acc=284 *** BEATS BANK feas=True [111s]
[E-678 s1] best=72586.04 (+379.52 vs bank) it=288 acc=288 *** BEATS BANK feas=True [113s]
[E-678 s1] best=72586.55 (+380.03 vs bank) it=293 acc=293 *** BEATS BANK feas=True [115s]
[E-678 s1] best=72586.60 (+380.08 vs bank) it=294 acc=294 *** BEATS BANK feas=True [115s]
[E-678 s1] best=72587.67 (+381.15 vs bank) it=295 acc=295 *** BEATS BANK feas=True [116s]
[E-678 s1] best=72588.57 (+382.05 vs bank) it=296 acc=296 *** BEATS BANK feas=True [116s]
[E-678 s1] it=300 cur=72588.57 best=72588.57 [118s]
[E-678 s1] best=72589.92 (+383.40 vs bank) it=312 acc=312 *** BEATS BANK feas=True [122s]
[E-678 s1] best=72595.27 (+388.75 vs bank) it=314 acc=314 *** BEATS BANK feas=True [122s]
[E-678 s1] best=72596.19 (+389.67 vs bank) it=316 acc=316 *** BEATS BANK feas=True [123s]
[E-678 s1] best=72596.29 (+389.77 vs bank) it=320 acc=320 *** BEATS BANK feas=True [124s]
[E-678 s1] best=72596.67 (+390.15 vs bank) it=323 acc=323 *** BEATS BANK feas=True [125s]
[E-678 s1] best=72598.73 (+392.21 vs bank) it=325 acc=325 *** BEATS BANK feas=True [126s]
[E-678 s1] best=72599.18 (+392.66 vs bank) it=326 acc=326 *** BEATS BANK feas=True [126s]
[E-678 s1] best=72600.90 (+394.38 vs bank) it=327 acc=327 *** BEATS BANK feas=True [126s]
[E-678 s1] best=72601.86 (+395.34 vs bank) it=328 acc=328 *** BEATS BANK feas=True [127s]
[E-678 s1] best=72603.71 (+397.19 vs bank) it=329 acc=329 *** BEATS BANK feas=True [127s]
[E-678 s1] best=72604.64 (+398.12 vs bank) it=331 acc=331 *** BEATS BANK feas=True [128s]
[E-678 s1] best=72605.49 (+398.97 vs bank) it=343 acc=343 *** BEATS BANK feas=True [132s]
[E-678 s1] best=72605.71 (+399.19 vs bank) it=344 acc=344 *** BEATS BANK feas=True [133s]
[E-678 s1] best=72605.76 (+399.24 vs bank) it=345 acc=345 *** BEATS BANK feas=True [133s]
[E-678 s1] best=72607.04 (+400.52 vs bank) it=347 acc=347 *** BEATS BANK feas=True [134s]
[E-678 s1] best=72609.92 (+403.40 vs bank) it=348 acc=348 *** BEATS BANK feas=True [135s]
[E-678 s1] best=72611.49 (+404.97 vs bank) it=349 acc=349 *** BEATS BANK feas=True [135s]
[E-678 s1] best=72611.66 (+405.14 vs bank) it=353 acc=353 *** BEATS BANK feas=True [137s]
[E-678 s1] best=72612.96 (+406.44 vs bank) it=357 acc=357 *** BEATS BANK feas=True [138s]
[E-678 s1] best=72613.29 (+406.77 vs bank) it=358 acc=358 *** BEATS BANK feas=True [138s]
[E-678 s1] best=72613.42 (+406.90 vs bank) it=361 acc=361 *** BEATS BANK feas=True [139s]
[E-678 s1] best=72613.98 (+407.46 vs bank) it=362 acc=362 *** BEATS BANK feas=True [139s]
[E-678 s1] best=72614.59 (+408.07 vs bank) it=363 acc=363 *** BEATS BANK feas=True [140s]
[E-678 s1] best=72614.68 (+408.16 vs bank) it=365 acc=365 *** BEATS BANK feas=True [141s]
[E-678 s1] best=72618.09 (+411.57 vs bank) it=371 acc=371 *** BEATS BANK feas=True [143s]
[E-678 s1] best=72619.05 (+412.53 vs bank) it=375 acc=375 *** BEATS BANK feas=True [144s]
[E-678 s1] best=72622.49 (+415.97 vs bank) it=376 acc=376 *** BEATS BANK feas=True [145s]
[E-678 s1] best=72622.90 (+416.38 vs bank) it=380 acc=380 *** BEATS BANK feas=True [146s]
[E-678 s1] best=72626.59 (+420.07 vs bank) it=383 acc=383 *** BEATS BANK feas=True [147s]
[E-678 s1] best=72628.38 (+421.85 vs bank) it=388 acc=388 *** BEATS BANK feas=True [149s]
[E-678 s1] best=72629.00 (+422.48 vs bank) it=390 acc=390 *** BEATS BANK feas=True [150s]
[E-678 s1] best=72630.51 (+423.99 vs bank) it=392 acc=392 *** BEATS BANK feas=True [150s]
[E-678 s1] best=72630.74 (+424.22 vs bank) it=400 acc=400 *** BEATS BANK feas=True [153s]
[E-678 s1] it=400 cur=72630.74 best=72630.74 [153s]
[E-678 s1] best=72631.02 (+424.50 vs bank) it=402 acc=402 *** BEATS BANK feas=True [154s]
[E-678 s1] best=72631.05 (+424.53 vs bank) it=403 acc=403 *** BEATS BANK feas=True [154s]
[E-678 s1] best=72633.88 (+427.35 vs bank) it=405 acc=405 *** BEATS BANK feas=True [155s]
[E-678 s1] best=72635.49 (+428.97 vs bank) it=412 acc=412 *** BEATS BANK feas=True [157s]
[E-678 s1] best=72635.71 (+429.19 vs bank) it=413 acc=413 *** BEATS BANK feas=True [158s]
[E-678 s1] best=72636.13 (+429.61 vs bank) it=415 acc=415 *** BEATS BANK feas=True [158s]
[E-678 s1] best=72636.87 (+430.35 vs bank) it=416 acc=416 *** BEATS BANK feas=True [159s]
[E-678 s1] best=72638.73 (+432.21 vs bank) it=430 acc=430 *** BEATS BANK feas=True [163s]
[E-678 s1] best=72639.32 (+432.80 vs bank) it=432 acc=432 *** BEATS BANK feas=True [164s]
[E-678 s1] best=72641.88 (+435.35 vs bank) it=433 acc=433 *** BEATS BANK feas=True [164s]
[E-678 s1] best=72642.40 (+435.88 vs bank) it=435 acc=435 *** BEATS BANK feas=True [165s]
[E-678 s1] best=72644.94 (+438.42 vs bank) it=439 acc=439 *** BEATS BANK feas=True [166s]
[E-678 s1] best=72646.47 (+439.95 vs bank) it=440 acc=440 *** BEATS BANK feas=True [166s]
[E-678 s1] best=72646.82 (+440.30 vs bank) it=444 acc=444 *** BEATS BANK feas=True [167s]
[E-678 s1] best=72649.67 (+443.15 vs bank) it=445 acc=445 *** BEATS BANK feas=True [168s]
[E-678 s1] best=72652.67 (+446.15 vs bank) it=448 acc=448 *** BEATS BANK feas=True [169s]
[E-678 s1] best=72654.96 (+448.44 vs bank) it=449 acc=449 *** BEATS BANK feas=True [169s]
[E-678 s1] best=72655.00 (+448.48 vs bank) it=453 acc=453 *** BEATS BANK feas=True [170s]
[E-678 s1] best=72657.21 (+450.69 vs bank) it=455 acc=455 *** BEATS BANK feas=True [171s]
[E-678 s1] best=72657.70 (+451.18 vs bank) it=460 acc=460 *** BEATS BANK feas=True [173s]
[E-678 s1] best=72660.39 (+453.87 vs bank) it=463 acc=463 *** BEATS BANK feas=True [174s]
[E-678 s1] best=72661.06 (+454.54 vs bank) it=465 acc=465 *** BEATS BANK feas=True [175s]
[E-678 s1] best=72662.03 (+455.51 vs bank) it=467 acc=467 *** BEATS BANK feas=True [176s]
[E-678 s1] best=72664.88 (+458.36 vs bank) it=473 acc=473 *** BEATS BANK feas=True [178s]
[E-678 s1] best=72665.23 (+458.71 vs bank) it=478 acc=478 *** BEATS BANK feas=True [179s]
[E-678 s1] best=72666.28 (+459.76 vs bank) it=479 acc=479 *** BEATS BANK feas=True [180s]
[E-678 s1] best=72670.16 (+463.64 vs bank) it=481 acc=481 *** BEATS BANK feas=True [180s]
[E-678 s1] best=72673.57 (+467.05 vs bank) it=483 acc=483 *** BEATS BANK feas=True [181s]
[E-678 s1] best=72677.85 (+471.33 vs bank) it=484 acc=484 *** BEATS BANK feas=True [181s]
[E-678 s1] best=72679.78 (+473.26 vs bank) it=486 acc=486 *** BEATS BANK feas=True [182s]
[E-678 s1] best=72680.24 (+473.72 vs bank) it=487 acc=487 *** BEATS BANK feas=True [182s]
[E-678 s1] best=72681.04 (+474.52 vs bank) it=488 acc=488 *** BEATS BANK feas=True [183s]
[E-678 s1] best=72685.12 (+478.60 vs bank) it=492 acc=492 *** BEATS BANK feas=True [184s]
[E-678 s1] best=72686.68 (+480.16 vs bank) it=494 acc=494 *** BEATS BANK feas=True [185s]
[E-678 s1] best=72687.20 (+480.68 vs bank) it=496 acc=496 *** BEATS BANK feas=True [186s]
[E-678 s1] best=72688.60 (+482.08 vs bank) it=497 acc=497 *** BEATS BANK feas=True [186s]
[E-678 s1] best=72689.55 (+483.03 vs bank) it=498 acc=498 *** BEATS BANK feas=True [187s]
[E-678 s1] best=72690.75 (+484.23 vs bank) it=499 acc=499 *** BEATS BANK feas=True [187s]
[E-678 s1] it=500 cur=72690.75 best=72690.75 [188s]
[E-678 s1] best=72691.41 (+484.89 vs bank) it=501 acc=501 *** BEATS BANK feas=True [188s]
[E-678 s1] best=72694.63 (+488.11 vs bank) it=503 acc=503 *** BEATS BANK feas=True [188s]
[E-678 s1] best=72695.73 (+489.21 vs bank) it=506 acc=506 *** BEATS BANK feas=True [189s]
[E-678 s1] best=72695.73 (+489.21 vs bank) it=510 acc=510 *** BEATS BANK feas=True [191s]
[E-678 s1] best=72697.78 (+491.26 vs bank) it=513 acc=513 *** BEATS BANK feas=True [192s]
[E-678 s1] best=72698.10 (+491.58 vs bank) it=515 acc=515 *** BEATS BANK feas=True [193s]
[E-678 s1] best=72698.87 (+492.35 vs bank) it=541 acc=541 *** BEATS BANK feas=True [200s]
[E-678 s1] best=72699.06 (+492.54 vs bank) it=547 acc=547 *** BEATS BANK feas=True [203s]
[E-678 s1] best=72699.16 (+492.64 vs bank) it=554 acc=554 *** BEATS BANK feas=True [205s]
[E-678 s1] best=72701.62 (+495.10 vs bank) it=555 acc=555 *** BEATS BANK feas=True [205s]
[E-678 s1] best=72702.19 (+495.67 vs bank) it=562 acc=562 *** BEATS BANK feas=True [208s]
[E-678 s1] best=72703.37 (+496.85 vs bank) it=564 acc=564 *** BEATS BANK feas=True [208s]
[E-678 s1] best=72704.70 (+498.18 vs bank) it=570 acc=570 *** BEATS BANK feas=True [210s]
[E-678 s1] best=72706.30 (+499.78 vs bank) it=572 acc=572 *** BEATS BANK feas=True [211s]
[E-678 s1] best=72706.61 (+500.09 vs bank) it=574 acc=574 *** BEATS BANK feas=True [211s]
[E-678 s1] best=72707.21 (+500.69 vs bank) it=591 acc=591 *** BEATS BANK feas=True [216s]
[E-678 s1] best=72707.41 (+500.89 vs bank) it=592 acc=592 *** BEATS BANK feas=True [216s]
[E-678 s1] it=600 cur=72707.41 best=72707.41 [218s]
[E-678 s1] best=72708.79 (+502.27 vs bank) it=611 acc=611 *** BEATS BANK feas=True [221s]
[E-678 s1] best=72709.97 (+503.45 vs bank) it=614 acc=614 *** BEATS BANK feas=True [222s]
[E-678 s1] best=72710.05 (+503.53 vs bank) it=615 acc=615 *** BEATS BANK feas=True [222s]
[E-678 s1] best=72710.47 (+503.95 vs bank) it=617 acc=617 *** BEATS BANK feas=True [223s]
[E-678 s1] best=72712.30 (+505.78 vs bank) it=622 acc=622 *** BEATS BANK feas=True [224s]
[E-678 s1] best=72716.52 (+510.00 vs bank) it=623 acc=623 *** BEATS BANK feas=True [225s]
[E-678 s1] best=72717.33 (+510.81 vs bank) it=624 acc=624 *** BEATS BANK feas=True [225s]
[E-678 s1] best=72719.07 (+512.55 vs bank) it=626 acc=626 *** BEATS BANK feas=True [226s]
[E-678 s1] best=72719.89 (+513.37 vs bank) it=629 acc=629 *** BEATS BANK feas=True [227s]
[E-678 s1] best=72722.00 (+515.48 vs bank) it=630 acc=630 *** BEATS BANK feas=True [228s]
[E-678 s1] best=72723.17 (+516.65 vs bank) it=633 acc=633 *** BEATS BANK feas=True [228s]
[E-678 s1] best=72725.04 (+518.52 vs bank) it=635 acc=635 *** BEATS BANK feas=True [229s]
[E-678 s1] best=72725.72 (+519.20 vs bank) it=643 acc=643 *** BEATS BANK feas=True [232s]
[E-678 s1] best=72726.86 (+520.34 vs bank) it=649 acc=649 *** BEATS BANK feas=True [233s]
[E-678 s1] best=72727.23 (+520.71 vs bank) it=651 acc=651 *** BEATS BANK feas=True [234s]
[E-678 s1] best=72728.99 (+522.47 vs bank) it=653 acc=653 *** BEATS BANK feas=True [235s]
[E-678 s1] best=72729.06 (+522.54 vs bank) it=659 acc=659 *** BEATS BANK feas=True [237s]
[E-678 s1] best=72731.46 (+524.94 vs bank) it=660 acc=660 *** BEATS BANK feas=True [237s]
[E-678 s1] best=72733.79 (+527.26 vs bank) it=663 acc=663 *** BEATS BANK feas=True [238s]
[E-678 s1] best=72733.99 (+527.47 vs bank) it=666 acc=666 *** BEATS BANK feas=True [240s]
[E-678 s1] best=72734.73 (+528.21 vs bank) it=671 acc=671 *** BEATS BANK feas=True [242s]
[E-678 s1] best=72735.04 (+528.52 vs bank) it=672 acc=672 *** BEATS BANK feas=True [242s]
[E-678 s1] best=72735.10 (+528.58 vs bank) it=677 acc=677 *** BEATS BANK feas=True [244s]
[E-678 s1] best=72736.73 (+530.21 vs bank) it=682 acc=682 *** BEATS BANK feas=True [246s]
[E-678 s1] best=72737.71 (+531.19 vs bank) it=686 acc=686 *** BEATS BANK feas=True [247s]
[E-678 s1] best=72737.89 (+531.37 vs bank) it=689 acc=689 *** BEATS BANK feas=True [248s]
[E-678 s1] best=72739.69 (+533.17 vs bank) it=693 acc=693 *** BEATS BANK feas=True [250s]
[E-678 s1] it=700 cur=72739.69 best=72739.69 [252s]
[E-678 s1] best=72739.95 (+533.43 vs bank) it=702 acc=702 *** BEATS BANK feas=True [253s]
[E-678 s1] best=72741.71 (+535.19 vs bank) it=707 acc=707 *** BEATS BANK feas=True [255s]
[E-678 s1] best=72743.99 (+537.47 vs bank) it=714 acc=714 *** BEATS BANK feas=True [257s]
[E-678 s1] best=72745.51 (+538.99 vs bank) it=715 acc=715 *** BEATS BANK feas=True [258s]
[E-678 s1] best=72745.98 (+539.46 vs bank) it=721 acc=721 *** BEATS BANK feas=True [260s]
[E-678 s1] best=72747.48 (+540.96 vs bank) it=747 acc=747 *** BEATS BANK feas=True [268s]
[E-678 s1] best=72747.97 (+541.45 vs bank) it=749 acc=749 *** BEATS BANK feas=True [269s]
[E-678 s1] best=72748.19 (+541.67 vs bank) it=757 acc=757 *** BEATS BANK feas=True [271s]
[E-678 s1] best=72748.31 (+541.79 vs bank) it=778 acc=778 *** BEATS BANK feas=True [279s]
[E-678 s1] best=72749.94 (+543.42 vs bank) it=781 acc=781 *** BEATS BANK feas=True [280s]
[E-678 s1] best=72751.59 (+545.07 vs bank) it=783 acc=783 *** BEATS BANK feas=True [281s]
[E-678 s1] best=72751.73 (+545.21 vs bank) it=800 acc=800 *** BEATS BANK feas=True [286s]
[E-678 s1] it=800 cur=72751.73 best=72751.73 [286s]
[E-678 s1] best=72751.82 (+545.30 vs bank) it=809 acc=809 *** BEATS BANK feas=True [290s]
[E-678 s1] best=72752.01 (+545.49 vs bank) it=819 acc=819 *** BEATS BANK feas=True [293s]
[E-678 s1] best=72753.89 (+547.37 vs bank) it=822 acc=822 *** BEATS BANK feas=True [294s]
[E-678 s1] best=72754.04 (+547.52 vs bank) it=871 acc=871 *** BEATS BANK feas=True [310s]
[E-678 s1] best=72754.25 (+547.73 vs bank) it=894 acc=894 *** BEATS BANK feas=True [318s]
[E-678 s1] it=900 cur=72754.25 best=72754.25 [319s]
[E-678 s1] best=72756.99 (+550.47 vs bank) it=911 acc=911 *** BEATS BANK feas=True [324s]
[E-678 s1] best=72757.92 (+551.40 vs bank) it=913 acc=913 *** BEATS BANK feas=True [324s]
[E-678 s1] best=72758.55 (+552.03 vs bank) it=914 acc=914 *** BEATS BANK feas=True [324s]
[E-678 s1] best=72763.14 (+556.62 vs bank) it=916 acc=916 *** BEATS BANK feas=True [325s]
[E-678 s1] best=72764.15 (+557.63 vs bank) it=922 acc=922 *** BEATS BANK feas=True [326s]
[E-678 s1] best=72765.04 (+558.52 vs bank) it=990 acc=990 *** BEATS BANK feas=True [347s]
[E-678 s1] best=72765.09 (+558.57 vs bank) it=998 acc=998 *** BEATS BANK feas=True [348s]
[E-678 s1] it=1000 cur=72765.09 best=72765.09 [349s]
[E-678 s1] best=72766.31 (+559.79 vs bank) it=1001 acc=1001 *** BEATS BANK feas=True [350s]
[E-678 s1] best=72767.75 (+561.23 vs bank) it=1014 acc=1014 *** BEATS BANK feas=True [354s]
[E-678 s1] best=72768.10 (+561.58 vs bank) it=1015 acc=1015 *** BEATS BANK feas=True [354s]
[E-678 s1] best=72768.70 (+562.18 vs bank) it=1026 acc=1026 *** BEATS BANK feas=True [358s]
[E-678 s1] best=72769.03 (+562.51 vs bank) it=1028 acc=1028 *** BEATS BANK feas=True [359s]
[E-678 s1] best=72770.66 (+564.14 vs bank) it=1033 acc=1033 *** BEATS BANK feas=True [361s]
[E-678 s1] best=72770.79 (+564.27 vs bank) it=1034 acc=1034 *** BEATS BANK feas=True [361s]
[E-678 s1] best=72771.27 (+564.75 vs bank) it=1042 acc=1042 *** BEATS BANK feas=True [364s]
[E-678 s1] best=72771.84 (+565.32 vs bank) it=1043 acc=1043 *** BEATS BANK feas=True [364s]
[E-678 s1] best=72772.83 (+566.31 vs bank) it=1049 acc=1049 *** BEATS BANK feas=True [367s]
[E-678 s1] best=72774.70 (+568.18 vs bank) it=1064 acc=1064 *** BEATS BANK feas=True [372s]
[E-678 s1] best=72775.43 (+568.91 vs bank) it=1065 acc=1065 *** BEATS BANK feas=True [372s]
[E-678 s1] best=72777.35 (+570.82 vs bank) it=1066 acc=1066 *** BEATS BANK feas=True [373s]
[E-678 s1] best=72778.22 (+571.70 vs bank) it=1068 acc=1068 *** BEATS BANK feas=True [373s]
[E-678 s1] best=72778.52 (+572.00 vs bank) it=1069 acc=1069 *** BEATS BANK feas=True [374s]
[E-678 s1] best=72779.18 (+572.65 vs bank) it=1074 acc=1074 *** BEATS BANK feas=True [376s]
[E-678 s1] best=72779.80 (+573.28 vs bank) it=1086 acc=1086 *** BEATS BANK feas=True [379s]
[E-678 s1] best=72779.95 (+573.43 vs bank) it=1095 acc=1095 *** BEATS BANK feas=True [383s]
[E-678 s1] it=1100 cur=72779.95 best=72779.95 [384s]
[E-678 s1] best=72780.00 (+573.48 vs bank) it=1109 acc=1109 *** BEATS BANK feas=True [388s]
[E-678 s1] best=72781.16 (+574.64 vs bank) it=1116 acc=1116 *** BEATS BANK feas=True [390s]
[E-678 s1] best=72782.96 (+576.44 vs bank) it=1117 acc=1117 *** BEATS BANK feas=True [391s]
[E-678 s1] best=72784.07 (+577.55 vs bank) it=1118 acc=1118 *** BEATS BANK feas=True [391s]
[E-678 s1] best=72784.42 (+577.90 vs bank) it=1137 acc=1137 *** BEATS BANK feas=True [398s]
[E-678 s1] best=72785.81 (+579.29 vs bank) it=1139 acc=1139 *** BEATS BANK feas=True [399s]
[E-678 s1] best=72789.45 (+582.93 vs bank) it=1141 acc=1141 *** BEATS BANK feas=True [399s]
[E-678 s1] best=72789.79 (+583.27 vs bank) it=1157 acc=1157 *** BEATS BANK feas=True [405s]
[E-678 s1] best=72790.36 (+583.84 vs bank) it=1163 acc=1163 *** BEATS BANK feas=True [407s]
[E-678 s1] best=72792.06 (+585.54 vs bank) it=1173 acc=1173 *** BEATS BANK feas=True [410s]
[E-678 s1] best=72792.56 (+586.04 vs bank) it=1178 acc=1178 *** BEATS BANK feas=True [412s]
[E-678 s1] best=72793.02 (+586.50 vs bank) it=1180 acc=1180 *** BEATS BANK feas=True [413s]
[E-678 s1] best=72793.45 (+586.93 vs bank) it=1184 acc=1184 *** BEATS BANK feas=True [414s]
[E-678 s1] best=72794.31 (+587.79 vs bank) it=1197 acc=1197 *** BEATS BANK feas=True [419s]
[E-678 s1] it=1200 cur=72794.31 best=72794.31 [420s]
[E-678 s1] best=72795.05 (+588.53 vs bank) it=1202 acc=1202 *** BEATS BANK feas=True [420s]
[E-678 s1] best=72797.06 (+590.54 vs bank) it=1204 acc=1204 *** BEATS BANK feas=True [421s]
[E-678 s1] best=72797.34 (+590.82 vs bank) it=1207 acc=1207 *** BEATS BANK feas=True [422s]
[E-678 s1] best=72797.97 (+591.45 vs bank) it=1211 acc=1211 *** BEATS BANK feas=True [424s]
[E-678 s1] best=72798.47 (+591.95 vs bank) it=1223 acc=1223 *** BEATS BANK feas=True [428s]
[E-678 s1] best=72798.51 (+591.99 vs bank) it=1224 acc=1224 *** BEATS BANK feas=True [428s]
[E-678 s1] best=72799.83 (+593.31 vs bank) it=1231 acc=1231 *** BEATS BANK feas=True [430s]
[E-678 s1] best=72800.03 (+593.51 vs bank) it=1236 acc=1236 *** BEATS BANK feas=True [432s]
[E-678 s1] best=72800.12 (+593.60 vs bank) it=1246 acc=1246 *** BEATS BANK feas=True [435s]
[E-678 s1] best=72801.69 (+595.17 vs bank) it=1265 acc=1265 *** BEATS BANK feas=True [442s]
[E-678 s1] best=72802.46 (+595.94 vs bank) it=1270 acc=1270 *** BEATS BANK feas=True [443s]
[E-678 s1] best=72802.94 (+596.42 vs bank) it=1282 acc=1282 *** BEATS BANK feas=True [446s]
[E-678 s1] best=72803.60 (+597.08 vs bank) it=1283 acc=1283 *** BEATS BANK feas=True [447s]
[E-678 s1] best=72805.79 (+599.27 vs bank) it=1289 acc=1289 *** BEATS BANK feas=True [449s]
[E-678 s1] best=72806.30 (+599.78 vs bank) it=1290 acc=1290 *** BEATS BANK feas=True [449s]
[E-678 s1] it=1300 cur=72806.30 best=72806.30 [452s]
[E-678 s1] best=72806.51 (+599.99 vs bank) it=1307 acc=1307 *** BEATS BANK feas=True [454s]
[E-678 s1] best=72808.41 (+601.89 vs bank) it=1308 acc=1308 *** BEATS BANK feas=True [455s]
[E-678 s1] best=72808.56 (+602.04 vs bank) it=1316 acc=1316 *** BEATS BANK feas=True [458s]
[E-678 s1] best=72808.83 (+602.31 vs bank) it=1317 acc=1317 *** BEATS BANK feas=True [458s]
[E-678 s1] best=72809.17 (+602.65 vs bank) it=1322 acc=1322 *** BEATS BANK feas=True [460s]
[E-678 s1] best=72812.33 (+605.81 vs bank) it=1326 acc=1326 *** BEATS BANK feas=True [461s]
[E-678 s1] best=72813.06 (+606.54 vs bank) it=1329 acc=1329 *** BEATS BANK feas=True [462s]
[E-678 s1] it=1400 cur=72813.06 best=72813.06 [486s]
[E-678 s1] best=72813.61 (+607.09 vs bank) it=1402 acc=1402 *** BEATS BANK feas=True [486s]
[E-678 s1] best=72818.38 (+611.86 vs bank) it=1409 acc=1409 *** BEATS BANK feas=True [488s]
[E-678 s1] best=72819.14 (+612.62 vs bank) it=1427 acc=1427 *** BEATS BANK feas=True [494s]
[E-678 s1] best=72819.17 (+612.65 vs bank) it=1429 acc=1429 *** BEATS BANK feas=True [495s]
[E-678 s1] best=72820.65 (+614.13 vs bank) it=1433 acc=1433 *** BEATS BANK feas=True [496s]
[E-678 s1] best=72820.73 (+614.21 vs bank) it=1438 acc=1438 *** BEATS BANK feas=True [498s]
[E-678 s1] best=72820.80 (+614.28 vs bank) it=1440 acc=1440 *** BEATS BANK feas=True [499s]
[E-678 s1] best=72820.92 (+614.40 vs bank) it=1447 acc=1447 *** BEATS BANK feas=True [501s]
[E-678 s1] best=72821.46 (+614.94 vs bank) it=1460 acc=1460 *** BEATS BANK feas=True [506s]
[E-678 s1] best=72823.52 (+617.00 vs bank) it=1462 acc=1462 *** BEATS BANK feas=True [506s]
[E-678 s1] best=72823.70 (+617.18 vs bank) it=1463 acc=1463 *** BEATS BANK feas=True [507s]
[E-678 s1] it=1500 cur=72823.70 best=72823.70 [519s]
[E-678 s1] best=72824.30 (+617.78 vs bank) it=1502 acc=1502 *** BEATS BANK feas=True [519s]
[E-678 s1] best=72824.49 (+617.97 vs bank) it=1522 acc=1522 *** BEATS BANK feas=True [526s]
[E-678 s1] best=72826.51 (+619.99 vs bank) it=1528 acc=1528 *** BEATS BANK feas=True [528s]
[E-678 s1] best=72826.75 (+620.23 vs bank) it=1546 acc=1546 *** BEATS BANK feas=True [533s]
[E-678 s1] best=72827.65 (+621.13 vs bank) it=1592 acc=1592 *** BEATS BANK feas=True [549s]
[E-678 s1] it=1600 cur=72827.65 best=72827.65 [551s]
[E-678 s1] best=72828.93 (+622.41 vs bank) it=1602 acc=1602 *** BEATS BANK feas=True [552s]
[E-678 s1] best=72831.25 (+624.73 vs bank) it=1603 acc=1603 *** BEATS BANK feas=True [552s]
[E-678 s1] best=72832.80 (+626.28 vs bank) it=1632 acc=1632 *** BEATS BANK feas=True [562s]
[E-678 s1] best=72834.14 (+627.62 vs bank) it=1650 acc=1650 *** BEATS BANK feas=True [567s]
[E-678 s1] best=72834.95 (+628.43 vs bank) it=1652 acc=1652 *** BEATS BANK feas=True [568s]
[E-678 s1] best=72835.32 (+628.80 vs bank) it=1676 acc=1676 *** BEATS BANK feas=True [576s]
[E-678 s1] it=1700 cur=72835.32 best=72835.32 [583s]
[E-678 s1] best=72836.19 (+629.67 vs bank) it=1730 acc=1730 *** BEATS BANK feas=True [591s]
[E-678 s1] best=72837.20 (+630.68 vs bank) it=1731 acc=1731 *** BEATS BANK feas=True [592s]
[E-678 s1] best=72837.43 (+630.91 vs bank) it=1740 acc=1740 *** BEATS BANK feas=True [595s]
[E-678 s1] best=72837.74 (+631.22 vs bank) it=1776 acc=1776 *** BEATS BANK feas=True [606s]
[E-678 s1] DONE best=72837.74 (+631.22 vs bank) [615s]
