[E-708] 295 transfers ΔV>4000.0; shard 0/3 -> 99; tof_ub=30.0 restarts=5
[RESUME] 30 done
  [1/99] E220,L44: ΔV 5257-> 5535 no-improve [271s]
  [2/99] E133,L53: ΔV 5044-> 6934 no-improve [629s]
  [4/99] E151,L110: ΔV 4735-> 5201 no-improve [1013s]
  [5/99] E383,L314: ΔV 4646->4450 (mass 590->662, +72kg) [1415s]
  [6/99] E180,L27: ΔV 4596->4418 (mass 608->674, +66kg) [1720s]
  [8/99] E224,L113: ΔV 4549->4328 (mass 625->710, +84kg) [2040s]
  [9/99] E239,L302: ΔV 4524-> 4777 no-improve [2203s]
  [10/99] E33,L323: ΔV 4517->4293 (mass 637->724, +87kg) [2418s]
  [11/99] E332,L380: ΔV 4494-> 5085 no-improve [2704s]
  [12/99] E312,L131: ΔV 4481-> 5236 no-improve [3052s]
  [13/99] E344,L52: ΔV 4451->4391 (mass 662->685, +23kg) [3387s]
  [15/99] E355,L355: ΔV 4421-> 4985 no-improve [3614s]
  [18/99] E386,L60: ΔV 4399-> 4873 no-improve [3984s]
  [19/99] E157,L365: ΔV 4395-> 4674 no-improve [4292s]
  [21/99] E314,L268: ΔV 4382->4348 (mass 689->702, +13kg) [4609s]
  [22/99] E244,L105: ΔV 4376->4294 (mass 691->723, +32kg) [4875s]
  [23/99] E326,L392: ΔV 4374-> 6212 no-improve [5031s]
  [24/99] E85,L321: ΔV 4370-> 4763 no-improve [5271s]
  [25/99] E315,L224: ΔV 4354-> 5912 no-improve [5438s]
  [26/99] E320,L326: ΔV 4344-> nan no-improve [5638s]
  [28/99] E169,L253: ΔV 4333-> 4516 no-improve [5936s]
  [29/99] E305,L73: ΔV 4329-> 4498 no-improve [6382s]
  [30/99] E311,L121: ΔV 4322-> 4702 no-improve [6733s]
  [31/99] E49,L162: ΔV 4316-> nan no-improve [6926s]
  [32/99] E331,L359: ΔV 4308->4200 (mass 718->762, +44kg) [7149s]
  [33/99] E2,L168: ΔV 4300-> 4381 no-improve [7409s]
  [34/99] E155,L96: ΔV 4295-> 4458 no-improve [7811s]
  [35/99] E341,L373: ΔV 4289->4164 (mass 725->777, +51kg) [8154s]
  [36/99] E165,L88: ΔV 4287-> 4333 no-improve [8568s]
  [37/99] E336,L94: ΔV 4283-> nan no-improve [8891s]
  [38/99] E123,L146: ΔV 4278-> 4300 no-improve [9201s]
  [39/99] E153,L317: ΔV 4277-> 4277 no-improve [9524s]
  [40/99] E191,L102: ΔV 4272-> 4474 no-improve [9838s]
  [41/99] E324,L328: ΔV 4270->4246 (mass 733->743, +10kg) [10098s]
  [42/99] E71,L384: ΔV 4268->4202 (mass 734->761, +27kg) [10410s]
  [43/99] E377,L334: ΔV 4264-> 4307 no-improve [10781s]
  [44/99] E139,L31: ΔV 4254-> 4302 no-improve [11030s]
  [45/99] E340,L315: ΔV 4247-> 4318 no-improve [11329s]
  [46/99] E330,L352: ΔV 4243-> 4298 no-improve [11729s]
  [47/99] E122,L333: ΔV 4239-> nan no-improve [11951s]
  [48/99] E351,L390: ΔV 4236-> 4732 no-improve [12248s]
  [49/99] E74,L308: ΔV 4233-> 4936 no-improve [12456s]
  [50/99] E335,L26: ΔV 4231-> 4240 no-improve [12773s]
  [51/99] E45,L139: ΔV 4227->4170 (mass 751->774, +24kg) [14764s]
  [52/99] E329,L7: ΔV 4216-> 4197 no-improve [15109s]
  [53/99] E30,L211: ΔV 4210-> 4303 no-improve [15354s]
  [54/99] E65,L223: ΔV 4205->3928 (mass 760->879, +120kg) [15562s]
  [55/99] E215,L324: ΔV 4201->4051 (mass 761->825, +64kg) [15905s]
  [56/99] E102,L100: ΔV 4197-> 4191 no-improve [16212s]
  [58/99] E369,L399: ΔV 4193-> 4320 no-improve [16685s]
  [59/99] E202,L346: ΔV 4192->4137 (mass 765->788, +23kg) [17058s]
  [60/99] E83,L148: ΔV 4189->4117 (mass 766->796, +30kg) [17483s]
  [61/99] E221,L45: ΔV 4185-> 5006 no-improve [17843s]
  [62/99] E42,L377: ΔV 4182->4103 (mass 769->802, +33kg) [18205s]
  [63/99] E211,L4: ΔV 4179-> 4226 no-improve [18537s]
  [64/99] E61,L173: ΔV 4176-> 4336 no-improve [18693s]
  [65/99] E204,L118: ΔV 4171->4116 (mass 773->797, +23kg) [19023s]
  [66/99] E307,L78: ΔV 4168-> 4183 no-improve [19362s]
  [67/99] E148,L38: ΔV 4166-> 4548 no-improve [19741s]
  [68/99] E389,L142: ΔV 4161-> 4230 no-improve [20265s]
  [69/99] E226,L66: ΔV 4158-> 4183 no-improve [20636s]
  [70/99] E249,L22: ΔV 4147-> 4140 no-improve [21034s]
  [71/99] E127,L5: ΔV 4144-> 4910 no-improve [21388s]
  [72/99] E142,L258: ΔV 4139-> 4249 no-improve [21637s]
  [73/99] E13,L178: ΔV 4135->4007 (mass 789->844, +55kg) [21813s]
  [74/99] E308,L319: ΔV 4127-> 4173 no-improve [22041s]
  [75/99] E394,L106: ΔV 4122-> 4789 no-improve [22416s]
  [76/99] E392,L394: ΔV 4117-> 4418 no-improve [22671s]
  [77/99] E256,L335: ΔV 4114->4067 (mass 798->818, +20kg) [23012s]
  [79/99] E97,L81: ΔV 4111-> 4107 no-improve [23474s]
  [80/99] E94,L6: ΔV 4108-> 4165 no-improve [23834s]
  [81/99] E36,L243: ΔV 4105-> 4264 no-improve [24197s]
  [82/99] E253,L296: ΔV 4091-> 4397 no-improve [24591s]
  [83/99] E92,L295: ΔV 4089-> nan no-improve [24764s]
  [84/99] E114,L204: ΔV 4084-> 4333 no-improve [24988s]
  [85/99] E24,L250: ΔV 4081-> 4115 no-improve [25324s]
  [86/99] E216,L129: ΔV 4072->4041 (mass 816->829, +13kg) [25713s]
  [87/99] E166,L128: ΔV 4070->3960 (mass 816->865, +49kg) [26043s]
  [88/99] E77,L248: ΔV 4067-> 4079 no-improve [26418s]
  [89/99] E10,L152: ΔV 4063-> 4369 no-improve [26634s]
  [90/99] E80,L362: ΔV 4060-> 6315 no-improve [26907s]
  [91/99] E232,L272: ΔV 4056-> 4071 no-improve [27288s]
  [92/99] E55,L33: ΔV 4049-> 5566 no-improve [27692s]
  [93/99] E69,L63: ΔV 4038-> 6537 no-improve [28037s]
  [94/99] E39,L292: ΔV 4035-> 4098 no-improve [28321s]
  [95/99] E201,L269: ΔV 4029-> 4298 no-improve [28619s]
  [96/99] E104,L188: ΔV 4016-> 4107 no-improve [28893s]
  [97/99] E64,L170: ΔV 4010-> 6780 no-improve [29142s]
  [98/99] E189,L99: ΔV 4008-> 4199 no-improve [29634s]
  [99/99] E43,L393: ΔV 4000-> 4131 no-improve [29948s]

[E-708] shard 0 DONE: 29 improved, ΣΔV saved 4832 m/s [29948s]
