error    libmamba Could not set lock (Resource temporarily unavailable)
warning  libmamba Cannot lock '/home/julian/.cache/mamba/proc'
    Waiting for other mamba process to finish
[E-708] 88 transfers ΔV>4400.0; shard 1/3 -> 29; tof_ub=30.0 restarts=5
  [1/29] E368,L92: ΔV 5452->4449 (mass 337->662, +326kg) [252s]
  [2/29] E350,L343: ΔV 5344->4375 (mass 367->691, +324kg) [496s]
  [3/29] E220,L44: ΔV 5257-> nan no-improve [903s]
  [4/29] E222,L20: ΔV 5186->4260 (mass 413->737, +324kg) [1213s]
  [5/29] E211,L4: ΔV 5116->4179 (mass 434->770, +336kg) [1494s]
  [6/29] E146,L137: ΔV 5050->4183 (mass 455->768, +314kg) [1840s]
  [7/29] E320,L326: ΔV 4967->4344 (mass 481->703, +222kg) [2061s]
  [8/29] E334,L312: ΔV 4928->4523 (mass 494->635, +141kg) [2396s]
  [9/29] E189,L99: ΔV 4859->4008 (mass 516->843, +327kg) [2892s]
  [10/29] E102,L100: ΔV 4824->4197 (mass 528->763, +235kg) [3253s]
  [11/29] E302,L372: ΔV 4754->4419 (mass 552->674, +122kg) [3568s]
  [12/29] E224,L113: ΔV 4711->4549 (mass 567->625, +58kg) [3915s]
  [13/29] E165,L88: ΔV 4684->4287 (mass 576->726, +150kg) [4313s]
  [14/29] E370,L341: ΔV 4656->3937 (mass 586->875, +289kg) [4488s]
  [15/29] E366,L132: ΔV 4643-> 5613 no-improve [4784s]
  [16/29] E180,L27: ΔV 4596-> 5109 no-improve [5214s]
  [17/29] E217,L25: ΔV 4585-> 5208 no-improve [5576s]
  [18/29] E310,L64: ΔV 4554-> nan no-improve [5810s]
  [19/29] E361,L327: ΔV 4535->4394 (mass 630->684, +54kg) [6015s]
  [20/29] E210,L383: ΔV 4523-> 4760 no-improve [6344s]
  [21/29] E33,L323: ΔV 4517-> 4799 no-improve [6507s]
  [22/29] E395,L130: ΔV 4507-> 5922 no-improve [7070s]
  [23/29] E71,L384: ΔV 4483->4268 (mass 650->734, +84kg) [7303s]
  [24/29] E81,L37: ΔV 4459->4279 (mass 659->729, +70kg) [7645s]
  [25/29] E66,L108: ΔV 4444->4106 (mass 664->801, +137kg) [7928s]
  [26/29] E355,L355: ΔV 4421-> 6514 no-improve [8270s]
  [27/29] E72,L338: ΔV 4421->4360 (mass 673->697, +23kg) [8460s]
  [28/29] E53,L134: ΔV 4411-> 4654 no-improve [8865s]
  [29/29] E331,L359: ΔV 4405->4308 (mass 680->718, +38kg) [9158s]

[E-708] shard 1 DONE: 19 improved, ΣΔV saved 9854 m/s [9158s]
