[E-708] 88 transfers ΔV>4400.0; shard 0/3 -> 30; tof_ub=30.0 restarts=5
  [1/30] E242,L145: ΔV 5685->4812 (mass 275->532, +257kg) [313s]
  [2/30] E156,L83: ΔV 5355->4401 (mass 364->681, +317kg) [737s]
  [3/30] E209,L23: ΔV 5295->5207 (mass 381->407, +26kg) [1107s]
  [4/30] E345,L55: ΔV 5204->4590 (mass 408->610, +203kg) [1368s]
  [5/30] E398,L56: ΔV 5125->4192 (mass 431->765, +333kg) [1672s]
  [6/30] E327,L18: ΔV 5057->4277 (mass 452->730, +278kg) [2044s]
  [7/30] E381,L104: ΔV 4995-> nan no-improve [2234s]
  [8/30] E27,L17: ΔV 4934->4354 (mass 492->700, +208kg) [2566s]
  [9/30] E98,L307: ΔV 4881-> 5966 no-improve [2923s]
  [10/30] E219,L9: ΔV 4847->4432 (mass 521->669, +149kg) [3267s]
  [11/30] E317,L29: ΔV 4782-> 4839 no-improve [3661s]
  [12/30] E200,L120: ΔV 4717->4242 (mass 565->744, +179kg) [4010s]
  [13/30] E382,L67: ΔV 4702->4535 (mass 570->630, +60kg) [4419s]
  [14/30] E360,L74: ΔV 4663-> 4808 no-improve [4638s]
  [15/30] E234,L357: ΔV 4645->4578 (mass 590->614, +24kg) [4802s]
  [16/30] E47,L368: ΔV 4611->4390 (mass 602->685, +83kg) [5094s]
  [17/30] E318,L348: ΔV 4593->4307 (mass 609->718, +109kg) [5299s]
  [18/30] E396,L225: ΔV 4560-> nan no-improve [5464s]
  [19/30] E116,L86: ΔV 4540->4422 (mass 628->673, +45kg) [5796s]
  [20/30] E347,L36: ΔV 4526->4196 (mass 634->763, +130kg) [6266s]
  [21/30] E235,L398: ΔV 4519->4113 (mass 636->798, +162kg) [6624s]
  [22/30] E385,L43: ΔV 4516-> nan no-improve [6806s]
  [23/30] E16,L238: ΔV 4488-> 4738 no-improve [7051s]
  [24/30] E173,L116: ΔV 4465->4324 (mass 657->711, +54kg) [7375s]
  [25/30] E241,L50: ΔV 4447->4370 (mass 663->693, +30kg) [7600s]
  [26/30] E208,L70: ΔV 4425-> 4571 no-improve [7888s]
  [27/30] E393,L75: ΔV 4421->4197 (mass 673->763, +89kg) [8162s]
  [28/30] E316,L226: ΔV 4412-> 4696 no-improve [8446s]
  [29/30] E365,L85: ΔV 4407-> 4430 no-improve [8661s]
  [30/30] E325,L342: ΔV 4401->4339 (mass 681->705, +24kg) [9004s]

[E-708] shard 0 DONE: 20 improved, ΣΔV saved 7811 m/s [9004s]
