error    libmamba Could not set lock (Resource temporarily unavailable)
warning  libmamba Cannot lock '/home/julian/.cache/mamba/proc'
    Waiting for other mamba process to finish
[E-708] 88 transfers ΔV>4400.0; shard 2/3 -> 29; tof_ub=30.0 restarts=5
  [1/29] E151,L110: ΔV 5443->4735 (mass 339->559, +219kg) [283s]
  [2/29] E383,L314: ΔV 5316->4646 (mass 375->590, +215kg) [482s]
  [3/29] E144,L48: ΔV 5230->4450 (mass 400->662, +262kg) [862s]
  [4/29] E125,L329: ΔV 5135-> 6828 no-improve [1012s]
  [5/29] E239,L302: ΔV 5072->4524 (mass 448->634, +186kg) [1166s]
  [6/29] E133,L53: ΔV 5044-> nan no-improve [1512s]
  [7/29] E145,L351: ΔV 4937->4286 (mass 491->726, +236kg) [1878s]
  [8/29] E228,L389: ΔV 4911-> nan no-improve [2084s]
  [9/29] E84,L126: ΔV 4851->4082 (mass 519->811, +292kg) [2417s]
  [10/29] E244,L105: ΔV 4806->4376 (mass 534->691, +156kg) [2750s]
  [11/29] E185,L54: ΔV 4737->4392 (mass 558->685, +127kg) [3123s]
  [12/29] E154,L42: ΔV 4704-> 6996 no-improve [3471s]
  [13/29] E344,L52: ΔV 4670->4451 (mass 581->662, +81kg) [3825s]
  [14/29] E59,L124: ΔV 4650->4397 (mass 588->683, +94kg) [4110s]
  [15/29] E319,L114: ΔV 4637-> 5338 no-improve [4365s]
  [16/29] E332,L380: ΔV 4594->4494 (mass 609->646, +37kg) [4672s]
  [17/29] E357,L82: ΔV 4561->4265 (mass 621->735, +114kg) [5183s]
  [18/29] E312,L131: ΔV 4544->4481 (mass 627->650, +23kg) [5422s]
  [19/29] E37,L79: ΔV 4535-> 6908 no-improve [5640s]
  [20/29] E120,L13: ΔV 4522->4269 (mass 635->733, +98kg) [6150s]
  [21/29] E45,L139: ΔV 4517->4227 (mass 637->751, +114kg) [6498s]
  [22/29] E380,L133: ΔV 4494-> 5072 no-improve [6734s]
  [23/29] E73,L358: ΔV 4475-> 4819 no-improve [7022s]
  [24/29] E364,L397: ΔV 4455-> 4443 no-improve [7226s]
  [25/29] E123,L146: ΔV 4428->4278 (mass 671->730, +59kg) [7481s]
  [26/29] E341,L373: ΔV 4421->4289 (mass 673->725, +52kg) [7844s]
  [27/29] E358,L1: ΔV 4417-> 5013 no-improve [8152s]
  [28/29] E377,L334: ΔV 4408->4264 (mass 678->735, +57kg) [8353s]
  [29/29] E115,L376: ΔV 4404->4050 (mass 680->825, +145kg) [8715s]

[E-708] shard 2 DONE: 19 improved, ΣΔV saved 7155 m/s [8715s]
