error    libmamba Could not set lock (Resource temporarily unavailable)
warning  libmamba Cannot lock '/home/julian/.cache/mamba/proc'
    Waiting for other mamba process to finish
[E-708] 295 transfers ΔV>4000.0; shard 2/3 -> 98; tof_ub=30.0 restarts=5
[RESUME] 29 done
  [3/98] E317,L29: ΔV 4782-> 4768 no-improve [331s]
  [4/98] E360,L74: ΔV 4663-> 6603 no-improve [626s]
  [6/98] E217,L25: ΔV 4585->4421 (mass 612->673, +61kg) [1000s]
  [7/98] E310,L64: ΔV 4554->4453 (mass 623->661, +38kg) [1373s]
  [9/98] E210,L383: ΔV 4523-> 4796 no-improve [1575s]
  [10/98] E395,L130: ΔV 4507->4210 (mass 641->758, +117kg) [2359s]
  [11/98] E16,L238: ΔV 4488-> 4675 no-improve [2558s]
  [13/98] E368,L92: ΔV 4449-> nan no-improve [2835s]
  [14/98] E116,L86: ΔV 4422-> 4789 no-improve [3238s]
  [16/98] E365,L85: ΔV 4407->4331 (mass 679->709, +30kg) [3650s]
  [17/98] E363,L349: ΔV 4399-> 4690 no-improve [4038s]
  [18/98] E135,L123: ΔV 4395-> 4762 no-improve [4374s]
  [20/98] E252,L354: ΔV 4386->3874 (mass 687->904, +217kg) [4705s]
  [21/98] E399,L395: ΔV 4377-> 4468 no-improve [4937s]
  [22/98] E350,L343: ΔV 4375-> 4718 no-improve [5217s]
  [23/98] E241,L50: ΔV 4370-> 4887 no-improve [5561s]
  [24/98] E374,L316: ΔV 4356->4171 (mass 699->773, +75kg) [5828s]
  [25/98] E186,L65: ΔV 4351->4012 (mass 701->842, +141kg) [6168s]
  [26/98] E82,L46: ΔV 4340->4148 (mass 705->783, +78kg) [6540s]
  [27/98] E175,L361: ΔV 4334->4301 (mass 707->720, +13kg) [6877s]
  [28/98] E131,L169: ΔV 4330->4158 (mass 709->779, +70kg) [7191s]
  [29/98] E147,L97: ΔV 4323->4269 (mass 712->733, +22kg) [7557s]
  [30/98] E359,L28: ΔV 4316-> 4444 no-improve [7952s]
  [31/98] E134,L273: ΔV 4309-> 4298 no-improve [8316s]
  [32/98] E354,L305: ΔV 4304->4253 (mass 719->740, +21kg) [8630s]
  [33/98] E338,L10: ΔV 4300-> 4658 no-improve [8927s]
  [34/98] E387,L325: ΔV 4290-> 4686 no-improve [9149s]
  [35/98] E158,L371: ΔV 4287-> nan no-improve [9348s]
  [36/98] E243,L301: ΔV 4284-> 4315 no-improve [9571s]
  [37/98] E81,L37: ΔV 4279->3943 (mass 729->872, +143kg) [9953s]
  [38/98] E327,L18: ΔV 4277->4207 (mass 730->759, +29kg) [10322s]
  [39/98] E346,L332: ΔV 4273-> 4271 no-improve [10599s]
  [40/98] E238,L141: ΔV 4271->4115 (mass 733->797, +65kg) [10932s]
  [41/98] E376,L119: ΔV 4269-> 4675 no-improve [11153s]
  [43/98] E195,L84: ΔV 4255-> 4241 no-improve [11552s]
  [44/98] E304,L318: ΔV 4250-> 4580 no-improve [11791s]
  [45/98] E181,L369: ΔV 4243-> 4474 no-improve [12082s]
  [46/98] E177,L138: ΔV 4240-> 4319 no-improve [12565s]
  [47/98] E7,L155: ΔV 4237-> 4313 no-improve [12873s]
  [48/98] E254,L101: ΔV 4234-> 4511 no-improve [13230s]
  [49/98] E136,L215: ΔV 4231->3975 (mass 749->858, +109kg) [13515s]
  [50/98] E384,L58: ΔV 4227-> 4365 no-improve [13855s]
  [51/98] E6,L347: ΔV 4220-> 4305 no-improve [14242s]
  [52/98] E178,L59: ΔV 4211-> 4205 no-improve [14592s]
  [53/98] E349,L391: ΔV 4205-> 4335 no-improve [14836s]
  [54/98] E101,L127: ΔV 4202-> nan no-improve [15149s]
  [55/98] E309,L122: ΔV 4198-> nan no-improve [15457s]
  [56/98] E388,L125: ΔV 4196-> 4281 no-improve [15805s]
  [57/98] E301,L32: ΔV 4194-> 4196 no-improve [16394s]
  [58/98] E398,L56: ΔV 4192-> 4257 no-improve [16771s]
  [59/98] E106,L267: ΔV 4191-> 4451 no-improve [16922s]
  [60/98] E176,L246: ΔV 4186-> 4263 no-improve [17137s]
  [61/98] E353,L140: ΔV 4183-> 4203 no-improve [17665s]
  [62/98] E124,L11: ΔV 4180->3855 (mass 770->913, +143kg) [18052s]
  [63/98] E306,L363: ΔV 4176-> 4252 no-improve [18565s]
  [64/98] E100,L90: ΔV 4174-> nan no-improve [19068s]
  [65/98] E199,L77: ΔV 4168-> 4597 no-improve [19359s]
  [66/98] E76,L149: ΔV 4166->4127 (mass 776->792, +16kg) [19726s]
  [67/98] E179,L15: ΔV 4162-> 4177 no-improve [20101s]
  [68/98] E5,L192: ΔV 4158-> 4139 no-improve [20285s]
  [69/98] E60,L288: ΔV 4149-> 4289 no-improve [20529s]
  [70/98] E236,L115: ΔV 4145-> 4144 no-improve [20840s]
  [71/98] E391,L388: ΔV 4142-> 4530 no-improve [21109s]
  [72/98] E233,L40: ΔV 4135-> 4238 no-improve [21500s]
  [73/98] E41,L337: ΔV 4129->4088 (mass 791->809, +17kg) [21874s]
  [74/98] E250,L176: ΔV 4123-> 4468 no-improve [22088s]
  [75/98] E174,L8: ΔV 4119-> 4303 no-improve [22362s]
  [76/98] E240,L386: ΔV 4115-> 4179 no-improve [22621s]
  [77/98] E108,L306: ΔV 4113-> 4216 no-improve [22950s]
  [78/98] E152,L294: ΔV 4111-> 4114 no-improve [23231s]
  [79/98] E172,L219: ΔV 4109-> 6760 no-improve [23680s]
  [80/98] E66,L108: ΔV 4106-> 4198 no-improve [23991s]
  [81/98] E12,L366: ΔV 4095-> 4448 no-improve [24311s]
  [82/98] E14,L165: ΔV 4089-> 4641 no-improve [24582s]
  [83/98] E78,L24: ΔV 4085-> 4182 no-improve [24985s]
  [85/98] E29,L265: ΔV 4073->3638 (mass 815->1017, +201kg) [25382s]
  [86/98] E87,L107: ΔV 4071-> 4099 no-improve [25890s]
  [87/98] E26,L198: ΔV 4068->3919 (mass 818->883, +66kg) [26310s]
  [88/98] E112,L103: ΔV 4064-> 4380 no-improve [26718s]
  [89/98] E247,L231: ΔV 4061-> 4129 no-improve [27156s]
  [90/98] E160,L310: ΔV 4056-> 4113 no-improve [27452s]
  [92/98] E90,L117: ΔV 4041-> 4147 no-improve [27698s]
  [93/98] E99,L98: ΔV 4036-> 4302 no-improve [28055s]
  [94/98] E259,L276: ΔV 4029-> 4320 no-improve [28334s]
  [95/98] E196,L68: ΔV 4018-> 4172 no-improve [28749s]
  [96/98] E171,L195: ΔV 4013-> 4198 no-improve [29071s]
  [97/98] E198,L339: ΔV 4008-> 4049 no-improve [29548s]
  [98/98] E126,L286: ΔV 4002-> nan no-improve [29781s]

[E-708] shard 2 DONE: 25 improved, ΣΔV saved 5746 m/s [29781s]
