[E-678 s51] LP-rounded start=32020.61 sel=4203 | bank=33470.92 leader=33555.62 | random-destroy 0.6
[E-678 s51] best=32795.35 (+-675.57 vs bank) it=0 acc=0 [11s]
[E-678 s51] best=33011.69 (+-459.23 vs bank) it=1 acc=1 [12s]
[E-678 s51] best=33121.15 (+-349.77 vs bank) it=2 acc=2 [13s]
[E-678 s51] best=33158.82 (+-312.10 vs bank) it=3 acc=3 [14s]
[E-678 s51] best=33199.84 (+-271.08 vs bank) it=4 acc=4 [15s]
[E-678 s51] best=33228.13 (+-242.79 vs bank) it=5 acc=5 [16s]
[E-678 s51] best=33250.68 (+-220.24 vs bank) it=6 acc=6 [17s]
[E-678 s51] best=33272.52 (+-198.40 vs bank) it=7 acc=7 [18s]
[E-678 s51] best=33294.13 (+-176.79 vs bank) it=8 acc=8 [19s]
[E-678 s51] best=33303.61 (+-167.31 vs bank) it=9 acc=9 [20s]
[E-678 s51] best=33310.62 (+-160.29 vs bank) it=10 acc=10 [21s]
[E-678 s51] best=33319.79 (+-151.12 vs bank) it=11 acc=11 [22s]
[E-678 s51] best=33325.89 (+-145.03 vs bank) it=12 acc=12 [23s]
[E-678 s51] best=33332.41 (+-138.51 vs bank) it=13 acc=13 [24s]
[E-678 s51] best=33342.99 (+-127.93 vs bank) it=14 acc=14 [25s]
[E-678 s51] best=33349.97 (+-120.95 vs bank) it=15 acc=15 [26s]
[E-678 s51] best=33353.14 (+-117.78 vs bank) it=16 acc=16 [27s]
[E-678 s51] best=33356.96 (+-113.96 vs bank) it=17 acc=17 [28s]
[E-678 s51] best=33360.43 (+-110.49 vs bank) it=18 acc=18 [29s]
[E-678 s51] best=33364.12 (+-106.79 vs bank) it=19 acc=19 [30s]
[E-678 s51] best=33364.71 (+-106.21 vs bank) it=20 acc=20 [31s]
[E-678 s51] best=33365.46 (+-105.46 vs bank) it=21 acc=21 [31s]
[E-678 s51] best=33365.63 (+-105.29 vs bank) it=23 acc=23 [33s]
[E-678 s51] best=33366.76 (+-104.16 vs bank) it=24 acc=24 [34s]
[E-678 s51] best=33368.26 (+-102.66 vs bank) it=25 acc=25 [35s]
[E-678 s51] best=33370.64 (+-100.28 vs bank) it=26 acc=26 [36s]
[E-678 s51] best=33376.35 (+-94.57 vs bank) it=27 acc=27 [37s]
[E-678 s51] best=33381.08 (+-89.84 vs bank) it=28 acc=28 [38s]
[E-678 s51] best=33383.35 (+-87.57 vs bank) it=29 acc=29 [39s]
[E-678 s51] best=33385.34 (+-85.58 vs bank) it=30 acc=30 [39s]
[E-678 s51] best=33387.32 (+-83.60 vs bank) it=31 acc=31 [40s]
[E-678 s51] best=33390.01 (+-80.91 vs bank) it=33 acc=33 [42s]
[E-678 s51] best=33392.70 (+-78.22 vs bank) it=35 acc=35 [44s]
[E-678 s51] best=33393.03 (+-77.89 vs bank) it=36 acc=36 [45s]
[E-678 s51] best=33396.90 (+-74.02 vs bank) it=37 acc=37 [46s]
[E-678 s51] best=33397.21 (+-73.71 vs bank) it=38 acc=38 [46s]
[E-678 s51] best=33397.23 (+-73.69 vs bank) it=39 acc=39 [47s]
[E-678 s51] best=33399.03 (+-71.89 vs bank) it=41 acc=41 [49s]
[E-678 s51] best=33399.70 (+-71.22 vs bank) it=44 acc=44 [51s]
[E-678 s51] best=33403.91 (+-67.01 vs bank) it=45 acc=45 [52s]
[E-678 s51] best=33405.02 (+-65.90 vs bank) it=48 acc=48 [55s]
[E-678 s51] best=33405.12 (+-65.80 vs bank) it=51 acc=51 [57s]
[E-678 s51] best=33406.74 (+-64.18 vs bank) it=52 acc=52 [58s]
[E-678 s51] best=33407.21 (+-63.71 vs bank) it=57 acc=57 [63s]
[E-678 s51] best=33409.21 (+-61.71 vs bank) it=63 acc=63 [68s]
[E-678 s51] best=33409.77 (+-61.15 vs bank) it=65 acc=65 [70s]
[E-678 s51] best=33409.97 (+-60.94 vs bank) it=69 acc=69 [73s]
[E-678 s51] best=33410.13 (+-60.79 vs bank) it=70 acc=70 [74s]
[E-678 s51] best=33410.64 (+-60.28 vs bank) it=71 acc=71 [75s]
[E-678 s51] best=33412.89 (+-58.03 vs bank) it=75 acc=75 [78s]
[E-678 s51] best=33413.61 (+-57.31 vs bank) it=76 acc=76 [79s]
[E-678 s51] best=33415.74 (+-55.18 vs bank) it=78 acc=78 [81s]
[E-678 s51] best=33416.82 (+-54.10 vs bank) it=79 acc=79 [82s]
[E-678 s51] best=33416.84 (+-54.08 vs bank) it=94 acc=94 [94s]
[E-678 s51] it=100 cur=33416.84 best=33416.84 [99s]
[E-678 s51] best=33417.79 (+-53.13 vs bank) it=106 acc=106 [105s]
[E-678 s51] best=33419.46 (+-51.46 vs bank) it=114 acc=114 [112s]
[E-678 s51] best=33420.05 (+-50.87 vs bank) it=118 acc=118 [115s]
[E-678 s51] best=33420.15 (+-50.77 vs bank) it=120 acc=120 [117s]
[E-678 s51] best=33421.28 (+-49.64 vs bank) it=123 acc=123 [119s]
[E-678 s51] best=33423.31 (+-47.61 vs bank) it=144 acc=144 [137s]
[E-678 s51] it=200 cur=33423.31 best=33423.31 [185s]
[E-678 s51] best=33423.76 (+-47.16 vs bank) it=206 acc=206 [190s]
[E-678 s51] best=33423.96 (+-46.96 vs bank) it=210 acc=210 [193s]
[E-678 s51] best=33424.09 (+-46.83 vs bank) it=218 acc=218 [200s]
[E-678 s51] best=33424.11 (+-46.81 vs bank) it=222 acc=222 [203s]
[E-678 s51] best=33424.18 (+-46.74 vs bank) it=225 acc=225 [206s]
[E-678 s51] it=300 cur=33424.18 best=33424.18 [270s]
[E-678 s51] best=33425.04 (+-45.88 vs bank) it=367 acc=367 [326s]
[E-678 s51] best=33425.52 (+-45.40 vs bank) it=371 acc=371 [330s]
[E-678 s51] best=33427.84 (+-43.08 vs bank) it=375 acc=375 [333s]
[E-678 s51] best=33428.32 (+-42.60 vs bank) it=376 acc=376 [334s]
[E-678 s51] best=33428.52 (+-42.40 vs bank) it=391 acc=391 [347s]
[E-678 s51] best=33430.84 (+-40.08 vs bank) it=397 acc=397 [352s]
[E-678 s51] it=400 cur=33430.84 best=33430.84 [354s]
[E-678 s51] best=33431.45 (+-39.47 vs bank) it=401 acc=401 [355s]
[E-678 s51] best=33432.46 (+-38.46 vs bank) it=405 acc=405 [359s]
[E-678 s51] best=33433.01 (+-37.91 vs bank) it=424 acc=424 [375s]
[E-678 s51] best=33434.08 (+-36.84 vs bank) it=436 acc=436 [385s]
[E-678 s51] best=33434.17 (+-36.75 vs bank) it=458 acc=458 [404s]
[E-678 s51] best=33434.18 (+-36.74 vs bank) it=477 acc=477 [420s]
[E-678 s51] best=33435.17 (+-35.75 vs bank) it=478 acc=478 [421s]
[E-678 s51] it=500 cur=33435.17 best=33435.17 [440s]
[E-678 s51] best=33435.61 (+-35.31 vs bank) it=504 acc=504 [443s]
[E-678 s51] it=600 cur=33435.61 best=33435.61 [524s]
[E-678 s51] it=700 cur=33435.61 best=33435.61 [609s]
[E-678 s51] it=800 cur=33426.12 best=33435.61 [698s]
[E-678 s51] best=33435.95 (+-34.97 vs bank) it=822 acc=822 [716s]
[E-678 s51] best=33437.14 (+-33.78 vs bank) it=825 acc=825 [719s]
[E-678 s51] best=33437.66 (+-33.26 vs bank) it=828 acc=828 [721s]
[E-678 s51] best=33439.21 (+-31.71 vs bank) it=832 acc=832 [725s]
[E-678 s51] best=33440.92 (+-30.00 vs bank) it=833 acc=833 [726s]
[E-678 s51] best=33442.16 (+-28.76 vs bank) it=835 acc=835 [727s]
[E-678 s51] best=33445.24 (+-25.68 vs bank) it=858 acc=858 [747s]
[E-678 s51] best=33445.37 (+-25.55 vs bank) it=869 acc=869 [756s]
[E-678 s51] best=33445.38 (+-25.54 vs bank) it=898 acc=898 [781s]
[E-678 s51] it=900 cur=33445.38 best=33445.38 [783s]
[E-678 s51] best=33446.91 (+-24.01 vs bank) it=917 acc=917 [797s]
[E-678 s51] best=33447.19 (+-23.73 vs bank) it=918 acc=918 [798s]
[E-678 s51] best=33448.08 (+-22.84 vs bank) it=919 acc=919 [799s]
[E-678 s51] best=33448.40 (+-22.52 vs bank) it=920 acc=920 [800s]
[E-678 s51] best=33448.61 (+-22.31 vs bank) it=940 acc=940 [817s]
[E-678 s51] best=33448.78 (+-22.14 vs bank) it=945 acc=945 [821s]
[E-678 s51] best=33448.98 (+-21.94 vs bank) it=947 acc=947 [823s]
[E-678 s51] best=33450.34 (+-20.58 vs bank) it=972 acc=972 [844s]
[E-678 s51] best=33451.07 (+-19.85 vs bank) it=975 acc=975 [847s]
[E-678 s51] best=33451.18 (+-19.74 vs bank) it=982 acc=982 [853s]
[E-678 s51] best=33451.62 (+-19.30 vs bank) it=984 acc=984 [854s]
[E-678 s51] best=33452.24 (+-18.68 vs bank) it=991 acc=991 [860s]
[E-678 s51] best=33453.29 (+-17.62 vs bank) it=994 acc=994 [863s]
[E-678 s51] best=33454.28 (+-16.64 vs bank) it=996 acc=996 [864s]
[E-678 s51] it=1000 cur=33454.28 best=33454.28 [868s]
[E-678 s51] best=33454.44 (+-16.48 vs bank) it=1003 acc=1003 [870s]
[E-678 s51] best=33455.08 (+-15.84 vs bank) it=1006 acc=1006 [873s]
[E-678 s51] best=33456.37 (+-14.55 vs bank) it=1007 acc=1007 [874s]
[E-678 s51] best=33457.12 (+-13.80 vs bank) it=1008 acc=1008 [874s]
[E-678 s51] best=33459.18 (+-11.74 vs bank) it=1012 acc=1012 [878s]
[E-678 s51] best=33459.49 (+-11.43 vs bank) it=1013 acc=1013 [879s]
[E-678 s51] best=33460.92 (+-10.00 vs bank) it=1018 acc=1018 [883s]
[E-678 s51] best=33461.35 (+-9.57 vs bank) it=1019 acc=1019 [884s]
[E-678 s51] best=33461.38 (+-9.54 vs bank) it=1021 acc=1021 [885s]
[E-678 s51] best=33462.34 (+-8.58 vs bank) it=1022 acc=1022 [886s]
[E-678 s51] best=33462.40 (+-8.52 vs bank) it=1024 acc=1024 [888s]
[E-678 s51] best=33462.79 (+-8.13 vs bank) it=1026 acc=1026 [890s]
[E-678 s51] best=33462.82 (+-8.10 vs bank) it=1027 acc=1027 [891s]
[E-678 s51] best=33462.92 (+-8.00 vs bank) it=1029 acc=1029 [892s]
[E-678 s51] best=33463.35 (+-7.57 vs bank) it=1030 acc=1030 [893s]
[E-678 s51] it=1100 cur=33463.35 best=33463.35 [952s]
[E-678 s51] best=33463.40 (+-7.51 vs bank) it=1138 acc=1138 [984s]
[E-678 s51] best=33466.12 (+-4.80 vs bank) it=1144 acc=1144 [989s]
[E-678 s51] best=33466.59 (+-4.33 vs bank) it=1173 acc=1173 [1013s]
[E-678 s51] best=33467.08 (+-3.84 vs bank) it=1178 acc=1178 [1017s]
[E-678 s51] best=33467.16 (+-3.76 vs bank) it=1180 acc=1180 [1019s]
[E-678 s51] best=33470.32 (+-0.60 vs bank) it=1181 acc=1181 [1020s]
[E-678 s51] best=33470.58 (+-0.33 vs bank) it=1191 acc=1191 [1029s]
[E-678 s51] best=33470.93 (+0.01 vs bank) it=1197 acc=1197 *** BEATS BANK feas=True [1033s]
[E-678 s51] best=33471.18 (+0.26 vs bank) it=1199 acc=1199 *** BEATS BANK feas=True [1035s]
[E-678 s51] best=33471.20 (+0.28 vs bank) it=1200 acc=1200 *** BEATS BANK feas=True [1036s]
[E-678 s51] it=1200 cur=33471.20 best=33471.20 [1036s]
[E-678 s51] best=33471.75 (+0.83 vs bank) it=1203 acc=1203 *** BEATS BANK feas=True [1038s]
[E-678 s51] best=33472.36 (+1.44 vs bank) it=1204 acc=1204 *** BEATS BANK feas=True [1039s]
[E-678 s51] it=1300 cur=33472.36 best=33472.36 [1120s]
[E-678 s51] it=1400 cur=33472.36 best=33472.36 [1205s]
[E-678 s51] it=1500 cur=33446.32 best=33472.36 [1294s]
[E-678 s51] it=1600 cur=33458.74 best=33472.36 [1378s]
[E-678 s51] it=1700 cur=33433.62 best=33472.36 [1467s]
[E-678 s51] it=1800 cur=33441.62 best=33472.36 [1553s]
[E-678 s51] it=1900 cur=33429.18 best=33472.36 [1656s]
[E-678 s51] it=2000 cur=33456.49 best=33472.36 [1752s]
[E-678 s51] it=2100 cur=33416.25 best=33472.36 [1859s]
[E-678 s51] it=2200 cur=33426.05 best=33472.36 [1947s]
[E-678 s51] it=2300 cur=33435.88 best=33472.36 [2036s]
[E-678 s51] it=2400 cur=33458.69 best=33472.36 [2127s]
[E-678 s51] it=2500 cur=33438.34 best=33472.36 [2218s]
[E-678 s51] it=2600 cur=33454.13 best=33472.36 [2307s]
[E-678 s51] it=2700 cur=33442.74 best=33472.36 [2399s]
[E-678 s51] it=2800 cur=33454.76 best=33472.36 [2487s]
[E-678 s51] it=2900 cur=33434.94 best=33472.36 [2580s]
[E-678 s51] it=3000 cur=33448.54 best=33472.36 [2676s]
[E-678 s51] it=3100 cur=33425.77 best=33472.36 [2775s]
[E-678 s51] it=3200 cur=33442.29 best=33472.36 [2865s]
[E-678 s51] it=3300 cur=33425.83 best=33472.36 [2957s]
[E-678 s51] it=3400 cur=33451.06 best=33472.36 [3046s]
[E-678 s51] it=3500 cur=33446.10 best=33472.36 [3147s]
[E-678 s51] it=3600 cur=33462.32 best=33472.36 [3237s]
[E-678 s51] it=3700 cur=33453.82 best=33472.36 [3332s]
[E-678 s51] it=3800 cur=33466.82 best=33472.36 [3425s]
[E-678 s51] it=3900 cur=33418.49 best=33472.36 [3522s]
[E-678 s51] it=4000 cur=33425.66 best=33472.36 [3609s]
[E-678 s51] it=4100 cur=33432.92 best=33472.36 [3704s]
[E-678 s51] it=4200 cur=33445.46 best=33472.36 [3801s]
[E-678 s51] it=4300 cur=33406.34 best=33472.36 [3892s]
[E-678 s51] it=4400 cur=33413.64 best=33472.36 [3979s]
[E-678 s51] it=4500 cur=33405.92 best=33472.36 [4081s]
[E-678 s51] it=4600 cur=33430.41 best=33472.36 [4170s]
[E-678 s51] it=4700 cur=33442.16 best=33472.36 [4259s]
[E-678 s51] it=4800 cur=33450.98 best=33472.36 [4346s]
[E-678 s51] it=4900 cur=33445.15 best=33472.36 [4442s]
[E-678 s51] it=5000 cur=33471.48 best=33472.36 [4528s]
[E-678 s51] it=5100 cur=33442.25 best=33472.36 [4616s]
[E-678 s51] it=5200 cur=33469.14 best=33472.36 [4703s]
[E-678 s51] it=5300 cur=33398.99 best=33472.36 [4792s]
[E-678 s51] it=5400 cur=33408.60 best=33472.36 [4879s]
[E-678 s51] it=5500 cur=33430.42 best=33472.36 [4973s]
[E-678 s51] it=5600 cur=33450.52 best=33472.36 [5070s]
[E-678 s51] it=5700 cur=33444.25 best=33472.36 [5174s]
[E-678 s51] it=5800 cur=33450.96 best=33472.36 [5265s]
[E-678 s51] it=5900 cur=33441.00 best=33472.36 [5359s]
[E-678 s51] best=33472.75 (+1.83 vs bank) it=5998 acc=5998 *** BEATS BANK feas=True [5448s]
[E-678 s51] best=33474.07 (+3.15 vs bank) it=5999 acc=5999 *** BEATS BANK feas=True [5450s]
[E-678 s51] DONE best=33474.07 (+3.15 vs bank) [5450s]
