[E-678 s92] LP-rounded start=32020.61 sel=4203 | bank=33474.07 leader=33555.62 | random-destroy 0.6
[E-678 s92] best=32770.76 (+-703.31 vs bank) it=0 acc=0 [1s]
[E-678 s92] best=32969.72 (+-504.35 vs bank) it=1 acc=1 [2s]
[E-678 s92] best=33025.79 (+-448.28 vs bank) it=2 acc=2 [3s]
[E-678 s92] best=33073.38 (+-400.69 vs bank) it=3 acc=3 [4s]
[E-678 s92] best=33140.34 (+-333.73 vs bank) it=4 acc=4 [5s]
[E-678 s92] best=33167.80 (+-306.27 vs bank) it=5 acc=5 [6s]
[E-678 s92] best=33193.20 (+-280.87 vs bank) it=6 acc=6 [7s]
[E-678 s92] best=33207.08 (+-266.99 vs bank) it=7 acc=7 [8s]
[E-678 s92] best=33227.34 (+-246.73 vs bank) it=8 acc=8 [9s]
[E-678 s92] best=33237.48 (+-236.59 vs bank) it=9 acc=9 [9s]
[E-678 s92] best=33244.59 (+-229.48 vs bank) it=10 acc=10 [10s]
[E-678 s92] best=33257.57 (+-216.50 vs bank) it=11 acc=11 [11s]
[E-678 s92] best=33266.01 (+-208.06 vs bank) it=12 acc=12 [12s]
[E-678 s92] best=33279.31 (+-194.76 vs bank) it=13 acc=13 [13s]
[E-678 s92] best=33287.52 (+-186.55 vs bank) it=14 acc=14 [14s]
[E-678 s92] best=33293.76 (+-180.31 vs bank) it=15 acc=15 [15s]
[E-678 s92] best=33295.38 (+-178.69 vs bank) it=16 acc=16 [16s]
[E-678 s92] best=33295.92 (+-178.15 vs bank) it=17 acc=17 [17s]
[E-678 s92] best=33296.35 (+-177.72 vs bank) it=18 acc=18 [17s]
[E-678 s92] best=33296.49 (+-177.58 vs bank) it=20 acc=20 [19s]
[E-678 s92] best=33297.01 (+-177.06 vs bank) it=21 acc=21 [20s]
[E-678 s92] best=33301.88 (+-172.19 vs bank) it=22 acc=22 [21s]
[E-678 s92] best=33305.37 (+-168.70 vs bank) it=23 acc=23 [22s]
[E-678 s92] best=33306.36 (+-167.71 vs bank) it=24 acc=24 [22s]
[E-678 s92] best=33310.41 (+-163.66 vs bank) it=26 acc=26 [24s]
[E-678 s92] best=33311.79 (+-162.28 vs bank) it=27 acc=27 [25s]
[E-678 s92] best=33313.90 (+-160.17 vs bank) it=28 acc=28 [26s]
[E-678 s92] best=33315.88 (+-158.19 vs bank) it=29 acc=29 [27s]
[E-678 s92] best=33319.45 (+-154.62 vs bank) it=30 acc=30 [27s]
[E-678 s92] best=33319.46 (+-154.61 vs bank) it=31 acc=31 [28s]
[E-678 s92] best=33321.37 (+-152.70 vs bank) it=32 acc=32 [29s]
[E-678 s92] best=33325.28 (+-148.79 vs bank) it=33 acc=33 [30s]
[E-678 s92] best=33325.81 (+-148.26 vs bank) it=34 acc=34 [31s]
[E-678 s92] best=33328.81 (+-145.26 vs bank) it=35 acc=35 [32s]
[E-678 s92] best=33329.34 (+-144.73 vs bank) it=36 acc=36 [33s]
[E-678 s92] best=33330.18 (+-143.89 vs bank) it=37 acc=37 [33s]
[E-678 s92] best=33330.23 (+-143.84 vs bank) it=38 acc=38 [34s]
[E-678 s92] best=33330.84 (+-143.23 vs bank) it=39 acc=39 [35s]
[E-678 s92] best=33335.07 (+-139.00 vs bank) it=40 acc=40 [36s]
[E-678 s92] best=33338.46 (+-135.61 vs bank) it=41 acc=41 [37s]
[E-678 s92] best=33338.60 (+-135.47 vs bank) it=42 acc=42 [38s]
[E-678 s92] best=33342.47 (+-131.60 vs bank) it=43 acc=43 [39s]
[E-678 s92] best=33345.49 (+-128.58 vs bank) it=44 acc=44 [40s]
[E-678 s92] best=33349.34 (+-124.73 vs bank) it=45 acc=45 [40s]
[E-678 s92] best=33350.68 (+-123.39 vs bank) it=46 acc=46 [41s]
[E-678 s92] best=33357.33 (+-116.74 vs bank) it=47 acc=47 [42s]
[E-678 s92] best=33359.35 (+-114.72 vs bank) it=48 acc=48 [43s]
[E-678 s92] best=33363.55 (+-110.52 vs bank) it=51 acc=51 [46s]
[E-678 s92] best=33364.38 (+-109.69 vs bank) it=53 acc=53 [48s]
[E-678 s92] best=33365.03 (+-109.04 vs bank) it=56 acc=56 [50s]
[E-678 s92] best=33366.38 (+-107.69 vs bank) it=57 acc=57 [51s]
[E-678 s92] best=33367.31 (+-106.76 vs bank) it=62 acc=62 [55s]
[E-678 s92] best=33367.57 (+-106.50 vs bank) it=64 acc=64 [56s]
[E-678 s92] best=33369.35 (+-104.72 vs bank) it=66 acc=66 [58s]
[E-678 s92] best=33370.48 (+-103.59 vs bank) it=67 acc=67 [59s]
[E-678 s92] best=33370.59 (+-103.48 vs bank) it=68 acc=68 [60s]
[E-678 s92] best=33370.83 (+-103.24 vs bank) it=69 acc=69 [60s]
[E-678 s92] best=33371.63 (+-102.44 vs bank) it=70 acc=70 [61s]
[E-678 s92] best=33372.15 (+-101.92 vs bank) it=71 acc=71 [62s]
[E-678 s92] best=33372.22 (+-101.85 vs bank) it=72 acc=72 [63s]
[E-678 s92] best=33372.66 (+-101.41 vs bank) it=74 acc=74 [65s]
[E-678 s92] best=33374.19 (+-99.88 vs bank) it=75 acc=75 [65s]
[E-678 s92] best=33374.63 (+-99.44 vs bank) it=77 acc=77 [67s]
[E-678 s92] best=33375.95 (+-98.12 vs bank) it=78 acc=78 [68s]
[E-678 s92] best=33376.43 (+-97.64 vs bank) it=79 acc=79 [69s]
[E-678 s92] best=33376.90 (+-97.17 vs bank) it=83 acc=83 [72s]
[E-678 s92] best=33378.30 (+-95.77 vs bank) it=89 acc=89 [77s]
[E-678 s92] best=33380.01 (+-94.06 vs bank) it=90 acc=90 [78s]
[E-678 s92] best=33380.27 (+-93.80 vs bank) it=92 acc=92 [80s]
[E-678 s92] best=33381.01 (+-93.06 vs bank) it=95 acc=95 [82s]
[E-678 s92] best=33381.18 (+-92.89 vs bank) it=96 acc=96 [83s]
[E-678 s92] best=33383.45 (+-90.62 vs bank) it=98 acc=98 [85s]
[E-678 s92] best=33383.97 (+-90.10 vs bank) it=99 acc=99 [85s]
[E-678 s92] it=100 cur=33383.97 best=33383.97 [86s]
[E-678 s92] best=33384.11 (+-89.96 vs bank) it=102 acc=102 [88s]
[E-678 s92] best=33385.89 (+-88.18 vs bank) it=106 acc=106 [91s]
[E-678 s92] best=33387.71 (+-86.36 vs bank) it=108 acc=108 [93s]
[E-678 s92] best=33387.87 (+-86.20 vs bank) it=111 acc=111 [95s]
[E-678 s92] best=33388.11 (+-85.96 vs bank) it=112 acc=112 [96s]
[E-678 s92] best=33390.80 (+-83.27 vs bank) it=113 acc=113 [97s]
[E-678 s92] best=33391.66 (+-82.41 vs bank) it=114 acc=114 [98s]
[E-678 s92] best=33393.28 (+-80.79 vs bank) it=115 acc=115 [99s]
[E-678 s92] best=33394.01 (+-80.06 vs bank) it=116 acc=116 [99s]
[E-678 s92] best=33394.13 (+-79.94 vs bank) it=119 acc=119 [102s]
[E-678 s92] best=33395.87 (+-78.20 vs bank) it=120 acc=120 [103s]
[E-678 s92] best=33396.21 (+-77.86 vs bank) it=122 acc=122 [104s]
[E-678 s92] best=33396.39 (+-77.68 vs bank) it=134 acc=134 [114s]
[E-678 s92] best=33397.77 (+-76.30 vs bank) it=138 acc=138 [117s]
[E-678 s92] best=33398.46 (+-75.61 vs bank) it=150 acc=150 [127s]
[E-678 s92] best=33398.77 (+-75.30 vs bank) it=151 acc=151 [128s]
[E-678 s92] best=33399.16 (+-74.91 vs bank) it=155 acc=155 [131s]
[E-678 s92] best=33399.52 (+-74.55 vs bank) it=174 acc=174 [147s]
[E-678 s92] best=33400.00 (+-74.07 vs bank) it=179 acc=179 [151s]
[E-678 s92] best=33400.76 (+-73.31 vs bank) it=182 acc=182 [153s]
[E-678 s92] best=33402.37 (+-71.70 vs bank) it=183 acc=183 [154s]
[E-678 s92] best=33402.63 (+-71.44 vs bank) it=184 acc=184 [155s]
[E-678 s92] best=33403.40 (+-70.67 vs bank) it=186 acc=186 [157s]
[E-678 s92] best=33403.93 (+-70.14 vs bank) it=187 acc=187 [157s]
[E-678 s92] best=33404.58 (+-69.49 vs bank) it=192 acc=192 [162s]
[E-678 s92] best=33404.83 (+-69.24 vs bank) it=193 acc=193 [162s]
[E-678 s92] best=33404.91 (+-69.16 vs bank) it=194 acc=194 [163s]
[E-678 s92] best=33405.08 (+-68.99 vs bank) it=195 acc=195 [164s]
[E-678 s92] best=33406.77 (+-67.30 vs bank) it=196 acc=196 [165s]
[E-678 s92] best=33407.00 (+-67.07 vs bank) it=199 acc=199 [167s]
[E-678 s92] it=200 cur=33407.00 best=33407.00 [168s]
[E-678 s92] best=33408.54 (+-65.53 vs bank) it=206 acc=206 [173s]
[E-678 s92] best=33410.22 (+-63.85 vs bank) it=207 acc=207 [174s]
[E-678 s92] best=33410.27 (+-63.80 vs bank) it=232 acc=232 [195s]
[E-678 s92] best=33410.50 (+-63.57 vs bank) it=249 acc=249 [209s]
[E-678 s92] best=33410.93 (+-63.14 vs bank) it=253 acc=253 [212s]
[E-678 s92] best=33411.82 (+-62.25 vs bank) it=271 acc=271 [227s]
[E-678 s92] best=33412.07 (+-62.00 vs bank) it=275 acc=275 [230s]
[E-678 s92] best=33413.28 (+-60.79 vs bank) it=281 acc=281 [235s]
[E-678 s92] best=33413.37 (+-60.70 vs bank) it=287 acc=287 [240s]
[E-678 s92] best=33413.65 (+-60.42 vs bank) it=298 acc=298 [249s]
[E-678 s92] it=300 cur=33413.65 best=33413.65 [251s]
[E-678 s92] it=400 cur=33413.65 best=33413.65 [333s]
[E-678 s92] it=500 cur=33413.65 best=33413.65 [413s]
[E-678 s92] it=600 cur=33384.65 best=33413.65 [496s]
[E-678 s92] best=33416.23 (+-57.84 vs bank) it=635 acc=635 [525s]
[E-678 s92] best=33417.61 (+-56.46 vs bank) it=636 acc=636 [526s]
[E-678 s92] best=33417.90 (+-56.17 vs bank) it=637 acc=637 [526s]
[E-678 s92] best=33420.46 (+-53.61 vs bank) it=638 acc=638 [527s]
[E-678 s92] best=33422.78 (+-51.29 vs bank) it=639 acc=639 [528s]
[E-678 s92] best=33423.88 (+-50.19 vs bank) it=642 acc=642 [530s]
[E-678 s92] best=33426.61 (+-47.46 vs bank) it=644 acc=644 [532s]
[E-678 s92] best=33427.45 (+-46.62 vs bank) it=645 acc=645 [533s]
[E-678 s92] best=33428.17 (+-45.90 vs bank) it=649 acc=649 [536s]
[E-678 s92] best=33429.87 (+-44.20 vs bank) it=652 acc=652 [538s]
[E-678 s92] best=33432.12 (+-41.95 vs bank) it=654 acc=654 [540s]
[E-678 s92] best=33433.70 (+-40.37 vs bank) it=655 acc=655 [541s]
[E-678 s92] best=33433.94 (+-40.13 vs bank) it=663 acc=663 [547s]
[E-678 s92] best=33438.13 (+-35.94 vs bank) it=664 acc=664 [548s]
[E-678 s92] best=33438.65 (+-35.42 vs bank) it=668 acc=668 [551s]
[E-678 s92] best=33440.85 (+-33.22 vs bank) it=677 acc=677 [558s]
[E-678 s92] best=33444.27 (+-29.80 vs bank) it=679 acc=679 [560s]
[E-678 s92] best=33444.71 (+-29.36 vs bank) it=681 acc=681 [562s]
[E-678 s92] best=33444.78 (+-29.29 vs bank) it=696 acc=696 [574s]
[E-678 s92] best=33447.31 (+-26.76 vs bank) it=698 acc=698 [575s]
[E-678 s92] it=700 cur=33447.31 best=33447.31 [577s]
[E-678 s92] best=33448.48 (+-25.59 vs bank) it=702 acc=702 [578s]
[E-678 s92] best=33448.61 (+-25.46 vs bank) it=706 acc=706 [582s]
[E-678 s92] best=33449.69 (+-24.38 vs bank) it=763 acc=763 [627s]
[E-678 s92] best=33449.81 (+-24.26 vs bank) it=768 acc=768 [631s]
[E-678 s92] best=33450.33 (+-23.74 vs bank) it=773 acc=773 [635s]
[E-678 s92] best=33450.62 (+-23.45 vs bank) it=782 acc=782 [642s]
[E-678 s92] it=800 cur=33450.62 best=33450.62 [657s]
[E-678 s92] best=33450.76 (+-23.31 vs bank) it=816 acc=816 [669s]
[E-678 s92] best=33451.40 (+-22.67 vs bank) it=830 acc=830 [681s]
[E-678 s92] best=33451.49 (+-22.58 vs bank) it=838 acc=838 [687s]
[E-678 s92] best=33452.49 (+-21.58 vs bank) it=882 acc=882 [722s]
[E-678 s92] it=900 cur=33452.49 best=33452.49 [737s]
[E-678 s92] it=1000 cur=33452.49 best=33452.49 [817s]
[E-678 s92] it=1100 cur=33452.49 best=33452.49 [898s]
[E-678 s92] it=1200 cur=33442.79 best=33452.49 [982s]
[E-678 s92] best=33453.70 (+-20.37 vs bank) it=1233 acc=1233 [1008s]
[E-678 s92] best=33453.90 (+-20.17 vs bank) it=1236 acc=1236 [1011s]
[E-678 s92] best=33455.85 (+-18.22 vs bank) it=1239 acc=1239 [1013s]
[E-678 s92] best=33455.87 (+-18.20 vs bank) it=1240 acc=1240 [1014s]
[E-678 s92] best=33455.90 (+-18.17 vs bank) it=1241 acc=1241 [1015s]
[E-678 s92] best=33457.58 (+-16.49 vs bank) it=1244 acc=1244 [1017s]
[E-678 s92] best=33457.75 (+-16.32 vs bank) it=1247 acc=1247 [1020s]
[E-678 s92] best=33459.40 (+-14.67 vs bank) it=1255 acc=1255 [1026s]
[E-678 s92] it=1300 cur=33459.40 best=33459.40 [1062s]
[E-678 s92] it=1400 cur=33459.40 best=33459.40 [1143s]
[E-678 s92] it=1500 cur=33459.40 best=33459.40 [1223s]
[E-678 s92] it=1600 cur=33435.21 best=33459.40 [1306s]
[E-678 s92] it=1700 cur=33452.94 best=33459.40 [1390s]
[E-678 s92] best=33461.04 (+-13.03 vs bank) it=1741 acc=1741 [1430s]
[E-678 s92] best=33461.49 (+-12.58 vs bank) it=1746 acc=1746 [1434s]
[E-678 s92] best=33461.82 (+-12.25 vs bank) it=1749 acc=1749 [1437s]
[E-678 s92] best=33463.00 (+-11.07 vs bank) it=1766 acc=1766 [1452s]
[E-678 s92] best=33463.11 (+-10.96 vs bank) it=1768 acc=1768 [1454s]
[E-678 s92] best=33463.51 (+-10.56 vs bank) it=1769 acc=1769 [1455s]
[E-678 s92] best=33463.55 (+-10.52 vs bank) it=1785 acc=1785 [1468s]
[E-678 s92] it=1800 cur=33463.55 best=33463.55 [1480s]
[E-678 s92] best=33463.84 (+-10.23 vs bank) it=1808 acc=1808 [1486s]
[E-678 s92] best=33465.32 (+-8.75 vs bank) it=1812 acc=1812 [1490s]
[E-678 s92] best=33465.94 (+-8.13 vs bank) it=1817 acc=1817 [1494s]
[E-678 s92] best=33466.52 (+-7.55 vs bank) it=1839 acc=1839 [1512s]
[E-678 s92] best=33466.65 (+-7.42 vs bank) it=1843 acc=1843 [1515s]
[E-678 s92] best=33466.97 (+-7.10 vs bank) it=1844 acc=1844 [1516s]
[E-678 s92] best=33468.71 (+-5.36 vs bank) it=1852 acc=1852 [1523s]
[E-678 s92] best=33469.31 (+-4.76 vs bank) it=1854 acc=1854 [1525s]
[E-678 s92] best=33470.08 (+-3.99 vs bank) it=1855 acc=1855 [1525s]
[E-678 s92] best=33470.23 (+-3.84 vs bank) it=1861 acc=1861 [1531s]
[E-678 s92] best=33471.27 (+-2.80 vs bank) it=1864 acc=1864 [1533s]
[E-678 s92] best=33472.77 (+-1.30 vs bank) it=1866 acc=1866 [1535s]
[E-678 s92] best=33473.17 (+-0.90 vs bank) it=1867 acc=1867 [1535s]
[E-678 s92] best=33473.61 (+-0.46 vs bank) it=1868 acc=1868 [1536s]
[E-678 s92] best=33474.14 (+0.07 vs bank) it=1882 acc=1882 *** BEATS BANK feas=True [1548s]
[E-678 s92] best=33474.28 (+0.21 vs bank) it=1889 acc=1889 *** BEATS BANK feas=True [1554s]
[E-678 s92] best=33475.71 (+1.64 vs bank) it=1897 acc=1897 *** BEATS BANK feas=True [1560s]
[E-678 s92] it=1900 cur=33475.71 best=33475.71 [1563s]
[E-678 s92] best=33475.75 (+1.68 vs bank) it=1917 acc=1917 *** BEATS BANK feas=True [1577s]
[E-678 s92] best=33475.97 (+1.90 vs bank) it=1918 acc=1918 *** BEATS BANK feas=True [1578s]
[E-678 s92] best=33476.04 (+1.97 vs bank) it=1940 acc=1940 *** BEATS BANK feas=True [1596s]
[E-678 s92] best=33476.14 (+2.07 vs bank) it=1948 acc=1948 *** BEATS BANK feas=True [1603s]
[E-678 s92] best=33476.80 (+2.73 vs bank) it=1960 acc=1960 *** BEATS BANK feas=True [1613s]
[E-678 s92] best=33477.54 (+3.47 vs bank) it=1966 acc=1966 *** BEATS BANK feas=True [1618s]
[E-678 s92] best=33478.60 (+4.53 vs bank) it=1982 acc=1982 *** BEATS BANK feas=True [1635s]
[E-678 s92] best=33481.16 (+7.09 vs bank) it=1986 acc=1986 *** BEATS BANK feas=True [1638s]
[E-678 s92] best=33482.05 (+7.98 vs bank) it=1989 acc=1989 *** BEATS BANK feas=True [1641s]
[E-678 s92] best=33482.06 (+7.99 vs bank) it=1991 acc=1991 *** BEATS BANK feas=True [1643s]
[E-678 s92] best=33482.16 (+8.09 vs bank) it=1992 acc=1992 *** BEATS BANK feas=True [1644s]
[E-678 s92] it=2000 cur=33482.16 best=33482.16 [1651s]
[E-678 s92] best=33482.90 (+8.83 vs bank) it=2050 acc=2050 *** BEATS BANK feas=True [1692s]
[E-678 s92] best=33483.22 (+9.15 vs bank) it=2051 acc=2051 *** BEATS BANK feas=True [1693s]
[E-678 s92] best=33483.45 (+9.38 vs bank) it=2052 acc=2052 *** BEATS BANK feas=True [1694s]
[E-678 s92] best=33483.65 (+9.58 vs bank) it=2078 acc=2078 *** BEATS BANK feas=True [1716s]
[E-678 s92] best=33484.21 (+10.14 vs bank) it=2083 acc=2083 *** BEATS BANK feas=True [1720s]
[E-678 s92] best=33484.41 (+10.34 vs bank) it=2086 acc=2086 *** BEATS BANK feas=True [1722s]
[E-678 s92] best=33485.57 (+11.50 vs bank) it=2092 acc=2092 *** BEATS BANK feas=True [1727s]
[E-678 s92] it=2100 cur=33485.57 best=33485.57 [1734s]
[E-678 s92] best=33488.08 (+14.01 vs bank) it=2116 acc=2116 *** BEATS BANK feas=True [1747s]
[E-678 s92] best=33489.64 (+15.57 vs bank) it=2119 acc=2119 *** BEATS BANK feas=True [1749s]
[E-678 s92] best=33490.14 (+16.07 vs bank) it=2132 acc=2132 *** BEATS BANK feas=True [1760s]
[E-678 s92] best=33490.46 (+16.39 vs bank) it=2134 acc=2134 *** BEATS BANK feas=True [1762s]
[E-678 s92] it=2200 cur=33490.46 best=33490.46 [1816s]
[E-678 s92] it=2300 cur=33490.46 best=33490.46 [1897s]
[E-678 s92] it=2400 cur=33404.55 best=33490.46 [1983s]
[E-678 s92] it=2500 cur=33463.20 best=33490.46 [2077s]
[E-678 s92] it=2600 cur=33481.09 best=33490.46 [2166s]
[E-678 s92] it=2700 cur=33462.46 best=33490.46 [2253s]
[E-678 s92] it=2800 cur=33478.65 best=33490.46 [2340s]
[E-678 s92] it=2900 cur=33331.08 best=33490.46 [2431s]
[E-678 s92] it=3000 cur=33462.24 best=33490.46 [2518s]
[E-678 s92] it=3100 cur=33475.50 best=33490.46 [2627s]
[E-678 s92] it=3200 cur=33433.02 best=33490.46 [2739s]
[E-678 s92] it=3300 cur=33463.96 best=33490.46 [2848s]
[E-678 s92] it=3400 cur=33338.35 best=33490.46 [2958s]
[E-678 s92] it=3500 cur=33474.40 best=33490.46 [3067s]
[E-678 s92] it=3600 cur=33486.05 best=33490.46 [3177s]
[E-678 s92] it=3700 cur=33439.99 best=33490.46 [3288s]
[E-678 s92] it=3800 cur=33470.80 best=33490.46 [3400s]
[E-678 s92] it=3900 cur=33357.43 best=33490.46 [3512s]
[E-678 s92] it=4000 cur=33470.64 best=33490.46 [3627s]
[E-678 s92] it=4100 cur=33474.14 best=33490.46 [3746s]
[E-678 s92] it=4200 cur=33454.20 best=33490.46 [3854s]
[E-678 s92] it=4300 cur=33466.55 best=33490.46 [3947s]
[E-678 s92] it=4400 cur=33294.68 best=33490.46 [4042s]
[E-678 s92] it=4500 cur=33481.25 best=33490.46 [4137s]
[E-678 s92] best=33491.17 (+17.10 vs bank) it=4535 acc=4535 *** BEATS BANK feas=True [4168s]
[E-678 s92] best=33491.38 (+17.31 vs bank) it=4582 acc=4582 *** BEATS BANK feas=True [4211s]
[E-678 s92] it=4600 cur=33491.38 best=33491.38 [4228s]
[E-678 s92] it=4700 cur=33491.38 best=33491.38 [4321s]
[E-678 s92] it=4800 cur=33491.38 best=33491.38 [4413s]
[E-678 s92] it=4900 cur=33470.83 best=33491.38 [4520s]
[E-678 s92] it=5000 cur=33477.87 best=33491.38 [4622s]
[E-678 s92] it=5100 cur=33359.00 best=33491.38 [4713s]
[E-678 s92] it=5200 cur=33464.01 best=33491.38 [4806s]
[E-678 s92] it=5300 cur=33474.81 best=33491.38 [4930s]
[E-678 s92] it=5400 cur=33447.34 best=33491.38 [5026s]
[E-678 s92] it=5500 cur=33476.90 best=33491.38 [5120s]
[E-678 s92] it=5600 cur=33380.74 best=33491.38 [5216s]
[E-678 s92] it=5700 cur=33473.48 best=33491.38 [5315s]
[E-678 s92] it=5800 cur=33482.70 best=33491.38 [5408s]
[E-678 s92] it=5900 cur=33470.95 best=33491.38 [5494s]
[E-678 s92] DONE best=33491.38 (+17.31 vs bank) [5579s]
