error    libmamba Could not set lock (Resource temporarily unavailable)
warning  libmamba Cannot lock '/home/julian/.cache/mamba/proc'
    Waiting for other mamba process to finish
[E-678 s31] LP-rounded start=32020.61 sel=4203 | bank=33470.92 leader=33555.62 | random-destroy 0.46
[E-678 s31] best=32693.07 (+-777.85 vs bank) it=0 acc=0 [1s]
[E-678 s31] best=32871.12 (+-599.80 vs bank) it=1 acc=1 [1s]
[E-678 s31] best=32985.12 (+-485.80 vs bank) it=2 acc=2 [1s]
[E-678 s31] best=33041.41 (+-429.51 vs bank) it=3 acc=3 [2s]
[E-678 s31] best=33104.11 (+-366.81 vs bank) it=4 acc=4 [2s]
[E-678 s31] best=33128.78 (+-342.14 vs bank) it=5 acc=5 [3s]
[E-678 s31] best=33144.29 (+-326.63 vs bank) it=6 acc=6 [3s]
[E-678 s31] best=33158.38 (+-312.54 vs bank) it=7 acc=7 [4s]
[E-678 s31] best=33165.99 (+-304.93 vs bank) it=8 acc=8 [4s]
[E-678 s31] best=33177.29 (+-293.63 vs bank) it=9 acc=9 [4s]
[E-678 s31] best=33188.80 (+-282.12 vs bank) it=10 acc=10 [5s]
[E-678 s31] best=33206.06 (+-264.86 vs bank) it=11 acc=11 [5s]
[E-678 s31] best=33221.36 (+-249.56 vs bank) it=12 acc=12 [5s]
[E-678 s31] best=33224.34 (+-246.58 vs bank) it=13 acc=13 [6s]
[E-678 s31] best=33229.86 (+-241.06 vs bank) it=14 acc=14 [6s]
[E-678 s31] best=33235.29 (+-235.63 vs bank) it=15 acc=15 [7s]
[E-678 s31] best=33237.56 (+-233.36 vs bank) it=16 acc=16 [7s]
[E-678 s31] best=33240.71 (+-230.21 vs bank) it=17 acc=17 [7s]
[E-678 s31] best=33242.09 (+-228.83 vs bank) it=18 acc=18 [8s]
[E-678 s31] best=33253.83 (+-217.09 vs bank) it=19 acc=19 [8s]
[E-678 s31] best=33261.31 (+-209.61 vs bank) it=20 acc=20 [9s]
[E-678 s31] best=33271.59 (+-199.33 vs bank) it=21 acc=21 [9s]
[E-678 s31] best=33278.64 (+-192.28 vs bank) it=22 acc=22 [9s]
[E-678 s31] best=33283.12 (+-187.80 vs bank) it=23 acc=23 [10s]
[E-678 s31] best=33287.71 (+-183.21 vs bank) it=24 acc=24 [10s]
[E-678 s31] best=33288.12 (+-182.80 vs bank) it=25 acc=25 [10s]
[E-678 s31] best=33290.65 (+-180.26 vs bank) it=26 acc=26 [11s]
[E-678 s31] best=33299.61 (+-171.31 vs bank) it=27 acc=27 [11s]
[E-678 s31] best=33301.24 (+-169.68 vs bank) it=28 acc=28 [12s]
[E-678 s31] best=33305.91 (+-165.01 vs bank) it=29 acc=29 [12s]
[E-678 s31] best=33306.54 (+-164.38 vs bank) it=30 acc=30 [12s]
[E-678 s31] best=33307.37 (+-163.55 vs bank) it=31 acc=31 [13s]
[E-678 s31] best=33310.58 (+-160.34 vs bank) it=32 acc=32 [13s]
[E-678 s31] best=33311.31 (+-159.61 vs bank) it=33 acc=33 [13s]
[E-678 s31] best=33312.28 (+-158.64 vs bank) it=34 acc=34 [14s]
[E-678 s31] best=33315.25 (+-155.67 vs bank) it=35 acc=35 [14s]
[E-678 s31] best=33319.70 (+-151.22 vs bank) it=36 acc=36 [14s]
[E-678 s31] best=33321.57 (+-149.35 vs bank) it=38 acc=38 [15s]
[E-678 s31] best=33322.07 (+-148.85 vs bank) it=39 acc=39 [15s]
[E-678 s31] best=33328.46 (+-142.46 vs bank) it=40 acc=40 [16s]
[E-678 s31] best=33330.07 (+-140.85 vs bank) it=42 acc=42 [17s]
[E-678 s31] best=33330.63 (+-140.29 vs bank) it=45 acc=45 [18s]
[E-678 s31] best=33335.62 (+-135.30 vs bank) it=47 acc=47 [18s]
[E-678 s31] best=33336.69 (+-134.23 vs bank) it=49 acc=49 [19s]
[E-678 s31] best=33337.20 (+-133.72 vs bank) it=51 acc=51 [20s]
[E-678 s31] best=33337.65 (+-133.27 vs bank) it=54 acc=54 [21s]
[E-678 s31] best=33338.49 (+-132.43 vs bank) it=58 acc=58 [22s]
[E-678 s31] best=33339.98 (+-130.94 vs bank) it=60 acc=60 [23s]
[E-678 s31] best=33342.21 (+-128.71 vs bank) it=70 acc=70 [26s]
[E-678 s31] best=33343.98 (+-126.94 vs bank) it=74 acc=74 [28s]
[E-678 s31] best=33344.33 (+-126.59 vs bank) it=77 acc=77 [29s]
[E-678 s31] best=33344.96 (+-125.96 vs bank) it=83 acc=83 [31s]
[E-678 s31] best=33346.43 (+-124.49 vs bank) it=96 acc=96 [36s]
[E-678 s31] best=33346.67 (+-124.25 vs bank) it=100 acc=100 [37s]
[E-678 s31] it=100 cur=33346.67 best=33346.67 [37s]
[E-678 s31] best=33348.08 (+-122.84 vs bank) it=101 acc=101 [38s]
[E-678 s31] best=33348.52 (+-122.40 vs bank) it=102 acc=102 [38s]
[E-678 s31] best=33348.69 (+-122.23 vs bank) it=104 acc=104 [39s]
[E-678 s31] best=33349.03 (+-121.89 vs bank) it=105 acc=105 [39s]
[E-678 s31] best=33349.58 (+-121.33 vs bank) it=106 acc=106 [40s]
[E-678 s31] best=33349.60 (+-121.32 vs bank) it=112 acc=112 [42s]
[E-678 s31] best=33349.81 (+-121.11 vs bank) it=120 acc=120 [45s]
[E-678 s31] best=33351.30 (+-119.62 vs bank) it=122 acc=122 [45s]
[E-678 s31] best=33351.39 (+-119.53 vs bank) it=123 acc=123 [46s]
[E-678 s31] best=33358.78 (+-112.14 vs bank) it=124 acc=124 [46s]
[E-678 s31] best=33362.90 (+-108.02 vs bank) it=126 acc=126 [47s]
[E-678 s31] best=33363.08 (+-107.84 vs bank) it=141 acc=141 [53s]
[E-678 s31] best=33364.33 (+-106.59 vs bank) it=142 acc=142 [53s]
[E-678 s31] best=33364.80 (+-106.12 vs bank) it=158 acc=158 [59s]
[E-678 s31] best=33365.75 (+-105.17 vs bank) it=160 acc=160 [59s]
[E-678 s31] best=33366.19 (+-104.73 vs bank) it=161 acc=161 [60s]
[E-678 s31] best=33366.42 (+-104.50 vs bank) it=175 acc=175 [64s]
[E-678 s31] best=33367.10 (+-103.82 vs bank) it=176 acc=176 [65s]
[E-678 s31] best=33367.15 (+-103.77 vs bank) it=179 acc=179 [66s]
[E-678 s31] best=33368.64 (+-102.28 vs bank) it=180 acc=180 [66s]
[E-678 s31] best=33369.29 (+-101.63 vs bank) it=182 acc=182 [67s]
[E-678 s31] best=33370.36 (+-100.56 vs bank) it=186 acc=186 [68s]
[E-678 s31] it=200 cur=33370.36 best=33370.36 [73s]
[E-678 s31] best=33370.90 (+-100.02 vs bank) it=206 acc=206 [75s]
[E-678 s31] best=33371.07 (+-99.85 vs bank) it=213 acc=213 [77s]
[E-678 s31] best=33371.92 (+-99.00 vs bank) it=286 acc=286 [104s]
[E-678 s31] best=33372.19 (+-98.73 vs bank) it=288 acc=288 [105s]
[E-678 s31] best=33372.62 (+-98.30 vs bank) it=289 acc=289 [105s]
[E-678 s31] it=300 cur=33372.62 best=33372.62 [109s]
[E-678 s31] best=33373.67 (+-97.25 vs bank) it=306 acc=306 [111s]
[E-678 s31] best=33373.91 (+-97.01 vs bank) it=307 acc=307 [112s]
[E-678 s31] best=33374.02 (+-96.90 vs bank) it=308 acc=308 [112s]
[E-678 s31] best=33374.25 (+-96.67 vs bank) it=315 acc=315 [114s]
[E-678 s31] best=33374.57 (+-96.35 vs bank) it=316 acc=316 [115s]
[E-678 s31] best=33374.61 (+-96.31 vs bank) it=320 acc=320 [116s]
[E-678 s31] best=33374.68 (+-96.24 vs bank) it=321 acc=321 [117s]
[E-678 s31] best=33375.41 (+-95.51 vs bank) it=327 acc=327 [119s]
[E-678 s31] best=33375.65 (+-95.27 vs bank) it=337 acc=337 [122s]
[E-678 s31] best=33375.78 (+-95.14 vs bank) it=366 acc=366 [133s]
[E-678 s31] best=33375.99 (+-94.93 vs bank) it=372 acc=372 [135s]
[E-678 s31] best=33376.21 (+-94.71 vs bank) it=380 acc=380 [138s]
[E-678 s31] it=400 cur=33376.21 best=33376.21 [145s]
[E-678 s31] best=33377.82 (+-93.10 vs bank) it=435 acc=435 [156s]
[E-678 s31] best=33379.41 (+-91.51 vs bank) it=499 acc=499 [178s]
[E-678 s31] it=500 cur=33379.41 best=33379.41 [178s]
[E-678 s31] best=33380.88 (+-90.04 vs bank) it=508 acc=508 [181s]
[E-678 s31] best=33382.29 (+-88.63 vs bank) it=517 acc=517 [184s]
[E-678 s31] best=33384.55 (+-86.37 vs bank) it=530 acc=530 [189s]
[E-678 s31] best=33385.42 (+-85.50 vs bank) it=531 acc=531 [189s]
[E-678 s31] best=33385.86 (+-85.06 vs bank) it=534 acc=534 [190s]
[E-678 s31] best=33387.04 (+-83.88 vs bank) it=537 acc=537 [191s]
[E-678 s31] best=33387.24 (+-83.68 vs bank) it=541 acc=541 [192s]
[E-678 s31] best=33387.27 (+-83.65 vs bank) it=547 acc=547 [194s]
[E-678 s31] best=33387.91 (+-83.01 vs bank) it=556 acc=556 [197s]
[E-678 s31] best=33388.20 (+-82.72 vs bank) it=559 acc=559 [198s]
[E-678 s31] best=33388.92 (+-82.00 vs bank) it=581 acc=581 [206s]
[E-678 s31] best=33389.36 (+-81.56 vs bank) it=600 acc=600 [212s]
[E-678 s31] it=600 cur=33389.36 best=33389.36 [212s]
[E-678 s31] best=33390.07 (+-80.85 vs bank) it=631 acc=631 [223s]
[E-678 s31] best=33390.21 (+-80.71 vs bank) it=641 acc=641 [226s]
[E-678 s31] best=33390.61 (+-80.31 vs bank) it=666 acc=666 [235s]
[E-678 s31] best=33391.14 (+-79.78 vs bank) it=674 acc=674 [237s]
[E-678 s31] best=33391.58 (+-79.34 vs bank) it=691 acc=691 [243s]
[E-678 s31] best=33392.52 (+-78.40 vs bank) it=692 acc=692 [244s]
[E-678 s31] best=33393.34 (+-77.58 vs bank) it=696 acc=696 [245s]
[E-678 s31] best=33393.52 (+-77.40 vs bank) it=698 acc=698 [245s]
[E-678 s31] it=700 cur=33393.52 best=33393.52 [246s]
[E-678 s31] best=33394.39 (+-76.53 vs bank) it=704 acc=704 [247s]
[E-678 s31] best=33395.18 (+-75.74 vs bank) it=708 acc=708 [249s]
[E-678 s31] best=33398.03 (+-72.89 vs bank) it=711 acc=711 [250s]
[E-678 s31] best=33399.38 (+-71.54 vs bank) it=712 acc=712 [250s]
[E-678 s31] best=33402.72 (+-68.20 vs bank) it=714 acc=714 [251s]
[E-678 s31] best=33402.99 (+-67.93 vs bank) it=719 acc=719 [253s]
[E-678 s31] best=33403.94 (+-66.98 vs bank) it=720 acc=720 [253s]
[E-678 s31] best=33404.02 (+-66.90 vs bank) it=723 acc=723 [254s]
[E-678 s31] it=800 cur=33404.02 best=33404.02 [280s]
[E-678 s31] best=33404.34 (+-66.58 vs bank) it=805 acc=805 [282s]
[E-678 s31] best=33404.68 (+-66.24 vs bank) it=807 acc=807 [282s]
[E-678 s31] best=33405.14 (+-65.78 vs bank) it=814 acc=814 [285s]
[E-678 s31] best=33405.84 (+-65.08 vs bank) it=846 acc=846 [296s]
[E-678 s31] it=900 cur=33405.84 best=33405.84 [314s]
[E-678 s31] it=1000 cur=33405.84 best=33405.84 [349s]
[E-678 s31] it=1100 cur=33405.84 best=33405.84 [383s]
[E-678 s31] it=1200 cur=33302.95 best=33405.84 [418s]
[E-678 s31] it=1300 cur=33349.09 best=33405.84 [453s]
[E-678 s31] it=1400 cur=33353.15 best=33405.84 [488s]
[E-678 s31] it=1500 cur=33345.59 best=33405.84 [523s]
[E-678 s31] it=1600 cur=33401.39 best=33405.84 [557s]
[E-678 s31] best=33408.16 (+-62.76 vs bank) it=1610 acc=1610 [561s]
[E-678 s31] best=33408.64 (+-62.28 vs bank) it=1639 acc=1639 [571s]
[E-678 s31] best=33409.18 (+-61.74 vs bank) it=1655 acc=1655 [577s]
[E-678 s31] best=33409.20 (+-61.72 vs bank) it=1658 acc=1658 [578s]
[E-678 s31] best=33409.44 (+-61.47 vs bank) it=1662 acc=1662 [580s]
[E-678 s31] best=33410.24 (+-60.68 vs bank) it=1666 acc=1666 [581s]
[E-678 s31] best=33410.66 (+-60.26 vs bank) it=1671 acc=1671 [583s]
[E-678 s31] best=33412.26 (+-58.66 vs bank) it=1673 acc=1673 [583s]
[E-678 s31] best=33412.32 (+-58.60 vs bank) it=1674 acc=1674 [584s]
[E-678 s31] best=33412.32 (+-58.60 vs bank) it=1677 acc=1677 [585s]
[E-678 s31] best=33412.39 (+-58.53 vs bank) it=1678 acc=1678 [585s]
[E-678 s31] best=33413.36 (+-57.56 vs bank) it=1683 acc=1683 [587s]
[E-678 s31] it=1700 cur=33413.36 best=33413.36 [593s]
[E-678 s31] best=33414.61 (+-56.31 vs bank) it=1712 acc=1712 [597s]
[E-678 s31] best=33414.82 (+-56.10 vs bank) it=1716 acc=1716 [599s]
[E-678 s31] best=33415.93 (+-54.99 vs bank) it=1722 acc=1722 [601s]
[E-678 s31] best=33417.20 (+-53.72 vs bank) it=1724 acc=1724 [601s]
[E-678 s31] best=33418.44 (+-52.48 vs bank) it=1725 acc=1725 [602s]
[E-678 s31] best=33418.91 (+-52.01 vs bank) it=1753 acc=1753 [612s]
[E-678 s31] best=33419.02 (+-51.90 vs bank) it=1754 acc=1754 [612s]
[E-678 s31] best=33419.36 (+-51.56 vs bank) it=1763 acc=1763 [616s]
[E-678 s31] best=33420.78 (+-50.14 vs bank) it=1771 acc=1771 [618s]
[E-678 s31] best=33421.21 (+-49.71 vs bank) it=1792 acc=1792 [626s]
[E-678 s31] best=33421.73 (+-49.19 vs bank) it=1794 acc=1794 [626s]
[E-678 s31] best=33422.47 (+-48.45 vs bank) it=1800 acc=1800 [628s]
[E-678 s31] it=1800 cur=33422.47 best=33422.47 [628s]
[E-678 s31] best=33422.84 (+-48.08 vs bank) it=1801 acc=1801 [629s]
[E-678 s31] best=33422.88 (+-48.04 vs bank) it=1803 acc=1803 [630s]
[E-678 s31] best=33424.34 (+-46.58 vs bank) it=1868 acc=1868 [653s]
[E-678 s31] best=33424.39 (+-46.53 vs bank) it=1869 acc=1869 [653s]
[E-678 s31] best=33425.56 (+-45.36 vs bank) it=1871 acc=1871 [654s]
[E-678 s31] best=33426.61 (+-44.31 vs bank) it=1878 acc=1878 [656s]
[E-678 s31] it=1900 cur=33426.61 best=33426.61 [664s]
[E-678 s31] it=2000 cur=33426.61 best=33426.61 [699s]
[E-678 s31] it=2100 cur=33426.61 best=33426.61 [735s]
[E-678 s31] best=33428.41 (+-42.51 vs bank) it=2140 acc=2140 [749s]
[E-678 s31] best=33428.87 (+-42.05 vs bank) it=2151 acc=2151 [752s]
[E-678 s31] best=33431.06 (+-39.86 vs bank) it=2156 acc=2156 [754s]
[E-678 s31] it=2200 cur=33431.06 best=33431.06 [770s]
[E-678 s31] it=2300 cur=33431.06 best=33431.06 [805s]
[E-678 s31] it=2400 cur=33431.06 best=33431.06 [840s]
[E-678 s31] it=2500 cur=33265.33 best=33431.06 [875s]
[E-678 s31] it=2600 cur=33337.25 best=33431.06 [910s]
[E-678 s31] it=2700 cur=33364.34 best=33431.06 [944s]
[E-678 s31] it=2800 cur=33319.43 best=33431.06 [980s]
[E-678 s31] it=2900 cur=33372.47 best=33431.06 [1016s]
[E-678 s31] it=3000 cur=33389.12 best=33431.06 [1051s]
[E-678 s31] it=3100 cur=33292.95 best=33431.06 [1087s]
[E-678 s31] it=3200 cur=33362.84 best=33431.06 [1122s]
[E-678 s31] it=3300 cur=33385.21 best=33431.06 [1156s]
[E-678 s31] it=3400 cur=33335.08 best=33431.06 [1191s]
[E-678 s31] it=3500 cur=33412.30 best=33431.06 [1227s]
[E-678 s31] it=3600 cur=33419.64 best=33431.06 [1264s]
[E-678 s31] it=3700 cur=33299.99 best=33431.06 [1299s]
[E-678 s31] it=3800 cur=33383.08 best=33431.06 [1333s]
[E-678 s31] it=3900 cur=33398.13 best=33431.06 [1367s]
[E-678 s31] it=4000 cur=33336.26 best=33431.06 [1402s]
[E-678 s31] it=4100 cur=33386.36 best=33431.06 [1436s]
[E-678 s31] it=4200 cur=33388.58 best=33431.06 [1471s]
[E-678 s31] it=4300 cur=33350.21 best=33431.06 [1507s]
[E-678 s31] it=4400 cur=33397.47 best=33431.06 [1542s]
[E-678 s31] it=4500 cur=33415.96 best=33431.06 [1577s]
[E-678 s31] it=4600 cur=33299.21 best=33431.06 [1612s]
[E-678 s31] it=4700 cur=33330.17 best=33431.06 [1646s]
[E-678 s31] it=4800 cur=33352.70 best=33431.06 [1680s]
[E-678 s31] it=4900 cur=33305.03 best=33431.06 [1716s]
[E-678 s31] it=5000 cur=33344.60 best=33431.06 [1750s]
[E-678 s31] it=5100 cur=33353.81 best=33431.06 [1784s]
[E-678 s31] it=5200 cur=33355.97 best=33431.06 [1818s]
[E-678 s31] it=5300 cur=33424.17 best=33431.06 [1853s]
[E-678 s31] it=5400 cur=33429.81 best=33431.06 [1888s]
[E-678 s31] best=33431.28 (+-39.64 vs bank) it=5413 acc=5413 [1893s]
[E-678 s31] best=33432.17 (+-38.75 vs bank) it=5420 acc=5420 [1895s]
[E-678 s31] best=33433.40 (+-37.52 vs bank) it=5422 acc=5422 [1896s]
[E-678 s31] best=33434.14 (+-36.78 vs bank) it=5434 acc=5434 [1900s]
[E-678 s31] it=5500 cur=33434.14 best=33434.14 [1923s]
[E-678 s31] best=33434.18 (+-36.74 vs bank) it=5553 acc=5553 [1941s]
[E-678 s31] best=33434.67 (+-36.25 vs bank) it=5583 acc=5583 [1952s]
[E-678 s31] best=33435.39 (+-35.53 vs bank) it=5585 acc=5585 [1953s]
[E-678 s31] it=5600 cur=33435.39 best=33435.39 [1958s]
[E-678 s31] best=33435.93 (+-34.99 vs bank) it=5625 acc=5625 [1967s]
[E-678 s31] it=5700 cur=33435.93 best=33435.93 [1993s]
[E-678 s31] best=33436.71 (+-34.21 vs bank) it=5728 acc=5728 [2003s]
[E-678 s31] it=5800 cur=33436.71 best=33436.71 [2028s]
[E-678 s31] it=5900 cur=33436.71 best=33436.71 [2063s]
[E-678 s31] it=6000 cur=33436.71 best=33436.71 [2098s]
[E-678 s31] it=6100 cur=33329.47 best=33436.71 [2133s]
[E-678 s31] it=6200 cur=33365.22 best=33436.71 [2168s]
[E-678 s31] it=6300 cur=33374.35 best=33436.71 [2202s]
[E-678 s31] it=6400 cur=33366.49 best=33436.71 [2238s]
[E-678 s31] it=6500 cur=33384.10 best=33436.71 [2272s]
[E-678 s31] it=6600 cur=33391.63 best=33436.71 [2307s]
[E-678 s31] it=6700 cur=33354.59 best=33436.71 [2343s]
[E-678 s31] it=6800 cur=33391.32 best=33436.71 [2377s]
[E-678 s31] it=6900 cur=33407.40 best=33436.71 [2411s]
[E-678 s31] it=7000 cur=33359.22 best=33436.71 [2446s]
[E-678 s31] it=7100 cur=33393.97 best=33436.71 [2481s]
[E-678 s31] it=7200 cur=33420.74 best=33436.71 [2515s]
[E-678 s31] it=7300 cur=33360.67 best=33436.71 [2550s]
[E-678 s31] it=7400 cur=33396.88 best=33436.71 [2586s]
[E-678 s31] it=7500 cur=33412.22 best=33436.71 [2621s]
[E-678 s31] it=7600 cur=33379.92 best=33436.71 [2656s]
[E-678 s31] it=7700 cur=33409.77 best=33436.71 [2690s]
[E-678 s31] it=7800 cur=33411.78 best=33436.71 [2724s]
[E-678 s31] it=7900 cur=33358.72 best=33436.71 [2760s]
[E-678 s31] DONE best=33436.71 (+-34.21 vs bank) [2795s]
