error    libmamba Could not set lock (Resource temporarily unavailable)
warning  libmamba Cannot lock '/home/julian/.cache/mamba/proc'
    Waiting for other mamba process to finish
[E-678 s101] current-bank start=33352.99 sel=4459 | bank=33352.99 leader=33555.62 | random-destroy 0.45
[E-678 s101] it=100 cur=33352.99 best=33352.99 [83s]
[E-678 s101] it=200 cur=33352.99 best=33352.99 [156s]
[E-678 s101] best=33353.63 (+0.64 vs bank) it=216 acc=216 *** BEATS BANK feas=True [167s]
[E-678 s101] it=300 cur=33353.63 best=33353.63 [222s]
[E-678 s101] it=400 cur=33353.63 best=33353.63 [287s]
[E-678 s101] it=500 cur=33353.63 best=33353.63 [353s]
[E-678 s101] it=600 cur=33353.63 best=33353.63 [419s]
[E-678 s101] it=700 cur=33353.63 best=33353.63 [486s]
[E-678 s101] it=800 cur=33353.63 best=33353.63 [552s]
[E-678 s101] it=900 cur=33353.63 best=33353.63 [619s]
[E-678 s101] it=1000 cur=33353.63 best=33353.63 [686s]
[E-678 s101] it=1100 cur=33353.63 best=33353.63 [753s]
[E-678 s101] it=1200 cur=33353.63 best=33353.63 [820s]
[E-678 s101] it=1300 cur=33353.63 best=33353.63 [886s]
[E-678 s101] it=1400 cur=33353.63 best=33353.63 [953s]
[E-678 s101] it=1500 cur=33353.63 best=33353.63 [1019s]
[E-678 s101] it=1600 cur=33353.63 best=33353.63 [1084s]
[E-678 s101] it=1700 cur=33353.63 best=33353.63 [1150s]
[E-678 s101] it=1800 cur=33353.63 best=33353.63 [1217s]
[E-678 s101] it=1900 cur=33353.63 best=33353.63 [1283s]
[E-678 s101] it=2000 cur=33353.63 best=33353.63 [1348s]
[E-678 s101] it=2100 cur=33353.63 best=33353.63 [1415s]
[E-678 s101] best=33354.30 (+1.31 vs bank) it=2162 acc=2162 *** BEATS BANK feas=True [1456s]
[E-678 s101] it=2200 cur=33354.30 best=33354.30 [1481s]
[E-678 s101] it=2300 cur=33354.30 best=33354.30 [1546s]
[E-678 s101] it=2400 cur=33354.30 best=33354.30 [1612s]
[E-678 s101] it=2500 cur=33354.30 best=33354.30 [1677s]
[E-678 s101] it=2600 cur=33354.30 best=33354.30 [1744s]
[E-678 s101] it=2700 cur=33354.30 best=33354.30 [1810s]
[E-678 s101] it=2800 cur=33354.30 best=33354.30 [1878s]
[E-678 s101] it=2900 cur=33354.30 best=33354.30 [1947s]
[E-678 s101] it=3000 cur=33354.30 best=33354.30 [2015s]
[E-678 s101] it=3100 cur=33354.30 best=33354.30 [2082s]
[E-678 s101] it=3200 cur=33354.30 best=33354.30 [2148s]
[E-678 s101] it=3300 cur=33354.30 best=33354.30 [2215s]
[E-678 s101] it=3400 cur=33354.30 best=33354.30 [2282s]
[E-678 s101] it=3500 cur=33354.30 best=33354.30 [2349s]
[E-678 s101] it=3600 cur=33354.30 best=33354.30 [2415s]
[E-678 s101] it=3700 cur=33354.30 best=33354.30 [2481s]
[E-678 s101] it=3800 cur=33354.30 best=33354.30 [2548s]
[E-678 s101] it=3900 cur=33354.30 best=33354.30 [2613s]
[E-678 s101] DONE best=33354.30 (+1.31 vs bank) [2677s]
