error    libmamba Could not set lock (Resource temporarily unavailable)
warning  libmamba Cannot lock '/home/julian/.cache/mamba/proc'
    Waiting for other mamba process to finish
[E-678 s11] LP-rounded start=32020.61 sel=4203 | bank=33352.99 leader=33555.62 | random-destroy 0.46
[E-678 s11] best=32644.20 (+-708.79 vs bank) it=0 acc=0 [0s]
[E-678 s11] best=32818.24 (+-534.75 vs bank) it=1 acc=1 [1s]
[E-678 s11] best=32914.03 (+-438.96 vs bank) it=2 acc=2 [1s]
[E-678 s11] best=32996.96 (+-356.03 vs bank) it=3 acc=3 [2s]
[E-678 s11] best=33015.56 (+-337.43 vs bank) it=4 acc=4 [2s]
[E-678 s11] best=33049.27 (+-303.72 vs bank) it=5 acc=5 [3s]
[E-678 s11] best=33071.36 (+-281.63 vs bank) it=6 acc=6 [3s]
[E-678 s11] best=33102.39 (+-250.60 vs bank) it=7 acc=7 [3s]
[E-678 s11] best=33122.10 (+-230.89 vs bank) it=8 acc=8 [4s]
[E-678 s11] best=33143.99 (+-209.00 vs bank) it=9 acc=9 [4s]
[E-678 s11] best=33153.54 (+-199.45 vs bank) it=10 acc=10 [4s]
[E-678 s11] best=33170.11 (+-182.88 vs bank) it=11 acc=11 [5s]
[E-678 s11] best=33182.36 (+-170.63 vs bank) it=12 acc=12 [5s]
[E-678 s11] best=33194.01 (+-158.98 vs bank) it=13 acc=13 [6s]
[E-678 s11] best=33199.74 (+-153.25 vs bank) it=14 acc=14 [6s]
[E-678 s11] best=33203.16 (+-149.83 vs bank) it=15 acc=15 [6s]
[E-678 s11] best=33204.86 (+-148.13 vs bank) it=16 acc=16 [7s]
[E-678 s11] best=33208.64 (+-144.35 vs bank) it=17 acc=17 [7s]
[E-678 s11] best=33216.64 (+-136.35 vs bank) it=18 acc=18 [7s]
[E-678 s11] best=33226.31 (+-126.68 vs bank) it=19 acc=19 [8s]
[E-678 s11] best=33227.25 (+-125.74 vs bank) it=20 acc=20 [8s]
[E-678 s11] best=33232.10 (+-120.89 vs bank) it=21 acc=21 [9s]
[E-678 s11] best=33235.29 (+-117.70 vs bank) it=23 acc=23 [9s]
[E-678 s11] best=33238.17 (+-114.82 vs bank) it=24 acc=24 [10s]
[E-678 s11] best=33240.24 (+-112.75 vs bank) it=26 acc=26 [11s]
[E-678 s11] best=33242.96 (+-110.03 vs bank) it=27 acc=27 [12s]
[E-678 s11] best=33244.19 (+-108.79 vs bank) it=28 acc=28 [12s]
[E-678 s11] best=33244.92 (+-108.07 vs bank) it=29 acc=29 [12s]
[E-678 s11] best=33248.25 (+-104.74 vs bank) it=30 acc=30 [13s]
[E-678 s11] best=33248.37 (+-104.62 vs bank) it=31 acc=31 [13s]
[E-678 s11] best=33248.98 (+-104.01 vs bank) it=32 acc=32 [14s]
[E-678 s11] best=33252.30 (+-100.69 vs bank) it=37 acc=37 [16s]
[E-678 s11] best=33252.89 (+-100.10 vs bank) it=38 acc=38 [16s]
[E-678 s11] best=33256.09 (+-96.90 vs bank) it=39 acc=39 [16s]
[E-678 s11] best=33256.38 (+-96.61 vs bank) it=40 acc=40 [17s]
[E-678 s11] best=33258.69 (+-94.30 vs bank) it=43 acc=43 [18s]
[E-678 s11] best=33261.41 (+-91.58 vs bank) it=44 acc=44 [18s]
[E-678 s11] best=33265.87 (+-87.12 vs bank) it=45 acc=45 [18s]
[E-678 s11] best=33266.14 (+-86.85 vs bank) it=47 acc=47 [19s]
[E-678 s11] best=33267.71 (+-85.28 vs bank) it=48 acc=48 [20s]
[E-678 s11] best=33271.93 (+-81.06 vs bank) it=49 acc=49 [20s]
[E-678 s11] best=33272.50 (+-80.49 vs bank) it=50 acc=50 [20s]
[E-678 s11] best=33272.60 (+-80.39 vs bank) it=51 acc=51 [21s]
[E-678 s11] best=33277.93 (+-75.06 vs bank) it=52 acc=52 [21s]
[E-678 s11] best=33284.64 (+-68.35 vs bank) it=54 acc=54 [22s]
[E-678 s11] best=33285.97 (+-67.02 vs bank) it=55 acc=55 [22s]
[E-678 s11] best=33293.52 (+-59.47 vs bank) it=57 acc=57 [23s]
[E-678 s11] best=33295.12 (+-57.87 vs bank) it=58 acc=58 [23s]
[E-678 s11] best=33295.81 (+-57.18 vs bank) it=60 acc=60 [24s]
[E-678 s11] best=33299.62 (+-53.37 vs bank) it=61 acc=61 [24s]
[E-678 s11] best=33306.04 (+-46.95 vs bank) it=63 acc=63 [25s]
[E-678 s11] best=33307.62 (+-45.37 vs bank) it=64 acc=64 [25s]
[E-678 s11] best=33309.58 (+-43.41 vs bank) it=65 acc=65 [26s]
[E-678 s11] best=33312.67 (+-40.32 vs bank) it=66 acc=66 [26s]
[E-678 s11] best=33315.77 (+-37.22 vs bank) it=67 acc=67 [26s]
[E-678 s11] best=33318.49 (+-34.50 vs bank) it=68 acc=68 [27s]
[E-678 s11] best=33319.46 (+-33.53 vs bank) it=69 acc=69 [27s]
[E-678 s11] best=33320.34 (+-32.65 vs bank) it=70 acc=70 [28s]
[E-678 s11] best=33324.92 (+-28.07 vs bank) it=71 acc=71 [28s]
[E-678 s11] best=33327.15 (+-25.84 vs bank) it=73 acc=73 [29s]
[E-678 s11] best=33327.95 (+-25.04 vs bank) it=74 acc=74 [29s]
[E-678 s11] best=33332.63 (+-20.36 vs bank) it=78 acc=78 [31s]
[E-678 s11] best=33333.08 (+-19.91 vs bank) it=79 acc=79 [31s]
[E-678 s11] best=33335.00 (+-17.99 vs bank) it=82 acc=82 [32s]
[E-678 s11] best=33335.88 (+-17.11 vs bank) it=85 acc=85 [33s]
[E-678 s11] best=33337.55 (+-15.44 vs bank) it=92 acc=92 [36s]
[E-678 s11] best=33338.83 (+-14.16 vs bank) it=93 acc=93 [36s]
[E-678 s11] best=33339.49 (+-13.50 vs bank) it=95 acc=95 [37s]
[E-678 s11] best=33341.12 (+-11.87 vs bank) it=98 acc=98 [38s]
[E-678 s11] best=33342.34 (+-10.65 vs bank) it=100 acc=100 [38s]
[E-678 s11] it=100 cur=33342.34 best=33342.34 [38s]
[E-678 s11] best=33343.62 (+-9.37 vs bank) it=101 acc=101 [39s]
[E-678 s11] best=33347.34 (+-5.65 vs bank) it=109 acc=109 [42s]
[E-678 s11] best=33349.11 (+-3.88 vs bank) it=111 acc=111 [42s]
[E-678 s11] best=33349.56 (+-3.43 vs bank) it=112 acc=112 [43s]
[E-678 s11] best=33350.78 (+-2.21 vs bank) it=114 acc=114 [43s]
[E-678 s11] best=33352.85 (+-0.14 vs bank) it=117 acc=117 [45s]
[E-678 s11] best=33354.33 (+1.34 vs bank) it=118 acc=118 *** BEATS BANK feas=True [45s]
[E-678 s11] best=33355.27 (+2.28 vs bank) it=119 acc=119 *** BEATS BANK feas=True [45s]
[E-678 s11] best=33357.56 (+4.57 vs bank) it=124 acc=124 *** BEATS BANK feas=True [47s]
[E-678 s11] best=33360.32 (+7.33 vs bank) it=125 acc=125 *** BEATS BANK feas=True [47s]
[E-678 s11] best=33360.33 (+7.34 vs bank) it=126 acc=126 *** BEATS BANK feas=True [48s]
[E-678 s11] best=33361.13 (+8.14 vs bank) it=128 acc=128 *** BEATS BANK feas=True [48s]
[E-678 s11] best=33362.25 (+9.26 vs bank) it=131 acc=131 *** BEATS BANK feas=True [50s]
[E-678 s11] best=33362.54 (+9.55 vs bank) it=132 acc=132 *** BEATS BANK feas=True [50s]
[E-678 s11] best=33363.86 (+10.87 vs bank) it=133 acc=133 *** BEATS BANK feas=True [50s]
[E-678 s11] best=33364.04 (+11.05 vs bank) it=134 acc=134 *** BEATS BANK feas=True [51s]
[E-678 s11] best=33364.67 (+11.68 vs bank) it=135 acc=135 *** BEATS BANK feas=True [51s]
[E-678 s11] best=33366.73 (+13.74 vs bank) it=136 acc=136 *** BEATS BANK feas=True [51s]
[E-678 s11] best=33367.16 (+14.17 vs bank) it=139 acc=139 *** BEATS BANK feas=True [53s]
[E-678 s11] best=33367.45 (+14.46 vs bank) it=140 acc=140 *** BEATS BANK feas=True [53s]
[E-678 s11] best=33368.14 (+15.15 vs bank) it=141 acc=141 *** BEATS BANK feas=True [53s]
[E-678 s11] best=33368.39 (+15.40 vs bank) it=147 acc=147 *** BEATS BANK feas=True [55s]
[E-678 s11] best=33372.74 (+19.75 vs bank) it=150 acc=150 *** BEATS BANK feas=True [56s]
[E-678 s11] best=33373.15 (+20.16 vs bank) it=152 acc=152 *** BEATS BANK feas=True [57s]
[E-678 s11] best=33374.07 (+21.08 vs bank) it=159 acc=159 *** BEATS BANK feas=True [60s]
[E-678 s11] best=33374.31 (+21.32 vs bank) it=161 acc=161 *** BEATS BANK feas=True [60s]
[E-678 s11] best=33375.86 (+22.87 vs bank) it=175 acc=175 *** BEATS BANK feas=True [65s]
[E-678 s11] it=200 cur=33375.86 best=33375.86 [74s]
[E-678 s11] best=33376.22 (+23.23 vs bank) it=204 acc=204 *** BEATS BANK feas=True [76s]
[E-678 s11] best=33377.31 (+24.32 vs bank) it=209 acc=209 *** BEATS BANK feas=True [78s]
[E-678 s11] best=33377.39 (+24.40 vs bank) it=214 acc=214 *** BEATS BANK feas=True [79s]
[E-678 s11] best=33377.92 (+24.93 vs bank) it=231 acc=231 *** BEATS BANK feas=True [85s]
[E-678 s11] best=33379.60 (+26.61 vs bank) it=235 acc=235 *** BEATS BANK feas=True [87s]
[E-678 s11] best=33380.28 (+27.29 vs bank) it=237 acc=237 *** BEATS BANK feas=True [87s]
[E-678 s11] best=33384.04 (+31.05 vs bank) it=238 acc=238 *** BEATS BANK feas=True [88s]
[E-678 s11] best=33384.77 (+31.78 vs bank) it=239 acc=239 *** BEATS BANK feas=True [88s]
[E-678 s11] best=33384.78 (+31.79 vs bank) it=243 acc=243 *** BEATS BANK feas=True [90s]
[E-678 s11] best=33385.95 (+32.96 vs bank) it=244 acc=244 *** BEATS BANK feas=True [90s]
[E-678 s11] best=33386.70 (+33.71 vs bank) it=245 acc=245 *** BEATS BANK feas=True [91s]
[E-678 s11] best=33388.25 (+35.26 vs bank) it=269 acc=269 *** BEATS BANK feas=True [99s]
[E-678 s11] best=33389.90 (+36.91 vs bank) it=283 acc=283 *** BEATS BANK feas=True [104s]
[E-678 s11] best=33390.09 (+37.10 vs bank) it=284 acc=284 *** BEATS BANK feas=True [104s]
[E-678 s11] best=33390.54 (+37.55 vs bank) it=289 acc=289 *** BEATS BANK feas=True [106s]
[E-678 s11] best=33392.13 (+39.14 vs bank) it=292 acc=292 *** BEATS BANK feas=True [107s]
[E-678 s11] best=33393.73 (+40.74 vs bank) it=293 acc=293 *** BEATS BANK feas=True [107s]
[E-678 s11] it=300 cur=33393.73 best=33393.73 [110s]
[E-678 s11] best=33397.18 (+44.19 vs bank) it=309 acc=309 *** BEATS BANK feas=True [113s]
[E-678 s11] best=33397.39 (+44.40 vs bank) it=315 acc=315 *** BEATS BANK feas=True [115s]
[E-678 s11] best=33398.51 (+45.52 vs bank) it=333 acc=333 *** BEATS BANK feas=True [121s]
[E-678 s11] best=33398.96 (+45.97 vs bank) it=336 acc=336 *** BEATS BANK feas=True [122s]
[E-678 s11] best=33399.39 (+46.40 vs bank) it=341 acc=341 *** BEATS BANK feas=True [124s]
[E-678 s11] best=33399.76 (+46.77 vs bank) it=342 acc=342 *** BEATS BANK feas=True [124s]
[E-678 s11] best=33400.27 (+47.28 vs bank) it=346 acc=346 *** BEATS BANK feas=True [125s]
[E-678 s11] best=33401.07 (+48.08 vs bank) it=361 acc=361 *** BEATS BANK feas=True [131s]
[E-678 s11] best=33401.26 (+48.27 vs bank) it=364 acc=364 *** BEATS BANK feas=True [132s]
[E-678 s11] best=33402.70 (+49.71 vs bank) it=381 acc=381 *** BEATS BANK feas=True [138s]
[E-678 s11] best=33402.87 (+49.88 vs bank) it=382 acc=382 *** BEATS BANK feas=True [138s]
[E-678 s11] best=33403.47 (+50.48 vs bank) it=384 acc=384 *** BEATS BANK feas=True [139s]
[E-678 s11] best=33403.96 (+50.97 vs bank) it=400 acc=400 *** BEATS BANK feas=True [145s]
[E-678 s11] it=400 cur=33403.96 best=33403.96 [145s]
[E-678 s11] best=33404.21 (+51.22 vs bank) it=415 acc=415 *** BEATS BANK feas=True [150s]
[E-678 s11] best=33404.79 (+51.80 vs bank) it=419 acc=419 *** BEATS BANK feas=True [151s]
[E-678 s11] best=33405.04 (+52.05 vs bank) it=421 acc=421 *** BEATS BANK feas=True [152s]
[E-678 s11] best=33405.52 (+52.53 vs bank) it=429 acc=429 *** BEATS BANK feas=True [155s]
[E-678 s11] best=33405.79 (+52.81 vs bank) it=439 acc=439 *** BEATS BANK feas=True [158s]
[E-678 s11] best=33406.36 (+53.37 vs bank) it=456 acc=456 *** BEATS BANK feas=True [164s]
[E-678 s11] best=33406.89 (+53.90 vs bank) it=469 acc=469 *** BEATS BANK feas=True [169s]
[E-678 s11] best=33407.03 (+54.04 vs bank) it=470 acc=470 *** BEATS BANK feas=True [169s]
[E-678 s11] best=33408.57 (+55.58 vs bank) it=474 acc=474 *** BEATS BANK feas=True [170s]
[E-678 s11] best=33409.33 (+56.34 vs bank) it=482 acc=482 *** BEATS BANK feas=True [173s]
[E-678 s11] best=33410.19 (+57.20 vs bank) it=493 acc=493 *** BEATS BANK feas=True [177s]
[E-678 s11] it=500 cur=33410.19 best=33410.19 [180s]
[E-678 s11] best=33410.33 (+57.34 vs bank) it=533 acc=533 *** BEATS BANK feas=True [191s]
[E-678 s11] best=33410.67 (+57.68 vs bank) it=552 acc=552 *** BEATS BANK feas=True [198s]
Interrupted system call ; error code 4
