[E-678 s100] LP-rounded start=32020.61 sel=4203 | bank=33352.99 leader=33555.62 | random-destroy 0.45
[E-678 s100] best=32531.80 (+-821.19 vs bank) it=0 acc=0 [1s]
[E-678 s100] best=32754.83 (+-598.16 vs bank) it=1 acc=1 [2s]
[E-678 s100] best=32852.80 (+-500.19 vs bank) it=2 acc=2 [2s]
[E-678 s100] best=32934.84 (+-418.15 vs bank) it=3 acc=3 [3s]
[E-678 s100] best=32983.06 (+-369.93 vs bank) it=4 acc=4 [4s]
[E-678 s100] best=33017.56 (+-335.43 vs bank) it=5 acc=5 [5s]
[E-678 s100] best=33044.40 (+-308.59 vs bank) it=6 acc=6 [6s]
[E-678 s100] best=33060.23 (+-292.76 vs bank) it=7 acc=7 [7s]
[E-678 s100] best=33074.66 (+-278.33 vs bank) it=8 acc=8 [8s]
[E-678 s100] best=33080.81 (+-272.18 vs bank) it=9 acc=9 [8s]
[E-678 s100] best=33096.29 (+-256.70 vs bank) it=10 acc=10 [9s]
[E-678 s100] best=33112.64 (+-240.35 vs bank) it=11 acc=11 [10s]
[E-678 s100] best=33118.23 (+-234.76 vs bank) it=12 acc=12 [11s]
[E-678 s100] best=33129.09 (+-223.90 vs bank) it=13 acc=13 [12s]
[E-678 s100] best=33135.53 (+-217.46 vs bank) it=14 acc=14 [13s]
[E-678 s100] best=33141.55 (+-211.44 vs bank) it=15 acc=15 [13s]
[E-678 s100] best=33150.96 (+-202.03 vs bank) it=16 acc=16 [14s]
[E-678 s100] best=33158.03 (+-194.96 vs bank) it=17 acc=17 [15s]
[E-678 s100] best=33171.64 (+-181.35 vs bank) it=18 acc=18 [16s]
[E-678 s100] best=33182.73 (+-170.26 vs bank) it=19 acc=19 [17s]
[E-678 s100] best=33189.27 (+-163.72 vs bank) it=20 acc=20 [18s]
[E-678 s100] best=33194.59 (+-158.40 vs bank) it=21 acc=21 [18s]
[E-678 s100] best=33211.83 (+-141.16 vs bank) it=22 acc=22 [19s]
[E-678 s100] best=33215.04 (+-137.95 vs bank) it=23 acc=23 [20s]
[E-678 s100] best=33216.40 (+-136.59 vs bank) it=24 acc=24 [21s]
[E-678 s100] best=33224.03 (+-128.96 vs bank) it=25 acc=25 [22s]
[E-678 s100] best=33228.14 (+-124.85 vs bank) it=26 acc=26 [23s]
[E-678 s100] best=33230.23 (+-122.76 vs bank) it=27 acc=27 [23s]
[E-678 s100] best=33232.85 (+-120.14 vs bank) it=28 acc=28 [24s]
[E-678 s100] best=33236.53 (+-116.46 vs bank) it=29 acc=29 [25s]
[E-678 s100] best=33243.12 (+-109.87 vs bank) it=30 acc=30 [26s]
[E-678 s100] best=33245.76 (+-107.23 vs bank) it=31 acc=31 [27s]
[E-678 s100] best=33246.58 (+-106.41 vs bank) it=32 acc=32 [28s]
[E-678 s100] best=33250.35 (+-102.64 vs bank) it=34 acc=34 [29s]
[E-678 s100] best=33251.82 (+-101.17 vs bank) it=35 acc=35 [30s]
[E-678 s100] best=33252.64 (+-100.35 vs bank) it=37 acc=37 [31s]
[E-678 s100] best=33255.01 (+-97.98 vs bank) it=38 acc=38 [32s]
[E-678 s100] best=33260.55 (+-92.44 vs bank) it=39 acc=39 [33s]
[E-678 s100] best=33261.99 (+-91.00 vs bank) it=40 acc=40 [34s]
[E-678 s100] best=33263.07 (+-89.92 vs bank) it=41 acc=41 [35s]
[E-678 s100] best=33263.28 (+-89.71 vs bank) it=42 acc=42 [36s]
[E-678 s100] best=33263.33 (+-89.66 vs bank) it=45 acc=45 [38s]
[E-678 s100] best=33264.23 (+-88.76 vs bank) it=47 acc=47 [40s]
[E-678 s100] best=33265.60 (+-87.39 vs bank) it=48 acc=48 [40s]
[E-678 s100] best=33267.64 (+-85.35 vs bank) it=49 acc=49 [41s]
[E-678 s100] best=33267.99 (+-85.00 vs bank) it=52 acc=52 [44s]
[E-678 s100] best=33268.15 (+-84.84 vs bank) it=54 acc=54 [45s]
[E-678 s100] best=33270.25 (+-82.74 vs bank) it=58 acc=58 [48s]
[E-678 s100] best=33272.08 (+-80.91 vs bank) it=60 acc=60 [50s]
[E-678 s100] best=33272.44 (+-80.55 vs bank) it=61 acc=61 [50s]
[E-678 s100] best=33278.24 (+-74.75 vs bank) it=62 acc=62 [51s]
[E-678 s100] best=33279.23 (+-73.76 vs bank) it=66 acc=66 [54s]
[E-678 s100] best=33279.49 (+-73.50 vs bank) it=68 acc=68 [56s]
[E-678 s100] best=33280.17 (+-72.82 vs bank) it=70 acc=70 [58s]
[E-678 s100] best=33281.50 (+-71.49 vs bank) it=71 acc=71 [58s]
[E-678 s100] best=33282.77 (+-70.22 vs bank) it=72 acc=72 [59s]
[E-678 s100] best=33285.09 (+-67.90 vs bank) it=73 acc=73 [60s]
[E-678 s100] best=33286.48 (+-66.51 vs bank) it=74 acc=74 [61s]
[E-678 s100] best=33287.71 (+-65.28 vs bank) it=76 acc=76 [62s]
[E-678 s100] best=33291.15 (+-61.84 vs bank) it=77 acc=77 [63s]
[E-678 s100] best=33292.18 (+-60.81 vs bank) it=78 acc=78 [63s]
[E-678 s100] best=33292.39 (+-60.60 vs bank) it=80 acc=80 [65s]
[E-678 s100] best=33292.45 (+-60.54 vs bank) it=84 acc=84 [69s]
[E-678 s100] best=33292.73 (+-60.26 vs bank) it=91 acc=91 [74s]
[E-678 s100] best=33295.59 (+-57.40 vs bank) it=92 acc=92 [75s]
[E-678 s100] best=33296.90 (+-56.09 vs bank) it=93 acc=93 [75s]
[E-678 s100] best=33296.92 (+-56.07 vs bank) it=94 acc=94 [76s]
[E-678 s100] best=33301.02 (+-51.97 vs bank) it=95 acc=95 [77s]
[E-678 s100] best=33302.01 (+-50.98 vs bank) it=97 acc=97 [79s]
[E-678 s100] best=33304.21 (+-48.78 vs bank) it=100 acc=100 [81s]
[E-678 s100] it=100 cur=33304.21 best=33304.21 [81s]
[E-678 s100] best=33304.34 (+-48.65 vs bank) it=103 acc=103 [83s]
[E-678 s100] best=33305.45 (+-47.54 vs bank) it=104 acc=104 [84s]
[E-678 s100] best=33307.21 (+-45.78 vs bank) it=110 acc=110 [89s]
[E-678 s100] best=33307.60 (+-45.39 vs bank) it=117 acc=117 [95s]
[E-678 s100] best=33310.29 (+-42.70 vs bank) it=120 acc=120 [97s]
[E-678 s100] best=33312.75 (+-40.24 vs bank) it=123 acc=123 [99s]
[E-678 s100] best=33313.82 (+-39.17 vs bank) it=124 acc=124 [100s]
[E-678 s100] best=33314.46 (+-38.53 vs bank) it=133 acc=133 [106s]
[E-678 s100] best=33316.19 (+-36.80 vs bank) it=149 acc=149 [118s]
[E-678 s100] best=33316.43 (+-36.56 vs bank) it=173 acc=173 [135s]
[E-678 s100] best=33317.43 (+-35.56 vs bank) it=174 acc=174 [135s]
[E-678 s100] best=33317.92 (+-35.07 vs bank) it=178 acc=178 [138s]
[E-678 s100] best=33318.36 (+-34.63 vs bank) it=179 acc=179 [139s]
[E-678 s100] best=33321.57 (+-31.42 vs bank) it=185 acc=185 [142s]
[E-678 s100] best=33322.23 (+-30.76 vs bank) it=186 acc=186 [142s]
[E-678 s100] best=33322.42 (+-30.57 vs bank) it=191 acc=191 [146s]
[E-678 s100] best=33324.57 (+-28.42 vs bank) it=199 acc=199 [151s]
[E-678 s100] it=200 cur=33324.57 best=33324.57 [152s]
[E-678 s100] best=33325.18 (+-27.81 vs bank) it=242 acc=242 [180s]
[E-678 s100] best=33326.37 (+-26.62 vs bank) it=246 acc=246 [183s]
[E-678 s100] best=33327.69 (+-25.30 vs bank) it=247 acc=247 [183s]
[E-678 s100] best=33328.14 (+-24.85 vs bank) it=248 acc=248 [184s]
[E-678 s100] best=33328.58 (+-24.41 vs bank) it=251 acc=251 [186s]
[E-678 s100] best=33329.12 (+-23.87 vs bank) it=252 acc=252 [187s]
[E-678 s100] best=33329.68 (+-23.31 vs bank) it=254 acc=254 [188s]
[E-678 s100] best=33330.30 (+-22.69 vs bank) it=256 acc=256 [189s]
[E-678 s100] best=33332.63 (+-20.36 vs bank) it=259 acc=259 [191s]
[E-678 s100] best=33335.89 (+-17.10 vs bank) it=267 acc=267 [197s]
[E-678 s100] best=33336.68 (+-16.31 vs bank) it=268 acc=268 [198s]
[E-678 s100] best=33338.07 (+-14.92 vs bank) it=269 acc=269 [198s]
[E-678 s100] best=33338.10 (+-14.89 vs bank) it=279 acc=279 [205s]
[E-678 s100] best=33338.25 (+-14.74 vs bank) it=287 acc=287 [210s]
[E-678 s100] best=33338.58 (+-14.41 vs bank) it=295 acc=295 [215s]
[E-678 s100] it=300 cur=33338.58 best=33338.58 [219s]
[E-678 s100] best=33339.62 (+-13.37 vs bank) it=315 acc=315 [228s]
[E-678 s100] best=33339.80 (+-13.19 vs bank) it=321 acc=321 [232s]
[E-678 s100] best=33341.67 (+-11.32 vs bank) it=328 acc=328 [237s]
[E-678 s100] best=33341.77 (+-11.22 vs bank) it=330 acc=330 [239s]
[E-678 s100] best=33342.40 (+-10.59 vs bank) it=335 acc=335 [242s]
[E-678 s100] best=33343.46 (+-9.53 vs bank) it=336 acc=336 [243s]
[E-678 s100] best=33344.09 (+-8.90 vs bank) it=337 acc=337 [243s]
[E-678 s100] best=33344.59 (+-8.40 vs bank) it=355 acc=355 [255s]
[E-678 s100] best=33345.76 (+-7.23 vs bank) it=357 acc=357 [257s]
[E-678 s100] best=33346.78 (+-6.21 vs bank) it=373 acc=373 [267s]
[E-678 s100] best=33347.65 (+-5.34 vs bank) it=388 acc=388 [277s]
[E-678 s100] it=400 cur=33347.65 best=33347.65 [285s]
[E-678 s100] best=33348.33 (+-4.66 vs bank) it=405 acc=405 [288s]
[E-678 s100] best=33348.76 (+-4.22 vs bank) it=440 acc=440 [311s]
[E-678 s100] best=33349.97 (+-3.02 vs bank) it=444 acc=444 [314s]
[E-678 s100] best=33351.22 (+-1.77 vs bank) it=445 acc=445 [315s]
[E-678 s100] best=33352.67 (+-0.32 vs bank) it=448 acc=448 [317s]
[E-678 s100] best=33352.77 (+-0.22 vs bank) it=450 acc=450 [318s]
[E-678 s100] best=33355.47 (+2.48 vs bank) it=460 acc=460 *** BEATS BANK feas=True [325s]
[E-678 s100] best=33355.57 (+2.58 vs bank) it=463 acc=463 *** BEATS BANK feas=True [327s]
[E-678 s100] best=33355.76 (+2.77 vs bank) it=464 acc=464 *** BEATS BANK feas=True [327s]
[E-678 s100] best=33357.33 (+4.34 vs bank) it=480 acc=480 *** BEATS BANK feas=True [338s]
[E-678 s100] best=33357.42 (+4.43 vs bank) it=484 acc=484 *** BEATS BANK feas=True [341s]
[E-678 s100] best=33358.86 (+5.88 vs bank) it=486 acc=486 *** BEATS BANK feas=True [342s]
[E-678 s100] best=33358.89 (+5.90 vs bank) it=488 acc=488 *** BEATS BANK feas=True [343s]
[E-678 s100] best=33359.74 (+6.75 vs bank) it=490 acc=490 *** BEATS BANK feas=True [345s]
[E-678 s100] best=33364.16 (+11.17 vs bank) it=491 acc=491 *** BEATS BANK feas=True [345s]
[E-678 s100] best=33365.27 (+12.28 vs bank) it=492 acc=492 *** BEATS BANK feas=True [346s]
[E-678 s100] best=33365.45 (+12.46 vs bank) it=493 acc=493 *** BEATS BANK feas=True [347s]
[E-678 s100] best=33367.62 (+14.63 vs bank) it=494 acc=494 *** BEATS BANK feas=True [347s]
[E-678 s100] best=33367.75 (+14.76 vs bank) it=496 acc=496 *** BEATS BANK feas=True [349s]
[E-678 s100] best=33369.30 (+16.31 vs bank) it=497 acc=497 *** BEATS BANK feas=True [349s]
[E-678 s100] best=33369.67 (+16.68 vs bank) it=498 acc=498 *** BEATS BANK feas=True [350s]
[E-678 s100] it=500 cur=33369.67 best=33369.67 [351s]
[E-678 s100] best=33370.34 (+17.35 vs bank) it=504 acc=504 *** BEATS BANK feas=True [354s]
[E-678 s100] best=33370.44 (+17.45 vs bank) it=506 acc=506 *** BEATS BANK feas=True [355s]
[E-678 s100] best=33371.64 (+18.65 vs bank) it=507 acc=507 *** BEATS BANK feas=True [356s]
[E-678 s100] best=33372.16 (+19.17 vs bank) it=520 acc=520 *** BEATS BANK feas=True [364s]
[E-678 s100] best=33372.45 (+19.46 vs bank) it=525 acc=525 *** BEATS BANK feas=True [368s]
[E-678 s100] best=33372.71 (+19.72 vs bank) it=526 acc=526 *** BEATS BANK feas=True [368s]
[E-678 s100] best=33372.96 (+19.97 vs bank) it=542 acc=542 *** BEATS BANK feas=True [379s]
[E-678 s100] it=600 cur=33372.96 best=33372.96 [417s]
[E-678 s100] best=33375.06 (+22.07 vs bank) it=619 acc=619 *** BEATS BANK feas=True [429s]
[E-678 s100] best=33375.78 (+22.79 vs bank) it=622 acc=622 *** BEATS BANK feas=True [432s]
[E-678 s100] best=33376.87 (+23.88 vs bank) it=687 acc=687 *** BEATS BANK feas=True [474s]
[E-678 s100] best=33377.58 (+24.59 vs bank) it=694 acc=694 *** BEATS BANK feas=True [479s]
[E-678 s100] best=33377.59 (+24.60 vs bank) it=700 acc=700 *** BEATS BANK feas=True [483s]
[E-678 s100] it=700 cur=33377.59 best=33377.59 [483s]
[E-678 s100] best=33377.61 (+24.62 vs bank) it=704 acc=704 *** BEATS BANK feas=True [486s]
[E-678 s100] best=33379.29 (+26.31 vs bank) it=718 acc=718 *** BEATS BANK feas=True [495s]
[E-678 s100] best=33379.30 (+26.31 vs bank) it=719 acc=719 *** BEATS BANK feas=True [496s]
[E-678 s100] best=33381.79 (+28.80 vs bank) it=730 acc=730 *** BEATS BANK feas=True [503s]
[E-678 s100] best=33382.24 (+29.25 vs bank) it=796 acc=796 *** BEATS BANK feas=True [546s]
[E-678 s100] best=33382.33 (+29.34 vs bank) it=797 acc=797 *** BEATS BANK feas=True [547s]
[E-678 s100] it=800 cur=33382.33 best=33382.33 [549s]
[E-678 s100] best=33382.98 (+29.99 vs bank) it=803 acc=803 *** BEATS BANK feas=True [551s]
[E-678 s100] it=900 cur=33382.98 best=33382.98 [614s]
[E-678 s100] best=33383.20 (+30.21 vs bank) it=926 acc=926 *** BEATS BANK feas=True [631s]
[E-678 s100] it=1000 cur=33383.20 best=33383.20 [680s]
[E-678 s100] it=1100 cur=33383.20 best=33383.20 [745s]
[E-678 s100] best=33383.48 (+30.49 vs bank) it=1117 acc=1117 *** BEATS BANK feas=True [756s]
[E-678 s100] best=33384.22 (+31.23 vs bank) it=1197 acc=1197 *** BEATS BANK feas=True [808s]
[E-678 s100] it=1200 cur=33384.22 best=33384.22 [810s]
[E-678 s100] best=33385.41 (+32.42 vs bank) it=1253 acc=1253 *** BEATS BANK feas=True [845s]
[E-678 s100] best=33386.17 (+33.18 vs bank) it=1257 acc=1257 *** BEATS BANK feas=True [847s]
[E-678 s100] best=33387.69 (+34.70 vs bank) it=1290 acc=1290 *** BEATS BANK feas=True [869s]
[E-678 s100] it=1300 cur=33387.69 best=33387.69 [876s]
[E-678 s100] best=33389.31 (+36.32 vs bank) it=1323 acc=1323 *** BEATS BANK feas=True [891s]
[E-678 s100] it=1400 cur=33389.31 best=33389.31 [942s]
[E-678 s100] it=1500 cur=33389.31 best=33389.31 [1008s]
[E-678 s100] it=1600 cur=33389.31 best=33389.31 [1074s]
[E-678 s100] it=1700 cur=33389.31 best=33389.31 [1140s]
[E-678 s100] best=33389.59 (+36.60 vs bank) it=1706 acc=1706 *** BEATS BANK feas=True [1144s]
[E-678 s100] best=33389.78 (+36.79 vs bank) it=1718 acc=1718 *** BEATS BANK feas=True [1152s]
[E-678 s100] best=33392.17 (+39.18 vs bank) it=1721 acc=1721 *** BEATS BANK feas=True [1154s]
[E-678 s100] best=33392.25 (+39.26 vs bank) it=1724 acc=1724 *** BEATS BANK feas=True [1156s]
[E-678 s100] best=33392.59 (+39.60 vs bank) it=1725 acc=1725 *** BEATS BANK feas=True [1157s]
[E-678 s100] it=1800 cur=33392.59 best=33392.59 [1206s]
[E-678 s100] best=33393.92 (+40.93 vs bank) it=1850 acc=1850 *** BEATS BANK feas=True [1239s]
[E-678 s100] it=1900 cur=33393.92 best=33393.92 [1272s]
[E-678 s100] best=33393.95 (+40.96 vs bank) it=1931 acc=1931 *** BEATS BANK feas=True [1293s]
[E-678 s100] best=33394.50 (+41.51 vs bank) it=1941 acc=1941 *** BEATS BANK feas=True [1299s]
[E-678 s100] it=2000 cur=33394.50 best=33394.50 [1338s]
[E-678 s100] it=2100 cur=33394.50 best=33394.50 [1405s]
[E-678 s100] it=2200 cur=33394.50 best=33394.50 [1472s]
[E-678 s100] it=2300 cur=33394.50 best=33394.50 [1539s]
[E-678 s100] it=2400 cur=33394.50 best=33394.50 [1606s]
[E-678 s100] best=33395.79 (+42.80 vs bank) it=2481 acc=2481 *** BEATS BANK feas=True [1660s]
[E-678 s100] best=33397.14 (+44.15 vs bank) it=2486 acc=2486 *** BEATS BANK feas=True [1664s]
[E-678 s100] best=33398.48 (+45.49 vs bank) it=2487 acc=2487 *** BEATS BANK feas=True [1664s]
[E-678 s100] best=33399.82 (+46.83 vs bank) it=2488 acc=2488 *** BEATS BANK feas=True [1665s]
[E-678 s100] best=33400.75 (+47.76 vs bank) it=2490 acc=2490 *** BEATS BANK feas=True [1666s]
[E-678 s100] best=33400.84 (+47.85 vs bank) it=2491 acc=2491 *** BEATS BANK feas=True [1667s]
[E-678 s100] it=2500 cur=33400.84 best=33400.84 [1673s]
[E-678 s100] best=33401.88 (+48.89 vs bank) it=2512 acc=2512 *** BEATS BANK feas=True [1681s]
[E-678 s100] best=33402.72 (+49.73 vs bank) it=2556 acc=2556 *** BEATS BANK feas=True [1710s]
[E-678 s100] best=33404.68 (+51.69 vs bank) it=2557 acc=2557 *** BEATS BANK feas=True [1711s]
[E-678 s100] it=2600 cur=33404.68 best=33404.68 [1739s]
[E-678 s100] it=2700 cur=33404.68 best=33404.68 [1806s]
[E-678 s100] best=33405.60 (+52.61 vs bank) it=2753 acc=2753 *** BEATS BANK feas=True [1841s]
[E-678 s100] best=33405.65 (+52.66 vs bank) it=2754 acc=2754 *** BEATS BANK feas=True [1842s]
[E-678 s100] best=33406.02 (+53.03 vs bank) it=2776 acc=2776 *** BEATS BANK feas=True [1857s]
[E-678 s100] best=33407.25 (+54.26 vs bank) it=2783 acc=2783 *** BEATS BANK feas=True [1861s]
[E-678 s100] it=2800 cur=33407.25 best=33407.25 [1872s]
[E-678 s100] best=33407.51 (+54.52 vs bank) it=2839 acc=2839 *** BEATS BANK feas=True [1902s]
[E-678 s100] it=2900 cur=33407.51 best=33407.51 [1945s]
[E-678 s100] it=3000 cur=33407.51 best=33407.51 [2010s]
[E-678 s100] it=3100 cur=33407.51 best=33407.51 [2075s]
[E-678 s100] it=3200 cur=33407.51 best=33407.51 [2142s]
[E-678 s100] it=3300 cur=33407.51 best=33407.51 [2209s]
[E-678 s100] it=3400 cur=33407.51 best=33407.51 [2274s]
[E-678 s100] it=3500 cur=33407.51 best=33407.51 [2340s]
[E-678 s100] it=3600 cur=33407.51 best=33407.51 [2405s]
[E-678 s100] it=3700 cur=33407.51 best=33407.51 [2471s]
[E-678 s100] best=33407.63 (+54.64 vs bank) it=3740 acc=3740 *** BEATS BANK feas=True [2497s]
[E-678 s100] best=33407.84 (+54.85 vs bank) it=3741 acc=3741 *** BEATS BANK feas=True [2498s]
[E-678 s100] best=33408.73 (+55.74 vs bank) it=3770 acc=3770 *** BEATS BANK feas=True [2517s]
[E-678 s100] it=3800 cur=33408.73 best=33408.73 [2536s]
[E-678 s100] it=3900 cur=33408.73 best=33408.73 [2602s]
[E-678 s100] DONE best=33408.73 (+55.74 vs bank) [2668s]
