error    libmamba Could not set lock (Resource temporarily unavailable)
warning  libmamba Cannot lock '/home/julian/.cache/mamba/proc'
    Waiting for other mamba process to finish
[E-678 s403] LP-rounded start=32020.61 sel=4203 | bank=33489.64 leader=33555.62 | random-destroy 0.58
[E-678 s403] best=32846.50 (+-643.14 vs bank) it=0 acc=0 [7s]
[E-678 s403] best=32983.58 (+-506.06 vs bank) it=1 acc=1 [8s]
[E-678 s403] best=33059.11 (+-430.53 vs bank) it=2 acc=2 [9s]
[E-678 s403] best=33106.01 (+-383.63 vs bank) it=3 acc=3 [10s]
[E-678 s403] best=33138.79 (+-350.85 vs bank) it=4 acc=4 [11s]
[E-678 s403] best=33168.17 (+-321.47 vs bank) it=5 acc=5 [12s]
[E-678 s403] best=33199.56 (+-290.08 vs bank) it=6 acc=6 [12s]
[E-678 s403] best=33219.82 (+-269.82 vs bank) it=7 acc=7 [13s]
[E-678 s403] best=33231.49 (+-258.15 vs bank) it=8 acc=8 [14s]
[E-678 s403] best=33243.41 (+-246.23 vs bank) it=9 acc=9 [15s]
[E-678 s403] best=33254.81 (+-234.83 vs bank) it=10 acc=10 [16s]
[E-678 s403] best=33260.99 (+-228.65 vs bank) it=11 acc=11 [16s]
[E-678 s403] best=33268.02 (+-221.62 vs bank) it=12 acc=12 [17s]
[E-678 s403] best=33272.95 (+-216.69 vs bank) it=13 acc=13 [18s]
[E-678 s403] best=33276.76 (+-212.88 vs bank) it=14 acc=14 [19s]
[E-678 s403] best=33285.89 (+-203.75 vs bank) it=15 acc=15 [20s]
[E-678 s403] best=33289.36 (+-200.28 vs bank) it=16 acc=16 [20s]
[E-678 s403] best=33294.94 (+-194.70 vs bank) it=17 acc=17 [21s]
[E-678 s403] best=33300.36 (+-189.28 vs bank) it=18 acc=18 [22s]
[E-678 s403] best=33301.11 (+-188.53 vs bank) it=19 acc=19 [23s]
[E-678 s403] best=33302.50 (+-187.14 vs bank) it=20 acc=20 [23s]
[E-678 s403] best=33302.85 (+-186.79 vs bank) it=21 acc=21 [24s]
[E-678 s403] best=33312.68 (+-176.96 vs bank) it=22 acc=22 [25s]
[E-678 s403] best=33314.97 (+-174.67 vs bank) it=23 acc=23 [26s]
[E-678 s403] best=33317.24 (+-172.40 vs bank) it=24 acc=24 [26s]
[E-678 s403] best=33323.44 (+-166.20 vs bank) it=25 acc=25 [27s]
[E-678 s403] best=33323.75 (+-165.89 vs bank) it=26 acc=26 [28s]
[E-678 s403] best=33334.14 (+-155.50 vs bank) it=27 acc=27 [28s]
[E-678 s403] best=33334.44 (+-155.20 vs bank) it=28 acc=28 [29s]
[E-678 s403] best=33341.22 (+-148.42 vs bank) it=29 acc=29 [30s]
[E-678 s403] best=33341.38 (+-148.26 vs bank) it=30 acc=30 [31s]
[E-678 s403] best=33344.09 (+-145.55 vs bank) it=31 acc=31 [31s]
[E-678 s403] best=33349.71 (+-139.93 vs bank) it=32 acc=32 [32s]
[E-678 s403] best=33355.15 (+-134.49 vs bank) it=33 acc=33 [33s]
[E-678 s403] best=33361.29 (+-128.35 vs bank) it=34 acc=34 [34s]
[E-678 s403] best=33362.49 (+-127.15 vs bank) it=35 acc=35 [34s]
[E-678 s403] best=33362.60 (+-127.04 vs bank) it=36 acc=36 [35s]
[E-678 s403] best=33362.72 (+-126.92 vs bank) it=37 acc=37 [36s]
[E-678 s403] best=33362.95 (+-126.69 vs bank) it=38 acc=38 [37s]
[E-678 s403] best=33364.02 (+-125.62 vs bank) it=39 acc=39 [37s]
[E-678 s403] best=33364.36 (+-125.28 vs bank) it=41 acc=41 [39s]
[E-678 s403] best=33368.97 (+-120.67 vs bank) it=43 acc=43 [40s]
[E-678 s403] best=33370.13 (+-119.51 vs bank) it=45 acc=45 [42s]
[E-678 s403] best=33376.14 (+-113.50 vs bank) it=46 acc=46 [43s]
[E-678 s403] best=33376.80 (+-112.84 vs bank) it=47 acc=47 [44s]
[E-678 s403] best=33377.05 (+-112.59 vs bank) it=48 acc=48 [44s]
[E-678 s403] best=33379.84 (+-109.80 vs bank) it=49 acc=49 [45s]
[E-678 s403] best=33380.36 (+-109.28 vs bank) it=52 acc=52 [47s]
[E-678 s403] best=33380.94 (+-108.70 vs bank) it=53 acc=53 [48s]
[E-678 s403] best=33383.13 (+-106.51 vs bank) it=55 acc=55 [50s]
[E-678 s403] best=33383.61 (+-106.03 vs bank) it=56 acc=56 [50s]
[E-678 s403] best=33383.66 (+-105.98 vs bank) it=57 acc=57 [51s]
[E-678 s403] best=33386.26 (+-103.38 vs bank) it=58 acc=58 [52s]
[E-678 s403] best=33386.68 (+-102.96 vs bank) it=59 acc=59 [53s]
[E-678 s403] best=33386.97 (+-102.67 vs bank) it=60 acc=60 [53s]
[E-678 s403] best=33389.59 (+-100.05 vs bank) it=61 acc=61 [54s]
[E-678 s403] best=33394.61 (+-95.03 vs bank) it=63 acc=63 [55s]
[E-678 s403] best=33395.77 (+-93.87 vs bank) it=64 acc=64 [56s]
[E-678 s403] best=33400.98 (+-88.66 vs bank) it=65 acc=65 [57s]
[E-678 s403] best=33401.36 (+-88.28 vs bank) it=67 acc=67 [58s]
[E-678 s403] best=33401.61 (+-88.03 vs bank) it=74 acc=74 [63s]
[E-678 s403] best=33402.50 (+-87.14 vs bank) it=75 acc=75 [64s]
[E-678 s403] best=33403.04 (+-86.60 vs bank) it=80 acc=80 [68s]
[E-678 s403] best=33403.35 (+-86.29 vs bank) it=88 acc=88 [74s]
[E-678 s403] best=33404.06 (+-85.58 vs bank) it=95 acc=95 [79s]
[E-678 s403] best=33405.04 (+-84.60 vs bank) it=98 acc=98 [81s]
[E-678 s403] best=33405.07 (+-84.57 vs bank) it=100 acc=100 [83s]
[E-678 s403] it=100 cur=33405.07 best=33405.07 [83s]
[E-678 s403] best=33405.97 (+-83.67 vs bank) it=103 acc=103 [85s]
[E-678 s403] best=33406.21 (+-83.43 vs bank) it=105 acc=105 [86s]
[E-678 s403] best=33407.62 (+-82.02 vs bank) it=107 acc=107 [88s]
[E-678 s403] best=33410.28 (+-79.36 vs bank) it=114 acc=114 [93s]
[E-678 s403] best=33410.52 (+-79.12 vs bank) it=117 acc=117 [95s]
[E-678 s403] best=33411.48 (+-78.16 vs bank) it=118 acc=118 [96s]
[E-678 s403] best=33412.10 (+-77.54 vs bank) it=123 acc=123 [99s]
[E-678 s403] best=33414.90 (+-74.74 vs bank) it=125 acc=125 [101s]
[E-678 s403] best=33414.91 (+-74.73 vs bank) it=130 acc=130 [105s]
[E-678 s403] best=33415.30 (+-74.34 vs bank) it=163 acc=163 [128s]
[E-678 s403] it=200 cur=33415.30 best=33415.30 [156s]
[E-678 s403] best=33416.49 (+-73.15 vs bank) it=236 acc=236 [183s]
[E-678 s403] best=33416.59 (+-73.05 vs bank) it=243 acc=243 [188s]
[E-678 s403] it=300 cur=33416.59 best=33416.59 [229s]
[E-678 s403] best=33417.67 (+-71.97 vs bank) it=310 acc=310 [236s]
[E-678 s403] best=33418.27 (+-71.37 vs bank) it=311 acc=311 [237s]
[E-678 s403] best=33418.43 (+-71.21 vs bank) it=322 acc=322 [245s]
[E-678 s403] best=33418.53 (+-71.11 vs bank) it=354 acc=354 [269s]
[E-678 s403] best=33420.26 (+-69.38 vs bank) it=396 acc=396 [300s]
[E-678 s403] it=400 cur=33420.26 best=33420.26 [302s]
[E-678 s403] best=33420.60 (+-69.04 vs bank) it=450 acc=450 [339s]
[E-678 s403] it=500 cur=33420.60 best=33420.60 [375s]
[E-678 s403] it=600 cur=33420.60 best=33420.60 [448s]
[E-678 s403] it=700 cur=33420.60 best=33420.60 [521s]
[E-678 s403] it=800 cur=33397.89 best=33420.60 [600s]
[E-678 s403] it=900 cur=33407.80 best=33420.60 [675s]
[E-678 s403] it=1000 cur=33391.92 best=33420.60 [750s]
[E-678 s403] it=1100 cur=33401.56 best=33420.60 [824s]
[E-678 s403] it=1200 cur=33420.05 best=33420.60 [898s]
[E-678 s403] it=1300 cur=33401.49 best=33420.60 [981s]
[E-678 s403] it=1400 cur=33407.49 best=33420.60 [1060s]
[E-678 s403] it=1500 cur=33385.55 best=33420.60 [1140s]
[E-678 s403] it=1600 cur=33418.62 best=33420.60 [1217s]
[E-678 s403] best=33420.72 (+-68.92 vs bank) it=1643 acc=1643 [1249s]
[E-678 s403] best=33422.95 (+-66.69 vs bank) it=1645 acc=1645 [1250s]
[E-678 s403] best=33424.99 (+-64.65 vs bank) it=1647 acc=1647 [1252s]
[E-678 s403] best=33425.27 (+-64.37 vs bank) it=1648 acc=1648 [1253s]
[E-678 s403] best=33425.81 (+-63.83 vs bank) it=1666 acc=1666 [1266s]
[E-678 s403] best=33426.13 (+-63.51 vs bank) it=1667 acc=1667 [1267s]
[E-678 s403] best=33426.19 (+-63.45 vs bank) it=1689 acc=1689 [1284s]
[E-678 s403] it=1700 cur=33426.19 best=33426.19 [1292s]
[E-678 s403] best=33426.24 (+-63.40 vs bank) it=1703 acc=1703 [1294s]
[E-678 s403] best=33426.45 (+-63.19 vs bank) it=1707 acc=1707 [1297s]
[E-678 s403] best=33426.61 (+-63.03 vs bank) it=1708 acc=1708 [1298s]
[E-678 s403] best=33428.77 (+-60.87 vs bank) it=1719 acc=1719 [1306s]
[E-678 s403] best=33428.92 (+-60.72 vs bank) it=1722 acc=1722 [1309s]
[E-678 s403] best=33429.66 (+-59.98 vs bank) it=1750 acc=1750 [1330s]
[E-678 s403] best=33429.70 (+-59.94 vs bank) it=1751 acc=1751 [1331s]
[E-678 s403] best=33431.24 (+-58.40 vs bank) it=1757 acc=1757 [1335s]
[E-678 s403] it=1800 cur=33431.24 best=33431.24 [1368s]
[E-678 s403] it=1900 cur=33431.24 best=33431.24 [1443s]
[E-678 s403] best=33431.31 (+-58.33 vs bank) it=1904 acc=1904 [1446s]
[E-678 s403] best=33431.39 (+-58.25 vs bank) it=1905 acc=1905 [1446s]
[E-678 s403] it=2000 cur=33431.39 best=33431.39 [1518s]
[E-678 s403] it=2100 cur=33431.39 best=33431.39 [1593s]
[E-678 s403] it=2200 cur=33358.62 best=33431.39 [1672s]
[E-678 s403] best=33431.67 (+-57.97 vs bank) it=2298 acc=2298 [1746s]
[E-678 s403] best=33432.47 (+-57.17 vs bank) it=2299 acc=2299 [1747s]
[E-678 s403] it=2300 cur=33432.47 best=33432.47 [1747s]
[E-678 s403] best=33433.68 (+-55.96 vs bank) it=2301 acc=2301 [1748s]
[E-678 s403] best=33434.10 (+-55.54 vs bank) it=2303 acc=2303 [1750s]
[E-678 s403] best=33434.43 (+-55.21 vs bank) it=2307 acc=2307 [1753s]
[E-678 s403] best=33434.76 (+-54.88 vs bank) it=2310 acc=2310 [1755s]
[E-678 s403] best=33435.70 (+-53.94 vs bank) it=2312 acc=2312 [1756s]
[E-678 s403] best=33439.96 (+-49.68 vs bank) it=2318 acc=2318 [1761s]
[E-678 s403] best=33440.45 (+-49.19 vs bank) it=2320 acc=2320 [1762s]
[E-678 s403] best=33442.20 (+-47.44 vs bank) it=2321 acc=2321 [1763s]
[E-678 s403] best=33445.09 (+-44.55 vs bank) it=2324 acc=2324 [1765s]
[E-678 s403] best=33446.75 (+-42.89 vs bank) it=2327 acc=2327 [1767s]
[E-678 s403] best=33448.06 (+-41.58 vs bank) it=2329 acc=2329 [1769s]
[E-678 s403] best=33448.35 (+-41.29 vs bank) it=2331 acc=2331 [1771s]
[E-678 s403] best=33448.77 (+-40.87 vs bank) it=2332 acc=2332 [1771s]
[E-678 s403] best=33448.81 (+-40.83 vs bank) it=2333 acc=2333 [1772s]
[E-678 s403] best=33449.45 (+-40.19 vs bank) it=2370 acc=2370 [1801s]
[E-678 s403] best=33450.29 (+-39.35 vs bank) it=2377 acc=2377 [1806s]
[E-678 s403] best=33450.56 (+-39.08 vs bank) it=2378 acc=2378 [1807s]
[E-678 s403] best=33451.09 (+-38.55 vs bank) it=2381 acc=2381 [1809s]
[E-678 s403] best=33451.23 (+-38.41 vs bank) it=2382 acc=2382 [1810s]
[E-678 s403] best=33453.92 (+-35.72 vs bank) it=2387 acc=2387 [1813s]
[E-678 s403] best=33454.36 (+-35.28 vs bank) it=2389 acc=2389 [1815s]
[E-678 s403] best=33455.12 (+-34.52 vs bank) it=2393 acc=2393 [1818s]
[E-678 s403] best=33456.38 (+-33.26 vs bank) it=2397 acc=2397 [1821s]
[E-678 s403] best=33456.94 (+-32.70 vs bank) it=2398 acc=2398 [1823s]
[E-678 s403] it=2400 cur=33456.94 best=33456.94 [1825s]
[E-678 s403] best=33457.40 (+-32.24 vs bank) it=2405 acc=2405 [1829s]
[E-678 s403] best=33458.73 (+-30.91 vs bank) it=2417 acc=2417 [1838s]
[E-678 s403] best=33458.80 (+-30.84 vs bank) it=2434 acc=2434 [1852s]
[E-678 s403] it=2500 cur=33458.80 best=33458.80 [1901s]
[E-678 s403] best=33458.97 (+-30.67 vs bank) it=2501 acc=2501 [1902s]
[E-678 s403] best=33459.48 (+-30.16 vs bank) it=2586 acc=2586 [1966s]
[E-678 s403] it=2600 cur=33459.48 best=33459.48 [1977s]
[E-678 s403] best=33459.88 (+-29.76 vs bank) it=2609 acc=2609 [1983s]
[E-678 s403] best=33460.25 (+-29.39 vs bank) it=2621 acc=2621 [1992s]
[E-678 s403] it=2700 cur=33460.25 best=33460.25 [2055s]
[E-678 s403] best=33460.52 (+-29.12 vs bank) it=2753 acc=2753 [2095s]
[E-678 s403] it=2800 cur=33460.52 best=33460.52 [2131s]
[E-678 s403] best=33461.18 (+-28.46 vs bank) it=2822 acc=2822 [2147s]
[E-678 s403] best=33461.76 (+-27.88 vs bank) it=2824 acc=2824 [2149s]
[E-678 s403] best=33461.92 (+-27.72 vs bank) it=2825 acc=2825 [2149s]
[E-678 s403] best=33462.18 (+-27.46 vs bank) it=2826 acc=2826 [2150s]
[E-678 s403] best=33462.44 (+-27.20 vs bank) it=2847 acc=2847 [2166s]
[E-678 s403] best=33463.17 (+-26.47 vs bank) it=2848 acc=2848 [2167s]
[E-678 s403] best=33463.35 (+-26.29 vs bank) it=2851 acc=2851 [2169s]
[E-678 s403] it=2900 cur=33463.35 best=33463.35 [2205s]
[E-678 s403] it=3000 cur=33463.35 best=33463.35 [2279s]
[E-678 s403] it=3100 cur=33463.35 best=33463.35 [2353s]
[E-678 s403] it=3200 cur=33405.36 best=33463.35 [2429s]
[E-678 s403] it=3300 cur=33413.02 best=33463.35 [2506s]
[E-678 s403] it=3400 cur=33408.74 best=33463.35 [2583s]
[E-678 s403] it=3500 cur=33441.30 best=33463.35 [2657s]
[E-678 s403] it=3600 cur=33447.58 best=33463.35 [2733s]
[E-678 s403] it=3700 cur=33414.28 best=33463.35 [2814s]
[E-678 s403] it=3800 cur=33432.09 best=33463.35 [2898s]
[E-678 s403] it=3900 cur=33380.27 best=33463.35 [2978s]
[E-678 s403] it=4000 cur=33402.20 best=33463.35 [3053s]
[E-678 s403] it=4100 cur=33410.63 best=33463.35 [3128s]
[E-678 s403] it=4200 cur=33430.15 best=33463.35 [3207s]
[E-678 s403] it=4300 cur=33446.93 best=33463.35 [3283s]
[E-678 s403] it=4400 cur=33377.34 best=33463.35 [3356s]
[E-678 s403] it=4500 cur=33417.33 best=33463.35 [3428s]
[E-678 s403] it=4600 cur=33434.27 best=33463.35 [3500s]
[E-678 s403] it=4700 cur=33418.79 best=33463.35 [3573s]
[E-678 s403] it=4800 cur=33429.53 best=33463.35 [3644s]
[E-678 s403] it=4900 cur=33397.29 best=33463.35 [3720s]
[E-678 s403] it=5000 cur=33442.63 best=33463.35 [3811s]
[E-678 s403] it=5100 cur=33445.71 best=33463.35 [3912s]
[E-678 s403] it=5200 cur=33419.60 best=33463.35 [3994s]
[E-678 s403] it=5300 cur=33446.61 best=33463.35 [4067s]
[E-678 s403] it=5400 cur=33392.94 best=33463.35 [4150s]
[E-678 s403] it=5500 cur=33433.31 best=33463.35 [4222s]
[E-678 s403] it=5600 cur=33442.34 best=33463.35 [4293s]
[E-678 s403] it=5700 cur=33399.18 best=33463.35 [4368s]
[E-678 s403] it=5800 cur=33420.18 best=33463.35 [4442s]
[E-678 s403] it=5900 cur=33387.01 best=33463.35 [4516s]
[E-678 s403] it=6000 cur=33439.62 best=33463.35 [4588s]
[E-678 s403] it=6100 cur=33445.53 best=33463.35 [4660s]
[E-678 s403] it=6200 cur=33408.12 best=33463.35 [4737s]
[E-678 s403] it=6300 cur=33427.28 best=33463.35 [4811s]
[E-678 s403] it=6400 cur=33402.23 best=33463.35 [4888s]
[E-678 s403] it=6500 cur=33435.97 best=33463.35 [4959s]
[E-678 s403] it=6600 cur=33454.11 best=33463.35 [5033s]
