error    libmamba Could not set lock (Resource temporarily unavailable)
warning  libmamba Cannot lock '/home/julian/.cache/mamba/proc'
    Waiting for other mamba process to finish
[E-678 s302] LP-rounded start=32020.61 sel=4203 | bank=33489.64 leader=33555.62 | random-destroy 0.62
[E-678 s302] best=32801.14 (+-688.50 vs bank) it=0 acc=0 [11s]
[E-678 s302] best=33010.74 (+-478.90 vs bank) it=1 acc=1 [13s]
[E-678 s302] best=33099.77 (+-389.87 vs bank) it=2 acc=2 [14s]
[E-678 s302] best=33148.51 (+-341.13 vs bank) it=3 acc=3 [15s]
[E-678 s302] best=33172.95 (+-316.69 vs bank) it=4 acc=4 [17s]
[E-678 s302] best=33199.45 (+-290.19 vs bank) it=5 acc=5 [18s]
[E-678 s302] best=33226.57 (+-263.07 vs bank) it=6 acc=6 [19s]
[E-678 s302] best=33234.18 (+-255.46 vs bank) it=7 acc=7 [20s]
[E-678 s302] best=33243.63 (+-246.01 vs bank) it=8 acc=8 [21s]
[E-678 s302] best=33249.91 (+-239.73 vs bank) it=9 acc=9 [22s]
[E-678 s302] best=33264.81 (+-224.83 vs bank) it=10 acc=10 [23s]
[E-678 s302] best=33282.18 (+-207.46 vs bank) it=11 acc=11 [24s]
[E-678 s302] best=33290.67 (+-198.97 vs bank) it=12 acc=12 [25s]
[E-678 s302] best=33295.06 (+-194.58 vs bank) it=13 acc=13 [27s]
[E-678 s302] best=33299.38 (+-190.26 vs bank) it=14 acc=14 [28s]
[E-678 s302] best=33301.28 (+-188.36 vs bank) it=15 acc=15 [29s]
[E-678 s302] best=33308.60 (+-181.04 vs bank) it=16 acc=16 [30s]
[E-678 s302] best=33314.21 (+-175.43 vs bank) it=17 acc=17 [31s]
[E-678 s302] best=33320.54 (+-169.10 vs bank) it=18 acc=18 [32s]
[E-678 s302] best=33324.78 (+-164.86 vs bank) it=19 acc=19 [33s]
[E-678 s302] best=33333.77 (+-155.87 vs bank) it=20 acc=20 [34s]
[E-678 s302] best=33337.59 (+-152.05 vs bank) it=21 acc=21 [35s]
[E-678 s302] best=33338.69 (+-150.95 vs bank) it=22 acc=22 [36s]
[E-678 s302] best=33340.41 (+-149.23 vs bank) it=23 acc=23 [37s]
[E-678 s302] best=33343.76 (+-145.88 vs bank) it=24 acc=24 [38s]
[E-678 s302] best=33344.44 (+-145.20 vs bank) it=25 acc=25 [39s]
[E-678 s302] best=33345.77 (+-143.87 vs bank) it=27 acc=27 [41s]
[E-678 s302] best=33352.62 (+-137.02 vs bank) it=28 acc=28 [42s]
[E-678 s302] best=33355.88 (+-133.76 vs bank) it=29 acc=29 [43s]
[E-678 s302] best=33358.60 (+-131.04 vs bank) it=30 acc=30 [44s]
[E-678 s302] best=33358.65 (+-130.99 vs bank) it=33 acc=33 [47s]
[E-678 s302] best=33359.57 (+-130.07 vs bank) it=34 acc=34 [49s]
[E-678 s302] best=33359.73 (+-129.91 vs bank) it=35 acc=35 [50s]
[E-678 s302] best=33361.25 (+-128.39 vs bank) it=36 acc=36 [51s]
[E-678 s302] best=33365.60 (+-124.04 vs bank) it=37 acc=37 [52s]
[E-678 s302] best=33369.45 (+-120.19 vs bank) it=38 acc=38 [53s]
[E-678 s302] best=33369.89 (+-119.75 vs bank) it=39 acc=39 [54s]
[E-678 s302] best=33372.40 (+-117.24 vs bank) it=40 acc=40 [55s]
[E-678 s302] best=33376.03 (+-113.61 vs bank) it=41 acc=41 [56s]
[E-678 s302] best=33379.87 (+-109.77 vs bank) it=42 acc=42 [57s]
[E-678 s302] best=33379.91 (+-109.73 vs bank) it=43 acc=43 [58s]
[E-678 s302] best=33380.50 (+-109.14 vs bank) it=44 acc=44 [59s]
[E-678 s302] best=33381.35 (+-108.29 vs bank) it=45 acc=45 [60s]
[E-678 s302] best=33382.52 (+-107.12 vs bank) it=46 acc=46 [61s]
[E-678 s302] best=33383.65 (+-105.99 vs bank) it=47 acc=47 [62s]
[E-678 s302] best=33386.11 (+-103.53 vs bank) it=49 acc=49 [64s]
[E-678 s302] best=33386.43 (+-103.21 vs bank) it=51 acc=51 [66s]
[E-678 s302] best=33386.46 (+-103.18 vs bank) it=52 acc=52 [67s]
[E-678 s302] best=33389.03 (+-100.61 vs bank) it=55 acc=55 [70s]
[E-678 s302] best=33389.62 (+-100.01 vs bank) it=58 acc=58 [73s]
[E-678 s302] best=33390.13 (+-99.51 vs bank) it=60 acc=60 [75s]
[E-678 s302] best=33391.40 (+-98.24 vs bank) it=62 acc=62 [77s]
[E-678 s302] best=33394.00 (+-95.64 vs bank) it=63 acc=63 [78s]
[E-678 s302] best=33395.23 (+-94.41 vs bank) it=64 acc=64 [79s]
[E-678 s302] best=33396.86 (+-92.78 vs bank) it=65 acc=65 [80s]
[E-678 s302] best=33397.61 (+-92.03 vs bank) it=66 acc=66 [81s]
[E-678 s302] best=33399.00 (+-90.64 vs bank) it=67 acc=67 [82s]
[E-678 s302] best=33400.76 (+-88.88 vs bank) it=68 acc=68 [83s]
[E-678 s302] best=33404.11 (+-85.53 vs bank) it=69 acc=69 [84s]
[E-678 s302] best=33404.30 (+-85.34 vs bank) it=71 acc=71 [86s]
[E-678 s302] best=33412.37 (+-77.27 vs bank) it=72 acc=72 [87s]
[E-678 s302] best=33414.68 (+-74.96 vs bank) it=73 acc=73 [89s]
[E-678 s302] best=33414.82 (+-74.82 vs bank) it=80 acc=80 [95s]
[E-678 s302] best=33415.88 (+-73.76 vs bank) it=84 acc=84 [100s]
[E-678 s302] best=33417.79 (+-71.85 vs bank) it=85 acc=85 [101s]
[E-678 s302] best=33418.44 (+-71.20 vs bank) it=91 acc=91 [107s]
[E-678 s302] best=33419.78 (+-69.86 vs bank) it=92 acc=92 [108s]
[E-678 s302] best=33420.57 (+-69.07 vs bank) it=94 acc=94 [110s]
[E-678 s302] best=33423.49 (+-66.15 vs bank) it=95 acc=95 [111s]
[E-678 s302] best=33425.13 (+-64.51 vs bank) it=98 acc=98 [114s]
[E-678 s302] it=100 cur=33425.13 best=33425.13 [116s]
[E-678 s302] best=33425.16 (+-64.48 vs bank) it=103 acc=103 [119s]
[E-678 s302] best=33425.49 (+-64.15 vs bank) it=104 acc=104 [120s]
[E-678 s302] best=33426.72 (+-62.92 vs bank) it=106 acc=106 [122s]
[E-678 s302] best=33427.00 (+-62.64 vs bank) it=108 acc=108 [124s]
[E-678 s302] best=33427.61 (+-62.03 vs bank) it=112 acc=112 [128s]
[E-678 s302] best=33428.30 (+-61.34 vs bank) it=114 acc=114 [130s]
[E-678 s302] best=33429.58 (+-60.06 vs bank) it=124 acc=124 [140s]
[E-678 s302] best=33430.72 (+-58.92 vs bank) it=125 acc=125 [141s]
[E-678 s302] best=33432.47 (+-57.17 vs bank) it=126 acc=126 [143s]
[E-678 s302] best=33432.50 (+-57.14 vs bank) it=192 acc=192 [213s]
[E-678 s302] best=33432.94 (+-56.70 vs bank) it=193 acc=193 [214s]
[E-678 s302] best=33434.00 (+-55.64 vs bank) it=194 acc=194 [215s]
[E-678 s302] best=33434.36 (+-55.28 vs bank) it=195 acc=195 [216s]
[E-678 s302] best=33434.63 (+-55.01 vs bank) it=196 acc=196 [217s]
[E-678 s302] it=200 cur=33434.63 best=33434.63 [222s]
[E-678 s302] best=33436.00 (+-53.64 vs bank) it=211 acc=211 [235s]
[E-678 s302] best=33436.10 (+-53.54 vs bank) it=227 acc=227 [256s]
[E-678 s302] best=33436.53 (+-53.11 vs bank) it=273 acc=273 [318s]
[E-678 s302] best=33436.73 (+-52.91 vs bank) it=276 acc=276 [322s]
[E-678 s302] best=33438.85 (+-50.79 vs bank) it=283 acc=283 [331s]
[E-678 s302] best=33439.17 (+-50.47 vs bank) it=293 acc=293 [345s]
[E-678 s302] it=300 cur=33439.17 best=33439.17 [354s]
[E-678 s302] best=33439.56 (+-50.08 vs bank) it=354 acc=354 [428s]
[E-678 s302] best=33439.66 (+-49.98 vs bank) it=361 acc=361 [437s]
[E-678 s302] best=33440.74 (+-48.90 vs bank) it=364 acc=364 [441s]
[E-678 s302] it=400 cur=33440.74 best=33440.74 [487s]
[E-678 s302] best=33441.01 (+-48.63 vs bank) it=471 acc=471 [579s]
[E-678 s302] best=33441.90 (+-47.74 vs bank) it=478 acc=478 [588s]
[E-678 s302] it=500 cur=33441.90 best=33441.90 [616s]
[E-678 s302] it=600 cur=33441.90 best=33441.90 [734s]
[E-678 s302] it=700 cur=33441.90 best=33441.90 [838s]
[E-678 s302] it=800 cur=33383.73 best=33441.90 [939s]
[E-678 s302] it=900 cur=33438.66 best=33441.90 [1047s]
[E-678 s302] best=33443.21 (+-46.43 vs bank) it=947 acc=947 [1099s]
[E-678 s302] it=1000 cur=33443.21 best=33443.21 [1158s]
[E-678 s302] it=1100 cur=33443.21 best=33443.21 [1268s]
[E-678 s302] best=33443.65 (+-45.99 vs bank) it=1130 acc=1130 [1301s]
[E-678 s302] best=33444.12 (+-45.52 vs bank) it=1131 acc=1131 [1302s]
[E-678 s302] best=33444.40 (+-45.24 vs bank) it=1132 acc=1132 [1303s]
[E-678 s302] best=33444.74 (+-44.90 vs bank) it=1133 acc=1133 [1304s]
[E-678 s302] best=33445.40 (+-44.24 vs bank) it=1179 acc=1179 [1353s]
[E-678 s302] it=1200 cur=33445.40 best=33445.40 [1378s]
[E-678 s302] it=1300 cur=33445.40 best=33445.40 [1487s]
[E-678 s302] it=1400 cur=33445.40 best=33445.40 [1596s]
[E-678 s302] best=33445.67 (+-43.97 vs bank) it=1458 acc=1458 [1659s]
[E-678 s302] best=33446.39 (+-43.25 vs bank) it=1459 acc=1459 [1660s]
[E-678 s302] best=33447.19 (+-42.45 vs bank) it=1462 acc=1462 [1663s]
[E-678 s302] it=1500 cur=33447.19 best=33447.19 [1705s]
[E-678 s302] it=1600 cur=33447.19 best=33447.19 [1808s]
[E-678 s302] it=1700 cur=33447.19 best=33447.19 [1917s]
[E-678 s302] it=1800 cur=33430.36 best=33447.19 [2022s]
[E-678 s302] it=1900 cur=33443.72 best=33447.19 [2119s]
[E-678 s302] best=33448.64 (+-41.00 vs bank) it=1939 acc=1939 [2157s]
[E-678 s302] best=33449.21 (+-40.43 vs bank) it=1947 acc=1947 [2165s]
[E-678 s302] best=33449.26 (+-40.38 vs bank) it=1963 acc=1963 [2181s]
[E-678 s302] best=33450.83 (+-38.81 vs bank) it=1967 acc=1967 [2186s]
[E-678 s302] best=33451.59 (+-38.05 vs bank) it=1969 acc=1969 [2188s]
[E-678 s302] best=33451.85 (+-37.79 vs bank) it=1972 acc=1972 [2191s]
[E-678 s302] best=33452.99 (+-36.65 vs bank) it=1976 acc=1976 [2194s]
[E-678 s302] best=33454.51 (+-35.13 vs bank) it=1982 acc=1982 [2201s]
[E-678 s302] best=33455.18 (+-34.46 vs bank) it=1993 acc=1993 [2212s]
[E-678 s302] it=2000 cur=33455.18 best=33455.18 [2219s]
[E-678 s302] best=33455.88 (+-33.76 vs bank) it=2025 acc=2025 [2244s]
[E-678 s302] best=33456.32 (+-33.32 vs bank) it=2037 acc=2037 [2257s]
[E-678 s302] it=2100 cur=33456.32 best=33456.32 [2321s]
[E-678 s302] best=33456.81 (+-32.83 vs bank) it=2126 acc=2126 [2347s]
[E-678 s302] best=33457.76 (+-31.88 vs bank) it=2128 acc=2128 [2349s]
[E-678 s302] best=33458.64 (+-31.00 vs bank) it=2144 acc=2144 [2365s]
[E-678 s302] best=33459.33 (+-30.31 vs bank) it=2162 acc=2162 [2383s]
[E-678 s302] best=33460.76 (+-28.88 vs bank) it=2171 acc=2171 [2393s]
[E-678 s302] best=33460.96 (+-28.68 vs bank) it=2196 acc=2196 [2417s]
[E-678 s302] it=2200 cur=33460.96 best=33460.96 [2421s]
[E-678 s302] best=33460.96 (+-28.68 vs bank) it=2221 acc=2221 [2442s]
[E-678 s302] best=33462.03 (+-27.61 vs bank) it=2234 acc=2234 [2454s]
[E-678 s302] best=33463.05 (+-26.59 vs bank) it=2238 acc=2238 [2459s]
[E-678 s302] best=33463.56 (+-26.08 vs bank) it=2243 acc=2243 [2463s]
[E-678 s302] best=33464.62 (+-25.02 vs bank) it=2244 acc=2244 [2464s]
[E-678 s302] best=33464.65 (+-24.99 vs bank) it=2267 acc=2267 [2487s]
[E-678 s302] best=33464.70 (+-24.94 vs bank) it=2280 acc=2280 [2499s]
[E-678 s302] best=33465.76 (+-23.88 vs bank) it=2282 acc=2282 [2501s]
[E-678 s302] best=33465.84 (+-23.80 vs bank) it=2289 acc=2289 [2508s]
[E-678 s302] best=33466.39 (+-23.25 vs bank) it=2291 acc=2291 [2510s]
[E-678 s302] best=33466.61 (+-23.03 vs bank) it=2292 acc=2292 [2511s]
[E-678 s302] best=33467.23 (+-22.41 vs bank) it=2294 acc=2294 [2513s]
[E-678 s302] best=33467.43 (+-22.21 vs bank) it=2296 acc=2296 [2515s]
[E-678 s302] best=33467.85 (+-21.79 vs bank) it=2297 acc=2297 [2516s]
[E-678 s302] best=33468.01 (+-21.63 vs bank) it=2298 acc=2298 [2517s]
[E-678 s302] it=2300 cur=33468.01 best=33468.01 [2519s]
[E-678 s302] best=33468.58 (+-21.06 vs bank) it=2303 acc=2303 [2522s]
[E-678 s302] best=33468.64 (+-21.00 vs bank) it=2311 acc=2311 [2529s]
[E-678 s302] best=33468.71 (+-20.93 vs bank) it=2312 acc=2312 [2530s]
[E-678 s302] best=33468.80 (+-20.84 vs bank) it=2315 acc=2315 [2533s]
[E-678 s302] best=33469.21 (+-20.43 vs bank) it=2316 acc=2316 [2534s]
[E-678 s302] best=33470.43 (+-19.21 vs bank) it=2317 acc=2317 [2535s]
[E-678 s302] best=33470.71 (+-18.93 vs bank) it=2319 acc=2319 [2537s]
[E-678 s302] best=33471.36 (+-18.28 vs bank) it=2322 acc=2322 [2540s]
[E-678 s302] best=33475.23 (+-14.41 vs bank) it=2323 acc=2323 [2541s]
[E-678 s302] best=33475.28 (+-14.36 vs bank) it=2325 acc=2325 [2543s]
[E-678 s302] best=33476.23 (+-13.41 vs bank) it=2372 acc=2372 [2588s]
[E-678 s302] best=33477.76 (+-11.88 vs bank) it=2376 acc=2376 [2592s]
[E-678 s302] it=2400 cur=33477.76 best=33477.76 [2615s]
[E-678 s302] best=33478.56 (+-11.08 vs bank) it=2427 acc=2427 [2641s]
[E-678 s302] best=33478.79 (+-10.85 vs bank) it=2495 acc=2495 [2706s]
[E-678 s302] best=33479.18 (+-10.46 vs bank) it=2498 acc=2498 [2709s]
[E-678 s302] it=2500 cur=33479.18 best=33479.18 [2711s]
[E-678 s302] best=33479.32 (+-10.32 vs bank) it=2509 acc=2509 [2720s]
[E-678 s302] best=33479.91 (+-9.73 vs bank) it=2513 acc=2513 [2724s]
[E-678 s302] best=33479.96 (+-9.68 vs bank) it=2515 acc=2515 [2725s]
[E-678 s302] best=33480.41 (+-9.23 vs bank) it=2516 acc=2516 [2726s]
[E-678 s302] best=33480.75 (+-8.89 vs bank) it=2519 acc=2519 [2729s]
[E-678 s302] best=33481.75 (+-7.89 vs bank) it=2530 acc=2530 [2740s]
[E-678 s302] best=33483.15 (+-6.49 vs bank) it=2533 acc=2533 [2743s]
[E-678 s302] it=2600 cur=33483.15 best=33483.15 [2807s]
[E-678 s302] best=33483.16 (+-6.48 vs bank) it=2626 acc=2626 [2832s]
[E-678 s302] it=2700 cur=33483.16 best=33483.16 [2902s]
[E-678 s302] best=33484.21 (+-5.43 vs bank) it=2752 acc=2752 [2952s]
[E-678 s302] it=2800 cur=33484.21 best=33484.21 [2999s]
[E-678 s302] best=33484.25 (+-5.39 vs bank) it=2820 acc=2820 [3018s]
[E-678 s302] best=33484.60 (+-5.04 vs bank) it=2822 acc=2822 [3020s]
[E-678 s302] best=33484.70 (+-4.94 vs bank) it=2835 acc=2835 [3032s]
[E-678 s302] best=33485.23 (+-4.41 vs bank) it=2844 acc=2844 [3041s]
[E-678 s302] best=33485.46 (+-4.18 vs bank) it=2857 acc=2857 [3053s]
[E-678 s302] best=33486.13 (+-3.51 vs bank) it=2858 acc=2858 [3054s]
[E-678 s302] best=33486.72 (+-2.92 vs bank) it=2864 acc=2864 [3060s]
[E-678 s302] best=33488.28 (+-1.36 vs bank) it=2865 acc=2865 [3061s]
[E-678 s302] best=33489.53 (+-0.11 vs bank) it=2879 acc=2879 [3074s]
[E-678 s302] best=33490.00 (+0.36 vs bank) it=2889 acc=2889 *** BEATS BANK feas=True [3084s]
[E-678 s302] best=33491.23 (+1.59 vs bank) it=2890 acc=2890 *** BEATS BANK feas=True [3085s]
[E-678 s302] it=2900 cur=33491.23 best=33491.23 [3095s]
[E-678 s302] best=33491.25 (+1.61 vs bank) it=2939 acc=2939 *** BEATS BANK feas=True [3133s]
[E-678 s302] best=33491.40 (+1.76 vs bank) it=2964 acc=2964 *** BEATS BANK feas=True [3157s]
[E-678 s302] it=3000 cur=33491.40 best=33491.40 [3193s]
[E-678 s302] it=3100 cur=33491.40 best=33491.40 [3293s]
[E-678 s302] it=3200 cur=33491.40 best=33491.40 [3392s]
[E-678 s302] best=33491.54 (+1.90 vs bank) it=3229 acc=3229 *** BEATS BANK feas=True [3420s]
[E-678 s302] it=3300 cur=33491.54 best=33491.54 [3491s]
[E-678 s302] it=3400 cur=33491.54 best=33491.54 [3590s]
[E-678 s302] it=3500 cur=33491.54 best=33491.54 [3689s]
[E-678 s302] it=3600 cur=33452.94 best=33491.54 [3789s]
[E-678 s302] it=3700 cur=33458.60 best=33491.54 [3887s]
[E-678 s302] it=3800 cur=33460.88 best=33491.54 [3987s]
[E-678 s302] it=3900 cur=33458.90 best=33491.54 [4086s]
[E-678 s302] it=4000 cur=33473.30 best=33491.54 [4182s]
[E-678 s302] it=4100 cur=33479.21 best=33491.54 [4277s]
[E-678 s302] it=4200 cur=33481.51 best=33491.54 [4378s]
[E-678 s302] best=33492.21 (+2.57 vs bank) it=4278 acc=4278 *** BEATS BANK feas=True [4458s]
[E-678 s302] best=33492.92 (+3.28 vs bank) it=4284 acc=4284 *** BEATS BANK feas=True [4464s]
[E-678 s302] it=4300 cur=33492.92 best=33492.92 [4481s]
[E-678 s302] it=4400 cur=33492.92 best=33492.92 [4647s]
[E-678 s302] it=4500 cur=33492.92 best=33492.92 [4860s]
[E-678 s302] it=4600 cur=33386.94 best=33492.92 [5014s]
[E-678 s302] it=4700 cur=33459.42 best=33492.92 [5222s]
[E-678 s302] it=4800 cur=33475.49 best=33492.92 [5457s]
[E-678 s302] it=4900 cur=33425.98 best=33492.92 [5698s]
[E-678 s302] it=5000 cur=33477.71 best=33492.92 [5924s]
[E-678 s302] it=5100 cur=33479.51 best=33492.92 [6181s]
[E-678 s302] it=5200 cur=33437.06 best=33492.92 [6456s]
[E-678 s302] it=5300 cur=33486.12 best=33492.92 [6727s]
[E-678 s302] it=5400 cur=33487.65 best=33492.92 [6922s]
[E-678 s302] it=5500 cur=33344.99 best=33492.92 [7122s]
[E-678 s302] it=5600 cur=33442.91 best=33492.92 [7319s]
[E-678 s302] it=5700 cur=33451.48 best=33492.92 [7514s]
[E-678 s302] it=5800 cur=33376.19 best=33492.92 [7712s]
[E-678 s302] it=5900 cur=33449.40 best=33492.92 [7961s]
[E-678 s302] it=6000 cur=33449.79 best=33492.92 [8229s]
[E-678 s302] it=6100 cur=33389.41 best=33492.92 [8490s]
[E-678 s302] it=6200 cur=33473.69 best=33492.92 [8720s]
[E-678 s302] it=6300 cur=33477.58 best=33492.92 [8973s]
[E-678 s302] it=6400 cur=33342.66 best=33492.92 [9194s]
[E-678 s302] it=6500 cur=33477.26 best=33492.92 [9440s]
[E-678 s302] it=6600 cur=33477.83 best=33492.92 [9674s]
[E-678 s302] it=6700 cur=33314.42 best=33492.92 [9923s]
[E-678 s302] it=6800 cur=33462.08 best=33492.92 [10168s]
[E-678 s302] it=6900 cur=33463.72 best=33492.92 [10305s]
[E-678 s302] it=7000 cur=33308.29 best=33492.92 [10441s]
[E-678 s302] it=7100 cur=33432.55 best=33492.92 [10596s]
[E-678 s302] it=7200 cur=33455.62 best=33492.92 [10718s]
[E-678 s302] it=7300 cur=33316.63 best=33492.92 [10844s]
[E-678 s302] it=7400 cur=33469.73 best=33492.92 [10947s]
[E-678 s302] it=7500 cur=33478.22 best=33492.92 [11070s]
[E-678 s302] it=7600 cur=33270.12 best=33492.92 [11201s]
[E-678 s302] it=7700 cur=33456.58 best=33492.92 [11353s]
[E-678 s302] it=7800 cur=33471.43 best=33492.92 [11458s]
[E-678 s302] it=7900 cur=33225.07 best=33492.92 [11580s]
[E-678 s302] it=8000 cur=33470.40 best=33492.92 [11710s]
[E-678 s302] it=8100 cur=33479.10 best=33492.92 [11812s]
[E-678 s302] it=8200 cur=33186.13 best=33492.92 [11907s]
[E-678 s302] it=8300 cur=33475.61 best=33492.92 [11999s]
[E-678 s302] it=8400 cur=33481.00 best=33492.92 [12088s]
[E-678 s302] it=8500 cur=33037.85 best=33492.92 [12179s]
[E-678 s302] it=8600 cur=33471.30 best=33492.92 [12277s]
[E-678 s302] it=8700 cur=33472.45 best=33492.92 [12374s]
[E-678 s302] it=8800 cur=32958.39 best=33492.92 [12468s]
[E-678 s302] it=8900 cur=33469.28 best=33492.92 [12573s]
[E-678 s302] DONE best=33492.92 (+3.28 vs bank) [12666s]
