[E-678 s301] LP-rounded start=32020.61 sel=4203 | bank=33489.64 leader=33555.62 | random-destroy 0.6
[E-678 s301] best=32818.50 (+-671.14 vs bank) it=0 acc=0 [10s]
[E-678 s301] best=33021.53 (+-468.11 vs bank) it=1 acc=1 [11s]
[E-678 s301] best=33094.08 (+-395.56 vs bank) it=2 acc=2 [13s]
[E-678 s301] best=33156.71 (+-332.93 vs bank) it=3 acc=3 [14s]
[E-678 s301] best=33183.09 (+-306.55 vs bank) it=4 acc=4 [15s]
[E-678 s301] best=33205.03 (+-284.61 vs bank) it=5 acc=5 [16s]
[E-678 s301] best=33234.32 (+-255.32 vs bank) it=6 acc=6 [17s]
[E-678 s301] best=33252.56 (+-237.08 vs bank) it=7 acc=7 [18s]
[E-678 s301] best=33268.72 (+-220.92 vs bank) it=8 acc=8 [19s]
[E-678 s301] best=33280.14 (+-209.50 vs bank) it=9 acc=9 [20s]
[E-678 s301] best=33286.83 (+-202.81 vs bank) it=10 acc=10 [21s]
[E-678 s301] best=33298.62 (+-191.02 vs bank) it=11 acc=11 [22s]
[E-678 s301] best=33311.93 (+-177.71 vs bank) it=12 acc=12 [22s]
[E-678 s301] best=33316.96 (+-172.68 vs bank) it=13 acc=13 [23s]
[E-678 s301] best=33329.67 (+-159.97 vs bank) it=14 acc=14 [24s]
[E-678 s301] best=33335.16 (+-154.48 vs bank) it=15 acc=15 [25s]
[E-678 s301] best=33335.51 (+-154.13 vs bank) it=16 acc=16 [26s]
[E-678 s301] best=33338.34 (+-151.30 vs bank) it=17 acc=17 [27s]
[E-678 s301] best=33344.46 (+-145.18 vs bank) it=18 acc=18 [28s]
[E-678 s301] best=33345.73 (+-143.91 vs bank) it=19 acc=19 [29s]
[E-678 s301] best=33352.15 (+-137.49 vs bank) it=20 acc=20 [30s]
[E-678 s301] best=33358.13 (+-131.51 vs bank) it=21 acc=21 [31s]
[E-678 s301] best=33362.65 (+-126.99 vs bank) it=22 acc=22 [32s]
[E-678 s301] best=33364.92 (+-124.72 vs bank) it=23 acc=23 [33s]
[E-678 s301] best=33372.17 (+-117.47 vs bank) it=24 acc=24 [34s]
[E-678 s301] best=33374.69 (+-114.95 vs bank) it=25 acc=25 [35s]
[E-678 s301] best=33377.07 (+-112.57 vs bank) it=26 acc=26 [36s]
[E-678 s301] best=33377.62 (+-112.02 vs bank) it=27 acc=27 [37s]
[E-678 s301] best=33383.00 (+-106.64 vs bank) it=28 acc=28 [38s]
[E-678 s301] best=33384.22 (+-105.42 vs bank) it=29 acc=29 [39s]
[E-678 s301] best=33384.64 (+-105.00 vs bank) it=30 acc=30 [40s]
[E-678 s301] best=33384.94 (+-104.70 vs bank) it=33 acc=33 [42s]
[E-678 s301] best=33386.76 (+-102.88 vs bank) it=34 acc=34 [43s]
[E-678 s301] best=33387.07 (+-102.57 vs bank) it=35 acc=35 [44s]
[E-678 s301] best=33387.07 (+-102.57 vs bank) it=36 acc=36 [45s]
[E-678 s301] best=33388.09 (+-101.55 vs bank) it=38 acc=38 [47s]
[E-678 s301] best=33390.15 (+-99.49 vs bank) it=39 acc=39 [48s]
[E-678 s301] best=33391.17 (+-98.47 vs bank) it=40 acc=40 [49s]
[E-678 s301] best=33392.52 (+-97.12 vs bank) it=42 acc=42 [51s]
[E-678 s301] best=33397.00 (+-92.64 vs bank) it=43 acc=43 [52s]
[E-678 s301] best=33398.66 (+-90.98 vs bank) it=44 acc=44 [53s]
[E-678 s301] best=33399.25 (+-90.39 vs bank) it=45 acc=45 [53s]
[E-678 s301] best=33403.11 (+-86.53 vs bank) it=46 acc=46 [54s]
[E-678 s301] best=33406.04 (+-83.60 vs bank) it=47 acc=47 [55s]
[E-678 s301] best=33409.59 (+-80.05 vs bank) it=48 acc=48 [56s]
[E-678 s301] best=33409.73 (+-79.91 vs bank) it=49 acc=49 [57s]
[E-678 s301] best=33412.05 (+-77.59 vs bank) it=50 acc=50 [58s]
[E-678 s301] best=33412.09 (+-77.55 vs bank) it=52 acc=52 [60s]
[E-678 s301] best=33413.56 (+-76.08 vs bank) it=55 acc=55 [63s]
[E-678 s301] best=33415.00 (+-74.64 vs bank) it=56 acc=56 [64s]
[E-678 s301] best=33416.68 (+-72.96 vs bank) it=59 acc=59 [67s]
[E-678 s301] best=33417.84 (+-71.80 vs bank) it=62 acc=62 [69s]
[E-678 s301] best=33424.33 (+-65.31 vs bank) it=63 acc=63 [70s]
[E-678 s301] best=33425.89 (+-63.75 vs bank) it=65 acc=65 [72s]
[E-678 s301] best=33426.37 (+-63.27 vs bank) it=66 acc=66 [73s]
[E-678 s301] best=33427.49 (+-62.15 vs bank) it=69 acc=69 [76s]
[E-678 s301] best=33427.78 (+-61.86 vs bank) it=71 acc=71 [78s]
[E-678 s301] best=33427.91 (+-61.73 vs bank) it=80 acc=80 [86s]
[E-678 s301] best=33430.10 (+-59.54 vs bank) it=84 acc=84 [90s]
[E-678 s301] best=33431.54 (+-58.10 vs bank) it=99 acc=99 [105s]
[E-678 s301] it=100 cur=33431.54 best=33431.54 [106s]
[E-678 s301] best=33431.54 (+-58.10 vs bank) it=136 acc=136 [139s]
[E-678 s301] best=33433.12 (+-56.52 vs bank) it=144 acc=144 [147s]
[E-678 s301] best=33433.18 (+-56.46 vs bank) it=163 acc=163 [166s]
[E-678 s301] best=33433.88 (+-55.76 vs bank) it=166 acc=166 [169s]
[E-678 s301] it=200 cur=33433.88 best=33433.88 [202s]
[E-678 s301] best=33435.40 (+-54.24 vs bank) it=234 acc=234 [240s]
[E-678 s301] best=33435.76 (+-53.88 vs bank) it=241 acc=241 [250s]
[E-678 s301] best=33436.60 (+-53.04 vs bank) it=274 acc=274 [289s]
[E-678 s301] it=300 cur=33436.60 best=33436.60 [319s]
[E-678 s301] best=33436.98 (+-52.66 vs bank) it=334 acc=334 [361s]
[E-678 s301] best=33437.37 (+-52.27 vs bank) it=337 acc=337 [365s]
[E-678 s301] best=33437.99 (+-51.65 vs bank) it=342 acc=342 [370s]
[E-678 s301] best=33438.06 (+-51.58 vs bank) it=348 acc=348 [377s]
[E-678 s301] best=33438.07 (+-51.57 vs bank) it=351 acc=351 [381s]
[E-678 s301] best=33438.16 (+-51.48 vs bank) it=352 acc=352 [382s]
[E-678 s301] it=400 cur=33438.16 best=33438.16 [441s]
[E-678 s301] best=33439.84 (+-49.80 vs bank) it=401 acc=401 [442s]
[E-678 s301] best=33441.06 (+-48.58 vs bank) it=407 acc=407 [449s]
[E-678 s301] best=33441.18 (+-48.46 vs bank) it=409 acc=409 [452s]
[E-678 s301] best=33441.35 (+-48.29 vs bank) it=416 acc=416 [461s]
[E-678 s301] best=33441.39 (+-48.25 vs bank) it=456 acc=456 [509s]
[E-678 s301] best=33443.02 (+-46.62 vs bank) it=458 acc=458 [511s]
[E-678 s301] it=500 cur=33443.02 best=33443.02 [563s]
[E-678 s301] best=33443.93 (+-45.71 vs bank) it=528 acc=528 [598s]
[E-678 s301] best=33444.47 (+-45.17 vs bank) it=530 acc=530 [600s]
[E-678 s301] best=33446.81 (+-42.83 vs bank) it=540 acc=540 [612s]
[E-678 s301] best=33447.50 (+-42.14 vs bank) it=546 acc=546 [620s]
[E-678 s301] best=33448.02 (+-41.62 vs bank) it=550 acc=550 [625s]
[E-678 s301] best=33448.62 (+-41.02 vs bank) it=551 acc=551 [626s]
[E-678 s301] best=33448.79 (+-40.85 vs bank) it=569 acc=569 [647s]
[E-678 s301] best=33449.22 (+-40.42 vs bank) it=592 acc=592 [675s]
[E-678 s301] best=33449.95 (+-39.69 vs bank) it=593 acc=593 [676s]
[E-678 s301] it=600 cur=33449.95 best=33449.95 [685s]
[E-678 s301] best=33450.67 (+-38.97 vs bank) it=602 acc=602 [686s]
[E-678 s301] best=33450.68 (+-38.96 vs bank) it=609 acc=609 [693s]
[E-678 s301] best=33451.05 (+-38.59 vs bank) it=615 acc=615 [699s]
[E-678 s301] best=33451.85 (+-37.79 vs bank) it=616 acc=616 [700s]
[E-678 s301] best=33453.16 (+-36.48 vs bank) it=617 acc=617 [701s]
[E-678 s301] best=33453.28 (+-36.36 vs bank) it=643 acc=643 [725s]
[E-678 s301] best=33454.81 (+-34.83 vs bank) it=645 acc=645 [727s]
[E-678 s301] best=33455.03 (+-34.61 vs bank) it=647 acc=647 [729s]
[E-678 s301] best=33456.79 (+-32.85 vs bank) it=650 acc=650 [732s]
[E-678 s301] best=33458.00 (+-31.64 vs bank) it=651 acc=651 [733s]
[E-678 s301] best=33458.77 (+-30.87 vs bank) it=656 acc=656 [738s]
[E-678 s301] best=33459.80 (+-29.84 vs bank) it=692 acc=692 [772s]
[E-678 s301] best=33460.00 (+-29.64 vs bank) it=698 acc=698 [778s]
[E-678 s301] it=700 cur=33460.00 best=33460.00 [781s]
[E-678 s301] best=33460.05 (+-29.59 vs bank) it=759 acc=759 [838s]
[E-678 s301] best=33461.38 (+-28.26 vs bank) it=762 acc=762 [841s]
[E-678 s301] it=800 cur=33461.38 best=33461.38 [875s]
[E-678 s301] best=33461.39 (+-28.25 vs bank) it=898 acc=898 [961s]
[E-678 s301] it=900 cur=33461.39 best=33461.39 [963s]
[E-678 s301] it=1000 cur=33461.39 best=33461.39 [1051s]
[E-678 s301] it=1100 cur=33461.39 best=33461.39 [1139s]
[E-678 s301] it=1200 cur=33377.37 best=33461.39 [1245s]
[E-678 s301] it=1300 cur=33425.99 best=33461.39 [1340s]
[E-678 s301] it=1400 cur=32500.69 best=33461.39 [1435s]
[E-678 s301] it=1500 cur=33425.00 best=33461.39 [1525s]
[E-678 s301] it=1600 cur=33443.58 best=33461.39 [1612s]
[E-678 s301] it=1700 cur=33422.74 best=33461.39 [1702s]
[E-678 s301] best=33461.57 (+-28.07 vs bank) it=1771 acc=1771 [1764s]
[E-678 s301] best=33462.10 (+-27.54 vs bank) it=1773 acc=1773 [1765s]
[E-678 s301] best=33463.36 (+-26.28 vs bank) it=1780 acc=1780 [1772s]
[E-678 s301] it=1800 cur=33463.36 best=33463.36 [1790s]
[E-678 s301] it=1900 cur=33463.36 best=33463.36 [1878s]
[E-678 s301] best=33463.51 (+-26.13 vs bank) it=1911 acc=1911 [1887s]
[E-678 s301] best=33463.58 (+-26.06 vs bank) it=1987 acc=1987 [1954s]
[E-678 s301] it=2000 cur=33463.58 best=33463.58 [1966s]
[E-678 s301] best=33463.65 (+-25.99 vs bank) it=2014 acc=2014 [1978s]
[E-678 s301] best=33464.16 (+-25.48 vs bank) it=2015 acc=2015 [1979s]
[E-678 s301] it=2100 cur=33464.16 best=33464.16 [2054s]
[E-678 s301] it=2200 cur=33464.16 best=33464.16 [2142s]
[E-678 s301] it=2300 cur=33420.86 best=33464.16 [2235s]
[E-678 s301] it=2400 cur=33436.95 best=33464.16 [2327s]
[E-678 s301] it=2500 cur=33448.13 best=33464.16 [2415s]
[E-678 s301] it=2600 cur=33435.58 best=33464.16 [2505s]
[E-678 s301] it=2700 cur=33454.38 best=33464.16 [2593s]
[E-678 s301] it=2800 cur=33412.06 best=33464.16 [2683s]
[E-678 s301] it=2900 cur=33427.86 best=33464.16 [2771s]
[E-678 s301] it=3000 cur=33427.86 best=33464.16 [2859s]
[E-678 s301] it=3100 cur=33419.96 best=33464.16 [2950s]
[E-678 s301] it=3200 cur=33445.78 best=33464.16 [3041s]
[E-678 s301] it=3300 cur=33421.25 best=33464.16 [3135s]
[E-678 s301] it=3400 cur=33456.96 best=33464.16 [3227s]
[E-678 s301] it=3500 cur=33461.82 best=33464.16 [3317s]
[E-678 s301] it=3600 cur=33428.78 best=33464.16 [3412s]
[E-678 s301] it=3700 cur=33454.66 best=33464.16 [3503s]
[E-678 s301] best=33464.73 (+-24.91 vs bank) it=3715 acc=3715 [3517s]
[E-678 s301] best=33467.72 (+-21.92 vs bank) it=3716 acc=3716 [3517s]
[E-678 s301] best=33469.27 (+-20.37 vs bank) it=3717 acc=3717 [3518s]
[E-678 s301] best=33469.88 (+-19.76 vs bank) it=3733 acc=3733 [3533s]
[E-678 s301] best=33470.66 (+-18.98 vs bank) it=3763 acc=3763 [3561s]
[E-678 s301] best=33471.58 (+-18.06 vs bank) it=3767 acc=3767 [3565s]
[E-678 s301] best=33472.74 (+-16.90 vs bank) it=3768 acc=3768 [3566s]
[E-678 s301] best=33473.61 (+-16.03 vs bank) it=3769 acc=3769 [3567s]
[E-678 s301] best=33477.08 (+-12.56 vs bank) it=3770 acc=3770 [3568s]
[E-678 s301] best=33477.60 (+-12.04 vs bank) it=3771 acc=3771 [3569s]
[E-678 s301] best=33478.18 (+-11.46 vs bank) it=3773 acc=3773 [3570s]
[E-678 s301] best=33479.59 (+-10.05 vs bank) it=3774 acc=3774 [3571s]
[E-678 s301] best=33480.45 (+-9.19 vs bank) it=3775 acc=3775 [3572s]
[E-678 s301] best=33481.87 (+-7.77 vs bank) it=3777 acc=3777 [3574s]
[E-678 s301] best=33482.26 (+-7.38 vs bank) it=3778 acc=3778 [3575s]
[E-678 s301] best=33482.42 (+-7.22 vs bank) it=3782 acc=3782 [3579s]
[E-678 s301] best=33487.50 (+-2.14 vs bank) it=3783 acc=3783 [3580s]
[E-678 s301] best=33487.94 (+-1.70 vs bank) it=3784 acc=3784 [3581s]
[E-678 s301] best=33488.84 (+-0.80 vs bank) it=3789 acc=3789 [3585s]
[E-678 s301] best=33490.13 (+0.49 vs bank) it=3795 acc=3795 *** BEATS BANK feas=True [3591s]
[E-678 s301] best=33494.05 (+4.41 vs bank) it=3797 acc=3797 *** BEATS BANK feas=True [3593s]
[E-678 s301] it=3800 cur=33494.05 best=33494.05 [3595s]
[E-678 s301] best=33494.86 (+5.22 vs bank) it=3802 acc=3802 *** BEATS BANK feas=True [3597s]
[E-678 s301] best=33495.76 (+6.12 vs bank) it=3832 acc=3832 *** BEATS BANK feas=True [3624s]
[E-678 s301] best=33495.89 (+6.25 vs bank) it=3835 acc=3835 *** BEATS BANK feas=True [3627s]
[E-678 s301] best=33496.22 (+6.58 vs bank) it=3848 acc=3848 *** BEATS BANK feas=True [3639s]
[E-678 s301] it=3900 cur=33496.22 best=33496.22 [3686s]
[E-678 s301] it=4000 cur=33496.22 best=33496.22 [3774s]
[E-678 s301] best=33496.26 (+6.62 vs bank) it=4084 acc=4084 *** BEATS BANK feas=True [3847s]
[E-678 s301] best=33496.54 (+6.90 vs bank) it=4088 acc=4088 *** BEATS BANK feas=True [3850s]
[E-678 s301] it=4100 cur=33496.54 best=33496.54 [3861s]
[E-678 s301] best=33499.12 (+9.48 vs bank) it=4190 acc=4190 *** BEATS BANK feas=True [3939s]
[E-678 s301] it=4200 cur=33499.12 best=33499.12 [3947s]
[E-678 s301] best=33499.66 (+10.02 vs bank) it=4292 acc=4292 *** BEATS BANK feas=True [4027s]
[E-678 s301] best=33499.72 (+10.08 vs bank) it=4299 acc=4299 *** BEATS BANK feas=True [4033s]
[E-678 s301] it=4300 cur=33499.72 best=33499.72 [4034s]
[E-678 s301] best=33499.76 (+10.12 vs bank) it=4379 acc=4379 *** BEATS BANK feas=True [4102s]
[E-678 s301] best=33500.14 (+10.50 vs bank) it=4382 acc=4382 *** BEATS BANK feas=True [4105s]
[E-678 s301] it=4400 cur=33500.14 best=33500.14 [4121s]
[E-678 s301] best=33500.15 (+10.51 vs bank) it=4474 acc=4474 *** BEATS BANK feas=True [4186s]
[E-678 s301] best=33501.34 (+11.70 vs bank) it=4475 acc=4475 *** BEATS BANK feas=True [4187s]
[E-678 s301] it=4500 cur=33501.34 best=33501.34 [4208s]
[E-678 s301] best=33501.76 (+12.12 vs bank) it=4510 acc=4510 *** BEATS BANK feas=True [4217s]
[E-678 s301] best=33502.46 (+12.82 vs bank) it=4534 acc=4534 *** BEATS BANK feas=True [4238s]
[E-678 s301] it=4600 cur=33502.46 best=33502.46 [4295s]
[E-678 s301] it=4700 cur=33502.46 best=33502.46 [4384s]
[E-678 s301] it=4800 cur=33390.50 best=33502.46 [4481s]
[E-678 s301] it=4900 cur=33458.43 best=33502.46 [4632s]
[E-678 s301] it=5000 cur=33471.25 best=33502.46 [4825s]
[E-678 s301] it=5100 cur=33382.76 best=33502.46 [4978s]
[E-678 s301] it=5200 cur=33391.29 best=33502.46 [5166s]
[E-678 s301] it=5300 cur=33375.27 best=33502.46 [5380s]
[E-678 s301] it=5400 cur=33479.98 best=33502.46 [5596s]
[E-678 s301] it=5500 cur=33488.14 best=33502.46 [5802s]
[E-678 s301] it=5600 cur=33444.84 best=33502.46 [6036s]
[E-678 s301] it=5700 cur=33457.59 best=33502.46 [6283s]
[E-678 s301] it=5800 cur=33380.33 best=33502.46 [6530s]
[E-678 s301] it=5900 cur=33483.77 best=33502.46 [6772s]
[E-678 s301] it=6000 cur=33490.66 best=33502.46 [6950s]
[E-678 s301] it=6100 cur=33425.13 best=33502.46 [7137s]
[E-678 s301] it=6200 cur=33437.51 best=33502.46 [7318s]
[E-678 s301] it=6300 cur=33304.80 best=33502.46 [7503s]
[E-678 s301] it=6400 cur=33453.70 best=33502.46 [7685s]
[E-678 s301] it=6500 cur=33462.41 best=33502.46 [7872s]
[E-678 s301] it=6600 cur=33409.89 best=33502.46 [8119s]
[E-678 s301] it=6700 cur=33443.42 best=33502.46 [8339s]
[E-678 s301] it=6800 cur=33314.18 best=33502.46 [8541s]
[E-678 s301] it=6900 cur=33445.32 best=33502.46 [8764s]
[E-678 s301] it=7000 cur=33460.63 best=33502.46 [8986s]
[E-678 s301] it=7100 cur=33441.32 best=33502.46 [9189s]
[E-678 s301] it=7200 cur=33462.44 best=33502.46 [9413s]
[E-678 s301] it=7300 cur=33237.52 best=33502.46 [9640s]
[E-678 s301] it=7400 cur=33461.30 best=33502.46 [9868s]
[E-678 s301] it=7500 cur=33474.04 best=33502.46 [10084s]
[E-678 s301] it=7600 cur=33410.48 best=33502.46 [10239s]
[E-678 s301] it=7700 cur=33470.81 best=33502.46 [10347s]
[E-678 s301] it=7800 cur=33017.31 best=33502.46 [10444s]
[E-678 s301] it=7900 cur=33477.95 best=33502.46 [10563s]
[E-678 s301] it=8000 cur=33492.27 best=33502.46 [10674s]
[E-678 s301] it=8100 cur=33423.59 best=33502.46 [10774s]
[E-678 s301] it=8200 cur=33443.54 best=33502.46 [10870s]
[E-678 s301] it=8300 cur=32777.49 best=33502.46 [10977s]
[E-678 s301] it=8400 cur=33472.49 best=33502.46 [11096s]
[E-678 s301] it=8500 cur=33483.47 best=33502.46 [11223s]
[E-678 s301] it=8600 cur=33474.97 best=33502.46 [11355s]
[E-678 s301] it=8700 cur=33488.51 best=33502.46 [11451s]
[E-678 s301] it=8800 cur=33488.51 best=33502.46 [11554s]
[E-678 s301] it=8900 cur=33459.93 best=33502.46 [11678s]
[E-678 s301] DONE best=33502.46 (+12.82 vs bank) [11775s]
