error    libmamba Could not set lock (Resource temporarily unavailable)
warning  libmamba Cannot lock '/home/julian/.cache/mamba/proc'
    Waiting for other mamba process to finish
[E-678 s202] LP-rounded start=32020.61 sel=4203 | bank=33489.64 leader=33555.62 | random-destroy 0.62
[E-678 s202] best=32857.05 (+-632.59 vs bank) it=1 acc=1 [12s]
[E-678 s202] best=33015.71 (+-473.93 vs bank) it=2 acc=2 [14s]
[E-678 s202] best=33129.25 (+-360.39 vs bank) it=3 acc=3 [15s]
[E-678 s202] best=33173.75 (+-315.89 vs bank) it=4 acc=4 [16s]
[E-678 s202] best=33211.92 (+-277.72 vs bank) it=5 acc=5 [18s]
[E-678 s202] best=33226.95 (+-262.69 vs bank) it=6 acc=6 [19s]
[E-678 s202] best=33256.28 (+-233.36 vs bank) it=7 acc=7 [20s]
[E-678 s202] best=33267.49 (+-222.15 vs bank) it=8 acc=8 [21s]
[E-678 s202] best=33275.61 (+-214.03 vs bank) it=9 acc=9 [22s]
[E-678 s202] best=33284.63 (+-205.01 vs bank) it=10 acc=10 [23s]
[E-678 s202] best=33302.55 (+-187.09 vs bank) it=11 acc=11 [24s]
[E-678 s202] best=33305.08 (+-184.56 vs bank) it=12 acc=12 [25s]
[E-678 s202] best=33309.41 (+-180.23 vs bank) it=13 acc=13 [26s]
[E-678 s202] best=33311.67 (+-177.97 vs bank) it=14 acc=14 [27s]
[E-678 s202] best=33312.46 (+-177.18 vs bank) it=15 acc=15 [28s]
[E-678 s202] best=33313.31 (+-176.33 vs bank) it=16 acc=16 [29s]
[E-678 s202] best=33314.77 (+-174.87 vs bank) it=17 acc=17 [30s]
[E-678 s202] best=33316.70 (+-172.94 vs bank) it=18 acc=18 [31s]
[E-678 s202] best=33320.53 (+-169.11 vs bank) it=19 acc=19 [32s]
[E-678 s202] best=33325.18 (+-164.46 vs bank) it=20 acc=20 [33s]
[E-678 s202] best=33333.39 (+-156.25 vs bank) it=21 acc=21 [35s]
[E-678 s202] best=33336.16 (+-153.48 vs bank) it=22 acc=22 [36s]
[E-678 s202] best=33343.10 (+-146.54 vs bank) it=23 acc=23 [37s]
[E-678 s202] best=33346.79 (+-142.85 vs bank) it=24 acc=24 [38s]
[E-678 s202] best=33347.15 (+-142.49 vs bank) it=25 acc=25 [39s]
[E-678 s202] best=33348.85 (+-140.79 vs bank) it=26 acc=26 [40s]
[E-678 s202] best=33348.92 (+-140.72 vs bank) it=27 acc=27 [41s]
[E-678 s202] best=33351.47 (+-138.17 vs bank) it=28 acc=28 [42s]
[E-678 s202] best=33353.07 (+-136.57 vs bank) it=29 acc=29 [43s]
[E-678 s202] best=33357.02 (+-132.62 vs bank) it=30 acc=30 [44s]
[E-678 s202] best=33359.23 (+-130.41 vs bank) it=31 acc=31 [45s]
[E-678 s202] best=33365.22 (+-124.42 vs bank) it=32 acc=32 [46s]
[E-678 s202] best=33372.59 (+-117.05 vs bank) it=33 acc=33 [47s]
[E-678 s202] best=33375.92 (+-113.72 vs bank) it=34 acc=34 [48s]
[E-678 s202] best=33379.12 (+-110.51 vs bank) it=35 acc=35 [49s]
[E-678 s202] best=33381.57 (+-108.07 vs bank) it=36 acc=36 [51s]
[E-678 s202] best=33382.16 (+-107.48 vs bank) it=37 acc=37 [52s]
[E-678 s202] best=33388.36 (+-101.28 vs bank) it=38 acc=38 [53s]
[E-678 s202] best=33389.19 (+-100.45 vs bank) it=40 acc=40 [55s]
[E-678 s202] best=33389.70 (+-99.94 vs bank) it=41 acc=41 [56s]
[E-678 s202] best=33391.43 (+-98.21 vs bank) it=42 acc=42 [57s]
[E-678 s202] best=33394.48 (+-95.16 vs bank) it=43 acc=43 [58s]
[E-678 s202] best=33400.27 (+-89.37 vs bank) it=44 acc=44 [59s]
[E-678 s202] best=33401.40 (+-88.24 vs bank) it=45 acc=45 [60s]
[E-678 s202] best=33403.16 (+-86.48 vs bank) it=46 acc=46 [61s]
[E-678 s202] best=33403.27 (+-86.37 vs bank) it=48 acc=48 [63s]
[E-678 s202] best=33403.50 (+-86.14 vs bank) it=50 acc=50 [66s]
[E-678 s202] best=33404.01 (+-85.63 vs bank) it=53 acc=53 [70s]
[E-678 s202] best=33405.44 (+-84.20 vs bank) it=55 acc=55 [72s]
[E-678 s202] best=33405.64 (+-84.00 vs bank) it=58 acc=58 [75s]
[E-678 s202] best=33408.11 (+-81.53 vs bank) it=59 acc=59 [76s]
[E-678 s202] best=33408.44 (+-81.20 vs bank) it=60 acc=60 [77s]
[E-678 s202] best=33409.69 (+-79.94 vs bank) it=62 acc=62 [79s]
[E-678 s202] best=33410.30 (+-79.34 vs bank) it=75 acc=75 [92s]
[E-678 s202] best=33413.81 (+-75.83 vs bank) it=84 acc=84 [101s]
[E-678 s202] best=33413.92 (+-75.72 vs bank) it=86 acc=86 [103s]
[E-678 s202] best=33414.10 (+-75.54 vs bank) it=87 acc=87 [104s]
[E-678 s202] best=33414.28 (+-75.36 vs bank) it=88 acc=88 [105s]
[E-678 s202] best=33414.44 (+-75.20 vs bank) it=94 acc=94 [112s]
[E-678 s202] it=100 cur=33414.44 best=33414.44 [117s]
[E-678 s202] best=33416.43 (+-73.21 vs bank) it=101 acc=101 [118s]
[E-678 s202] best=33417.53 (+-72.11 vs bank) it=104 acc=104 [122s]
[E-678 s202] best=33418.41 (+-71.23 vs bank) it=114 acc=114 [131s]
[E-678 s202] best=33418.93 (+-70.71 vs bank) it=118 acc=118 [136s]
[E-678 s202] best=33419.78 (+-69.86 vs bank) it=131 acc=131 [148s]
[E-678 s202] best=33419.89 (+-69.75 vs bank) it=143 acc=143 [160s]
[E-678 s202] best=33420.08 (+-69.56 vs bank) it=168 acc=168 [186s]
[E-678 s202] best=33422.69 (+-66.95 vs bank) it=174 acc=174 [192s]
[E-678 s202] best=33422.83 (+-66.81 vs bank) it=175 acc=175 [193s]
[E-678 s202] best=33423.01 (+-66.63 vs bank) it=180 acc=180 [198s]
[E-678 s202] best=33424.35 (+-65.29 vs bank) it=181 acc=181 [199s]
[E-678 s202] it=200 cur=33424.35 best=33424.35 [218s]
[E-678 s202] best=33424.40 (+-65.24 vs bank) it=204 acc=204 [222s]
[E-678 s202] best=33424.97 (+-64.67 vs bank) it=280 acc=280 [302s]
[E-678 s202] best=33426.03 (+-63.61 vs bank) it=284 acc=284 [305s]
[E-678 s202] it=300 cur=33426.03 best=33426.03 [322s]
[E-678 s202] best=33427.03 (+-62.61 vs bank) it=305 acc=305 [327s]
[E-678 s202] best=33427.36 (+-62.28 vs bank) it=306 acc=306 [328s]
[E-678 s202] best=33428.46 (+-61.18 vs bank) it=308 acc=308 [330s]
[E-678 s202] best=33428.56 (+-61.08 vs bank) it=315 acc=315 [337s]
[E-678 s202] best=33429.35 (+-60.29 vs bank) it=320 acc=320 [343s]
[E-678 s202] best=33431.13 (+-58.51 vs bank) it=323 acc=323 [350s]
[E-678 s202] best=33431.25 (+-58.39 vs bank) it=372 acc=372 [420s]
[E-678 s202] best=33431.99 (+-57.65 vs bank) it=373 acc=373 [421s]
[E-678 s202] best=33432.53 (+-57.11 vs bank) it=375 acc=375 [424s]
[E-678 s202] it=400 cur=33432.53 best=33432.53 [461s]
[E-678 s202] best=33432.71 (+-56.93 vs bank) it=417 acc=417 [486s]
[E-678 s202] best=33433.77 (+-55.87 vs bank) it=419 acc=419 [489s]
[E-678 s202] best=33434.10 (+-55.54 vs bank) it=427 acc=427 [498s]
[E-678 s202] best=33435.74 (+-53.90 vs bank) it=428 acc=428 [500s]
[E-678 s202] best=33436.48 (+-53.16 vs bank) it=443 acc=443 [518s]
[E-678 s202] best=33436.71 (+-52.93 vs bank) it=445 acc=445 [520s]
[E-678 s202] best=33436.95 (+-52.69 vs bank) it=461 acc=461 [539s]
[E-678 s202] best=33438.13 (+-51.51 vs bank) it=499 acc=499 [594s]
[E-678 s202] it=500 cur=33438.13 best=33438.13 [596s]
[E-678 s202] best=33438.72 (+-50.92 vs bank) it=504 acc=504 [601s]
[E-678 s202] best=33439.07 (+-50.57 vs bank) it=556 acc=556 [675s]
[E-678 s202] best=33439.18 (+-50.46 vs bank) it=559 acc=559 [679s]
[E-678 s202] best=33439.60 (+-50.04 vs bank) it=562 acc=562 [683s]
[E-678 s202] best=33440.40 (+-49.24 vs bank) it=563 acc=563 [685s]
[E-678 s202] best=33441.61 (+-48.03 vs bank) it=594 acc=594 [728s]
[E-678 s202] it=600 cur=33441.61 best=33441.61 [734s]
[E-678 s202] it=700 cur=33441.61 best=33441.61 [840s]
[E-678 s202] it=800 cur=33441.61 best=33441.61 [965s]
[E-678 s202] it=900 cur=33191.68 best=33441.61 [1079s]
[E-678 s202] best=33441.65 (+-47.99 vs bank) it=990 acc=990 [1168s]
[E-678 s202] best=33444.21 (+-45.43 vs bank) it=991 acc=991 [1169s]
[E-678 s202] best=33445.15 (+-44.49 vs bank) it=992 acc=992 [1169s]
[E-678 s202] best=33445.58 (+-44.06 vs bank) it=996 acc=996 [1173s]
[E-678 s202] it=1000 cur=33445.58 best=33445.58 [1177s]
[E-678 s202] best=33446.77 (+-42.87 vs bank) it=1037 acc=1037 [1213s]
[E-678 s202] best=33447.39 (+-42.25 vs bank) it=1039 acc=1039 [1215s]
[E-678 s202] best=33447.44 (+-42.20 vs bank) it=1055 acc=1055 [1230s]
[E-678 s202] best=33447.73 (+-41.91 vs bank) it=1057 acc=1057 [1232s]
[E-678 s202] best=33447.95 (+-41.69 vs bank) it=1082 acc=1082 [1256s]
[E-678 s202] best=33449.46 (+-40.18 vs bank) it=1087 acc=1087 [1260s]
[E-678 s202] it=1100 cur=33449.46 best=33449.46 [1272s]
[E-678 s202] best=33449.64 (+-40.00 vs bank) it=1178 acc=1178 [1341s]
[E-678 s202] best=33453.70 (+-35.94 vs bank) it=1179 acc=1179 [1342s]
[E-678 s202] best=33453.82 (+-35.82 vs bank) it=1180 acc=1180 [1343s]
[E-678 s202] best=33454.62 (+-35.02 vs bank) it=1181 acc=1181 [1344s]
[E-678 s202] best=33455.40 (+-34.24 vs bank) it=1185 acc=1185 [1347s]
[E-678 s202] it=1200 cur=33455.40 best=33455.40 [1361s]
[E-678 s202] best=33456.24 (+-33.40 vs bank) it=1252 acc=1252 [1407s]
[E-678 s202] best=33456.31 (+-33.33 vs bank) it=1253 acc=1253 [1408s]
[E-678 s202] best=33456.51 (+-33.12 vs bank) it=1266 acc=1266 [1419s]
[E-678 s202] best=33456.58 (+-33.06 vs bank) it=1285 acc=1285 [1436s]
[E-678 s202] it=1300 cur=33456.58 best=33456.58 [1450s]
[E-678 s202] it=1400 cur=33456.58 best=33456.58 [1538s]
[E-678 s202] it=1500 cur=33456.58 best=33456.58 [1625s]
[E-678 s202] it=1600 cur=33348.16 best=33456.58 [1715s]
[E-678 s202] it=1700 cur=33401.31 best=33456.58 [1805s]
[E-678 s202] it=1800 cur=33423.01 best=33456.58 [1894s]
[E-678 s202] it=1900 cur=33336.18 best=33456.58 [1985s]
[E-678 s202] it=2000 cur=33430.62 best=33456.58 [2073s]
[E-678 s202] it=2100 cur=33432.50 best=33456.58 [2161s]
[E-678 s202] it=2200 cur=33314.61 best=33456.58 [2250s]
[E-678 s202] it=2300 cur=33416.97 best=33456.58 [2340s]
[E-678 s202] it=2400 cur=33441.54 best=33456.58 [2428s]
[E-678 s202] it=2500 cur=33354.48 best=33456.58 [2518s]
[E-678 s202] it=2600 cur=33431.94 best=33456.58 [2608s]
[E-678 s202] it=2700 cur=33432.40 best=33456.58 [2697s]
[E-678 s202] it=2800 cur=33365.52 best=33456.58 [2786s]
[E-678 s202] best=33457.16 (+-32.48 vs bank) it=2899 acc=2899 [2873s]
[E-678 s202] it=2900 cur=33457.16 best=33457.16 [2874s]
[E-678 s202] best=33458.03 (+-31.61 vs bank) it=2903 acc=2903 [2877s]
[E-678 s202] best=33458.30 (+-31.34 vs bank) it=2913 acc=2913 [2886s]
[E-678 s202] best=33459.05 (+-30.59 vs bank) it=2914 acc=2914 [2887s]
[E-678 s202] best=33460.48 (+-29.16 vs bank) it=2948 acc=2948 [2917s]
[E-678 s202] best=33460.87 (+-28.77 vs bank) it=2966 acc=2966 [2933s]
[E-678 s202] best=33461.42 (+-28.22 vs bank) it=2967 acc=2967 [2933s]
[E-678 s202] best=33461.73 (+-27.91 vs bank) it=2971 acc=2971 [2937s]
[E-678 s202] it=3000 cur=33461.73 best=33461.73 [2963s]
[E-678 s202] best=33462.61 (+-27.03 vs bank) it=3095 acc=3095 [3047s]
[E-678 s202] it=3100 cur=33462.61 best=33462.61 [3051s]
[E-678 s202] it=3200 cur=33462.61 best=33462.61 [3140s]
[E-678 s202] best=33462.69 (+-26.95 vs bank) it=3237 acc=3237 [3172s]
[E-678 s202] best=33462.81 (+-26.83 vs bank) it=3244 acc=3244 [3178s]
[E-678 s202] it=3300 cur=33462.81 best=33462.81 [3227s]
[E-678 s202] best=33462.89 (+-26.75 vs bank) it=3376 acc=3376 [3294s]
[E-678 s202] it=3400 cur=33462.89 best=33462.89 [3315s]
[E-678 s202] it=3500 cur=33462.89 best=33462.89 [3404s]
[E-678 s202] it=3600 cur=33462.89 best=33462.89 [3491s]
[E-678 s202] it=3700 cur=33389.14 best=33462.89 [3582s]
[E-678 s202] it=3800 cur=33442.86 best=33462.89 [3672s]
[E-678 s202] it=3900 cur=33456.06 best=33462.89 [3761s]
[E-678 s202] it=4000 cur=33398.12 best=33462.89 [3851s]
[E-678 s202] it=4100 cur=33437.06 best=33462.89 [3940s]
[E-678 s202] it=4200 cur=33442.33 best=33462.89 [4028s]
[E-678 s202] it=4300 cur=33383.31 best=33462.89 [4119s]
[E-678 s202] it=4400 cur=33451.57 best=33462.89 [4207s]
[E-678 s202] it=4500 cur=33455.78 best=33462.89 [4296s]
[E-678 s202] it=4600 cur=33363.04 best=33462.89 [4386s]
[E-678 s202] it=4700 cur=33428.93 best=33462.89 [4476s]
[E-678 s202] it=4800 cur=33432.53 best=33462.89 [4568s]
[E-678 s202] it=4900 cur=33311.43 best=33462.89 [4670s]
[E-678 s202] it=5000 cur=33400.56 best=33462.89 [4768s]
[E-678 s202] it=5100 cur=33419.25 best=33462.89 [4866s]
[E-678 s202] it=5200 cur=33383.50 best=33462.89 [4960s]
[E-678 s202] it=5300 cur=33459.97 best=33462.89 [5060s]
[E-678 s202] it=5400 cur=33461.83 best=33462.89 [5157s]
[E-678 s202] best=33463.04 (+-26.60 vs bank) it=5440 acc=5440 [5196s]
[E-678 s202] best=33463.40 (+-26.24 vs bank) it=5457 acc=5457 [5211s]
[E-678 s202] best=33464.81 (+-24.83 vs bank) it=5459 acc=5459 [5213s]
[E-678 s202] it=5500 cur=33464.81 best=33464.81 [5253s]
[E-678 s202] best=33465.01 (+-24.63 vs bank) it=5520 acc=5520 [5272s]
[E-678 s202] it=5600 cur=33465.01 best=33465.01 [5344s]
[E-678 s202] it=5700 cur=33465.01 best=33465.01 [5434s]
[E-678 s202] best=33465.01 (+-24.62 vs bank) it=5734 acc=5734 [5464s]
[E-678 s202] best=33465.04 (+-24.60 vs bank) it=5750 acc=5750 [5478s]
[E-678 s202] best=33466.03 (+-23.61 vs bank) it=5764 acc=5764 [5490s]
[E-678 s202] best=33466.69 (+-22.95 vs bank) it=5766 acc=5766 [5492s]
[E-678 s202] best=33466.77 (+-22.87 vs bank) it=5767 acc=5767 [5493s]
[E-678 s202] best=33466.78 (+-22.86 vs bank) it=5769 acc=5769 [5495s]
[E-678 s202] best=33467.09 (+-22.55 vs bank) it=5788 acc=5788 [5511s]
[E-678 s202] best=33467.48 (+-22.16 vs bank) it=5790 acc=5790 [5513s]
[E-678 s202] it=5800 cur=33467.48 best=33467.48 [5522s]
[E-678 s202] it=5900 cur=33467.48 best=33467.48 [5610s]
[E-678 s202] it=6000 cur=33467.48 best=33467.48 [5699s]
[E-678 s202] it=6100 cur=33303.42 best=33467.48 [5788s]
[E-678 s202] it=6200 cur=33447.05 best=33467.48 [5877s]
[E-678 s202] it=6300 cur=33449.93 best=33467.48 [5966s]
[E-678 s202] it=6400 cur=33348.09 best=33467.48 [6055s]
[E-678 s202] it=6500 cur=33460.54 best=33467.48 [6144s]
[E-678 s202] it=6600 cur=33460.62 best=33467.48 [6233s]
[E-678 s202] it=6700 cur=33319.60 best=33467.48 [6322s]
[E-678 s202] it=6800 cur=33446.00 best=33467.48 [6411s]
[E-678 s202] it=6900 cur=33455.05 best=33467.48 [6500s]
[E-678 s202] it=7000 cur=33245.52 best=33467.48 [6590s]
[E-678 s202] it=7100 cur=33443.67 best=33467.48 [6680s]
[E-678 s202] it=7200 cur=33444.57 best=33467.48 [6769s]
[E-678 s202] it=7300 cur=33270.65 best=33467.48 [6858s]
[E-678 s202] it=7400 cur=33442.71 best=33467.48 [6947s]
[E-678 s202] it=7500 cur=33452.69 best=33467.48 [7036s]
[E-678 s202] it=7600 cur=33250.03 best=33467.48 [7126s]
[E-678 s202] it=7700 cur=33452.52 best=33467.48 [7211s]
[E-678 s202] it=7800 cur=33457.07 best=33467.48 [7295s]
[E-678 s202] best=33468.50 (+-21.14 vs bank) it=7835 acc=7835 [7324s]
[E-678 s202] best=33468.68 (+-20.96 vs bank) it=7849 acc=7849 [7336s]
[E-678 s202] best=33469.55 (+-20.09 vs bank) it=7861 acc=7861 [7346s]
[E-678 s202] it=7900 cur=33469.55 best=33469.55 [7379s]
[E-678 s202] best=33469.66 (+-19.98 vs bank) it=7924 acc=7924 [7400s]
[E-678 s202] best=33470.45 (+-19.19 vs bank) it=7925 acc=7925 [7400s]
[E-678 s202] best=33472.10 (+-17.54 vs bank) it=7926 acc=7926 [7401s]
[E-678 s202] best=33473.15 (+-16.49 vs bank) it=7929 acc=7929 [7404s]
[E-678 s202] best=33473.33 (+-16.31 vs bank) it=7951 acc=7951 [7423s]
[E-678 s202] best=33473.43 (+-16.21 vs bank) it=7954 acc=7954 [7425s]
[E-678 s202] best=33473.69 (+-15.95 vs bank) it=7955 acc=7955 [7426s]
[E-678 s202] best=33474.00 (+-15.64 vs bank) it=7963 acc=7963 [7433s]
[E-678 s202] DONE best=33474.00 (+-15.64 vs bank) [7463s]
