error    libmamba Could not set lock (Resource temporarily unavailable)
warning  libmamba Cannot lock '/home/julian/.cache/mamba/proc'
    Waiting for other mamba process to finish
[E-678 s102] current-bank start=33408.73 sel=4455 | bank=33352.99 leader=33555.62 | random-destroy 0.45
[E-678 s102] it=100 cur=33408.73 best=33408.73 [72s]
[E-678 s102] it=200 cur=33408.73 best=33408.73 [138s]
[E-678 s102] it=300 cur=33408.73 best=33408.73 [206s]
[E-678 s102] best=33409.08 (+56.09 vs bank) it=301 acc=301 *** BEATS BANK feas=True [207s]
[E-678 s102] best=33409.44 (+56.45 vs bank) it=302 acc=302 *** BEATS BANK feas=True [207s]
[E-678 s102] best=33409.66 (+56.67 vs bank) it=399 acc=399 *** BEATS BANK feas=True [271s]
[E-678 s102] it=400 cur=33409.66 best=33409.66 [272s]
[E-678 s102] best=33410.60 (+57.61 vs bank) it=402 acc=402 *** BEATS BANK feas=True [273s]
[E-678 s102] best=33412.72 (+59.73 vs bank) it=471 acc=471 *** BEATS BANK feas=True [319s]
[E-678 s102] it=500 cur=33412.72 best=33412.72 [338s]
[E-678 s102] it=600 cur=33412.72 best=33412.72 [405s]
[E-678 s102] best=33412.73 (+59.74 vs bank) it=620 acc=620 *** BEATS BANK feas=True [418s]
[E-678 s102] best=33412.79 (+59.80 vs bank) it=627 acc=627 *** BEATS BANK feas=True [423s]
[E-678 s102] best=33413.53 (+60.54 vs bank) it=629 acc=629 *** BEATS BANK feas=True [424s]
[E-678 s102] best=33414.36 (+61.37 vs bank) it=690 acc=690 *** BEATS BANK feas=True [465s]
[E-678 s102] best=33414.40 (+61.41 vs bank) it=696 acc=696 *** BEATS BANK feas=True [469s]
[E-678 s102] it=700 cur=33414.40 best=33414.40 [472s]
[E-678 s102] best=33414.66 (+61.67 vs bank) it=735 acc=735 *** BEATS BANK feas=True [495s]
[E-678 s102] best=33414.95 (+61.96 vs bank) it=773 acc=773 *** BEATS BANK feas=True [520s]
[E-678 s102] best=33415.49 (+62.50 vs bank) it=776 acc=776 *** BEATS BANK feas=True [522s]
[E-678 s102] best=33415.82 (+62.83 vs bank) it=779 acc=779 *** BEATS BANK feas=True [524s]
[E-678 s102] best=33416.19 (+63.20 vs bank) it=787 acc=787 *** BEATS BANK feas=True [529s]
[E-678 s102] best=33416.61 (+63.62 vs bank) it=792 acc=792 *** BEATS BANK feas=True [533s]
[E-678 s102] it=800 cur=33416.61 best=33416.61 [538s]
[E-678 s102] best=33416.94 (+63.95 vs bank) it=820 acc=820 *** BEATS BANK feas=True [551s]
[E-678 s102] it=900 cur=33416.94 best=33416.94 [605s]
[E-678 s102] best=33417.15 (+64.16 vs bank) it=957 acc=957 *** BEATS BANK feas=True [643s]
[E-678 s102] best=33417.88 (+64.89 vs bank) it=960 acc=960 *** BEATS BANK feas=True [645s]
[E-678 s102] best=33419.52 (+66.53 vs bank) it=967 acc=967 *** BEATS BANK feas=True [650s]
[E-678 s102] best=33419.61 (+66.62 vs bank) it=975 acc=975 *** BEATS BANK feas=True [655s]
[E-678 s102] best=33421.72 (+68.73 vs bank) it=983 acc=983 *** BEATS BANK feas=True [661s]
[E-678 s102] it=1000 cur=33421.72 best=33421.72 [672s]
[E-678 s102] best=33422.19 (+69.20 vs bank) it=1003 acc=1003 *** BEATS BANK feas=True [674s]
[E-678 s102] best=33422.79 (+69.80 vs bank) it=1023 acc=1023 *** BEATS BANK feas=True [688s]
[E-678 s102] best=33423.40 (+70.42 vs bank) it=1024 acc=1024 *** BEATS BANK feas=True [688s]
[E-678 s102] best=33424.37 (+71.38 vs bank) it=1025 acc=1025 *** BEATS BANK feas=True [689s]
[E-678 s102] best=33424.46 (+71.47 vs bank) it=1071 acc=1071 *** BEATS BANK feas=True [720s]
[E-678 s102] best=33425.30 (+72.31 vs bank) it=1079 acc=1079 *** BEATS BANK feas=True [726s]
[E-678 s102] best=33426.32 (+73.33 vs bank) it=1080 acc=1080 *** BEATS BANK feas=True [726s]
[E-678 s102] it=1100 cur=33426.32 best=33426.32 [739s]
[E-678 s102] best=33427.56 (+74.57 vs bank) it=1111 acc=1111 *** BEATS BANK feas=True [747s]
[E-678 s102] best=33427.98 (+74.99 vs bank) it=1112 acc=1112 *** BEATS BANK feas=True [747s]
[E-678 s102] it=1200 cur=33427.98 best=33427.98 [806s]
[E-678 s102] it=1300 cur=33427.98 best=33427.98 [872s]
[E-678 s102] it=1400 cur=33427.98 best=33427.98 [938s]
[E-678 s102] it=1500 cur=33427.98 best=33427.98 [1004s]
[E-678 s102] it=1600 cur=33427.98 best=33427.98 [1070s]
[E-678 s102] best=33429.12 (+76.14 vs bank) it=1626 acc=1626 *** BEATS BANK feas=True [1087s]
[E-678 s102] best=33429.98 (+76.99 vs bank) it=1629 acc=1629 *** BEATS BANK feas=True [1089s]
[E-678 s102] best=33430.91 (+77.92 vs bank) it=1631 acc=1631 *** BEATS BANK feas=True [1090s]
[E-678 s102] best=33431.25 (+78.26 vs bank) it=1643 acc=1643 *** BEATS BANK feas=True [1098s]
[E-678 s102] best=33434.35 (+81.36 vs bank) it=1658 acc=1658 *** BEATS BANK feas=True [1108s]
[E-678 s102] best=33434.46 (+81.47 vs bank) it=1663 acc=1663 *** BEATS BANK feas=True [1112s]
[E-678 s102] it=1700 cur=33434.46 best=33434.46 [1136s]
[E-678 s102] best=33435.33 (+82.34 vs bank) it=1769 acc=1769 *** BEATS BANK feas=True [1180s]
[E-678 s102] best=33435.35 (+82.36 vs bank) it=1773 acc=1773 *** BEATS BANK feas=True [1183s]
[E-678 s102] best=33435.62 (+82.63 vs bank) it=1782 acc=1782 *** BEATS BANK feas=True [1189s]
[E-678 s102] best=33435.89 (+82.90 vs bank) it=1788 acc=1788 *** BEATS BANK feas=True [1193s]
[E-678 s102] it=1800 cur=33435.89 best=33435.89 [1201s]
[E-678 s102] best=33436.23 (+83.24 vs bank) it=1808 acc=1808 *** BEATS BANK feas=True [1207s]
[E-678 s102] it=1900 cur=33436.23 best=33436.23 [1267s]
[E-678 s102] it=2000 cur=33436.23 best=33436.23 [1333s]
[E-678 s102] it=2100 cur=33436.23 best=33436.23 [1399s]
[E-678 s102] it=2200 cur=33436.23 best=33436.23 [1465s]
[E-678 s102] it=2300 cur=33436.23 best=33436.23 [1532s]
[E-678 s102] it=2400 cur=33436.23 best=33436.23 [1598s]
[E-678 s102] best=33436.57 (+83.58 vs bank) it=2441 acc=2441 *** BEATS BANK feas=True [1625s]
[E-678 s102] best=33438.34 (+85.35 vs bank) it=2442 acc=2442 *** BEATS BANK feas=True [1625s]
[E-678 s102] it=2500 cur=33438.34 best=33438.34 [1663s]
[E-678 s102] it=2600 cur=33438.34 best=33438.34 [1729s]
[E-678 s102] it=2700 cur=33438.34 best=33438.34 [1798s]
[E-678 s102] it=2800 cur=33438.34 best=33438.34 [1868s]
[E-678 s102] best=33439.14 (+86.15 vs bank) it=2824 acc=2824 *** BEATS BANK feas=True [1884s]
[E-678 s102] best=33439.19 (+86.21 vs bank) it=2837 acc=2837 *** BEATS BANK feas=True [1893s]
[E-678 s102] best=33440.30 (+87.31 vs bank) it=2840 acc=2840 *** BEATS BANK feas=True [1895s]
[E-678 s102] best=33440.30 (+87.31 vs bank) it=2851 acc=2851 *** BEATS BANK feas=True [1902s]
[E-678 s102] best=33440.71 (+87.72 vs bank) it=2853 acc=2853 *** BEATS BANK feas=True [1903s]
[E-678 s102] it=2900 cur=33440.71 best=33440.71 [1934s]
[E-678 s102] it=3000 cur=33440.71 best=33440.71 [1999s]
[E-678 s102] it=3100 cur=33440.71 best=33440.71 [2064s]
[E-678 s102] it=3200 cur=33440.71 best=33440.71 [2130s]
[E-678 s102] it=3300 cur=33440.71 best=33440.71 [2195s]
[E-678 s102] it=3400 cur=33440.71 best=33440.71 [2261s]
[E-678 s102] it=3500 cur=33440.71 best=33440.71 [2326s]
[E-678 s102] it=3600 cur=33440.71 best=33440.71 [2390s]
[E-678 s102] it=3700 cur=33440.71 best=33440.71 [2456s]
[E-678 s102] it=3800 cur=33440.71 best=33440.71 [2522s]
[E-678 s102] it=3900 cur=33440.71 best=33440.71 [2588s]
[E-678 s102] it=4000 cur=33440.71 best=33440.71 [2654s]
[E-678 s102] best=33440.81 (+87.82 vs bank) it=4009 acc=4009 *** BEATS BANK feas=True [2660s]
[E-678 s102] best=33440.90 (+87.91 vs bank) it=4028 acc=4028 *** BEATS BANK feas=True [2672s]
[E-678 s102] best=33441.24 (+88.25 vs bank) it=4030 acc=4030 *** BEATS BANK feas=True [2673s]
[E-678 s102] it=4100 cur=33441.24 best=33441.24 [2720s]
[E-678 s102] it=4200 cur=33441.24 best=33441.24 [2785s]
[E-678 s102] it=4300 cur=33441.24 best=33441.24 [2850s]
[E-678 s102] it=4400 cur=33441.24 best=33441.24 [2915s]
[E-678 s102] it=4500 cur=33441.24 best=33441.24 [2980s]
[E-678 s102] it=4600 cur=33441.24 best=33441.24 [3046s]
[E-678 s102] it=4700 cur=33441.24 best=33441.24 [3110s]
[E-678 s102] it=4800 cur=33441.24 best=33441.24 [3175s]
[E-678 s102] it=4900 cur=33441.24 best=33441.24 [3241s]
[E-678 s102] it=5000 cur=33441.24 best=33441.24 [3306s]
[E-678 s102] it=5100 cur=33441.24 best=33441.24 [3371s]
[E-678 s102] it=5200 cur=33441.24 best=33441.24 [3436s]
[E-678 s102] it=5300 cur=33441.24 best=33441.24 [3502s]
[E-678 s102] it=5400 cur=33441.24 best=33441.24 [3568s]
[E-678 s102] it=5500 cur=33441.24 best=33441.24 [3637s]
[E-678 s102] it=5600 cur=33441.24 best=33441.24 [3706s]
[E-678 s102] it=5700 cur=33441.24 best=33441.24 [3771s]
[E-678 s102] it=5800 cur=33441.24 best=33441.24 [3835s]
[E-678 s102] it=5900 cur=33441.24 best=33441.24 [3900s]
[E-678 s102] DONE best=33441.24 (+88.25 vs bank) [3965s]
