error    libmamba Could not set lock (Resource temporarily unavailable)
warning  libmamba Cannot lock '/home/julian/.cache/mamba/proc'
    Waiting for other mamba process to finish
[E-678 s201] LP-rounded start=69503.05 sel=8589 | bank=73253.48 leader=73714.03 | random-destroy 0.5
[E-678 s201] best=70194.55 (+-3058.93 vs bank) it=2 acc=2 [30s]
[E-678 s201] best=70478.79 (+-2774.69 vs bank) it=3 acc=3 [40s]
[E-678 s201] best=70874.97 (+-2378.51 vs bank) it=5 acc=5 [61s]
[E-678 s201] best=72085.98 (+-1167.50 vs bank) it=6 acc=6 [70s]
[E-678 s201] best=72172.69 (+-1080.79 vs bank) it=7 acc=7 [74s]
[E-678 s201] best=72275.20 (+-978.28 vs bank) it=8 acc=8 [79s]
[E-678 s201] best=72353.21 (+-900.27 vs bank) it=9 acc=9 [84s]
[E-678 s201] best=72413.44 (+-840.04 vs bank) it=10 acc=10 [87s]
[E-678 s201] best=72468.42 (+-785.06 vs bank) it=11 acc=11 [91s]
[E-678 s201] best=72505.45 (+-748.03 vs bank) it=12 acc=12 [94s]
[E-678 s201] best=72540.67 (+-712.81 vs bank) it=13 acc=13 [98s]
[E-678 s201] best=72583.37 (+-670.11 vs bank) it=14 acc=14 [101s]
[E-678 s201] best=72613.71 (+-639.77 vs bank) it=15 acc=15 [104s]
[E-678 s201] best=72637.60 (+-615.88 vs bank) it=16 acc=16 [108s]
[E-678 s201] best=72662.00 (+-591.48 vs bank) it=17 acc=17 [112s]
[E-678 s201] best=72669.20 (+-584.28 vs bank) it=18 acc=18 [115s]
[E-678 s201] best=72686.64 (+-566.84 vs bank) it=19 acc=19 [118s]
[E-678 s201] best=72703.33 (+-550.15 vs bank) it=20 acc=20 [121s]
[E-678 s201] best=72722.68 (+-530.80 vs bank) it=21 acc=21 [124s]
[E-678 s201] best=72743.02 (+-510.46 vs bank) it=22 acc=22 [128s]
[E-678 s201] best=72758.86 (+-494.62 vs bank) it=23 acc=23 [131s]
[E-678 s201] best=72769.98 (+-483.50 vs bank) it=24 acc=24 [135s]
[E-678 s201] best=72780.16 (+-473.32 vs bank) it=25 acc=25 [139s]
[E-678 s201] best=72793.24 (+-460.24 vs bank) it=26 acc=26 [142s]
[E-678 s201] best=72801.31 (+-452.17 vs bank) it=27 acc=27 [146s]
[E-678 s201] best=72807.86 (+-445.62 vs bank) it=28 acc=28 [149s]
[E-678 s201] best=72814.81 (+-438.67 vs bank) it=29 acc=29 [152s]
[E-678 s201] best=72834.08 (+-419.40 vs bank) it=30 acc=30 [155s]
[E-678 s201] best=72841.12 (+-412.36 vs bank) it=31 acc=31 [159s]
[E-678 s201] best=72845.35 (+-408.13 vs bank) it=32 acc=32 [163s]
[E-678 s201] best=72849.28 (+-404.20 vs bank) it=33 acc=33 [166s]
[E-678 s201] best=72851.56 (+-401.92 vs bank) it=34 acc=34 [169s]
[E-678 s201] best=72858.76 (+-394.72 vs bank) it=35 acc=35 [173s]
[E-678 s201] best=72858.86 (+-394.62 vs bank) it=36 acc=36 [176s]
[E-678 s201] best=72861.70 (+-391.78 vs bank) it=37 acc=37 [179s]
[E-678 s201] best=72862.79 (+-390.69 vs bank) it=38 acc=38 [183s]
[E-678 s201] best=72865.59 (+-387.89 vs bank) it=39 acc=39 [186s]
[E-678 s201] best=72869.84 (+-383.64 vs bank) it=40 acc=40 [189s]
[E-678 s201] best=72876.53 (+-376.95 vs bank) it=41 acc=41 [192s]
[E-678 s201] best=72881.43 (+-372.05 vs bank) it=42 acc=42 [195s]
[E-678 s201] best=72882.53 (+-370.95 vs bank) it=43 acc=43 [199s]
[E-678 s201] best=72887.73 (+-365.75 vs bank) it=44 acc=44 [202s]
[E-678 s201] best=72891.72 (+-361.76 vs bank) it=45 acc=45 [206s]
[E-678 s201] best=72893.68 (+-359.80 vs bank) it=46 acc=46 [209s]
[E-678 s201] best=72894.95 (+-358.53 vs bank) it=47 acc=47 [212s]
[E-678 s201] best=72902.71 (+-350.77 vs bank) it=48 acc=48 [215s]
[E-678 s201] best=72907.58 (+-345.90 vs bank) it=49 acc=49 [219s]
[E-678 s201] best=72910.99 (+-342.49 vs bank) it=50 acc=50 [222s]
[E-678 s201] best=72916.36 (+-337.12 vs bank) it=51 acc=51 [225s]
[E-678 s201] best=72918.10 (+-335.38 vs bank) it=52 acc=52 [228s]
[E-678 s201] best=72920.19 (+-333.29 vs bank) it=53 acc=53 [232s]
[E-678 s201] best=72921.99 (+-331.49 vs bank) it=54 acc=54 [235s]
[E-678 s201] best=72925.07 (+-328.41 vs bank) it=55 acc=55 [238s]
[E-678 s201] best=72927.39 (+-326.09 vs bank) it=56 acc=56 [241s]
[E-678 s201] best=72932.17 (+-321.31 vs bank) it=57 acc=57 [244s]
[E-678 s201] best=72935.08 (+-318.40 vs bank) it=58 acc=58 [247s]
[E-678 s201] best=72941.51 (+-311.97 vs bank) it=59 acc=59 [251s]
[E-678 s201] best=72945.49 (+-307.99 vs bank) it=60 acc=60 [254s]
[E-678 s201] best=72952.95 (+-300.53 vs bank) it=61 acc=61 [257s]
[E-678 s201] best=72955.59 (+-297.89 vs bank) it=62 acc=62 [260s]
[E-678 s201] best=72959.91 (+-293.57 vs bank) it=63 acc=63 [263s]
[E-678 s201] best=72961.10 (+-292.38 vs bank) it=64 acc=64 [266s]
[E-678 s201] best=72964.71 (+-288.77 vs bank) it=65 acc=65 [269s]
[E-678 s201] best=72964.87 (+-288.61 vs bank) it=66 acc=66 [272s]
[E-678 s201] best=72965.02 (+-288.46 vs bank) it=67 acc=67 [276s]
[E-678 s201] best=72967.83 (+-285.65 vs bank) it=68 acc=68 [279s]
[E-678 s201] best=72971.50 (+-281.98 vs bank) it=69 acc=69 [282s]
[E-678 s201] best=72973.49 (+-279.99 vs bank) it=70 acc=70 [285s]
[E-678 s201] best=72973.71 (+-279.77 vs bank) it=71 acc=71 [288s]
[E-678 s201] best=72975.83 (+-277.65 vs bank) it=72 acc=72 [292s]
[E-678 s201] best=72979.17 (+-274.31 vs bank) it=75 acc=75 [301s]
[E-678 s201] best=72980.44 (+-273.04 vs bank) it=76 acc=76 [304s]
[E-678 s201] best=72981.69 (+-271.79 vs bank) it=77 acc=77 [307s]
[E-678 s201] best=72982.00 (+-271.48 vs bank) it=78 acc=78 [311s]
[E-678 s201] best=72983.08 (+-270.40 vs bank) it=80 acc=80 [317s]
[E-678 s201] best=72983.46 (+-270.02 vs bank) it=81 acc=81 [320s]
[E-678 s201] best=72984.58 (+-268.90 vs bank) it=82 acc=82 [326s]
[E-678 s201] best=72989.12 (+-264.36 vs bank) it=83 acc=83 [329s]
[E-678 s201] best=72989.24 (+-264.24 vs bank) it=84 acc=84 [332s]
[E-678 s201] best=72989.86 (+-263.62 vs bank) it=85 acc=85 [335s]
[E-678 s201] best=72990.07 (+-263.41 vs bank) it=88 acc=88 [349s]
[E-678 s201] best=72990.53 (+-262.95 vs bank) it=89 acc=89 [354s]
[E-678 s201] best=72991.03 (+-262.45 vs bank) it=90 acc=90 [357s]
[E-678 s201] best=72993.05 (+-260.43 vs bank) it=91 acc=91 [361s]
[E-678 s201] best=72996.11 (+-257.37 vs bank) it=92 acc=92 [366s]
[E-678 s201] best=72999.65 (+-253.83 vs bank) it=93 acc=93 [370s]
[E-678 s201] best=73000.33 (+-253.15 vs bank) it=94 acc=94 [375s]
[E-678 s201] best=73000.95 (+-252.53 vs bank) it=96 acc=96 [386s]
[E-678 s201] best=73001.65 (+-251.83 vs bank) it=100 acc=100 [402s]
[E-678 s201] it=100 cur=73001.65 best=73001.65 [402s]
[E-678 s201] best=73002.77 (+-250.71 vs bank) it=101 acc=101 [407s]
[E-678 s201] best=73003.18 (+-250.30 vs bank) it=107 acc=107 [432s]
[E-678 s201] best=73004.39 (+-249.09 vs bank) it=108 acc=108 [436s]
[E-678 s201] best=73009.04 (+-244.44 vs bank) it=112 acc=112 [454s]
[E-678 s201] best=73009.53 (+-243.95 vs bank) it=117 acc=117 [478s]
[E-678 s201] best=73010.63 (+-242.85 vs bank) it=119 acc=119 [487s]
[E-678 s201] best=73011.14 (+-242.34 vs bank) it=120 acc=120 [492s]
[E-678 s201] best=73011.53 (+-241.95 vs bank) it=122 acc=122 [499s]
[E-678 s201] best=73013.04 (+-240.44 vs bank) it=125 acc=125 [511s]
[E-678 s201] best=73013.46 (+-240.02 vs bank) it=137 acc=137 [562s]
[E-678 s201] best=73015.05 (+-238.43 vs bank) it=139 acc=139 [574s]
[E-678 s201] best=73015.40 (+-238.08 vs bank) it=141 acc=141 [583s]
[E-678 s201] best=73015.87 (+-237.61 vs bank) it=144 acc=144 [595s]
[E-678 s201] best=73018.17 (+-235.31 vs bank) it=147 acc=147 [607s]
[E-678 s201] best=73020.23 (+-233.25 vs bank) it=149 acc=149 [615s]
[E-678 s201] best=73025.32 (+-228.16 vs bank) it=151 acc=151 [623s]
[E-678 s201] best=73028.35 (+-225.13 vs bank) it=154 acc=154 [640s]
[E-678 s201] best=73029.42 (+-224.06 vs bank) it=156 acc=156 [648s]
[E-678 s201] best=73032.36 (+-221.12 vs bank) it=161 acc=161 [671s]
[E-678 s201] best=73033.59 (+-219.89 vs bank) it=162 acc=162 [674s]
[E-678 s201] best=73034.29 (+-219.19 vs bank) it=163 acc=163 [678s]
[E-678 s201] best=73034.38 (+-219.10 vs bank) it=164 acc=164 [682s]
[E-678 s201] best=73034.80 (+-218.68 vs bank) it=165 acc=165 [686s]
[E-678 s201] best=73037.37 (+-216.11 vs bank) it=166 acc=166 [691s]
[E-678 s201] best=73040.19 (+-213.29 vs bank) it=174 acc=174 [727s]
[E-678 s201] best=73040.60 (+-212.88 vs bank) it=175 acc=175 [730s]
[E-678 s201] best=73043.57 (+-209.91 vs bank) it=177 acc=177 [736s]
[E-678 s201] best=73044.42 (+-209.06 vs bank) it=179 acc=179 [742s]
[E-678 s201] best=73047.52 (+-205.96 vs bank) it=180 acc=180 [745s]
[E-678 s201] best=73048.04 (+-205.44 vs bank) it=182 acc=182 [751s]
[E-678 s201] best=73048.62 (+-204.86 vs bank) it=183 acc=183 [754s]
[E-678 s201] best=73049.06 (+-204.42 vs bank) it=184 acc=184 [757s]
[E-678 s201] best=73051.24 (+-202.24 vs bank) it=186 acc=186 [763s]
[E-678 s201] best=73054.93 (+-198.55 vs bank) it=187 acc=187 [767s]
[E-678 s201] best=73059.56 (+-193.92 vs bank) it=188 acc=188 [770s]
[E-678 s201] best=73062.41 (+-191.07 vs bank) it=189 acc=189 [773s]
[E-678 s201] best=73064.12 (+-189.36 vs bank) it=192 acc=192 [782s]
[E-678 s201] best=73065.61 (+-187.87 vs bank) it=193 acc=193 [785s]
[E-678 s201] best=73065.88 (+-187.60 vs bank) it=194 acc=194 [789s]
[E-678 s201] best=73066.48 (+-187.00 vs bank) it=196 acc=196 [795s]
[E-678 s201] it=200 cur=73066.48 best=73066.48 [808s]
[E-678 s201] best=73069.46 (+-184.02 vs bank) it=202 acc=202 [816s]
[E-678 s201] best=73069.55 (+-183.93 vs bank) it=204 acc=204 [824s]
[E-678 s201] best=73069.76 (+-183.72 vs bank) it=208 acc=208 [840s]
[E-678 s201] best=73070.14 (+-183.34 vs bank) it=211 acc=211 [852s]
[E-678 s201] best=73074.61 (+-178.87 vs bank) it=215 acc=215 [867s]
[E-678 s201] best=73075.89 (+-177.59 vs bank) it=218 acc=218 [879s]
[E-678 s201] best=73076.16 (+-177.32 vs bank) it=219 acc=219 [883s]
[E-678 s201] best=73076.99 (+-176.49 vs bank) it=220 acc=220 [887s]
[E-678 s201] best=73078.56 (+-174.92 vs bank) it=221 acc=221 [892s]
[E-678 s201] best=73078.97 (+-174.51 vs bank) it=222 acc=222 [896s]
[E-678 s201] best=73078.98 (+-174.50 vs bank) it=224 acc=224 [905s]
[E-678 s201] best=73079.22 (+-174.26 vs bank) it=225 acc=225 [908s]
[E-678 s201] best=73083.09 (+-170.39 vs bank) it=226 acc=226 [912s]
[E-678 s201] best=73083.42 (+-170.06 vs bank) it=227 acc=227 [917s]
[E-678 s201] best=73084.33 (+-169.15 vs bank) it=228 acc=228 [920s]
[E-678 s201] best=73088.32 (+-165.16 vs bank) it=229 acc=229 [924s]
[E-678 s201] best=73090.83 (+-162.65 vs bank) it=230 acc=230 [928s]
[E-678 s201] best=73091.91 (+-161.57 vs bank) it=231 acc=231 [932s]
[E-678 s201] best=73094.75 (+-158.73 vs bank) it=232 acc=232 [936s]
[E-678 s201] best=73095.84 (+-157.64 vs bank) it=233 acc=233 [940s]
[E-678 s201] best=73097.66 (+-155.82 vs bank) it=234 acc=234 [944s]
[E-678 s201] best=73099.01 (+-154.47 vs bank) it=238 acc=238 [960s]
[E-678 s201] best=73100.70 (+-152.78 vs bank) it=239 acc=239 [964s]
[E-678 s201] best=73100.91 (+-152.57 vs bank) it=240 acc=240 [968s]
[E-678 s201] best=73102.85 (+-150.63 vs bank) it=242 acc=242 [975s]
[E-678 s201] best=73103.80 (+-149.68 vs bank) it=243 acc=243 [979s]
[E-678 s201] best=73104.55 (+-148.93 vs bank) it=244 acc=244 [982s]
[E-678 s201] best=73105.09 (+-148.39 vs bank) it=253 acc=253 [1017s]
[E-678 s201] best=73107.59 (+-145.89 vs bank) it=256 acc=256 [1029s]
[E-678 s201] best=73109.13 (+-144.35 vs bank) it=259 acc=259 [1040s]
[E-678 s201] best=73110.73 (+-142.75 vs bank) it=260 acc=260 [1043s]
[E-678 s201] best=73111.34 (+-142.14 vs bank) it=261 acc=261 [1046s]
[E-678 s201] best=73112.86 (+-140.62 vs bank) it=265 acc=265 [1057s]
[E-678 s201] best=73113.52 (+-139.96 vs bank) it=267 acc=267 [1062s]
[E-678 s201] best=73114.53 (+-138.95 vs bank) it=272 acc=272 [1077s]
[E-678 s201] best=73114.59 (+-138.89 vs bank) it=277 acc=277 [1092s]
[E-678 s201] best=73115.88 (+-137.60 vs bank) it=285 acc=285 [1115s]
[E-678 s201] best=73116.40 (+-137.08 vs bank) it=292 acc=292 [1135s]
[E-678 s201] it=300 cur=73116.40 best=73116.40 [1159s]
[E-678 s201] best=73117.10 (+-136.38 vs bank) it=305 acc=305 [1173s]
[E-678 s201] best=73118.16 (+-135.32 vs bank) it=350 acc=350 [1298s]
[E-678 s201] best=73118.16 (+-135.32 vs bank) it=357 acc=357 [1316s]
[E-678 s201] best=73120.07 (+-133.41 vs bank) it=358 acc=358 [1319s]
[E-678 s201] best=73121.93 (+-131.55 vs bank) it=359 acc=359 [1321s]
[E-678 s201] best=73123.43 (+-130.05 vs bank) it=367 acc=367 [1342s]
[E-678 s201] best=73123.78 (+-129.70 vs bank) it=371 acc=371 [1352s]
[E-678 s201] best=73126.05 (+-127.43 vs bank) it=373 acc=373 [1357s]
[E-678 s201] it=400 cur=73126.05 best=73126.05 [1426s]
[E-678 s201] best=73126.60 (+-126.88 vs bank) it=482 acc=482 [1635s]
[E-678 s201] best=73127.43 (+-126.05 vs bank) it=483 acc=483 [1638s]
[E-678 s201] best=73128.11 (+-125.37 vs bank) it=491 acc=491 [1658s]
[E-678 s201] it=500 cur=73128.11 best=73128.11 [1681s]
[E-678 s201] best=73129.04 (+-124.44 vs bank) it=513 acc=513 [1714s]
[E-678 s201] best=73129.25 (+-124.23 vs bank) it=516 acc=516 [1722s]
[E-678 s201] best=73130.30 (+-123.18 vs bank) it=520 acc=520 [1732s]
[E-678 s201] best=73132.89 (+-120.59 vs bank) it=521 acc=521 [1735s]
[E-678 s201] best=73133.89 (+-119.59 vs bank) it=522 acc=522 [1737s]
[E-678 s201] best=73135.14 (+-118.34 vs bank) it=528 acc=528 [1753s]
[E-678 s201] best=73136.33 (+-117.15 vs bank) it=557 acc=557 [1827s]
[E-678 s201] best=73136.89 (+-116.59 vs bank) it=596 acc=596 [1926s]
[E-678 s201] it=600 cur=73136.89 best=73136.89 [1937s]
[E-678 s201] best=73137.73 (+-115.75 vs bank) it=655 acc=655 [2077s]
[E-678 s201] it=700 cur=73137.73 best=73137.73 [2193s]
[E-678 s201] best=73137.85 (+-115.63 vs bank) it=707 acc=707 [2211s]
[E-678 s201] best=73139.78 (+-113.70 vs bank) it=747 acc=747 [2313s]
[E-678 s201] best=73140.15 (+-113.33 vs bank) it=769 acc=769 [2370s]
[E-678 s201] best=73140.51 (+-112.97 vs bank) it=770 acc=770 [2373s]
[E-678 s201] best=73145.57 (+-107.91 vs bank) it=772 acc=772 [2378s]
[E-678 s201] best=73146.28 (+-107.20 vs bank) it=780 acc=780 [2398s]
[E-678 s201] best=73146.36 (+-107.12 vs bank) it=782 acc=782 [2404s]
[E-678 s201] best=73147.33 (+-106.15 vs bank) it=784 acc=784 [2409s]
[E-678 s201] best=73147.72 (+-105.76 vs bank) it=792 acc=792 [2429s]
[E-678 s201] it=800 cur=73147.72 best=73147.72 [2450s]
[E-678 s201] best=73148.12 (+-105.36 vs bank) it=802 acc=802 [2455s]
[E-678 s201] best=73148.15 (+-105.33 vs bank) it=810 acc=810 [2475s]
[E-678 s201] best=73149.27 (+-104.21 vs bank) it=820 acc=820 [2500s]
[E-678 s201] best=73149.46 (+-104.02 vs bank) it=891 acc=891 [2682s]
[E-678 s201] it=900 cur=73149.46 best=73149.46 [2705s]
[E-678 s201] best=73151.28 (+-102.20 vs bank) it=941 acc=941 [2810s]
[E-678 s201] best=73151.99 (+-101.49 vs bank) it=942 acc=942 [2812s]
[E-678 s201] best=73152.23 (+-101.25 vs bank) it=944 acc=944 [2817s]
[E-678 s201] best=73152.54 (+-100.94 vs bank) it=949 acc=949 [2830s]
[E-678 s201] best=73153.17 (+-100.31 vs bank) it=950 acc=950 [2833s]
[E-678 s201] best=73153.93 (+-99.55 vs bank) it=951 acc=951 [2835s]
[E-678 s201] best=73155.05 (+-98.43 vs bank) it=952 acc=952 [2838s]
[E-678 s201] best=73155.64 (+-97.84 vs bank) it=959 acc=959 [2856s]
[E-678 s201] best=73155.77 (+-97.71 vs bank) it=965 acc=965 [2871s]
[E-678 s201] best=73156.75 (+-96.73 vs bank) it=966 acc=966 [2874s]
[E-678 s201] it=1000 cur=73156.75 best=73156.75 [2960s]
[E-678 s201] best=73157.52 (+-95.96 vs bank) it=1006 acc=1006 [2976s]
[E-678 s201] best=73157.80 (+-95.68 vs bank) it=1046 acc=1046 [3078s]
[E-678 s201] best=73159.18 (+-94.30 vs bank) it=1051 acc=1051 [3091s]
[E-678 s201] best=73159.46 (+-94.02 vs bank) it=1054 acc=1054 [3098s]
[E-678 s201] best=73159.76 (+-93.72 vs bank) it=1059 acc=1059 [3111s]
[E-678 s201] best=73159.80 (+-93.68 vs bank) it=1060 acc=1060 [3114s]
[E-678 s201] best=73161.23 (+-92.25 vs bank) it=1061 acc=1061 [3116s]
[E-678 s201] best=73161.70 (+-91.78 vs bank) it=1094 acc=1094 [3201s]
[E-678 s201] best=73162.22 (+-91.26 vs bank) it=1095 acc=1095 [3203s]
[E-678 s201] best=73163.83 (+-89.65 vs bank) it=1096 acc=1096 [3206s]
[E-678 s201] it=1100 cur=73163.83 best=73163.83 [3216s]
[E-678 s201] best=73164.03 (+-89.45 vs bank) it=1108 acc=1108 [3237s]
[E-678 s201] best=73164.78 (+-88.70 vs bank) it=1109 acc=1109 [3239s]
[E-678 s201] best=73167.38 (+-86.10 vs bank) it=1112 acc=1112 [3247s]
[E-678 s201] best=73168.47 (+-85.01 vs bank) it=1192 acc=1192 [3452s]
[E-678 s201] best=73168.91 (+-84.57 vs bank) it=1193 acc=1193 [3455s]
[E-678 s201] it=1200 cur=73168.91 best=73168.91 [3473s]
[E-678 s201] best=73170.12 (+-83.36 vs bank) it=1228 acc=1228 [3545s]
[E-678 s201] best=73172.08 (+-81.40 vs bank) it=1234 acc=1234 [3561s]
[E-678 s201] best=73172.72 (+-80.76 vs bank) it=1244 acc=1244 [3587s]
[E-678 s201] it=1300 cur=73172.72 best=73172.72 [3731s]
[E-678 s201] it=1400 cur=73172.72 best=73172.72 [3992s]
[E-678 s201] best=73172.89 (+-80.59 vs bank) it=1405 acc=1405 [4005s]
[E-678 s201] best=73174.48 (+-79.00 vs bank) it=1412 acc=1412 [4023s]
[E-678 s201] best=73174.75 (+-78.73 vs bank) it=1414 acc=1414 [4028s]
[E-678 s201] best=73174.86 (+-78.62 vs bank) it=1454 acc=1454 [4132s]
[E-678 s201] best=73174.99 (+-78.49 vs bank) it=1493 acc=1493 [4233s]
[E-678 s201] it=1500 cur=73174.99 best=73174.99 [4251s]
[E-678 s201] best=73175.50 (+-77.98 vs bank) it=1534 acc=1534 [4338s]
[E-678 s201] best=73175.93 (+-77.55 vs bank) it=1591 acc=1591 [4488s]
[E-678 s201] it=1600 cur=73175.93 best=73175.93 [4512s]
[E-678 s201] it=1700 cur=73175.93 best=73175.93 [4798s]
[E-678 s201] best=73177.18 (+-76.29 vs bank) it=1741 acc=1741 [4913s]
[E-678 s201] best=73177.65 (+-75.83 vs bank) it=1748 acc=1748 [4932s]
[E-678 s201] best=73179.18 (+-74.30 vs bank) it=1750 acc=1750 [4937s]
[E-678 s201] it=1800 cur=73179.18 best=73179.18 [5076s]
[E-678 s201] best=73179.80 (+-73.68 vs bank) it=1882 acc=1882 [5309s]
[E-678 s201] best=73179.84 (+-73.64 vs bank) it=1898 acc=1898 [5351s]
[E-678 s201] best=73180.11 (+-73.37 vs bank) it=1900 acc=1900 [5356s]
[E-678 s201] it=1900 cur=73180.11 best=73180.11 [5356s]
[E-678 s201] best=73180.57 (+-72.91 vs bank) it=1905 acc=1905 [5370s]
[E-678 s201] best=73180.78 (+-72.70 vs bank) it=1916 acc=1916 [5399s]
[E-678 s201] best=73180.80 (+-72.68 vs bank) it=1917 acc=1917 [5402s]
[E-678 s201] best=73181.11 (+-72.37 vs bank) it=1919 acc=1919 [5407s]
[E-678 s201] best=73182.31 (+-71.17 vs bank) it=1947 acc=1947 [5478s]
[E-678 s201] best=73183.60 (+-69.88 vs bank) it=1985 acc=1985 [5575s]
[E-678 s201] best=73183.95 (+-69.53 vs bank) it=1987 acc=1987 [5580s]
[E-678 s201] best=73185.36 (+-68.12 vs bank) it=1991 acc=1991 [5590s]
[E-678 s201] it=2000 cur=73185.36 best=73185.36 [5613s]
[E-678 s201] best=73185.94 (+-67.54 vs bank) it=2009 acc=2009 [5636s]
[E-678 s201] best=73188.14 (+-65.34 vs bank) it=2012 acc=2012 [5644s]
[E-678 s201] best=73188.41 (+-65.07 vs bank) it=2017 acc=2017 [5657s]
[E-678 s201] best=73189.38 (+-64.10 vs bank) it=2024 acc=2024 [5675s]
[E-678 s201] best=73190.02 (+-63.46 vs bank) it=2086 acc=2086 [5833s]
[E-678 s201] it=2100 cur=73190.02 best=73190.02 [5869s]
[E-678 s201] best=73190.04 (+-63.44 vs bank) it=2157 acc=2157 [6016s]
[E-678 s201] best=73190.51 (+-62.97 vs bank) it=2163 acc=2163 [6031s]
[E-678 s201] best=73190.68 (+-62.80 vs bank) it=2167 acc=2167 [6042s]
[E-678 s201] best=73190.94 (+-62.54 vs bank) it=2186 acc=2186 [6090s]
[E-678 s201] it=2200 cur=73190.94 best=73190.94 [6125s]
[E-678 s201] best=73192.17 (+-61.31 vs bank) it=2217 acc=2217 [6169s]
[E-678 s201] best=73192.62 (+-60.86 vs bank) it=2221 acc=2221 [6179s]
[E-678 s201] it=2300 cur=73192.62 best=73192.62 [6381s]
[E-678 s201] best=73192.74 (+-60.74 vs bank) it=2367 acc=2367 [6552s]
[E-678 s201] best=73192.95 (+-60.53 vs bank) it=2369 acc=2369 [6557s]
[E-678 s201] it=2400 cur=73192.95 best=73192.95 [6637s]
[E-678 s201] best=73193.56 (+-59.92 vs bank) it=2432 acc=2432 [6719s]
[E-678 s201] best=73195.62 (+-57.86 vs bank) it=2437 acc=2437 [6731s]
[E-678 s201] it=2500 cur=73195.62 best=73195.62 [6892s]
[E-678 s201] it=2600 cur=73195.62 best=73195.62 [7148s]
[E-678 s201] it=2700 cur=69045.73 best=73195.62 [7484s]
[E-678 s201] it=2800 cur=72690.03 best=73195.62 [7829s]
[E-678 s201] it=2900 cur=72790.82 best=73195.62 [8064s]
[E-678 s201] it=3000 cur=72654.95 best=73195.62 [8410s]
[E-678 s201] it=3100 cur=72832.56 best=73195.62 [8678s]
[E-678 s201] it=3200 cur=70378.14 best=73195.62 [9042s]
[E-678 s201] it=3300 cur=72677.40 best=73195.62 [9495s]
[E-678 s201] it=3400 cur=72778.54 best=73195.62 [9812s]
[E-678 s201] it=3500 cur=72445.65 best=73195.62 [10347s]
[E-678 s201] it=3600 cur=72695.04 best=73195.62 [10657s]
[E-678 s201] it=3700 cur=68722.46 best=73195.62 [11025s]
[E-678 s201] it=3800 cur=72638.51 best=73195.62 [11480s]
[E-678 s201] it=3900 cur=72712.83 best=73195.62 [11782s]
[E-678 s201] it=4000 cur=71056.63 best=73195.62 [12488s]
[E-678 s201] it=4100 cur=72492.22 best=73195.62 [12832s]
[E-678 s201] it=4200 cur=68951.15 best=73195.62 [13187s]
[E-678 s201] it=4300 cur=72689.74 best=73195.62 [13893s]
[E-678 s201] it=4400 cur=72761.05 best=73195.62 [14603s]
[E-678 s201] it=4500 cur=72663.23 best=73195.62 [16837s]
[E-678 s201] it=4600 cur=72923.21 best=73195.62 [17591s]
[E-678 s201] it=4700 cur=67876.35 best=73195.62 [18350s]
[E-678 s201] it=4800 cur=72774.17 best=73195.62 [19858s]
[E-678 s201] it=4900 cur=72866.02 best=73195.62 [20264s]
[E-678 s201] it=5000 cur=72573.52 best=73195.62 [20737s]
[E-678 s201] it=5100 cur=72734.41 best=73195.62 [21006s]
[E-678 s201] it=5200 cur=68229.56 best=73195.62 [21301s]
[E-678 s201] it=5300 cur=72602.52 best=73195.62 [21692s]
[E-678 s201] it=5400 cur=72733.05 best=73195.62 [21947s]
[E-678 s201] it=5500 cur=72585.50 best=73195.62 [22330s]
[E-678 s201] it=5600 cur=72758.95 best=73195.62 [22575s]
[E-678 s201] it=5700 cur=67218.82 best=73195.62 [22835s]
[E-678 s201] it=5800 cur=72758.95 best=73195.62 [23206s]
[E-678 s201] it=5900 cur=72817.93 best=73195.62 [23470s]
[E-678 s201] it=6000 cur=71764.08 best=73195.62 [24099s]
[E-678 s201] it=6100 cur=72540.38 best=73195.62 [24369s]
[E-678 s201] it=6200 cur=72642.70 best=73195.62 [24620s]
[E-678 s201] it=6300 cur=72806.42 best=73195.62 [25005s]
[E-678 s201] it=6400 cur=72891.53 best=73195.62 [25252s]
[E-678 s201] it=6500 cur=72531.39 best=73195.62 [25636s]
[E-678 s201] it=6600 cur=72759.53 best=73195.62 [25889s]
[E-678 s201] it=6700 cur=72844.17 best=73195.62 [26137s]
[E-678 s201] it=6800 cur=72774.64 best=73195.62 [26535s]
[E-678 s201] it=6900 cur=72893.88 best=73195.62 [26778s]
[E-678 s201] it=7000 cur=67826.57 best=73195.62 [27373s]
[E-678 s201] it=7100 cur=72451.77 best=73195.62 [28016s]
[E-678 s201] it=7200 cur=72597.83 best=73195.62 [28264s]
[E-678 s201] it=7300 cur=72545.96 best=73195.62 [28783s]
[E-678 s201] it=7400 cur=72684.71 best=73195.62 [29029s]
[E-678 s201] it=7500 cur=72423.46 best=73195.62 [29445s]
[E-678 s201] it=7600 cur=72677.66 best=73195.62 [29697s]
[E-678 s201] it=7700 cur=72766.42 best=73195.62 [29943s]
[E-678 s201] it=7800 cur=72799.62 best=73195.62 [30290s]
[E-678 s201] it=7900 cur=72878.69 best=73195.62 [30536s]
[E-678 s201] DONE best=73195.62 (+-57.86 vs bank) [30875s]
