error    libmamba Could not set lock (Resource temporarily unavailable)
warning  libmamba Cannot lock '/home/julian/.cache/mamba/proc'
    Waiting for other mamba process to finish
[E-678 s132] current-bank start=33464.25 sel=4463 | bank=33352.99 leader=33555.62 | random-destroy 0.48
[E-678 s132] best=33464.58 (+111.59 vs bank) it=31 acc=31 *** BEATS BANK feas=True [25s]
[E-678 s132] best=33465.51 (+112.52 vs bank) it=80 acc=80 *** BEATS BANK feas=True [65s]
[E-678 s132] best=33466.44 (+113.45 vs bank) it=82 acc=82 *** BEATS BANK feas=True [66s]
[E-678 s132] best=33470.02 (+117.03 vs bank) it=94 acc=94 *** BEATS BANK feas=True [77s]
[E-678 s132] best=33470.92 (+117.93 vs bank) it=95 acc=95 *** BEATS BANK feas=True [78s]
[E-678 s132] it=100 cur=33470.92 best=33470.92 [82s]
[E-678 s132] it=200 cur=33470.92 best=33470.92 [147s]
[E-678 s132] it=300 cur=33370.57 best=33470.92 [204s]
[E-678 s132] it=400 cur=32782.86 best=33470.92 [270s]
[E-678 s132] it=500 cur=33377.19 best=33470.92 [334s]
[E-678 s132] it=600 cur=33347.12 best=33470.92 [395s]
[E-678 s132] it=700 cur=32482.19 best=33470.92 [459s]
[E-678 s132] it=800 cur=33375.46 best=33470.92 [532s]
[E-678 s132] it=900 cur=33417.50 best=33470.92 [596s]
[E-678 s132] it=1000 cur=33444.48 best=33470.92 [663s]
[E-678 s132] it=1100 cur=33423.60 best=33470.92 [729s]
[E-678 s132] it=1200 cur=33376.32 best=33470.92 [790s]
[E-678 s132] it=1300 cur=33415.30 best=33470.92 [853s]
[E-678 s132] it=1400 cur=33406.64 best=33470.92 [923s]
[E-678 s132] it=1500 cur=33301.09 best=33470.92 [985s]
[E-678 s132] it=1600 cur=33379.40 best=33470.92 [1058s]
[E-678 s132] it=1700 cur=33392.23 best=33470.92 [1123s]
[E-678 s132] it=1800 cur=33378.17 best=33470.92 [1189s]
[E-678 s132] it=1900 cur=33410.70 best=33470.92 [1245s]
[E-678 s132] it=2000 cur=33364.64 best=33470.92 [1312s]
[E-678 s132] it=2100 cur=33343.87 best=33470.92 [1375s]
[E-678 s132] it=2200 cur=33416.85 best=33470.92 [1441s]
[E-678 s132] it=2300 cur=33382.97 best=33470.92 [1509s]
[E-678 s132] it=2400 cur=33349.67 best=33470.92 [1577s]
[E-678 s132] it=2500 cur=33425.33 best=33470.92 [1633s]
[E-678 s132] it=2600 cur=33413.52 best=33470.92 [1692s]
[E-678 s132] it=2700 cur=33342.40 best=33470.92 [1761s]
[E-678 s132] it=2800 cur=33429.58 best=33470.92 [1825s]
