error    libmamba Could not set lock (Resource temporarily unavailable)
warning  libmamba Cannot lock '/home/julian/.cache/mamba/proc'
    Waiting for other mamba process to finish
[E-678 s123] LP-rounded start=32020.61 sel=4203 | bank=33352.99 leader=33555.62 | random-destroy 0.45
[E-678 s123] best=32649.95 (+-703.04 vs bank) it=0 acc=0 [1s]
[E-678 s123] best=32834.38 (+-518.61 vs bank) it=1 acc=1 [2s]
[E-678 s123] best=32928.95 (+-424.04 vs bank) it=2 acc=2 [2s]
[E-678 s123] best=32987.81 (+-365.18 vs bank) it=3 acc=3 [3s]
[E-678 s123] best=33027.39 (+-325.60 vs bank) it=4 acc=4 [4s]
[E-678 s123] best=33066.14 (+-286.85 vs bank) it=5 acc=5 [4s]
[E-678 s123] best=33084.91 (+-268.08 vs bank) it=6 acc=6 [5s]
[E-678 s123] best=33107.73 (+-245.26 vs bank) it=7 acc=7 [5s]
[E-678 s123] best=33136.10 (+-216.89 vs bank) it=8 acc=8 [6s]
[E-678 s123] best=33144.75 (+-208.24 vs bank) it=9 acc=9 [6s]
[E-678 s123] best=33159.29 (+-193.70 vs bank) it=10 acc=10 [6s]
[E-678 s123] best=33162.81 (+-190.18 vs bank) it=11 acc=11 [7s]
[E-678 s123] best=33177.64 (+-175.35 vs bank) it=12 acc=12 [7s]
[E-678 s123] best=33190.03 (+-162.96 vs bank) it=13 acc=13 [8s]
[E-678 s123] best=33209.31 (+-143.68 vs bank) it=14 acc=14 [8s]
[E-678 s123] best=33219.90 (+-133.09 vs bank) it=15 acc=15 [9s]
[E-678 s123] best=33223.55 (+-129.44 vs bank) it=16 acc=16 [9s]
[E-678 s123] best=33234.97 (+-118.02 vs bank) it=17 acc=17 [10s]
[E-678 s123] best=33244.62 (+-108.37 vs bank) it=18 acc=18 [11s]
[E-678 s123] best=33251.22 (+-101.77 vs bank) it=19 acc=19 [11s]
[E-678 s123] best=33254.87 (+-98.12 vs bank) it=20 acc=20 [11s]
[E-678 s123] best=33263.92 (+-89.07 vs bank) it=21 acc=21 [12s]
[E-678 s123] best=33272.49 (+-80.50 vs bank) it=22 acc=22 [13s]
[E-678 s123] best=33277.15 (+-75.84 vs bank) it=23 acc=23 [13s]
[E-678 s123] best=33277.36 (+-75.63 vs bank) it=24 acc=24 [14s]
[E-678 s123] best=33284.28 (+-68.71 vs bank) it=25 acc=25 [15s]
[E-678 s123] best=33291.19 (+-61.80 vs bank) it=26 acc=26 [16s]
[E-678 s123] best=33294.18 (+-58.81 vs bank) it=27 acc=27 [16s]
[E-678 s123] best=33296.20 (+-56.79 vs bank) it=28 acc=28 [17s]
[E-678 s123] best=33298.41 (+-54.58 vs bank) it=29 acc=29 [17s]
[E-678 s123] best=33301.24 (+-51.75 vs bank) it=30 acc=30 [18s]
[E-678 s123] best=33302.86 (+-50.13 vs bank) it=31 acc=31 [19s]
[E-678 s123] best=33306.79 (+-46.20 vs bank) it=32 acc=32 [19s]
[E-678 s123] best=33308.24 (+-44.75 vs bank) it=33 acc=33 [19s]
[E-678 s123] best=33313.81 (+-39.18 vs bank) it=34 acc=34 [20s]
[E-678 s123] best=33314.47 (+-38.51 vs bank) it=35 acc=35 [20s]
[E-678 s123] best=33315.21 (+-37.78 vs bank) it=36 acc=36 [21s]
[E-678 s123] best=33316.02 (+-36.97 vs bank) it=37 acc=37 [21s]
[E-678 s123] best=33319.01 (+-33.98 vs bank) it=38 acc=38 [21s]
[E-678 s123] best=33326.22 (+-26.76 vs bank) it=40 acc=40 [23s]
[E-678 s123] best=33327.59 (+-25.40 vs bank) it=41 acc=41 [23s]
[E-678 s123] best=33327.68 (+-25.31 vs bank) it=43 acc=43 [24s]
[E-678 s123] best=33329.23 (+-23.76 vs bank) it=46 acc=46 [25s]
[E-678 s123] best=33330.44 (+-22.55 vs bank) it=47 acc=47 [26s]
[E-678 s123] best=33330.71 (+-22.28 vs bank) it=48 acc=48 [26s]
[E-678 s123] best=33331.32 (+-21.67 vs bank) it=50 acc=50 [28s]
[E-678 s123] best=33333.61 (+-19.38 vs bank) it=51 acc=51 [28s]
[E-678 s123] best=33336.27 (+-16.72 vs bank) it=52 acc=52 [29s]
[E-678 s123] best=33336.41 (+-16.58 vs bank) it=54 acc=54 [30s]
[E-678 s123] best=33336.42 (+-16.57 vs bank) it=55 acc=55 [30s]
[E-678 s123] best=33340.82 (+-12.17 vs bank) it=56 acc=56 [30s]
[E-678 s123] best=33341.23 (+-11.76 vs bank) it=60 acc=60 [32s]
[E-678 s123] best=33342.08 (+-10.91 vs bank) it=63 acc=63 [34s]
[E-678 s123] best=33343.08 (+-9.91 vs bank) it=65 acc=65 [35s]
[E-678 s123] best=33344.03 (+-8.96 vs bank) it=66 acc=66 [35s]
[E-678 s123] best=33344.30 (+-8.69 vs bank) it=67 acc=67 [36s]
[E-678 s123] best=33344.62 (+-8.37 vs bank) it=70 acc=70 [37s]
[E-678 s123] best=33347.37 (+-5.62 vs bank) it=71 acc=71 [38s]
[E-678 s123] best=33348.45 (+-4.54 vs bank) it=72 acc=72 [38s]
[E-678 s123] best=33351.68 (+-1.31 vs bank) it=73 acc=73 [39s]
[E-678 s123] best=33356.37 (+3.38 vs bank) it=74 acc=74 *** BEATS BANK feas=True [39s]
[E-678 s123] best=33356.37 (+3.38 vs bank) it=75 acc=75 *** BEATS BANK feas=True [40s]
[E-678 s123] best=33357.50 (+4.51 vs bank) it=76 acc=76 *** BEATS BANK feas=True [41s]
[E-678 s123] best=33357.82 (+4.83 vs bank) it=81 acc=81 *** BEATS BANK feas=True [44s]
[E-678 s123] best=33358.02 (+5.03 vs bank) it=83 acc=83 *** BEATS BANK feas=True [45s]
[E-678 s123] best=33359.83 (+6.84 vs bank) it=84 acc=84 *** BEATS BANK feas=True [45s]
[E-678 s123] best=33363.25 (+10.26 vs bank) it=86 acc=86 *** BEATS BANK feas=True [46s]
[E-678 s123] best=33363.37 (+10.38 vs bank) it=87 acc=87 *** BEATS BANK feas=True [47s]
[E-678 s123] best=33363.81 (+10.82 vs bank) it=91 acc=91 *** BEATS BANK feas=True [48s]
[E-678 s123] best=33367.15 (+14.16 vs bank) it=92 acc=92 *** BEATS BANK feas=True [48s]
[E-678 s123] it=100 cur=33367.15 best=33367.15 [53s]
[E-678 s123] best=33369.12 (+16.13 vs bank) it=102 acc=102 *** BEATS BANK feas=True [54s]
[E-678 s123] best=33369.29 (+16.30 vs bank) it=106 acc=106 *** BEATS BANK feas=True [56s]
[E-678 s123] best=33370.78 (+17.79 vs bank) it=113 acc=113 *** BEATS BANK feas=True [61s]
[E-678 s123] best=33373.10 (+20.11 vs bank) it=124 acc=124 *** BEATS BANK feas=True [69s]
[E-678 s123] best=33374.64 (+21.65 vs bank) it=125 acc=125 *** BEATS BANK feas=True [69s]
[E-678 s123] best=33376.53 (+23.54 vs bank) it=129 acc=129 *** BEATS BANK feas=True [72s]
[E-678 s123] best=33377.45 (+24.46 vs bank) it=131 acc=131 *** BEATS BANK feas=True [74s]
[E-678 s123] best=33377.88 (+24.89 vs bank) it=132 acc=132 *** BEATS BANK feas=True [74s]
[E-678 s123] best=33378.60 (+25.61 vs bank) it=133 acc=133 *** BEATS BANK feas=True [75s]
[E-678 s123] best=33378.95 (+25.96 vs bank) it=138 acc=138 *** BEATS BANK feas=True [79s]
[E-678 s123] best=33381.59 (+28.60 vs bank) it=139 acc=139 *** BEATS BANK feas=True [79s]
[E-678 s123] best=33382.32 (+29.33 vs bank) it=141 acc=141 *** BEATS BANK feas=True [80s]
[E-678 s123] best=33382.45 (+29.46 vs bank) it=146 acc=146 *** BEATS BANK feas=True [83s]
[E-678 s123] best=33382.86 (+29.87 vs bank) it=151 acc=151 *** BEATS BANK feas=True [86s]
[E-678 s123] best=33383.34 (+30.35 vs bank) it=153 acc=153 *** BEATS BANK feas=True [87s]
[E-678 s123] best=33383.37 (+30.38 vs bank) it=155 acc=155 *** BEATS BANK feas=True [87s]
[E-678 s123] best=33383.50 (+30.51 vs bank) it=156 acc=156 *** BEATS BANK feas=True [88s]
[E-678 s123] best=33385.17 (+32.18 vs bank) it=157 acc=157 *** BEATS BANK feas=True [88s]
[E-678 s123] best=33385.37 (+32.38 vs bank) it=158 acc=158 *** BEATS BANK feas=True [89s]
[E-678 s123] best=33386.07 (+33.08 vs bank) it=166 acc=166 *** BEATS BANK feas=True [94s]
[E-678 s123] best=33387.22 (+34.23 vs bank) it=168 acc=168 *** BEATS BANK feas=True [95s]
[E-678 s123] best=33388.22 (+35.23 vs bank) it=186 acc=186 *** BEATS BANK feas=True [105s]
[E-678 s123] best=33389.77 (+36.78 vs bank) it=187 acc=187 *** BEATS BANK feas=True [106s]
[E-678 s123] best=33389.82 (+36.83 vs bank) it=188 acc=188 *** BEATS BANK feas=True [106s]
[E-678 s123] it=200 cur=33389.82 best=33389.82 [112s]
[E-678 s123] best=33389.95 (+36.96 vs bank) it=271 acc=271 *** BEATS BANK feas=True [150s]
[E-678 s123] best=33390.41 (+37.42 vs bank) it=272 acc=272 *** BEATS BANK feas=True [151s]
[E-678 s123] best=33393.40 (+40.41 vs bank) it=287 acc=287 *** BEATS BANK feas=True [160s]
[E-678 s123] best=33393.76 (+40.77 vs bank) it=295 acc=295 *** BEATS BANK feas=True [165s]
[E-678 s123] it=300 cur=33393.76 best=33393.76 [169s]
[E-678 s123] best=33396.78 (+43.79 vs bank) it=308 acc=308 *** BEATS BANK feas=True [174s]
[E-678 s123] best=33398.89 (+45.90 vs bank) it=311 acc=311 *** BEATS BANK feas=True [176s]
[E-678 s123] best=33399.59 (+46.60 vs bank) it=312 acc=312 *** BEATS BANK feas=True [177s]
[E-678 s123] best=33400.26 (+47.27 vs bank) it=313 acc=313 *** BEATS BANK feas=True [178s]
[E-678 s123] best=33401.12 (+48.13 vs bank) it=318 acc=318 *** BEATS BANK feas=True [181s]
[E-678 s123] best=33402.98 (+49.99 vs bank) it=325 acc=325 *** BEATS BANK feas=True [186s]
[E-678 s123] best=33403.56 (+50.57 vs bank) it=334 acc=334 *** BEATS BANK feas=True [191s]
[E-678 s123] best=33403.67 (+50.68 vs bank) it=351 acc=351 *** BEATS BANK feas=True [201s]
[E-678 s123] best=33403.96 (+50.97 vs bank) it=363 acc=363 *** BEATS BANK feas=True [209s]
[E-678 s123] it=400 cur=33403.96 best=33403.96 [229s]
[E-678 s123] best=33404.34 (+51.35 vs bank) it=464 acc=464 *** BEATS BANK feas=True [258s]
[E-678 s123] best=33405.88 (+52.89 vs bank) it=467 acc=467 *** BEATS BANK feas=True [259s]
[E-678 s123] best=33406.83 (+53.84 vs bank) it=469 acc=469 *** BEATS BANK feas=True [260s]
[E-678 s123] best=33409.11 (+56.12 vs bank) it=471 acc=471 *** BEATS BANK feas=True [261s]
[E-678 s123] best=33409.67 (+56.68 vs bank) it=489 acc=489 *** BEATS BANK feas=True [269s]
[E-678 s123] it=500 cur=33409.67 best=33409.67 [274s]
[E-678 s123] best=33412.15 (+59.16 vs bank) it=502 acc=502 *** BEATS BANK feas=True [275s]
[E-678 s123] best=33412.28 (+59.29 vs bank) it=515 acc=515 *** BEATS BANK feas=True [281s]
[E-678 s123] best=33412.40 (+59.41 vs bank) it=516 acc=516 *** BEATS BANK feas=True [281s]
[E-678 s123] best=33412.92 (+59.93 vs bank) it=533 acc=533 *** BEATS BANK feas=True [289s]
[E-678 s123] best=33413.71 (+60.72 vs bank) it=539 acc=539 *** BEATS BANK feas=True [291s]
[E-678 s123] best=33413.77 (+60.78 vs bank) it=540 acc=540 *** BEATS BANK feas=True [292s]
[E-678 s123] best=33414.24 (+61.25 vs bank) it=574 acc=574 *** BEATS BANK feas=True [312s]
[E-678 s123] best=33415.11 (+62.12 vs bank) it=575 acc=575 *** BEATS BANK feas=True [313s]
[E-678 s123] best=33415.28 (+62.29 vs bank) it=578 acc=578 *** BEATS BANK feas=True [315s]
[E-678 s123] it=600 cur=33415.28 best=33415.28 [325s]
[E-678 s123] best=33415.56 (+62.57 vs bank) it=680 acc=680 *** BEATS BANK feas=True [360s]
[E-678 s123] best=33417.34 (+64.35 vs bank) it=682 acc=682 *** BEATS BANK feas=True [361s]
[E-678 s123] it=700 cur=33417.34 best=33417.34 [369s]
[E-678 s123] it=800 cur=33417.34 best=33417.34 [420s]
[E-678 s123] it=900 cur=33417.34 best=33417.34 [469s]
[E-678 s123] it=1000 cur=33417.34 best=33417.34 [519s]
[E-678 s123] it=1100 cur=33417.34 best=33417.34 [575s]
[E-678 s123] it=1200 cur=33208.69 best=33417.34 [631s]
[E-678 s123] it=1300 cur=33331.98 best=33417.34 [680s]
[E-678 s123] it=1400 cur=33379.77 best=33417.34 [738s]
[E-678 s123] it=1500 cur=33394.25 best=33417.34 [785s]
[E-678 s123] it=1600 cur=33403.24 best=33417.34 [830s]
[E-678 s123] it=1700 cur=33227.58 best=33417.34 [880s]
[E-678 s123] it=1800 cur=33390.60 best=33417.34 [926s]
[E-678 s123] it=1900 cur=33404.53 best=33417.34 [976s]
[E-678 s123] it=2000 cur=33411.16 best=33417.34 [1023s]
[E-678 s123] it=2100 cur=33414.02 best=33417.34 [1078s]
[E-678 s123] it=2200 cur=33194.19 best=33417.34 [1128s]
[E-678 s123] it=2300 cur=33362.35 best=33417.34 [1178s]
[E-678 s123] it=2400 cur=33380.95 best=33417.34 [1242s]
[E-678 s123] it=2500 cur=33390.92 best=33417.34 [1302s]
[E-678 s123] it=2600 cur=33394.23 best=33417.34 [1352s]
[E-678 s123] it=2700 cur=33191.03 best=33417.34 [1406s]
[E-678 s123] it=2800 cur=33370.82 best=33417.34 [1454s]
[E-678 s123] it=2900 cur=33383.78 best=33417.34 [1503s]
[E-678 s123] it=3000 cur=33389.10 best=33417.34 [1555s]
[E-678 s123] it=3100 cur=33392.37 best=33417.34 [1610s]
[E-678 s123] it=3200 cur=33201.42 best=33417.34 [1660s]
[E-678 s123] it=3300 cur=33357.90 best=33417.34 [1703s]
[E-678 s123] it=3400 cur=33374.02 best=33417.34 [1744s]
[E-678 s123] it=3500 cur=33379.99 best=33417.34 [1786s]
[E-678 s123] it=3600 cur=33381.88 best=33417.34 [1828s]
[E-678 s123] it=3700 cur=33108.03 best=33417.34 [1870s]
[E-678 s123] it=3800 cur=33325.62 best=33417.34 [1911s]
[E-678 s123] it=3900 cur=33338.90 best=33417.34 [1952s]
[E-678 s123] it=4000 cur=33355.19 best=33417.34 [1993s]
[E-678 s123] it=4100 cur=33359.61 best=33417.34 [2034s]
[E-678 s123] it=4200 cur=33087.26 best=33417.34 [2077s]
[E-678 s123] it=4300 cur=33371.90 best=33417.34 [2120s]
[E-678 s123] it=4400 cur=33398.65 best=33417.34 [2165s]
[E-678 s123] it=4500 cur=33409.24 best=33417.34 [2208s]
[E-678 s123] best=33417.38 (+64.39 vs bank) it=4511 acc=4511 *** BEATS BANK feas=True [2212s]
[E-678 s123] best=33417.61 (+64.62 vs bank) it=4514 acc=4514 *** BEATS BANK feas=True [2214s]
[E-678 s123] best=33418.67 (+65.68 vs bank) it=4520 acc=4520 *** BEATS BANK feas=True [2216s]
[E-678 s123] best=33419.44 (+66.45 vs bank) it=4521 acc=4521 *** BEATS BANK feas=True [2217s]
[E-678 s123] best=33421.77 (+68.78 vs bank) it=4549 acc=4549 *** BEATS BANK feas=True [2229s]
[E-678 s123] best=33423.52 (+70.53 vs bank) it=4550 acc=4550 *** BEATS BANK feas=True [2229s]
[E-678 s123] best=33424.13 (+71.14 vs bank) it=4557 acc=4557 *** BEATS BANK feas=True [2232s]
[E-678 s123] best=33424.59 (+71.60 vs bank) it=4561 acc=4561 *** BEATS BANK feas=True [2234s]
[E-678 s123] best=33425.15 (+72.16 vs bank) it=4574 acc=4574 *** BEATS BANK feas=True [2240s]
[E-678 s123] best=33425.80 (+72.81 vs bank) it=4577 acc=4577 *** BEATS BANK feas=True [2241s]
[E-678 s123] best=33427.86 (+74.87 vs bank) it=4579 acc=4579 *** BEATS BANK feas=True [2242s]
[E-678 s123] best=33428.17 (+75.18 vs bank) it=4587 acc=4587 *** BEATS BANK feas=True [2245s]
[E-678 s123] best=33429.26 (+76.27 vs bank) it=4589 acc=4589 *** BEATS BANK feas=True [2246s]
[E-678 s123] best=33429.46 (+76.47 vs bank) it=4590 acc=4590 *** BEATS BANK feas=True [2247s]
[E-678 s123] best=33429.55 (+76.56 vs bank) it=4593 acc=4593 *** BEATS BANK feas=True [2248s]
[E-678 s123] best=33432.28 (+79.29 vs bank) it=4594 acc=4594 *** BEATS BANK feas=True [2249s]
[E-678 s123] it=4600 cur=33432.28 best=33432.28 [2251s]
[E-678 s123] best=33432.47 (+79.48 vs bank) it=4647 acc=4647 *** BEATS BANK feas=True [2272s]
[E-678 s123] best=33433.46 (+80.47 vs bank) it=4658 acc=4658 *** BEATS BANK feas=True [2276s]
[E-678 s123] best=33434.00 (+81.01 vs bank) it=4666 acc=4666 *** BEATS BANK feas=True [2280s]
[E-678 s123] it=4700 cur=33434.00 best=33434.00 [2293s]
[E-678 s123] best=33434.47 (+81.48 vs bank) it=4712 acc=4712 *** BEATS BANK feas=True [2298s]
[E-678 s123] best=33437.21 (+84.22 vs bank) it=4713 acc=4713 *** BEATS BANK feas=True [2298s]
[E-678 s123] best=33438.19 (+85.20 vs bank) it=4718 acc=4718 *** BEATS BANK feas=True [2301s]
[E-678 s123] best=33438.97 (+85.98 vs bank) it=4723 acc=4723 *** BEATS BANK feas=True [2303s]
[E-678 s123] best=33440.14 (+87.15 vs bank) it=4726 acc=4726 *** BEATS BANK feas=True [2304s]
[E-678 s123] it=4800 cur=33440.14 best=33440.14 [2336s]
[E-678 s123] best=33440.49 (+87.50 vs bank) it=4860 acc=4860 *** BEATS BANK feas=True [2361s]
[E-678 s123] it=4900 cur=33440.49 best=33440.49 [2379s]
[E-678 s123] best=33440.71 (+87.72 vs bank) it=4993 acc=4993 *** BEATS BANK feas=True [2418s]
[E-678 s123] it=5000 cur=33440.71 best=33440.71 [2421s]
[E-678 s123] best=33441.08 (+88.09 vs bank) it=5068 acc=5068 *** BEATS BANK feas=True [2450s]
[E-678 s123] it=5100 cur=33441.08 best=33441.08 [2464s]
[E-678 s123] it=5200 cur=33441.08 best=33441.08 [2506s]
[E-678 s123] it=5300 cur=33441.08 best=33441.08 [2548s]
[E-678 s123] it=5400 cur=33441.08 best=33441.08 [2590s]
[E-678 s123] it=5500 cur=33441.08 best=33441.08 [2633s]
[E-678 s123] best=33441.83 (+88.84 vs bank) it=5554 acc=5554 *** BEATS BANK feas=True [2655s]
[E-678 s123] it=5600 cur=33441.83 best=33441.83 [2674s]
[E-678 s123] it=5700 cur=33441.83 best=33441.83 [2717s]
[E-678 s123] it=5800 cur=33441.83 best=33441.83 [2759s]
[E-678 s123] it=5900 cur=33441.83 best=33441.83 [2801s]
[E-678 s123] it=6000 cur=33441.83 best=33441.83 [2843s]
[E-678 s123] it=6100 cur=33322.97 best=33441.83 [2886s]
[E-678 s123] it=6200 cur=33370.72 best=33441.83 [2928s]
[E-678 s123] it=6300 cur=33382.57 best=33441.83 [2970s]
[E-678 s123] it=6400 cur=33404.76 best=33441.83 [3012s]
[E-678 s123] it=6500 cur=33404.76 best=33441.83 [3053s]
[E-678 s123] it=6600 cur=33307.59 best=33441.83 [3095s]
[E-678 s123] it=6700 cur=33356.08 best=33441.83 [3138s]
[E-678 s123] it=6800 cur=33394.53 best=33441.83 [3180s]
[E-678 s123] it=6900 cur=33402.14 best=33441.83 [3221s]
[E-678 s123] it=7000 cur=33405.25 best=33441.83 [3262s]
[E-678 s123] it=7100 cur=33290.65 best=33441.83 [3305s]
[E-678 s123] it=7200 cur=33383.65 best=33441.83 [3347s]
[E-678 s123] it=7300 cur=33399.31 best=33441.83 [3391s]
[E-678 s123] it=7400 cur=33405.61 best=33441.83 [3439s]
[E-678 s123] it=7500 cur=33411.63 best=33441.83 [3522s]
[E-678 s123] it=7600 cur=33338.54 best=33441.83 [3604s]
[E-678 s123] it=7700 cur=33389.71 best=33441.83 [3685s]
[E-678 s123] it=7800 cur=33406.50 best=33441.83 [3750s]
[E-678 s123] it=7900 cur=33412.52 best=33441.83 [3810s]
[E-678 s123] it=8000 cur=33417.56 best=33441.83 [3872s]
[E-678 s123] it=8100 cur=33271.59 best=33441.83 [3936s]
[E-678 s123] it=8200 cur=33369.12 best=33441.83 [4178s]
[E-678 s123] it=8300 cur=33402.21 best=33441.83 [4224s]
[E-678 s123] it=8400 cur=33411.23 best=33441.83 [4273s]
[E-678 s123] it=8500 cur=33412.27 best=33441.83 [4315s]
[E-678 s123] it=8600 cur=33344.31 best=33441.83 [4357s]
[E-678 s123] it=8700 cur=33394.58 best=33441.83 [4397s]
[E-678 s123] it=8800 cur=33417.46 best=33441.83 [4438s]
[E-678 s123] it=8900 cur=33429.47 best=33441.83 [4478s]
[E-678 s123] DONE best=33441.83 (+88.84 vs bank) [4519s]
