error    libmamba Could not set lock (Resource temporarily unavailable)
warning  libmamba Cannot lock '/home/julian/.cache/mamba/proc'
    Waiting for other mamba process to finish
[E-678 s122] current-bank start=33448.84 sel=4470 | bank=33352.99 leader=33555.62 | random-destroy 0.45
[E-678 s122] it=100 cur=33448.84 best=33448.84 [53s]
[E-678 s122] it=200 cur=33448.84 best=33448.84 [105s]
[E-678 s122] it=300 cur=33448.84 best=33448.84 [148s]
[E-678 s122] it=400 cur=33360.15 best=33448.84 [193s]
[E-678 s122] it=500 cur=33385.74 best=33448.84 [236s]
[E-678 s122] it=600 cur=33392.44 best=33448.84 [283s]
[E-678 s122] it=700 cur=33370.23 best=33448.84 [330s]
[E-678 s122] it=800 cur=33383.77 best=33448.84 [386s]
[E-678 s122] it=900 cur=33386.81 best=33448.84 [429s]
[E-678 s122] it=1000 cur=33369.54 best=33448.84 [481s]
[E-678 s122] it=1100 cur=33387.45 best=33448.84 [527s]
[E-678 s122] it=1200 cur=33395.34 best=33448.84 [577s]
[E-678 s122] it=1300 cur=33379.15 best=33448.84 [627s]
[E-678 s122] it=1400 cur=33396.72 best=33448.84 [670s]
[E-678 s122] it=1500 cur=33413.81 best=33448.84 [721s]
[E-678 s122] it=1600 cur=33375.87 best=33448.84 [770s]
[E-678 s122] it=1700 cur=33391.14 best=33448.84 [817s]
[E-678 s122] it=1800 cur=33400.34 best=33448.84 [862s]
[E-678 s122] it=1900 cur=33367.18 best=33448.84 [905s]
[E-678 s122] it=2000 cur=33384.02 best=33448.84 [950s]
[E-678 s122] it=2100 cur=33405.87 best=33448.84 [992s]
[E-678 s122] it=2200 cur=33335.28 best=33448.84 [1035s]
[E-678 s122] it=2300 cur=33355.54 best=33448.84 [1078s]
[E-678 s122] it=2400 cur=33376.50 best=33448.84 [1121s]
[E-678 s122] it=2500 cur=33376.10 best=33448.84 [1177s]
[E-678 s122] it=2600 cur=33402.81 best=33448.84 [1221s]
[E-678 s122] it=2700 cur=33405.99 best=33448.84 [1262s]
[E-678 s122] it=2800 cur=33378.32 best=33448.84 [1312s]
[E-678 s122] it=2900 cur=33385.13 best=33448.84 [1363s]
[E-678 s122] it=3000 cur=33404.12 best=33448.84 [1410s]
[E-678 s122] it=3100 cur=33414.90 best=33448.84 [1461s]
[E-678 s122] it=3200 cur=33430.87 best=33448.84 [1509s]
[E-678 s122] it=3300 cur=33442.18 best=33448.84 [1552s]
[E-678 s122] it=3400 cur=33378.18 best=33448.84 [1608s]
[E-678 s122] it=3500 cur=33395.74 best=33448.84 [1649s]
[E-678 s122] it=3600 cur=33400.36 best=33448.84 [1688s]
[E-678 s122] it=3700 cur=33353.61 best=33448.84 [1728s]
[E-678 s122] it=3800 cur=33375.46 best=33448.84 [1767s]
[E-678 s122] it=3900 cur=33404.88 best=33448.84 [1806s]
[E-678 s122] it=4000 cur=33348.22 best=33448.84 [1847s]
[E-678 s122] it=4100 cur=33396.79 best=33448.84 [1887s]
[E-678 s122] it=4200 cur=33406.90 best=33448.84 [1926s]
[E-678 s122] it=4300 cur=33316.99 best=33448.84 [1967s]
[E-678 s122] it=4400 cur=33361.69 best=33448.84 [2007s]
[E-678 s122] it=4500 cur=33378.58 best=33448.84 [2047s]
[E-678 s122] it=4600 cur=33342.19 best=33448.84 [2085s]
[E-678 s122] it=4700 cur=33357.63 best=33448.84 [2123s]
[E-678 s122] it=4800 cur=33365.21 best=33448.84 [2161s]
[E-678 s122] it=4900 cur=33398.99 best=33448.84 [2201s]
[E-678 s122] it=5000 cur=33416.01 best=33448.84 [2242s]
[E-678 s122] it=5100 cur=33426.71 best=33448.84 [2280s]
[E-678 s122] it=5200 cur=33350.26 best=33448.84 [2319s]
[E-678 s122] it=5300 cur=33383.59 best=33448.84 [2358s]
[E-678 s122] it=5400 cur=33404.10 best=33448.84 [2395s]
[E-678 s122] it=5500 cur=33325.73 best=33448.84 [2435s]
[E-678 s122] it=5600 cur=33363.27 best=33448.84 [2475s]
[E-678 s122] it=5700 cur=33381.84 best=33448.84 [2514s]
[E-678 s122] it=5800 cur=33351.56 best=33448.84 [2552s]
[E-678 s122] it=5900 cur=33389.45 best=33448.84 [2590s]
[E-678 s122] it=6000 cur=33398.74 best=33448.84 [2628s]
[E-678 s122] it=6100 cur=33321.33 best=33448.84 [2668s]
[E-678 s122] it=6200 cur=33379.71 best=33448.84 [2706s]
[E-678 s122] it=6300 cur=33383.31 best=33448.84 [2744s]
[E-678 s122] it=6400 cur=33405.06 best=33448.84 [2783s]
[E-678 s122] it=6500 cur=33414.13 best=33448.84 [2822s]
[E-678 s122] it=6600 cur=33421.71 best=33448.84 [2860s]
[E-678 s122] it=6700 cur=33398.90 best=33448.84 [2899s]
[E-678 s122] it=6800 cur=33443.65 best=33448.84 [2937s]
[E-678 s122] best=33452.65 (+99.66 vs bank) it=6863 acc=6863 *** BEATS BANK feas=True [2961s]
[E-678 s122] it=6900 cur=33452.65 best=33452.65 [2975s]
[E-678 s122] best=33452.81 (+99.82 vs bank) it=6902 acc=6902 *** BEATS BANK feas=True [2976s]
[E-678 s122] best=33454.08 (+101.09 vs bank) it=6905 acc=6905 *** BEATS BANK feas=True [2977s]
[E-678 s122] best=33454.28 (+101.29 vs bank) it=6906 acc=6906 *** BEATS BANK feas=True [2977s]
[E-678 s122] best=33455.93 (+102.94 vs bank) it=6910 acc=6910 *** BEATS BANK feas=True [2978s]
[E-678 s122] best=33456.01 (+103.02 vs bank) it=6941 acc=6941 *** BEATS BANK feas=True [2991s]
[E-678 s122] best=33457.39 (+104.40 vs bank) it=6965 acc=6965 *** BEATS BANK feas=True [3000s]
[E-678 s122] best=33458.68 (+105.69 vs bank) it=6969 acc=6969 *** BEATS BANK feas=True [3001s]
[E-678 s122] best=33459.05 (+106.06 vs bank) it=6975 acc=6975 *** BEATS BANK feas=True [3003s]
[E-678 s122] best=33460.70 (+107.71 vs bank) it=6983 acc=6983 *** BEATS BANK feas=True [3006s]
[E-678 s122] it=7000 cur=33460.70 best=33460.70 [3013s]
[E-678 s122] best=33461.77 (+108.78 vs bank) it=7058 acc=7058 *** BEATS BANK feas=True [3035s]
[E-678 s122] best=33461.78 (+108.79 vs bank) it=7060 acc=7060 *** BEATS BANK feas=True [3036s]
[E-678 s122] best=33462.10 (+109.11 vs bank) it=7077 acc=7077 *** BEATS BANK feas=True [3042s]
[E-678 s122] best=33463.10 (+110.11 vs bank) it=7080 acc=7080 *** BEATS BANK feas=True [3043s]
[E-678 s122] best=33463.69 (+110.70 vs bank) it=7084 acc=7084 *** BEATS BANK feas=True [3045s]
[E-678 s122] best=33463.72 (+110.73 vs bank) it=7091 acc=7091 *** BEATS BANK feas=True [3048s]
[E-678 s122] it=7100 cur=33463.72 best=33463.72 [3051s]
[E-678 s122] best=33464.20 (+111.21 vs bank) it=7120 acc=7120 *** BEATS BANK feas=True [3059s]
[E-678 s122] it=7200 cur=33464.20 best=33464.20 [3090s]
[E-678 s122] it=7300 cur=33464.20 best=33464.20 [3130s]
[E-678 s122] best=33464.25 (+111.26 vs bank) it=7314 acc=7314 *** BEATS BANK feas=True [3135s]
[E-678 s122] it=7400 cur=33464.25 best=33464.25 [3170s]
[E-678 s122] it=7500 cur=33464.25 best=33464.25 [3211s]
[E-678 s122] it=7600 cur=33464.25 best=33464.25 [3250s]
[E-678 s122] it=7700 cur=33346.88 best=33464.25 [3291s]
[E-678 s122] it=7800 cur=33390.93 best=33464.25 [3330s]
[E-678 s122] it=7900 cur=33405.95 best=33464.25 [3371s]
[E-678 s122] it=8000 cur=33341.48 best=33464.25 [3414s]
[E-678 s122] it=8100 cur=33375.69 best=33464.25 [3479s]
[E-678 s122] it=8200 cur=33391.16 best=33464.25 [3559s]
[E-678 s122] it=8300 cur=33401.10 best=33464.25 [3641s]
[E-678 s122] it=8400 cur=33429.93 best=33464.25 [3722s]
[E-678 s122] it=8500 cur=33432.14 best=33464.25 [3778s]
[E-678 s122] it=8600 cur=33384.25 best=33464.25 [3839s]
[E-678 s122] it=8700 cur=33414.69 best=33464.25 [3903s]
[E-678 s122] it=8800 cur=33421.88 best=33464.25 [3964s]
[E-678 s122] it=8900 cur=33400.96 best=33464.25 [4194s]
[E-678 s122] DONE best=33464.25 (+111.26 vs bank) [4240s]
