error    libmamba Could not set lock (Resource temporarily unavailable)
warning  libmamba Cannot lock '/home/julian/.cache/mamba/proc'
    Waiting for other mamba process to finish
[E-678 s121] LP-rounded start=32020.61 sel=4203 | bank=33352.99 leader=33555.62 | random-destroy 0.5
[E-678 s121] best=32684.29 (+-668.70 vs bank) it=0 acc=0 [1s]
[E-678 s121] best=32836.88 (+-516.11 vs bank) it=1 acc=1 [2s]
[E-678 s121] best=32971.03 (+-381.96 vs bank) it=2 acc=2 [3s]
[E-678 s121] best=33010.11 (+-342.88 vs bank) it=3 acc=3 [4s]
[E-678 s121] best=33042.55 (+-310.44 vs bank) it=4 acc=4 [6s]
[E-678 s121] best=33065.46 (+-287.53 vs bank) it=5 acc=5 [7s]
[E-678 s121] best=33090.86 (+-262.13 vs bank) it=6 acc=6 [8s]
[E-678 s121] best=33107.09 (+-245.90 vs bank) it=7 acc=7 [9s]
[E-678 s121] best=33142.20 (+-210.79 vs bank) it=8 acc=8 [10s]
[E-678 s121] best=33164.32 (+-188.67 vs bank) it=9 acc=9 [11s]
[E-678 s121] best=33184.18 (+-168.81 vs bank) it=10 acc=10 [12s]
[E-678 s121] best=33191.16 (+-161.83 vs bank) it=11 acc=11 [13s]
[E-678 s121] best=33198.93 (+-154.06 vs bank) it=12 acc=12 [14s]
[E-678 s121] best=33202.35 (+-150.64 vs bank) it=13 acc=13 [15s]
[E-678 s121] best=33210.26 (+-142.73 vs bank) it=14 acc=14 [16s]
[E-678 s121] best=33215.17 (+-137.82 vs bank) it=15 acc=15 [17s]
[E-678 s121] best=33220.21 (+-132.78 vs bank) it=16 acc=16 [18s]
[E-678 s121] best=33231.48 (+-121.51 vs bank) it=17 acc=17 [18s]
[E-678 s121] best=33240.24 (+-112.75 vs bank) it=18 acc=18 [20s]
[E-678 s121] best=33240.41 (+-112.58 vs bank) it=19 acc=19 [21s]
[E-678 s121] best=33244.26 (+-108.73 vs bank) it=20 acc=20 [22s]
[E-678 s121] best=33245.22 (+-107.77 vs bank) it=21 acc=21 [23s]
[E-678 s121] best=33250.12 (+-102.87 vs bank) it=22 acc=22 [23s]
[E-678 s121] best=33254.03 (+-98.96 vs bank) it=23 acc=23 [24s]
[E-678 s121] best=33259.56 (+-93.43 vs bank) it=24 acc=24 [25s]
[E-678 s121] best=33259.85 (+-93.14 vs bank) it=25 acc=25 [26s]
[E-678 s121] best=33261.37 (+-91.62 vs bank) it=26 acc=26 [27s]
[E-678 s121] best=33263.08 (+-89.91 vs bank) it=27 acc=27 [28s]
[E-678 s121] best=33265.11 (+-87.88 vs bank) it=28 acc=28 [29s]
[E-678 s121] best=33266.75 (+-86.24 vs bank) it=29 acc=29 [30s]
[E-678 s121] best=33268.82 (+-84.17 vs bank) it=30 acc=30 [31s]
[E-678 s121] best=33273.95 (+-79.04 vs bank) it=31 acc=31 [32s]
[E-678 s121] best=33275.49 (+-77.50 vs bank) it=32 acc=32 [33s]
[E-678 s121] best=33280.03 (+-72.96 vs bank) it=33 acc=33 [34s]
[E-678 s121] best=33281.89 (+-71.10 vs bank) it=35 acc=35 [36s]
[E-678 s121] best=33282.87 (+-70.12 vs bank) it=36 acc=36 [37s]
[E-678 s121] best=33289.96 (+-63.03 vs bank) it=38 acc=38 [38s]
[E-678 s121] best=33290.46 (+-62.53 vs bank) it=39 acc=39 [39s]
[E-678 s121] best=33291.72 (+-61.27 vs bank) it=40 acc=40 [39s]
[E-678 s121] best=33291.99 (+-61.00 vs bank) it=41 acc=41 [40s]
[E-678 s121] best=33293.74 (+-59.25 vs bank) it=42 acc=42 [41s]
[E-678 s121] best=33296.60 (+-56.39 vs bank) it=43 acc=43 [42s]
[E-678 s121] best=33298.67 (+-54.32 vs bank) it=44 acc=44 [43s]
[E-678 s121] best=33300.86 (+-52.13 vs bank) it=45 acc=45 [43s]
[E-678 s121] best=33302.26 (+-50.73 vs bank) it=47 acc=47 [46s]
[E-678 s121] best=33304.19 (+-48.80 vs bank) it=48 acc=48 [47s]
[E-678 s121] best=33305.74 (+-47.25 vs bank) it=49 acc=49 [48s]
[E-678 s121] best=33307.20 (+-45.79 vs bank) it=51 acc=51 [50s]
[E-678 s121] best=33308.64 (+-44.35 vs bank) it=52 acc=52 [51s]
[E-678 s121] best=33312.04 (+-40.95 vs bank) it=55 acc=55 [53s]
[E-678 s121] best=33312.56 (+-40.43 vs bank) it=56 acc=56 [54s]
[E-678 s121] best=33313.04 (+-39.95 vs bank) it=58 acc=58 [56s]
[E-678 s121] best=33313.65 (+-39.34 vs bank) it=59 acc=59 [57s]
[E-678 s121] best=33314.43 (+-38.56 vs bank) it=62 acc=62 [59s]
[E-678 s121] best=33315.39 (+-37.60 vs bank) it=63 acc=63 [61s]
[E-678 s121] best=33316.99 (+-36.00 vs bank) it=67 acc=67 [64s]
[E-678 s121] best=33317.41 (+-35.58 vs bank) it=68 acc=68 [65s]
[E-678 s121] best=33318.83 (+-34.15 vs bank) it=69 acc=69 [66s]
[E-678 s121] best=33321.15 (+-31.84 vs bank) it=70 acc=70 [66s]
[E-678 s121] best=33322.77 (+-30.22 vs bank) it=71 acc=71 [67s]
[E-678 s121] best=33323.67 (+-29.32 vs bank) it=72 acc=72 [68s]
[E-678 s121] best=33326.31 (+-26.68 vs bank) it=77 acc=77 [72s]
[E-678 s121] best=33326.72 (+-26.27 vs bank) it=78 acc=78 [72s]
[E-678 s121] best=33327.89 (+-25.10 vs bank) it=79 acc=79 [73s]
[E-678 s121] best=33328.65 (+-24.34 vs bank) it=80 acc=80 [73s]
[E-678 s121] best=33332.98 (+-20.01 vs bank) it=81 acc=81 [74s]
[E-678 s121] best=33333.08 (+-19.90 vs bank) it=83 acc=83 [75s]
[E-678 s121] best=33333.19 (+-19.80 vs bank) it=85 acc=85 [77s]
[E-678 s121] best=33334.15 (+-18.84 vs bank) it=86 acc=86 [78s]
[E-678 s121] best=33334.64 (+-18.35 vs bank) it=87 acc=87 [78s]
[E-678 s121] best=33336.07 (+-16.92 vs bank) it=91 acc=91 [81s]
[E-678 s121] best=33337.33 (+-15.66 vs bank) it=94 acc=94 [83s]
[E-678 s121] best=33338.04 (+-14.95 vs bank) it=95 acc=95 [84s]
[E-678 s121] best=33339.89 (+-13.10 vs bank) it=96 acc=96 [85s]
[E-678 s121] best=33340.03 (+-12.96 vs bank) it=97 acc=97 [86s]
[E-678 s121] best=33340.77 (+-12.22 vs bank) it=99 acc=99 [88s]
[E-678 s121] best=33341.58 (+-11.41 vs bank) it=100 acc=100 [89s]
[E-678 s121] it=100 cur=33341.58 best=33341.58 [89s]
[E-678 s121] best=33342.62 (+-10.37 vs bank) it=101 acc=101 [90s]
[E-678 s121] best=33343.12 (+-9.87 vs bank) it=103 acc=103 [92s]
[E-678 s121] best=33343.95 (+-9.04 vs bank) it=107 acc=107 [95s]
[E-678 s121] best=33344.23 (+-8.76 vs bank) it=109 acc=109 [97s]
[E-678 s121] best=33345.10 (+-7.89 vs bank) it=121 acc=121 [106s]
[E-678 s121] best=33347.89 (+-5.10 vs bank) it=123 acc=123 [108s]
[E-678 s121] best=33349.94 (+-3.05 vs bank) it=127 acc=127 [110s]
[E-678 s121] best=33350.25 (+-2.74 vs bank) it=129 acc=129 [112s]
[E-678 s121] best=33351.08 (+-1.91 vs bank) it=144 acc=144 [123s]
[E-678 s121] best=33351.35 (+-1.64 vs bank) it=146 acc=146 [124s]
[E-678 s121] best=33352.27 (+-0.72 vs bank) it=152 acc=152 [129s]
[E-678 s121] best=33352.90 (+-0.09 vs bank) it=155 acc=155 [131s]
[E-678 s121] best=33353.46 (+0.47 vs bank) it=176 acc=176 *** BEATS BANK feas=True [149s]
[E-678 s121] best=33354.02 (+1.03 vs bank) it=178 acc=178 *** BEATS BANK feas=True [151s]
[E-678 s121] best=33354.82 (+1.83 vs bank) it=185 acc=185 *** BEATS BANK feas=True [156s]
[E-678 s121] best=33357.47 (+4.48 vs bank) it=186 acc=186 *** BEATS BANK feas=True [157s]
[E-678 s121] best=33358.14 (+5.15 vs bank) it=187 acc=187 *** BEATS BANK feas=True [158s]
[E-678 s121] best=33358.25 (+5.26 vs bank) it=188 acc=188 *** BEATS BANK feas=True [159s]
[E-678 s121] best=33359.20 (+6.21 vs bank) it=190 acc=190 *** BEATS BANK feas=True [160s]
[E-678 s121] best=33360.63 (+7.64 vs bank) it=193 acc=193 *** BEATS BANK feas=True [162s]
[E-678 s121] best=33361.09 (+8.10 vs bank) it=199 acc=199 *** BEATS BANK feas=True [167s]
[E-678 s121] it=200 cur=33361.09 best=33361.09 [167s]
[E-678 s121] best=33361.38 (+8.39 vs bank) it=201 acc=201 *** BEATS BANK feas=True [168s]
[E-678 s121] best=33361.50 (+8.51 vs bank) it=207 acc=207 *** BEATS BANK feas=True [172s]
[E-678 s121] best=33361.69 (+8.70 vs bank) it=208 acc=208 *** BEATS BANK feas=True [173s]
[E-678 s121] best=33361.96 (+8.97 vs bank) it=213 acc=213 *** BEATS BANK feas=True [176s]
[E-678 s121] best=33363.00 (+10.01 vs bank) it=214 acc=214 *** BEATS BANK feas=True [177s]
[E-678 s121] best=33363.76 (+10.77 vs bank) it=235 acc=235 *** BEATS BANK feas=True [191s]
[E-678 s121] best=33364.37 (+11.38 vs bank) it=275 acc=275 *** BEATS BANK feas=True [220s]
[E-678 s121] best=33364.63 (+11.64 vs bank) it=276 acc=276 *** BEATS BANK feas=True [221s]
[E-678 s121] best=33366.35 (+13.36 vs bank) it=277 acc=277 *** BEATS BANK feas=True [222s]
[E-678 s121] best=33367.04 (+14.05 vs bank) it=279 acc=279 *** BEATS BANK feas=True [224s]
[E-678 s121] best=33367.42 (+14.43 vs bank) it=295 acc=295 *** BEATS BANK feas=True [237s]
[E-678 s121] best=33368.05 (+15.06 vs bank) it=296 acc=296 *** BEATS BANK feas=True [237s]
[E-678 s121] it=300 cur=33368.05 best=33368.05 [240s]
[E-678 s121] best=33368.11 (+15.12 vs bank) it=351 acc=351 *** BEATS BANK feas=True [272s]
[E-678 s121] best=33369.05 (+16.06 vs bank) it=353 acc=353 *** BEATS BANK feas=True [273s]
[E-678 s121] best=33370.35 (+17.36 vs bank) it=356 acc=356 *** BEATS BANK feas=True [275s]
[E-678 s121] best=33371.22 (+18.23 vs bank) it=371 acc=371 *** BEATS BANK feas=True [285s]
[E-678 s121] best=33373.27 (+20.28 vs bank) it=373 acc=373 *** BEATS BANK feas=True [286s]
[E-678 s121] best=33374.52 (+21.53 vs bank) it=387 acc=387 *** BEATS BANK feas=True [295s]
[E-678 s121] best=33374.75 (+21.76 vs bank) it=393 acc=393 *** BEATS BANK feas=True [298s]
[E-678 s121] best=33375.62 (+22.63 vs bank) it=400 acc=400 *** BEATS BANK feas=True [303s]
[E-678 s121] it=400 cur=33375.62 best=33375.62 [303s]
[E-678 s121] best=33376.43 (+23.44 vs bank) it=403 acc=403 *** BEATS BANK feas=True [305s]
[E-678 s121] best=33376.82 (+23.83 vs bank) it=449 acc=449 *** BEATS BANK feas=True [333s]
[E-678 s121] best=33377.44 (+24.45 vs bank) it=455 acc=455 *** BEATS BANK feas=True [337s]
[E-678 s121] it=500 cur=33377.44 best=33377.44 [364s]
[E-678 s121] best=33377.62 (+24.63 vs bank) it=516 acc=516 *** BEATS BANK feas=True [375s]
[E-678 s121] best=33378.00 (+25.01 vs bank) it=526 acc=526 *** BEATS BANK feas=True [381s]
[E-678 s121] best=33378.04 (+25.05 vs bank) it=528 acc=528 *** BEATS BANK feas=True [382s]
[E-678 s121] best=33379.35 (+26.36 vs bank) it=529 acc=529 *** BEATS BANK feas=True [383s]
[E-678 s121] best=33381.10 (+28.11 vs bank) it=532 acc=532 *** BEATS BANK feas=True [384s]
[E-678 s121] best=33381.18 (+28.19 vs bank) it=536 acc=536 *** BEATS BANK feas=True [387s]
[E-678 s121] best=33381.29 (+28.30 vs bank) it=544 acc=544 *** BEATS BANK feas=True [392s]
[E-678 s121] best=33381.57 (+28.58 vs bank) it=557 acc=557 *** BEATS BANK feas=True [400s]
[E-678 s121] it=600 cur=33381.57 best=33381.57 [426s]
[E-678 s121] best=33382.23 (+29.24 vs bank) it=617 acc=617 *** BEATS BANK feas=True [437s]
[E-678 s121] best=33382.78 (+29.79 vs bank) it=620 acc=620 *** BEATS BANK feas=True [439s]
[E-678 s121] best=33383.58 (+30.59 vs bank) it=621 acc=621 *** BEATS BANK feas=True [439s]
[E-678 s121] best=33385.34 (+32.35 vs bank) it=624 acc=624 *** BEATS BANK feas=True [441s]
[E-678 s121] best=33386.64 (+33.65 vs bank) it=625 acc=625 *** BEATS BANK feas=True [442s]
[E-678 s121] best=33388.93 (+35.94 vs bank) it=626 acc=626 *** BEATS BANK feas=True [443s]
[E-678 s121] best=33389.65 (+36.66 vs bank) it=629 acc=629 *** BEATS BANK feas=True [445s]
[E-678 s121] best=33390.23 (+37.24 vs bank) it=634 acc=634 *** BEATS BANK feas=True [448s]
[E-678 s121] best=33391.28 (+38.29 vs bank) it=635 acc=635 *** BEATS BANK feas=True [448s]
[E-678 s121] best=33392.74 (+39.75 vs bank) it=644 acc=644 *** BEATS BANK feas=True [454s]
[E-678 s121] best=33394.77 (+41.78 vs bank) it=645 acc=645 *** BEATS BANK feas=True [455s]
[E-678 s121] best=33396.79 (+43.80 vs bank) it=648 acc=648 *** BEATS BANK feas=True [457s]
[E-678 s121] best=33398.02 (+45.03 vs bank) it=656 acc=656 *** BEATS BANK feas=True [462s]
[E-678 s121] best=33398.42 (+45.43 vs bank) it=670 acc=670 *** BEATS BANK feas=True [470s]
[E-678 s121] it=700 cur=33398.42 best=33398.42 [488s]
[E-678 s121] best=33399.34 (+46.35 vs bank) it=793 acc=793 *** BEATS BANK feas=True [544s]
[E-678 s121] it=800 cur=33399.34 best=33399.34 [549s]
[E-678 s121] best=33399.56 (+46.57 vs bank) it=801 acc=801 *** BEATS BANK feas=True [549s]
[E-678 s121] best=33402.60 (+49.61 vs bank) it=806 acc=806 *** BEATS BANK feas=True [552s]
[E-678 s121] best=33402.99 (+50.00 vs bank) it=823 acc=823 *** BEATS BANK feas=True [562s]
[E-678 s121] it=900 cur=33402.99 best=33402.99 [605s]
[E-678 s121] best=33403.11 (+50.12 vs bank) it=985 acc=985 *** BEATS BANK feas=True [646s]
[E-678 s121] it=1000 cur=33403.11 best=33403.11 [653s]
[E-678 s121] best=33405.27 (+52.28 vs bank) it=1020 acc=1020 *** BEATS BANK feas=True [662s]
[E-678 s121] best=33405.30 (+52.31 vs bank) it=1044 acc=1044 *** BEATS BANK feas=True [674s]
[E-678 s121] best=33406.83 (+53.84 vs bank) it=1048 acc=1048 *** BEATS BANK feas=True [675s]
[E-678 s121] best=33408.02 (+55.03 vs bank) it=1051 acc=1051 *** BEATS BANK feas=True [677s]
[E-678 s121] best=33408.66 (+55.67 vs bank) it=1061 acc=1061 *** BEATS BANK feas=True [681s]
[E-678 s121] best=33408.82 (+55.83 vs bank) it=1081 acc=1081 *** BEATS BANK feas=True [691s]
[E-678 s121] best=33410.33 (+57.34 vs bank) it=1082 acc=1082 *** BEATS BANK feas=True [691s]
[E-678 s121] best=33411.06 (+58.07 vs bank) it=1086 acc=1086 *** BEATS BANK feas=True [693s]
[E-678 s121] best=33411.45 (+58.46 vs bank) it=1090 acc=1090 *** BEATS BANK feas=True [695s]
[E-678 s121] best=33411.85 (+58.86 vs bank) it=1100 acc=1100 *** BEATS BANK feas=True [700s]
[E-678 s121] it=1100 cur=33411.85 best=33411.85 [700s]
[E-678 s121] best=33412.69 (+59.70 vs bank) it=1122 acc=1122 *** BEATS BANK feas=True [710s]
[E-678 s121] it=1200 cur=33412.69 best=33412.69 [747s]
[E-678 s121] best=33414.07 (+61.08 vs bank) it=1258 acc=1258 *** BEATS BANK feas=True [774s]
[E-678 s121] best=33416.09 (+63.10 vs bank) it=1262 acc=1262 *** BEATS BANK feas=True [776s]
[E-678 s121] best=33416.18 (+63.19 vs bank) it=1278 acc=1278 *** BEATS BANK feas=True [783s]
[E-678 s121] best=33417.11 (+64.12 vs bank) it=1297 acc=1297 *** BEATS BANK feas=True [792s]
[E-678 s121] it=1300 cur=33417.11 best=33417.11 [793s]
[E-678 s121] it=1400 cur=33417.11 best=33417.11 [841s]
[E-678 s121] it=1500 cur=33417.11 best=33417.11 [887s]
[E-678 s121] it=1600 cur=33325.76 best=33417.11 [935s]
[E-678 s121] it=1700 cur=33372.33 best=33417.11 [982s]
[E-678 s121] it=1800 cur=32651.44 best=33417.11 [1030s]
[E-678 s121] it=1900 cur=33343.52 best=33417.11 [1078s]
[E-678 s121] it=2000 cur=33372.35 best=33417.11 [1125s]
[E-678 s121] it=2100 cur=33360.31 best=33417.11 [1173s]
[E-678 s121] it=2200 cur=33405.02 best=33417.11 [1221s]
[E-678 s121] it=2300 cur=33411.71 best=33417.11 [1268s]
[E-678 s121] it=2400 cur=33397.87 best=33417.11 [1317s]
[E-678 s121] it=2500 cur=33415.88 best=33417.11 [1364s]
[E-678 s121] best=33417.14 (+64.15 vs bank) it=2544 acc=2544 *** BEATS BANK feas=True [1384s]
[E-678 s121] best=33419.00 (+66.01 vs bank) it=2547 acc=2547 *** BEATS BANK feas=True [1386s]
[E-678 s121] best=33420.25 (+67.26 vs bank) it=2548 acc=2548 *** BEATS BANK feas=True [1386s]
[E-678 s121] best=33420.71 (+67.72 vs bank) it=2549 acc=2549 *** BEATS BANK feas=True [1387s]
[E-678 s121] best=33421.40 (+68.41 vs bank) it=2553 acc=2553 *** BEATS BANK feas=True [1389s]
[E-678 s121] best=33422.06 (+69.07 vs bank) it=2562 acc=2562 *** BEATS BANK feas=True [1393s]
[E-678 s121] it=2600 cur=33422.06 best=33422.06 [1411s]
[E-678 s121] best=33422.90 (+69.91 vs bank) it=2680 acc=2680 *** BEATS BANK feas=True [1448s]
[E-678 s121] it=2700 cur=33422.90 best=33422.90 [1458s]
[E-678 s121] it=2800 cur=33422.90 best=33422.90 [1505s]
[E-678 s121] it=2900 cur=33422.90 best=33422.90 [1552s]
[E-678 s121] it=3000 cur=33394.46 best=33422.90 [1600s]
[E-678 s121] it=3100 cur=33410.51 best=33422.90 [1647s]
[E-678 s121] it=3200 cur=33292.90 best=33422.90 [1694s]
[E-678 s121] it=3300 cur=33398.23 best=33422.90 [1742s]
[E-678 s121] it=3400 cur=33416.94 best=33422.90 [1789s]
[E-678 s121] it=3500 cur=33373.16 best=33422.90 [1841s]
[E-678 s121] it=3600 cur=33402.80 best=33422.90 [1941s]
[E-678 s121] it=3700 cur=33290.13 best=33422.90 [2047s]
[E-678 s121] it=3800 cur=33397.56 best=33422.90 [2149s]
[E-678 s121] it=3900 cur=33401.63 best=33422.90 [2200s]
[E-678 s121] it=4000 cur=33354.81 best=33422.90 [2248s]
[E-678 s121] it=4100 cur=33392.52 best=33422.90 [2296s]
[E-678 s121] it=4200 cur=33275.04 best=33422.90 [2343s]
[E-678 s121] it=4300 cur=33415.05 best=33422.90 [2391s]
[E-678 s121] it=4400 cur=33415.95 best=33422.90 [2439s]
[E-678 s121] it=4500 cur=33369.67 best=33422.90 [2487s]
[E-678 s121] it=4600 cur=33389.35 best=33422.90 [2535s]
[E-678 s121] it=4700 cur=33237.46 best=33422.90 [2583s]
[E-678 s121] it=4800 cur=33410.35 best=33422.90 [2631s]
[E-678 s121] it=4900 cur=33420.79 best=33422.90 [2679s]
[E-678 s121] best=33424.58 (+71.59 vs bank) it=4924 acc=4924 *** BEATS BANK feas=True [2691s]
[E-678 s121] best=33424.85 (+71.86 vs bank) it=4947 acc=4947 *** BEATS BANK feas=True [2702s]
[E-678 s121] best=33427.32 (+74.33 vs bank) it=4949 acc=4949 *** BEATS BANK feas=True [2703s]
[E-678 s121] best=33427.55 (+74.56 vs bank) it=4950 acc=4950 *** BEATS BANK feas=True [2703s]
[E-678 s121] best=33427.97 (+74.98 vs bank) it=4973 acc=4973 *** BEATS BANK feas=True [2714s]
[E-678 s121] best=33430.00 (+77.01 vs bank) it=4974 acc=4974 *** BEATS BANK feas=True [2714s]
[E-678 s121] best=33430.46 (+77.47 vs bank) it=4976 acc=4976 *** BEATS BANK feas=True [2715s]
[E-678 s121] best=33430.69 (+77.70 vs bank) it=4977 acc=4977 *** BEATS BANK feas=True [2716s]
[E-678 s121] best=33431.06 (+78.07 vs bank) it=4987 acc=4987 *** BEATS BANK feas=True [2721s]
[E-678 s121] best=33431.11 (+78.12 vs bank) it=4989 acc=4989 *** BEATS BANK feas=True [2722s]
[E-678 s121] best=33431.78 (+78.79 vs bank) it=4993 acc=4993 *** BEATS BANK feas=True [2724s]
[E-678 s121] best=33431.79 (+78.80 vs bank) it=4994 acc=4994 *** BEATS BANK feas=True [2724s]
[E-678 s121] best=33432.17 (+79.18 vs bank) it=4995 acc=4995 *** BEATS BANK feas=True [2725s]
[E-678 s121] best=33432.50 (+79.51 vs bank) it=4998 acc=4998 *** BEATS BANK feas=True [2726s]
[E-678 s121] it=5000 cur=33432.50 best=33432.50 [2727s]
[E-678 s121] best=33433.01 (+80.02 vs bank) it=5004 acc=5004 *** BEATS BANK feas=True [2729s]
[E-678 s121] best=33433.31 (+80.32 vs bank) it=5009 acc=5009 *** BEATS BANK feas=True [2731s]
[E-678 s121] best=33434.35 (+81.36 vs bank) it=5011 acc=5011 *** BEATS BANK feas=True [2732s]
[E-678 s121] best=33435.18 (+82.19 vs bank) it=5012 acc=5012 *** BEATS BANK feas=True [2733s]
[E-678 s121] it=5100 cur=33435.18 best=33435.18 [2775s]
[E-678 s121] it=5200 cur=33435.18 best=33435.18 [2823s]
[E-678 s121] best=33435.89 (+82.90 vs bank) it=5228 acc=5228 *** BEATS BANK feas=True [2836s]
[E-678 s121] best=33436.71 (+83.72 vs bank) it=5245 acc=5245 *** BEATS BANK feas=True [2845s]
[E-678 s121] it=5300 cur=33436.71 best=33436.71 [2871s]
[E-678 s121] best=33436.85 (+83.86 vs bank) it=5322 acc=5322 *** BEATS BANK feas=True [2882s]
[E-678 s121] best=33437.12 (+84.13 vs bank) it=5323 acc=5323 *** BEATS BANK feas=True [2882s]
[E-678 s121] best=33438.70 (+85.71 vs bank) it=5330 acc=5330 *** BEATS BANK feas=True [2886s]
[E-678 s121] best=33439.83 (+86.84 vs bank) it=5384 acc=5384 *** BEATS BANK feas=True [2911s]
[E-678 s121] it=5400 cur=33439.83 best=33439.83 [2919s]
[E-678 s121] it=5500 cur=33439.83 best=33439.83 [2967s]
[E-678 s121] it=5600 cur=33439.83 best=33439.83 [3015s]
[E-678 s121] it=5700 cur=33394.25 best=33439.83 [3064s]
[E-678 s121] it=5800 cur=33419.71 best=33439.83 [3112s]
[E-678 s121] it=5900 cur=33244.58 best=33439.83 [3159s]
[E-678 s121] it=6000 cur=33382.30 best=33439.83 [3206s]
[E-678 s121] it=6100 cur=33393.08 best=33439.83 [3252s]
[E-678 s121] it=6200 cur=33354.41 best=33439.83 [3299s]
[E-678 s121] it=6300 cur=33404.40 best=33439.83 [3344s]
[E-678 s121] it=6400 cur=33250.27 best=33439.83 [3391s]
[E-678 s121] it=6500 cur=33380.57 best=33439.83 [3437s]
[E-678 s121] it=6600 cur=33413.12 best=33439.83 [3483s]
[E-678 s121] it=6700 cur=33356.45 best=33439.83 [3530s]
[E-678 s121] it=6800 cur=33391.86 best=33439.83 [3577s]
[E-678 s121] it=6900 cur=33176.86 best=33439.83 [3625s]
[E-678 s121] it=7000 cur=33367.52 best=33439.83 [3698s]
[E-678 s121] it=7100 cur=33385.33 best=33439.83 [3774s]
[E-678 s121] it=7200 cur=33340.71 best=33439.83 [3851s]
[E-678 s121] it=7300 cur=33386.44 best=33439.83 [3927s]
[E-678 s121] it=7400 cur=33260.26 best=33439.83 [3998s]
[E-678 s121] it=7500 cur=33427.89 best=33439.83 [4079s]
[E-678 s121] it=7600 cur=33434.93 best=33439.83 [4162s]
[E-678 s121] it=7700 cur=33413.82 best=33439.83 [4239s]
[E-678 s121] best=33440.12 (+87.13 vs bank) it=7794 acc=7794 *** BEATS BANK feas=True [4321s]
[E-678 s121] it=7800 cur=33440.12 best=33440.12 [4325s]
[E-678 s121] it=7900 cur=33440.12 best=33440.12 [4406s]
[E-678 s121] best=33440.48 (+87.49 vs bank) it=7997 acc=7997 *** BEATS BANK feas=True [4487s]
[E-678 s121] it=8000 cur=33440.48 best=33440.48 [4489s]
[E-678 s121] best=33440.61 (+87.62 vs bank) it=8013 acc=8013 *** BEATS BANK feas=True [4503s]
[E-678 s121] best=33440.89 (+87.90 vs bank) it=8069 acc=8069 *** BEATS BANK feas=True [4554s]
[E-678 s121] best=33441.37 (+88.38 vs bank) it=8070 acc=8070 *** BEATS BANK feas=True [4554s]
[E-678 s121] best=33441.48 (+88.49 vs bank) it=8094 acc=8094 *** BEATS BANK feas=True [4572s]
[E-678 s121] it=8100 cur=33441.48 best=33441.48 [4577s]
[E-678 s121] it=8200 cur=33441.48 best=33441.48 [4658s]
[E-678 s121] best=33441.63 (+88.64 vs bank) it=8243 acc=8243 *** BEATS BANK feas=True [4690s]
[E-678 s121] best=33441.70 (+88.71 vs bank) it=8292 acc=8292 *** BEATS BANK feas=True [4726s]
[E-678 s121] best=33442.95 (+89.96 vs bank) it=8293 acc=8293 *** BEATS BANK feas=True [4727s]
[E-678 s121] best=33443.32 (+90.33 vs bank) it=8295 acc=8295 *** BEATS BANK feas=True [4728s]
[E-678 s121] it=8300 cur=33443.32 best=33443.32 [4732s]
[E-678 s121] best=33443.62 (+90.63 vs bank) it=8307 acc=8307 *** BEATS BANK feas=True [4739s]
[E-678 s121] best=33444.79 (+91.80 vs bank) it=8308 acc=8308 *** BEATS BANK feas=True [4740s]
[E-678 s121] best=33445.01 (+92.02 vs bank) it=8333 acc=8333 *** BEATS BANK feas=True [4765s]
[E-678 s121] best=33445.74 (+92.75 vs bank) it=8377 acc=8377 *** BEATS BANK feas=True [4799s]
[E-678 s121] best=33446.32 (+93.33 vs bank) it=8381 acc=8381 *** BEATS BANK feas=True [4803s]
[E-678 s121] it=8400 cur=33446.32 best=33446.32 [4816s]
[E-678 s121] best=33446.89 (+93.90 vs bank) it=8439 acc=8439 *** BEATS BANK feas=True [4844s]
[E-678 s121] best=33447.42 (+94.43 vs bank) it=8442 acc=8442 *** BEATS BANK feas=True [4847s]
[E-678 s121] best=33447.44 (+94.45 vs bank) it=8458 acc=8458 *** BEATS BANK feas=True [4857s]
[E-678 s121] best=33447.79 (+94.80 vs bank) it=8459 acc=8459 *** BEATS BANK feas=True [4858s]
[E-678 s121] best=33448.18 (+95.19 vs bank) it=8462 acc=8462 *** BEATS BANK feas=True [4860s]
[E-678 s121] it=8500 cur=33448.18 best=33448.18 [4886s]
[E-678 s121] best=33448.51 (+95.52 vs bank) it=8594 acc=8594 *** BEATS BANK feas=True [4958s]
[E-678 s121] it=8600 cur=33448.51 best=33448.51 [4962s]
[E-678 s121] it=8700 cur=33448.51 best=33448.51 [5045s]
[E-678 s121] it=8800 cur=33448.51 best=33448.51 [5132s]
[E-678 s121] it=8900 cur=33409.08 best=33448.51 [5213s]
[E-678 s121] DONE best=33448.51 (+95.52 vs bank) [5300s]
