error    libmamba Could not set lock (Resource temporarily unavailable)
warning  libmamba Cannot lock '/home/julian/.cache/mamba/proc'
    Waiting for other mamba process to finish
[E-678 s131] LP-rounded start=32020.61 sel=4203 | bank=33352.99 leader=33555.62 | random-destroy 0.45
[E-678 s131] best=32566.47 (+-786.52 vs bank) it=0 acc=0 [1s]
[E-678 s131] best=32812.12 (+-540.87 vs bank) it=1 acc=1 [2s]
[E-678 s131] best=32912.23 (+-440.76 vs bank) it=2 acc=2 [2s]
[E-678 s131] best=32965.26 (+-387.73 vs bank) it=3 acc=3 [3s]
[E-678 s131] best=32989.04 (+-363.94 vs bank) it=4 acc=4 [3s]
[E-678 s131] best=33033.17 (+-319.82 vs bank) it=5 acc=5 [4s]
[E-678 s131] best=33050.81 (+-302.18 vs bank) it=6 acc=6 [4s]
[E-678 s131] best=33068.66 (+-284.33 vs bank) it=7 acc=7 [5s]
[E-678 s131] best=33102.12 (+-250.87 vs bank) it=8 acc=8 [5s]
[E-678 s131] best=33117.14 (+-235.85 vs bank) it=9 acc=9 [6s]
[E-678 s131] best=33127.60 (+-225.39 vs bank) it=10 acc=10 [7s]
[E-678 s131] best=33137.40 (+-215.59 vs bank) it=11 acc=11 [7s]
[E-678 s131] best=33160.83 (+-192.16 vs bank) it=12 acc=12 [8s]
[E-678 s131] best=33170.13 (+-182.86 vs bank) it=13 acc=13 [9s]
[E-678 s131] best=33177.01 (+-175.98 vs bank) it=14 acc=14 [9s]
[E-678 s131] best=33183.87 (+-169.12 vs bank) it=15 acc=15 [10s]
[E-678 s131] best=33190.42 (+-162.57 vs bank) it=16 acc=16 [11s]
[E-678 s131] best=33196.67 (+-156.32 vs bank) it=17 acc=17 [11s]
[E-678 s131] best=33198.58 (+-154.41 vs bank) it=18 acc=18 [12s]
[E-678 s131] best=33202.81 (+-150.18 vs bank) it=19 acc=19 [13s]
[E-678 s131] best=33209.41 (+-143.58 vs bank) it=20 acc=20 [14s]
[E-678 s131] best=33211.85 (+-141.14 vs bank) it=21 acc=21 [14s]
[E-678 s131] best=33212.46 (+-140.53 vs bank) it=22 acc=22 [15s]
[E-678 s131] best=33220.04 (+-132.95 vs bank) it=23 acc=23 [16s]
[E-678 s131] best=33224.30 (+-128.69 vs bank) it=24 acc=24 [16s]
[E-678 s131] best=33230.59 (+-122.40 vs bank) it=25 acc=25 [17s]
[E-678 s131] best=33233.77 (+-119.22 vs bank) it=26 acc=26 [17s]
[E-678 s131] best=33235.50 (+-117.49 vs bank) it=27 acc=27 [17s]
[E-678 s131] best=33238.31 (+-114.68 vs bank) it=28 acc=28 [18s]
[E-678 s131] best=33238.90 (+-114.09 vs bank) it=29 acc=29 [19s]
[E-678 s131] best=33239.91 (+-113.08 vs bank) it=30 acc=30 [19s]
[E-678 s131] best=33243.42 (+-109.57 vs bank) it=31 acc=31 [20s]
[E-678 s131] best=33244.31 (+-108.68 vs bank) it=32 acc=32 [20s]
[E-678 s131] best=33245.03 (+-107.96 vs bank) it=33 acc=33 [21s]
[E-678 s131] best=33252.78 (+-100.21 vs bank) it=34 acc=34 [22s]
[E-678 s131] best=33255.04 (+-97.95 vs bank) it=35 acc=35 [23s]
[E-678 s131] best=33259.31 (+-93.68 vs bank) it=37 acc=37 [24s]
[E-678 s131] best=33260.66 (+-92.33 vs bank) it=38 acc=38 [25s]
[E-678 s131] best=33265.76 (+-87.23 vs bank) it=39 acc=39 [26s]
[E-678 s131] best=33267.07 (+-85.92 vs bank) it=40 acc=40 [26s]
[E-678 s131] best=33269.14 (+-83.85 vs bank) it=41 acc=41 [27s]
[E-678 s131] best=33269.81 (+-83.18 vs bank) it=43 acc=43 [28s]
[E-678 s131] best=33270.99 (+-82.00 vs bank) it=44 acc=44 [29s]
[E-678 s131] best=33275.14 (+-77.85 vs bank) it=45 acc=45 [30s]
[E-678 s131] best=33276.03 (+-76.96 vs bank) it=46 acc=46 [31s]
[E-678 s131] best=33277.23 (+-75.76 vs bank) it=47 acc=47 [31s]
[E-678 s131] best=33277.31 (+-75.68 vs bank) it=52 acc=52 [34s]
[E-678 s131] best=33277.96 (+-75.03 vs bank) it=53 acc=53 [34s]
[E-678 s131] best=33279.26 (+-73.73 vs bank) it=54 acc=54 [35s]
[E-678 s131] best=33280.68 (+-72.31 vs bank) it=57 acc=57 [37s]
[E-678 s131] best=33281.12 (+-71.87 vs bank) it=58 acc=58 [38s]
[E-678 s131] best=33282.12 (+-70.87 vs bank) it=63 acc=63 [41s]
[E-678 s131] best=33283.43 (+-69.56 vs bank) it=64 acc=64 [42s]
[E-678 s131] best=33287.99 (+-65.00 vs bank) it=65 acc=65 [43s]
[E-678 s131] best=33290.81 (+-62.18 vs bank) it=66 acc=66 [43s]
[E-678 s131] best=33293.42 (+-59.57 vs bank) it=67 acc=67 [44s]
[E-678 s131] best=33297.44 (+-55.55 vs bank) it=69 acc=69 [45s]
[E-678 s131] best=33300.08 (+-52.91 vs bank) it=71 acc=71 [46s]
[E-678 s131] best=33302.81 (+-50.18 vs bank) it=73 acc=73 [47s]
[E-678 s131] best=33305.82 (+-47.17 vs bank) it=74 acc=74 [47s]
[E-678 s131] best=33306.89 (+-46.10 vs bank) it=78 acc=78 [50s]
[E-678 s131] best=33307.77 (+-45.22 vs bank) it=80 acc=80 [51s]
[E-678 s131] best=33311.62 (+-41.37 vs bank) it=81 acc=81 [51s]
[E-678 s131] best=33312.36 (+-40.63 vs bank) it=85 acc=85 [53s]
[E-678 s131] best=33312.95 (+-40.04 vs bank) it=90 acc=90 [55s]
[E-678 s131] best=33315.79 (+-37.20 vs bank) it=91 acc=91 [55s]
[E-678 s131] best=33317.26 (+-35.73 vs bank) it=94 acc=94 [57s]
[E-678 s131] best=33317.99 (+-35.00 vs bank) it=96 acc=96 [58s]
[E-678 s131] best=33318.03 (+-34.96 vs bank) it=99 acc=99 [60s]
[E-678 s131] it=100 cur=33318.03 best=33318.03 [61s]
[E-678 s131] best=33319.57 (+-33.42 vs bank) it=103 acc=103 [63s]
[E-678 s131] best=33320.84 (+-32.15 vs bank) it=121 acc=121 [72s]
[E-678 s131] best=33321.26 (+-31.73 vs bank) it=126 acc=126 [75s]
[E-678 s131] best=33321.42 (+-31.57 vs bank) it=128 acc=128 [76s]
[E-678 s131] best=33321.61 (+-31.38 vs bank) it=129 acc=129 [77s]
[E-678 s131] best=33321.83 (+-31.16 vs bank) it=132 acc=132 [78s]
[E-678 s131] best=33322.20 (+-30.79 vs bank) it=134 acc=134 [79s]
[E-678 s131] best=33322.63 (+-30.36 vs bank) it=135 acc=135 [80s]
[E-678 s131] best=33323.68 (+-29.31 vs bank) it=136 acc=136 [80s]
[E-678 s131] best=33325.31 (+-27.68 vs bank) it=138 acc=138 [81s]
[E-678 s131] best=33325.58 (+-27.41 vs bank) it=141 acc=141 [83s]
[E-678 s131] best=33325.84 (+-27.15 vs bank) it=142 acc=142 [83s]
[E-678 s131] best=33326.44 (+-26.55 vs bank) it=153 acc=153 [90s]
[E-678 s131] best=33329.78 (+-23.21 vs bank) it=158 acc=158 [93s]
[E-678 s131] best=33330.23 (+-22.76 vs bank) it=159 acc=159 [93s]
[E-678 s131] best=33330.27 (+-22.72 vs bank) it=161 acc=161 [94s]
[E-678 s131] best=33330.41 (+-22.58 vs bank) it=163 acc=163 [96s]
[E-678 s131] best=33331.31 (+-21.68 vs bank) it=170 acc=170 [99s]
[E-678 s131] best=33331.88 (+-21.11 vs bank) it=172 acc=172 [100s]
[E-678 s131] best=33331.99 (+-21.00 vs bank) it=173 acc=173 [101s]
[E-678 s131] best=33333.52 (+-19.47 vs bank) it=179 acc=179 [105s]
[E-678 s131] best=33335.13 (+-17.86 vs bank) it=182 acc=182 [107s]
[E-678 s131] best=33336.23 (+-16.76 vs bank) it=193 acc=193 [113s]
[E-678 s131] best=33338.79 (+-14.20 vs bank) it=196 acc=196 [114s]
[E-678 s131] best=33339.01 (+-13.98 vs bank) it=198 acc=198 [115s]
[E-678 s131] it=200 cur=33339.01 best=33339.01 [116s]
[E-678 s131] best=33340.29 (+-12.70 vs bank) it=201 acc=201 [116s]
[E-678 s131] best=33343.09 (+-9.90 vs bank) it=212 acc=212 [121s]
[E-678 s131] best=33344.13 (+-8.86 vs bank) it=215 acc=215 [123s]
[E-678 s131] best=33344.49 (+-8.50 vs bank) it=224 acc=224 [127s]
[E-678 s131] best=33344.72 (+-8.27 vs bank) it=225 acc=225 [128s]
[E-678 s131] best=33345.60 (+-7.39 vs bank) it=238 acc=238 [133s]
[E-678 s131] best=33345.68 (+-7.31 vs bank) it=242 acc=242 [135s]
[E-678 s131] best=33347.12 (+-5.87 vs bank) it=247 acc=247 [137s]
[E-678 s131] best=33348.32 (+-4.67 vs bank) it=267 acc=267 [146s]
[E-678 s131] best=33349.33 (+-3.66 vs bank) it=268 acc=268 [146s]
[E-678 s131] best=33349.39 (+-3.60 vs bank) it=292 acc=292 [157s]
[E-678 s131] best=33349.44 (+-3.55 vs bank) it=293 acc=293 [157s]
[E-678 s131] best=33349.87 (+-3.12 vs bank) it=295 acc=295 [158s]
[E-678 s131] it=300 cur=33349.87 best=33349.87 [160s]
[E-678 s131] best=33350.02 (+-2.97 vs bank) it=302 acc=302 [161s]
[E-678 s131] best=33350.31 (+-2.68 vs bank) it=303 acc=303 [161s]
[E-678 s131] best=33352.02 (+-0.97 vs bank) it=322 acc=322 [169s]
[E-678 s131] best=33352.22 (+-0.77 vs bank) it=343 acc=343 [180s]
[E-678 s131] best=33352.50 (+-0.49 vs bank) it=345 acc=345 [182s]
[E-678 s131] best=33352.96 (+-0.03 vs bank) it=367 acc=367 [192s]
[E-678 s131] it=400 cur=33352.96 best=33352.96 [206s]
[E-678 s131] best=33354.92 (+1.93 vs bank) it=405 acc=405 *** BEATS BANK feas=True [209s]
[E-678 s131] best=33356.57 (+3.58 vs bank) it=407 acc=407 *** BEATS BANK feas=True [209s]
[E-678 s131] best=33357.66 (+4.67 vs bank) it=408 acc=408 *** BEATS BANK feas=True [210s]
[E-678 s131] best=33357.88 (+4.89 vs bank) it=414 acc=414 *** BEATS BANK feas=True [212s]
[E-678 s131] best=33357.94 (+4.95 vs bank) it=418 acc=418 *** BEATS BANK feas=True [214s]
[E-678 s131] best=33359.35 (+6.36 vs bank) it=461 acc=461 *** BEATS BANK feas=True [239s]
[E-678 s131] best=33359.53 (+6.54 vs bank) it=474 acc=474 *** BEATS BANK feas=True [245s]
[E-678 s131] best=33360.65 (+7.66 vs bank) it=477 acc=477 *** BEATS BANK feas=True [246s]
[E-678 s131] it=500 cur=33360.65 best=33360.65 [256s]
[E-678 s131] best=33362.27 (+9.28 vs bank) it=555 acc=555 *** BEATS BANK feas=True [285s]
[E-678 s131] best=33362.37 (+9.38 vs bank) it=567 acc=567 *** BEATS BANK feas=True [290s]
[E-678 s131] best=33362.86 (+9.87 vs bank) it=579 acc=579 *** BEATS BANK feas=True [295s]
[E-678 s131] it=600 cur=33362.86 best=33362.86 [303s]
[E-678 s131] best=33363.36 (+10.37 vs bank) it=696 acc=696 *** BEATS BANK feas=True [344s]
[E-678 s131] it=700 cur=33363.36 best=33363.36 [345s]
[E-678 s131] best=33363.56 (+10.57 vs bank) it=743 acc=743 *** BEATS BANK feas=True [368s]
[E-678 s131] best=33365.82 (+12.83 vs bank) it=758 acc=758 *** BEATS BANK feas=True [375s]
[E-678 s131] best=33365.89 (+12.90 vs bank) it=761 acc=761 *** BEATS BANK feas=True [377s]
[E-678 s131] best=33366.60 (+13.61 vs bank) it=789 acc=789 *** BEATS BANK feas=True [391s]
[E-678 s131] best=33366.95 (+13.96 vs bank) it=796 acc=796 *** BEATS BANK feas=True [394s]
[E-678 s131] it=800 cur=33366.95 best=33366.95 [396s]
[E-678 s131] it=900 cur=33366.95 best=33366.95 [438s]
[E-678 s131] it=1000 cur=33366.95 best=33366.95 [486s]
[E-678 s131] best=33368.00 (+15.01 vs bank) it=1083 acc=1083 *** BEATS BANK feas=True [521s]
[E-678 s131] best=33368.32 (+15.33 vs bank) it=1088 acc=1088 *** BEATS BANK feas=True [523s]
[E-678 s131] it=1100 cur=33368.32 best=33368.32 [528s]
[E-678 s131] best=33368.43 (+15.44 vs bank) it=1106 acc=1106 *** BEATS BANK feas=True [530s]
[E-678 s131] best=33368.59 (+15.60 vs bank) it=1108 acc=1108 *** BEATS BANK feas=True [531s]
[E-678 s131] it=1200 cur=33368.59 best=33368.59 [571s]
[E-678 s131] best=33368.64 (+15.65 vs bank) it=1276 acc=1276 *** BEATS BANK feas=True [603s]
[E-678 s131] best=33370.35 (+17.36 vs bank) it=1284 acc=1284 *** BEATS BANK feas=True [606s]
[E-678 s131] it=1300 cur=33370.35 best=33370.35 [613s]
[E-678 s131] best=33372.71 (+19.72 vs bank) it=1304 acc=1304 *** BEATS BANK feas=True [616s]
[E-678 s131] best=33373.62 (+20.63 vs bank) it=1312 acc=1312 *** BEATS BANK feas=True [620s]
[E-678 s131] best=33374.61 (+21.62 vs bank) it=1321 acc=1321 *** BEATS BANK feas=True [624s]
[E-678 s131] best=33375.65 (+22.67 vs bank) it=1375 acc=1375 *** BEATS BANK feas=True [647s]
[E-678 s131] it=1400 cur=33375.65 best=33375.65 [658s]
[E-678 s131] best=33375.87 (+22.88 vs bank) it=1410 acc=1410 *** BEATS BANK feas=True [664s]
[E-678 s131] best=33375.92 (+22.93 vs bank) it=1413 acc=1413 *** BEATS BANK feas=True [665s]
[E-678 s131] best=33376.80 (+23.81 vs bank) it=1460 acc=1460 *** BEATS BANK feas=True [694s]
[E-678 s131] best=33377.38 (+24.39 vs bank) it=1461 acc=1461 *** BEATS BANK feas=True [695s]
[E-678 s131] best=33378.22 (+25.23 vs bank) it=1480 acc=1480 *** BEATS BANK feas=True [703s]
[E-678 s131] best=33378.87 (+25.88 vs bank) it=1486 acc=1486 *** BEATS BANK feas=True [706s]
[E-678 s131] it=1500 cur=33378.87 best=33378.87 [712s]
[E-678 s131] it=1600 cur=33378.87 best=33378.87 [758s]
[E-678 s131] best=33379.95 (+26.96 vs bank) it=1658 acc=1658 *** BEATS BANK feas=True [790s]
[E-678 s131] best=33381.45 (+28.46 vs bank) it=1672 acc=1672 *** BEATS BANK feas=True [799s]
[E-678 s131] it=1700 cur=33381.45 best=33381.45 [812s]
[E-678 s131] it=1800 cur=33381.45 best=33381.45 [861s]
[E-678 s131] it=1900 cur=33381.45 best=33381.45 [911s]
[E-678 s131] it=2000 cur=33381.45 best=33381.45 [967s]
[E-678 s131] best=33382.27 (+29.28 vs bank) it=2030 acc=2030 *** BEATS BANK feas=True [983s]
[E-678 s131] it=2100 cur=33382.27 best=33382.27 [1015s]
[E-678 s131] best=33382.85 (+29.86 vs bank) it=2148 acc=2148 *** BEATS BANK feas=True [1041s]
[E-678 s131] best=33383.38 (+30.39 vs bank) it=2158 acc=2158 *** BEATS BANK feas=True [1045s]
[E-678 s131] best=33385.19 (+32.20 vs bank) it=2200 acc=2200 *** BEATS BANK feas=True [1066s]
[E-678 s131] it=2200 cur=33385.19 best=33385.19 [1066s]
[E-678 s131] best=33386.29 (+33.30 vs bank) it=2204 acc=2204 *** BEATS BANK feas=True [1068s]
[E-678 s131] best=33386.79 (+33.80 vs bank) it=2246 acc=2246 *** BEATS BANK feas=True [1090s]
[E-678 s131] best=33388.01 (+35.02 vs bank) it=2247 acc=2247 *** BEATS BANK feas=True [1091s]
[E-678 s131] best=33390.02 (+37.03 vs bank) it=2248 acc=2248 *** BEATS BANK feas=True [1092s]
[E-678 s131] best=33390.79 (+37.80 vs bank) it=2249 acc=2249 *** BEATS BANK feas=True [1092s]
[E-678 s131] it=2300 cur=33390.79 best=33390.79 [1116s]
[E-678 s131] it=2400 cur=33390.79 best=33390.79 [1163s]
[E-678 s131] best=33391.91 (+38.92 vs bank) it=2405 acc=2405 *** BEATS BANK feas=True [1166s]
[E-678 s131] it=2500 cur=33391.91 best=33391.91 [1216s]
[E-678 s131] best=33393.05 (+40.06 vs bank) it=2522 acc=2522 *** BEATS BANK feas=True [1225s]
[E-678 s131] best=33393.45 (+40.46 vs bank) it=2525 acc=2525 *** BEATS BANK feas=True [1226s]
[E-678 s131] best=33393.61 (+40.62 vs bank) it=2547 acc=2547 *** BEATS BANK feas=True [1236s]
[E-678 s131] best=33393.75 (+40.76 vs bank) it=2558 acc=2558 *** BEATS BANK feas=True [1240s]
[E-678 s131] it=2600 cur=33393.75 best=33393.75 [1260s]
[E-678 s131] it=2700 cur=33393.75 best=33393.75 [1312s]
[E-678 s131] best=33393.95 (+40.96 vs bank) it=2707 acc=2707 *** BEATS BANK feas=True [1315s]
[E-678 s131] best=33394.11 (+41.12 vs bank) it=2764 acc=2764 *** BEATS BANK feas=True [1343s]
[E-678 s131] best=33395.44 (+42.45 vs bank) it=2773 acc=2773 *** BEATS BANK feas=True [1350s]
[E-678 s131] best=33397.36 (+44.37 vs bank) it=2774 acc=2774 *** BEATS BANK feas=True [1350s]
[E-678 s131] it=2800 cur=33397.36 best=33397.36 [1364s]
[E-678 s131] best=33397.53 (+44.54 vs bank) it=2865 acc=2865 *** BEATS BANK feas=True [1395s]
[E-678 s131] it=2900 cur=33397.53 best=33397.53 [1413s]
[E-678 s131] it=3000 cur=33397.53 best=33397.53 [1461s]
[E-678 s131] it=3100 cur=33397.53 best=33397.53 [1513s]
[E-678 s131] it=3200 cur=33397.53 best=33397.53 [1562s]
[E-678 s131] it=3300 cur=33397.53 best=33397.53 [1610s]
[E-678 s131] it=3400 cur=33397.53 best=33397.53 [1661s]
[E-678 s131] it=3500 cur=33316.36 best=33397.53 [1709s]
[E-678 s131] it=3600 cur=33364.73 best=33397.53 [1765s]
[E-678 s131] it=3700 cur=33373.48 best=33397.53 [1815s]
