error    libmamba Could not set lock (Resource temporarily unavailable)
warning  libmamba Cannot lock '/home/julian/.cache/mamba/proc'
    Waiting for other mamba process to finish
[E-678 s110] current-bank start=33441.24 sel=4471 | bank=33352.99 leader=33555.62 | random-destroy 0.45
[E-678 s110] it=100 cur=33441.24 best=33441.24 [69s]
[E-678 s110] it=200 cur=33441.24 best=33441.24 [133s]
[E-678 s110] it=300 cur=33441.24 best=33441.24 [198s]
[E-678 s110] it=400 cur=33441.24 best=33441.24 [263s]
[E-678 s110] it=500 cur=33441.24 best=33441.24 [326s]
[E-678 s110] it=600 cur=33441.24 best=33441.24 [387s]
[E-678 s110] best=33441.49 (+88.50 vs bank) it=629 acc=629 *** BEATS BANK feas=True [404s]
[E-678 s110] best=33442.28 (+89.29 vs bank) it=633 acc=633 *** BEATS BANK feas=True [407s]
[E-678 s110] best=33443.14 (+90.15 vs bank) it=674 acc=674 *** BEATS BANK feas=True [428s]
[E-678 s110] best=33443.59 (+90.60 vs bank) it=677 acc=677 *** BEATS BANK feas=True [430s]
[E-678 s110] best=33443.65 (+90.67 vs bank) it=678 acc=678 *** BEATS BANK feas=True [430s]
[E-678 s110] best=33443.67 (+90.68 vs bank) it=679 acc=679 *** BEATS BANK feas=True [431s]
[E-678 s110] best=33444.05 (+91.06 vs bank) it=681 acc=681 *** BEATS BANK feas=True [432s]
[E-678 s110] it=700 cur=33444.05 best=33444.05 [441s]
[E-678 s110] best=33444.23 (+91.24 vs bank) it=716 acc=716 *** BEATS BANK feas=True [449s]
[E-678 s110] best=33445.07 (+92.08 vs bank) it=779 acc=779 *** BEATS BANK feas=True [482s]
[E-678 s110] it=800 cur=33445.07 best=33445.07 [493s]
[E-678 s110] it=900 cur=33445.07 best=33445.07 [548s]
[E-678 s110] best=33445.08 (+92.09 vs bank) it=902 acc=902 *** BEATS BANK feas=True [549s]
[E-678 s110] best=33445.48 (+92.49 vs bank) it=908 acc=908 *** BEATS BANK feas=True [552s]
[E-678 s110] best=33445.78 (+92.79 vs bank) it=910 acc=910 *** BEATS BANK feas=True [552s]
[E-678 s110] it=1000 cur=33445.78 best=33445.78 [606s]
[E-678 s110] it=1100 cur=33445.78 best=33445.78 [660s]
[E-678 s110] it=1200 cur=33445.78 best=33445.78 [712s]
[E-678 s110] it=1300 cur=33445.78 best=33445.78 [765s]
[E-678 s110] it=1400 cur=33445.78 best=33445.78 [821s]
[E-678 s110] it=1500 cur=33445.78 best=33445.78 [875s]
[E-678 s110] it=1600 cur=33445.78 best=33445.78 [931s]
[E-678 s110] it=1700 cur=33445.78 best=33445.78 [987s]
[E-678 s110] it=1800 cur=33445.78 best=33445.78 [1038s]
[E-678 s110] it=1900 cur=33445.78 best=33445.78 [1092s]
[E-678 s110] it=2000 cur=33445.78 best=33445.78 [1141s]
[E-678 s110] it=2100 cur=33445.78 best=33445.78 [1194s]
[E-678 s110] it=2200 cur=33445.78 best=33445.78 [1249s]
[E-678 s110] it=2300 cur=33445.78 best=33445.78 [1301s]
[E-678 s110] it=2400 cur=33445.78 best=33445.78 [1355s]
[E-678 s110] it=2500 cur=33445.78 best=33445.78 [1406s]
[E-678 s110] it=2600 cur=33445.78 best=33445.78 [1456s]
[E-678 s110] it=2700 cur=33445.78 best=33445.78 [1510s]
[E-678 s110] it=2800 cur=33445.78 best=33445.78 [1566s]
[E-678 s110] it=2900 cur=33445.78 best=33445.78 [1614s]
[E-678 s110] it=3000 cur=33445.78 best=33445.78 [1668s]
[E-678 s110] it=3100 cur=33445.78 best=33445.78 [1726s]
[E-678 s110] it=3200 cur=33445.78 best=33445.78 [1780s]
[E-678 s110] it=3300 cur=33445.78 best=33445.78 [1842s]
[E-678 s110] best=33445.86 (+92.87 vs bank) it=3330 acc=3330 *** BEATS BANK feas=True [1862s]
[E-678 s110] best=33445.90 (+92.91 vs bank) it=3334 acc=3334 *** BEATS BANK feas=True [1865s]
[E-678 s110] best=33446.08 (+93.09 vs bank) it=3391 acc=3391 *** BEATS BANK feas=True [1901s]
[E-678 s110] best=33446.69 (+93.70 vs bank) it=3394 acc=3394 *** BEATS BANK feas=True [1903s]
[E-678 s110] best=33447.22 (+94.23 vs bank) it=3397 acc=3397 *** BEATS BANK feas=True [1905s]
[E-678 s110] it=3400 cur=33447.22 best=33447.22 [1907s]
[E-678 s110] best=33448.05 (+95.06 vs bank) it=3439 acc=3439 *** BEATS BANK feas=True [1931s]
[E-678 s110] it=3500 cur=33448.05 best=33448.05 [1971s]
[E-678 s110] it=3600 cur=33448.05 best=33448.05 [2028s]
[E-678 s110] it=3700 cur=33448.05 best=33448.05 [2084s]
[E-678 s110] it=3800 cur=33448.05 best=33448.05 [2139s]
[E-678 s110] it=3900 cur=33448.05 best=33448.05 [2195s]
[E-678 s110] it=4000 cur=33448.05 best=33448.05 [2247s]
[E-678 s110] it=4100 cur=33448.05 best=33448.05 [2302s]
[E-678 s110] it=4200 cur=33448.05 best=33448.05 [2356s]
[E-678 s110] best=33448.39 (+95.40 vs bank) it=4201 acc=4201 *** BEATS BANK feas=True [2357s]
[E-678 s110] best=33448.81 (+95.82 vs bank) it=4276 acc=4276 *** BEATS BANK feas=True [2390s]
[E-678 s110] it=4300 cur=33448.81 best=33448.81 [2404s]
[E-678 s110] best=33448.84 (+95.85 vs bank) it=4319 acc=4319 *** BEATS BANK feas=True [2415s]
[E-678 s110] it=4400 cur=33448.84 best=33448.84 [2460s]
[E-678 s110] it=4500 cur=33448.84 best=33448.84 [2517s]
[E-678 s110] it=4600 cur=33448.84 best=33448.84 [2570s]
[E-678 s110] it=4700 cur=33448.84 best=33448.84 [2626s]
[E-678 s110] it=4800 cur=33448.84 best=33448.84 [2680s]
[E-678 s110] it=4900 cur=33448.84 best=33448.84 [2728s]
[E-678 s110] it=5000 cur=33448.84 best=33448.84 [2786s]
[E-678 s110] it=5100 cur=33448.84 best=33448.84 [2842s]
[E-678 s110] it=5200 cur=33448.84 best=33448.84 [2900s]
[E-678 s110] it=5300 cur=33448.84 best=33448.84 [2956s]
[E-678 s110] it=5400 cur=33448.84 best=33448.84 [3011s]
[E-678 s110] it=5500 cur=33448.84 best=33448.84 [3066s]
