error    libmamba Could not set lock (Resource temporarily unavailable)
warning  libmamba Cannot lock '/home/julian/.cache/mamba/proc'
    Waiting for other mamba process to finish
[E-678 s60] current-bank start=73207.46 sel=9148 | bank=72206.52 leader=73714.03 | random-destroy 0.45
[E-678 s60] best=73207.54 (+1001.02 vs bank) it=2 acc=2 *** BEATS BANK feas=True [10s]
[E-678 s60] best=73208.34 (+1001.82 vs bank) it=3 acc=3 *** BEATS BANK feas=True [14s]
[E-678 s60] best=73208.79 (+1002.27 vs bank) it=12 acc=12 *** BEATS BANK feas=True [46s]
[E-678 s60] best=73209.31 (+1002.79 vs bank) it=13 acc=13 *** BEATS BANK feas=True [50s]
[E-678 s60] it=100 cur=73209.31 best=73209.31 [277s]
[E-678 s60] best=73209.62 (+1003.10 vs bank) it=114 acc=114 *** BEATS BANK feas=True [307s]
[E-678 s60] best=73209.75 (+1003.23 vs bank) it=122 acc=122 *** BEATS BANK feas=True [324s]
[E-678 s60] best=73209.98 (+1003.46 vs bank) it=127 acc=127 *** BEATS BANK feas=True [335s]
[E-678 s60] best=73210.84 (+1004.32 vs bank) it=149 acc=149 *** BEATS BANK feas=True [382s]
[E-678 s60] best=73211.79 (+1005.27 vs bank) it=161 acc=161 *** BEATS BANK feas=True [408s]
[E-678 s60] best=73211.90 (+1005.38 vs bank) it=162 acc=162 *** BEATS BANK feas=True [410s]
[E-678 s60] best=73212.99 (+1006.47 vs bank) it=170 acc=170 *** BEATS BANK feas=True [428s]
[E-678 s60] best=73215.33 (+1008.81 vs bank) it=184 acc=184 *** BEATS BANK feas=True [458s]
[E-678 s60] best=73216.09 (+1009.57 vs bank) it=186 acc=186 *** BEATS BANK feas=True [463s]
[E-678 s60] best=73216.36 (+1009.84 vs bank) it=199 acc=199 *** BEATS BANK feas=True [492s]
[E-678 s60] it=200 cur=73216.36 best=73216.36 [495s]
[E-678 s60] best=73219.03 (+1012.51 vs bank) it=201 acc=201 *** BEATS BANK feas=True [497s]
[E-678 s60] best=73219.28 (+1012.76 vs bank) it=214 acc=214 *** BEATS BANK feas=True [527s]
[E-678 s60] it=300 cur=73219.28 best=73219.28 [694s]
[E-678 s60] it=400 cur=73219.28 best=73219.28 [874s]
[E-678 s60] best=73219.61 (+1013.09 vs bank) it=413 acc=413 *** BEATS BANK feas=True [897s]
[E-678 s60] it=500 cur=73219.61 best=73219.61 [1054s]
[E-678 s60] best=73219.97 (+1013.45 vs bank) it=561 acc=561 *** BEATS BANK feas=True [1163s]
[E-678 s60] best=73219.99 (+1013.47 vs bank) it=576 acc=576 *** BEATS BANK feas=True [1190s]
[E-678 s60] it=600 cur=73219.99 best=73219.99 [1233s]
[E-678 s60] best=73221.24 (+1014.72 vs bank) it=626 acc=626 *** BEATS BANK feas=True [1279s]
[E-678 s60] it=700 cur=73221.24 best=73221.24 [1412s]
[E-678 s60] best=73221.32 (+1014.80 vs bank) it=703 acc=703 *** BEATS BANK feas=True [1417s]
[E-678 s60] best=73222.21 (+1015.69 vs bank) it=711 acc=711 *** BEATS BANK feas=True [1432s]
[E-678 s60] best=73222.60 (+1016.08 vs bank) it=714 acc=714 *** BEATS BANK feas=True [1437s]
[E-678 s60] it=800 cur=73222.60 best=73222.60 [1592s]
[E-678 s60] best=73223.37 (+1016.85 vs bank) it=875 acc=875 *** BEATS BANK feas=True [1727s]
[E-678 s60] best=73223.88 (+1017.36 vs bank) it=877 acc=877 *** BEATS BANK feas=True [1731s]
[E-678 s60] it=900 cur=73223.88 best=73223.88 [1772s]
[E-678 s60] best=73224.43 (+1017.91 vs bank) it=928 acc=928 *** BEATS BANK feas=True [1826s]
[E-678 s60] it=1000 cur=73224.43 best=73224.43 [2106s]
[E-678 s60] best=73226.14 (+1019.62 vs bank) it=1020 acc=1020 *** BEATS BANK feas=True [2165s]
[E-678 s60] best=73226.79 (+1020.26 vs bank) it=1029 acc=1029 *** BEATS BANK feas=True [2181s]
[E-678 s60] best=73226.92 (+1020.40 vs bank) it=1055 acc=1055 *** BEATS BANK feas=True [2228s]
[E-678 s60] best=73228.16 (+1021.64 vs bank) it=1057 acc=1057 *** BEATS BANK feas=True [2231s]
[E-678 s60] best=73228.19 (+1021.67 vs bank) it=1058 acc=1058 *** BEATS BANK feas=True [2233s]
[E-678 s60] best=73228.38 (+1021.86 vs bank) it=1067 acc=1067 *** BEATS BANK feas=True [2249s]
[E-678 s60] best=73228.89 (+1022.37 vs bank) it=1074 acc=1074 *** BEATS BANK feas=True [2262s]
[E-678 s60] best=73229.74 (+1023.22 vs bank) it=1079 acc=1079 *** BEATS BANK feas=True [2271s]
[E-678 s60] it=1100 cur=73229.74 best=73229.74 [2309s]
[E-678 s60] best=73231.55 (+1025.03 vs bank) it=1107 acc=1107 *** BEATS BANK feas=True [2322s]
[E-678 s60] best=73231.61 (+1025.09 vs bank) it=1109 acc=1109 *** BEATS BANK feas=True [2325s]
[E-678 s60] best=73232.24 (+1025.72 vs bank) it=1110 acc=1110 *** BEATS BANK feas=True [2327s]
[E-678 s60] best=73232.49 (+1025.97 vs bank) it=1113 acc=1113 *** BEATS BANK feas=True [2333s]
[E-678 s60] best=73234.78 (+1028.26 vs bank) it=1114 acc=1114 *** BEATS BANK feas=True [2335s]
[E-678 s60] best=73235.79 (+1029.26 vs bank) it=1155 acc=1155 *** BEATS BANK feas=True [2409s]
[E-678 s60] best=73237.67 (+1031.15 vs bank) it=1158 acc=1158 *** BEATS BANK feas=True [2414s]
[E-678 s60] best=73238.94 (+1032.42 vs bank) it=1182 acc=1182 *** BEATS BANK feas=True [2458s]
[E-678 s60] it=1200 cur=73238.94 best=73238.94 [2490s]
[E-678 s60] best=73240.07 (+1033.55 vs bank) it=1291 acc=1291 *** BEATS BANK feas=True [2655s]
[E-678 s60] it=1300 cur=73240.07 best=73240.07 [2671s]
[E-678 s60] it=1400 cur=73240.07 best=73240.07 [2852s]
[E-678 s60] it=1500 cur=73240.07 best=73240.07 [3033s]
[E-678 s60] best=73240.28 (+1033.76 vs bank) it=1506 acc=1506 *** BEATS BANK feas=True [3044s]
[E-678 s60] it=1600 cur=73240.28 best=73240.28 [3209s]
[E-678 s60] it=1700 cur=73240.28 best=73240.28 [3376s]
[E-678 s60] best=73240.29 (+1033.77 vs bank) it=1733 acc=1733 *** BEATS BANK feas=True [3431s]
[E-678 s60] it=1800 cur=73240.29 best=73240.29 [3543s]
[E-678 s60] it=1900 cur=73240.29 best=73240.29 [3795s]
[E-678 s60] it=2000 cur=73240.29 best=73240.29 [4104s]
[E-678 s60] it=2100 cur=73240.29 best=73240.29 [4400s]
[E-678 s60] it=2200 cur=72661.59 best=73240.29 [4784s]
[E-678 s60] it=2300 cur=72848.89 best=73240.29 [5114s]
[E-678 s60] it=2400 cur=72917.43 best=73240.29 [5412s]
[E-678 s60] it=2500 cur=72967.33 best=73240.29 [5669s]
[E-678 s60] it=2600 cur=72677.43 best=73240.29 [5959s]
[E-678 s60] it=2700 cur=72819.28 best=73240.29 [6213s]
[E-678 s60] it=2800 cur=72884.04 best=73240.29 [6466s]
[E-678 s60] it=2900 cur=72957.76 best=73240.29 [6716s]
[E-678 s60] it=3000 cur=72675.96 best=73240.29 [7003s]
[E-678 s60] it=3100 cur=72842.77 best=73240.29 [7442s]
[E-678 s60] it=3200 cur=73207.46 best=73240.29 [8729s]
[E-678 s60] it=3300 cur=73211.06 best=73240.29 [8920s]
[E-678 s60] it=3400 cur=72753.84 best=73240.29 [9173s]
[E-678 s60] it=3500 cur=72922.63 best=73240.29 [9428s]
[E-678 s60] it=3600 cur=72976.70 best=73240.29 [9633s]
[E-678 s60] it=3700 cur=72997.01 best=73240.29 [9934s]
[E-678 s60] it=3800 cur=72760.74 best=73240.29 [10256s]
[E-678 s60] it=3900 cur=72919.65 best=73240.29 [10570s]
[E-678 s60] it=4000 cur=72951.95 best=73240.29 [10867s]
[E-678 s60] it=4100 cur=72970.04 best=73240.29 [11189s]
[E-678 s60] it=4200 cur=72597.39 best=73240.29 [11526s]
[E-678 s60] it=4300 cur=72752.71 best=73240.29 [11911s]
[E-678 s60] it=4400 cur=72836.73 best=73240.29 [12274s]
[E-678 s60] it=4500 cur=72899.06 best=73240.29 [12613s]
[E-678 s60] it=4600 cur=72483.40 best=73240.29 [13015s]
[E-678 s60] it=4700 cur=72669.92 best=73240.29 [13387s]
