error    libmamba Could not set lock (Resource temporarily unavailable)
warning  libmamba Cannot lock '/home/julian/.cache/mamba/proc'
    Waiting for other mamba process to finish
[E-678 s61] LP-rounded start=69503.05 sel=8589 | bank=72206.52 leader=73714.03 | random-destroy 0.5
[E-678 s61] best=69515.69 (+-2690.83 vs bank) it=1 acc=1 [20s]
[E-678 s61] best=70874.76 (+-1331.76 vs bank) it=2 acc=2 [30s]
[E-678 s61] best=71266.31 (+-940.21 vs bank) it=3 acc=3 [37s]
[E-678 s61] best=71516.46 (+-690.06 vs bank) it=4 acc=4 [44s]
[E-678 s61] best=71713.00 (+-493.52 vs bank) it=5 acc=5 [49s]
[E-678 s61] best=71841.26 (+-365.26 vs bank) it=6 acc=6 [55s]
[E-678 s61] best=71933.34 (+-273.18 vs bank) it=7 acc=7 [60s]
[E-678 s61] best=72007.89 (+-198.63 vs bank) it=8 acc=8 [67s]
[E-678 s61] best=72072.20 (+-134.32 vs bank) it=9 acc=9 [73s]
[E-678 s61] best=72142.10 (+-64.42 vs bank) it=10 acc=10 [78s]
[E-678 s61] best=72170.43 (+-36.09 vs bank) it=11 acc=11 [84s]
[E-678 s61] best=72211.85 (+5.33 vs bank) it=12 acc=12 *** BEATS BANK feas=True [90s]
[E-678 s61] best=72258.56 (+52.04 vs bank) it=13 acc=13 *** BEATS BANK feas=True [95s]
[E-678 s61] best=72282.45 (+75.93 vs bank) it=14 acc=14 *** BEATS BANK feas=True [100s]
[E-678 s61] best=72308.97 (+102.45 vs bank) it=15 acc=15 *** BEATS BANK feas=True [105s]
[E-678 s61] best=72337.68 (+131.16 vs bank) it=16 acc=16 *** BEATS BANK feas=True [111s]
[E-678 s61] best=72356.97 (+150.45 vs bank) it=17 acc=17 *** BEATS BANK feas=True [117s]
[E-678 s61] best=72379.06 (+172.54 vs bank) it=18 acc=18 *** BEATS BANK feas=True [122s]
[E-678 s61] best=72392.01 (+185.49 vs bank) it=19 acc=19 *** BEATS BANK feas=True [129s]
[E-678 s61] best=72413.51 (+206.99 vs bank) it=20 acc=20 *** BEATS BANK feas=True [135s]
[E-678 s61] best=72418.41 (+211.89 vs bank) it=21 acc=21 *** BEATS BANK feas=True [141s]
[E-678 s61] best=72436.78 (+230.26 vs bank) it=22 acc=22 *** BEATS BANK feas=True [147s]
[E-678 s61] best=72455.28 (+248.76 vs bank) it=23 acc=23 *** BEATS BANK feas=True [152s]
[E-678 s61] best=72470.93 (+264.41 vs bank) it=24 acc=24 *** BEATS BANK feas=True [156s]
[E-678 s61] best=72477.05 (+270.53 vs bank) it=25 acc=25 *** BEATS BANK feas=True [161s]
[E-678 s61] best=72488.31 (+281.79 vs bank) it=26 acc=26 *** BEATS BANK feas=True [164s]
[E-678 s61] best=72496.66 (+290.14 vs bank) it=27 acc=27 *** BEATS BANK feas=True [168s]
[E-678 s61] best=72504.16 (+297.64 vs bank) it=28 acc=28 *** BEATS BANK feas=True [172s]
[E-678 s61] best=72516.84 (+310.32 vs bank) it=29 acc=29 *** BEATS BANK feas=True [176s]
[E-678 s61] best=72532.26 (+325.74 vs bank) it=30 acc=30 *** BEATS BANK feas=True [180s]
[E-678 s61] best=72540.88 (+334.36 vs bank) it=31 acc=31 *** BEATS BANK feas=True [185s]
[E-678 s61] best=72549.04 (+342.52 vs bank) it=32 acc=32 *** BEATS BANK feas=True [190s]
[E-678 s61] best=72552.96 (+346.44 vs bank) it=33 acc=33 *** BEATS BANK feas=True [194s]
[E-678 s61] best=72560.34 (+353.82 vs bank) it=34 acc=34 *** BEATS BANK feas=True [199s]
[E-678 s61] best=72564.58 (+358.06 vs bank) it=35 acc=35 *** BEATS BANK feas=True [205s]
[E-678 s61] best=72571.44 (+364.92 vs bank) it=36 acc=36 *** BEATS BANK feas=True [211s]
[E-678 s61] best=72577.43 (+370.91 vs bank) it=37 acc=37 *** BEATS BANK feas=True [216s]
[E-678 s61] best=72586.12 (+379.60 vs bank) it=38 acc=38 *** BEATS BANK feas=True [221s]
[E-678 s61] best=72601.19 (+394.67 vs bank) it=39 acc=39 *** BEATS BANK feas=True [224s]
[E-678 s61] best=72612.27 (+405.75 vs bank) it=40 acc=40 *** BEATS BANK feas=True [228s]
[E-678 s61] best=72621.92 (+415.40 vs bank) it=41 acc=41 *** BEATS BANK feas=True [233s]
[E-678 s61] best=72630.69 (+424.17 vs bank) it=42 acc=42 *** BEATS BANK feas=True [237s]
[E-678 s61] best=72645.27 (+438.75 vs bank) it=43 acc=43 *** BEATS BANK feas=True [241s]
[E-678 s61] best=72650.77 (+444.25 vs bank) it=44 acc=44 *** BEATS BANK feas=True [244s]
[E-678 s61] best=72659.46 (+452.94 vs bank) it=45 acc=45 *** BEATS BANK feas=True [248s]
[E-678 s61] best=72666.37 (+459.85 vs bank) it=46 acc=46 *** BEATS BANK feas=True [252s]
[E-678 s61] best=72669.35 (+462.83 vs bank) it=47 acc=47 *** BEATS BANK feas=True [256s]
[E-678 s61] best=72675.88 (+469.36 vs bank) it=48 acc=48 *** BEATS BANK feas=True [259s]
[E-678 s61] best=72676.68 (+470.16 vs bank) it=49 acc=49 *** BEATS BANK feas=True [263s]
[E-678 s61] best=72682.28 (+475.76 vs bank) it=52 acc=52 *** BEATS BANK feas=True [274s]
[E-678 s61] best=72685.80 (+479.28 vs bank) it=53 acc=53 *** BEATS BANK feas=True [277s]
[E-678 s61] best=72686.94 (+480.42 vs bank) it=54 acc=54 *** BEATS BANK feas=True [281s]
[E-678 s61] best=72691.44 (+484.92 vs bank) it=55 acc=55 *** BEATS BANK feas=True [285s]
[E-678 s61] best=72694.60 (+488.08 vs bank) it=56 acc=56 *** BEATS BANK feas=True [288s]
[E-678 s61] best=72697.68 (+491.16 vs bank) it=58 acc=58 *** BEATS BANK feas=True [296s]
[E-678 s61] best=72699.06 (+492.54 vs bank) it=59 acc=59 *** BEATS BANK feas=True [300s]
[E-678 s61] best=72701.79 (+495.27 vs bank) it=60 acc=60 *** BEATS BANK feas=True [304s]
[E-678 s61] best=72703.34 (+496.82 vs bank) it=61 acc=61 *** BEATS BANK feas=True [307s]
[E-678 s61] best=72708.80 (+502.28 vs bank) it=62 acc=62 *** BEATS BANK feas=True [311s]
[E-678 s61] best=72710.86 (+504.34 vs bank) it=63 acc=63 *** BEATS BANK feas=True [315s]
[E-678 s61] best=72711.44 (+504.92 vs bank) it=64 acc=64 *** BEATS BANK feas=True [319s]
[E-678 s61] best=72711.89 (+505.37 vs bank) it=66 acc=66 *** BEATS BANK feas=True [326s]
[E-678 s61] best=72714.85 (+508.33 vs bank) it=67 acc=67 *** BEATS BANK feas=True [330s]
[E-678 s61] best=72714.88 (+508.36 vs bank) it=69 acc=69 *** BEATS BANK feas=True [337s]
[E-678 s61] best=72717.41 (+510.89 vs bank) it=70 acc=70 *** BEATS BANK feas=True [341s]
[E-678 s61] best=72721.79 (+515.27 vs bank) it=71 acc=71 *** BEATS BANK feas=True [345s]
[E-678 s61] best=72722.21 (+515.69 vs bank) it=72 acc=72 *** BEATS BANK feas=True [349s]
[E-678 s61] best=72725.80 (+519.28 vs bank) it=73 acc=73 *** BEATS BANK feas=True [352s]
[E-678 s61] best=72729.60 (+523.08 vs bank) it=74 acc=74 *** BEATS BANK feas=True [356s]
[E-678 s61] best=72729.74 (+523.22 vs bank) it=75 acc=75 *** BEATS BANK feas=True [360s]
[E-678 s61] best=72731.65 (+525.13 vs bank) it=76 acc=76 *** BEATS BANK feas=True [364s]
[E-678 s61] best=72732.47 (+525.95 vs bank) it=77 acc=77 *** BEATS BANK feas=True [368s]
[E-678 s61] best=72735.77 (+529.25 vs bank) it=78 acc=78 *** BEATS BANK feas=True [372s]
[E-678 s61] best=72736.22 (+529.70 vs bank) it=79 acc=79 *** BEATS BANK feas=True [376s]
[E-678 s61] best=72737.09 (+530.57 vs bank) it=80 acc=80 *** BEATS BANK feas=True [379s]
[E-678 s61] best=72740.54 (+534.01 vs bank) it=81 acc=81 *** BEATS BANK feas=True [383s]
[E-678 s61] best=72744.53 (+538.01 vs bank) it=82 acc=82 *** BEATS BANK feas=True [386s]
[E-678 s61] best=72744.74 (+538.22 vs bank) it=83 acc=83 *** BEATS BANK feas=True [390s]
[E-678 s61] best=72751.17 (+544.65 vs bank) it=84 acc=84 *** BEATS BANK feas=True [395s]
[E-678 s61] best=72753.83 (+547.31 vs bank) it=85 acc=85 *** BEATS BANK feas=True [399s]
[E-678 s61] best=72755.05 (+548.53 vs bank) it=86 acc=86 *** BEATS BANK feas=True [403s]
[E-678 s61] best=72759.86 (+553.34 vs bank) it=87 acc=87 *** BEATS BANK feas=True [407s]
[E-678 s61] best=72760.70 (+554.18 vs bank) it=88 acc=88 *** BEATS BANK feas=True [411s]
[E-678 s61] best=72767.74 (+561.21 vs bank) it=90 acc=90 *** BEATS BANK feas=True [418s]
[E-678 s61] best=72769.69 (+563.17 vs bank) it=91 acc=91 *** BEATS BANK feas=True [423s]
[E-678 s61] best=72771.08 (+564.56 vs bank) it=93 acc=93 *** BEATS BANK feas=True [430s]
[E-678 s61] best=72776.13 (+569.61 vs bank) it=94 acc=94 *** BEATS BANK feas=True [434s]
[E-678 s61] best=72777.90 (+571.38 vs bank) it=95 acc=95 *** BEATS BANK feas=True [438s]
[E-678 s61] best=72780.75 (+574.23 vs bank) it=96 acc=96 *** BEATS BANK feas=True [441s]
[E-678 s61] best=72783.83 (+577.31 vs bank) it=97 acc=97 *** BEATS BANK feas=True [445s]
[E-678 s61] best=72785.14 (+578.62 vs bank) it=98 acc=98 *** BEATS BANK feas=True [449s]
[E-678 s61] best=72788.39 (+581.87 vs bank) it=99 acc=99 *** BEATS BANK feas=True [453s]
[E-678 s61] best=72789.37 (+582.85 vs bank) it=100 acc=100 *** BEATS BANK feas=True [456s]
[E-678 s61] it=100 cur=72789.37 best=72789.37 [456s]
[E-678 s61] best=72791.21 (+584.69 vs bank) it=101 acc=101 *** BEATS BANK feas=True [460s]
[E-678 s61] best=72791.83 (+585.31 vs bank) it=102 acc=102 *** BEATS BANK feas=True [464s]
[E-678 s61] best=72793.22 (+586.70 vs bank) it=103 acc=103 *** BEATS BANK feas=True [468s]
[E-678 s61] best=72798.71 (+592.19 vs bank) it=104 acc=104 *** BEATS BANK feas=True [471s]
[E-678 s61] best=72800.95 (+594.43 vs bank) it=105 acc=105 *** BEATS BANK feas=True [475s]
[E-678 s61] best=72802.89 (+596.37 vs bank) it=106 acc=106 *** BEATS BANK feas=True [479s]
[E-678 s61] best=72803.64 (+597.12 vs bank) it=107 acc=107 *** BEATS BANK feas=True [483s]
[E-678 s61] best=72805.66 (+599.14 vs bank) it=109 acc=109 *** BEATS BANK feas=True [490s]
[E-678 s61] best=72805.69 (+599.17 vs bank) it=110 acc=110 *** BEATS BANK feas=True [494s]
[E-678 s61] best=72806.58 (+600.06 vs bank) it=112 acc=112 *** BEATS BANK feas=True [502s]
[E-678 s61] best=72807.80 (+601.28 vs bank) it=113 acc=113 *** BEATS BANK feas=True [505s]
[E-678 s61] best=72808.85 (+602.32 vs bank) it=115 acc=115 *** BEATS BANK feas=True [513s]
[E-678 s61] best=72809.19 (+602.67 vs bank) it=116 acc=116 *** BEATS BANK feas=True [517s]
[E-678 s61] best=72809.90 (+603.38 vs bank) it=118 acc=118 *** BEATS BANK feas=True [524s]
[E-678 s61] best=72810.99 (+604.47 vs bank) it=119 acc=119 *** BEATS BANK feas=True [528s]
[E-678 s61] best=72812.37 (+605.85 vs bank) it=120 acc=120 *** BEATS BANK feas=True [532s]
[E-678 s61] best=72815.03 (+608.51 vs bank) it=121 acc=121 *** BEATS BANK feas=True [535s]
[E-678 s61] best=72816.58 (+610.06 vs bank) it=125 acc=125 *** BEATS BANK feas=True [550s]
[E-678 s61] best=72816.72 (+610.20 vs bank) it=126 acc=126 *** BEATS BANK feas=True [554s]
[E-678 s61] best=72817.65 (+611.13 vs bank) it=128 acc=128 *** BEATS BANK feas=True [562s]
[E-678 s61] best=72817.86 (+611.34 vs bank) it=130 acc=130 *** BEATS BANK feas=True [569s]
[E-678 s61] best=72818.07 (+611.55 vs bank) it=131 acc=131 *** BEATS BANK feas=True [573s]
[E-678 s61] best=72818.74 (+612.21 vs bank) it=135 acc=135 *** BEATS BANK feas=True [587s]
[E-678 s61] best=72820.60 (+614.08 vs bank) it=137 acc=137 *** BEATS BANK feas=True [594s]
[E-678 s61] best=72821.50 (+614.98 vs bank) it=138 acc=138 *** BEATS BANK feas=True [597s]
[E-678 s61] best=72824.11 (+617.59 vs bank) it=140 acc=140 *** BEATS BANK feas=True [602s]
[E-678 s61] best=72824.51 (+617.99 vs bank) it=141 acc=141 *** BEATS BANK feas=True [605s]
[E-678 s61] best=72825.78 (+619.26 vs bank) it=144 acc=144 *** BEATS BANK feas=True [614s]
[E-678 s61] best=72826.14 (+619.62 vs bank) it=149 acc=149 *** BEATS BANK feas=True [629s]
[E-678 s61] best=72827.42 (+620.90 vs bank) it=150 acc=150 *** BEATS BANK feas=True [632s]
[E-678 s61] best=72829.47 (+622.95 vs bank) it=152 acc=152 *** BEATS BANK feas=True [638s]
[E-678 s61] best=72831.02 (+624.50 vs bank) it=153 acc=153 *** BEATS BANK feas=True [641s]
[E-678 s61] best=72833.91 (+627.39 vs bank) it=154 acc=154 *** BEATS BANK feas=True [644s]
[E-678 s61] best=72835.08 (+628.56 vs bank) it=155 acc=155 *** BEATS BANK feas=True [646s]
[E-678 s61] best=72835.64 (+629.12 vs bank) it=158 acc=158 *** BEATS BANK feas=True [655s]
[E-678 s61] best=72839.50 (+632.98 vs bank) it=159 acc=159 *** BEATS BANK feas=True [658s]
[E-678 s61] best=72839.67 (+633.15 vs bank) it=185 acc=185 *** BEATS BANK feas=True [733s]
[E-678 s61] best=72840.21 (+633.69 vs bank) it=186 acc=186 *** BEATS BANK feas=True [736s]
[E-678 s61] best=72840.60 (+634.08 vs bank) it=189 acc=189 *** BEATS BANK feas=True [745s]
[E-678 s61] best=72841.96 (+635.44 vs bank) it=191 acc=191 *** BEATS BANK feas=True [751s]
[E-678 s61] best=72843.89 (+637.37 vs bank) it=192 acc=192 *** BEATS BANK feas=True [754s]
[E-678 s61] best=72844.54 (+638.02 vs bank) it=193 acc=193 *** BEATS BANK feas=True [757s]
[E-678 s61] best=72844.67 (+638.15 vs bank) it=194 acc=194 *** BEATS BANK feas=True [760s]
[E-678 s61] best=72845.91 (+639.39 vs bank) it=199 acc=199 *** BEATS BANK feas=True [775s]
[E-678 s61] best=72846.99 (+640.47 vs bank) it=200 acc=200 *** BEATS BANK feas=True [778s]
[E-678 s61] it=200 cur=72846.99 best=72846.99 [778s]
[E-678 s61] best=72847.63 (+641.11 vs bank) it=203 acc=203 *** BEATS BANK feas=True [787s]
[E-678 s61] best=72849.07 (+642.55 vs bank) it=204 acc=204 *** BEATS BANK feas=True [790s]
[E-678 s61] best=72850.81 (+644.29 vs bank) it=209 acc=209 *** BEATS BANK feas=True [804s]
[E-678 s61] best=72852.22 (+645.70 vs bank) it=210 acc=210 *** BEATS BANK feas=True [807s]
[E-678 s61] best=72852.35 (+645.83 vs bank) it=211 acc=211 *** BEATS BANK feas=True [810s]
[E-678 s61] best=72852.99 (+646.47 vs bank) it=212 acc=212 *** BEATS BANK feas=True [813s]
[E-678 s61] best=72853.64 (+647.12 vs bank) it=213 acc=213 *** BEATS BANK feas=True [816s]
[E-678 s61] best=72853.78 (+647.26 vs bank) it=214 acc=214 *** BEATS BANK feas=True [819s]
[E-678 s61] best=72856.04 (+649.52 vs bank) it=215 acc=215 *** BEATS BANK feas=True [822s]
[E-678 s61] best=72856.19 (+649.67 vs bank) it=216 acc=216 *** BEATS BANK feas=True [825s]
[E-678 s61] best=72856.89 (+650.37 vs bank) it=217 acc=217 *** BEATS BANK feas=True [828s]
[E-678 s61] best=72858.64 (+652.12 vs bank) it=218 acc=218 *** BEATS BANK feas=True [831s]
[E-678 s61] best=72860.39 (+653.87 vs bank) it=219 acc=219 *** BEATS BANK feas=True [833s]
[E-678 s61] best=72860.66 (+654.14 vs bank) it=221 acc=221 *** BEATS BANK feas=True [839s]
[E-678 s61] best=72861.43 (+654.91 vs bank) it=222 acc=222 *** BEATS BANK feas=True [842s]
[E-678 s61] best=72863.04 (+656.52 vs bank) it=224 acc=224 *** BEATS BANK feas=True [848s]
[E-678 s61] best=72865.52 (+659.00 vs bank) it=226 acc=226 *** BEATS BANK feas=True [854s]
[E-678 s61] best=72870.54 (+664.02 vs bank) it=227 acc=227 *** BEATS BANK feas=True [857s]
[E-678 s61] best=72873.11 (+666.59 vs bank) it=228 acc=228 *** BEATS BANK feas=True [860s]
[E-678 s61] best=72875.06 (+668.54 vs bank) it=229 acc=229 *** BEATS BANK feas=True [863s]
[E-678 s61] best=72875.90 (+669.38 vs bank) it=239 acc=239 *** BEATS BANK feas=True [892s]
[E-678 s61] best=72875.98 (+669.46 vs bank) it=240 acc=240 *** BEATS BANK feas=True [895s]
[E-678 s61] best=72876.61 (+670.09 vs bank) it=241 acc=241 *** BEATS BANK feas=True [898s]
[E-678 s61] best=72878.39 (+671.87 vs bank) it=242 acc=242 *** BEATS BANK feas=True [901s]
[E-678 s61] best=72879.19 (+672.67 vs bank) it=247 acc=247 *** BEATS BANK feas=True [915s]
[E-678 s61] best=72879.47 (+672.95 vs bank) it=251 acc=251 *** BEATS BANK feas=True [927s]
[E-678 s61] best=72881.68 (+675.16 vs bank) it=252 acc=252 *** BEATS BANK feas=True [930s]
[E-678 s61] best=72881.92 (+675.40 vs bank) it=255 acc=255 *** BEATS BANK feas=True [939s]
[E-678 s61] best=72882.42 (+675.90 vs bank) it=262 acc=262 *** BEATS BANK feas=True [959s]
[E-678 s61] best=72882.49 (+675.97 vs bank) it=271 acc=271 *** BEATS BANK feas=True [986s]
[E-678 s61] best=72882.63 (+676.11 vs bank) it=272 acc=272 *** BEATS BANK feas=True [988s]
[E-678 s61] best=72885.59 (+679.07 vs bank) it=273 acc=273 *** BEATS BANK feas=True [991s]
[E-678 s61] best=72888.02 (+681.50 vs bank) it=274 acc=274 *** BEATS BANK feas=True [994s]
[E-678 s61] best=72888.99 (+682.47 vs bank) it=275 acc=275 *** BEATS BANK feas=True [997s]
[E-678 s61] best=72889.04 (+682.51 vs bank) it=276 acc=276 *** BEATS BANK feas=True [1000s]
[E-678 s61] best=72890.07 (+683.55 vs bank) it=278 acc=278 *** BEATS BANK feas=True [1006s]
[E-678 s61] best=72893.57 (+687.05 vs bank) it=280 acc=280 *** BEATS BANK feas=True [1012s]
[E-678 s61] best=72895.76 (+689.24 vs bank) it=283 acc=283 *** BEATS BANK feas=True [1020s]
[E-678 s61] best=72897.83 (+691.31 vs bank) it=285 acc=285 *** BEATS BANK feas=True [1026s]
[E-678 s61] best=72899.81 (+693.29 vs bank) it=286 acc=286 *** BEATS BANK feas=True [1029s]
[E-678 s61] best=72901.32 (+694.80 vs bank) it=289 acc=289 *** BEATS BANK feas=True [1038s]
[E-678 s61] best=72901.73 (+695.21 vs bank) it=290 acc=290 *** BEATS BANK feas=True [1041s]
[E-678 s61] best=72901.87 (+695.35 vs bank) it=292 acc=292 *** BEATS BANK feas=True [1047s]
[E-678 s61] best=72901.97 (+695.45 vs bank) it=293 acc=293 *** BEATS BANK feas=True [1050s]
[E-678 s61] best=72902.07 (+695.54 vs bank) it=297 acc=297 *** BEATS BANK feas=True [1061s]
[E-678 s61] best=72903.54 (+697.02 vs bank) it=299 acc=299 *** BEATS BANK feas=True [1067s]
[E-678 s61] best=72904.23 (+697.71 vs bank) it=300 acc=300 *** BEATS BANK feas=True [1070s]
[E-678 s61] it=300 cur=72904.23 best=72904.23 [1070s]
[E-678 s61] best=72905.34 (+698.82 vs bank) it=301 acc=301 *** BEATS BANK feas=True [1073s]
[E-678 s61] best=72906.90 (+700.38 vs bank) it=303 acc=303 *** BEATS BANK feas=True [1079s]
[E-678 s61] best=72907.11 (+700.59 vs bank) it=304 acc=304 *** BEATS BANK feas=True [1082s]
[E-678 s61] best=72907.17 (+700.65 vs bank) it=307 acc=307 *** BEATS BANK feas=True [1090s]
[E-678 s61] best=72907.96 (+701.44 vs bank) it=309 acc=309 *** BEATS BANK feas=True [1096s]
[E-678 s61] best=72908.73 (+702.21 vs bank) it=310 acc=310 *** BEATS BANK feas=True [1099s]
[E-678 s61] best=72909.20 (+702.68 vs bank) it=312 acc=312 *** BEATS BANK feas=True [1105s]
[E-678 s61] best=72909.54 (+703.02 vs bank) it=319 acc=319 *** BEATS BANK feas=True [1125s]
[E-678 s61] best=72910.04 (+703.52 vs bank) it=323 acc=323 *** BEATS BANK feas=True [1137s]
[E-678 s61] best=72911.17 (+704.65 vs bank) it=327 acc=327 *** BEATS BANK feas=True [1148s]
[E-678 s61] best=72911.53 (+705.01 vs bank) it=328 acc=328 *** BEATS BANK feas=True [1151s]
[E-678 s61] best=72912.53 (+706.01 vs bank) it=329 acc=329 *** BEATS BANK feas=True [1154s]
[E-678 s61] best=72913.40 (+706.88 vs bank) it=330 acc=330 *** BEATS BANK feas=True [1157s]
[E-678 s61] best=72914.33 (+707.81 vs bank) it=335 acc=335 *** BEATS BANK feas=True [1171s]
[E-678 s61] best=72914.62 (+708.10 vs bank) it=336 acc=336 *** BEATS BANK feas=True [1175s]
[E-678 s61] best=72916.17 (+709.65 vs bank) it=337 acc=337 *** BEATS BANK feas=True [1177s]
[E-678 s61] best=72916.60 (+710.07 vs bank) it=341 acc=341 *** BEATS BANK feas=True [1189s]
[E-678 s61] best=72918.91 (+712.39 vs bank) it=343 acc=343 *** BEATS BANK feas=True [1195s]
[E-678 s61] best=72919.10 (+712.58 vs bank) it=350 acc=350 *** BEATS BANK feas=True [1215s]
[E-678 s61] best=72925.70 (+719.18 vs bank) it=355 acc=355 *** BEATS BANK feas=True [1229s]
[E-678 s61] best=72926.10 (+719.58 vs bank) it=356 acc=356 *** BEATS BANK feas=True [1232s]
[E-678 s61] best=72927.11 (+720.59 vs bank) it=357 acc=357 *** BEATS BANK feas=True [1235s]
[E-678 s61] best=72928.33 (+721.81 vs bank) it=358 acc=358 *** BEATS BANK feas=True [1238s]
[E-678 s61] best=72931.98 (+725.46 vs bank) it=360 acc=360 *** BEATS BANK feas=True [1244s]
[E-678 s61] best=72932.24 (+725.72 vs bank) it=386 acc=386 *** BEATS BANK feas=True [1319s]
[E-678 s61] best=72932.80 (+726.28 vs bank) it=387 acc=387 *** BEATS BANK feas=True [1322s]
[E-678 s61] best=72933.95 (+727.43 vs bank) it=388 acc=388 *** BEATS BANK feas=True [1325s]
[E-678 s61] it=400 cur=72933.95 best=72933.95 [1359s]
[E-678 s61] best=72935.61 (+729.09 vs bank) it=402 acc=402 *** BEATS BANK feas=True [1365s]
[E-678 s61] best=72936.15 (+729.63 vs bank) it=406 acc=406 *** BEATS BANK feas=True [1377s]
[E-678 s61] best=72936.40 (+729.88 vs bank) it=410 acc=410 *** BEATS BANK feas=True [1388s]
[E-678 s61] best=72936.53 (+730.01 vs bank) it=423 acc=423 *** BEATS BANK feas=True [1425s]
[E-678 s61] best=72938.73 (+732.21 vs bank) it=427 acc=427 *** BEATS BANK feas=True [1437s]
[E-678 s61] best=72939.18 (+732.66 vs bank) it=428 acc=428 *** BEATS BANK feas=True [1440s]
[E-678 s61] best=72939.80 (+733.28 vs bank) it=452 acc=452 *** BEATS BANK feas=True [1509s]
[E-678 s61] best=72940.67 (+734.15 vs bank) it=470 acc=470 *** BEATS BANK feas=True [1561s]
[E-678 s61] best=72942.71 (+736.19 vs bank) it=495 acc=495 *** BEATS BANK feas=True [1632s]
[E-678 s61] it=500 cur=72942.71 best=72942.71 [1647s]
[E-678 s61] best=72943.45 (+736.93 vs bank) it=501 acc=501 *** BEATS BANK feas=True [1650s]
[E-678 s61] best=72943.99 (+737.47 vs bank) it=502 acc=502 *** BEATS BANK feas=True [1653s]
[E-678 s61] best=72944.83 (+738.31 vs bank) it=504 acc=504 *** BEATS BANK feas=True [1658s]
[E-678 s61] best=72947.44 (+740.92 vs bank) it=506 acc=506 *** BEATS BANK feas=True [1664s]
[E-678 s61] best=72947.94 (+741.42 vs bank) it=509 acc=509 *** BEATS BANK feas=True [1673s]
[E-678 s61] best=72948.43 (+741.91 vs bank) it=517 acc=517 *** BEATS BANK feas=True [1696s]
[E-678 s61] best=72948.70 (+742.18 vs bank) it=520 acc=520 *** BEATS BANK feas=True [1704s]
[E-678 s61] best=72948.78 (+742.26 vs bank) it=525 acc=525 *** BEATS BANK feas=True [1719s]
[E-678 s61] best=72949.92 (+743.40 vs bank) it=530 acc=530 *** BEATS BANK feas=True [1733s]
[E-678 s61] best=72952.02 (+745.50 vs bank) it=531 acc=531 *** BEATS BANK feas=True [1736s]
[E-678 s61] best=72952.25 (+745.73 vs bank) it=532 acc=532 *** BEATS BANK feas=True [1739s]
[E-678 s61] best=72952.92 (+746.40 vs bank) it=536 acc=536 *** BEATS BANK feas=True [1750s]
[E-678 s61] best=72952.92 (+746.40 vs bank) it=537 acc=537 *** BEATS BANK feas=True [1753s]
[E-678 s61] best=72952.99 (+746.47 vs bank) it=545 acc=545 *** BEATS BANK feas=True [1776s]
[E-678 s61] best=72953.36 (+746.84 vs bank) it=548 acc=548 *** BEATS BANK feas=True [1785s]
[E-678 s61] best=72954.10 (+747.58 vs bank) it=552 acc=552 *** BEATS BANK feas=True [1797s]
[E-678 s61] best=72954.53 (+748.01 vs bank) it=555 acc=555 *** BEATS BANK feas=True [1806s]
[E-678 s61] best=72957.36 (+750.84 vs bank) it=556 acc=556 *** BEATS BANK feas=True [1809s]
[E-678 s61] best=72958.99 (+752.47 vs bank) it=559 acc=559 *** BEATS BANK feas=True [1818s]
[E-678 s61] best=72959.29 (+752.77 vs bank) it=564 acc=564 *** BEATS BANK feas=True [1834s]
[E-678 s61] best=72959.49 (+752.97 vs bank) it=575 acc=575 *** BEATS BANK feas=True [1897s]
[E-678 s61] it=600 cur=72959.49 best=72959.49 [2067s]
[E-678 s61] best=72959.62 (+753.10 vs bank) it=630 acc=630 *** BEATS BANK feas=True [2197s]
[E-678 s61] best=72959.81 (+753.29 vs bank) it=631 acc=631 *** BEATS BANK feas=True [2200s]
[E-678 s61] best=72960.90 (+754.38 vs bank) it=633 acc=633 *** BEATS BANK feas=True [2206s]
[E-678 s61] best=72961.78 (+755.26 vs bank) it=636 acc=636 *** BEATS BANK feas=True [2215s]
[E-678 s61] best=72962.23 (+755.71 vs bank) it=637 acc=637 *** BEATS BANK feas=True [2218s]
[E-678 s61] best=72963.58 (+757.06 vs bank) it=640 acc=640 *** BEATS BANK feas=True [2226s]
[E-678 s61] best=72965.85 (+759.33 vs bank) it=645 acc=645 *** BEATS BANK feas=True [2240s]
[E-678 s61] best=72967.15 (+760.63 vs bank) it=646 acc=646 *** BEATS BANK feas=True [2243s]
[E-678 s61] best=72967.27 (+760.75 vs bank) it=650 acc=650 *** BEATS BANK feas=True [2254s]
[E-678 s61] best=72967.60 (+761.07 vs bank) it=673 acc=673 *** BEATS BANK feas=True [2320s]
[E-678 s61] best=72968.04 (+761.52 vs bank) it=675 acc=675 *** BEATS BANK feas=True [2325s]
[E-678 s61] best=72968.42 (+761.90 vs bank) it=696 acc=696 *** BEATS BANK feas=True [2385s]
[E-678 s61] it=700 cur=72968.42 best=72968.42 [2396s]
[E-678 s61] best=72968.93 (+762.41 vs bank) it=767 acc=767 *** BEATS BANK feas=True [2586s]
[E-678 s61] best=72970.04 (+763.52 vs bank) it=768 acc=768 *** BEATS BANK feas=True [2589s]
[E-678 s61] it=800 cur=72970.04 best=72970.04 [2680s]
[E-678 s61] best=72971.46 (+764.94 vs bank) it=813 acc=813 *** BEATS BANK feas=True [2717s]
[E-678 s61] best=72971.83 (+765.31 vs bank) it=825 acc=825 *** BEATS BANK feas=True [2752s]
[E-678 s61] best=72972.48 (+765.96 vs bank) it=826 acc=826 *** BEATS BANK feas=True [2755s]
[E-678 s61] best=72972.88 (+766.36 vs bank) it=833 acc=833 *** BEATS BANK feas=True [2775s]
[E-678 s61] best=72974.24 (+767.72 vs bank) it=836 acc=836 *** BEATS BANK feas=True [2783s]
[E-678 s61] best=72975.28 (+768.76 vs bank) it=838 acc=838 *** BEATS BANK feas=True [2789s]
[E-678 s61] best=72975.36 (+768.84 vs bank) it=844 acc=844 *** BEATS BANK feas=True [2806s]
[E-678 s61] best=72976.57 (+770.05 vs bank) it=853 acc=853 *** BEATS BANK feas=True [2832s]
[E-678 s61] best=72976.65 (+770.13 vs bank) it=858 acc=858 *** BEATS BANK feas=True [2846s]
[E-678 s61] best=72976.83 (+770.31 vs bank) it=863 acc=863 *** BEATS BANK feas=True [2861s]
[E-678 s61] best=72979.37 (+772.85 vs bank) it=870 acc=870 *** BEATS BANK feas=True [2880s]
[E-678 s61] best=72980.57 (+774.05 vs bank) it=871 acc=871 *** BEATS BANK feas=True [2883s]
[E-678 s61] best=72984.06 (+777.54 vs bank) it=874 acc=874 *** BEATS BANK feas=True [2892s]
[E-678 s61] best=72985.10 (+778.58 vs bank) it=875 acc=875 *** BEATS BANK feas=True [2895s]
[E-678 s61] best=72985.19 (+778.67 vs bank) it=876 acc=876 *** BEATS BANK feas=True [2898s]
[E-678 s61] best=72985.76 (+779.24 vs bank) it=883 acc=883 *** BEATS BANK feas=True [2917s]
[E-678 s61] best=72986.85 (+780.33 vs bank) it=896 acc=896 *** BEATS BANK feas=True [2954s]
[E-678 s61] best=72988.32 (+781.79 vs bank) it=897 acc=897 *** BEATS BANK feas=True [2957s]
[E-678 s61] it=900 cur=72988.32 best=72988.32 [2966s]
[E-678 s61] best=72989.08 (+782.56 vs bank) it=914 acc=914 *** BEATS BANK feas=True [3006s]
[E-678 s61] best=72989.64 (+783.12 vs bank) it=916 acc=916 *** BEATS BANK feas=True [3011s]
[E-678 s61] best=72990.01 (+783.49 vs bank) it=922 acc=922 *** BEATS BANK feas=True [3028s]
[E-678 s61] best=72990.89 (+784.37 vs bank) it=923 acc=923 *** BEATS BANK feas=True [3031s]
[E-678 s61] best=72991.60 (+785.08 vs bank) it=924 acc=924 *** BEATS BANK feas=True [3034s]
[E-678 s61] best=72992.14 (+785.62 vs bank) it=925 acc=925 *** BEATS BANK feas=True [3037s]
[E-678 s61] best=72992.74 (+786.22 vs bank) it=930 acc=930 *** BEATS BANK feas=True [3051s]
[E-678 s61] best=72994.35 (+787.82 vs bank) it=941 acc=941 *** BEATS BANK feas=True [3083s]
[E-678 s61] best=72995.09 (+788.57 vs bank) it=949 acc=949 *** BEATS BANK feas=True [3105s]
[E-678 s61] best=72995.16 (+788.64 vs bank) it=950 acc=950 *** BEATS BANK feas=True [3108s]
[E-678 s61] it=1000 cur=72995.16 best=72995.16 [3243s]
[E-678 s61] best=72995.51 (+788.99 vs bank) it=1002 acc=1002 *** BEATS BANK feas=True [3248s]
[E-678 s61] best=72995.89 (+789.37 vs bank) it=1008 acc=1008 *** BEATS BANK feas=True [3264s]
[E-678 s61] best=72996.74 (+790.22 vs bank) it=1013 acc=1013 *** BEATS BANK feas=True [3277s]
[E-678 s61] best=72998.94 (+792.42 vs bank) it=1030 acc=1030 *** BEATS BANK feas=True [3322s]
[E-678 s61] best=72999.36 (+792.84 vs bank) it=1033 acc=1033 *** BEATS BANK feas=True [3329s]
[E-678 s61] best=72999.91 (+793.39 vs bank) it=1035 acc=1035 *** BEATS BANK feas=True [3335s]
[E-678 s61] best=73000.68 (+794.16 vs bank) it=1037 acc=1037 *** BEATS BANK feas=True [3340s]
[E-678 s61] best=73001.84 (+795.32 vs bank) it=1039 acc=1039 *** BEATS BANK feas=True [3345s]
[E-678 s61] best=73003.68 (+797.16 vs bank) it=1040 acc=1040 *** BEATS BANK feas=True [3348s]
[E-678 s61] best=73005.20 (+798.68 vs bank) it=1059 acc=1059 *** BEATS BANK feas=True [3398s]
[E-678 s61] best=73006.20 (+799.68 vs bank) it=1061 acc=1061 *** BEATS BANK feas=True [3403s]
[E-678 s61] best=73007.66 (+801.14 vs bank) it=1069 acc=1069 *** BEATS BANK feas=True [3424s]
[E-678 s61] best=73008.15 (+801.63 vs bank) it=1091 acc=1091 *** BEATS BANK feas=True [3481s]
[E-678 s61] best=73010.62 (+804.10 vs bank) it=1093 acc=1093 *** BEATS BANK feas=True [3486s]
[E-678 s61] it=1100 cur=73010.62 best=73010.62 [3504s]
[E-678 s61] best=73011.44 (+804.92 vs bank) it=1109 acc=1109 *** BEATS BANK feas=True [3528s]
[E-678 s61] best=73012.91 (+806.39 vs bank) it=1124 acc=1124 *** BEATS BANK feas=True [3568s]
[E-678 s61] best=73014.25 (+807.73 vs bank) it=1125 acc=1125 *** BEATS BANK feas=True [3571s]
[E-678 s61] best=73014.61 (+808.09 vs bank) it=1144 acc=1144 *** BEATS BANK feas=True [3622s]
[E-678 s61] best=73015.88 (+809.36 vs bank) it=1150 acc=1150 *** BEATS BANK feas=True [3639s]
[E-678 s61] it=1200 cur=73015.88 best=73015.88 [3887s]
[E-678 s61] best=73017.14 (+810.62 vs bank) it=1209 acc=1209 *** BEATS BANK feas=True [3929s]
[E-678 s61] best=73018.53 (+812.01 vs bank) it=1230 acc=1230 *** BEATS BANK feas=True [4039s]
[E-678 s61] best=73019.68 (+813.16 vs bank) it=1231 acc=1231 *** BEATS BANK feas=True [4043s]
[E-678 s61] it=1300 cur=73019.68 best=73019.68 [4396s]
[E-678 s61] best=73019.89 (+813.37 vs bank) it=1376 acc=1376 *** BEATS BANK feas=True [4801s]
[E-678 s61] best=73020.31 (+813.79 vs bank) it=1377 acc=1377 *** BEATS BANK feas=True [4806s]
[E-678 s61] best=73020.76 (+814.24 vs bank) it=1378 acc=1378 *** BEATS BANK feas=True [4813s]
[E-678 s61] best=73021.51 (+814.99 vs bank) it=1379 acc=1379 *** BEATS BANK feas=True [4818s]
[E-678 s61] best=73021.94 (+815.42 vs bank) it=1396 acc=1396 *** BEATS BANK feas=True [4905s]
[E-678 s61] it=1400 cur=73021.94 best=73021.94 [4924s]
[E-678 s61] best=73022.35 (+815.83 vs bank) it=1401 acc=1401 *** BEATS BANK feas=True [4929s]
[E-678 s61] best=73024.60 (+818.08 vs bank) it=1406 acc=1406 *** BEATS BANK feas=True [4949s]
[E-678 s61] best=73025.31 (+818.79 vs bank) it=1409 acc=1409 *** BEATS BANK feas=True [4962s]
[E-678 s61] best=73027.06 (+820.54 vs bank) it=1420 acc=1420 *** BEATS BANK feas=True [5029s]
[E-678 s61] best=73027.85 (+821.33 vs bank) it=1425 acc=1425 *** BEATS BANK feas=True [5055s]
[E-678 s61] best=73029.91 (+823.39 vs bank) it=1431 acc=1431 *** BEATS BANK feas=True [5089s]
[E-678 s61] best=73030.25 (+823.73 vs bank) it=1435 acc=1435 *** BEATS BANK feas=True [5107s]
[E-678 s61] best=73030.92 (+824.40 vs bank) it=1439 acc=1439 *** BEATS BANK feas=True [5133s]
[E-678 s61] best=73031.54 (+825.02 vs bank) it=1444 acc=1444 *** BEATS BANK feas=True [5162s]
[E-678 s61] best=73031.88 (+825.36 vs bank) it=1475 acc=1475 *** BEATS BANK feas=True [5305s]
[E-678 s61] best=73031.97 (+825.45 vs bank) it=1485 acc=1485 *** BEATS BANK feas=True [5344s]
[E-678 s61] it=1500 cur=73031.97 best=73031.97 [5404s]
[E-678 s61] best=73032.19 (+825.67 vs bank) it=1508 acc=1508 *** BEATS BANK feas=True [5437s]
[E-678 s61] best=73032.60 (+826.08 vs bank) it=1583 acc=1583 *** BEATS BANK feas=True [5736s]
[E-678 s61] best=73034.53 (+828.01 vs bank) it=1584 acc=1584 *** BEATS BANK feas=True [5740s]
[E-678 s61] best=73035.16 (+828.64 vs bank) it=1591 acc=1591 *** BEATS BANK feas=True [5769s]
[E-678 s61] best=73035.74 (+829.21 vs bank) it=1595 acc=1595 *** BEATS BANK feas=True [5785s]
[E-678 s61] it=1600 cur=73035.74 best=73035.74 [5805s]
[E-678 s61] it=1700 cur=73035.74 best=73035.74 [6199s]
[E-678 s61] it=1800 cur=73035.74 best=73035.74 [6585s]
[E-678 s61] it=1900 cur=72342.19 best=73035.74 [7020s]
[E-678 s61] it=2000 cur=70.36 best=73035.74 [8337s]
[E-678 s61] it=2100 cur=68975.81 best=73035.74 [8955s]
[E-678 s61] it=2200 cur=72530.42 best=73035.74 [9352s]
[E-678 s61] it=2300 cur=72653.47 best=73035.74 [9695s]
[E-678 s61] it=2400 cur=72345.07 best=73035.74 [10269s]
[E-678 s61] it=2500 cur=72657.58 best=73035.74 [10793s]
[E-678 s61] it=2600 cur=68164.26 best=73035.74 [11297s]
[E-678 s61] it=2700 cur=72521.81 best=73035.74 [11894s]
[E-678 s61] it=2800 cur=72619.84 best=73035.74 [12453s]
[E-678 s61] it=2900 cur=72176.65 best=73035.74 [13049s]
[E-678 s61] it=3000 cur=72491.76 best=73035.74 [13634s]
