[E-678 s63] LP-rounded start=69503.05 sel=8589 | bank=72206.52 leader=73714.03 | random-destroy 0.45
[E-678 s63] best=70069.08 (+-2137.44 vs bank) it=0 acc=0 [10s]
[E-678 s63] best=70814.82 (+-1391.71 vs bank) it=2 acc=2 [32s]
[E-678 s63] best=71940.65 (+-265.88 vs bank) it=3 acc=3 [38s]
[E-678 s63] best=72041.31 (+-165.21 vs bank) it=4 acc=4 [44s]
[E-678 s63] best=72127.62 (+-78.90 vs bank) it=5 acc=5 [51s]
[E-678 s63] best=72219.34 (+12.82 vs bank) it=6 acc=6 *** BEATS BANK feas=True [56s]
[E-678 s63] best=72275.33 (+68.81 vs bank) it=7 acc=7 *** BEATS BANK feas=True [61s]
[E-678 s63] best=72317.71 (+111.19 vs bank) it=8 acc=8 *** BEATS BANK feas=True [64s]
[E-678 s63] best=72382.79 (+176.27 vs bank) it=9 acc=9 *** BEATS BANK feas=True [68s]
[E-678 s63] best=72418.24 (+211.72 vs bank) it=10 acc=10 *** BEATS BANK feas=True [72s]
[E-678 s63] best=72474.09 (+267.57 vs bank) it=11 acc=11 *** BEATS BANK feas=True [76s]
[E-678 s63] best=72500.12 (+293.60 vs bank) it=12 acc=12 *** BEATS BANK feas=True [79s]
[E-678 s63] best=72527.36 (+320.84 vs bank) it=13 acc=13 *** BEATS BANK feas=True [83s]
[E-678 s63] best=72535.88 (+329.36 vs bank) it=14 acc=14 *** BEATS BANK feas=True [86s]
[E-678 s63] best=72557.53 (+351.01 vs bank) it=15 acc=15 *** BEATS BANK feas=True [89s]
[E-678 s63] best=72585.37 (+378.85 vs bank) it=16 acc=16 *** BEATS BANK feas=True [92s]
[E-678 s63] best=72594.04 (+387.52 vs bank) it=17 acc=17 *** BEATS BANK feas=True [97s]
[E-678 s63] best=72619.73 (+413.21 vs bank) it=18 acc=18 *** BEATS BANK feas=True [101s]
[E-678 s63] best=72643.09 (+436.57 vs bank) it=19 acc=19 *** BEATS BANK feas=True [104s]
[E-678 s63] best=72649.69 (+443.17 vs bank) it=20 acc=20 *** BEATS BANK feas=True [107s]
[E-678 s63] best=72663.89 (+457.37 vs bank) it=21 acc=21 *** BEATS BANK feas=True [111s]
[E-678 s63] best=72674.04 (+467.52 vs bank) it=22 acc=22 *** BEATS BANK feas=True [114s]
[E-678 s63] best=72687.18 (+480.66 vs bank) it=23 acc=23 *** BEATS BANK feas=True [117s]
[E-678 s63] best=72702.28 (+495.76 vs bank) it=24 acc=24 *** BEATS BANK feas=True [121s]
[E-678 s63] best=72709.72 (+503.20 vs bank) it=25 acc=25 *** BEATS BANK feas=True [124s]
[E-678 s63] best=72726.50 (+519.98 vs bank) it=26 acc=26 *** BEATS BANK feas=True [127s]
[E-678 s63] best=72731.23 (+524.71 vs bank) it=27 acc=27 *** BEATS BANK feas=True [130s]
[E-678 s63] best=72735.96 (+529.44 vs bank) it=28 acc=28 *** BEATS BANK feas=True [133s]
[E-678 s63] best=72744.61 (+538.09 vs bank) it=29 acc=29 *** BEATS BANK feas=True [136s]
[E-678 s63] best=72760.55 (+554.03 vs bank) it=30 acc=30 *** BEATS BANK feas=True [139s]
[E-678 s63] best=72773.05 (+566.53 vs bank) it=31 acc=31 *** BEATS BANK feas=True [141s]
[E-678 s63] best=72776.21 (+569.69 vs bank) it=32 acc=32 *** BEATS BANK feas=True [144s]
[E-678 s63] best=72778.06 (+571.54 vs bank) it=33 acc=33 *** BEATS BANK feas=True [147s]
[E-678 s63] best=72781.91 (+575.39 vs bank) it=34 acc=34 *** BEATS BANK feas=True [150s]
[E-678 s63] best=72787.52 (+581.00 vs bank) it=35 acc=35 *** BEATS BANK feas=True [153s]
[E-678 s63] best=72788.66 (+582.14 vs bank) it=36 acc=36 *** BEATS BANK feas=True [157s]
[E-678 s63] best=72795.97 (+589.45 vs bank) it=37 acc=37 *** BEATS BANK feas=True [162s]
[E-678 s63] best=72800.27 (+593.75 vs bank) it=38 acc=38 *** BEATS BANK feas=True [166s]
[E-678 s63] best=72802.42 (+595.90 vs bank) it=39 acc=39 *** BEATS BANK feas=True [169s]
[E-678 s63] best=72804.15 (+597.63 vs bank) it=40 acc=40 *** BEATS BANK feas=True [171s]
[E-678 s63] best=72807.69 (+601.17 vs bank) it=41 acc=41 *** BEATS BANK feas=True [174s]
[E-678 s63] best=72817.87 (+611.35 vs bank) it=42 acc=42 *** BEATS BANK feas=True [177s]
[E-678 s63] best=72824.87 (+618.35 vs bank) it=43 acc=43 *** BEATS BANK feas=True [180s]
[E-678 s63] best=72827.89 (+621.37 vs bank) it=44 acc=44 *** BEATS BANK feas=True [183s]
[E-678 s63] best=72837.64 (+631.12 vs bank) it=45 acc=45 *** BEATS BANK feas=True [187s]
[E-678 s63] best=72840.00 (+633.48 vs bank) it=46 acc=46 *** BEATS BANK feas=True [191s]
[E-678 s63] best=72845.81 (+639.29 vs bank) it=47 acc=47 *** BEATS BANK feas=True [198s]
[E-678 s63] best=72847.81 (+641.29 vs bank) it=48 acc=48 *** BEATS BANK feas=True [203s]
[E-678 s63] best=72851.09 (+644.57 vs bank) it=49 acc=49 *** BEATS BANK feas=True [207s]
[E-678 s63] best=72856.38 (+649.86 vs bank) it=50 acc=50 *** BEATS BANK feas=True [209s]
[E-678 s63] best=72858.63 (+652.11 vs bank) it=51 acc=51 *** BEATS BANK feas=True [212s]
[E-678 s63] best=72861.54 (+655.02 vs bank) it=52 acc=52 *** BEATS BANK feas=True [215s]
[E-678 s63] best=72865.97 (+659.45 vs bank) it=53 acc=53 *** BEATS BANK feas=True [218s]
[E-678 s63] best=72868.80 (+662.28 vs bank) it=54 acc=54 *** BEATS BANK feas=True [221s]
[E-678 s63] best=72876.43 (+669.91 vs bank) it=55 acc=55 *** BEATS BANK feas=True [224s]
[E-678 s63] best=72880.03 (+673.51 vs bank) it=56 acc=56 *** BEATS BANK feas=True [226s]
[E-678 s63] best=72881.94 (+675.42 vs bank) it=57 acc=57 *** BEATS BANK feas=True [229s]
[E-678 s63] best=72885.94 (+679.42 vs bank) it=58 acc=58 *** BEATS BANK feas=True [231s]
[E-678 s63] best=72889.23 (+682.71 vs bank) it=59 acc=59 *** BEATS BANK feas=True [236s]
[E-678 s63] best=72890.90 (+684.38 vs bank) it=60 acc=60 *** BEATS BANK feas=True [241s]
[E-678 s63] best=72897.45 (+690.93 vs bank) it=61 acc=61 *** BEATS BANK feas=True [244s]
[E-678 s63] best=72899.99 (+693.47 vs bank) it=62 acc=62 *** BEATS BANK feas=True [249s]
[E-678 s63] best=72901.56 (+695.04 vs bank) it=63 acc=63 *** BEATS BANK feas=True [254s]
[E-678 s63] best=72903.13 (+696.61 vs bank) it=64 acc=64 *** BEATS BANK feas=True [258s]
[E-678 s63] best=72909.53 (+703.01 vs bank) it=65 acc=65 *** BEATS BANK feas=True [262s]
[E-678 s63] best=72914.38 (+707.86 vs bank) it=66 acc=66 *** BEATS BANK feas=True [265s]
[E-678 s63] best=72915.77 (+709.25 vs bank) it=67 acc=67 *** BEATS BANK feas=True [267s]
[E-678 s63] best=72920.81 (+714.29 vs bank) it=68 acc=68 *** BEATS BANK feas=True [271s]
[E-678 s63] best=72921.61 (+715.09 vs bank) it=69 acc=69 *** BEATS BANK feas=True [275s]
[E-678 s63] best=72925.00 (+718.48 vs bank) it=70 acc=70 *** BEATS BANK feas=True [280s]
[E-678 s63] best=72926.36 (+719.84 vs bank) it=71 acc=71 *** BEATS BANK feas=True [283s]
[E-678 s63] best=72932.37 (+725.85 vs bank) it=72 acc=72 *** BEATS BANK feas=True [287s]
[E-678 s63] best=72935.30 (+728.78 vs bank) it=73 acc=73 *** BEATS BANK feas=True [290s]
[E-678 s63] best=72938.76 (+732.24 vs bank) it=74 acc=74 *** BEATS BANK feas=True [298s]
[E-678 s63] best=72945.43 (+738.91 vs bank) it=75 acc=75 *** BEATS BANK feas=True [302s]
[E-678 s63] best=72949.36 (+742.84 vs bank) it=76 acc=76 *** BEATS BANK feas=True [307s]
[E-678 s63] best=72949.89 (+743.37 vs bank) it=77 acc=77 *** BEATS BANK feas=True [311s]
[E-678 s63] best=72949.96 (+743.44 vs bank) it=78 acc=78 *** BEATS BANK feas=True [316s]
[E-678 s63] best=72950.17 (+743.65 vs bank) it=80 acc=80 *** BEATS BANK feas=True [321s]
[E-678 s63] best=72950.93 (+744.40 vs bank) it=81 acc=81 *** BEATS BANK feas=True [324s]
[E-678 s63] best=72953.89 (+747.37 vs bank) it=82 acc=82 *** BEATS BANK feas=True [327s]
[E-678 s63] best=72955.93 (+749.41 vs bank) it=83 acc=83 *** BEATS BANK feas=True [330s]
[E-678 s63] best=72960.76 (+754.24 vs bank) it=84 acc=84 *** BEATS BANK feas=True [335s]
[E-678 s63] best=72965.35 (+758.83 vs bank) it=86 acc=86 *** BEATS BANK feas=True [345s]
[E-678 s63] best=72966.21 (+759.69 vs bank) it=87 acc=87 *** BEATS BANK feas=True [348s]
[E-678 s63] best=72967.37 (+760.85 vs bank) it=88 acc=88 *** BEATS BANK feas=True [352s]
[E-678 s63] best=72971.83 (+765.31 vs bank) it=89 acc=89 *** BEATS BANK feas=True [355s]
[E-678 s63] best=72975.38 (+768.86 vs bank) it=91 acc=91 *** BEATS BANK feas=True [362s]
[E-678 s63] best=72977.15 (+770.63 vs bank) it=93 acc=93 *** BEATS BANK feas=True [372s]
[E-678 s63] best=72979.20 (+772.68 vs bank) it=94 acc=94 *** BEATS BANK feas=True [376s]
[E-678 s63] best=72980.47 (+773.95 vs bank) it=95 acc=95 *** BEATS BANK feas=True [378s]
[E-678 s63] best=72981.42 (+774.90 vs bank) it=96 acc=96 *** BEATS BANK feas=True [382s]
[E-678 s63] best=72982.29 (+775.77 vs bank) it=97 acc=97 *** BEATS BANK feas=True [386s]
[E-678 s63] best=72984.46 (+777.93 vs bank) it=98 acc=98 *** BEATS BANK feas=True [388s]
[E-678 s63] best=72987.08 (+780.56 vs bank) it=99 acc=99 *** BEATS BANK feas=True [393s]
[E-678 s63] best=72988.97 (+782.45 vs bank) it=100 acc=100 *** BEATS BANK feas=True [396s]
[E-678 s63] it=100 cur=72988.97 best=72988.97 [396s]
[E-678 s63] best=72991.22 (+784.70 vs bank) it=101 acc=101 *** BEATS BANK feas=True [399s]
[E-678 s63] best=72993.73 (+787.21 vs bank) it=102 acc=102 *** BEATS BANK feas=True [402s]
[E-678 s63] best=72999.36 (+792.84 vs bank) it=103 acc=103 *** BEATS BANK feas=True [404s]
[E-678 s63] best=73001.05 (+794.53 vs bank) it=104 acc=104 *** BEATS BANK feas=True [407s]
[E-678 s63] best=73001.39 (+794.87 vs bank) it=105 acc=105 *** BEATS BANK feas=True [411s]
[E-678 s63] best=73002.19 (+795.67 vs bank) it=106 acc=106 *** BEATS BANK feas=True [416s]
[E-678 s63] best=73002.60 (+796.08 vs bank) it=107 acc=107 *** BEATS BANK feas=True [421s]
[E-678 s63] best=73003.12 (+796.60 vs bank) it=109 acc=109 *** BEATS BANK feas=True [428s]
[E-678 s63] best=73003.89 (+797.37 vs bank) it=110 acc=110 *** BEATS BANK feas=True [431s]
[E-678 s63] best=73003.93 (+797.41 vs bank) it=111 acc=111 *** BEATS BANK feas=True [434s]
[E-678 s63] best=73004.57 (+798.05 vs bank) it=112 acc=112 *** BEATS BANK feas=True [438s]
[E-678 s63] best=73004.99 (+798.47 vs bank) it=113 acc=113 *** BEATS BANK feas=True [440s]
[E-678 s63] best=73008.44 (+801.92 vs bank) it=114 acc=114 *** BEATS BANK feas=True [443s]
[E-678 s63] best=73011.89 (+805.37 vs bank) it=115 acc=115 *** BEATS BANK feas=True [446s]
[E-678 s63] best=73012.97 (+806.45 vs bank) it=116 acc=116 *** BEATS BANK feas=True [450s]
[E-678 s63] best=73014.39 (+807.87 vs bank) it=117 acc=117 *** BEATS BANK feas=True [456s]
[E-678 s63] best=73014.88 (+808.36 vs bank) it=118 acc=118 *** BEATS BANK feas=True [461s]
[E-678 s63] best=73018.15 (+811.63 vs bank) it=119 acc=119 *** BEATS BANK feas=True [464s]
[E-678 s63] best=73018.56 (+812.04 vs bank) it=121 acc=121 *** BEATS BANK feas=True [472s]
[E-678 s63] best=73018.99 (+812.46 vs bank) it=123 acc=123 *** BEATS BANK feas=True [477s]
[E-678 s63] best=73019.82 (+813.30 vs bank) it=124 acc=124 *** BEATS BANK feas=True [481s]
[E-678 s63] best=73020.19 (+813.67 vs bank) it=125 acc=125 *** BEATS BANK feas=True [484s]
[E-678 s63] best=73021.73 (+815.21 vs bank) it=128 acc=128 *** BEATS BANK feas=True [491s]
[E-678 s63] best=73023.71 (+817.19 vs bank) it=129 acc=129 *** BEATS BANK feas=True [494s]
[E-678 s63] best=73024.31 (+817.79 vs bank) it=130 acc=130 *** BEATS BANK feas=True [497s]
[E-678 s63] best=73024.32 (+817.80 vs bank) it=132 acc=132 *** BEATS BANK feas=True [504s]
[E-678 s63] best=73024.99 (+818.47 vs bank) it=133 acc=133 *** BEATS BANK feas=True [507s]
[E-678 s63] best=73025.91 (+819.39 vs bank) it=136 acc=136 *** BEATS BANK feas=True [524s]
[E-678 s63] best=73026.14 (+819.62 vs bank) it=137 acc=137 *** BEATS BANK feas=True [527s]
[E-678 s63] best=73026.34 (+819.82 vs bank) it=140 acc=140 *** BEATS BANK feas=True [535s]
[E-678 s63] best=73029.21 (+822.69 vs bank) it=141 acc=141 *** BEATS BANK feas=True [538s]
[E-678 s63] best=73030.20 (+823.68 vs bank) it=144 acc=144 *** BEATS BANK feas=True [548s]
[E-678 s63] best=73034.55 (+828.03 vs bank) it=145 acc=145 *** BEATS BANK feas=True [550s]
[E-678 s63] best=73036.81 (+830.29 vs bank) it=158 acc=158 *** BEATS BANK feas=True [600s]
[E-678 s63] best=73037.25 (+830.73 vs bank) it=160 acc=160 *** BEATS BANK feas=True [606s]
[E-678 s63] best=73037.79 (+831.27 vs bank) it=167 acc=167 *** BEATS BANK feas=True [629s]
[E-678 s63] best=73038.35 (+831.83 vs bank) it=168 acc=168 *** BEATS BANK feas=True [633s]
[E-678 s63] best=73039.11 (+832.59 vs bank) it=170 acc=170 *** BEATS BANK feas=True [642s]
[E-678 s63] best=73039.50 (+832.98 vs bank) it=172 acc=172 *** BEATS BANK feas=True [653s]
[E-678 s63] best=73040.42 (+833.90 vs bank) it=175 acc=175 *** BEATS BANK feas=True [661s]
[E-678 s63] best=73040.61 (+834.09 vs bank) it=177 acc=177 *** BEATS BANK feas=True [667s]
[E-678 s63] best=73041.20 (+834.68 vs bank) it=178 acc=178 *** BEATS BANK feas=True [670s]
[E-678 s63] best=73042.15 (+835.63 vs bank) it=179 acc=179 *** BEATS BANK feas=True [673s]
[E-678 s63] best=73042.80 (+836.28 vs bank) it=180 acc=180 *** BEATS BANK feas=True [676s]
[E-678 s63] best=73044.59 (+838.07 vs bank) it=181 acc=181 *** BEATS BANK feas=True [678s]
[E-678 s63] best=73045.37 (+838.85 vs bank) it=182 acc=182 *** BEATS BANK feas=True [681s]
[E-678 s63] best=73046.25 (+839.73 vs bank) it=184 acc=184 *** BEATS BANK feas=True [688s]
[E-678 s63] best=73046.34 (+839.82 vs bank) it=189 acc=189 *** BEATS BANK feas=True [701s]
[E-678 s63] best=73047.50 (+840.98 vs bank) it=191 acc=191 *** BEATS BANK feas=True [708s]
[E-678 s63] best=73048.05 (+841.53 vs bank) it=193 acc=193 *** BEATS BANK feas=True [714s]
[E-678 s63] best=73049.21 (+842.69 vs bank) it=197 acc=197 *** BEATS BANK feas=True [725s]
[E-678 s63] best=73050.39 (+843.87 vs bank) it=200 acc=200 *** BEATS BANK feas=True [738s]
[E-678 s63] it=200 cur=73050.39 best=73050.39 [738s]
[E-678 s63] best=73051.59 (+845.07 vs bank) it=209 acc=209 *** BEATS BANK feas=True [766s]
[E-678 s63] best=73053.69 (+847.17 vs bank) it=214 acc=214 *** BEATS BANK feas=True [779s]
[E-678 s63] best=73055.54 (+849.02 vs bank) it=215 acc=215 *** BEATS BANK feas=True [782s]
[E-678 s63] best=73055.69 (+849.17 vs bank) it=222 acc=222 *** BEATS BANK feas=True [803s]
[E-678 s63] best=73055.84 (+849.32 vs bank) it=223 acc=223 *** BEATS BANK feas=True [806s]
[E-678 s63] best=73056.07 (+849.55 vs bank) it=224 acc=224 *** BEATS BANK feas=True [809s]
[E-678 s63] best=73056.13 (+849.61 vs bank) it=226 acc=226 *** BEATS BANK feas=True [814s]
[E-678 s63] best=73056.26 (+849.74 vs bank) it=229 acc=229 *** BEATS BANK feas=True [822s]
[E-678 s63] best=73056.52 (+850.00 vs bank) it=230 acc=230 *** BEATS BANK feas=True [825s]
[E-678 s63] best=73056.88 (+850.36 vs bank) it=231 acc=231 *** BEATS BANK feas=True [828s]
[E-678 s63] best=73057.13 (+850.61 vs bank) it=233 acc=233 *** BEATS BANK feas=True [834s]
[E-678 s63] best=73057.14 (+850.62 vs bank) it=235 acc=235 *** BEATS BANK feas=True [839s]
[E-678 s63] best=73058.97 (+852.45 vs bank) it=238 acc=238 *** BEATS BANK feas=True [847s]
[E-678 s63] best=73059.16 (+852.64 vs bank) it=239 acc=239 *** BEATS BANK feas=True [851s]
[E-678 s63] best=73062.22 (+855.70 vs bank) it=240 acc=240 *** BEATS BANK feas=True [855s]
[E-678 s63] best=73062.79 (+856.27 vs bank) it=249 acc=249 *** BEATS BANK feas=True [887s]
[E-678 s63] best=73063.44 (+856.92 vs bank) it=251 acc=251 *** BEATS BANK feas=True [895s]
[E-678 s63] best=73063.47 (+856.95 vs bank) it=253 acc=253 *** BEATS BANK feas=True [902s]
[E-678 s63] best=73064.58 (+858.06 vs bank) it=256 acc=256 *** BEATS BANK feas=True [912s]
[E-678 s63] best=73064.60 (+858.08 vs bank) it=258 acc=258 *** BEATS BANK feas=True [918s]
[E-678 s63] best=73066.31 (+859.79 vs bank) it=259 acc=259 *** BEATS BANK feas=True [923s]
[E-678 s63] best=73067.48 (+860.96 vs bank) it=269 acc=269 *** BEATS BANK feas=True [958s]
[E-678 s63] best=73068.05 (+861.53 vs bank) it=272 acc=272 *** BEATS BANK feas=True [966s]
[E-678 s63] best=73069.64 (+863.12 vs bank) it=273 acc=273 *** BEATS BANK feas=True [969s]
[E-678 s63] best=73070.43 (+863.91 vs bank) it=279 acc=279 *** BEATS BANK feas=True [990s]
[E-678 s63] best=73070.84 (+864.32 vs bank) it=284 acc=284 *** BEATS BANK feas=True [1004s]
[E-678 s63] best=73071.96 (+865.43 vs bank) it=290 acc=290 *** BEATS BANK feas=True [1021s]
[E-678 s63] best=73073.71 (+867.19 vs bank) it=292 acc=292 *** BEATS BANK feas=True [1028s]
[E-678 s63] best=73074.45 (+867.93 vs bank) it=298 acc=298 *** BEATS BANK feas=True [1050s]
[E-678 s63] best=73075.02 (+868.50 vs bank) it=299 acc=299 *** BEATS BANK feas=True [1052s]
[E-678 s63] best=73075.62 (+869.10 vs bank) it=300 acc=300 *** BEATS BANK feas=True [1055s]
[E-678 s63] it=300 cur=73075.62 best=73075.62 [1055s]
[E-678 s63] best=73077.25 (+870.73 vs bank) it=301 acc=301 *** BEATS BANK feas=True [1057s]
[E-678 s63] best=73077.66 (+871.14 vs bank) it=302 acc=302 *** BEATS BANK feas=True [1062s]
[E-678 s63] best=73078.02 (+871.50 vs bank) it=305 acc=305 *** BEATS BANK feas=True [1071s]
[E-678 s63] best=73078.13 (+871.61 vs bank) it=307 acc=307 *** BEATS BANK feas=True [1077s]
[E-678 s63] best=73079.80 (+873.28 vs bank) it=308 acc=308 *** BEATS BANK feas=True [1081s]
[E-678 s63] best=73081.52 (+875.00 vs bank) it=315 acc=315 *** BEATS BANK feas=True [1101s]
[E-678 s63] best=73081.54 (+875.02 vs bank) it=317 acc=317 *** BEATS BANK feas=True [1107s]
[E-678 s63] best=73082.74 (+876.22 vs bank) it=319 acc=319 *** BEATS BANK feas=True [1112s]
[E-678 s63] best=73083.75 (+877.23 vs bank) it=321 acc=321 *** BEATS BANK feas=True [1117s]
[E-678 s63] best=73083.97 (+877.45 vs bank) it=322 acc=322 *** BEATS BANK feas=True [1121s]
[E-678 s63] best=73085.12 (+878.60 vs bank) it=323 acc=323 *** BEATS BANK feas=True [1126s]
[E-678 s63] best=73086.00 (+879.48 vs bank) it=324 acc=324 *** BEATS BANK feas=True [1130s]
[E-678 s63] best=73086.18 (+879.66 vs bank) it=327 acc=327 *** BEATS BANK feas=True [1144s]
[E-678 s63] best=73086.99 (+880.47 vs bank) it=329 acc=329 *** BEATS BANK feas=True [1149s]
[E-678 s63] best=73087.01 (+880.49 vs bank) it=332 acc=332 *** BEATS BANK feas=True [1158s]
[E-678 s63] best=73087.70 (+881.18 vs bank) it=333 acc=333 *** BEATS BANK feas=True [1162s]
[E-678 s63] best=73090.69 (+884.17 vs bank) it=336 acc=336 *** BEATS BANK feas=True [1173s]
[E-678 s63] best=73090.96 (+884.44 vs bank) it=380 acc=380 *** BEATS BANK feas=True [1312s]
[E-678 s63] best=73091.73 (+885.21 vs bank) it=383 acc=383 *** BEATS BANK feas=True [1320s]
[E-678 s63] best=73093.21 (+886.69 vs bank) it=389 acc=389 *** BEATS BANK feas=True [1341s]
[E-678 s63] best=73095.09 (+888.57 vs bank) it=390 acc=390 *** BEATS BANK feas=True [1345s]
[E-678 s63] best=73096.26 (+889.74 vs bank) it=394 acc=394 *** BEATS BANK feas=True [1356s]
[E-678 s63] best=73096.41 (+889.89 vs bank) it=395 acc=395 *** BEATS BANK feas=True [1359s]
[E-678 s63] best=73098.53 (+892.01 vs bank) it=396 acc=396 *** BEATS BANK feas=True [1362s]
[E-678 s63] best=73099.40 (+892.88 vs bank) it=398 acc=398 *** BEATS BANK feas=True [1369s]
[E-678 s63] best=73100.53 (+894.01 vs bank) it=400 acc=400 *** BEATS BANK feas=True [1374s]
[E-678 s63] it=400 cur=73100.53 best=73100.53 [1374s]
[E-678 s63] best=73100.76 (+894.24 vs bank) it=404 acc=404 *** BEATS BANK feas=True [1392s]
[E-678 s63] best=73100.90 (+894.38 vs bank) it=405 acc=405 *** BEATS BANK feas=True [1395s]
[E-678 s63] best=73101.25 (+894.73 vs bank) it=406 acc=406 *** BEATS BANK feas=True [1399s]
[E-678 s63] best=73101.93 (+895.41 vs bank) it=407 acc=407 *** BEATS BANK feas=True [1403s]
[E-678 s63] best=73102.59 (+896.07 vs bank) it=409 acc=409 *** BEATS BANK feas=True [1411s]
[E-678 s63] best=73105.20 (+898.68 vs bank) it=411 acc=411 *** BEATS BANK feas=True [1419s]
[E-678 s63] best=73106.61 (+900.09 vs bank) it=414 acc=414 *** BEATS BANK feas=True [1428s]
[E-678 s63] best=73107.81 (+901.29 vs bank) it=417 acc=417 *** BEATS BANK feas=True [1439s]
[E-678 s63] best=73109.68 (+903.16 vs bank) it=419 acc=419 *** BEATS BANK feas=True [1446s]
[E-678 s63] best=73110.26 (+903.74 vs bank) it=422 acc=422 *** BEATS BANK feas=True [1458s]
[E-678 s63] best=73111.00 (+904.48 vs bank) it=423 acc=423 *** BEATS BANK feas=True [1462s]
[E-678 s63] best=73114.52 (+908.00 vs bank) it=424 acc=424 *** BEATS BANK feas=True [1465s]
[E-678 s63] best=73115.89 (+909.37 vs bank) it=426 acc=426 *** BEATS BANK feas=True [1472s]
[E-678 s63] best=73116.39 (+909.87 vs bank) it=429 acc=429 *** BEATS BANK feas=True [1481s]
[E-678 s63] best=73118.38 (+911.85 vs bank) it=432 acc=432 *** BEATS BANK feas=True [1489s]
[E-678 s63] best=73118.40 (+911.88 vs bank) it=434 acc=434 *** BEATS BANK feas=True [1495s]
[E-678 s63] best=73118.50 (+911.98 vs bank) it=436 acc=436 *** BEATS BANK feas=True [1502s]
[E-678 s63] best=73119.38 (+912.86 vs bank) it=441 acc=441 *** BEATS BANK feas=True [1519s]
[E-678 s63] best=73120.63 (+914.11 vs bank) it=452 acc=452 *** BEATS BANK feas=True [1562s]
[E-678 s63] best=73120.77 (+914.25 vs bank) it=460 acc=460 *** BEATS BANK feas=True [1589s]
[E-678 s63] best=73120.94 (+914.42 vs bank) it=466 acc=466 *** BEATS BANK feas=True [1608s]
[E-678 s63] best=73121.47 (+914.95 vs bank) it=472 acc=472 *** BEATS BANK feas=True [1624s]
[E-678 s63] best=73121.82 (+915.29 vs bank) it=474 acc=474 *** BEATS BANK feas=True [1633s]
[E-678 s63] best=73122.40 (+915.88 vs bank) it=475 acc=475 *** BEATS BANK feas=True [1635s]
[E-678 s63] best=73122.71 (+916.19 vs bank) it=476 acc=476 *** BEATS BANK feas=True [1638s]
[E-678 s63] best=73122.77 (+916.25 vs bank) it=480 acc=480 *** BEATS BANK feas=True [1651s]
[E-678 s63] best=73124.61 (+918.09 vs bank) it=481 acc=481 *** BEATS BANK feas=True [1654s]
[E-678 s63] it=500 cur=73124.61 best=73124.61 [1717s]
[E-678 s63] best=73124.83 (+918.31 vs bank) it=526 acc=526 *** BEATS BANK feas=True [1797s]
[E-678 s63] best=73127.35 (+920.83 vs bank) it=533 acc=533 *** BEATS BANK feas=True [1822s]
[E-678 s63] best=73127.38 (+920.86 vs bank) it=544 acc=544 *** BEATS BANK feas=True [1856s]
[E-678 s63] best=73128.71 (+922.18 vs bank) it=546 acc=546 *** BEATS BANK feas=True [1863s]
[E-678 s63] best=73129.36 (+922.84 vs bank) it=547 acc=547 *** BEATS BANK feas=True [1867s]
[E-678 s63] best=73131.10 (+924.58 vs bank) it=549 acc=549 *** BEATS BANK feas=True [1876s]
[E-678 s63] best=73131.23 (+924.71 vs bank) it=554 acc=554 *** BEATS BANK feas=True [1895s]
[E-678 s63] best=73134.38 (+927.86 vs bank) it=555 acc=555 *** BEATS BANK feas=True [1898s]
[E-678 s63] best=73134.54 (+928.02 vs bank) it=556 acc=556 *** BEATS BANK feas=True [1902s]
[E-678 s63] best=73134.94 (+928.42 vs bank) it=576 acc=576 *** BEATS BANK feas=True [1978s]
[E-678 s63] best=73135.32 (+928.80 vs bank) it=580 acc=580 *** BEATS BANK feas=True [1993s]
[E-678 s63] best=73135.54 (+929.02 vs bank) it=581 acc=581 *** BEATS BANK feas=True [1997s]
[E-678 s63] best=73136.15 (+929.63 vs bank) it=582 acc=582 *** BEATS BANK feas=True [1999s]
[E-678 s63] best=73137.65 (+931.13 vs bank) it=584 acc=584 *** BEATS BANK feas=True [2007s]
[E-678 s63] best=73137.97 (+931.45 vs bank) it=585 acc=585 *** BEATS BANK feas=True [2011s]
[E-678 s63] best=73138.34 (+931.82 vs bank) it=591 acc=591 *** BEATS BANK feas=True [2033s]
[E-678 s63] best=73138.58 (+932.06 vs bank) it=598 acc=598 *** BEATS BANK feas=True [2061s]
[E-678 s63] best=73138.97 (+932.45 vs bank) it=600 acc=600 *** BEATS BANK feas=True [2068s]
[E-678 s63] it=600 cur=73138.97 best=73138.97 [2068s]
[E-678 s63] best=73139.28 (+932.76 vs bank) it=601 acc=601 *** BEATS BANK feas=True [2072s]
[E-678 s63] best=73140.45 (+933.93 vs bank) it=605 acc=605 *** BEATS BANK feas=True [2084s]
[E-678 s63] best=73140.67 (+934.15 vs bank) it=607 acc=607 *** BEATS BANK feas=True [2092s]
[E-678 s63] best=73141.42 (+934.90 vs bank) it=613 acc=613 *** BEATS BANK feas=True [2114s]
[E-678 s63] best=73141.95 (+935.43 vs bank) it=614 acc=614 *** BEATS BANK feas=True [2118s]
[E-678 s63] best=73144.58 (+938.06 vs bank) it=622 acc=622 *** BEATS BANK feas=True [2148s]
[E-678 s63] best=73146.74 (+940.22 vs bank) it=625 acc=625 *** BEATS BANK feas=True [2159s]
[E-678 s63] best=73147.33 (+940.81 vs bank) it=635 acc=635 *** BEATS BANK feas=True [2196s]
[E-678 s63] best=73147.33 (+940.81 vs bank) it=649 acc=649 *** BEATS BANK feas=True [2244s]
[E-678 s63] best=73147.43 (+940.91 vs bank) it=650 acc=650 *** BEATS BANK feas=True [2247s]
[E-678 s63] best=73147.44 (+940.92 vs bank) it=651 acc=651 *** BEATS BANK feas=True [2250s]
[E-678 s63] best=73149.20 (+942.68 vs bank) it=657 acc=657 *** BEATS BANK feas=True [2273s]
[E-678 s63] best=73149.33 (+942.81 vs bank) it=660 acc=660 *** BEATS BANK feas=True [2282s]
[E-678 s63] best=73149.70 (+943.18 vs bank) it=667 acc=667 *** BEATS BANK feas=True [2308s]
[E-678 s63] best=73150.40 (+943.88 vs bank) it=673 acc=673 *** BEATS BANK feas=True [2331s]
[E-678 s63] best=73151.62 (+945.10 vs bank) it=683 acc=683 *** BEATS BANK feas=True [2363s]
[E-678 s63] best=73154.05 (+947.53 vs bank) it=691 acc=691 *** BEATS BANK feas=True [2393s]
[E-678 s63] best=73156.62 (+950.10 vs bank) it=692 acc=692 *** BEATS BANK feas=True [2396s]
[E-678 s63] it=700 cur=73156.62 best=73156.62 [2424s]
[E-678 s63] best=73157.06 (+950.54 vs bank) it=703 acc=703 *** BEATS BANK feas=True [2433s]
[E-678 s63] best=73157.89 (+951.37 vs bank) it=706 acc=706 *** BEATS BANK feas=True [2443s]
[E-678 s63] best=73159.60 (+953.08 vs bank) it=710 acc=710 *** BEATS BANK feas=True [2461s]
[E-678 s63] best=73159.62 (+953.10 vs bank) it=718 acc=718 *** BEATS BANK feas=True [2491s]
[E-678 s63] best=73160.71 (+954.19 vs bank) it=719 acc=719 *** BEATS BANK feas=True [2495s]
[E-678 s63] best=73161.17 (+954.65 vs bank) it=722 acc=722 *** BEATS BANK feas=True [2504s]
[E-678 s63] best=73162.78 (+956.26 vs bank) it=776 acc=776 *** BEATS BANK feas=True [2694s]
[E-678 s63] best=73163.91 (+957.39 vs bank) it=793 acc=793 *** BEATS BANK feas=True [2756s]
[E-678 s63] it=800 cur=73163.91 best=73163.91 [2781s]
[E-678 s63] best=73164.01 (+957.49 vs bank) it=804 acc=804 *** BEATS BANK feas=True [2796s]
[E-678 s63] best=73164.65 (+958.13 vs bank) it=808 acc=808 *** BEATS BANK feas=True [2810s]
[E-678 s63] best=73165.15 (+958.63 vs bank) it=812 acc=812 *** BEATS BANK feas=True [2828s]
[E-678 s63] best=73166.37 (+959.85 vs bank) it=824 acc=824 *** BEATS BANK feas=True [2879s]
[E-678 s63] best=73168.99 (+962.47 vs bank) it=852 acc=852 *** BEATS BANK feas=True [2991s]
[E-678 s63] best=73169.07 (+962.54 vs bank) it=859 acc=859 *** BEATS BANK feas=True [3025s]
[E-678 s63] it=900 cur=73169.07 best=73169.07 [3185s]
[E-678 s63] it=1000 cur=73169.07 best=73169.07 [3551s]
[E-678 s63] it=1100 cur=73169.07 best=73169.07 [3933s]
[E-678 s63] it=1200 cur=73169.07 best=73169.07 [4233s]
[E-678 s63] best=73170.40 (+963.88 vs bank) it=1247 acc=1247 *** BEATS BANK feas=True [4393s]
[E-678 s63] best=73170.69 (+964.17 vs bank) it=1251 acc=1251 *** BEATS BANK feas=True [4405s]
[E-678 s63] best=73171.44 (+964.92 vs bank) it=1269 acc=1269 *** BEATS BANK feas=True [4462s]
[E-678 s63] it=1300 cur=73171.44 best=73171.44 [4554s]
[E-678 s63] best=73171.45 (+964.93 vs bank) it=1354 acc=1354 *** BEATS BANK feas=True [4712s]
[E-678 s63] best=73172.92 (+966.40 vs bank) it=1356 acc=1356 *** BEATS BANK feas=True [4720s]
[E-678 s63] best=73172.94 (+966.42 vs bank) it=1395 acc=1395 *** BEATS BANK feas=True [4847s]
[E-678 s63] it=1400 cur=73172.94 best=73172.94 [4866s]
[E-678 s63] it=1500 cur=73172.94 best=73172.94 [5171s]
[E-678 s63] it=1600 cur=73172.94 best=73172.94 [5474s]
[E-678 s63] it=1700 cur=73172.94 best=73172.94 [5812s]
[E-678 s63] it=1800 cur=71244.74 best=73172.94 [6139s]
[E-678 s63] it=1900 cur=72755.57 best=73172.94 [6446s]
[E-678 s63] it=2000 cur=72889.99 best=73172.94 [6766s]
[E-678 s63] it=2100 cur=72933.46 best=73172.94 [7068s]
[E-678 s63] it=2200 cur=70998.34 best=73172.94 [7393s]
[E-678 s63] it=2300 cur=72690.45 best=73172.94 [7705s]
[E-678 s63] it=2400 cur=72836.56 best=73172.94 [7997s]
[E-678 s63] it=2500 cur=72897.64 best=73172.94 [8221s]
[E-678 s63] it=2600 cur=70234.24 best=73172.94 [8469s]
[E-678 s63] it=2700 cur=72700.18 best=73172.94 [8708s]
[E-678 s63] it=2800 cur=72760.13 best=73172.94 [8936s]
[E-678 s63] it=2900 cur=72821.27 best=73172.94 [9162s]
[E-678 s63] it=3000 cur=68704.12 best=73172.94 [9403s]
[E-678 s63] it=3100 cur=72744.18 best=73172.94 [9657s]
[E-678 s63] it=3200 cur=72789.78 best=73172.94 [9821s]
[E-678 s63] it=3300 cur=72817.74 best=73172.94 [9984s]
[E-678 s63] it=3400 cur=69681.51 best=73172.94 [10151s]
[E-678 s63] it=3500 cur=72696.27 best=73172.94 [10333s]
[E-678 s63] it=3600 cur=72786.56 best=73172.94 [10498s]
[E-678 s63] it=3700 cur=72842.89 best=73172.94 [10660s]
[E-678 s63] it=3800 cur=72874.66 best=73172.94 [10820s]
[E-678 s63] it=3900 cur=72722.56 best=73172.94 [11003s]
[E-678 s63] it=4000 cur=72853.17 best=73172.94 [11169s]
[E-678 s63] it=4100 cur=72885.57 best=73172.94 [11331s]
[E-678 s63] it=4200 cur=72923.38 best=73172.94 [11492s]
[E-678 s63] it=4300 cur=72830.09 best=73172.94 [11695s]
[E-678 s63] it=4400 cur=72912.86 best=73172.94 [11865s]
[E-678 s63] it=4500 cur=72933.12 best=73172.94 [12029s]
[E-678 s63] it=4600 cur=72950.79 best=73172.94 [12189s]
[E-678 s63] it=4700 cur=72756.30 best=73172.94 [12394s]
[E-678 s63] it=4800 cur=72795.72 best=73172.94 [12557s]
[E-678 s63] it=4900 cur=72834.54 best=73172.94 [12724s]
[E-678 s63] it=5000 cur=72868.51 best=73172.94 [12889s]
[E-678 s63] it=5100 cur=72845.02 best=73172.94 [13088s]
[E-678 s63] it=5200 cur=72924.10 best=73172.94 [13253s]
[E-678 s63] it=5300 cur=72952.24 best=73172.94 [13415s]
[E-678 s63] it=5400 cur=72971.61 best=73172.94 [13577s]
[E-678 s63] it=5500 cur=72828.78 best=73172.94 [13765s]
[E-678 s63] it=5600 cur=72931.08 best=73172.94 [13931s]
[E-678 s63] it=5700 cur=72969.10 best=73172.94 [14096s]
[E-678 s63] it=5800 cur=72993.60 best=73172.94 [14260s]
[E-678 s63] it=5900 cur=72753.08 best=73172.94 [14441s]
[E-678 s63] it=6000 cur=72874.01 best=73172.94 [14603s]
[E-678 s63] it=6100 cur=72934.81 best=73172.94 [14762s]
[E-678 s63] it=6200 cur=72965.59 best=73172.94 [14926s]
[E-678 s63] it=6300 cur=72816.75 best=73172.94 [15116s]
[E-678 s63] it=6400 cur=72884.39 best=73172.94 [15280s]
[E-678 s63] it=6500 cur=72913.14 best=73172.94 [15440s]
[E-678 s63] it=6600 cur=72920.94 best=73172.94 [15600s]
[E-678 s63] it=6700 cur=72786.10 best=73172.94 [15802s]
[E-678 s63] it=6800 cur=72853.00 best=73172.94 [15966s]
[E-678 s63] it=6900 cur=72901.63 best=73172.94 [16129s]
[E-678 s63] it=7000 cur=72925.45 best=73172.94 [16293s]
[E-678 s63] it=7100 cur=72886.36 best=73172.94 [16490s]
[E-678 s63] it=7200 cur=72948.53 best=73172.94 [16656s]
[E-678 s63] it=7300 cur=72974.46 best=73172.94 [16816s]
[E-678 s63] it=7400 cur=72977.79 best=73172.94 [16976s]
[E-678 s63] it=7500 cur=72716.33 best=73172.94 [17173s]
[E-678 s63] it=7600 cur=72828.26 best=73172.94 [17335s]
[E-678 s63] it=7700 cur=72854.19 best=73172.94 [17500s]
[E-678 s63] it=7800 cur=72883.26 best=73172.94 [17662s]
[E-678 s63] it=7900 cur=72757.89 best=73172.94 [17861s]
[E-678 s63] it=8000 cur=72873.36 best=73172.94 [18043s]
[E-678 s63] it=8100 cur=72929.65 best=73172.94 [18215s]
[E-678 s63] it=8200 cur=72973.12 best=73172.94 [18391s]
[E-678 s63] it=8300 cur=72692.85 best=73172.94 [18581s]
[E-678 s63] it=8400 cur=72844.36 best=73172.94 [18744s]
[E-678 s63] it=8500 cur=72894.13 best=73172.94 [18907s]
[E-678 s63] it=8600 cur=72933.19 best=73172.94 [19067s]
[E-678 s63] it=8700 cur=72681.06 best=73172.94 [19276s]
[E-678 s63] it=8800 cur=72801.89 best=73172.94 [19442s]
[E-678 s63] it=8900 cur=72843.55 best=73172.94 [19605s]
[E-678 s63] DONE best=73172.94 (+966.42 vs bank) [19765s]
