[E-738 STM-FLEET] restarts=5 gen=200 dv_thresh=3000.0 shard=1/3
[PC] bank row (0,0) dv=4063 mass=819.4 -> reproduces fitness OK
[E-738 STM-FLEET] shard 1/3: 121 of 363 expensive (bank_dv>3000.0) of 400 filled
[RESUME] 25 pairs already swept
  [4/121] (144,48) bank dv=4450 -> no improvement [259s]
  [5/121] (116,86) bank dv=4422 -> no improvement [610s]
  [6/121] (345,55) bank dv=4421 -> no improvement [910s]
  [8/121] (53,134) bank dv=4398 m=682 -> dv=4344 m=703 (+21 kg) [1232s]
  [9/121] (344,52) bank dv=4391 m=685 -> dv=4268 m=734 (+48 kg) [1555s]
  [10/121] (151,110) bank dv=4378 -> no improvement [1915s]
  --- progress: 2 improved, +70 kg total [1915s] ---
  [12/121] (314,268) bank dv=4348 -> no improvement [2253s]
  [13/121] (241,50) bank dv=4335 m=707 -> dv=4331 m=709 (+2 kg) [2577s]
  [14/121] (156,83) bank dv=4325 -> no improvement [2892s]
  [17/121] (338,10) bank dv=4300 m=721 -> dv=4252 m=740 (+19 kg) [3186s]
  [18/121] (155,96) bank dv=4295 -> no improvement [3396s]
  [19/121] (305,73) bank dv=4292 -> no improvement [4183s]
  [20/121] (387,325) bank dv=4290 -> no improvement [4471s]
  --- progress: 7 improved, +171 kg total [4471s] ---
  [21/121] (52,228) bank dv=4288 -> no improvement [4696s]
  [22/121] (134,273) bank dv=4287 -> no improvement [4912s]
  [23/121] (336,94) bank dv=4283 -> no improvement [5206s]
  [24/121] (137,382) bank dv=4277 m=730 -> dv=4262 m=736 (+6 kg) [5484s]
  [25/121] (153,317) bank dv=4277 -> no improvement [5753s]
  [26/121] (378,87) bank dv=4271 m=733 -> dv=4211 m=757 (+24 kg) [6172s]
