[E-710 M2] fine-tof beam W=150 K=20; giant n=601; 8 seed start(s)
[E-710 M2] positive control: depth1 expanded to 140 successors [1s]
  depth 2: |beam|=120 best_depth=2 min_t=0.0d (d/leg 0.050) [1s]
  depth 3: |beam|=150 best_depth=3 min_t=0.2d (d/leg 0.091) [12s]
  depth 4: |beam|=150 best_depth=4 min_t=0.4d (d/leg 0.143) [29s]
  depth 5: |beam|=150 best_depth=5 min_t=0.5d (d/leg 0.134) [47s]
  depth 21: |beam|=150 best_depth=21 min_t=3.9d (d/leg 0.197) [536s]
  depth 41: |beam|=150 best_depth=41 min_t=9.1d (d/leg 0.226) [1282s]
  depth 61: |beam|=150 best_depth=61 min_t=13.3d (d/leg 0.222) [2069s]
  depth 81: |beam|=150 best_depth=81 min_t=18.2d (d/leg 0.227) [2941s]
  depth 101: |beam|=150 best_depth=101 min_t=22.8d (d/leg 0.228) [3489s]
  depth 121: |beam|=150 best_depth=121 min_t=28.0d (d/leg 0.234) [3872s]
  depth 141: |beam|=150 best_depth=141 min_t=37.7d (d/leg 0.269) [4134s]
  depth 161: |beam|=150 best_depth=161 min_t=53.8d (d/leg 0.337) [4268s]
  depth 181: |beam|=150 best_depth=181 min_t=66.7d (d/leg 0.370) [4539s]
  depth 201: |beam|=150 best_depth=201 min_t=71.6d (d/leg 0.358) [4896s]
  depth 221: |beam|=150 best_depth=221 min_t=75.9d (d/leg 0.345) [5332s]
  depth 241: |beam|=150 best_depth=241 min_t=79.8d (d/leg 0.332) [5895s]
  depth 261: |beam|=150 best_depth=261 min_t=84.0d (d/leg 0.323) [6442s]
  depth 281: |beam|=150 best_depth=281 min_t=87.7d (d/leg 0.313) [6941s]
  depth 301: |beam|=150 best_depth=301 min_t=92.5d (d/leg 0.308) [7278s]
  depth 321: |beam|=150 best_depth=321 min_t=104.2d (d/leg 0.326) [7493s]
  depth 341: |beam|=150 best_depth=341 min_t=128.9d (d/leg 0.379) [7777s]
  depth 361: |beam|=150 best_depth=361 min_t=133.9d (d/leg 0.372) [8273s]
  depth 381: |beam|=150 best_depth=381 min_t=137.9d (d/leg 0.363) [8707s]
  depth 401: |beam|=150 best_depth=401 min_t=142.2d (d/leg 0.356) [9075s]
  depth 421: |beam|=150 best_depth=421 min_t=146.8d (d/leg 0.350) [9463s]
  depth 441: |beam|=150 best_depth=441 min_t=151.6d (d/leg 0.345) [9773s]
  depth 461: |beam|=150 best_depth=461 min_t=158.1d (d/leg 0.344) [9957s]
  depth 481: |beam|=138 best_depth=481 min_t=170.1d (d/leg 0.354) [10064s]
  depth 501: |beam|=102 best_depth=501 min_t=193.7d (d/leg 0.387) [10126s]
  depth 521: |beam|=150 best_depth=521 min_t=215.0d (d/leg 0.413) [10179s]
  depth 541: |beam|=150 best_depth=541 min_t=243.7d (d/leg 0.451) [10228s]
[E-710 M2] beam stranded at depth 546 (no successor from any of 23 states)

[E-710 M2] DONE: deepest order 546/601 cities, makespan 258.1d (d/leg 0.474); rank-1=424.62, prior greedy wall=367 [10233s]
[E-710 M2] beam threads 546/601 (past the 367 wall) -> lookahead helps; widen W/K.
