[E-727] dense1d 74208 edges (0-950d), faithful short-tof 58555 edges, n=601
[E-727][scls2] SEED depth 601/601 retimes to STRAND@171 makespan 480.4d (d/leg 0.801) maxwait=20.0 mode=cls [positive-control 1s]
[E-727][scls2] CLS start: complete order 601 cities -> 153 strands, makespan 5852.4d [4s]
[E-727][scls2] CLS it0: cur strands 153 mk 5852.4d | best strands 153 mk 5852.4d | acc 0 [4s]
[E-727][scls2] CLS it100: cur strands 153 mk 5852.4d | best strands 153 mk 5852.4d | acc 12 [70s]
[E-727][scls2] CLS it200: cur strands 153 mk 5852.4d | best strands 153 mk 5852.4d | acc 21 [157s]
[E-727][scls2] CLS it300: cur strands 153 mk 5852.4d | best strands 153 mk 5852.4d | acc 26 [236s]
[E-727][scls2] CLS it400: cur strands 153 mk 5852.4d | best strands 153 mk 5852.4d | acc 38 [316s]
[E-727][scls2] CLS it500: cur strands 153 mk 5852.4d | best strands 153 mk 5852.4d | acc 55 [415s]
[E-727][scls2] CLS it600: cur strands 153 mk 5852.4d | best strands 153 mk 5852.4d | acc 68 [493s]
[E-727][scls2] CLS it700: cur strands 153 mk 5852.4d | best strands 153 mk 5852.4d | acc 75 [563s]
[E-727][scls2] CLS it800: cur strands 153 mk 5852.4d | best strands 153 mk 5852.4d | acc 81 [621s]
[E-727][scls2] CLS it900: cur strands 153 mk 5852.4d | best strands 153 mk 5852.4d | acc 89 [700s]
[E-727][scls2] CLS it1000: cur strands 153 mk 5852.4d | best strands 153 mk 5852.4d | acc 107 [784s]
[E-727][scls2] CLS it1100: cur strands 153 mk 5852.4d | best strands 153 mk 5852.4d | acc 116 [866s]
[E-727][scls2] CLS it1200: cur strands 153 mk 5852.4d | best strands 153 mk 5852.4d | acc 123 [950s]
[E-727][scls2] CLS it1300: cur strands 153 mk 5852.4d | best strands 153 mk 5852.4d | acc 134 [1037s]
[E-727][scls2] CLS it1400: cur strands 153 mk 5852.4d | best strands 153 mk 5852.4d | acc 144 [1109s]
[E-727][scls2] CLS it1500: cur strands 153 mk 5852.4d | best strands 153 mk 5852.4d | acc 158 [1193s]
[E-727][scls2] CLS it1588: NEW best strands 153 makespan 5852.4d (d/leg 9.754) acc 171 [1255s]
[E-727][scls2] CLS it1600: cur strands 153 mk 5852.4d | best strands 153 mk 5852.4d | acc 173 [1267s]
[E-727][scls2] CLS it1700: cur strands 153 mk 5852.4d | best strands 153 mk 5852.4d | acc 180 [1333s]
[E-727][scls2] CLS it1800: cur strands 153 mk 5852.4d | best strands 153 mk 5852.4d | acc 195 [1414s]
[E-727][scls2] CLS it1900: cur strands 153 mk 5852.4d | best strands 153 mk 5852.4d | acc 204 [1475s]
[E-727][scls2] CLS it2000: cur strands 153 mk 5852.4d | best strands 153 mk 5852.4d | acc 223 [1557s]
[E-727][scls2] CLS it2100: cur strands 153 mk 5852.4d | best strands 153 mk 5852.4d | acc 241 [1656s]
[E-727][scls2] CLS it2200: cur strands 153 mk 5852.4d | best strands 153 mk 5852.4d | acc 251 [1735s]
[E-727][scls2] CLS it2300: cur strands 153 mk 5852.4d | best strands 153 mk 5852.4d | acc 259 [1812s]
[E-727][scls2] CLS it2400: cur strands 153 mk 5852.4d | best strands 153 mk 5852.4d | acc 274 [1891s]
[E-727][scls2] CLS it2500: cur strands 153 mk 5852.4d | best strands 153 mk 5852.4d | acc 281 [1950s]
[E-727][scls2] CLS it2600: cur strands 153 mk 5852.4d | best strands 153 mk 5852.4d | acc 291 [2021s]
[E-727][scls2] CLS it2700: cur strands 153 mk 5852.4d | best strands 153 mk 5852.4d | acc 302 [2086s]
[E-727][scls2] CLS it2800: cur strands 153 mk 5852.4d | best strands 153 mk 5852.4d | acc 311 [2156s]
[E-727][scls2] CLS it2900: cur strands 153 mk 5852.4d | best strands 153 mk 5852.4d | acc 321 [2224s]
[E-727][scls2] CLS it3000: cur strands 153 mk 5852.4d | best strands 153 mk 5852.4d | acc 330 [2298s]
[E-727][scls2] CLS it3100: cur strands 153 mk 5852.4d | best strands 153 mk 5852.4d | acc 335 [2358s]
[E-727][scls2] CLS it3200: cur strands 153 mk 5852.4d | best strands 153 mk 5852.4d | acc 349 [2437s]
[E-727][scls2] CLS it3300: cur strands 153 mk 5852.4d | best strands 153 mk 5852.4d | acc 355 [2507s]
[E-727][scls2] CLS it3400: cur strands 153 mk 5852.4d | best strands 153 mk 5852.4d | acc 366 [2586s]
[E-727][scls2] CLS it3500: cur strands 153 mk 5852.4d | best strands 153 mk 5852.4d | acc 375 [2661s]
[E-727][scls2] CLS it3600: cur strands 153 mk 5852.4d | best strands 153 mk 5852.4d | acc 386 [2738s]
[E-727][scls2] CLS it3700: cur strands 153 mk 5852.4d | best strands 153 mk 5852.4d | acc 397 [2836s]
[E-727][scls2] CLS it3800: cur strands 153 mk 5852.4d | best strands 153 mk 5852.4d | acc 402 [2931s]
[E-727][scls2] CLS it3900: cur strands 153 mk 5852.4d | best strands 153 mk 5852.4d | acc 411 [3009s]
[E-727][scls2] CLS it4000: cur strands 153 mk 5852.4d | best strands 153 mk 5852.4d | acc 419 [3084s]
[E-727][scls2] CLS it4100: cur strands 153 mk 5852.4d | best strands 153 mk 5852.4d | acc 432 [3179s]
[E-727][scls2] CLS it4200: cur strands 154 mk 5852.4d | best strands 153 mk 5852.4d | acc 441 [3267s]
[E-727][scls2] CLS it4300: cur strands 154 mk 5844.8d | best strands 153 mk 5852.4d | acc 456 [3361s]
[E-727][scls2] CLS it4400: cur strands 154 mk 5846.6d | best strands 153 mk 5852.4d | acc 467 [3446s]
[E-727][scls2] CLS it4500: cur strands 154 mk 5846.6d | best strands 153 mk 5852.4d | acc 476 [3545s]
[E-727][scls2] CLS it4600: cur strands 154 mk 5846.4d | best strands 153 mk 5852.4d | acc 492 [3650s]
[E-727][scls2] CLS it4700: cur strands 154 mk 5846.9d | best strands 153 mk 5852.4d | acc 508 [3764s]
[E-727][scls2] CLS it4800: cur strands 154 mk 5846.9d | best strands 153 mk 5852.4d | acc 521 [3906s]
[E-727][scls2] CLS it4900: cur strands 154 mk 5846.9d | best strands 153 mk 5852.4d | acc 529 [4011s]
[E-727][scls2] CLS it4926: NEW best strands 153 makespan 5843.1d (d/leg 9.739) acc 530 [4032s]
[E-727][scls2] CLS it5000: cur strands 153 mk 5843.1d | best strands 153 mk 5843.1d | acc 538 [4108s]
[E-727][scls2] CLS it5047: NEW best strands 153 makespan 5836.4d (d/leg 9.727) acc 549 [4175s]
[E-727][scls2] CLS it5100: cur strands 153 mk 5836.4d | best strands 153 mk 5836.4d | acc 554 [4249s]
