error    libmamba Could not set lock (Resource temporarily unavailable)
warning  libmamba Cannot lock '/home/julian/.cache/mamba/proc'
    Waiting for other mamba process to finish
[E-727] dense1d 74208 edges (0-950d), faithful short-tof 58555 edges, n=601
[E-727][fcls] SEED depth 601/601 retimes to STRAND@582 makespan 967.0d (d/leg 1.612) maxwait=12.0 mode=cls [positive-control 9s]
[E-727][fcls] CLS start: complete order 601 cities -> 16 strands, makespan 1456.6d [15s]
[E-727][fcls] CLS it0: cur strands 16 mk 1456.6d | best strands 16 mk 1456.6d | acc 0 [17s]
[E-727][fcls] CLS it7: NEW best strands 16 makespan 1451.6d (d/leg 2.419) acc 1 [43s]
[E-727][fcls] CLS it13: NEW best strands 14 makespan 1396.4d (d/leg 2.327) acc 2 [69s]
[E-727][fcls] CLS it38: NEW best strands 13 makespan 1368.3d (d/leg 2.281) acc 4 [136s]
[E-727][fcls] CLS it76: NEW best strands 12 makespan 1340.1d (d/leg 2.234) acc 6 [252s]
[E-727][fcls] CLS it79: NEW best strands 12 makespan 1338.3d (d/leg 2.231) acc 7 [264s]
[E-727][fcls] CLS it95: NEW best strands 12 makespan 1333.0d (d/leg 2.222) acc 8 [302s]
[E-727][fcls] CLS it100: cur strands 12 mk 1333.0d | best strands 12 mk 1333.0d | acc 8 [313s]
[E-727][fcls] CLS it196: NEW best strands 12 makespan 1329.7d (d/leg 2.216) acc 10 [549s]
[E-727][fcls] CLS it200: cur strands 12 mk 1329.7d | best strands 12 mk 1329.7d | acc 10 [556s]
[E-727][fcls] CLS it229: NEW best strands 11 makespan 1314.0d (d/leg 2.190) acc 11 [623s]
[E-727][fcls] CLS it286: NEW best strands 11 makespan 1313.5d (d/leg 2.189) acc 13 [763s]
[E-727][fcls] CLS it300: cur strands 11 mk 1313.5d | best strands 11 mk 1313.5d | acc 13 [793s]
[E-727][fcls] CLS it400: cur strands 11 mk 1313.5d | best strands 11 mk 1313.5d | acc 13 [1019s]
[E-727][fcls] CLS it500: cur strands 11 mk 1313.5d | best strands 11 mk 1313.5d | acc 13 [1233s]
[E-727][fcls] CLS it570: NEW best strands 10 makespan 1283.5d (d/leg 2.139) acc 14 [1397s]
[E-727][fcls] CLS it600: cur strands 10 mk 1283.5d | best strands 10 mk 1283.5d | acc 14 [1463s]
[E-727][fcls] CLS it700: cur strands 10 mk 1283.5d | best strands 10 mk 1283.5d | acc 14 [1679s]
[E-727][fcls] CLS it800: cur strands 10 mk 1283.5d | best strands 10 mk 1283.5d | acc 14 [1869s]
[E-727][fcls] CLS it833: NEW best strands 9 makespan 1253.5d (d/leg 2.089) acc 16 [1929s]
[E-727][fcls] CLS it900: cur strands 9 mk 1253.5d | best strands 9 mk 1253.5d | acc 16 [2051s]
[E-727][fcls] CLS it1000: cur strands 9 mk 1253.5d | best strands 9 mk 1253.5d | acc 16 [2223s]
[E-727][fcls] CLS it1100: cur strands 9 mk 1253.5d | best strands 9 mk 1253.5d | acc 17 [2416s]
[E-727][fcls] CLS it1126: NEW best strands 8 makespan 1223.5d (d/leg 2.039) acc 19 [2480s]
[E-727][fcls] CLS it1200: cur strands 8 mk 1223.5d | best strands 8 mk 1223.5d | acc 20 [2629s]
[E-727][fcls] CLS it1300: cur strands 8 mk 1223.5d | best strands 8 mk 1223.5d | acc 20 [2813s]
[E-727][fcls] CLS it1400: cur strands 8 mk 1223.5d | best strands 8 mk 1223.5d | acc 21 [2991s]
[E-727][fcls] CLS it1500: cur strands 8 mk 1223.5d | best strands 8 mk 1223.5d | acc 21 [3169s]
[E-727][fcls] CLS it1600: cur strands 8 mk 1223.5d | best strands 8 mk 1223.5d | acc 22 [3339s]
[E-727][fcls] CLS it1700: cur strands 8 mk 1223.5d | best strands 8 mk 1223.5d | acc 23 [3533s]
[E-727][fcls] CLS it1800: cur strands 8 mk 1223.5d | best strands 8 mk 1223.5d | acc 23 [3740s]
[E-727][fcls] CLS it1900: cur strands 8 mk 1223.5d | best strands 8 mk 1223.5d | acc 23 [3934s]
[E-727][fcls] CLS it2000: cur strands 8 mk 1223.5d | best strands 8 mk 1223.5d | acc 23 [4224s]
[E-727][fcls] CLS it2013: NEW best strands 8 makespan 1218.8d (d/leg 2.031) acc 25 [4278s]
