error    libmamba Could not set lock (Resource temporarily unavailable)
warning  libmamba Cannot lock '/home/julian/.cache/mamba/proc'
    Waiting for other mamba process to finish
[E-727] dense1d 74208 edges (0-950d), faithful short-tof 58555 edges, n=601
[E-727][bcls2] SEED depth 601/601 retimes to STRAND@167 makespan 269.4d (d/leg 0.449) maxwait=12.0 mode=cls [positive-control 1s]
[E-727][bcls2] CLS start: complete order 601 cities -> 6 strands, makespan 1073.4d [4s]
[E-727][bcls2] CLS it0: cur strands 6 mk 1073.4d | best strands 6 mk 1073.4d | acc 0 [5s]
[E-727][bcls2] CLS it1: NEW best strands 5 makespan 1053.5d (d/leg 1.756) acc 1 [10s]
[E-727][bcls2] CLS it100: cur strands 5 mk 1053.5d | best strands 5 mk 1053.5d | acc 21 [240s]
[E-727][bcls2] CLS it200: cur strands 6 mk 1079.9d | best strands 5 mk 1053.5d | acc 40 [512s]
[E-727][bcls2] CLS it205: NEW best strands 4 makespan 1021.0d (d/leg 1.702) acc 42 [527s]
[E-727][bcls2] CLS it208: NEW best strands 4 makespan 1019.9d (d/leg 1.700) acc 43 [536s]
[E-727][bcls2] CLS it228: NEW best strands 4 makespan 1018.4d (d/leg 1.697) acc 46 [582s]
[E-727][bcls2] CLS it229: NEW best strands 4 makespan 1012.6d (d/leg 1.688) acc 47 [587s]
[E-727][bcls2] CLS it247: NEW best strands 4 makespan 1008.6d (d/leg 1.681) acc 49 [627s]
[E-727][bcls2] CLS it248: NEW best strands 3 makespan 978.6d (d/leg 1.631) acc 50 [633s]
[E-727][bcls2] CLS it255: NEW best strands 2 makespan 968.4d (d/leg 1.614) acc 51 [649s]
[E-727][bcls2] CLS it300: cur strands 2 mk 968.4d | best strands 2 mk 968.4d | acc 59 [776s]
[E-727][bcls2] CLS it400: cur strands 2 mk 968.4d | best strands 2 mk 968.4d | acc 69 [1055s]
[E-727][bcls2] CLS it500: cur strands 2 mk 968.4d | best strands 2 mk 968.4d | acc 69 [1258s]
[E-727][bcls2] CLS it600: cur strands 3 mk 997.4d | best strands 2 mk 968.4d | acc 73 [1475s]
[E-727][bcls2] CLS it700: cur strands 2 mk 968.4d | best strands 2 mk 968.4d | acc 77 [1701s]
[E-727][bcls2] CLS it800: cur strands 2 mk 968.4d | best strands 2 mk 968.4d | acc 77 [1904s]
[E-727][bcls2] CLS it900: cur strands 2 mk 968.4d | best strands 2 mk 968.4d | acc 78 [2111s]
[E-727][bcls2] CLS it1000: cur strands 2 mk 976.4d | best strands 2 mk 968.4d | acc 84 [2315s]
[E-727][bcls2] CLS it1100: cur strands 2 mk 976.4d | best strands 2 mk 968.4d | acc 84 [2505s]
[E-727][bcls2] CLS it1200: cur strands 3 mk 1011.4d | best strands 2 mk 968.4d | acc 88 [2730s]
[E-727][bcls2] CLS it1300: cur strands 3 mk 1011.4d | best strands 2 mk 968.4d | acc 88 [2997s]
[E-727][bcls2] CLS it1400: cur strands 2 mk 983.0d | best strands 2 mk 968.4d | acc 90 [3263s]
[E-727][bcls2] CLS it1500: cur strands 2 mk 983.0d | best strands 2 mk 968.4d | acc 93 [3523s]
[E-727][bcls2] CLS it1600: cur strands 2 mk 983.0d | best strands 2 mk 968.4d | acc 93 [3815s]
[E-727][bcls2] CLS it1700: cur strands 2 mk 983.0d | best strands 2 mk 968.4d | acc 93 [4109s]
[E-727][bcls2] CLS it1800: cur strands 2 mk 983.0d | best strands 2 mk 968.4d | acc 93 [4434s]
[E-727][bcls2] CLS it1900: cur strands 2 mk 983.0d | best strands 2 mk 968.4d | acc 93 [4715s]
[E-727][bcls2] CLS it2000: cur strands 2 mk 983.0d | best strands 2 mk 968.4d | acc 93 [4953s]
[E-727][bcls2] CLS it2100: cur strands 2 mk 983.0d | best strands 2 mk 968.4d | acc 94 [5196s]
[E-727][bcls2] CLS it2200: cur strands 2 mk 983.0d | best strands 2 mk 968.4d | acc 94 [5429s]
[E-727][bcls2] CLS it2300: cur strands 2 mk 983.0d | best strands 2 mk 968.4d | acc 94 [5685s]
[E-727][bcls2] CLS it2400: cur strands 2 mk 983.0d | best strands 2 mk 968.4d | acc 94 [5910s]
[E-727][bcls2] CLS it2500: cur strands 2 mk 982.9d | best strands 2 mk 968.4d | acc 96 [6183s]
[E-727][bcls2] CLS it2600: cur strands 2 mk 982.9d | best strands 2 mk 968.4d | acc 96 [6488s]
[E-727][bcls2] CLS it2700: cur strands 2 mk 982.9d | best strands 2 mk 968.4d | acc 96 [6792s]
[E-727][bcls2] CLS it2800: cur strands 2 mk 982.9d | best strands 2 mk 968.4d | acc 97 [7050s]
[E-727][bcls2] CLS it2900: cur strands 2 mk 982.9d | best strands 2 mk 968.4d | acc 99 [7306s]
[E-727][bcls2] CLS it3000: cur strands 2 mk 982.9d | best strands 2 mk 968.4d | acc 99 [7550s]
[E-727][bcls2] CLS it3100: cur strands 2 mk 982.9d | best strands 2 mk 968.4d | acc 100 [7814s]
[E-727][bcls2] CLS it3200: cur strands 2 mk 980.4d | best strands 2 mk 968.4d | acc 103 [8121s]
[E-727][bcls2] CLS it3300: cur strands 2 mk 980.4d | best strands 2 mk 968.4d | acc 105 [8409s]
[E-727][bcls2] CLS it3400: cur strands 2 mk 981.9d | best strands 2 mk 968.4d | acc 107 [8674s]
[E-727][bcls2] CLS it3500: cur strands 2 mk 980.4d | best strands 2 mk 968.4d | acc 108 [8943s]
[E-727][bcls2] CLS it3600: cur strands 2 mk 980.4d | best strands 2 mk 968.4d | acc 109 [9201s]
[E-727][bcls2] CLS it3700: cur strands 2 mk 982.3d | best strands 2 mk 968.4d | acc 112 [9449s]
[E-727][bcls2] CLS it3800: cur strands 2 mk 982.3d | best strands 2 mk 968.4d | acc 112 [9665s]
[E-727][bcls2] CLS it3900: cur strands 2 mk 982.3d | best strands 2 mk 968.4d | acc 112 [9861s]
[E-727][bcls2] CLS it4000: cur strands 2 mk 982.3d | best strands 2 mk 968.4d | acc 113 [10072s]
[E-727][bcls2] CLS it4100: cur strands 2 mk 982.3d | best strands 2 mk 968.4d | acc 113 [10277s]
[E-727][bcls2] CLS it4200: cur strands 2 mk 982.3d | best strands 2 mk 968.4d | acc 114 [10466s]
[E-727][bcls2] CLS it4300: cur strands 2 mk 982.3d | best strands 2 mk 968.4d | acc 114 [10654s]
[E-727][bcls2] CLS it4400: cur strands 2 mk 974.2d | best strands 2 mk 968.4d | acc 118 [10854s]
[E-727][bcls2] CLS it4500: cur strands 2 mk 974.2d | best strands 2 mk 968.4d | acc 118 [11050s]
[E-727][bcls2] CLS it4600: cur strands 2 mk 974.2d | best strands 2 mk 968.4d | acc 118 [11261s]
[E-727][bcls2] CLS it4700: cur strands 2 mk 974.2d | best strands 2 mk 968.4d | acc 119 [11480s]
[E-727][bcls2] CLS it4800: cur strands 2 mk 974.2d | best strands 2 mk 968.4d | acc 119 [11694s]
[E-727][bcls2] CLS it4900: cur strands 2 mk 973.7d | best strands 2 mk 968.4d | acc 120 [11902s]
[E-727][bcls2] CLS it5000: cur strands 2 mk 973.7d | best strands 2 mk 968.4d | acc 120 [12226s]
[E-727][bcls2] CLS it5100: cur strands 2 mk 972.8d | best strands 2 mk 968.4d | acc 122 [12475s]
[E-727][bcls2] CLS it5200: cur strands 2 mk 972.8d | best strands 2 mk 968.4d | acc 124 [12762s]
[E-727][bcls2] CLS it5300: cur strands 2 mk 972.8d | best strands 2 mk 968.4d | acc 125 [13022s]
[E-727][bcls2] CLS it5400: cur strands 2 mk 972.8d | best strands 2 mk 968.4d | acc 126 [13257s]
[E-727][bcls2] CLS it5500: cur strands 2 mk 972.8d | best strands 2 mk 968.4d | acc 126 [13470s]
[E-727][bcls2] CLS it5600: cur strands 2 mk 972.8d | best strands 2 mk 968.4d | acc 126 [13688s]
[E-727][bcls2] CLS it5700: cur strands 2 mk 972.8d | best strands 2 mk 968.4d | acc 126 [13911s]
[E-727][bcls2] CLS it5800: cur strands 2 mk 972.8d | best strands 2 mk 968.4d | acc 127 [14105s]
[E-727][bcls2] CLS it5900: cur strands 2 mk 972.8d | best strands 2 mk 968.4d | acc 127 [14320s]
[E-727][bcls2] CLS it6000: cur strands 2 mk 972.8d | best strands 2 mk 968.4d | acc 128 [14557s]
[E-727][bcls2] CLS it6100: cur strands 2 mk 972.8d | best strands 2 mk 968.4d | acc 129 [14780s]
[E-727][bcls2] CLS it6200: cur strands 2 mk 972.8d | best strands 2 mk 968.4d | acc 132 [15010s]
[E-727][bcls2] CLS it6300: cur strands 2 mk 972.8d | best strands 2 mk 968.4d | acc 134 [15225s]
[E-727][bcls2] CLS it6400: cur strands 2 mk 972.8d | best strands 2 mk 968.4d | acc 135 [15452s]
[E-727][bcls2] CLS it6500: cur strands 2 mk 972.8d | best strands 2 mk 968.4d | acc 137 [15674s]
[E-727][bcls2] CLS it6600: cur strands 2 mk 972.8d | best strands 2 mk 968.4d | acc 137 [15893s]
[E-727][bcls2] CLS it6700: cur strands 2 mk 972.8d | best strands 2 mk 968.4d | acc 141 [16143s]
[E-727][bcls2] CLS it6800: cur strands 2 mk 972.8d | best strands 2 mk 968.4d | acc 141 [16355s]
[E-727][bcls2] CLS it6900: cur strands 2 mk 972.8d | best strands 2 mk 968.4d | acc 141 [16535s]
[E-727][bcls2] CLS it7000: cur strands 2 mk 972.8d | best strands 2 mk 968.4d | acc 141 [16796s]
[E-727][bcls2] CLS it7100: cur strands 2 mk 972.8d | best strands 2 mk 968.4d | acc 142 [17021s]
[E-727][bcls2] CLS it7200: cur strands 2 mk 972.3d | best strands 2 mk 968.4d | acc 144 [17258s]
[E-727][bcls2] CLS it7300: cur strands 2 mk 972.3d | best strands 2 mk 968.4d | acc 144 [17478s]
[E-727][bcls2] CLS it7400: cur strands 2 mk 972.3d | best strands 2 mk 968.4d | acc 144 [17725s]
[E-727][bcls2] CLS it7500: cur strands 2 mk 972.3d | best strands 2 mk 968.4d | acc 145 [17958s]
[E-727][bcls2] CLS it7600: cur strands 2 mk 969.6d | best strands 2 mk 968.4d | acc 146 [18187s]
[E-727][bcls2] CLS it7700: cur strands 2 mk 969.6d | best strands 2 mk 968.4d | acc 146 [18422s]
[E-727][bcls2] CLS it7800: cur strands 2 mk 989.6d | best strands 2 mk 968.4d | acc 150 [18739s]
[E-727][bcls2] CLS it7900: cur strands 2 mk 989.6d | best strands 2 mk 968.4d | acc 151 [19044s]
[E-727][bcls2] CLS it7950: NEW best strands 1 makespan 959.6d (d/leg 1.599) acc 152 [19202s]
[E-727][bcls2] CLS it8000: cur strands 1 mk 959.6d | best strands 1 mk 959.6d | acc 152 [19361s]
[E-727][bcls2] CLS it8100: cur strands 1 mk 959.6d | best strands 1 mk 959.6d | acc 152 [19672s]
[E-727][bcls2] CLS it8200: cur strands 1 mk 959.6d | best strands 1 mk 959.6d | acc 152 [19987s]
[E-727][bcls2] CLS it8300: cur strands 1 mk 959.6d | best strands 1 mk 959.6d | acc 152 [20301s]
[E-727][bcls2] CLS it8400: cur strands 1 mk 959.6d | best strands 1 mk 959.6d | acc 152 [20622s]
[E-727][bcls2] CLS it8500: cur strands 1 mk 959.6d | best strands 1 mk 959.6d | acc 152 [20942s]
[E-727][bcls2] CLS it8600: cur strands 1 mk 959.6d | best strands 1 mk 959.6d | acc 153 [21262s]
[E-727][bcls2] CLS it8700: cur strands 1 mk 959.6d | best strands 1 mk 959.6d | acc 154 [21589s]
[E-727][bcls2] CLS it8800: cur strands 1 mk 959.6d | best strands 1 mk 959.6d | acc 154 [21910s]
[E-727][bcls2] CLS it8900: cur strands 1 mk 959.6d | best strands 1 mk 959.6d | acc 154 [22230s]
[E-727][bcls2] CLS it9000: cur strands 1 mk 959.6d | best strands 1 mk 959.6d | acc 154 [22542s]
[E-727][bcls2] CLS it9100: cur strands 1 mk 959.6d | best strands 1 mk 959.6d | acc 154 [22864s]
[E-727][bcls2] CLS it9200: cur strands 1 mk 959.6d | best strands 1 mk 959.6d | acc 154 [23183s]
