[E-727] dense1d 74208 edges (0-950d), faithful short-tof 58555 edges, n=601
[E-727][fcls2] SEED depth 601/601 retimes to STRAND@582 makespan 967.0d (d/leg 1.612) maxwait=10.0 mode=cls [positive-control 9s]
[E-727][fcls2] CLS start: complete order 601 cities -> 16 strands, makespan 1456.6d [16s]
[E-727][fcls2] CLS it0: cur strands 16 mk 1456.6d | best strands 16 mk 1456.6d | acc 0 [20s]
[E-727][fcls2] CLS it3: NEW best strands 16 makespan 1456.5d (d/leg 2.428) acc 1 [34s]
[E-727][fcls2] CLS it12: NEW best strands 16 makespan 1455.7d (d/leg 2.426) acc 2 [71s]
[E-727][fcls2] CLS it21: NEW best strands 16 makespan 1454.7d (d/leg 2.425) acc 4 [104s]
[E-727][fcls2] CLS it46: NEW best strands 16 makespan 1452.9d (d/leg 2.422) acc 8 [185s]
[E-727][fcls2] CLS it50: NEW best strands 15 makespan 1423.5d (d/leg 2.372) acc 10 [205s]
[E-727][fcls2] CLS it75: NEW best strands 15 makespan 1418.2d (d/leg 2.364) acc 11 [293s]
[E-727][fcls2] CLS it77: NEW best strands 14 makespan 1399.3d (d/leg 2.332) acc 12 [302s]
[E-727][fcls2] CLS it79: NEW best strands 13 makespan 1369.3d (d/leg 2.282) acc 13 [312s]
[E-727][fcls2] CLS it87: NEW best strands 13 makespan 1368.0d (d/leg 2.280) acc 14 [337s]
[E-727][fcls2] CLS it100: cur strands 13 mk 1368.0d | best strands 13 mk 1368.0d | acc 14 [374s]
[E-727][fcls2] CLS it158: NEW best strands 12 makespan 1338.0d (d/leg 2.230) acc 16 [506s]
[E-727][fcls2] CLS it199: NEW best strands 12 makespan 1337.3d (d/leg 2.229) acc 17 [591s]
[E-727][fcls2] CLS it200: cur strands 12 mk 1337.3d | best strands 12 mk 1337.3d | acc 17 [594s]
[E-727][fcls2] CLS it300: cur strands 12 mk 1337.3d | best strands 12 mk 1337.3d | acc 20 [823s]
[E-727][fcls2] CLS it310: NEW best strands 11 makespan 1307.3d (d/leg 2.179) acc 21 [849s]
[E-727][fcls2] CLS it400: cur strands 11 mk 1307.3d | best strands 11 mk 1307.3d | acc 21 [1045s]
[E-727][fcls2] CLS it428: NEW best strands 9 makespan 1252.0d (d/leg 2.087) acc 22 [1111s]
[E-727][fcls2] CLS it500: cur strands 9 mk 1252.0d | best strands 9 mk 1252.0d | acc 23 [1275s]
[E-727][fcls2] CLS it546: NEW best strands 9 makespan 1247.3d (d/leg 2.079) acc 25 [1392s]
[E-727][fcls2] CLS it598: NEW best strands 8 makespan 1221.7d (d/leg 2.036) acc 29 [1519s]
[E-727][fcls2] CLS it600: cur strands 8 mk 1221.7d | best strands 8 mk 1221.7d | acc 29 [1523s]
[E-727][fcls2] CLS it614: NEW best strands 7 makespan 1197.9d (d/leg 1.997) acc 30 [1556s]
[E-727][fcls2] CLS it700: cur strands 7 mk 1197.9d | best strands 7 mk 1197.9d | acc 31 [1728s]
[E-727][fcls2] CLS it800: cur strands 7 mk 1198.8d | best strands 7 mk 1197.9d | acc 32 [1939s]
[E-727][fcls2] CLS it900: cur strands 7 mk 1198.8d | best strands 7 mk 1197.9d | acc 33 [2136s]
[E-727][fcls2] CLS it1000: cur strands 7 mk 1198.8d | best strands 7 mk 1197.9d | acc 33 [2326s]
[E-727][fcls2] CLS it1100: cur strands 7 mk 1198.8d | best strands 7 mk 1197.9d | acc 35 [2531s]
[E-727][fcls2] CLS it1163: NEW best strands 7 makespan 1194.3d (d/leg 1.991) acc 36 [2656s]
[E-727][fcls2] CLS it1200: cur strands 7 mk 1194.3d | best strands 7 mk 1194.3d | acc 36 [2723s]
[E-727][fcls2] CLS it1300: cur strands 7 mk 1194.3d | best strands 7 mk 1194.3d | acc 36 [2910s]
[E-727][fcls2] CLS it1380: NEW best strands 7 makespan 1188.1d (d/leg 1.980) acc 38 [3072s]
[E-727][fcls2] CLS it1400: cur strands 7 mk 1188.1d | best strands 7 mk 1188.1d | acc 38 [3115s]
[E-727][fcls2] CLS it1500: cur strands 7 mk 1188.1d | best strands 7 mk 1188.1d | acc 39 [3323s]
[E-727][fcls2] CLS it1600: cur strands 7 mk 1188.1d | best strands 7 mk 1188.1d | acc 39 [3521s]
[E-727][fcls2] CLS it1700: cur strands 7 mk 1188.1d | best strands 7 mk 1188.1d | acc 39 [3714s]
[E-727][fcls2] CLS it1800: cur strands 7 mk 1188.1d | best strands 7 mk 1188.1d | acc 40 [3907s]
[E-727][fcls2] CLS it1900: cur strands 7 mk 1188.1d | best strands 7 mk 1188.1d | acc 40 [4185s]
[E-727][fcls2] CLS it1938: NEW best strands 6 makespan 1158.1d (d/leg 1.930) acc 41 [4291s]
