error    libmamba Could not set lock (Resource temporarily unavailable)
warning  libmamba Cannot lock '/home/julian/.cache/mamba/proc'
    Waiting for other mamba process to finish
[E-727] dense1d 74208 edges (0-950d), faithful short-tof 58555 edges, n=601
[E-727][bcls] SEED depth 601/601 retimes to STRAND@164 makespan 263.8d (d/leg 0.440) maxwait=12.0 mode=cls [positive-control 1s]
[E-727][bcls] CLS start: complete order 601 cities -> 6 strands, makespan 1024.9d [4s]
[E-727][bcls] CLS it0: cur strands 6 mk 1024.9d | best strands 6 mk 1024.9d | acc 0 [6s]
[E-727][bcls] CLS it11: NEW best strands 6 makespan 1021.1d (d/leg 1.702) acc 4 [34s]
[E-727][bcls] CLS it14: NEW best strands 6 makespan 1015.3d (d/leg 1.692) acc 5 [43s]
[E-727][bcls] CLS it36: NEW best strands 5 makespan 1015.3d (d/leg 1.692) acc 9 [92s]
[E-727][bcls] CLS it39: NEW best strands 5 makespan 1014.4d (d/leg 1.691) acc 10 [101s]
[E-727][bcls] CLS it92: NEW best strands 5 makespan 1010.6d (d/leg 1.684) acc 24 [246s]
[E-727][bcls] CLS it93: NEW best strands 5 makespan 1010.5d (d/leg 1.684) acc 25 [251s]
[E-727][bcls] CLS it98: NEW best strands 5 makespan 1005.9d (d/leg 1.676) acc 28 [272s]
[E-727][bcls] CLS it99: NEW best strands 4 makespan 1013.5d (d/leg 1.689) acc 29 [277s]
[E-727][bcls] CLS it100: NEW best strands 3 makespan 983.0d (d/leg 1.638) acc 30 [283s]
[E-727][bcls] CLS it100: cur strands 3 mk 983.0d | best strands 3 mk 983.0d | acc 30 [283s]
[E-727][bcls] CLS it103: NEW best strands 3 makespan 982.2d (d/leg 1.637) acc 33 [301s]
[E-727][bcls] CLS it111: NEW best strands 3 makespan 977.2d (d/leg 1.629) acc 36 [332s]
[E-727][bcls] CLS it112: NEW best strands 3 makespan 976.2d (d/leg 1.627) acc 37 [337s]
[E-727][bcls] CLS it145: NEW best strands 2 makespan 946.2d (d/leg 1.577) acc 41 [436s]
[E-727][bcls] CLS it200: cur strands 2 mk 946.2d | best strands 2 mk 946.2d | acc 49 [600s]
[E-727][bcls] CLS it300: cur strands 2 mk 946.2d | best strands 2 mk 946.2d | acc 58 [913s]
[E-727][bcls] CLS it400: cur strands 2 mk 946.2d | best strands 2 mk 946.2d | acc 63 [1208s]
[E-727][bcls] CLS it410: NEW best strands 1 makespan 924.3d (d/leg 1.541) acc 65 [1241s]
[E-727][bcls] CLS it500: cur strands 1 mk 937.0d | best strands 1 mk 924.3d | acc 73 [1521s]
[E-727][bcls] CLS it600: cur strands 1 mk 937.0d | best strands 1 mk 924.3d | acc 91 [1855s]
[E-727][bcls] CLS it700: cur strands 1 mk 937.0d | best strands 1 mk 924.3d | acc 121 [2247s]
[E-727][bcls] CLS it800: cur strands 1 mk 937.0d | best strands 1 mk 924.3d | acc 140 [2601s]
[E-727][bcls] CLS it900: cur strands 1 mk 946.2d | best strands 1 mk 924.3d | acc 155 [2986s]
[E-727][bcls] CLS it1000: cur strands 1 mk 946.2d | best strands 1 mk 924.3d | acc 176 [3440s]
[E-727][bcls] CLS it1100: cur strands 1 mk 946.2d | best strands 1 mk 924.3d | acc 200 [3975s]
[E-727][bcls] CLS it1200: cur strands 1 mk 946.2d | best strands 1 mk 924.3d | acc 216 [4531s]
[E-727][bcls] CLS it1300: cur strands 1 mk 946.2d | best strands 1 mk 924.3d | acc 224 [4945s]
[E-727][bcls] CLS it1400: cur strands 1 mk 946.2d | best strands 1 mk 924.3d | acc 235 [5362s]
[E-727][bcls] CLS it1500: cur strands 1 mk 946.2d | best strands 1 mk 924.3d | acc 249 [5795s]
[E-727][bcls] CLS it1600: cur strands 1 mk 946.2d | best strands 1 mk 924.3d | acc 264 [6260s]
[E-727][bcls] CLS it1700: cur strands 1 mk 946.2d | best strands 1 mk 924.3d | acc 275 [6769s]
[E-727][bcls] CLS it1800: cur strands 1 mk 944.3d | best strands 1 mk 924.3d | acc 291 [7206s]
[E-727][bcls] CLS it1900: cur strands 1 mk 944.3d | best strands 1 mk 924.3d | acc 303 [7616s]
[E-727][bcls] CLS it2000: cur strands 1 mk 944.3d | best strands 1 mk 924.3d | acc 304 [7985s]
[E-727][bcls] CLS it2100: cur strands 1 mk 944.3d | best strands 1 mk 924.3d | acc 305 [8400s]
[E-727][bcls] CLS it2200: cur strands 1 mk 944.3d | best strands 1 mk 924.3d | acc 305 [8765s]
[E-727][bcls] CLS it2300: cur strands 1 mk 950.6d | best strands 1 mk 924.3d | acc 308 [9137s]
[E-727][bcls] CLS it2400: cur strands 1 mk 950.6d | best strands 1 mk 924.3d | acc 318 [9547s]
[E-727][bcls] CLS it2500: cur strands 1 mk 950.6d | best strands 1 mk 924.3d | acc 329 [9875s]
[E-727][bcls] CLS it2600: cur strands 1 mk 950.6d | best strands 1 mk 924.3d | acc 350 [10235s]
[E-727][bcls] CLS it2700: cur strands 1 mk 950.6d | best strands 1 mk 924.3d | acc 362 [10569s]
[E-727][bcls] CLS it2800: cur strands 1 mk 950.6d | best strands 1 mk 924.3d | acc 375 [10896s]
[E-727][bcls] CLS it2900: cur strands 1 mk 950.6d | best strands 1 mk 924.3d | acc 386 [11211s]
