error    libmamba Could not set lock (Resource temporarily unavailable)
warning  libmamba Cannot lock '/home/julian/.cache/mamba/proc'
    Waiting for other mamba process to finish
[E-727] dense1d 74208 edges (0-950d), faithful short-tof 58555 edges, n=601
[E-727][scls] SEED depth 601/601 retimes to STRAND@2 makespan 7.4d (d/leg 0.012) maxwait=20.0 mode=cls [positive-control 0s]
[E-727][scls] CLS start: complete order 601 cities -> 155 strands, makespan 5867.4d [3s]
[E-727][scls] CLS it0: cur strands 155 mk 5867.4d | best strands 155 mk 5867.4d | acc 0 [5s]
[E-727][scls] CLS it58: NEW best strands 155 makespan 5866.5d (d/leg 9.778) acc 13 [58s]
[E-727][scls] CLS it69: NEW best strands 155 makespan 5866.5d (d/leg 9.778) acc 16 [69s]
[E-727][scls] CLS it100: cur strands 155 mk 5866.5d | best strands 155 mk 5866.5d | acc 20 [93s]
[E-727][scls] CLS it200: cur strands 155 mk 5868.7d | best strands 155 mk 5866.5d | acc 32 [176s]
[E-727][scls] CLS it300: cur strands 155 mk 5868.7d | best strands 155 mk 5866.5d | acc 40 [266s]
[E-727][scls] CLS it400: cur strands 155 mk 5868.6d | best strands 155 mk 5866.5d | acc 53 [374s]
[E-727][scls] CLS it500: cur strands 155 mk 5868.7d | best strands 155 mk 5866.5d | acc 69 [469s]
[E-727][scls] CLS it600: cur strands 155 mk 5868.7d | best strands 155 mk 5866.5d | acc 90 [566s]
[E-727][scls] CLS it700: cur strands 155 mk 5871.8d | best strands 155 mk 5866.5d | acc 114 [683s]
[E-727][scls] CLS it728: NEW best strands 155 makespan 5864.8d (d/leg 9.775) acc 125 [724s]
[E-727][scls] CLS it769: NEW best strands 155 makespan 5864.8d (d/leg 9.775) acc 130 [759s]
[E-727][scls] CLS it792: NEW best strands 155 makespan 5864.8d (d/leg 9.775) acc 135 [786s]
[E-727][scls] CLS it800: NEW best strands 155 makespan 5861.7d (d/leg 9.769) acc 139 [800s]
[E-727][scls] CLS it800: cur strands 155 mk 5861.7d | best strands 155 mk 5861.7d | acc 139 [800s]
[E-727][scls] CLS it899: NEW best strands 155 makespan 5861.7d (d/leg 9.769) acc 158 [910s]
[E-727][scls] CLS it900: cur strands 155 mk 5861.7d | best strands 155 mk 5861.7d | acc 158 [913s]
[E-727][scls] CLS it912: NEW best strands 155 makespan 5861.6d (d/leg 9.769) acc 161 [924s]
[E-727][scls] CLS it1000: cur strands 155 mk 5861.9d | best strands 155 mk 5861.6d | acc 180 [1025s]
[E-727][scls] CLS it1100: cur strands 155 mk 5861.9d | best strands 155 mk 5861.6d | acc 185 [1100s]
[E-727][scls] CLS it1200: cur strands 155 mk 5861.9d | best strands 155 mk 5861.6d | acc 201 [1186s]
[E-727][scls] CLS it1300: cur strands 155 mk 5861.9d | best strands 155 mk 5861.6d | acc 213 [1257s]
[E-727][scls] CLS it1377: NEW best strands 155 makespan 5860.8d (d/leg 9.768) acc 224 [1319s]
[E-727][scls] CLS it1400: cur strands 155 mk 5860.8d | best strands 155 mk 5860.8d | acc 229 [1344s]
[E-727][scls] CLS it1500: cur strands 155 mk 5875.6d | best strands 155 mk 5860.8d | acc 248 [1445s]
[E-727][scls] CLS it1600: cur strands 155 mk 5874.0d | best strands 155 mk 5860.8d | acc 266 [1538s]
[E-727][scls] CLS it1639: NEW best strands 155 makespan 5860.7d (d/leg 9.768) acc 274 [1578s]
[E-727][scls] CLS it1700: cur strands 155 mk 5860.7d | best strands 155 mk 5860.7d | acc 282 [1625s]
[E-727][scls] CLS it1765: NEW best strands 155 makespan 5860.7d (d/leg 9.768) acc 290 [1676s]
[E-727][scls] CLS it1800: cur strands 155 mk 5860.7d | best strands 155 mk 5860.7d | acc 298 [1709s]
[E-727][scls] CLS it1900: cur strands 155 mk 5860.7d | best strands 155 mk 5860.7d | acc 311 [1785s]
[E-727][scls] CLS it2000: cur strands 155 mk 5860.7d | best strands 155 mk 5860.7d | acc 326 [1863s]
[E-727][scls] CLS it2100: cur strands 155 mk 5860.7d | best strands 155 mk 5860.7d | acc 338 [1941s]
[E-727][scls] CLS it2200: cur strands 155 mk 5860.7d | best strands 155 mk 5860.7d | acc 349 [2020s]
[E-727][scls] CLS it2300: cur strands 155 mk 5860.7d | best strands 155 mk 5860.7d | acc 363 [2107s]
[E-727][scls] CLS it2400: cur strands 155 mk 5860.7d | best strands 155 mk 5860.7d | acc 378 [2186s]
[E-727][scls] CLS it2500: cur strands 155 mk 5860.7d | best strands 155 mk 5860.7d | acc 390 [2260s]
[E-727][scls] CLS it2600: cur strands 155 mk 5860.7d | best strands 155 mk 5860.7d | acc 412 [2345s]
[E-727][scls] CLS it2700: cur strands 155 mk 5860.7d | best strands 155 mk 5860.7d | acc 422 [2430s]
[E-727][scls] CLS it2800: cur strands 155 mk 5860.7d | best strands 155 mk 5860.7d | acc 431 [2507s]
[E-727][scls] CLS it2900: cur strands 155 mk 5876.0d | best strands 155 mk 5860.7d | acc 449 [2589s]
[E-727][scls] CLS it3000: cur strands 155 mk 5867.7d | best strands 155 mk 5860.7d | acc 465 [2672s]
[E-727][scls] CLS it3100: cur strands 155 mk 5867.7d | best strands 155 mk 5860.7d | acc 478 [2751s]
[E-727][scls] CLS it3133: NEW best strands 155 makespan 5855.7d (d/leg 9.760) acc 481 [2783s]
[E-727][scls] CLS it3200: cur strands 155 mk 5855.7d | best strands 155 mk 5855.7d | acc 493 [2859s]
[E-727][scls] CLS it3300: cur strands 155 mk 5855.7d | best strands 155 mk 5855.7d | acc 510 [2966s]
[E-727][scls] CLS it3400: cur strands 155 mk 5855.7d | best strands 155 mk 5855.7d | acc 531 [3072s]
[E-727][scls] CLS it3500: cur strands 155 mk 5855.7d | best strands 155 mk 5855.7d | acc 550 [3195s]
[E-727][scls] CLS it3600: cur strands 155 mk 5855.7d | best strands 155 mk 5855.7d | acc 569 [3294s]
[E-727][scls] CLS it3700: cur strands 155 mk 5855.7d | best strands 155 mk 5855.7d | acc 593 [3422s]
[E-727][scls] CLS it3800: cur strands 155 mk 5855.7d | best strands 155 mk 5855.7d | acc 620 [3550s]
[E-727][scls] CLS it3900: cur strands 155 mk 5855.7d | best strands 155 mk 5855.7d | acc 632 [3642s]
[E-727][scls] CLS it4000: cur strands 155 mk 5855.7d | best strands 155 mk 5855.7d | acc 648 [3746s]
[E-727][scls] CLS it4100: cur strands 155 mk 5855.7d | best strands 155 mk 5855.7d | acc 664 [3852s]
[E-727][scls] CLS it4200: cur strands 155 mk 5855.7d | best strands 155 mk 5855.7d | acc 681 [3970s]
[E-727][scls] CLS it4300: cur strands 155 mk 5855.7d | best strands 155 mk 5855.7d | acc 692 [4048s]
[E-727][scls] CLS it4400: cur strands 155 mk 5855.7d | best strands 155 mk 5855.7d | acc 714 [4194s]
