E-520 SLSQP multi-start on bank perm.
Current bank: mk=142.835867d  feasible=True  start=34 end=32
Exception legs: [2, 7, 21, 24, 45] (count=5)

--- Start 0: bank ---
  mk=142.835859d  feasible=True  wall=4.5s  slsqp_ok=True

--- Start 1 (scale=0.20) ---
  mk=143.656722d  feasible=False  wall=0.6s

--- Start 2 (scale=0.30) ---
  mk=143.256194d  feasible=False  wall=0.5s

--- Start 3 (scale=0.40) ---
  mk=142.634412d  feasible=False  wall=1.0s

--- Start 4 (scale=0.50) ---
  mk=144.359697d  feasible=False  wall=0.5s

--- Start 5 (scale=0.60) ---
  mk=143.960792d  feasible=False  wall=0.5s

--- Start 6 (scale=0.70) ---
  mk=146.017647d  feasible=False  wall=1.1s

--- Start 7 (scale=0.80) ---
  mk=146.074238d  feasible=False  wall=0.5s

=== E-520 best: mk=142.835867d feasible=True ===
  delta from bank entry: +0.000000d
