E-529 DP-based parallel ALNS. n_chains=6 wall_h=72.0
[c0] loading ultrafine table...
[c1] loading ultrafine table...
[c2] loading ultrafine table...
[c3] loading ultrafine table...
[c4] loading ultrafine table...
[c5] loading ultrafine table...
[c1] table loaded in 0.1s q=0.05d T=4000
[c1] init bank mk=126.4255d
/home/julian/Projects/esa_spoc_26_3/scripts/ch2_dp_numba.py:85: RuntimeWarning: invalid value encountered in cast
  c_arr_full = np.arange(T) + np.ceil(c_row / q).astype(np.int32)
/home/julian/Projects/esa_spoc_26_3/scripts/ch2_dp_numba.py:86: RuntimeWarning: invalid value encountered in cast
  e_arr_full = np.arange(T) + np.ceil(e_row / q).astype(np.int32)
[c4] table loaded in 0.2s q=0.05d T=4000
[c4] init bank mk=126.4255d
/home/julian/Projects/esa_spoc_26_3/scripts/ch2_dp_numba.py:85: RuntimeWarning: invalid value encountered in cast
  c_arr_full = np.arange(T) + np.ceil(c_row / q).astype(np.int32)
/home/julian/Projects/esa_spoc_26_3/scripts/ch2_dp_numba.py:86: RuntimeWarning: invalid value encountered in cast
  e_arr_full = np.arange(T) + np.ceil(e_row / q).astype(np.int32)
[c3] table loaded in 0.3s q=0.05d T=4000
[c3] init bank mk=126.4255d
/home/julian/Projects/esa_spoc_26_3/scripts/ch2_dp_numba.py:85: RuntimeWarning: invalid value encountered in cast
  c_arr_full = np.arange(T) + np.ceil(c_row / q).astype(np.int32)
/home/julian/Projects/esa_spoc_26_3/scripts/ch2_dp_numba.py:86: RuntimeWarning: invalid value encountered in cast
  e_arr_full = np.arange(T) + np.ceil(e_row / q).astype(np.int32)
[c0] table loaded in 0.3s q=0.05d T=4000
[c5] table loaded in 0.3s q=0.05d T=4000
[c0] init bank mk=126.4255d
/home/julian/Projects/esa_spoc_26_3/scripts/ch2_dp_numba.py:85: RuntimeWarning: invalid value encountered in cast
  c_arr_full = np.arange(T) + np.ceil(c_row / q).astype(np.int32)
/home/julian/Projects/esa_spoc_26_3/scripts/ch2_dp_numba.py:86: RuntimeWarning: invalid value encountered in cast
  e_arr_full = np.arange(T) + np.ceil(e_row / q).astype(np.int32)
[c5] init bank mk=126.4255d
/home/julian/Projects/esa_spoc_26_3/scripts/ch2_dp_numba.py:85: RuntimeWarning: invalid value encountered in cast
  c_arr_full = np.arange(T) + np.ceil(c_row / q).astype(np.int32)
/home/julian/Projects/esa_spoc_26_3/scripts/ch2_dp_numba.py:86: RuntimeWarning: invalid value encountered in cast
  e_arr_full = np.arange(T) + np.ceil(e_row / q).astype(np.int32)
[c2] table loaded in 0.3s q=0.05d T=4000
[c2] init bank mk=126.4255d
/home/julian/Projects/esa_spoc_26_3/scripts/ch2_dp_numba.py:85: RuntimeWarning: invalid value encountered in cast
  c_arr_full = np.arange(T) + np.ceil(c_row / q).astype(np.int32)
/home/julian/Projects/esa_spoc_26_3/scripts/ch2_dp_numba.py:86: RuntimeWarning: invalid value encountered in cast
  e_arr_full = np.arange(T) + np.ceil(e_row / q).astype(np.int32)
[c0] iter=5 elapsed=0.1min DP_ok=1 DP_fail=4 accepted=1 rate=56.2/min state=126.4255 best=126.4255 T=4.995
[c2] iter=45 elapsed=0.2min DP_ok=1 DP_fail=44 accepted=0 rate=271.8/min state=126.4255 best=126.4255 T=4.995
[c1] iter=50 elapsed=0.3min DP_ok=1 DP_fail=49 accepted=0 rate=152.4/min state=126.4255 best=126.4255 T=4.995
[c5] iter=70 elapsed=0.3min DP_ok=1 DP_fail=69 accepted=0 rate=205.3/min state=126.4255 best=126.4255 T=4.995
[c3] iter=65 elapsed=0.4min DP_ok=1 DP_fail=64 accepted=0 rate=162.8/min state=126.4255 best=126.4255 T=4.995
[c1] iter=265 elapsed=1.4min DP_ok=3 DP_fail=262 accepted=0 rate=193.0/min state=126.4255 best=126.4255 T=4.985
[c1] iter=330 elapsed=1.9min DP_ok=4 DP_fail=326 accepted=1 rate=173.7/min state=131.3756 best=126.4255 T=4.980
[c5] iter=340 elapsed=2.1min DP_ok=4 DP_fail=336 accepted=2 rate=163.5/min state=129.9756 best=126.4255 T=4.980
[c2] BANKED 125.0752d (was 126.4255) op=segment_reverse iter=347
[c4] iter=495 elapsed=2.7min DP_ok=6 DP_fail=489 accepted=4 rate=182.6/min state=126.6283 best=126.4255 T=4.970
[c5] iter=540 elapsed=3.3min DP_ok=8 DP_fail=532 accepted=6 rate=164.5/min state=133.2756 best=126.4255 T=4.960
[c3] iter=600 elapsed=3.4min DP_ok=6 DP_fail=594 accepted=4 rate=175.0/min state=126.4255 best=125.0752 T=4.970
[c3] iter=610 elapsed=3.5min DP_ok=7 DP_fail=603 accepted=5 rate=172.1/min state=126.4255 best=125.0752 T=4.965
[c1] iter=665 elapsed=3.9min DP_ok=7 DP_fail=658 accepted=4 rate=171.8/min state=127.0255 best=126.4255 T=4.965
[c2] iter=570 elapsed=3.9min DP_ok=8 DP_fail=562 accepted=7 rate=146.2/min state=129.1755 best=125.0752 T=4.960
[c3] iter=715 elapsed=4.0min DP_ok=8 DP_fail=707 accepted=5 rate=177.7/min state=126.4255 best=125.0752 T=4.960
[c3] iter=720 elapsed=4.1min DP_ok=9 DP_fail=711 accepted=6 rate=177.0/min state=126.4255 best=125.0752 T=4.955
[c1] BANKED 124.8252d (was 125.0752) op=swap iter=793
[c2] iter=690 elapsed=4.7min DP_ok=9 DP_fail=681 accepted=8 rate=147.1/min state=130.4256 best=125.0752 T=4.955
[c1] iter=1010 elapsed=6.0min DP_ok=10 DP_fail=1000 accepted=6 rate=169.2/min state=129.6256 best=124.8252 T=4.950
[c2] iter=1265 elapsed=8.6min DP_ok=12 DP_fail=1253 accepted=11 rate=147.3/min state=132.8256 best=125.0752 T=4.940
[c3] iter=1445 elapsed=8.7min DP_ok=13 DP_fail=1432 accepted=9 rate=166.1/min state=127.0755 best=125.0752 T=4.935
[c1] iter=1405 elapsed=8.8min DP_ok=20 DP_fail=1385 accepted=13 rate=159.8/min state=127.0255 best=124.8252 T=4.901
[c1] iter=1415 elapsed=8.9min DP_ok=21 DP_fail=1394 accepted=13 rate=158.9/min state=127.0255 best=124.8252 T=4.896
[c1] iter=1425 elapsed=9.0min DP_ok=22 DP_fail=1403 accepted=14 rate=159.0/min state=128.7255 best=124.8252 T=4.891
[c4] iter=1580 elapsed=9.1min DP_ok=16 DP_fail=1564 accepted=11 rate=173.7/min state=132.5789 best=126.4255 T=4.921
[c1] iter=1465 elapsed=9.2min DP_ok=23 DP_fail=1442 accepted=15 rate=158.9/min state=130.6756 best=124.8252 T=4.886
[c2] iter=1405 elapsed=9.7min DP_ok=15 DP_fail=1390 accepted=12 rate=145.4/min state=131.8756 best=125.0752 T=4.926
[c3] iter=1715 elapsed=9.7min DP_ok=15 DP_fail=1700 accepted=10 rate=176.6/min state=130.9256 best=125.0752 T=4.926
[c2] iter=1800 elapsed=12.0min DP_ok=19 DP_fail=1781 accepted=16 rate=150.0/min state=132.3256 best=125.0752 T=4.906
[c1] iter=1955 elapsed=12.1min DP_ok=28 DP_fail=1927 accepted=19 rate=161.5/min state=142.7772 best=124.8252 T=4.862
[c3] iter=2180 elapsed=12.2min DP_ok=20 DP_fail=2160 accepted=13 rate=179.4/min state=130.9256 best=125.0752 T=4.901
[c5] iter=2095 elapsed=12.2min DP_ok=26 DP_fail=2069 accepted=21 rate=172.2/min state=135.6764 best=125.0752 T=4.872
[c4] iter=2225 elapsed=12.2min DP_ok=22 DP_fail=2203 accepted=15 rate=182.5/min state=132.5789 best=126.4255 T=4.891
[c4] iter=2375 elapsed=13.2min DP_ok=23 DP_fail=2352 accepted=16 rate=180.5/min state=132.5789 best=126.4255 T=4.886
[c1] iter=2200 elapsed=13.5min DP_ok=33 DP_fail=2167 accepted=22 rate=162.9/min state=136.4764 best=124.8252 T=4.838
[c4] iter=2560 elapsed=14.1min DP_ok=25 DP_fail=2535 accepted=18 rate=182.0/min state=134.0283 best=126.4255 T=4.876
[c2] BANKED 123.9750d (was 124.8252) op=segment_reverse iter=2215
[c2] iter=2215 elapsed=14.9min DP_ok=24 DP_fail=2191 accepted=21 rate=148.7/min state=123.9750 best=123.9750 T=4.881
[c3] iter=2645 elapsed=15.2min DP_ok=27 DP_fail=2618 accepted=16 rate=174.0/min state=127.0755 best=125.0752 T=4.867
[c5] iter=2630 elapsed=15.4min DP_ok=33 DP_fail=2597 accepted=26 rate=171.0/min state=152.5774 best=125.0752 T=4.838
[c2] iter=2475 elapsed=16.2min DP_ok=27 DP_fail=2448 accepted=24 rate=153.0/min state=127.5255 best=123.9750 T=4.867
[c5] iter=2760 elapsed=16.3min DP_ok=35 DP_fail=2725 accepted=28 rate=169.4/min state=147.4766 best=125.0752 T=4.828
[c5] iter=2870 elapsed=17.0min DP_ok=37 DP_fail=2833 accepted=30 rate=169.1/min state=153.1774 best=125.0752 T=4.818
[c1] iter=2825 elapsed=17.3min DP_ok=40 DP_fail=2785 accepted=28 rate=162.8/min state=142.1266 best=124.8252 T=4.804
[c1] iter=2900 elapsed=17.7min DP_ok=42 DP_fail=2858 accepted=30 rate=163.5/min state=139.0764 best=124.8252 T=4.794
[c1] iter=2965 elapsed=18.0min DP_ok=43 DP_fail=2922 accepted=31 rate=164.5/min state=129.8256 best=124.8252 T=4.789
[c5] iter=3120 elapsed=18.4min DP_ok=40 DP_fail=3080 accepted=31 rate=169.2/min state=139.7764 best=125.0752 T=4.804
[c3] iter=3225 elapsed=18.9min DP_ok=35 DP_fail=3190 accepted=22 rate=170.4/min state=140.6764 best=125.0752 T=4.828
[c1] iter=3155 elapsed=19.2min DP_ok=44 DP_fail=3111 accepted=32 rate=164.4/min state=130.6756 best=124.8252 T=4.785
[c4] iter=3525 elapsed=19.5min DP_ok=31 DP_fail=3494 accepted=24 rate=181.2/min state=138.7781 best=126.4255 T=4.847
[c2] iter=2935 elapsed=19.5min DP_ok=31 DP_fail=2904 accepted=27 rate=150.2/min state=127.5255 best=123.9750 T=4.847
[c2] iter=3040 elapsed=19.9min DP_ok=33 DP_fail=3007 accepted=28 rate=152.5/min state=127.5255 best=123.9750 T=4.838
[c4] iter=3700 elapsed=20.4min DP_ok=33 DP_fail=3667 accepted=26 rate=181.4/min state=146.7280 best=126.4255 T=4.838
[c2] iter=3125 elapsed=20.4min DP_ok=35 DP_fail=3090 accepted=30 rate=153.0/min state=131.8756 best=123.9750 T=4.828
[c5] iter=3685 elapsed=21.0min DP_ok=48 DP_fail=3637 accepted=36 rate=175.2/min state=138.3764 best=125.0752 T=4.766
[c1] iter=3500 elapsed=21.8min DP_ok=48 DP_fail=3452 accepted=36 rate=160.2/min state=125.0752 best=124.8252 T=4.766
[c2] iter=3570 elapsed=23.2min DP_ok=38 DP_fail=3532 accepted=32 rate=154.0/min state=127.5255 best=123.9750 T=4.813
[c4] iter=4370 elapsed=23.7min DP_ok=39 DP_fail=4331 accepted=32 rate=184.7/min state=138.5281 best=126.4255 T=4.809
[c5] iter=4085 elapsed=23.9min DP_ok=51 DP_fail=4034 accepted=39 rate=170.6/min state=139.7764 best=125.0752 T=4.751
[c4] iter=4410 elapsed=24.0min DP_ok=41 DP_fail=4369 accepted=34 rate=184.0/min state=138.5281 best=126.4255 T=4.799
[c5] iter=4100 elapsed=24.1min DP_ok=52 DP_fail=4048 accepted=40 rate=170.3/min state=136.4764 best=125.0752 T=4.747
[c0] iter=4320 elapsed=25.1min DP_ok=36 DP_fail=4284 accepted=31 rate=172.4/min state=137.6764 best=126.4255 T=4.823
[c2] iter=3850 elapsed=25.2min DP_ok=43 DP_fail=3807 accepted=36 rate=152.6/min state=127.5255 best=123.9750 T=4.789
[c2] iter=3905 elapsed=25.5min DP_ok=44 DP_fail=3861 accepted=36 rate=153.2/min state=127.5255 best=123.9750 T=4.785
[c5] iter=4330 elapsed=25.8min DP_ok=55 DP_fail=4275 accepted=43 rate=168.1/min state=139.7764 best=125.0752 T=4.732
[c3] iter=4830 elapsed=27.1min DP_ok=50 DP_fail=4780 accepted=34 rate=178.5/min state=130.9256 best=125.0752 T=4.756
[c4] iter=5100 elapsed=27.1min DP_ok=46 DP_fail=5054 accepted=39 rate=188.3/min state=135.6789 best=126.4255 T=4.775
[c1] iter=4215 elapsed=27.2min DP_ok=57 DP_fail=4158 accepted=42 rate=155.2/min state=138.7764 best=124.8252 T=4.723
[c2] iter=4310 elapsed=27.7min DP_ok=48 DP_fail=4262 accepted=40 rate=155.6/min state=131.8756 best=123.9750 T=4.766
[c4] iter=5295 elapsed=27.9min DP_ok=49 DP_fail=5246 accepted=42 rate=189.9/min state=138.5281 best=126.4255 T=4.761
[c2] iter=4350 elapsed=27.9min DP_ok=49 DP_fail=4301 accepted=41 rate=155.9/min state=133.8258 best=123.9750 T=4.761
[c3] iter=5045 elapsed=28.2min DP_ok=52 DP_fail=4993 accepted=36 rate=179.0/min state=130.9256 best=125.0752 T=4.747
[c2] iter=4470 elapsed=28.5min DP_ok=50 DP_fail=4420 accepted=41 rate=157.0/min state=133.8258 best=123.9750 T=4.756
[c5] iter=4925 elapsed=29.2min DP_ok=62 DP_fail=4863 accepted=48 rate=168.7/min state=136.6264 best=125.0752 T=4.699
[c3] iter=5380 elapsed=29.9min DP_ok=53 DP_fail=5327 accepted=37 rate=179.7/min state=130.9256 best=125.0752 T=4.742
[c4] iter=5700 elapsed=30.0min DP_ok=54 DP_fail=5646 accepted=47 rate=190.0/min state=136.8783 best=126.4255 T=4.737
[c3] iter=5445 elapsed=30.3min DP_ok=54 DP_fail=5391 accepted=38 rate=179.5/min state=130.9256 best=125.0752 T=4.737
[c0] iter=5490 elapsed=31.3min DP_ok=44 DP_fail=5446 accepted=38 rate=175.7/min state=143.4272 best=126.4255 T=4.785
[c1] iter=4765 elapsed=31.5min DP_ok=63 DP_fail=4702 accepted=46 rate=151.5/min state=133.8258 best=124.8252 T=4.695
[c0] iter=5755 elapsed=32.9min DP_ok=47 DP_fail=5708 accepted=41 rate=175.1/min state=142.7772 best=126.4255 T=4.770
[c2] iter=5315 elapsed=33.4min DP_ok=58 DP_fail=5257 accepted=47 rate=158.9/min state=129.9756 best=123.9750 T=4.718
[c5] iter=5635 elapsed=33.6min DP_ok=71 DP_fail=5564 accepted=54 rate=167.5/min state=139.9264 best=125.0752 T=4.657
[c5] iter=5680 elapsed=33.9min DP_ok=72 DP_fail=5608 accepted=55 rate=167.7/min state=143.8772 best=125.0752 T=4.652
[c5] iter=5700 elapsed=34.1min DP_ok=74 DP_fail=5626 accepted=56 rate=167.4/min state=145.2772 best=125.0752 T=4.643
[c0] iter=6175 elapsed=34.9min DP_ok=56 DP_fail=6119 accepted=49 rate=176.7/min state=144.2272 best=126.4255 T=4.728
[c0] iter=6230 elapsed=35.3min DP_ok=57 DP_fail=6173 accepted=50 rate=176.6/min state=148.4266 best=126.4255 T=4.723
[c2] iter=5805 elapsed=36.0min DP_ok=61 DP_fail=5744 accepted=48 rate=161.0/min state=131.8756 best=123.9750 T=4.704
[c5] iter=5970 elapsed=36.4min DP_ok=80 DP_fail=5890 accepted=59 rate=164.0/min state=140.8764 best=125.0752 T=4.615
[c1] iter=5380 elapsed=36.4min DP_ok=71 DP_fail=5309 accepted=48 rate=147.7/min state=134.5258 best=124.8252 T=4.657
[c5] iter=6065 elapsed=37.0min DP_ok=82 DP_fail=5983 accepted=61 rate=163.8/min state=145.2772 best=125.0752 T=4.606
[c5] iter=6105 elapsed=37.6min DP_ok=83 DP_fail=6022 accepted=62 rate=162.3/min state=149.1266 best=125.0752 T=4.602
[c3] iter=6960 elapsed=38.2min DP_ok=71 DP_fail=6889 accepted=47 rate=182.2/min state=129.0291 best=125.0752 T=4.657
[c4] iter=7595 elapsed=39.3min DP_ok=61 DP_fail=7534 accepted=53 rate=193.4/min state=131.3789 best=126.4255 T=4.704
[c3] iter=7250 elapsed=39.6min DP_ok=72 DP_fail=7178 accepted=47 rate=183.1/min state=129.0291 best=125.0752 T=4.652
[c5] iter=6480 elapsed=40.7min DP_ok=87 DP_fail=6393 accepted=65 rate=159.4/min state=150.4780 best=125.0752 T=4.583
[c2] iter=6530 elapsed=40.8min DP_ok=68 DP_fail=6462 accepted=54 rate=160.1/min state=148.4266 best=123.9750 T=4.671
[c2] iter=6605 elapsed=41.3min DP_ok=69 DP_fail=6536 accepted=55 rate=160.0/min state=146.8766 best=123.9750 T=4.666
[c5] iter=6605 elapsed=41.5min DP_ok=88 DP_fail=6517 accepted=65 rate=159.3/min state=150.4780 best=125.0752 T=4.579
[c2] iter=6645 elapsed=41.5min DP_ok=70 DP_fail=6575 accepted=56 rate=160.1/min state=146.8766 best=123.9750 T=4.662
[c5] iter=6630 elapsed=41.8min DP_ok=91 DP_fail=6539 accepted=67 rate=158.7/min state=141.8766 best=125.0752 T=4.565
[c1] iter=6340 elapsed=42.8min DP_ok=78 DP_fail=6262 accepted=51 rate=148.2/min state=144.2272 best=124.8252 T=4.625
[c3] iter=7985 elapsed=43.0min DP_ok=78 DP_fail=7907 accepted=52 rate=185.7/min state=137.1283 best=125.0752 T=4.625
[c2] iter=7115 elapsed=44.1min DP_ok=77 DP_fail=7038 accepted=60 rate=161.5/min state=139.6764 best=123.9750 T=4.629
[c5] iter=6965 elapsed=44.3min DP_ok=97 DP_fail=6868 accepted=70 rate=157.2/min state=140.1264 best=125.0752 T=4.538
[c0] iter=7635 elapsed=44.4min DP_ok=82 DP_fail=7553 accepted=67 rate=172.0/min state=146.5266 best=126.4255 T=4.606
[c5] iter=6970 elapsed=44.4min DP_ok=98 DP_fail=6872 accepted=71 rate=156.8/min state=142.1266 best=125.0752 T=4.533
[c1] iter=6735 elapsed=45.5min DP_ok=84 DP_fail=6651 accepted=55 rate=148.2/min state=142.1266 best=124.8252 T=4.597
[c3] iter=8470 elapsed=45.6min DP_ok=84 DP_fail=8386 accepted=57 rate=185.9/min state=129.0291 best=125.0752 T=4.597
[c2] iter=7540 elapsed=46.2min DP_ok=80 DP_fail=7460 accepted=63 rate=163.1/min state=142.1266 best=123.9750 T=4.615
[c1] iter=6920 elapsed=46.5min DP_ok=86 DP_fail=6834 accepted=57 rate=148.8/min state=142.1266 best=124.8252 T=4.588
[c4] iter=8970 elapsed=46.9min DP_ok=76 DP_fail=8894 accepted=63 rate=191.2/min state=138.5281 best=126.4255 T=4.634
[c5] iter=7310 elapsed=47.1min DP_ok=106 DP_fail=7204 accepted=74 rate=155.3/min state=135.2258 best=125.0752 T=4.497
[c2] iter=7880 elapsed=48.1min DP_ok=83 DP_fail=7797 accepted=66 rate=163.8/min state=139.3264 best=123.9750 T=4.602
[c5] iter=7600 elapsed=48.9min DP_ok=109 DP_fail=7491 accepted=76 rate=155.6/min state=137.6764 best=125.0752 T=4.483
[c2] iter=8025 elapsed=48.9min DP_ok=86 DP_fail=7939 accepted=69 rate=164.1/min state=130.7756 best=123.9750 T=4.588
[c1] iter=7380 elapsed=49.9min DP_ok=90 DP_fail=7290 accepted=61 rate=147.9/min state=144.2272 best=124.8252 T=4.569
[c2] iter=8205 elapsed=50.1min DP_ok=88 DP_fail=8117 accepted=70 rate=163.9/min state=127.5255 best=123.9750 T=4.579
[c3] iter=9230 elapsed=50.1min DP_ok=93 DP_fail=9137 accepted=64 rate=184.1/min state=137.9281 best=124.9783 T=4.556
[c0] iter=8695 elapsed=50.2min DP_ok=87 DP_fail=8608 accepted=71 rate=173.3/min state=143.4272 best=126.4255 T=4.583
[c4] iter=9445 elapsed=50.4min DP_ok=83 DP_fail=9362 accepted=69 rate=187.3/min state=138.7781 best=126.4255 T=4.602
[c5] iter=7830 elapsed=50.6min DP_ok=115 DP_fail=7715 accepted=81 rate=154.7/min state=139.0764 best=125.0752 T=4.457
[c4] iter=9700 elapsed=51.7min DP_ok=89 DP_fail=9611 accepted=74 rate=187.6/min state=134.4789 best=126.4255 T=4.574
[c3] iter=9515 elapsed=51.7min DP_ok=99 DP_fail=9416 accepted=68 rate=184.0/min state=141.2288 best=124.9783 T=4.528
[c2] iter=8435 elapsed=51.8min DP_ok=91 DP_fail=8344 accepted=71 rate=162.7/min state=127.5255 best=123.9750 T=4.565
[c0] iter=9045 elapsed=52.4min DP_ok=90 DP_fail=8955 accepted=73 rate=172.5/min state=138.1264 best=126.4255 T=4.569
[c4] iter=10230 elapsed=54.0min DP_ok=96 DP_fail=10134 accepted=80 rate=189.6/min state=137.5781 best=126.4255 T=4.542
[c4] iter=10275 elapsed=54.1min DP_ok=97 DP_fail=10178 accepted=81 rate=189.9/min state=137.5781 best=126.4255 T=4.538
[c3] iter=10205 elapsed=56.2min DP_ok=102 DP_fail=10103 accepted=71 rate=181.7/min state=137.5781 best=124.9783 T=4.515
[c1] iter=8435 elapsed=56.5min DP_ok=98 DP_fail=8337 accepted=68 rate=149.4/min state=140.6781 best=124.8252 T=4.533
[c3] iter=10415 elapsed=57.4min DP_ok=106 DP_fail=10309 accepted=75 rate=181.6/min state=132.5789 best=124.9783 T=4.497
[c4] iter=10970 elapsed=58.0min DP_ok=104 DP_fail=10866 accepted=86 rate=189.0/min state=133.5289 best=126.4255 T=4.506
[c5] iter=9115 elapsed=58.1min DP_ok=128 DP_fail=8987 accepted=92 rate=156.9/min state=139.7764 best=125.0752 T=4.399
[c1] iter=8805 elapsed=58.9min DP_ok=102 DP_fail=8703 accepted=72 rate=149.4/min state=136.8791 best=124.8252 T=4.515
[c1] iter=8820 elapsed=59.0min DP_ok=103 DP_fail=8717 accepted=73 rate=149.5/min state=136.8791 best=124.8252 T=4.510
[c4] iter=11285 elapsed=59.4min DP_ok=106 DP_fail=11179 accepted=86 rate=190.1/min state=133.5289 best=126.4255 T=4.497
[c4] iter=11425 elapsed=60.1min DP_ok=107 DP_fail=11318 accepted=87 rate=190.0/min state=133.5289 best=126.4255 T=4.492
[c4] iter=11435 elapsed=60.2min DP_ok=108 DP_fail=11327 accepted=88 rate=190.1/min state=133.5289 best=126.4255 T=4.488
[c1] iter=9000 elapsed=60.3min DP_ok=107 DP_fail=8893 accepted=76 rate=149.3/min state=139.4781 best=124.8252 T=4.492
[c1] iter=9320 elapsed=62.1min DP_ok=109 DP_fail=9211 accepted=78 rate=150.1/min state=139.4781 best=124.8252 T=4.483
[c5] iter=9910 elapsed=62.4min DP_ok=135 DP_fail=9775 accepted=96 rate=158.8/min state=130.6756 best=125.0752 T=4.368
[c0] iter=10785 elapsed=63.2min DP_ok=100 DP_fail=10685 accepted=83 rate=170.6/min state=135.2264 best=126.4255 T=4.524
[c2] iter=10085 elapsed=63.2min DP_ok=104 DP_fail=9981 accepted=80 rate=159.5/min state=129.9756 best=123.9750 T=4.506
[c2] iter=10155 elapsed=63.6min DP_ok=105 DP_fail=10050 accepted=81 rate=159.6/min state=128.2755 best=123.9750 T=4.501
[c0] iter=10885 elapsed=63.6min DP_ok=101 DP_fail=10784 accepted=84 rate=171.0/min state=135.2264 best=126.4255 T=4.519
[c4] iter=12200 elapsed=64.1min DP_ok=118 DP_fail=12082 accepted=98 rate=190.5/min state=134.4789 best=126.4255 T=4.443
[c4] iter=12215 elapsed=64.2min DP_ok=121 DP_fail=12094 accepted=99 rate=190.3/min state=132.5789 best=126.4255 T=4.430
[c3] iter=11535 elapsed=64.9min DP_ok=112 DP_fail=11423 accepted=78 rate=177.6/min state=132.3256 best=124.9783 T=4.470
[c4] iter=12420 elapsed=65.0min DP_ok=124 DP_fail=12296 accepted=100 rate=191.2/min state=134.4789 best=126.4255 T=4.417
[c3] iter=11615 elapsed=65.4min DP_ok=113 DP_fail=11502 accepted=78 rate=177.6/min state=132.3256 best=124.9783 T=4.466
[c1] iter=9870 elapsed=65.7min DP_ok=114 DP_fail=9756 accepted=80 rate=150.1/min state=133.7789 best=124.8252 T=4.461
[c3] iter=11685 elapsed=65.8min DP_ok=114 DP_fail=11571 accepted=79 rate=177.6/min state=130.6756 best=124.9783 T=4.461
[c0] iter=11335 elapsed=66.3min DP_ok=106 DP_fail=11229 accepted=87 rate=171.0/min state=136.1758 best=126.4255 T=4.497
[c1] iter=9940 elapsed=66.5min DP_ok=116 DP_fail=9824 accepted=82 rate=149.5/min state=138.7781 best=124.8252 T=4.452
[c0] iter=11425 elapsed=66.7min DP_ok=109 DP_fail=11316 accepted=90 rate=171.4/min state=147.4766 best=126.4255 T=4.483
[c1] iter=9980 elapsed=66.8min DP_ok=118 DP_fail=9862 accepted=84 rate=149.3/min state=140.4281 best=124.8252 T=4.443
[c5] iter=10605 elapsed=67.2min DP_ok=140 DP_fail=10465 accepted=99 rate=157.8/min state=132.3256 best=125.0752 T=4.346
[c2] iter=10915 elapsed=67.5min DP_ok=111 DP_fail=10804 accepted=85 rate=161.7/min state=133.2756 best=123.9750 T=4.474
[c2] iter=10935 elapsed=67.7min DP_ok=112 DP_fail=10823 accepted=86 rate=161.5/min state=132.8256 best=123.9750 T=4.470
[c0] iter=11745 elapsed=68.3min DP_ok=112 DP_fail=11633 accepted=93 rate=172.0/min state=137.9764 best=126.4255 T=4.470
[c3] iter=12255 elapsed=68.9min DP_ok=119 DP_fail=12136 accepted=81 rate=177.9/min state=131.3756 best=124.9783 T=4.439
[c0] iter=12000 elapsed=70.0min DP_ok=118 DP_fail=11882 accepted=98 rate=171.5/min state=136.4764 best=126.4255 T=4.443
[c4] iter=13340 elapsed=70.6min DP_ok=131 DP_fail=13209 accepted=106 rate=189.0/min state=133.7789 best=126.4255 T=4.386
[c4] iter=13490 elapsed=71.3min DP_ok=135 DP_fail=13355 accepted=109 rate=189.1/min state=127.8283 best=126.4255 T=4.368
[c0] iter=12305 elapsed=71.5min DP_ok=120 DP_fail=12185 accepted=100 rate=172.2/min state=136.4764 best=126.4255 T=4.434
[c2] iter=11935 elapsed=72.3min DP_ok=120 DP_fail=11815 accepted=94 rate=165.1/min state=129.1755 best=123.9750 T=4.434
[c1] iter=10685 elapsed=72.4min DP_ok=125 DP_fail=10560 accepted=88 rate=147.7/min state=135.4289 best=124.8252 T=4.412
[c2] iter=11965 elapsed=72.5min DP_ok=121 DP_fail=11844 accepted=95 rate=165.0/min state=129.1755 best=123.9750 T=4.430
[c1] iter=10760 elapsed=72.6min DP_ok=126 DP_fail=10634 accepted=88 rate=148.2/min state=135.4289 best=124.8252 T=4.408
[c5] iter=11680 elapsed=72.7min DP_ok=146 DP_fail=11534 accepted=102 rate=160.7/min state=130.6756 best=125.0752 T=4.320
[c4] iter=13780 elapsed=72.8min DP_ok=137 DP_fail=13643 accepted=110 rate=189.2/min state=129.0291 best=126.4255 T=4.360
[c2] iter=12215 elapsed=73.9min DP_ok=123 DP_fail=12092 accepted=97 rate=165.3/min state=129.1755 best=123.9750 T=4.421
[c5] iter=12050 elapsed=75.0min DP_ok=148 DP_fail=11902 accepted=102 rate=160.6/min state=130.6756 best=125.0752 T=4.312
[c1] iter=11280 elapsed=75.5min DP_ok=130 DP_fail=11150 accepted=91 rate=149.5/min state=131.1791 best=124.8252 T=4.390
[c2] iter=12435 elapsed=75.6min DP_ok=124 DP_fail=12311 accepted=97 rate=164.5/min state=129.1755 best=123.9750 T=4.417
[c2] iter=12530 elapsed=76.2min DP_ok=125 DP_fail=12405 accepted=97 rate=164.5/min state=129.1755 best=123.9750 T=4.412
[c5] iter=12440 elapsed=77.3min DP_ok=152 DP_fail=12288 accepted=103 rate=160.9/min state=130.6756 best=125.0752 T=4.295
[c4] iter=14610 elapsed=77.5min DP_ok=147 DP_fail=14463 accepted=115 rate=188.5/min state=127.8283 best=126.4255 T=4.316
[c4] iter=14685 elapsed=78.1min DP_ok=148 DP_fail=14537 accepted=115 rate=188.1/min state=127.8283 best=126.4255 T=4.312
[c4] iter=14830 elapsed=78.8min DP_ok=149 DP_fail=14681 accepted=116 rate=188.2/min state=130.4297 best=126.4255 T=4.308
[c4] iter=14985 elapsed=79.5min DP_ok=150 DP_fail=14835 accepted=117 rate=188.5/min state=130.4297 best=126.4255 T=4.303
[c5] iter=12925 elapsed=80.0min DP_ok=159 DP_fail=12766 accepted=106 rate=161.6/min state=127.7755 best=125.0752 T=4.265
[c2] iter=13535 elapsed=81.3min DP_ok=136 DP_fail=13399 accepted=103 rate=166.5/min state=127.5255 best=123.9750 T=4.364
[c0] iter=13830 elapsed=81.8min DP_ok=134 DP_fail=13696 accepted=110 rate=169.1/min state=128.2755 best=126.4255 T=4.373
[c3] iter=14375 elapsed=83.2min DP_ok=135 DP_fail=14240 accepted=96 rate=172.8/min state=141.4764 best=124.9783 T=4.368
[c5] iter=13685 elapsed=84.5min DP_ok=163 DP_fail=13522 accepted=108 rate=162.0/min state=130.6756 best=125.0752 T=4.248
[c4] iter=16035 elapsed=85.1min DP_ok=160 DP_fail=15875 accepted=125 rate=188.4/min state=141.2288 best=126.4255 T=4.260
[c3] iter=14830 elapsed=85.9min DP_ok=141 DP_fail=14689 accepted=100 rate=172.6/min state=132.3256 best=124.9783 T=4.342
[c1] iter=13165 elapsed=86.4min DP_ok=145 DP_fail=13020 accepted=105 rate=152.3/min state=131.1791 best=124.8252 T=4.325
[c1] iter=13300 elapsed=87.4min DP_ok=149 DP_fail=13151 accepted=108 rate=152.2/min state=129.8256 best=124.8252 T=4.308
[c4] iter=16480 elapsed=87.6min DP_ok=165 DP_fail=16315 accepted=130 rate=188.1/min state=132.1291 best=126.4255 T=4.239
[c1] iter=13335 elapsed=87.7min DP_ok=151 DP_fail=13184 accepted=108 rate=152.1/min state=129.8256 best=124.8252 T=4.299
[c2] iter=14655 elapsed=87.7min DP_ok=149 DP_fail=14506 accepted=110 rate=167.1/min state=128.2755 best=123.9750 T=4.308
[c2] iter=14710 elapsed=88.1min DP_ok=151 DP_fail=14559 accepted=111 rate=167.0/min state=128.2755 best=123.9750 T=4.299
[c1] iter=13600 elapsed=89.3min DP_ok=153 DP_fail=13447 accepted=109 rate=152.2/min state=135.6764 best=124.8252 T=4.290
[c1] iter=13625 elapsed=89.5min DP_ok=154 DP_fail=13471 accepted=109 rate=152.2/min state=135.6764 best=124.8252 T=4.286
[c0] iter=14940 elapsed=89.6min DP_ok=145 DP_fail=14795 accepted=118 rate=166.8/min state=129.0256 best=126.4255 T=4.325
[c4] iter=16960 elapsed=89.9min DP_ok=168 DP_fail=16792 accepted=131 rate=188.7/min state=133.5289 best=126.4255 T=4.226
[c4] iter=16985 elapsed=90.0min DP_ok=169 DP_fail=16816 accepted=131 rate=188.7/min state=133.5289 best=126.4255 T=4.222
[c1] iter=13675 elapsed=90.1min DP_ok=155 DP_fail=13520 accepted=109 rate=151.8/min state=135.6764 best=124.8252 T=4.282
[c3] iter=15905 elapsed=92.4min DP_ok=149 DP_fail=15756 accepted=106 rate=172.1/min state=139.6764 best=124.9783 T=4.308
[c2] iter=15325 elapsed=92.6min DP_ok=154 DP_fail=15171 accepted=114 rate=165.5/min state=125.0752 best=123.9750 T=4.286
[c2] iter=15380 elapsed=93.1min DP_ok=155 DP_fail=15225 accepted=114 rate=165.2/min state=125.0752 best=123.9750 T=4.282
[c0] iter=15595 elapsed=93.9min DP_ok=154 DP_fail=15441 accepted=123 rate=166.0/min state=129.0256 best=126.4255 T=4.286
[c3] iter=16245 elapsed=94.2min DP_ok=152 DP_fail=16093 accepted=109 rate=172.5/min state=143.8772 best=124.9783 T=4.295
[c4] iter=17940 elapsed=94.7min DP_ok=179 DP_fail=17761 accepted=138 rate=189.5/min state=132.1291 best=126.4255 T=4.180
[c1] iter=14605 elapsed=95.5min DP_ok=168 DP_fail=14437 accepted=116 rate=152.9/min state=138.1264 best=124.8252 T=4.226
[c3] iter=16850 elapsed=97.3min DP_ok=155 DP_fail=16695 accepted=112 rate=173.2/min state=148.4266 best=124.9783 T=4.282
[c4] iter=18535 elapsed=97.5min DP_ok=187 DP_fail=18348 accepted=145 rate=190.0/min state=139.4781 best=126.4255 T=4.147
[c3] iter=16895 elapsed=97.7min DP_ok=157 DP_fail=16738 accepted=114 rate=172.9/min state=139.7764 best=124.9783 T=4.273
[c2] iter=16125 elapsed=98.3min DP_ok=163 DP_fail=15962 accepted=118 rate=164.1/min state=125.0752 best=123.9750 T=4.248
[c1] iter=15120 elapsed=98.4min DP_ok=174 DP_fail=14946 accepted=122 rate=153.6/min state=130.9256 best=124.8252 T=4.201
[c3] iter=17055 elapsed=98.8min DP_ok=160 DP_fail=16895 accepted=117 rate=172.6/min state=140.9764 best=124.9783 T=4.260
[c2] iter=16215 elapsed=98.9min DP_ok=166 DP_fail=16049 accepted=120 rate=164.0/min state=141.0264 best=123.9750 T=4.235
[c2] iter=16305 elapsed=99.5min DP_ok=169 DP_fail=16136 accepted=123 rate=163.9/min state=136.4764 best=123.9750 T=4.222
[c3] iter=17300 elapsed=99.9min DP_ok=166 DP_fail=17134 accepted=121 rate=173.1/min state=138.9764 best=124.9783 T=4.235
[c4] iter=19075 elapsed=100.4min DP_ok=192 DP_fail=18883 accepted=149 rate=189.9/min state=145.2780 best=126.4255 T=4.126
[c2] iter=16565 elapsed=101.6min DP_ok=176 DP_fail=16389 accepted=130 rate=163.1/min state=131.6256 best=123.9750 T=4.193
[c4] iter=19450 elapsed=102.0min DP_ok=194 DP_fail=19256 accepted=151 rate=190.7/min state=156.4764 best=126.4255 T=4.118
[c3] iter=17770 elapsed=103.2min DP_ok=172 DP_fail=17598 accepted=125 rate=172.1/min state=140.4264 best=124.9783 T=4.210
[c1] iter=15850 elapsed=103.6min DP_ok=178 DP_fail=15672 accepted=126 rate=153.1/min state=134.5258 best=124.8252 T=4.184
[c1] iter=15890 elapsed=103.9min DP_ok=179 DP_fail=15711 accepted=126 rate=153.0/min state=134.5258 best=124.8252 T=4.180
[c1] iter=16025 elapsed=104.6min DP_ok=181 DP_fail=15844 accepted=128 rate=153.3/min state=134.5258 best=124.8252 T=4.172
[c5] iter=17085 elapsed=105.9min DP_ok=183 DP_fail=16902 accepted=120 rate=161.4/min state=134.8289 best=125.0752 T=4.163
[c0] iter=17505 elapsed=106.1min DP_ok=168 DP_fail=17337 accepted=130 rate=165.0/min state=131.8756 best=126.4255 T=4.226
[c4] iter=20405 elapsed=106.1min DP_ok=200 DP_fail=20205 accepted=157 rate=192.3/min state=145.6781 best=126.4255 T=4.093
[c1] iter=16220 elapsed=106.3min DP_ok=184 DP_fail=16036 accepted=130 rate=152.5/min state=139.3264 best=124.8252 T=4.159
[c5] iter=17230 elapsed=106.8min DP_ok=185 DP_fail=17045 accepted=122 rate=161.3/min state=134.9783 best=125.0752 T=4.155
[c5] iter=17400 elapsed=107.8min DP_ok=186 DP_fail=17214 accepted=123 rate=161.4/min state=134.8289 best=125.0752 T=4.151
[c2] iter=17735 elapsed=108.1min DP_ok=188 DP_fail=17547 accepted=142 rate=164.1/min state=150.2772 best=123.9750 T=4.143
[c1] iter=16415 elapsed=108.5min DP_ok=188 DP_fail=16227 accepted=133 rate=151.3/min state=141.2764 best=124.8252 T=4.143
[c3] iter=18660 elapsed=108.9min DP_ok=196 DP_fail=18464 accepted=135 rate=171.4/min state=130.9256 best=124.9783 T=4.110
[c1] iter=16720 elapsed=110.3min DP_ok=192 DP_fail=16528 accepted=136 rate=151.6/min state=145.6272 best=124.8252 T=4.126
[c1] iter=16835 elapsed=110.9min DP_ok=194 DP_fail=16641 accepted=138 rate=151.8/min state=134.5258 best=124.8252 T=4.118
[c0] iter=18465 elapsed=111.9min DP_ok=181 DP_fail=18284 accepted=138 rate=165.1/min state=131.8756 best=126.4255 T=4.172
[c2] iter=18600 elapsed=112.4min DP_ok=192 DP_fail=18408 accepted=146 rate=165.5/min state=141.9774 best=123.9750 T=4.126
[c3] iter=19355 elapsed=112.9min DP_ok=202 DP_fail=19153 accepted=140 rate=171.5/min state=139.9264 best=124.9783 T=4.085
[c2] iter=18720 elapsed=113.1min DP_ok=193 DP_fail=18527 accepted=146 rate=165.5/min state=141.9774 best=123.9750 T=4.122
[c5] iter=18205 elapsed=113.3min DP_ok=190 DP_fail=18015 accepted=125 rate=160.7/min state=127.8283 best=125.0752 T=4.134
[c0] iter=18840 elapsed=114.0min DP_ok=187 DP_fail=18653 accepted=141 rate=165.2/min state=130.9256 best=126.4255 T=4.147
[c2] iter=18890 elapsed=114.5min DP_ok=197 DP_fail=18693 accepted=150 rate=165.0/min state=133.1789 best=123.9750 T=4.106
[c2] iter=18915 elapsed=114.7min DP_ok=198 DP_fail=18717 accepted=151 rate=164.9/min state=131.1791 best=123.9750 T=4.101
[c2] iter=19015 elapsed=115.5min DP_ok=203 DP_fail=18812 accepted=153 rate=164.7/min state=131.1791 best=123.9750 T=4.081
[c4] iter=22210 elapsed=115.7min DP_ok=216 DP_fail=21994 accepted=168 rate=192.0/min state=141.6281 best=126.4255 T=4.028
[c4] iter=22340 elapsed=116.4min DP_ok=217 DP_fail=22123 accepted=169 rate=191.9/min state=141.9288 best=126.4255 T=4.024
[c3] iter=20060 elapsed=116.8min DP_ok=211 DP_fail=19849 accepted=144 rate=171.8/min state=138.5264 best=124.9783 T=4.048
[c2] iter=19385 elapsed=117.8min DP_ok=210 DP_fail=19175 accepted=156 rate=164.5/min state=127.8283 best=123.9750 T=4.052
[c3] iter=20375 elapsed=118.8min DP_ok=216 DP_fail=20159 accepted=147 rate=171.6/min state=138.4764 best=124.9783 T=4.028
[c0] iter=19500 elapsed=118.8min DP_ok=198 DP_fail=19302 accepted=146 rate=164.1/min state=125.0752 best=125.0752 T=4.101
[c5] iter=19070 elapsed=119.4min DP_ok=195 DP_fail=18875 accepted=128 rate=159.7/min state=134.4789 best=125.0752 T=4.114
[c0] iter=19605 elapsed=119.7min DP_ok=202 DP_fail=19403 accepted=146 rate=163.8/min state=125.0752 best=125.0752 T=4.085
[c5] iter=19140 elapsed=120.0min DP_ok=197 DP_fail=18943 accepted=128 rate=159.4/min state=134.4789 best=125.0752 T=4.106
[c5] iter=19155 elapsed=120.3min DP_ok=198 DP_fail=18957 accepted=129 rate=159.3/min state=138.7781 best=125.0752 T=4.101
[c1] iter=18555 elapsed=121.3min DP_ok=207 DP_fail=18348 accepted=148 rate=153.0/min state=136.4764 best=124.8252 T=4.065
[c3] iter=21010 elapsed=122.3min DP_ok=222 DP_fail=20788 accepted=151 rate=171.9/min state=137.6764 best=124.9783 T=4.004
[c4] iter=23590 elapsed=122.3min DP_ok=232 DP_fail=23358 accepted=180 rate=192.9/min state=127.8283 best=126.4255 T=3.964
[c5] iter=19570 elapsed=122.6min DP_ok=201 DP_fail=19369 accepted=131 rate=159.6/min state=132.5789 best=125.0752 T=4.089
[c0] iter=19955 elapsed=122.7min DP_ok=207 DP_fail=19748 accepted=149 rate=162.6/min state=129.1755 best=125.0752 T=4.065
[c0] iter=19975 elapsed=122.8min DP_ok=208 DP_fail=19767 accepted=150 rate=162.6/min state=125.0752 best=125.0752 T=4.061
[c3] iter=21125 elapsed=122.9min DP_ok=223 DP_fail=20902 accepted=152 rate=171.9/min state=141.8766 best=124.9783 T=4.000
[c4] iter=23650 elapsed=122.9min DP_ok=234 DP_fail=23416 accepted=181 rate=192.4/min state=129.9791 best=126.4255 T=3.956
[c3] iter=21185 elapsed=123.4min DP_ok=224 DP_fail=20961 accepted=153 rate=171.6/min state=145.2772 best=124.9783 T=3.996
[c0] iter=20075 elapsed=123.6min DP_ok=210 DP_fail=19865 accepted=151 rate=162.4/min state=129.1755 best=125.0752 T=4.052
[c4] iter=23940 elapsed=124.6min DP_ok=235 DP_fail=23705 accepted=182 rate=192.2/min state=132.1291 best=126.4255 T=3.952
[c0] iter=20240 elapsed=124.6min DP_ok=215 DP_fail=20025 accepted=154 rate=162.5/min state=127.5255 best=125.0752 T=4.032
[c0] iter=20320 elapsed=124.9min DP_ok=216 DP_fail=20104 accepted=154 rate=162.7/min state=127.5255 best=125.0752 T=4.028
[c4] iter=24000 elapsed=125.1min DP_ok=237 DP_fail=23763 accepted=184 rate=191.8/min state=133.5289 best=126.4255 T=3.944
[c1] iter=19285 elapsed=125.3min DP_ok=216 DP_fail=19069 accepted=153 rate=153.9/min state=132.3256 best=124.8252 T=4.028
[c3] iter=21600 elapsed=125.6min DP_ok=228 DP_fail=21372 accepted=157 rate=172.0/min state=149.3766 best=124.9783 T=3.980
[c1] iter=19350 elapsed=125.7min DP_ok=219 DP_fail=19131 accepted=154 rate=153.9/min state=132.3256 best=124.8252 T=4.016
[c0] iter=20475 elapsed=125.8min DP_ok=219 DP_fail=20256 accepted=154 rate=162.7/min state=127.5255 best=125.0752 T=4.016
[c3] iter=21660 elapsed=126.1min DP_ok=229 DP_fail=21431 accepted=158 rate=171.8/min state=141.8766 best=124.9783 T=3.976
[c1] iter=19645 elapsed=127.7min DP_ok=222 DP_fail=19423 accepted=156 rate=153.9/min state=127.0755 best=124.8252 T=4.004
[c3] iter=22105 elapsed=128.4min DP_ok=234 DP_fail=21871 accepted=161 rate=172.2/min state=135.2258 best=124.9783 T=3.956
[c4] iter=24795 elapsed=128.8min DP_ok=247 DP_fail=24548 accepted=191 rate=192.5/min state=128.5297 best=126.4255 T=3.905
[c5] iter=20490 elapsed=129.1min DP_ok=211 DP_fail=20279 accepted=137 rate=158.7/min state=127.8283 best=125.0752 T=4.048
[c0] iter=20990 elapsed=129.2min DP_ok=225 DP_fail=20765 accepted=156 rate=162.5/min state=125.0752 best=125.0752 T=3.992
[c3] iter=22240 elapsed=129.2min DP_ok=235 DP_fail=22005 accepted=162 rate=172.2/min state=138.4764 best=124.9783 T=3.952
[c2] iter=21900 elapsed=130.0min DP_ok=231 DP_fail=21669 accepted=168 rate=168.5/min state=129.0291 best=123.9750 T=3.968
[c4] iter=24920 elapsed=130.0min DP_ok=251 DP_fail=24669 accepted=193 rate=191.7/min state=130.6797 best=126.4255 T=3.890
[c3] iter=22440 elapsed=130.2min DP_ok=237 DP_fail=22203 accepted=164 rate=172.4/min state=145.6272 best=124.9783 T=3.944
[c4] iter=24950 elapsed=130.2min DP_ok=252 DP_fail=24698 accepted=194 rate=191.6/min state=131.3789 best=126.4255 T=3.886
[c0] iter=21170 elapsed=130.5min DP_ok=227 DP_fail=20943 accepted=157 rate=162.2/min state=124.8252 best=124.8252 T=3.984
[c4] iter=25035 elapsed=130.5min DP_ok=253 DP_fail=24782 accepted=195 rate=191.8/min state=130.6797 best=126.4255 T=3.882
[c3] iter=22630 elapsed=131.0min DP_ok=240 DP_fail=22390 accepted=166 rate=172.7/min state=138.5264 best=124.9783 T=3.933
[c0] iter=21285 elapsed=131.5min DP_ok=230 DP_fail=21055 accepted=158 rate=161.8/min state=127.0755 best=124.8252 T=3.972
[c0] iter=21515 elapsed=133.2min DP_ok=232 DP_fail=21283 accepted=160 rate=161.5/min state=130.9256 best=124.8252 T=3.964
[c4] iter=25430 elapsed=133.2min DP_ok=262 DP_fail=25168 accepted=201 rate=190.8/min state=134.4789 best=126.4255 T=3.847
[c2] iter=22785 elapsed=134.1min DP_ok=236 DP_fail=22549 accepted=172 rate=169.9/min state=138.7781 best=123.9750 T=3.948
[c0] iter=21755 elapsed=135.2min DP_ok=234 DP_fail=21521 accepted=161 rate=160.9/min state=134.5258 best=124.8252 T=3.956
[c4] iter=25770 elapsed=135.7min DP_ok=263 DP_fail=25507 accepted=201 rate=190.0/min state=134.4789 best=126.4255 T=3.843
[c2] iter=23180 elapsed=136.0min DP_ok=242 DP_fail=22938 accepted=177 rate=170.4/min state=138.5281 best=123.9750 T=3.925
[c5] iter=21525 elapsed=136.4min DP_ok=223 DP_fail=21302 accepted=143 rate=157.9/min state=127.8283 best=125.0752 T=4.000
[c0] iter=21940 elapsed=136.6min DP_ok=239 DP_fail=21701 accepted=162 rate=160.6/min state=134.5258 best=124.8252 T=3.937
[c0] iter=21960 elapsed=136.7min DP_ok=240 DP_fail=21720 accepted=162 rate=160.6/min state=134.5258 best=124.8252 T=3.933
[c4] iter=26015 elapsed=137.4min DP_ok=266 DP_fail=25749 accepted=203 rate=189.4/min state=128.2755 best=126.4255 T=3.832
[c3] iter=23865 elapsed=137.4min DP_ok=247 DP_fail=23618 accepted=170 rate=173.6/min state=141.8766 best=124.9783 T=3.905
[c0] iter=22070 elapsed=137.6min DP_ok=241 DP_fail=21829 accepted=163 rate=160.4/min state=137.9264 best=124.8252 T=3.929
[c2] iter=23715 elapsed=138.8min DP_ok=248 DP_fail=23467 accepted=183 rate=170.9/min state=137.5781 best=123.9750 T=3.901
[c2] iter=23850 elapsed=139.4min DP_ok=251 DP_fail=23599 accepted=186 rate=171.1/min state=143.5274 best=123.9750 T=3.890
[c3] iter=24365 elapsed=140.0min DP_ok=256 DP_fail=24109 accepted=174 rate=174.1/min state=134.5258 best=124.9783 T=3.870
[c1] iter=21715 elapsed=140.0min DP_ok=230 DP_fail=21485 accepted=163 rate=155.1/min state=147.2272 best=124.8252 T=3.972
[c4] iter=26530 elapsed=140.3min DP_ok=275 DP_fail=26255 accepted=209 rate=189.1/min state=139.5764 best=126.4255 T=3.797
[c3] iter=24445 elapsed=140.4min DP_ok=258 DP_fail=24187 accepted=175 rate=174.1/min state=139.2264 best=124.9783 T=3.862
[c3] iter=24500 elapsed=140.8min DP_ok=259 DP_fail=24241 accepted=176 rate=174.0/min state=137.6764 best=124.9783 T=3.859
[c3] iter=24690 elapsed=141.8min DP_ok=263 DP_fail=24427 accepted=176 rate=174.1/min state=137.6764 best=124.9783 T=3.843
[c0] iter=22730 elapsed=142.6min DP_ok=251 DP_fail=22479 accepted=171 rate=159.4/min state=135.2258 best=124.8252 T=3.890
[c0] iter=22865 elapsed=143.7min DP_ok=255 DP_fail=22610 accepted=174 rate=159.2/min state=127.0755 best=124.8252 T=3.874
[c3] iter=25005 elapsed=143.9min DP_ok=269 DP_fail=24736 accepted=179 rate=173.8/min state=137.3764 best=124.9783 T=3.820
[c2] iter=24615 elapsed=144.4min DP_ok=267 DP_fail=24348 accepted=201 rate=170.5/min state=141.9774 best=123.9750 T=3.828
[c1] iter=22740 elapsed=145.8min DP_ok=240 DP_fail=22500 accepted=169 rate=156.0/min state=138.4764 best=124.8252 T=3.933
[c0] iter=23350 elapsed=146.5min DP_ok=257 DP_fail=23093 accepted=174 rate=159.4/min state=127.0755 best=124.8252 T=3.866
[c5] iter=23000 elapsed=146.9min DP_ok=239 DP_fail=22761 accepted=150 rate=156.6/min state=133.7789 best=125.0752 T=3.937
[c4] iter=27625 elapsed=147.3min DP_ok=282 DP_fail=27343 accepted=215 rate=187.6/min state=138.1264 best=126.4255 T=3.771
[c5] iter=23150 elapsed=147.6min DP_ok=242 DP_fail=22908 accepted=151 rate=156.8/min state=130.4297 best=125.0752 T=3.925
[c5] iter=23205 elapsed=147.9min DP_ok=243 DP_fail=22962 accepted=152 rate=156.9/min state=129.9791 best=125.0752 T=3.921
[c2] iter=25325 elapsed=148.2min DP_ok=273 DP_fail=25052 accepted=203 rate=170.8/min state=144.1288 best=123.9750 T=3.805
[c1] iter=23285 elapsed=149.1min DP_ok=250 DP_fail=23035 accepted=178 rate=156.2/min state=141.4764 best=124.8252 T=3.894
[c2] iter=25485 elapsed=149.5min DP_ok=280 DP_fail=25205 accepted=207 rate=170.5/min state=146.1280 best=123.9750 T=3.778
[c2] iter=25535 elapsed=149.8min DP_ok=281 DP_fail=25254 accepted=208 rate=170.5/min state=146.1280 best=123.9750 T=3.775
[c5] iter=23540 elapsed=149.9min DP_ok=246 DP_fail=23294 accepted=154 rate=157.1/min state=136.1783 best=125.0752 T=3.909
[c2] iter=25570 elapsed=150.1min DP_ok=282 DP_fail=25288 accepted=209 rate=170.4/min state=146.9280 best=123.9750 T=3.771
[c3] iter=25980 elapsed=150.1min DP_ok=283 DP_fail=25697 accepted=190 rate=173.1/min state=125.0752 best=124.9783 T=3.767
[c5] iter=23600 elapsed=150.3min DP_ok=247 DP_fail=23353 accepted=155 rate=157.0/min state=142.5774 best=125.0752 T=3.905
[c0] BANKED 123.7250d (was 123.9750) op=segment_reverse iter=23916
[c3] iter=26170 elapsed=151.4min DP_ok=291 DP_fail=25879 accepted=193 rate=172.9/min state=125.0752 best=124.9783 T=3.737
[c0] iter=23985 elapsed=151.7min DP_ok=263 DP_fail=23722 accepted=175 rate=158.2/min state=123.7250 best=123.7250 T=3.843
[c5] iter=23890 elapsed=152.1min DP_ok=255 DP_fail=23635 accepted=158 rate=157.1/min state=134.9783 best=125.0752 T=3.874
[c3] iter=26350 elapsed=152.5min DP_ok=295 DP_fail=26055 accepted=196 rate=172.8/min state=130.7756 best=124.9783 T=3.722
[c3] iter=26380 elapsed=152.7min DP_ok=296 DP_fail=26084 accepted=197 rate=172.7/min state=132.8256 best=124.9783 T=3.718
[c5] iter=24020 elapsed=152.8min DP_ok=256 DP_fail=23764 accepted=159 rate=157.3/min state=131.8797 best=125.0752 T=3.870
[c5] iter=24045 elapsed=152.9min DP_ok=257 DP_fail=23788 accepted=159 rate=157.2/min state=131.8797 best=125.0752 T=3.866
[c5] iter=24085 elapsed=153.3min DP_ok=259 DP_fail=23826 accepted=161 rate=157.1/min state=137.9281 best=125.0752 T=3.859
[c0] iter=24535 elapsed=155.5min DP_ok=268 DP_fail=24267 accepted=180 rate=157.7/min state=124.8252 best=123.7250 T=3.824
[c0] iter=24590 elapsed=156.2min DP_ok=271 DP_fail=24319 accepted=181 rate=157.4/min state=123.7250 best=123.7250 T=3.813
[c2] iter=26625 elapsed=156.2min DP_ok=297 DP_fail=26328 accepted=219 rate=170.5/min state=141.6281 best=123.9750 T=3.715
[c3] iter=27065 elapsed=156.7min DP_ok=303 DP_fail=26762 accepted=203 rate=172.8/min state=134.5258 best=124.9783 T=3.692
[c2] iter=26745 elapsed=156.9min DP_ok=299 DP_fail=26446 accepted=220 rate=170.5/min state=142.5774 best=123.9750 T=3.707
[c4] iter=29215 elapsed=157.0min DP_ok=295 DP_fail=28920 accepted=222 rate=186.1/min state=133.5289 best=126.4255 T=3.722
[c0] iter=24820 elapsed=157.8min DP_ok=277 DP_fail=24543 accepted=182 rate=157.3/min state=129.0256 best=123.7250 T=3.790
[c5] iter=24690 elapsed=157.9min DP_ok=262 DP_fail=24428 accepted=164 rate=156.4/min state=142.5774 best=125.0752 T=3.847
[c5] iter=24830 elapsed=158.7min DP_ok=265 DP_fail=24565 accepted=167 rate=156.4/min state=132.5789 best=125.0752 T=3.836
[c4] iter=29520 elapsed=159.0min DP_ok=298 DP_fail=29222 accepted=225 rate=185.6/min state=145.0280 best=126.4255 T=3.711
[c5] iter=24895 elapsed=159.3min DP_ok=266 DP_fail=24629 accepted=167 rate=156.3/min state=132.5789 best=125.0752 T=3.832
[c4] iter=29710 elapsed=160.0min DP_ok=300 DP_fail=29410 accepted=227 rate=185.7/min state=138.7781 best=126.4255 T=3.704
[c3] iter=27535 elapsed=160.1min DP_ok=315 DP_fail=27220 accepted=209 rate=172.0/min state=130.9256 best=124.9783 T=3.648
[c0] iter=25135 elapsed=160.1min DP_ok=279 DP_fail=24856 accepted=183 rate=157.0/min state=127.0755 best=123.7250 T=3.782
[c4] iter=29755 elapsed=160.2min DP_ok=302 DP_fail=29453 accepted=229 rate=185.7/min state=140.4281 best=126.4255 T=3.696
[c4] iter=29760 elapsed=160.3min DP_ok=303 DP_fail=29457 accepted=230 rate=185.6/min state=139.7281 best=126.4255 T=3.692
[c5] iter=25050 elapsed=160.4min DP_ok=268 DP_fail=24782 accepted=168 rate=156.2/min state=132.5789 best=125.0752 T=3.824
[c2] iter=27515 elapsed=161.2min DP_ok=308 DP_fail=27207 accepted=225 rate=170.7/min state=147.7780 best=123.9750 T=3.674
[c0] iter=25340 elapsed=161.4min DP_ok=284 DP_fail=25056 accepted=184 rate=157.0/min state=129.9756 best=123.7250 T=3.763
[c4] iter=29900 elapsed=161.5min DP_ok=305 DP_fail=29595 accepted=232 rate=185.1/min state=139.1281 best=126.4255 T=3.685
[c4] iter=29950 elapsed=161.8min DP_ok=307 DP_fail=29643 accepted=233 rate=185.1/min state=141.2288 best=126.4255 T=3.678
[c1] iter=25655 elapsed=163.0min DP_ok=268 DP_fail=25387 accepted=188 rate=157.4/min state=132.3256 best=124.8252 T=3.824
[c3] BANKED 123.1252d (was 123.7250) op=segment_reverse iter=28067
[c5] iter=25605 elapsed=164.1min DP_ok=277 DP_fail=25328 accepted=173 rate=156.1/min state=134.4789 best=125.0752 T=3.790
[c4] iter=30425 elapsed=164.9min DP_ok=316 DP_fail=30109 accepted=238 rate=184.5/min state=136.6289 best=126.4255 T=3.645
[c2] iter=28410 elapsed=166.0min DP_ok=321 DP_fail=28089 accepted=236 rate=171.2/min state=139.4781 best=123.9750 T=3.627
[c1] iter=26190 elapsed=166.2min DP_ok=273 DP_fail=25917 accepted=192 rate=157.6/min state=134.5258 best=124.8252 T=3.805
[c1] iter=26245 elapsed=166.4min DP_ok=274 DP_fail=25971 accepted=192 rate=157.8/min state=134.5258 best=124.8252 T=3.801
[c1] iter=26255 elapsed=166.4min DP_ok=275 DP_fail=25980 accepted=192 rate=157.8/min state=134.5258 best=124.8252 T=3.797
[c1] iter=26305 elapsed=166.8min DP_ok=276 DP_fail=26029 accepted=192 rate=157.7/min state=134.5258 best=124.8252 T=3.794
[c5] iter=25980 elapsed=167.0min DP_ok=280 DP_fail=25700 accepted=175 rate=155.6/min state=134.4789 best=125.0752 T=3.778
[c5] iter=26095 elapsed=167.9min DP_ok=283 DP_fail=25812 accepted=177 rate=155.4/min state=134.0283 best=125.0752 T=3.767
[c5] iter=26140 elapsed=168.3min DP_ok=285 DP_fail=25855 accepted=178 rate=155.3/min state=134.9783 best=125.0752 T=3.760
[c2] iter=28855 elapsed=168.6min DP_ok=325 DP_fail=28530 accepted=240 rate=171.2/min state=136.8791 best=123.9750 T=3.612
[c0] iter=26420 elapsed=168.6min DP_ok=299 DP_fail=26121 accepted=193 rate=156.7/min state=130.6756 best=123.7250 T=3.707
[c1] iter=26665 elapsed=169.2min DP_ok=282 DP_fail=26383 accepted=196 rate=157.6/min state=139.5764 best=124.8252 T=3.771
[c2] iter=29030 elapsed=169.4min DP_ok=327 DP_fail=28703 accepted=241 rate=171.4/min state=136.8791 best=123.9750 T=3.605
[c4] iter=31185 elapsed=169.5min DP_ok=326 DP_fail=30859 accepted=244 rate=184.0/min state=136.1783 best=126.4255 T=3.608
[c4] iter=31230 elapsed=169.8min DP_ok=330 DP_fail=30900 accepted=244 rate=183.9/min state=136.1783 best=126.4255 T=3.594
[c4] iter=31355 elapsed=170.5min DP_ok=332 DP_fail=31023 accepted=246 rate=183.9/min state=126.8783 best=126.4255 T=3.587
[c5] iter=26460 elapsed=171.0min DP_ok=290 DP_fail=26170 accepted=182 rate=154.8/min state=141.6281 best=125.0752 T=3.741
[c1] iter=26985 elapsed=171.0min DP_ok=287 DP_fail=26698 accepted=198 rate=157.8/min state=137.6764 best=124.8252 T=3.752
[c5] iter=26610 elapsed=171.9min DP_ok=293 DP_fail=26317 accepted=183 rate=154.8/min state=139.7281 best=125.0752 T=3.730
[c2] iter=29465 elapsed=172.1min DP_ok=338 DP_fail=29127 accepted=246 rate=171.2/min state=132.1291 best=123.9750 T=3.565
[c0] iter=27030 elapsed=172.5min DP_ok=303 DP_fail=26727 accepted=197 rate=156.7/min state=133.8258 best=123.7250 T=3.692
[c0] iter=27180 elapsed=173.2min DP_ok=306 DP_fail=26874 accepted=200 rate=156.9/min state=134.5258 best=123.7250 T=3.681
[c0] iter=27185 elapsed=173.2min DP_ok=307 DP_fail=26878 accepted=201 rate=156.9/min state=131.6256 best=123.7250 T=3.678
[c3] iter=29485 elapsed=173.6min DP_ok=329 DP_fail=29156 accepted=217 rate=169.9/min state=135.2258 best=123.1252 T=3.598
[c5] iter=26940 elapsed=174.1min DP_ok=299 DP_fail=26641 accepted=187 rate=154.8/min state=135.9283 best=125.0752 T=3.707
[c1] iter=27460 elapsed=174.1min DP_ok=293 DP_fail=27167 accepted=201 rate=157.7/min state=137.1283 best=124.8252 T=3.730
[c1] iter=27545 elapsed=174.7min DP_ok=295 DP_fail=27250 accepted=203 rate=157.7/min state=135.4289 best=124.8252 T=3.722
[c3] iter=29720 elapsed=175.0min DP_ok=334 DP_fail=29386 accepted=219 rate=169.8/min state=129.9756 best=123.1252 T=3.580
[c3] iter=29840 elapsed=175.8min DP_ok=336 DP_fail=29504 accepted=220 rate=169.7/min state=128.2755 best=123.1252 T=3.573
[c0] iter=27705 elapsed=176.0min DP_ok=311 DP_fail=27394 accepted=203 rate=157.5/min state=136.6264 best=123.7250 T=3.663
[c2] iter=30100 elapsed=176.0min DP_ok=346 DP_fail=29754 accepted=248 rate=171.0/min state=135.4289 best=123.9750 T=3.537
[c1] iter=27965 elapsed=177.2min DP_ok=302 DP_fail=27663 accepted=209 rate=157.8/min state=132.3289 best=124.8252 T=3.696
[c3] iter=30085 elapsed=177.4min DP_ok=341 DP_fail=29744 accepted=222 rate=169.6/min state=129.9756 best=123.1252 T=3.555
[c2] iter=30350 elapsed=177.4min DP_ok=350 DP_fail=30000 accepted=252 rate=171.0/min state=129.9799 best=123.9750 T=3.523
[c5] iter=27570 elapsed=177.7min DP_ok=305 DP_fail=27265 accepted=190 rate=155.2/min state=136.6289 best=125.0752 T=3.685
[c0] iter=27925 elapsed=177.8min DP_ok=312 DP_fail=27613 accepted=204 rate=157.1/min state=133.2756 best=123.7250 T=3.659
[c2] iter=30405 elapsed=178.0min DP_ok=353 DP_fail=30052 accepted=255 rate=170.8/min state=128.5297 best=123.9750 T=3.512
[c1] iter=28155 elapsed=178.6min DP_ok=306 DP_fail=27849 accepted=212 rate=157.7/min state=125.6783 best=124.8252 T=3.681
[c0] iter=28100 elapsed=178.8min DP_ok=316 DP_fail=27784 accepted=205 rate=157.1/min state=127.0255 best=123.7250 T=3.645
[c3] iter=30345 elapsed=178.9min DP_ok=344 DP_fail=30001 accepted=223 rate=169.7/min state=130.4256 best=123.1252 T=3.544
[c1] iter=28205 elapsed=178.9min DP_ok=307 DP_fail=27898 accepted=212 rate=157.6/min state=125.6783 best=124.8252 T=3.678
[c1] iter=28295 elapsed=179.5min DP_ok=310 DP_fail=27985 accepted=213 rate=157.6/min state=128.5297 best=124.8252 T=3.667
[c2] iter=30655 elapsed=179.7min DP_ok=359 DP_fail=30296 accepted=259 rate=170.6/min state=125.6783 best=123.5283 T=3.491
[c4] iter=32850 elapsed=179.8min DP_ok=351 DP_fail=32499 accepted=254 rate=182.7/min state=129.0291 best=126.4255 T=3.519
[c4] iter=32890 elapsed=180.1min DP_ok=352 DP_fail=32538 accepted=254 rate=182.6/min state=129.0291 best=126.4255 T=3.516
[c2] iter=30715 elapsed=180.2min DP_ok=361 DP_fail=30354 accepted=261 rate=170.4/min state=134.4789 best=123.5283 T=3.484
[c4] iter=32970 elapsed=180.7min DP_ok=354 DP_fail=32616 accepted=256 rate=182.5/min state=125.6783 best=125.6783 T=3.509
[c4] iter=32975 elapsed=180.8min DP_ok=355 DP_fail=32620 accepted=256 rate=182.4/min state=125.6783 best=125.6783 T=3.505
[c4] iter=32980 elapsed=180.9min DP_ok=356 DP_fail=32624 accepted=256 rate=182.3/min state=125.6783 best=125.6783 T=3.502
[c3] iter=30715 elapsed=181.1min DP_ok=351 DP_fail=30364 accepted=227 rate=169.6/min state=131.8756 best=123.1252 T=3.519
[c4] iter=33100 elapsed=181.5min DP_ok=360 DP_fail=32740 accepted=257 rate=182.4/min state=130.4297 best=125.6783 T=3.488
[c4] iter=33270 elapsed=182.2min DP_ok=363 DP_fail=32907 accepted=258 rate=182.6/min state=132.3289 best=125.6783 T=3.477
[c3] iter=31085 elapsed=182.9min DP_ok=359 DP_fail=30726 accepted=231 rate=170.0/min state=131.8756 best=123.1252 T=3.491
[c0] iter=28670 elapsed=183.1min DP_ok=320 DP_fail=28350 accepted=205 rate=156.6/min state=127.0255 best=123.7250 T=3.630
[c2] iter=31260 elapsed=183.6min DP_ok=368 DP_fail=30892 accepted=265 rate=170.3/min state=125.9283 best=123.5283 T=3.460
[c2] BANKED 122.8283d (was 123.1252) op=segment_reverse iter=31306
[c5] iter=28610 elapsed=184.2min DP_ok=321 DP_fail=28289 accepted=199 rate=155.3/min state=143.5274 best=125.0752 T=3.627
[c2] iter=31460 elapsed=185.0min DP_ok=372 DP_fail=31088 accepted=269 rate=170.1/min state=123.5283 best=122.8283 T=3.446
[c5] iter=28740 elapsed=185.2min DP_ok=325 DP_fail=28415 accepted=201 rate=155.2/min state=143.5274 best=125.0752 T=3.612
[c0] iter=29050 elapsed=185.4min DP_ok=327 DP_fail=28723 accepted=208 rate=156.7/min state=129.6256 best=123.7250 T=3.605
[c2] iter=31560 elapsed=185.6min DP_ok=373 DP_fail=31187 accepted=269 rate=170.1/min state=123.5283 best=122.8283 T=3.443
[c5] iter=28795 elapsed=185.6min DP_ok=327 DP_fail=28468 accepted=203 rate=155.2/min state=139.9783 best=125.0752 T=3.605
[c4] iter=33985 elapsed=186.2min DP_ok=375 DP_fail=33610 accepted=262 rate=182.5/min state=127.8283 best=125.6783 T=3.436
[c3] iter=31675 elapsed=186.5min DP_ok=365 DP_fail=31310 accepted=235 rate=169.9/min state=134.5258 best=123.1252 T=3.470
[c1] iter=29515 elapsed=187.3min DP_ok=320 DP_fail=29195 accepted=217 rate=157.6/min state=129.7297 best=124.8252 T=3.630
[c4] iter=34200 elapsed=187.9min DP_ok=379 DP_fail=33821 accepted=264 rate=182.0/min state=125.6783 best=125.6783 T=3.422
[c2] iter=31920 elapsed=188.0min DP_ok=378 DP_fail=31542 accepted=271 rate=169.8/min state=125.9283 best=122.8283 T=3.426
[c2] iter=32065 elapsed=189.1min DP_ok=381 DP_fail=31684 accepted=272 rate=169.6/min state=123.5283 best=122.8283 T=3.415
[c5] iter=29290 elapsed=189.1min DP_ok=335 DP_fail=28955 accepted=208 rate=154.9/min state=142.5774 best=125.0752 T=3.576
[c4] iter=34370 elapsed=189.2min DP_ok=383 DP_fail=33987 accepted=265 rate=181.7/min state=125.6783 best=125.6783 T=3.408
[c0] iter=29700 elapsed=189.8min DP_ok=335 DP_fail=29365 accepted=211 rate=156.5/min state=126.9755 best=123.7250 T=3.576
[c0] iter=29730 elapsed=189.9min DP_ok=336 DP_fail=29394 accepted=211 rate=156.6/min state=126.9755 best=123.7250 T=3.573
[c2] iter=32170 elapsed=189.9min DP_ok=383 DP_fail=31787 accepted=274 rate=169.4/min state=123.5283 best=122.8283 T=3.408
[c3] iter=32365 elapsed=189.9min DP_ok=369 DP_fail=31996 accepted=238 rate=170.4/min state=136.4764 best=123.1252 T=3.456
[c2] iter=32220 elapsed=190.4min DP_ok=384 DP_fail=31836 accepted=275 rate=169.2/min state=125.6783 best=122.8283 T=3.405
[c4] iter=34650 elapsed=190.5min DP_ok=388 DP_fail=34262 accepted=266 rate=181.9/min state=125.6783 best=125.6783 T=3.391
[c2] iter=32255 elapsed=190.6min DP_ok=385 DP_fail=31870 accepted=275 rate=169.2/min state=125.6783 best=122.8283 T=3.402
[c5] iter=29490 elapsed=190.6min DP_ok=341 DP_fail=29149 accepted=211 rate=154.7/min state=132.3289 best=125.0752 T=3.555
[c4] iter=34750 elapsed=191.2min DP_ok=391 DP_fail=34359 accepted=266 rate=181.7/min state=125.6783 best=125.6783 T=3.381
[c0] iter=29985 elapsed=191.4min DP_ok=341 DP_fail=29644 accepted=214 rate=156.6/min state=124.8252 best=123.7250 T=3.555
[c2] iter=32400 elapsed=191.4min DP_ok=387 DP_fail=32013 accepted=275 rate=169.2/min state=125.6783 best=122.8283 T=3.395
[c2] iter=32465 elapsed=191.7min DP_ok=388 DP_fail=32077 accepted=276 rate=169.4/min state=123.5283 best=122.8283 T=3.391
[c4] iter=34800 elapsed=191.7min DP_ok=393 DP_fail=34407 accepted=268 rate=181.5/min state=124.9783 best=124.9783 T=3.374
[c0] iter=30090 elapsed=191.9min DP_ok=342 DP_fail=29748 accepted=214 rate=156.8/min state=124.8252 best=123.7250 T=3.551
[c0] iter=30105 elapsed=192.1min DP_ok=343 DP_fail=29762 accepted=214 rate=156.7/min state=124.8252 best=123.7250 T=3.548
[c0] iter=30120 elapsed=192.2min DP_ok=344 DP_fail=29776 accepted=214 rate=156.7/min state=124.8252 best=123.7250 T=3.544
[c5] iter=29760 elapsed=192.3min DP_ok=348 DP_fail=29412 accepted=215 rate=154.8/min state=138.5281 best=125.0752 T=3.530
[c2] iter=32585 elapsed=192.7min DP_ok=390 DP_fail=32195 accepted=276 rate=169.1/min state=123.5283 best=122.8283 T=3.385
[c4] iter=34925 elapsed=192.8min DP_ok=395 DP_fail=34530 accepted=270 rate=181.2/min state=127.8283 best=124.7283 T=3.368
[c0] iter=30230 elapsed=193.2min DP_ok=347 DP_fail=29883 accepted=214 rate=156.4/min state=124.8252 best=123.7250 T=3.533
[c2] iter=32730 elapsed=193.8min DP_ok=391 DP_fail=32339 accepted=276 rate=168.9/min state=123.5283 best=122.8283 T=3.381
[c1] iter=30500 elapsed=193.9min DP_ok=330 DP_fail=30170 accepted=224 rate=157.3/min state=131.5291 best=124.8252 T=3.594
[c3] iter=33080 elapsed=194.0min DP_ok=375 DP_fail=32705 accepted=239 rate=170.5/min state=130.9256 best=123.1252 T=3.436
[c5] iter=30105 elapsed=194.1min DP_ok=353 DP_fail=29752 accepted=217 rate=155.1/min state=133.7789 best=125.0752 T=3.512
[c1] iter=30555 elapsed=194.3min DP_ok=331 DP_fail=30224 accepted=225 rate=157.3/min state=132.5789 best=124.8252 T=3.590
[c3] iter=33340 elapsed=195.3min DP_ok=381 DP_fail=32959 accepted=241 rate=170.7/min state=130.9256 best=123.1252 T=3.415
[c5] iter=30370 elapsed=195.7min DP_ok=354 DP_fail=30016 accepted=218 rate=155.1/min state=135.9283 best=125.0752 T=3.509
[c2] iter=33120 elapsed=196.5min DP_ok=396 DP_fail=32724 accepted=278 rate=168.6/min state=126.8783 best=122.8283 T=3.364
[c2] iter=33185 elapsed=196.9min DP_ok=397 DP_fail=32788 accepted=279 rate=168.5/min state=133.7789 best=122.8283 T=3.361
[c0] iter=30930 elapsed=197.5min DP_ok=352 DP_fail=30578 accepted=217 rate=156.6/min state=138.5264 best=123.7250 T=3.516
[c2] iter=33305 elapsed=197.7min DP_ok=400 DP_fail=32905 accepted=282 rate=168.5/min state=134.7291 best=122.8283 T=3.351
[c0] iter=31045 elapsed=198.2min DP_ok=354 DP_fail=30691 accepted=218 rate=156.7/min state=140.1764 best=123.7250 T=3.509
[c5] iter=30625 elapsed=198.2min DP_ok=359 DP_fail=30266 accepted=221 rate=154.5/min state=136.6291 best=125.0752 T=3.491
[c0] iter=31085 elapsed=198.4min DP_ok=355 DP_fail=30730 accepted=218 rate=156.7/min state=140.1764 best=123.7250 T=3.505
[c3] iter=33900 elapsed=198.5min DP_ok=388 DP_fail=33512 accepted=246 rate=170.8/min state=131.8756 best=123.1252 T=3.391
[c2] iter=33440 elapsed=198.5min DP_ok=402 DP_fail=33038 accepted=284 rate=168.4/min state=127.8297 best=122.8283 T=3.344
[c2] iter=33485 elapsed=198.8min DP_ok=403 DP_fail=33082 accepted=284 rate=168.4/min state=127.8297 best=122.8283 T=3.341
[c0] iter=31180 elapsed=199.2min DP_ok=357 DP_fail=30823 accepted=218 rate=156.5/min state=140.1764 best=123.7250 T=3.498
[c3] iter=34035 elapsed=199.3min DP_ok=391 DP_fail=33644 accepted=248 rate=170.7/min state=131.8756 best=123.1252 T=3.381
[c0] iter=31275 elapsed=200.1min DP_ok=359 DP_fail=30916 accepted=218 rate=156.3/min state=140.1764 best=123.7250 T=3.491
[c1] iter=31755 elapsed=200.3min DP_ok=343 DP_fail=31412 accepted=236 rate=158.6/min state=132.5789 best=124.8252 T=3.548
[c4] iter=36315 elapsed=200.9min DP_ok=409 DP_fail=35906 accepted=278 rate=180.7/min state=126.6283 best=124.7283 T=3.321
[c5] iter=31080 elapsed=201.2min DP_ok=364 DP_fail=30716 accepted=223 rate=154.5/min state=133.1789 best=125.0752 T=3.474
[c0] iter=31675 elapsed=202.5min DP_ok=365 DP_fail=31310 accepted=221 rate=156.4/min state=139.9264 best=123.7250 T=3.470
[c5] iter=31265 elapsed=202.9min DP_ok=368 DP_fail=30897 accepted=224 rate=154.1/min state=131.1791 best=125.0752 T=3.460
[c5] iter=31325 elapsed=203.5min DP_ok=369 DP_fail=30956 accepted=224 rate=154.0/min state=131.1791 best=125.0752 T=3.456
[c1] iter=32305 elapsed=203.6min DP_ok=350 DP_fail=31955 accepted=243 rate=158.6/min state=132.5756 best=124.8252 T=3.523
[c2] iter=34280 elapsed=203.7min DP_ok=409 DP_fail=33871 accepted=288 rate=168.3/min state=134.7291 best=122.8283 T=3.321
[c2] iter=34285 elapsed=203.8min DP_ok=410 DP_fail=33875 accepted=289 rate=168.3/min state=135.9283 best=122.8283 T=3.318
[c5] iter=31430 elapsed=204.2min DP_ok=371 DP_fail=31059 accepted=226 rate=153.9/min state=126.6283 best=125.0752 T=3.450
[c3] iter=35040 elapsed=204.7min DP_ok=397 DP_fail=34643 accepted=249 rate=171.2/min state=131.8756 best=123.1252 T=3.361
[c2] iter=34425 elapsed=204.9min DP_ok=413 DP_fail=34012 accepted=292 rate=168.0/min state=127.5255 best=122.8283 T=3.308
[c0] iter=32025 elapsed=205.0min DP_ok=370 DP_fail=31655 accepted=223 rate=156.2/min state=139.9264 best=123.7250 T=3.453
[c5] iter=31610 elapsed=205.8min DP_ok=377 DP_fail=31233 accepted=231 rate=153.6/min state=130.4297 best=125.0752 T=3.429
[c3] iter=35395 elapsed=206.7min DP_ok=400 DP_fail=34995 accepted=250 rate=171.2/min state=136.8758 best=123.1252 T=3.351
[c1] iter=32910 elapsed=207.0min DP_ok=358 DP_fail=32552 accepted=248 rate=159.0/min state=125.5753 best=124.8252 T=3.495
[c4] iter=37280 elapsed=207.3min DP_ok=417 DP_fail=36863 accepted=283 rate=179.9/min state=133.7789 best=124.7283 T=3.294
[c4] iter=37300 elapsed=207.4min DP_ok=418 DP_fail=36882 accepted=284 rate=179.8/min state=133.7789 best=124.7283 T=3.291
[c5] iter=31955 elapsed=208.1min DP_ok=380 DP_fail=31575 accepted=232 rate=153.5/min state=132.3289 best=125.0752 T=3.419
[c1] iter=33175 elapsed=208.7min DP_ok=362 DP_fail=32813 accepted=250 rate=159.0/min state=133.2756 best=124.8252 T=3.481
[c1] iter=33180 elapsed=208.7min DP_ok=363 DP_fail=32817 accepted=251 rate=159.0/min state=135.2258 best=124.8252 T=3.477
[c0] iter=32805 elapsed=208.7min DP_ok=379 DP_fail=32426 accepted=231 rate=157.2/min state=138.4764 best=123.7250 T=3.422
[c4] iter=37565 elapsed=209.2min DP_ok=424 DP_fail=37141 accepted=287 rate=179.6/min state=127.8283 best=124.7283 T=3.271
[c2] iter=35145 elapsed=209.5min DP_ok=423 DP_fail=34722 accepted=297 rate=167.8/min state=128.2755 best=122.8283 T=3.275
[c0] iter=33000 elapsed=210.2min DP_ok=381 DP_fail=32619 accepted=232 rate=157.0/min state=138.4764 best=123.7250 T=3.415
[c0] iter=33080 elapsed=210.6min DP_ok=383 DP_fail=32697 accepted=234 rate=157.1/min state=135.6764 best=123.7250 T=3.408
[c1] iter=33745 elapsed=210.9min DP_ok=369 DP_fail=33376 accepted=254 rate=160.0/min state=133.2756 best=124.8252 T=3.456
[c3] iter=36255 elapsed=211.0min DP_ok=404 DP_fail=35851 accepted=251 rate=171.8/min state=131.8756 best=123.1252 T=3.338
[c5] iter=32490 elapsed=211.9min DP_ok=389 DP_fail=32101 accepted=238 rate=153.3/min state=136.8791 best=125.0752 T=3.388
[c5] iter=32570 elapsed=212.5min DP_ok=390 DP_fail=32180 accepted=239 rate=153.3/min state=137.1283 best=125.0752 T=3.385
[c1] iter=34210 elapsed=213.1min DP_ok=374 DP_fail=33836 accepted=257 rate=160.5/min state=127.0755 best=124.8252 T=3.439
[c3] iter=36715 elapsed=213.6min DP_ok=407 DP_fail=36308 accepted=253 rate=171.9/min state=131.8756 best=123.1252 T=3.328
[c5] iter=32780 elapsed=213.8min DP_ok=392 DP_fail=32388 accepted=240 rate=153.3/min state=133.7789 best=125.0752 T=3.378
[c4] iter=38290 elapsed=214.3min DP_ok=434 DP_fail=37856 accepted=293 rate=178.7/min state=143.2788 best=124.7283 T=3.239
[c4] iter=38300 elapsed=214.3min DP_ok=435 DP_fail=37865 accepted=294 rate=178.7/min state=141.9774 best=124.7283 T=3.236
[c3] iter=36910 elapsed=214.5min DP_ok=410 DP_fail=36500 accepted=253 rate=172.0/min state=131.8756 best=123.1252 T=3.318
[c5] iter=32890 elapsed=214.6min DP_ok=393 DP_fail=32497 accepted=240 rate=153.2/min state=133.7789 best=125.0752 T=3.374
[c5] iter=32930 elapsed=215.0min DP_ok=394 DP_fail=32536 accepted=241 rate=153.2/min state=132.5789 best=125.0752 T=3.371
[c1] iter=34580 elapsed=215.1min DP_ok=382 DP_fail=34198 accepted=263 rate=160.7/min state=129.4756 best=124.8252 T=3.412
[c1] iter=34640 elapsed=215.6min DP_ok=383 DP_fail=34257 accepted=264 rate=160.6/min state=129.8256 best=124.8252 T=3.408
[c4] iter=38540 elapsed=215.7min DP_ok=439 DP_fail=38101 accepted=295 rate=178.7/min state=143.2788 best=124.7283 T=3.223
[c3] iter=37500 elapsed=218.1min DP_ok=414 DP_fail=37086 accepted=257 rate=171.9/min state=123.1252 best=123.1252 T=3.304
[c4] iter=38960 elapsed=218.3min DP_ok=445 DP_fail=38515 accepted=300 rate=178.5/min state=139.9783 best=124.7283 T=3.203
[c0] iter=34365 elapsed=218.4min DP_ok=392 DP_fail=33973 accepted=239 rate=157.4/min state=136.1758 best=123.7250 T=3.378
[c2] iter=36500 elapsed=219.1min DP_ok=440 DP_fail=36060 accepted=309 rate=166.6/min state=126.4255 best=122.8283 T=3.219
[c5] iter=33550 elapsed=219.4min DP_ok=404 DP_fail=33146 accepted=243 rate=152.9/min state=138.5281 best=125.0752 T=3.338
[c2] iter=36530 elapsed=219.4min DP_ok=441 DP_fail=36089 accepted=310 rate=166.5/min state=126.8783 best=122.8283 T=3.216
[c2] iter=36535 elapsed=219.5min DP_ok=442 DP_fail=36093 accepted=311 rate=166.4/min state=126.8783 best=122.8283 T=3.213
[c4] iter=39295 elapsed=220.3min DP_ok=448 DP_fail=38847 accepted=302 rate=178.4/min state=140.6781 best=124.7283 T=3.194
[c1] iter=35835 elapsed=220.8min DP_ok=392 DP_fail=35443 accepted=272 rate=162.3/min state=135.2258 best=124.8252 T=3.378
[c5] iter=33790 elapsed=221.0min DP_ok=408 DP_fail=33382 accepted=247 rate=152.9/min state=134.4789 best=125.0752 T=3.324
[c3] iter=37935 elapsed=221.5min DP_ok=423 DP_fail=37512 accepted=259 rate=171.3/min state=125.0752 best=123.1252 T=3.275
[c0] iter=34940 elapsed=221.7min DP_ok=398 DP_fail=34542 accepted=242 rate=157.6/min state=127.5255 best=123.7250 T=3.358
[c4] iter=39690 elapsed=222.4min DP_ok=454 DP_fail=39236 accepted=308 rate=178.5/min state=137.9281 best=124.7283 T=3.175
[c1] iter=36230 elapsed=223.1min DP_ok=400 DP_fail=35830 accepted=274 rate=162.4/min state=135.2258 best=124.8252 T=3.351
[c0] iter=35090 elapsed=223.2min DP_ok=405 DP_fail=34685 accepted=245 rate=157.2/min state=129.0256 best=123.7250 T=3.334
[c4] iter=40000 elapsed=223.8min DP_ok=459 DP_fail=39541 accepted=311 rate=178.7/min state=129.9791 best=124.7283 T=3.159
[c3] iter=38680 elapsed=224.9min DP_ok=430 DP_fail=38250 accepted=264 rate=172.0/min state=140.1264 best=123.1252 T=3.252
[c4] iter=40215 elapsed=225.1min DP_ok=464 DP_fail=39751 accepted=314 rate=178.7/min state=129.9791 best=124.7283 T=3.143
[c1] iter=36680 elapsed=225.5min DP_ok=407 DP_fail=36273 accepted=277 rate=162.7/min state=134.5258 best=124.8252 T=3.328
[c0] iter=35335 elapsed=225.6min DP_ok=411 DP_fail=34924 accepted=246 rate=156.6/min state=128.2755 best=123.7250 T=3.314
[c1] iter=36715 elapsed=225.7min DP_ok=408 DP_fail=36307 accepted=277 rate=162.7/min state=134.5258 best=124.8252 T=3.324
[c0] iter=35345 elapsed=225.8min DP_ok=412 DP_fail=34933 accepted=246 rate=156.5/min state=128.2755 best=123.7250 T=3.311
[c0] iter=35610 elapsed=227.8min DP_ok=424 DP_fail=35186 accepted=251 rate=156.3/min state=132.8256 best=123.7250 T=3.271
[c1] iter=37240 elapsed=228.0min DP_ok=412 DP_fail=36828 accepted=280 rate=163.3/min state=134.5258 best=124.8252 T=3.311
[c2] iter=37695 elapsed=228.1min DP_ok=452 DP_fail=37243 accepted=316 rate=165.2/min state=127.8297 best=122.8283 T=3.181
[c4] iter=40920 elapsed=229.2min DP_ok=474 DP_fail=40446 accepted=318 rate=178.5/min state=133.5289 best=124.7283 T=3.112
[c5] iter=35065 elapsed=229.5min DP_ok=425 DP_fail=34640 accepted=258 rate=152.8/min state=127.8283 best=125.0752 T=3.268
[c3] iter=39360 elapsed=229.7min DP_ok=441 DP_fail=38919 accepted=272 rate=171.4/min state=138.9764 best=123.1252 T=3.216
[c1] iter=37535 elapsed=229.7min DP_ok=416 DP_fail=37119 accepted=283 rate=163.4/min state=131.8756 best=124.8252 T=3.298
[c4] iter=41040 elapsed=230.3min DP_ok=476 DP_fail=40564 accepted=319 rate=178.2/min state=133.5289 best=124.7283 T=3.106
[c4] iter=41070 elapsed=230.5min DP_ok=478 DP_fail=40592 accepted=320 rate=178.2/min state=136.9781 best=124.7283 T=3.099
[c1] iter=37735 elapsed=230.7min DP_ok=417 DP_fail=37318 accepted=284 rate=163.6/min state=135.2258 best=124.8252 T=3.294
[c3] iter=39605 elapsed=230.9min DP_ok=444 DP_fail=39161 accepted=274 rate=171.6/min state=134.2758 best=123.1252 T=3.207
[c4] iter=41230 elapsed=231.6min DP_ok=479 DP_fail=40751 accepted=321 rate=178.0/min state=136.9781 best=124.7283 T=3.096
[c0] iter=36275 elapsed=232.1min DP_ok=429 DP_fail=35846 accepted=255 rate=156.3/min state=134.5258 best=123.7250 T=3.255
[c4] iter=41335 elapsed=232.4min DP_ok=481 DP_fail=40854 accepted=323 rate=177.9/min state=134.4789 best=124.7283 T=3.090
[c1] iter=38190 elapsed=232.7min DP_ok=420 DP_fail=37770 accepted=284 rate=164.1/min state=135.2258 best=124.8252 T=3.285
[c1] iter=38445 elapsed=233.8min DP_ok=425 DP_fail=38020 accepted=287 rate=164.5/min state=135.2258 best=124.8252 T=3.268
[c3] iter=40025 elapsed=233.8min DP_ok=452 DP_fail=39573 accepted=281 rate=171.2/min state=136.4764 best=123.1252 T=3.181
[c5] iter=35745 elapsed=234.3min DP_ok=436 DP_fail=35309 accepted=264 rate=152.5/min state=126.8783 best=125.0752 T=3.232
[c1] iter=38540 elapsed=234.4min DP_ok=427 DP_fail=38113 accepted=287 rate=164.4/min state=135.2258 best=124.8252 T=3.262
[c3] iter=40215 elapsed=235.2min DP_ok=453 DP_fail=39762 accepted=282 rate=171.0/min state=136.4764 best=123.1252 T=3.178
[c5] iter=35960 elapsed=235.5min DP_ok=439 DP_fail=35521 accepted=265 rate=152.7/min state=126.4755 best=125.0752 T=3.223
[c0] iter=36935 elapsed=236.1min DP_ok=433 DP_fail=36502 accepted=257 rate=156.5/min state=134.5258 best=123.7250 T=3.242
[c4] iter=42060 elapsed=236.6min DP_ok=486 DP_fail=41574 accepted=324 rate=177.8/min state=136.1783 best=124.7283 T=3.075
[c0] iter=37065 elapsed=236.7min DP_ok=434 DP_fail=36631 accepted=257 rate=156.6/min state=134.5258 best=123.7250 T=3.239
[c3] iter=40405 elapsed=236.8min DP_ok=458 DP_fail=39947 accepted=283 rate=170.6/min state=134.5258 best=123.1252 T=3.162
[c1] iter=39035 elapsed=236.9min DP_ok=433 DP_fail=38602 accepted=290 rate=164.7/min state=133.2756 best=124.8252 T=3.242
[c5] iter=36165 elapsed=237.0min DP_ok=443 DP_fail=35722 accepted=267 rate=152.6/min state=129.8256 best=125.0752 T=3.210
[c2] iter=39030 elapsed=237.4min DP_ok=460 DP_fail=38570 accepted=322 rate=164.4/min state=129.3797 best=122.8283 T=3.156
[c0] iter=37305 elapsed=237.9min DP_ok=436 DP_fail=36869 accepted=259 rate=156.8/min state=134.5258 best=123.7250 T=3.232
[c3] iter=40650 elapsed=238.4min DP_ok=463 DP_fail=40187 accepted=286 rate=170.5/min state=123.1252 best=123.1252 T=3.146
[c3] iter=40815 elapsed=239.5min DP_ok=467 DP_fail=40348 accepted=287 rate=170.4/min state=123.1252 best=123.1252 T=3.134
[c1] iter=39545 elapsed=239.9min DP_ok=437 DP_fail=39108 accepted=292 rate=164.9/min state=137.3764 best=124.8252 T=3.229
[c1] reseeded from global mk=122.8283
[c3] reseeded from global mk=122.8283
[c4] iter=42640 elapsed=240.2min DP_ok=493 DP_fail=42147 accepted=328 rate=177.5/min state=136.8791 best=124.7283 T=3.053
[c4] reseeded from global mk=122.8283
[c5] reseeded from global mk=122.8283
[c0] iter=37840 elapsed=240.6min DP_ok=442 DP_fail=37398 accepted=264 rate=157.3/min state=130.4256 best=123.7250 T=3.213
[c0] reseeded from global mk=122.8283
[c5] iter=36875 elapsed=241.6min DP_ok=449 DP_fail=36426 accepted=270 rate=152.7/min state=125.6783 best=125.0752 T=4.985
[c0] iter=38095 elapsed=242.6min DP_ok=443 DP_fail=37652 accepted=264 rate=157.1/min state=122.8283 best=123.7250 T=4.995
[c1] iter=40010 elapsed=242.7min DP_ok=446 DP_fail=39564 accepted=294 rate=164.9/min state=125.6783 best=124.8252 T=4.960
[c0] iter=38275 elapsed=244.2min DP_ok=448 DP_fail=37827 accepted=265 rate=156.7/min state=125.6783 best=123.7250 T=4.970
[c2] reseeded from global mk=122.8283
[c4] iter=43375 elapsed=245.6min DP_ok=499 DP_fail=42876 accepted=332 rate=176.6/min state=134.4789 best=123.5283 T=4.970
[c4] iter=43425 elapsed=246.0min DP_ok=501 DP_fail=42924 accepted=334 rate=176.5/min state=131.8797 best=123.5283 T=4.960
[c3] iter=41935 elapsed=246.2min DP_ok=482 DP_fail=41453 accepted=295 rate=170.3/min state=127.8283 best=123.1252 T=4.940
[c1] iter=40650 elapsed=246.5min DP_ok=458 DP_fail=40192 accepted=300 rate=164.9/min state=134.0283 best=122.8283 T=4.901
[c2] iter=40485 elapsed=246.8min DP_ok=470 DP_fail=40015 accepted=326 rate=164.1/min state=123.5283 best=122.8283 T=4.965
[c3] iter=42050 elapsed=247.1min DP_ok=484 DP_fail=41566 accepted=296 rate=170.2/min state=130.4297 best=123.1252 T=4.930
[c4] iter=43580 elapsed=247.1min DP_ok=506 DP_fail=43074 accepted=339 rate=176.3/min state=133.7789 best=123.5283 T=4.935
[c0] iter=38690 elapsed=248.0min DP_ok=452 DP_fail=38238 accepted=269 rate=156.0/min state=125.9283 best=123.7250 T=4.950
[c4] iter=43735 elapsed=248.1min DP_ok=507 DP_fail=43228 accepted=339 rate=176.3/min state=133.7789 best=123.5283 T=4.930
[c3] iter=42360 elapsed=249.0min DP_ok=489 DP_fail=41871 accepted=299 rate=170.1/min state=132.3289 best=123.1252 T=4.906
[c1] iter=41090 elapsed=249.3min DP_ok=464 DP_fail=40626 accepted=304 rate=164.8/min state=129.7297 best=122.8283 T=4.872
[c0] iter=38885 elapsed=249.4min DP_ok=457 DP_fail=38428 accepted=272 rate=155.9/min state=127.5255 best=123.7250 T=4.926
[c0] iter=38895 elapsed=249.5min DP_ok=458 DP_fail=38437 accepted=273 rate=155.9/min state=127.5255 best=123.7250 T=4.921
[c0] iter=38990 elapsed=250.4min DP_ok=461 DP_fail=38529 accepted=275 rate=155.7/min state=128.2755 best=123.7250 T=4.906
[c5] iter=38225 elapsed=251.1min DP_ok=463 DP_fail=37762 accepted=282 rate=152.2/min state=126.4255 best=125.0752 T=4.916
[c5] iter=38290 elapsed=251.4min DP_ok=464 DP_fail=37826 accepted=283 rate=152.3/min state=126.4255 best=125.0752 T=4.911
[c3] iter=42795 elapsed=251.5min DP_ok=497 DP_fail=42298 accepted=306 rate=170.1/min state=142.5774 best=123.1252 T=4.867
[c4] iter=44335 elapsed=252.1min DP_ok=513 DP_fail=43822 accepted=342 rate=175.9/min state=125.9283 best=123.5283 T=4.901
[c2] iter=41220 elapsed=252.5min DP_ok=482 DP_fail=40738 accepted=332 rate=163.3/min state=130.4297 best=122.8283 T=4.906
[c0] iter=39230 elapsed=252.7min DP_ok=464 DP_fail=38766 accepted=278 rate=155.3/min state=129.0256 best=123.7250 T=4.891
[c3] iter=43015 elapsed=253.2min DP_ok=501 DP_fail=42514 accepted=310 rate=169.9/min state=141.6281 best=123.1252 T=4.847
[c1] iter=41745 elapsed=253.9min DP_ok=475 DP_fail=41270 accepted=311 rate=164.4/min state=138.5281 best=122.8283 T=4.818
[c5] iter=38845 elapsed=255.0min DP_ok=467 DP_fail=38378 accepted=286 rate=152.4/min state=126.4255 best=125.0752 T=4.896
[c3] iter=43375 elapsed=255.4min DP_ok=505 DP_fail=42870 accepted=313 rate=169.8/min state=139.7281 best=123.1252 T=4.828
[c3] iter=43385 elapsed=255.6min DP_ok=506 DP_fail=42879 accepted=314 rate=169.8/min state=138.5281 best=123.1252 T=4.823
[c0] iter=39620 elapsed=255.7min DP_ok=466 DP_fail=39154 accepted=279 rate=154.9/min state=132.8256 best=123.7250 T=4.881
[c0] iter=39630 elapsed=255.8min DP_ok=467 DP_fail=39163 accepted=280 rate=155.0/min state=134.5258 best=123.7250 T=4.876
[c4] iter=44980 elapsed=255.8min DP_ok=520 DP_fail=44460 accepted=345 rate=175.8/min state=125.9283 best=123.5283 T=4.867
[c4] iter=45140 elapsed=256.9min DP_ok=522 DP_fail=44618 accepted=346 rate=175.7/min state=126.6283 best=123.5283 T=4.857
[c0] iter=39870 elapsed=257.0min DP_ok=471 DP_fail=39399 accepted=283 rate=155.1/min state=136.8783 best=123.7250 T=4.857
[c3] iter=43600 elapsed=257.3min DP_ok=510 DP_fail=43090 accepted=316 rate=169.5/min state=140.4281 best=123.1252 T=4.804
[c2] iter=41850 elapsed=257.5min DP_ok=495 DP_fail=41355 accepted=342 rate=162.5/min state=137.5789 best=122.8283 T=4.842
[c0] iter=39960 elapsed=257.7min DP_ok=474 DP_fail=39486 accepted=286 rate=155.1/min state=132.3289 best=123.7250 T=4.842
[c5] iter=39445 elapsed=258.5min DP_ok=472 DP_fail=38973 accepted=290 rate=152.6/min state=124.8252 best=124.8252 T=4.872
[c2] iter=42045 elapsed=258.5min DP_ok=497 DP_fail=41548 accepted=343 rate=162.6/min state=137.5789 best=122.8283 T=4.833
