E-530 cluster-aware DP-ALNS. n_chains=6 wall_h=48.0
[c0] loading ultrafine table...
[c1] loading ultrafine table...
[c2] loading ultrafine table...
[c3] loading ultrafine table...
[c4] loading ultrafine table...
[c5] loading ultrafine table...
[c1] table loaded in 0.1s
[c1] seeded from ch2_e529_ckpt_chain1.json: mk=132.3256d
/home/julian/Projects/esa_spoc_26_3/scripts/ch2_dp_numba.py:85: RuntimeWarning: invalid value encountered in cast
  c_arr_full = np.arange(T) + np.ceil(c_row / q).astype(np.int32)
/home/julian/Projects/esa_spoc_26_3/scripts/ch2_dp_numba.py:86: RuntimeWarning: invalid value encountered in cast
  e_arr_full = np.arange(T) + np.ceil(e_row / q).astype(np.int32)
[c4] table loaded in 0.2s
[c4] seeded from ch2_e529_ckpt_chain4.json: mk=128.0255d
/home/julian/Projects/esa_spoc_26_3/scripts/ch2_dp_numba.py:85: RuntimeWarning: invalid value encountered in cast
  c_arr_full = np.arange(T) + np.ceil(c_row / q).astype(np.int32)
/home/julian/Projects/esa_spoc_26_3/scripts/ch2_dp_numba.py:86: RuntimeWarning: invalid value encountered in cast
  e_arr_full = np.arange(T) + np.ceil(e_row / q).astype(np.int32)
[c0] table loaded in 0.3s
[c0] seeded from bank: mk=116.3755d
/home/julian/Projects/esa_spoc_26_3/scripts/ch2_dp_numba.py:85: RuntimeWarning: invalid value encountered in cast
  c_arr_full = np.arange(T) + np.ceil(c_row / q).astype(np.int32)
/home/julian/Projects/esa_spoc_26_3/scripts/ch2_dp_numba.py:86: RuntimeWarning: invalid value encountered in cast
  e_arr_full = np.arange(T) + np.ceil(e_row / q).astype(np.int32)
[c2] table loaded in 0.3s
[c2] seeded from ch2_e529_ckpt_chain2.json: mk=133.2756d
[c5] table loaded in 0.3s
[c3] table loaded in 0.3s
/home/julian/Projects/esa_spoc_26_3/scripts/ch2_dp_numba.py:85: RuntimeWarning: invalid value encountered in cast
  c_arr_full = np.arange(T) + np.ceil(c_row / q).astype(np.int32)
/home/julian/Projects/esa_spoc_26_3/scripts/ch2_dp_numba.py:86: RuntimeWarning: invalid value encountered in cast
  e_arr_full = np.arange(T) + np.ceil(e_row / q).astype(np.int32)
[c3] seeded from ch2_e529_ckpt_chain3.json: mk=130.6797d
/home/julian/Projects/esa_spoc_26_3/scripts/ch2_dp_numba.py:85: RuntimeWarning: invalid value encountered in cast
  c_arr_full = np.arange(T) + np.ceil(c_row / q).astype(np.int32)
/home/julian/Projects/esa_spoc_26_3/scripts/ch2_dp_numba.py:86: RuntimeWarning: invalid value encountered in cast
  e_arr_full = np.arange(T) + np.ceil(e_row / q).astype(np.int32)
[c5] seeded from ch2_e529_ckpt_chain5.json: mk=127.0755d
/home/julian/Projects/esa_spoc_26_3/scripts/ch2_dp_numba.py:85: RuntimeWarning: invalid value encountered in cast
  c_arr_full = np.arange(T) + np.ceil(c_row / q).astype(np.int32)
/home/julian/Projects/esa_spoc_26_3/scripts/ch2_dp_numba.py:86: RuntimeWarning: invalid value encountered in cast
  e_arr_full = np.arange(T) + np.ceil(e_row / q).astype(np.int32)
[c1] state initialized mk=132.3256d
[c4] state initialized mk=128.0255d
[c3] state initialized mk=130.6797d
[c2] state initialized mk=133.2756d
[c0] state initialized mk=116.3755d
[c5] state initialized mk=127.0755d
[c5] iter=50 elapsed=0.8min DP_ok=8 DP_fail=42 accepted=8 state=126.7281 best=126.7281 T=7.968
[c4] iter=50 elapsed=0.9min DP_ok=10 DP_fail=40 accepted=9 state=128.1791 best=128.0255 T=7.960
[c2] iter=150 elapsed=2.7min DP_ok=29 DP_fail=121 accepted=28 state=137.1780 best=133.2756 T=7.885
[c3] iter=200 elapsed=3.1min DP_ok=30 DP_fail=170 accepted=29 state=129.0291 best=126.0753 T=7.881
[c3] iter=300 elapsed=5.0min DP_ok=47 DP_fail=253 accepted=46 state=129.0291 best=126.0753 T=7.814
[c3] iter=350 elapsed=6.1min DP_ok=57 DP_fail=293 accepted=56 state=132.2283 best=126.0753 T=7.775
[c2] iter=400 elapsed=6.4min DP_ok=69 DP_fail=331 accepted=67 state=131.0791 best=127.8755 T=7.729
[c4] iter=500 elapsed=7.5min DP_ok=72 DP_fail=428 accepted=70 state=132.8256 best=128.0255 T=7.717
[c1] iter=550 elapsed=8.1min DP_ok=80 DP_fail=470 accepted=79 state=140.8285 best=132.3256 T=7.686
[c2] iter=500 elapsed=8.7min DP_ok=91 DP_fail=409 accepted=89 state=131.2297 best=127.8755 T=7.644
[c4] iter=700 elapsed=10.9min DP_ok=101 DP_fail=599 accepted=99 state=141.1263 best=128.0255 T=7.606
[c2] iter=750 elapsed=12.2min DP_ok=121 DP_fail=629 accepted=118 state=132.5756 best=127.8755 T=7.530
[c2] iter=800 elapsed=12.8min DP_ok=128 DP_fail=672 accepted=125 state=130.8755 best=127.8755 T=7.504
[c3] iter=750 elapsed=14.0min DP_ok=123 DP_fail=627 accepted=116 state=125.5281 best=124.8252 T=7.523
[c0] iter=900 elapsed=14.3min DP_ok=150 DP_fail=750 accepted=135 state=124.8281 best=116.3755 T=7.422
[c3] iter=800 elapsed=14.6min DP_ok=129 DP_fail=671 accepted=122 state=126.7753 best=124.8252 T=7.500
[c1] iter=1100 elapsed=15.2min DP_ok=164 DP_fail=936 accepted=160 state=144.4256 best=132.3256 T=7.370
[c5] iter=1000 elapsed=15.5min DP_ok=134 DP_fail=866 accepted=123 state=132.5789 best=126.7281 T=7.481
[c2] iter=1000 elapsed=16.1min DP_ok=171 DP_fail=829 accepted=166 state=134.4789 best=127.8755 T=7.344
[c1] iter=1200 elapsed=17.2min DP_ok=182 DP_fail=1018 accepted=178 state=144.8783 best=132.3256 T=7.304
[c1] iter=1250 elapsed=17.8min DP_ok=192 DP_fail=1058 accepted=187 state=146.3269 best=132.3256 T=7.268
[c4] iter=1250 elapsed=20.6min DP_ok=186 DP_fail=1064 accepted=177 state=132.5756 best=128.0255 T=7.289
[c1] iter=1450 elapsed=20.6min DP_ok=225 DP_fail=1225 accepted=220 state=144.8783 best=132.3256 T=7.149
[c5] iter=1450 elapsed=22.7min DP_ok=190 DP_fail=1260 accepted=175 state=127.8291 best=124.8252 T=7.275
[c4] iter=1450 elapsed=24.0min DP_ok=221 DP_fail=1229 accepted=211 state=132.8256 best=128.0255 T=7.163
[c5] iter=1550 elapsed=24.4min DP_ok=208 DP_fail=1342 accepted=193 state=128.1791 best=124.8252 T=7.210
[c4] iter=1500 elapsed=24.9min DP_ok=226 DP_fail=1274 accepted=216 state=132.5789 best=128.0255 T=7.145
[c2] iter=1650 elapsed=25.6min DP_ok=256 DP_fail=1394 accepted=245 state=134.5258 best=127.8755 T=7.039
[c1] iter=1950 elapsed=27.2min DP_ok=308 DP_fail=1642 accepted=300 state=138.6263 best=132.3256 T=6.858
[c3] iter=1700 elapsed=28.2min DP_ok=258 DP_fail=1442 accepted=247 state=140.5783 best=124.8252 T=7.032
[c1] iter=2100 elapsed=28.9min DP_ok=328 DP_fail=1772 accepted=320 state=138.6783 best=132.3256 T=6.790
[c5] iter=1900 elapsed=30.3min DP_ok=248 DP_fail=1652 accepted=230 state=128.1791 best=124.7283 T=7.067
[c1] iter=2500 elapsed=33.8min DP_ok=385 DP_fail=2115 accepted=376 state=144.1756 best=132.3256 T=6.599
[c3] iter=2150 elapsed=33.9min DP_ok=323 DP_fail=1827 accepted=307 state=144.6761 best=124.8252 T=6.807
[c3] iter=2200 elapsed=34.5min DP_ok=330 DP_fail=1870 accepted=314 state=144.7255 best=124.8252 T=6.783
[c1] iter=2850 elapsed=38.1min DP_ok=433 DP_fail=2417 accepted=421 state=145.8255 best=132.3256 T=6.442
[c1] iter=2950 elapsed=39.3min DP_ok=454 DP_fail=2496 accepted=440 state=151.1272 best=132.3256 T=6.375
[c0] iter=2500 elapsed=39.4min DP_ok=368 DP_fail=2132 accepted=343 state=124.3783 best=116.3755 T=6.655
[c1] iter=3000 elapsed=40.0min DP_ok=464 DP_fail=2536 accepted=448 state=151.7769 best=132.3256 T=6.343
[c2] iter=2550 elapsed=40.1min DP_ok=387 DP_fail=2163 accepted=367 state=133.5256 best=126.0753 T=6.592
[c2] iter=2600 elapsed=41.0min DP_ok=393 DP_fail=2207 accepted=373 state=131.7289 best=126.0753 T=6.572
[c4] iter=2450 elapsed=42.2min DP_ok=377 DP_fail=2073 accepted=350 state=130.9256 best=128.0255 T=6.625
[c4] iter=2550 elapsed=43.7min DP_ok=390 DP_fail=2160 accepted=360 state=133.7288 best=128.0255 T=6.582
[c1] iter=3350 elapsed=44.1min DP_ok=511 DP_fail=2839 accepted=490 state=146.0777 best=132.3256 T=6.196
[c2] iter=2800 elapsed=44.3min DP_ok=434 DP_fail=2366 accepted=410 state=139.6772 best=126.0753 T=6.439
[c2] iter=2900 elapsed=46.0min DP_ok=453 DP_fail=2447 accepted=425 state=141.4264 best=126.0753 T=6.378
[c0] iter=2950 elapsed=46.3min DP_ok=448 DP_fail=2502 accepted=414 state=150.4769 best=116.3755 T=6.394
[c1] iter=3600 elapsed=47.1min DP_ok=551 DP_fail=3049 accepted=528 state=140.5783 best=132.3256 T=6.073
[c3] iter=3100 elapsed=47.3min DP_ok=497 DP_fail=2603 accepted=478 state=148.5255 best=124.8252 T=6.239
[c1] iter=3750 elapsed=49.1min DP_ok=564 DP_fail=3186 accepted=539 state=140.5263 best=132.3256 T=6.034
[c0] iter=3250 elapsed=50.2min DP_ok=479 DP_fail=2771 accepted=442 state=145.2269 best=116.3755 T=6.296
[c1] iter=3850 elapsed=50.4min DP_ok=582 DP_fail=3268 accepted=553 state=134.3783 best=132.3256 T=5.980
[c3] iter=3350 elapsed=51.5min DP_ok=536 DP_fail=2814 accepted=515 state=143.6783 best=124.8252 T=6.119
[c1] iter=3950 elapsed=51.6min DP_ok=599 DP_fail=3351 accepted=570 state=140.6764 best=132.3256 T=5.929
[c2] iter=3300 elapsed=51.8min DP_ok=515 DP_fail=2785 accepted=484 state=141.7769 best=126.0753 T=6.183
[c2] iter=3350 elapsed=52.5min DP_ok=520 DP_fail=2830 accepted=489 state=141.9774 best=126.0753 T=6.168
[c3] iter=3450 elapsed=52.9min DP_ok=552 DP_fail=2898 accepted=531 state=143.5288 best=124.8252 T=6.070
[c4] iter=3050 elapsed=53.2min DP_ok=481 DP_fail=2569 accepted=417 state=146.0777 best=128.0255 T=6.289
[c1] iter=4100 elapsed=53.5min DP_ok=623 DP_fail=3477 accepted=592 state=140.8283 best=132.3256 T=5.858
[c2] iter=3450 elapsed=53.9min DP_ok=530 DP_fail=2920 accepted=497 state=143.0764 best=126.0753 T=6.137
[c1] iter=4150 elapsed=53.9min DP_ok=633 DP_fail=3517 accepted=602 state=140.4769 best=132.3256 T=5.829
[c5] iter=3400 elapsed=55.0min DP_ok=446 DP_fail=2954 accepted=420 state=135.4263 best=124.7283 T=6.401
[c1] iter=4300 elapsed=55.6min DP_ok=661 DP_fail=3639 accepted=627 state=139.9264 best=132.3256 T=5.748
[c2] iter=3600 elapsed=55.9min DP_ok=550 DP_fail=3050 accepted=515 state=147.1269 best=126.0753 T=6.076
[c2] iter=3750 elapsed=57.9min DP_ok=573 DP_fail=3177 accepted=538 state=143.7272 best=126.0753 T=6.007
[c1] iter=4550 elapsed=58.9min DP_ok=695 DP_fail=3855 accepted=657 state=143.9772 best=132.3256 T=5.651
[c2] iter=3950 elapsed=60.5min DP_ok=597 DP_fail=3353 accepted=560 state=144.8783 best=126.0753 T=5.935
[c1] iter=4700 elapsed=60.8min DP_ok=714 DP_fail=3986 accepted=673 state=142.8764 best=132.3256 T=5.598
[c1] iter=4750 elapsed=61.2min DP_ok=720 DP_fail=4030 accepted=679 state=143.4288 best=132.3256 T=5.581
[c1] iter=4800 elapsed=61.6min DP_ok=726 DP_fail=4074 accepted=684 state=142.8266 best=132.3256 T=5.564
[c1] iter=4900 elapsed=62.6min DP_ok=739 DP_fail=4161 accepted=697 state=143.2269 best=132.3256 T=5.528
[c2] iter=4200 elapsed=63.9min DP_ok=619 DP_fail=3581 accepted=580 state=143.9283 best=126.0753 T=5.870
[c4] iter=3850 elapsed=65.2min DP_ok=581 DP_fail=3269 accepted=508 state=146.0777 best=128.0255 T=5.983
[c3] iter=4400 elapsed=67.9min DP_ok=702 DP_fail=3698 accepted=678 state=139.1772 best=124.8252 T=5.631
[c5] iter=4350 elapsed=70.1min DP_ok=590 DP_fail=3760 accepted=552 state=140.5783 best=124.7283 T=5.956
[c1] iter=5550 elapsed=70.5min DP_ok=832 DP_fail=4718 accepted=789 state=141.6281 best=132.3256 T=5.277
[c4] iter=4200 elapsed=71.2min DP_ok=630 DP_fail=3570 accepted=556 state=144.5772 best=128.0255 T=5.838
[c3] iter=4750 elapsed=72.5min DP_ok=758 DP_fail=3992 accepted=732 state=140.8772 best=124.8252 T=5.476
[c0] iter=4750 elapsed=72.5min DP_ok=673 DP_fail=4077 accepted=603 state=145.0280 best=116.3755 T=5.714
[c4] iter=4300 elapsed=72.6min DP_ok=645 DP_fail=3655 accepted=571 state=149.4772 best=128.0255 T=5.794
[c4] iter=4350 elapsed=73.3min DP_ok=655 DP_fail=3695 accepted=578 state=149.4772 best=128.0255 T=5.765
[c1] iter=5850 elapsed=74.1min DP_ok=862 DP_fail=4988 accepted=819 state=141.4283 best=132.3256 T=5.198
[c2] iter=4950 elapsed=74.7min DP_ok=710 DP_fail=4240 accepted=665 state=141.1263 best=126.0753 T=5.609
[c0] iter=4950 elapsed=75.8min DP_ok=707 DP_fail=4243 accepted=632 state=145.6780 best=116.3755 T=5.617
[c5] iter=4950 elapsed=78.9min DP_ok=667 DP_fail=4283 accepted=619 state=135.8788 best=124.7283 T=5.731
[c4] iter=4700 elapsed=79.0min DP_ok=708 DP_fail=3992 accepted=629 state=145.4769 best=128.0255 T=5.615
[c0] iter=5250 elapsed=79.8min DP_ok=744 DP_fail=4506 accepted=657 state=131.0299 best=116.3755 T=5.514
[c3] iter=5250 elapsed=80.0min DP_ok=840 DP_fail=4410 accepted=809 state=140.8763 best=124.8252 T=5.256
[c1] iter=6350 elapsed=80.2min DP_ok=928 DP_fail=5422 accepted=882 state=141.4283 best=132.3256 T=5.030
[c0] iter=5300 elapsed=80.7min DP_ok=755 DP_fail=4545 accepted=665 state=129.9756 best=116.3755 T=5.484
[c4] iter=4800 elapsed=80.7min DP_ok=721 DP_fail=4079 accepted=642 state=141.5764 best=128.0255 T=5.578
[c1] iter=6450 elapsed=81.3min DP_ok=947 DP_fail=5503 accepted=901 state=140.5783 best=132.3256 T=4.982
[c3] iter=5350 elapsed=81.4min DP_ok=854 DP_fail=4496 accepted=822 state=135.8788 best=124.8252 T=5.219
[c5] iter=5100 elapsed=81.6min DP_ok=684 DP_fail=4416 accepted=634 state=132.8256 best=124.7283 T=5.682
[c1] iter=6500 elapsed=81.9min DP_ok=953 DP_fail=5547 accepted=906 state=140.5783 best=132.3256 T=4.967
[c5] iter=5150 elapsed=82.3min DP_ok=693 DP_fail=4457 accepted=642 state=135.1763 best=124.7283 T=5.657
[c1] iter=6600 elapsed=83.2min DP_ok=966 DP_fail=5634 accepted=917 state=140.5783 best=132.3256 T=4.935
[c2] iter=5650 elapsed=84.7min DP_ok=830 DP_fail=4820 accepted=776 state=144.0763 best=126.0753 T=5.282
[c5] iter=5350 elapsed=85.4min DP_ok=716 DP_fail=4634 accepted=662 state=141.6288 best=124.7283 T=5.592
[c3] iter=5650 elapsed=85.9min DP_ok=897 DP_fail=4753 accepted=863 state=138.3764 best=124.8252 T=5.108
[c5] iter=5600 elapsed=89.4min DP_ok=747 DP_fail=4853 accepted=691 state=143.2283 best=124.7283 T=5.506
[c3] iter=5950 elapsed=90.3min DP_ok=936 DP_fail=5014 accepted=901 state=137.7270 best=124.8252 T=5.009
[c5] iter=5800 elapsed=92.9min DP_ok=776 DP_fail=5024 accepted=718 state=143.2788 best=124.7283 T=5.427
[c1] iter=7600 elapsed=95.8min DP_ok=1105 DP_fail=6495 accepted=1048 state=126.7281 best=126.7281 T=4.603
[c0] iter=6350 elapsed=95.9min DP_ok=897 DP_fail=5453 accepted=768 state=131.1791 best=116.3755 T=5.108
[c2] iter=6650 elapsed=98.4min DP_ok=960 DP_fail=5690 accepted=899 state=135.5783 best=126.0753 T=4.950
[c4] iter=5900 elapsed=99.4min DP_ok=863 DP_fail=5037 accepted=781 state=133.5758 best=128.0255 T=5.196
[c3] iter=6550 elapsed=99.9min DP_ok=1042 DP_fail=5508 accepted=997 state=130.1755 best=124.8252 T=4.751
[c4] iter=5950 elapsed=100.1min DP_ok=869 DP_fail=5081 accepted=787 state=134.9263 best=128.0255 T=5.180
[c4] iter=6000 elapsed=101.0min DP_ok=875 DP_fail=5125 accepted=793 state=129.7755 best=128.0255 T=5.165
[c2] iter=6900 elapsed=102.1min DP_ok=992 DP_fail=5908 accepted=931 state=135.6783 best=126.0753 T=4.871
[c3] iter=6750 elapsed=102.8min DP_ok=1068 DP_fail=5682 accepted=1022 state=127.2297 best=124.8252 T=4.689
[c3] iter=6800 elapsed=103.4min DP_ok=1077 DP_fail=5723 accepted=1029 state=130.1755 best=124.8252 T=4.668
[c5] iter=6500 elapsed=104.2min DP_ok=874 DP_fail=5626 accepted=810 state=128.1791 best=124.7283 T=5.167
[c4] iter=6200 elapsed=104.7min DP_ok=912 DP_fail=5288 accepted=828 state=135.5783 best=128.0255 T=5.070
[c4] iter=6250 elapsed=105.5min DP_ok=920 DP_fail=5330 accepted=836 state=138.1280 best=128.0255 T=5.050
[c1] iter=8400 elapsed=105.6min DP_ok=1217 DP_fail=7183 accepted=1153 state=135.6764 best=126.7281 T=4.353
[c1] iter=8450 elapsed=106.2min DP_ok=1230 DP_fail=7220 accepted=1166 state=135.6764 best=126.7281 T=4.324
[c2] iter=7350 elapsed=109.3min DP_ok=1059 DP_fail=6291 accepted=994 state=140.4281 best=126.0753 T=4.711
[c1] iter=8700 elapsed=109.6min DP_ok=1274 DP_fail=7426 accepted=1208 state=136.6264 best=126.7281 T=4.230
[c2] iter=7400 elapsed=110.1min DP_ok=1064 DP_fail=6336 accepted=998 state=140.1763 best=126.0753 T=4.699
[c4] iter=6600 elapsed=110.8min DP_ok=963 DP_fail=5637 accepted=874 state=129.2289 best=126.7281 T=4.942
[c3] iter=7300 elapsed=111.1min DP_ok=1148 DP_fail=6152 accepted=1098 state=129.7297 best=124.8252 T=4.505
[c1] iter=8850 elapsed=111.4min DP_ok=1298 DP_fail=7552 accepted=1231 state=129.2289 best=126.7281 T=4.180
[c4] iter=6700 elapsed=112.6min DP_ok=974 DP_fail=5726 accepted=884 state=129.2289 best=126.7281 T=4.915
[c4] iter=6750 elapsed=113.4min DP_ok=983 DP_fail=5767 accepted=893 state=128.0255 best=126.7281 T=4.893
[c5] iter=7100 elapsed=114.1min DP_ok=955 DP_fail=6145 accepted=885 state=128.1791 best=124.7283 T=4.962
[c2] iter=7700 elapsed=114.2min DP_ok=1107 DP_fail=6593 accepted=1039 state=144.6283 best=126.0753 T=4.599
[c0] iter=7700 elapsed=115.2min DP_ok=1073 DP_fail=6627 accepted=898 state=134.2274 best=116.3755 T=4.678
[c1] iter=9250 elapsed=116.6min DP_ok=1354 DP_fail=7896 accepted=1284 state=128.8789 best=126.7281 T=4.064
[c2] iter=8000 elapsed=118.5min DP_ok=1150 DP_fail=6850 accepted=1081 state=145.9283 best=126.0753 T=4.501
[c2] iter=8050 elapsed=119.1min DP_ok=1157 DP_fail=6893 accepted=1088 state=144.6283 best=126.0753 T=4.485
[c0] iter=8050 elapsed=120.1min DP_ok=1133 DP_fail=6917 accepted=939 state=135.4289 best=116.3755 T=4.539
[c0] iter=8150 elapsed=121.4min DP_ok=1146 DP_fail=7004 accepted=950 state=134.5258 best=116.3755 T=4.510
[c5] iter=7800 elapsed=124.7min DP_ok=1046 DP_fail=6754 accepted=969 state=131.0299 best=124.7283 T=4.741
[c2] iter=8450 elapsed=125.1min DP_ok=1206 DP_fail=7244 accepted=1135 state=144.4256 best=126.0753 T=4.377
[c1] iter=9950 elapsed=125.8min DP_ok=1435 DP_fail=8515 accepted=1358 state=128.0255 best=126.7281 T=3.903
[c2] iter=8500 elapsed=125.9min DP_ok=1211 DP_fail=7289 accepted=1139 state=142.1264 best=126.0753 T=4.366
[c3] iter=8200 elapsed=125.9min DP_ok=1278 DP_fail=6922 accepted=1222 state=128.0255 best=123.1752 T=4.222
[c4] iter=7650 elapsed=126.6min DP_ok=1112 DP_fail=6538 accepted=1010 state=129.7289 best=124.7283 T=4.587
[c4] iter=7800 elapsed=128.7min DP_ok=1126 DP_fail=6674 accepted=1024 state=131.2783 best=124.7283 T=4.555
[c5] iter=8100 elapsed=129.2min DP_ok=1088 DP_fail=7012 accepted=1008 state=130.1797 best=124.7283 T=4.643
[c2] iter=8700 elapsed=129.4min DP_ok=1248 DP_fail=7452 accepted=1172 state=138.6783 best=126.0753 T=4.286
[c4] iter=7850 elapsed=129.4min DP_ok=1133 DP_fail=6717 accepted=1031 state=133.7288 best=124.7283 T=4.539
[c1] iter=10450 elapsed=132.4min DP_ok=1507 DP_fail=8943 accepted=1425 state=129.1289 best=126.7281 T=3.765
[c0] iter=9100 elapsed=135.7min DP_ok=1255 DP_fail=7845 accepted=1045 state=136.6264 best=116.3755 T=4.271
[c2] iter=9250 elapsed=137.3min DP_ok=1311 DP_fail=7939 accepted=1232 state=138.5263 best=126.0753 T=4.153
[c5] iter=8750 elapsed=139.0min DP_ok=1178 DP_fail=7572 accepted=1095 state=127.8291 best=124.7283 T=4.438
[c1] iter=11000 elapsed=139.2min DP_ok=1585 DP_fail=9415 accepted=1494 state=130.0255 best=126.7281 T=3.621
[c3] iter=9100 elapsed=139.7min DP_ok=1420 DP_fail=7680 accepted=1356 state=128.0791 best=123.1752 T=3.932
[c5] iter=8800 elapsed=139.7min DP_ok=1183 DP_fail=7617 accepted=1100 state=127.7755 best=124.7283 T=4.427
[c0] iter=9500 elapsed=141.3min DP_ok=1305 DP_fail=8195 accepted=1088 state=135.4289 best=116.3755 T=4.165
[c1] iter=11350 elapsed=144.1min DP_ok=1638 DP_fail=9712 accepted=1545 state=131.0299 best=126.7281 T=3.526
[c5] iter=9150 elapsed=145.0min DP_ok=1227 DP_fail=7923 accepted=1143 state=129.7755 best=124.7283 T=4.331
[c1] iter=11500 elapsed=146.1min DP_ok=1667 DP_fail=9833 accepted=1572 state=130.1797 best=126.7281 T=3.475
[c4] iter=9200 elapsed=148.6min DP_ok=1330 DP_fail=7870 accepted=1219 state=134.4763 best=124.7283 T=4.114
[c2] iter=10050 elapsed=149.2min DP_ok=1422 DP_fail=8628 accepted=1335 state=142.2785 best=126.0753 T=3.929
[c4] iter=9300 elapsed=150.0min DP_ok=1344 DP_fail=7956 accepted=1233 state=136.8791 best=124.7283 T=4.085
[c3] iter=9800 elapsed=150.3min DP_ok=1509 DP_fail=8291 accepted=1439 state=137.3264 best=123.1752 T=3.761
[c3] iter=9850 elapsed=151.1min DP_ok=1517 DP_fail=8333 accepted=1446 state=134.6291 best=123.1752 T=3.746
[c1] iter=12050 elapsed=153.3min DP_ok=1745 DP_fail=10305 accepted=1643 state=130.0255 best=126.7281 T=3.343
[c5] iter=9800 elapsed=153.8min DP_ok=1303 DP_fail=8497 accepted=1211 state=129.3783 best=124.7283 T=4.169
[c3] iter=10050 elapsed=154.1min DP_ok=1538 DP_fail=8512 accepted=1463 state=134.2758 best=123.1752 T=3.707
[c0] iter=10450 elapsed=154.2min DP_ok=1423 DP_fail=9027 accepted=1172 state=127.7755 best=116.3755 T=3.927
[c5] iter=9900 elapsed=155.3min DP_ok=1316 DP_fail=8584 accepted=1223 state=130.8755 best=124.7283 T=4.142
[c1] iter=12250 elapsed=155.7min DP_ok=1762 DP_fail=10488 accepted=1660 state=130.0255 best=126.7281 T=3.314
[c1] iter=12300 elapsed=156.2min DP_ok=1771 DP_fail=10529 accepted=1669 state=130.0255 best=126.7281 T=3.299
[c0] iter=10700 elapsed=157.3min DP_ok=1453 DP_fail=9247 accepted=1191 state=128.7255 best=116.3755 T=3.868
[c4] iter=9850 elapsed=158.1min DP_ok=1415 DP_fail=8435 accepted=1300 state=133.6785 best=124.7283 T=3.942
[c1] iter=12450 elapsed=158.4min DP_ok=1797 DP_fail=10653 accepted=1693 state=131.0299 best=126.7281 T=3.257
[c3] iter=10350 elapsed=158.9min DP_ok=1584 DP_fail=8766 accepted=1506 state=138.1280 best=123.1752 T=3.623
[c0] iter=10800 elapsed=159.1min DP_ok=1478 DP_fail=9322 accepted=1208 state=129.3783 best=116.3755 T=3.820
[c2] iter=10700 elapsed=160.2min DP_ok=1532 DP_fail=9168 accepted=1432 state=138.4269 best=126.0753 T=3.718
[c1] iter=12600 elapsed=160.3min DP_ok=1821 DP_fail=10779 accepted=1711 state=130.1797 best=126.7281 T=3.218
[c1] iter=12650 elapsed=160.9min DP_ok=1831 DP_fail=10819 accepted=1720 state=133.5758 best=126.7281 T=3.202
[c1] iter=12700 elapsed=161.6min DP_ok=1839 DP_fail=10861 accepted=1728 state=129.8256 best=126.7281 T=3.189
[c0] iter=11100 elapsed=163.4min DP_ok=1526 DP_fail=9574 accepted=1241 state=131.0791 best=116.3755 T=3.729
[c1] iter=12950 elapsed=164.4min DP_ok=1870 DP_fail=11080 accepted=1757 state=129.5755 best=126.7281 T=3.140
[c3] iter=10750 elapsed=165.3min DP_ok=1643 DP_fail=9107 accepted=1563 state=137.4263 best=123.1752 T=3.517
[c3] iter=10800 elapsed=166.2min DP_ok=1652 DP_fail=9148 accepted=1571 state=137.4263 best=123.1752 T=3.502
[c0] iter=11350 elapsed=166.6min DP_ok=1553 DP_fail=9797 accepted=1260 state=127.8755 best=116.3755 T=3.679
[c5] iter=10650 elapsed=166.6min DP_ok=1432 DP_fail=9218 accepted=1333 state=136.5780 best=124.7283 T=3.909
[c4] iter=10450 elapsed=167.4min DP_ok=1513 DP_fail=8937 accepted=1395 state=134.6283 best=124.7283 T=3.754
[c2] iter=11150 elapsed=167.7min DP_ok=1587 DP_fail=9563 accepted=1481 state=136.3763 best=126.0753 T=3.617
[c1] iter=13250 elapsed=168.3min DP_ok=1922 DP_fail=11328 accepted=1803 state=130.1797 best=126.7281 T=3.059
[c3] iter=11100 elapsed=170.8min DP_ok=1693 DP_fail=9407 accepted=1610 state=139.3783 best=123.1752 T=3.431
[c5] iter=10950 elapsed=171.1min DP_ok=1477 DP_fail=9473 accepted=1372 state=136.6263 best=124.7283 T=3.822
[c3] iter=11150 elapsed=171.7min DP_ok=1700 DP_fail=9450 accepted=1617 state=138.6783 best=123.1752 T=3.419
[c5] iter=11100 elapsed=173.4min DP_ok=1497 DP_fail=9603 accepted=1392 state=136.8791 best=124.7283 T=3.784
[c4] iter=10900 elapsed=174.1min DP_ok=1567 DP_fail=9333 accepted=1444 state=129.9791 best=124.7283 T=3.654
[c4] iter=10950 elapsed=175.0min DP_ok=1580 DP_fail=9370 accepted=1457 state=129.9791 best=124.7283 T=3.630
[c5] iter=11250 elapsed=176.0min DP_ok=1512 DP_fail=9738 accepted=1406 state=137.1283 best=124.7283 T=3.756
[c4] iter=11200 elapsed=178.2min DP_ok=1606 DP_fail=9594 accepted=1482 state=128.9755 best=124.7283 T=3.583
[c0] iter=12200 elapsed=178.7min DP_ok=1674 DP_fail=10526 accepted=1358 state=126.7753 best=116.3755 T=3.463
[c4] iter=11250 elapsed=178.9min DP_ok=1614 DP_fail=9636 accepted=1488 state=128.7255 best=124.7283 T=3.569
[c2] iter=12000 elapsed=181.9min DP_ok=1703 DP_fail=10297 accepted=1591 state=137.4769 best=126.0753 T=3.413
[c2] iter=12050 elapsed=182.8min DP_ok=1711 DP_fail=10339 accepted=1598 state=137.4769 best=126.0753 T=3.400
[c1] iter=14500 elapsed=184.5min DP_ok=2106 DP_fail=12394 accepted=1968 state=139.1772 best=126.7281 T=2.790
[c0] iter=12550 elapsed=184.5min DP_ok=1741 DP_fail=10809 accepted=1412 state=123.1288 best=116.3755 T=3.349
[c4] iter=11650 elapsed=185.7min DP_ok=1678 DP_fail=9972 accepted=1546 state=127.0255 best=124.7283 T=3.456
[c3] iter=12100 elapsed=186.7min DP_ok=1853 DP_fail=10247 accepted=1757 state=131.8791 best=123.1752 T=3.167
[c2] iter=12300 elapsed=187.3min DP_ok=1742 DP_fail=10558 accepted=1628 state=134.3263 best=126.0753 T=3.348
[c1] iter=14800 elapsed=188.4min DP_ok=2150 DP_fail=12650 accepted=2009 state=137.3263 best=126.7281 T=2.730
[c1] iter=14850 elapsed=189.1min DP_ok=2158 DP_fail=12692 accepted=2017 state=137.5781 best=126.7281 T=2.719
[c3] iter=12300 elapsed=189.3min DP_ok=1889 DP_fail=10411 accepted=1792 state=134.0299 best=123.1752 T=3.110
[c1] iter=14900 elapsed=189.6min DP_ok=2164 DP_fail=12736 accepted=2023 state=136.5269 best=126.7281 T=2.711
[c5] iter=12250 elapsed=191.4min DP_ok=1642 DP_fail=10608 accepted=1527 state=136.6263 best=124.7283 T=3.519
[c1] iter=15050 elapsed=191.9min DP_ok=2183 DP_fail=12867 accepted=2042 state=138.7264 best=126.7281 T=2.685
[c5] iter=12300 elapsed=192.2min DP_ok=1649 DP_fail=10651 accepted=1534 state=133.8258 best=124.7283 T=3.507
[c4] iter=12100 elapsed=192.3min DP_ok=1729 DP_fail=10371 accepted=1595 state=127.8283 best=124.7283 T=3.369
[c5] iter=12350 elapsed=193.0min DP_ok=1653 DP_fail=10697 accepted=1536 state=134.2297 best=124.7283 T=3.500
[c4] iter=12150 elapsed=193.2min DP_ok=1735 DP_fail=10415 accepted=1601 state=127.8283 best=124.7283 T=3.359
[c3] iter=12600 elapsed=194.1min DP_ok=1934 DP_fail=10666 accepted=1834 state=136.5780 best=123.1752 T=3.041
[c2] iter=12800 elapsed=195.6min DP_ok=1805 DP_fail=10995 accepted=1688 state=134.9274 best=126.0753 T=3.244
[c3] iter=12700 elapsed=195.7min DP_ok=1944 DP_fail=10756 accepted=1843 state=136.5780 best=123.1752 T=3.026
[c2] iter=12900 elapsed=197.1min DP_ok=1820 DP_fail=11080 accepted=1702 state=131.6256 best=126.0753 T=3.219
[c2] iter=13050 elapsed=199.4min DP_ok=1844 DP_fail=11206 accepted=1720 state=133.2756 best=126.0753 T=3.181
[c3] iter=12950 elapsed=199.9min DP_ok=1980 DP_fail=10970 accepted=1875 state=125.7781 best=123.1752 T=2.972
[c2] iter=13100 elapsed=200.4min DP_ok=1856 DP_fail=11244 accepted=1729 state=133.2756 best=126.0753 T=3.162
[c2] iter=13150 elapsed=201.3min DP_ok=1863 DP_fail=11287 accepted=1734 state=136.5269 best=126.0753 T=3.151
[c1] iter=15950 elapsed=202.6min DP_ok=2315 DP_fail=13635 accepted=2171 state=133.0281 best=126.7281 T=2.513
[c5] iter=13050 elapsed=203.0min DP_ok=1753 DP_fail=11297 accepted=1627 state=142.4783 best=124.7283 T=3.329
[c5] iter=13150 elapsed=204.5min DP_ok=1770 DP_fail=11380 accepted=1642 state=139.7785 best=124.7283 T=3.301
[c1] iter=16150 elapsed=205.1min DP_ok=2344 DP_fail=13806 accepted=2197 state=132.2283 best=126.7281 T=2.477
[c5] iter=13250 elapsed=205.8min DP_ok=1782 DP_fail=11468 accepted=1652 state=134.4789 best=124.7283 T=3.281
[c5] iter=13300 elapsed=206.6min DP_ok=1788 DP_fail=11512 accepted=1657 state=134.2283 best=124.7283 T=3.271
[c4] iter=13100 elapsed=206.8min DP_ok=1856 DP_fail=11244 accepted=1713 state=128.8789 best=124.7283 T=3.162
[c2] iter=13550 elapsed=206.9min DP_ok=1904 DP_fail=11646 accepted=1769 state=135.2258 best=126.0753 T=3.087
[c3] iter=13400 elapsed=207.8min DP_ok=2061 DP_fail=11339 accepted=1953 state=131.8756 best=123.1752 T=2.854
[c0] iter=14000 elapsed=208.2min DP_ok=1956 DP_fail=12044 accepted=1612 state=123.5283 best=116.3755 T=3.008
[c5] iter=13450 elapsed=208.7min DP_ok=1811 DP_fail=11639 accepted=1678 state=135.2258 best=124.7283 T=3.234
[c4] iter=13300 elapsed=209.7min DP_ok=1896 DP_fail=11404 accepted=1745 state=130.8755 best=124.7283 T=3.099
[c1] iter=16600 elapsed=210.6min DP_ok=2409 DP_fail=14191 accepted=2258 state=132.3283 best=126.7281 T=2.398
[c5] iter=13700 elapsed=211.7min DP_ok=1845 DP_fail=11855 accepted=1708 state=135.4263 best=124.7283 T=3.179
[c1] iter=16700 elapsed=211.9min DP_ok=2425 DP_fail=14275 accepted=2269 state=132.4799 best=126.7281 T=2.379
[c0] iter=14250 elapsed=212.9min DP_ok=1992 DP_fail=12258 accepted=1643 state=121.4755 best=116.3755 T=2.954
[c5] iter=13950 elapsed=214.9min DP_ok=1879 DP_fail=12071 accepted=1740 state=134.6291 best=124.7283 T=3.126
[c1] iter=16950 elapsed=215.2min DP_ok=2457 DP_fail=14493 accepted=2297 state=132.3256 best=126.7281 T=2.341
[c3] iter=13850 elapsed=215.5min DP_ok=2122 DP_fail=11728 accepted=2006 state=130.1755 best=123.1752 T=2.768
[c2] iter=14250 elapsed=217.4min DP_ok=2010 DP_fail=12240 accepted=1866 state=138.3763 best=126.0753 T=2.928
[c5] iter=14250 elapsed=218.7min DP_ok=1920 DP_fail=12330 accepted=1780 state=134.2283 best=124.7283 T=3.062
[c5] iter=14300 elapsed=219.5min DP_ok=1929 DP_fail=12371 accepted=1789 state=134.6291 best=124.7283 T=3.049
[c1] iter=17300 elapsed=219.7min DP_ok=2517 DP_fail=14783 accepted=2356 state=128.1791 best=126.7281 T=2.272
[c3] iter=14100 elapsed=219.9min DP_ok=2169 DP_fail=11931 accepted=2043 state=127.5255 best=123.1752 T=2.704
[c1] iter=17450 elapsed=221.4min DP_ok=2534 DP_fail=14916 accepted=2371 state=127.3289 best=126.7281 T=2.253
[c4] iter=14100 elapsed=221.5min DP_ok=2017 DP_fail=12083 accepted=1854 state=126.7753 best=124.7283 T=2.917
[c2] iter=14550 elapsed=222.0min DP_ok=2049 DP_fail=12501 accepted=1903 state=138.6783 best=126.0753 T=2.871
[c1] iter=17550 elapsed=222.8min DP_ok=2550 DP_fail=15000 accepted=2382 state=127.0755 best=125.7781 T=2.235
[c0] iter=14950 elapsed=223.0min DP_ok=2089 DP_fail=12861 accepted=1722 state=123.5283 best=116.3755 T=2.814
[c2] iter=14650 elapsed=224.0min DP_ok=2068 DP_fail=12582 accepted=1918 state=138.7781 best=126.0753 T=2.844
[c3] iter=14350 elapsed=224.4min DP_ok=2220 DP_fail=12130 accepted=2086 state=127.2291 best=123.1752 T=2.636
[c2] iter=14700 elapsed=224.8min DP_ok=2073 DP_fail=12627 accepted=1923 state=138.3764 best=126.0753 T=2.837
[c1] iter=17750 elapsed=225.3min DP_ok=2591 DP_fail=15159 accepted=2419 state=128.0791 best=125.7781 T=2.189
[c0] iter=15100 elapsed=225.6min DP_ok=2113 DP_fail=12987 accepted=1743 state=123.1288 best=116.3755 T=2.781
[c1] iter=17950 elapsed=227.4min DP_ok=2616 DP_fail=15334 accepted=2443 state=127.5255 best=125.7781 T=2.162
[c2] iter=14900 elapsed=227.7min DP_ok=2097 DP_fail=12803 accepted=1945 state=138.3764 best=126.0753 T=2.803
[c0] iter=15250 elapsed=228.3min DP_ok=2138 DP_fail=13112 accepted=1765 state=123.7783 best=116.3755 T=2.746
[c3] iter=14600 elapsed=228.8min DP_ok=2256 DP_fail=12344 accepted=2117 state=130.3291 best=123.1752 T=2.589
[c5] iter=15000 elapsed=229.0min DP_ok=2052 DP_fail=12948 accepted=1902 state=136.1783 best=124.7283 T=2.867
[c4] iter=14650 elapsed=229.1min DP_ok=2074 DP_fail=12576 accepted=1907 state=128.9755 best=124.7283 T=2.835
[c0] iter=15300 elapsed=229.2min DP_ok=2148 DP_fail=13152 accepted=1775 state=122.9252 best=116.3755 T=2.732
[c2] iter=15050 elapsed=230.5min DP_ok=2113 DP_fail=12937 accepted=1960 state=138.3764 best=126.0753 T=2.781
[c3] iter=14700 elapsed=230.5min DP_ok=2268 DP_fail=12432 accepted=2127 state=128.0255 best=123.1752 T=2.573
[c2] iter=15100 elapsed=231.2min DP_ok=2118 DP_fail=12982 accepted=1964 state=137.4783 best=126.0753 T=2.774
[c4] iter=14800 elapsed=231.3min DP_ok=2097 DP_fail=12703 accepted=1927 state=128.9755 best=124.7283 T=2.803
[c5] iter=15200 elapsed=231.6min DP_ok=2078 DP_fail=13122 accepted=1926 state=137.1780 best=124.7283 T=2.830
[c3] iter=14800 elapsed=232.2min DP_ok=2285 DP_fail=12515 accepted=2143 state=127.5255 best=123.1752 T=2.551
[c5] iter=15250 elapsed=232.4min DP_ok=2087 DP_fail=13163 accepted=1935 state=136.1783 best=124.7283 T=2.817
[c4] iter=14900 elapsed=232.9min DP_ok=2112 DP_fail=12788 accepted=1941 state=130.1797 best=124.7283 T=2.782
[c0] iter=15550 elapsed=233.3min DP_ok=2187 DP_fail=13363 accepted=1803 state=138.1280 best=116.3755 T=2.680
[c1] iter=18400 elapsed=234.0min DP_ok=2689 DP_fail=15711 accepted=2512 state=127.5255 best=125.7781 T=2.085
[c2] iter=15300 elapsed=234.2min DP_ok=2148 DP_fail=13152 accepted=1992 state=139.6772 best=126.0753 T=2.732
[c1] iter=18650 elapsed=237.5min DP_ok=2722 DP_fail=15928 accepted=2540 state=127.8283 best=125.7781 T=2.051
[c4] iter=15250 elapsed=237.9min DP_ok=2168 DP_fail=13082 accepted=1986 state=129.3783 best=124.7283 T=2.705
[c1] iter=18900 elapsed=240.7min DP_ok=2758 DP_fail=16142 accepted=2572 state=127.3289 best=125.7781 T=2.014
[c0] iter=16050 elapsed=241.0min DP_ok=2259 DP_fail=13791 accepted=1859 state=136.3783 best=116.3755 T=2.585
[c0] iter=16200 elapsed=243.5min DP_ok=2279 DP_fail=13921 accepted=1876 state=136.5299 best=116.3755 T=2.559
[c3] iter=15500 elapsed=244.7min DP_ok=2382 DP_fail=13118 accepted=2233 state=128.5297 best=123.1752 T=2.431
[c4] iter=15700 elapsed=244.9min DP_ok=2235 DP_fail=13465 accepted=2046 state=126.7753 best=124.7283 T=2.616
[c5] iter=16350 elapsed=246.2min DP_ok=2242 DP_fail=14108 accepted=2080 state=137.1283 best=124.7283 T=2.607
[c4] iter=16000 elapsed=249.3min DP_ok=2278 DP_fail=13722 accepted=2085 state=133.2756 best=124.7283 T=2.560
[c2] iter=16450 elapsed=251.0min DP_ok=2323 DP_fail=14127 accepted=2147 state=139.8769 best=126.0753 T=2.503
[c3] iter=15950 elapsed=253.5min DP_ok=2460 DP_fail=13490 accepted=2292 state=127.2291 best=123.1752 T=2.338
[c1] iter=19950 elapsed=255.5min DP_ok=2927 DP_fail=17023 accepted=2713 state=127.4791 best=125.7781 T=1.851
[c5] iter=17200 elapsed=257.3min DP_ok=2361 DP_fail=14839 accepted=2195 state=133.0281 best=124.7283 T=2.456
[c5] iter=17250 elapsed=257.9min DP_ok=2366 DP_fail=14884 accepted=2199 state=132.4791 best=124.7283 T=2.450
[c1] iter=20200 elapsed=258.6min DP_ok=2959 DP_fail=17241 accepted=2739 state=127.5255 best=125.7781 T=1.821
[c3] iter=16250 elapsed=258.6min DP_ok=2510 DP_fail=13740 accepted=2336 state=128.2755 best=123.1752 T=2.280
[c2] iter=17050 elapsed=261.5min DP_ok=2412 DP_fail=14638 accepted=2230 state=142.1283 best=126.0753 T=2.394
[c1] iter=20450 elapsed=261.7min DP_ok=3001 DP_fail=17449 accepted=2778 state=127.0755 best=125.7781 T=1.783
[c5] iter=17500 elapsed=261.8min DP_ok=2406 DP_fail=15094 accepted=2233 state=127.2291 best=124.7283 T=2.402
[c1] iter=20950 elapsed=268.6min DP_ok=3066 DP_fail=17884 accepted=2835 state=126.2783 best=125.7781 T=1.726
[c3] iter=16850 elapsed=268.8min DP_ok=2590 DP_fail=14260 accepted=2408 state=127.2291 best=123.1752 T=2.190
[c4] iter=17350 elapsed=269.5min DP_ok=2465 DP_fail=14885 accepted=2254 state=141.0777 best=124.7283 T=2.332
[c0] iter=18050 elapsed=271.7min DP_ok=2532 DP_fail=15518 accepted=2091 state=129.1291 best=116.3755 T=2.255
[c1] iter=21250 elapsed=272.5min DP_ok=3113 DP_fail=18137 accepted=2877 state=128.2755 best=125.7781 T=1.686
[c4] iter=17650 elapsed=274.3min DP_ok=2504 DP_fail=15146 accepted=2288 state=140.8764 best=124.7283 T=2.287
[c5] iter=18450 elapsed=275.6min DP_ok=2541 DP_fail=15909 accepted=2360 state=130.8797 best=124.7283 T=2.245
[c1] iter=21550 elapsed=276.4min DP_ok=3157 DP_fail=18393 accepted=2918 state=125.7781 best=125.7781 T=1.650
[c5] iter=18600 elapsed=277.5min DP_ok=2560 DP_fail=16040 accepted=2377 state=129.0755 best=124.7283 T=2.224
[c1] iter=21700 elapsed=278.3min DP_ok=3176 DP_fail=18524 accepted=2934 state=127.2291 best=125.7781 T=1.634
[c4] iter=17950 elapsed=278.8min DP_ok=2548 DP_fail=15402 accepted=2327 state=141.6288 best=124.7283 T=2.237
[c5] iter=18800 elapsed=280.8min DP_ok=2595 DP_fail=16205 accepted=2404 state=130.1789 best=124.7283 T=2.185
[c4] iter=18150 elapsed=282.1min DP_ok=2583 DP_fail=15567 accepted=2361 state=141.6288 best=124.7283 T=2.198
[c2] iter=18400 elapsed=283.4min DP_ok=2603 DP_fail=15797 accepted=2412 state=143.2264 best=126.0753 T=2.176
[c2] iter=18450 elapsed=284.3min DP_ok=2613 DP_fail=15837 accepted=2422 state=141.2288 best=126.0753 T=2.165
[c4] iter=18400 elapsed=285.7min DP_ok=2624 DP_fail=15776 accepted=2396 state=141.6288 best=124.7283 T=2.154
[c2] iter=18550 elapsed=286.0min DP_ok=2629 DP_fail=15921 accepted=2438 state=141.2288 best=126.0753 T=2.148
[c2] iter=18600 elapsed=286.8min DP_ok=2636 DP_fail=15964 accepted=2445 state=141.2288 best=126.0753 T=2.141
[c2] iter=18750 elapsed=289.6min DP_ok=2664 DP_fail=16086 accepted=2473 state=140.8269 best=126.0753 T=2.111
[c3] iter=18000 elapsed=290.3min DP_ok=2779 DP_fail=15221 accepted=2558 state=131.2791 best=123.1752 T=1.993
[c3] iter=18050 elapsed=291.2min DP_ok=2787 DP_fail=15263 accepted=2565 state=130.1789 best=123.1752 T=1.985
[c3] iter=18100 elapsed=292.2min DP_ok=2795 DP_fail=15305 accepted=2572 state=129.2255 best=123.1752 T=1.977
[c4] iter=18850 elapsed=292.7min DP_ok=2683 DP_fail=16167 accepted=2449 state=132.4791 best=124.7283 T=2.091
[c2] iter=19100 elapsed=295.3min DP_ok=2714 DP_fail=16386 accepted=2521 state=137.5789 best=126.0753 T=2.059
[c0] iter=19700 elapsed=296.9min DP_ok=2775 DP_fail=16925 accepted=2304 state=127.2283 best=116.3755 T=1.997
[c4] iter=19250 elapsed=298.9min DP_ok=2746 DP_fail=16504 accepted=2506 state=135.5783 best=124.7283 T=2.026
[c1] iter=23300 elapsed=299.1min DP_ok=3374 DP_fail=19926 accepted=3104 state=127.0755 best=125.7781 T=1.480
[c3] iter=18500 elapsed=299.4min DP_ok=2848 DP_fail=15652 accepted=2617 state=129.1291 best=123.1752 T=1.925
[c5] iter=20250 elapsed=301.1min DP_ok=2845 DP_fail=17405 accepted=2633 state=133.9788 best=124.7283 T=1.928
[c5] iter=20300 elapsed=301.9min DP_ok=2852 DP_fail=17448 accepted=2639 state=131.0289 best=124.7283 T=1.921
[c3] iter=18800 elapsed=304.5min DP_ok=2895 DP_fail=15905 accepted=2650 state=129.1755 best=123.1752 T=1.881
[c1] iter=23850 elapsed=305.8min DP_ok=3452 DP_fail=20398 accepted=3169 state=128.5297 best=125.7781 T=1.423
[c3] iter=18900 elapsed=306.3min DP_ok=2907 DP_fail=15993 accepted=2660 state=130.4256 best=123.1752 T=1.869
[c0] iter=20300 elapsed=306.8min DP_ok=2857 DP_fail=17443 accepted=2376 state=127.0755 best=116.3755 T=1.917
[c2] iter=19900 elapsed=307.2min DP_ok=2824 DP_fail=17076 accepted=2621 state=133.7789 best=126.0753 T=1.949
[c1] iter=24000 elapsed=307.8min DP_ok=3474 DP_fail=20526 accepted=3186 state=126.0753 best=125.7781 T=1.408
[c4] iter=19850 elapsed=308.8min DP_ok=2841 DP_fail=17009 accepted=2591 state=142.0263 best=124.7283 T=1.932
[c1] iter=24200 elapsed=310.3min DP_ok=3507 DP_fail=20693 accepted=3211 state=127.4791 best=125.7781 T=1.385
[c3] iter=19150 elapsed=310.5min DP_ok=2944 DP_fail=16206 accepted=2687 state=132.0291 best=123.1752 T=1.835
[c4] iter=20000 elapsed=311.2min DP_ok=2864 DP_fail=17136 accepted=2610 state=142.6269 best=124.7283 T=1.910
[c4] iter=20100 elapsed=312.7min DP_ok=2877 DP_fail=17223 accepted=2622 state=140.9269 best=124.7283 T=1.898
[c3] iter=19300 elapsed=313.0min DP_ok=2973 DP_fail=16327 accepted=2712 state=130.4256 best=123.1752 T=1.809
[c1] iter=24400 elapsed=313.0min DP_ok=3545 DP_fail=20855 accepted=3244 state=128.2755 best=125.7781 T=1.359
[c4] iter=20250 elapsed=314.8min DP_ok=2899 DP_fail=17351 accepted=2641 state=138.1280 best=124.7283 T=1.877
[c0] iter=20800 elapsed=314.8min DP_ok=2930 DP_fail=17870 accepted=2440 state=127.8755 best=116.3755 T=1.848
[c0] iter=21250 elapsed=321.7min DP_ok=2995 DP_fail=18255 accepted=2498 state=129.3783 best=116.3755 T=1.789
[c1] iter=25100 elapsed=322.3min DP_ok=3638 DP_fail=21462 accepted=3321 state=125.7781 best=125.7781 T=1.297
[c0] iter=21350 elapsed=323.0min DP_ok=3009 DP_fail=18341 accepted=2509 state=131.3756 best=116.3755 T=1.776
[c1] iter=25300 elapsed=324.9min DP_ok=3663 DP_fail=21637 accepted=3343 state=126.4255 best=125.7781 T=1.281
[c0] iter=21550 elapsed=326.2min DP_ok=3045 DP_fail=18505 accepted=2539 state=129.3783 best=116.3755 T=1.745
[c4] iter=21000 elapsed=326.4min DP_ok=3014 DP_fail=17986 accepted=2733 state=135.6783 best=124.7283 T=1.772
[c5] iter=22100 elapsed=327.0min DP_ok=3099 DP_fail=19001 accepted=2850 state=132.2283 best=124.7283 T=1.698
[c1] iter=25600 elapsed=328.2min DP_ok=3697 DP_fail=21903 accepted=3376 state=125.1781 best=125.0752 T=1.259
[c2] iter=21400 elapsed=328.6min DP_ok=3020 DP_fail=18380 accepted=2800 state=126.9791 best=123.7250 T=1.767
[c0] iter=21700 elapsed=329.0min DP_ok=3072 DP_fail=18628 accepted=2560 state=130.1797 best=116.3755 T=1.721
[c4] iter=21150 elapsed=329.4min DP_ok=3041 DP_fail=18109 accepted=2755 state=136.5780 best=124.7283 T=1.748
[c2] iter=21500 elapsed=330.3min DP_ok=3034 DP_fail=18466 accepted=2811 state=124.7283 best=123.7250 T=1.754
[c1] iter=25950 elapsed=332.9min DP_ok=3759 DP_fail=22191 accepted=3429 state=125.9283 best=125.0752 T=1.221
[c0] iter=21950 elapsed=333.0min DP_ok=3102 DP_fail=18848 accepted=2585 state=131.6256 best=116.3755 T=1.696
[c2] iter=21700 elapsed=333.0min DP_ok=3062 DP_fail=18638 accepted=2837 state=123.1288 best=121.7274 T=1.730
[c2] iter=21800 elapsed=334.4min DP_ok=3073 DP_fail=18727 accepted=2846 state=123.1288 best=121.7274 T=1.720
[c3] iter=20650 elapsed=335.3min DP_ok=3165 DP_fail=17485 accepted=2858 state=125.7781 best=123.1752 T=1.643
[c4] iter=21550 elapsed=336.1min DP_ok=3094 DP_fail=18456 accepted=2799 state=136.1758 best=124.7283 T=1.702
[c5] iter=23000 elapsed=338.4min DP_ok=3209 DP_fail=19791 accepted=2942 state=131.8756 best=124.7283 T=1.607
[c3] iter=20850 elapsed=338.5min DP_ok=3191 DP_fail=17659 accepted=2875 state=133.8258 best=123.1752 T=1.622
[c1] iter=26500 elapsed=339.6min DP_ok=3841 DP_fail=22659 accepted=3500 state=127.0755 best=125.0752 T=1.172
[c5] iter=23100 elapsed=339.9min DP_ok=3222 DP_fail=19878 accepted=2952 state=132.2256 best=124.7283 T=1.597
[c1] iter=26550 elapsed=340.4min DP_ok=3851 DP_fail=22699 accepted=3510 state=126.0753 best=125.0752 T=1.166
[c0] iter=22600 elapsed=343.0min DP_ok=3204 DP_fail=19396 accepted=2673 state=125.5281 best=116.3755 T=1.611
[c4] iter=22050 elapsed=344.3min DP_ok=3164 DP_fail=18886 accepted=2854 state=128.9755 best=124.7283 T=1.644
[c2] iter=22500 elapsed=345.2min DP_ok=3176 DP_fail=19324 accepted=2931 state=123.5283 best=121.7274 T=1.634
[c4] iter=22200 elapsed=346.8min DP_ok=3183 DP_fail=19017 accepted=2871 state=129.3783 best=124.7283 T=1.628
[c5] iter=23700 elapsed=347.6min DP_ok=3303 DP_fail=20397 accepted=3016 state=125.6783 best=124.7283 T=1.533
[c5] iter=23900 elapsed=349.9min DP_ok=3335 DP_fail=20565 accepted=3044 state=127.0255 best=124.7283 T=1.509
[c0] iter=23150 elapsed=351.7min DP_ok=3273 DP_fail=19877 accepted=2737 state=121.7274 best=116.3755 T=1.557
[c5] iter=24150 elapsed=353.7min DP_ok=3373 DP_fail=20777 accepted=3073 state=128.2755 best=124.7283 T=1.481
[c3] iter=21850 elapsed=355.2min DP_ok=3353 DP_fail=18497 accepted=3000 state=127.3289 best=123.1752 T=1.496
[c4] iter=22900 elapsed=356.8min DP_ok=3264 DP_fail=19636 accepted=2937 state=131.3756 best=124.7283 T=1.564
[c1] iter=27950 elapsed=358.0min DP_ok=4059 DP_fail=23891 accepted=3682 state=125.0783 best=125.0752 T=1.051
[c0] iter=23550 elapsed=358.0min DP_ok=3333 DP_fail=20217 accepted=2792 state=122.5783 best=116.3755 T=1.511
[c4] iter=23000 elapsed=358.4min DP_ok=3280 DP_fail=19720 accepted=2951 state=131.6256 best=124.7283 T=1.551
[c3] iter=22050 elapsed=358.5min DP_ok=3392 DP_fail=18658 accepted=3032 state=135.4297 best=123.1752 T=1.467
[c5] iter=24500 elapsed=358.7min DP_ok=3423 DP_fail=21077 accepted=3118 state=127.2283 best=124.7283 T=1.444
[c5] reseeded from global mk=116.3755
[c1] reseeded from global mk=116.3755
[c3] reseeded from global mk=116.3755
[c0] reseeded from global mk=116.3755
[c2] reseeded from global mk=116.3755
[c4] reseeded from global mk=116.3755
[c3] iter=22200 elapsed=361.1min DP_ok=3412 DP_fail=18788 accepted=3046 state=118.5255 best=116.3755 T=7.964
[c1] iter=28200 elapsed=361.4min DP_ok=4089 DP_fail=24111 accepted=3703 state=118.9255 best=116.6272 T=7.960
[c5] iter=24700 elapsed=361.5min DP_ok=3451 DP_fail=21249 accepted=3144 state=118.9255 best=116.3755 T=7.932
[c0] iter=23850 elapsed=362.1min DP_ok=3370 DP_fail=20480 accepted=2827 state=155.4777 best=116.3755 T=7.916
[c4] iter=23250 elapsed=362.1min DP_ok=3316 DP_fail=19934 accepted=2986 state=133.7288 best=116.3755 T=7.916
[c2] iter=23700 elapsed=364.0min DP_ok=3359 DP_fail=20341 accepted=3091 state=118.8280 best=118.5255 T=7.853
[c1] iter=28400 elapsed=364.5min DP_ok=4125 DP_fail=24275 accepted=3737 state=126.7281 best=116.6272 T=7.818
[c1] iter=28450 elapsed=365.6min DP_ok=4137 DP_fail=24313 accepted=3749 state=123.8781 best=116.6272 T=7.771
[c3] iter=22500 elapsed=365.8min DP_ok=3446 DP_fail=19054 accepted=3077 state=119.2788 best=116.3755 T=7.830
[c5] iter=24950 elapsed=365.9min DP_ok=3481 DP_fail=21469 accepted=3173 state=128.2789 best=116.3755 T=7.814
[c5] iter=25000 elapsed=366.8min DP_ok=3489 DP_fail=21511 accepted=3181 state=130.4297 best=116.3755 T=7.783
[c0] iter=24200 elapsed=367.5min DP_ok=3428 DP_fail=20772 accepted=2876 state=130.7756 best=116.3755 T=7.690
[c3] iter=22600 elapsed=367.5min DP_ok=3464 DP_fail=19136 accepted=3094 state=116.6272 best=116.3755 T=7.760
[c3] iter=22650 elapsed=368.2min DP_ok=3470 DP_fail=19180 accepted=3099 state=119.7283 best=116.3755 T=7.736
[c5] iter=25100 elapsed=368.6min DP_ok=3503 DP_fail=21597 accepted=3193 state=126.2783 best=116.3755 T=7.729
[c1] iter=28700 elapsed=369.4min DP_ok=4169 DP_fail=24531 accepted=3777 state=124.7283 best=116.6272 T=7.648
[c3] iter=22800 elapsed=370.2min DP_ok=3485 DP_fail=19315 accepted=3114 state=125.5281 best=116.3755 T=7.679
[c4] iter=23850 elapsed=370.6min DP_ok=3397 DP_fail=20453 accepted=3060 state=133.7288 best=116.3755 T=7.602
[c1] iter=28800 elapsed=370.7min DP_ok=4181 DP_fail=24619 accepted=3787 state=126.6283 best=116.6272 T=7.602
[c5] iter=25400 elapsed=373.7min DP_ok=3546 DP_fail=21854 accepted=3234 state=127.0755 best=116.3755 T=7.564
[c4] iter=24100 elapsed=374.4min DP_ok=3437 DP_fail=20663 accepted=3099 state=132.5756 best=116.3755 T=7.452
[c1] iter=29050 elapsed=374.6min DP_ok=4220 DP_fail=24830 accepted=3824 state=127.2291 best=116.6272 T=7.455
[c5] iter=25500 elapsed=374.8min DP_ok=3551 DP_fail=21949 accepted=3239 state=126.2783 best=116.3755 T=7.545
[c0] iter=24800 elapsed=376.4min DP_ok=3502 DP_fail=21298 accepted=2949 state=136.5780 best=116.3755 T=7.411
[c1] iter=29200 elapsed=376.6min DP_ok=4237 DP_fail=24963 accepted=3841 state=132.2256 best=116.6272 T=7.392
[c3] iter=23350 elapsed=379.0min DP_ok=3559 DP_fail=19791 accepted=3171 state=130.6797 best=116.3755 T=7.400
[c1] iter=29400 elapsed=379.9min DP_ok=4270 DP_fail=25130 accepted=3872 state=132.2297 best=116.6272 T=7.271
[c4] iter=24500 elapsed=380.5min DP_ok=3501 DP_fail=20999 accepted=3156 state=140.1277 best=116.3755 T=7.217
[c3] iter=23450 elapsed=380.8min DP_ok=3575 DP_fail=19875 accepted=3186 state=130.4297 best=116.3755 T=7.341
[c1] iter=29550 elapsed=382.4min DP_ok=4293 DP_fail=25257 accepted=3893 state=131.7289 best=116.6272 T=7.188
[c2] iter=24950 elapsed=382.5min DP_ok=3508 DP_fail=21442 accepted=3231 state=126.7297 best=118.5255 T=7.289
[c4] iter=24650 elapsed=383.1min DP_ok=3525 DP_fail=21125 accepted=3178 state=134.4789 best=116.3755 T=7.131
[c5] iter=26050 elapsed=383.5min DP_ok=3628 DP_fail=22422 accepted=3314 state=128.0255 best=116.3755 T=7.260
[c4] iter=24700 elapsed=383.9min DP_ok=3536 DP_fail=21164 accepted=3188 state=131.2297 best=116.3755 T=7.092
[c3] iter=23750 elapsed=384.7min DP_ok=3618 DP_fail=20132 accepted=3219 state=127.3289 best=116.3755 T=7.184
[c4] iter=24850 elapsed=386.0min DP_ok=3561 DP_fail=21289 accepted=3213 state=135.4289 best=116.3755 T=7.003
[c4] iter=25000 elapsed=387.7min DP_ok=3580 DP_fail=21420 accepted=3230 state=136.1783 best=116.3755 T=6.937
[c5] iter=26350 elapsed=387.9min DP_ok=3666 DP_fail=22684 accepted=3351 state=133.5256 best=116.3755 T=7.124
[c3] iter=24100 elapsed=390.7min DP_ok=3668 DP_fail=20432 accepted=3264 state=139.3264 best=116.3755 T=7.007
[c2] iter=25500 elapsed=391.7min DP_ok=3597 DP_fail=21903 accepted=3314 state=134.9783 best=118.5255 T=6.972
[c4] iter=25300 elapsed=392.0min DP_ok=3625 DP_fail=21675 accepted=3274 state=137.1780 best=116.3755 T=6.783
[c2] iter=25650 elapsed=394.2min DP_ok=3613 DP_fail=22037 accepted=3329 state=134.6299 best=118.5255 T=6.916
[c0] iter=25950 elapsed=394.4min DP_ok=3668 DP_fail=22282 accepted=3107 state=135.5783 best=116.3755 T=6.820
[c2] iter=25800 elapsed=396.2min DP_ok=3630 DP_fail=22170 accepted=3345 state=125.0752 best=118.5255 T=6.858
[c3] iter=24600 elapsed=398.8min DP_ok=3720 DP_fail=20880 accepted=3313 state=125.0752 best=116.3755 T=6.827
[c0] iter=26300 elapsed=400.4min DP_ok=3729 DP_fail=22571 accepted=3166 state=135.5783 best=116.3755 T=6.615
[c3] iter=24750 elapsed=400.9min DP_ok=3734 DP_fail=21016 accepted=3326 state=127.8289 best=116.3755 T=6.779
[c2] iter=26100 elapsed=401.6min DP_ok=3668 DP_fail=22432 accepted=3381 state=140.4264 best=118.5255 T=6.729
[c3] iter=24800 elapsed=401.6min DP_ok=3743 DP_fail=21057 accepted=3334 state=130.7756 best=116.3755 T=6.749
[c3] iter=24850 elapsed=402.6min DP_ok=3754 DP_fail=21096 accepted=3343 state=129.0755 best=116.3755 T=6.712
[c5] iter=27200 elapsed=402.9min DP_ok=3787 DP_fail=23413 accepted=3461 state=136.5283 best=116.3755 T=6.705
[c0] iter=26500 elapsed=403.0min DP_ok=3756 DP_fail=22744 accepted=3192 state=137.4783 best=116.3755 T=6.527
[c5] iter=27250 elapsed=403.9min DP_ok=3795 DP_fail=23455 accepted=3468 state=137.5280 best=116.3755 T=6.679
[c4] iter=26250 elapsed=405.0min DP_ok=3770 DP_fail=22480 accepted=3410 state=140.0769 best=116.3755 T=6.308
[c3] iter=25000 elapsed=405.6min DP_ok=3786 DP_fail=21214 accepted=3371 state=132.2297 best=116.3755 T=6.605
[c5] iter=27450 elapsed=406.4min DP_ok=3828 DP_fail=23622 accepted=3498 state=130.0255 best=116.3755 T=6.569
[c3] iter=25100 elapsed=406.9min DP_ok=3795 DP_fail=21305 accepted=3380 state=130.1755 best=116.3755 T=6.576
[c4] iter=26500 elapsed=408.7min DP_ok=3816 DP_fail=22684 accepted=3456 state=144.3280 best=116.3755 T=6.165
[c0] iter=26950 elapsed=410.0min DP_ok=3824 DP_fail=23126 accepted=3252 state=137.5764 best=116.3755 T=6.308
[c2] iter=26550 elapsed=410.2min DP_ok=3742 DP_fail=22808 accepted=3450 state=132.0291 best=118.5255 T=6.484
[c4] iter=26650 elapsed=410.6min DP_ok=3837 DP_fail=22813 accepted=3476 state=146.5778 best=116.3755 T=6.101
[c0] iter=27050 elapsed=411.4min DP_ok=3837 DP_fail=23213 accepted=3265 state=135.5783 best=116.3755 T=6.268
[c3] iter=25400 elapsed=412.1min DP_ok=3839 DP_fail=21561 accepted=3422 state=131.0289 best=116.3755 T=6.433
[c5] iter=27900 elapsed=412.9min DP_ok=3881 DP_fail=24019 accepted=3549 state=135.5783 best=116.3755 T=6.397
[c1] iter=31800 elapsed=413.2min DP_ok=4595 DP_fail=27205 accepted=4185 state=134.0299 best=116.6272 T=6.180
[c0] iter=27200 elapsed=413.4min DP_ok=3856 DP_fail=23344 accepted=3284 state=137.3780 best=116.3755 T=6.208
[c2] iter=26900 elapsed=416.5min DP_ok=3803 DP_fail=23097 accepted=3508 state=134.5258 best=118.5255 T=6.289
[c5] iter=28150 elapsed=417.0min DP_ok=3915 DP_fail=24235 accepted=3582 state=133.6791 best=116.3755 T=6.289
[c4] iter=27150 elapsed=418.2min DP_ok=3907 DP_fail=23243 accepted=3545 state=144.0269 best=116.3755 T=5.891
[c0] iter=27500 elapsed=418.3min DP_ok=3904 DP_fail=23596 accepted=3332 state=133.2756 best=116.3755 T=6.061
[c1] iter=32250 elapsed=419.6min DP_ok=4664 DP_fail=27586 accepted=4254 state=135.4263 best=116.6272 T=5.971
[c5] iter=28400 elapsed=420.3min DP_ok=3949 DP_fail=24451 accepted=3615 state=132.8256 best=116.3755 T=6.183
[c4] iter=27300 elapsed=420.5min DP_ok=3933 DP_fail=23367 accepted=3568 state=135.1797 best=116.3755 T=5.815
[c0] iter=27700 elapsed=421.8min DP_ok=3932 DP_fail=23768 accepted=3358 state=134.4789 best=116.3755 T=5.977
[c1] iter=32400 elapsed=421.9min DP_ok=4682 DP_fail=27718 accepted=4272 state=130.0255 best=116.6272 T=5.917
[c0] iter=27800 elapsed=423.2min DP_ok=3945 DP_fail=23855 accepted=3371 state=134.4789 best=116.3755 T=5.938
[c3] iter=26050 elapsed=423.7min DP_ok=3942 DP_fail=22108 accepted=3522 state=130.1755 best=116.3755 T=6.110
[c0] iter=28000 elapsed=425.9min DP_ok=3968 DP_fail=24032 accepted=3393 state=133.0756 best=116.3755 T=5.870
[c1] iter=32850 elapsed=428.0min DP_ok=4748 DP_fail=28102 accepted=4331 state=134.6283 best=116.6272 T=5.725
[c2] iter=27550 elapsed=428.1min DP_ok=3897 DP_fail=23653 accepted=3598 state=130.4297 best=118.5255 T=6.001
[c2] iter=27800 elapsed=432.7min DP_ok=3936 DP_fail=23864 accepted=3637 state=129.1755 best=118.5255 T=5.885
[c4] iter=28150 elapsed=434.5min DP_ok=4062 DP_fail=24088 accepted=3687 state=136.6264 best=116.3755 T=5.451
[c2] iter=28050 elapsed=436.8min DP_ok=3967 DP_fail=24083 accepted=3667 state=135.8763 best=118.5255 T=5.794
[c1] iter=33450 elapsed=437.0min DP_ok=4847 DP_fail=28603 accepted=4429 state=139.9783 best=116.6272 T=5.449
[c3] iter=26950 elapsed=437.4min DP_ok=4048 DP_fail=22902 accepted=3624 state=131.2783 best=116.3755 T=5.794
[c0] iter=28900 elapsed=439.5min DP_ok=4088 DP_fail=24812 accepted=3512 state=135.5783 best=116.3755 T=5.528
[c4] iter=28500 elapsed=439.9min DP_ok=4114 DP_fail=24386 accepted=3736 state=136.6263 best=116.3755 T=5.311
[c2] iter=28300 elapsed=441.2min DP_ok=4000 DP_fail=24300 accepted=3697 state=132.3289 best=118.5255 T=5.699
[c3] iter=27200 elapsed=442.2min DP_ok=4090 DP_fail=23110 accepted=3664 state=132.0789 best=116.3755 T=5.674
[c3] iter=27300 elapsed=443.6min DP_ok=4101 DP_fail=23199 accepted=3674 state=131.8791 best=116.3755 T=5.643
[c0] iter=29300 elapsed=445.1min DP_ok=4146 DP_fail=25154 accepted=3570 state=143.9263 best=116.3755 T=5.370
[c4] iter=28850 elapsed=445.4min DP_ok=4164 DP_fail=24686 accepted=3783 state=138.4764 best=116.3755 T=5.180
[c4] iter=28900 elapsed=446.3min DP_ok=4174 DP_fail=24726 accepted=3793 state=142.6269 best=116.3755 T=5.154
[c0] iter=29400 elapsed=446.5min DP_ok=4162 DP_fail=25238 accepted=3585 state=148.0280 best=116.3755 T=5.327
[c5] iter=30150 elapsed=448.4min DP_ok=4216 DP_fail=25934 accepted=3863 state=135.8788 best=116.3755 T=5.411
[c2] iter=28850 elapsed=450.3min DP_ok=4074 DP_fail=24776 accepted=3769 state=133.9788 best=118.5255 T=5.492
[c3] iter=27700 elapsed=450.4min DP_ok=4159 DP_fail=23541 accepted=3730 state=131.8791 best=116.3755 T=5.481
[c1] iter=34450 elapsed=451.9min DP_ok=4981 DP_fail=29469 accepted=4555 state=139.1281 best=116.6272 T=5.095
[c4] iter=29300 elapsed=452.3min DP_ok=4239 DP_fail=25061 accepted=3855 state=135.2763 best=116.3755 T=4.989
[c3] iter=27850 elapsed=453.4min DP_ok=4193 DP_fail=23657 accepted=3761 state=131.2255 best=116.3755 T=5.389
[c2] iter=29100 elapsed=454.8min DP_ok=4108 DP_fail=24992 accepted=3802 state=132.2256 best=118.5255 T=5.400
[c5] iter=30600 elapsed=455.3min DP_ok=4275 DP_fail=26325 accepted=3917 state=132.4783 best=116.3755 T=5.253
[c4] iter=29500 elapsed=455.6min DP_ok=4265 DP_fail=25235 accepted=3880 state=130.8755 best=116.3755 T=4.925
[c4] iter=29600 elapsed=457.4min DP_ok=4280 DP_fail=25320 accepted=3894 state=130.6756 best=116.3755 T=4.888
[c2] iter=29250 elapsed=457.7min DP_ok=4129 DP_fail=25121 accepted=3822 state=131.9789 best=118.5255 T=5.343
[c1] iter=34900 elapsed=459.1min DP_ok=5051 DP_fail=29849 accepted=4623 state=134.2263 best=116.6272 T=4.920
[c1] iter=34950 elapsed=459.9min DP_ok=5057 DP_fail=29893 accepted=4629 state=133.5289 best=116.6272 T=4.905
[c2] iter=29400 elapsed=460.5min DP_ok=4146 DP_fail=25254 accepted=3837 state=135.9283 best=118.5255 T=5.298
[c4] iter=29900 elapsed=461.3min DP_ok=4314 DP_fail=25586 accepted=3922 state=131.3789 best=116.3755 T=4.806
[c1] iter=35050 elapsed=461.4min DP_ok=5067 DP_fail=29983 accepted=4639 state=133.7288 best=116.6272 T=4.881
[c3] iter=28300 elapsed=461.5min DP_ok=4277 DP_fail=24023 accepted=3839 state=127.2297 best=116.3755 T=5.167
[c5] iter=31100 elapsed=463.0min DP_ok=4343 DP_fail=26757 accepted=3980 state=132.0797 best=116.3755 T=5.078
[c5] iter=31200 elapsed=464.7min DP_ok=4355 DP_fail=26845 accepted=3992 state=132.7291 best=116.3755 T=5.047
[c0] iter=30850 elapsed=464.8min DP_ok=4357 DP_fail=26493 accepted=3769 state=139.2263 best=116.3755 T=4.832
[c2] iter=29750 elapsed=466.1min DP_ok=4190 DP_fail=25560 accepted=3878 state=137.5280 best=118.5255 T=5.183
[c4] iter=30200 elapsed=466.2min DP_ok=4365 DP_fail=25835 accepted=3970 state=137.2780 best=116.3755 T=4.685
[c4] iter=30350 elapsed=468.4min DP_ok=4388 DP_fail=25962 accepted=3992 state=136.1783 best=116.3755 T=4.631
[c2] iter=29900 elapsed=468.6min DP_ok=4214 DP_fail=25686 accepted=3901 state=133.9283 best=118.5255 T=5.121
[c4] iter=30450 elapsed=469.9min DP_ok=4397 DP_fail=26053 accepted=4001 state=135.5783 best=116.3755 T=4.610
[c4] iter=30550 elapsed=471.1min DP_ok=4410 DP_fail=26140 accepted=4012 state=138.1280 best=116.3755 T=4.580
[c5] iter=31650 elapsed=471.6min DP_ok=4417 DP_fail=27233 accepted=4050 state=134.6291 best=116.3755 T=4.893
[c4] iter=30650 elapsed=472.9min DP_ok=4422 DP_fail=26228 accepted=4024 state=141.9774 best=116.3755 T=4.553
[c5] iter=31750 elapsed=473.1min DP_ok=4429 DP_fail=27321 accepted=4062 state=134.5258 best=116.3755 T=4.864
[c4] iter=30800 elapsed=475.3min DP_ok=4447 DP_fail=26353 accepted=4049 state=137.4783 best=116.3755 T=4.496
[c2] iter=30350 elapsed=476.4min DP_ok=4287 DP_fail=26063 accepted=3969 state=137.5280 best=118.5255 T=4.937
[c0] iter=31750 elapsed=477.4min DP_ok=4502 DP_fail=27248 accepted=3907 state=127.0755 best=116.3755 T=4.494
[c5] iter=32100 elapsed=477.8min DP_ok=4465 DP_fail=27635 accepted=4097 state=135.4289 best=116.3755 T=4.777
[c1] iter=36100 elapsed=478.0min DP_ok=5216 DP_fail=30884 accepted=4783 state=133.9788 best=116.6272 T=4.530
[c2] iter=30500 elapsed=478.8min DP_ok=4306 DP_fail=26194 accepted=3987 state=137.5781 best=118.5255 T=4.891
[c5] iter=32250 elapsed=479.7min DP_ok=4481 DP_fail=27769 accepted=4112 state=132.8256 best=116.3755 T=4.739
[c5] iter=32400 elapsed=481.9min DP_ok=4505 DP_fail=27895 accepted=4136 state=138.1280 best=116.3755 T=4.682
[c3] iter=29600 elapsed=482.3min DP_ok=4461 DP_fail=25139 accepted=4011 state=130.4289 best=116.3755 T=4.713
[c0] iter=32150 elapsed=482.3min DP_ok=4566 DP_fail=27584 accepted=3958 state=135.5783 best=116.3755 T=4.353
[c2] iter=30750 elapsed=483.2min DP_ok=4343 DP_fail=26407 accepted=4023 state=134.6283 best=118.5255 T=4.801
[c1] iter=36550 elapsed=485.1min DP_ok=5283 DP_fail=31267 accepted=4843 state=132.2256 best=116.6272 T=4.381
[c3] iter=29850 elapsed=486.2min DP_ok=4492 DP_fail=25358 accepted=4042 state=125.6783 best=116.3755 T=4.640
[c5] iter=32800 elapsed=488.3min DP_ok=4567 DP_fail=28233 accepted=4194 state=135.6764 best=116.3755 T=4.539
[c4] iter=31700 elapsed=489.1min DP_ok=4570 DP_fail=27130 accepted=4162 state=140.1277 best=116.3755 T=4.228
[c5] iter=32950 elapsed=490.8min DP_ok=4592 DP_fail=28358 accepted=4219 state=135.4289 best=116.3755 T=4.483
[c4] iter=32000 elapsed=493.7min DP_ok=4615 DP_fail=27385 accepted=4203 state=138.7764 best=116.3755 T=4.134
[c3] iter=30350 elapsed=493.9min DP_ok=4556 DP_fail=25794 accepted=4104 state=125.6783 best=116.3755 T=4.494
[c0] iter=33000 elapsed=494.1min DP_ok=4686 DP_fail=28314 accepted=4068 state=138.1280 best=116.3755 T=4.099
[c4] iter=32050 elapsed=494.4min DP_ok=4625 DP_fail=27425 accepted=4212 state=137.4278 best=116.3755 T=4.114
[c2] iter=31650 elapsed=498.0min DP_ok=4461 DP_fail=27189 accepted=4132 state=130.4256 best=118.5255 T=4.526
[c5] iter=33550 elapsed=499.5min DP_ok=4661 DP_fail=28889 accepted=4287 state=137.6764 best=116.3755 T=4.331
[c2] iter=31750 elapsed=499.6min DP_ok=4472 DP_fail=27278 accepted=4143 state=132.5789 best=118.5255 T=4.501
[c0] iter=33450 elapsed=501.0min DP_ok=4756 DP_fail=28694 accepted=4135 state=139.7785 best=116.3755 T=3.958
[c4] iter=32500 elapsed=501.4min DP_ok=4690 DP_fail=27810 accepted=4270 state=130.9755 best=116.3755 T=3.982
[c2] iter=31900 elapsed=502.2min DP_ok=4490 DP_fail=27410 accepted=4160 state=135.1763 best=118.5255 T=4.461
[c3] iter=30900 elapsed=502.8min DP_ok=4640 DP_fail=26260 accepted=4186 state=125.6783 best=116.3755 T=4.309
[c2] iter=31950 elapsed=503.3min DP_ok=4500 DP_fail=27450 accepted=4169 state=127.0755 best=118.5255 T=4.438
[c5] iter=33800 elapsed=503.3min DP_ok=4692 DP_fail=29108 accepted=4318 state=138.1280 best=116.3755 T=4.264
[c2] iter=32150 elapsed=506.9min DP_ok=4525 DP_fail=27625 accepted=4193 state=124.8281 best=118.5255 T=4.383
[c2] iter=32250 elapsed=508.6min DP_ok=4544 DP_fail=27706 accepted=4211 state=127.0755 best=118.5255 T=4.342
[c0] iter=34000 elapsed=509.0min DP_ok=4827 DP_fail=29173 accepted=4200 state=141.2288 best=116.3755 T=3.820
[c1] iter=38100 elapsed=509.2min DP_ok=5498 DP_fail=32602 accepted=5047 state=137.3764 best=116.6272 T=3.934
[c2] iter=32550 elapsed=513.8min DP_ok=4591 DP_fail=27959 accepted=4256 state=127.0755 best=118.5255 T=4.241
[c4] iter=33400 elapsed=516.4min DP_ok=4833 DP_fail=28567 accepted=4401 state=127.2283 best=116.3755 T=3.707
[c0] iter=34550 elapsed=516.6min DP_ok=4906 DP_fail=29644 accepted=4271 state=135.8763 best=116.3755 T=3.672
[c5] iter=34700 elapsed=517.4min DP_ok=4822 DP_fail=29878 accepted=4445 state=130.9256 best=116.3755 T=3.996
[c3] iter=31800 elapsed=518.3min DP_ok=4776 DP_fail=27024 accepted=4319 state=126.7753 best=116.3755 T=4.026
[c1] iter=38750 elapsed=519.3min DP_ok=5594 DP_fail=33156 accepted=5137 state=132.3256 best=116.6272 T=3.750
[c4] iter=33650 elapsed=520.6min DP_ok=4875 DP_fail=28775 accepted=4435 state=131.3789 best=116.3755 T=3.630
[c3] iter=32050 elapsed=522.0min DP_ok=4819 DP_fail=27231 accepted=4357 state=128.0791 best=116.3755 T=3.940
[c1] iter=38950 elapsed=522.2min DP_ok=5624 DP_fail=33326 accepted=5166 state=130.8755 best=116.6272 T=3.694
[c5] iter=35000 elapsed=522.7min DP_ok=4874 DP_fail=30126 accepted=4494 state=131.2255 best=116.3755 T=3.893
[c4] iter=33850 elapsed=523.9min DP_ok=4901 DP_fail=28949 accepted=4460 state=128.7791 best=116.3755 T=3.583
[c0] iter=35200 elapsed=526.5min DP_ok=5004 DP_fail=30196 accepted=4354 state=138.0263 best=116.3755 T=3.496
[c4] iter=34050 elapsed=527.3min DP_ok=4935 DP_fail=29115 accepted=4485 state=125.9283 best=116.3755 T=3.523
[c5] iter=35300 elapsed=527.5min DP_ok=4912 DP_fail=30388 accepted=4528 state=126.3797 best=116.3755 T=3.820
[c1] iter=39300 elapsed=527.7min DP_ok=5670 DP_fail=33630 accepted=5208 state=133.0281 best=116.6272 T=3.610
[c4] iter=34100 elapsed=528.1min DP_ok=4943 DP_fail=29157 accepted=4493 state=130.1789 best=116.3755 T=3.509
[c0] iter=35350 elapsed=528.3min DP_ok=5020 DP_fail=30330 accepted=4369 state=137.5781 best=116.3755 T=3.469
[c0] iter=35600 elapsed=532.0min DP_ok=5062 DP_fail=30538 accepted=4411 state=132.5789 best=116.3755 T=3.396
[c4] iter=34400 elapsed=533.1min DP_ok=4985 DP_fail=29415 accepted=4532 state=129.0291 best=116.3755 T=3.436
[c0] iter=36050 elapsed=537.2min DP_ok=5109 DP_fail=30941 accepted=4452 state=136.1783 best=116.3755 T=3.318
[c3] iter=33000 elapsed=538.1min DP_ok=4975 DP_fail=28025 accepted=4502 state=129.1289 best=116.3755 T=3.645
[c1] iter=40050 elapsed=539.0min DP_ok=5776 DP_fail=34274 accepted=5304 state=132.2283 best=116.6272 T=3.424
[c4] iter=34750 elapsed=539.1min DP_ok=5022 DP_fail=29728 accepted=4567 state=126.8783 best=116.3755 T=3.373
[c3] iter=33050 elapsed=539.1min DP_ok=4981 DP_fail=28069 accepted=4508 state=125.5785 best=116.3755 T=3.634
[c0] iter=36250 elapsed=539.8min DP_ok=5145 DP_fail=31105 accepted=4481 state=132.1291 best=116.3755 T=3.258
[c3] iter=33100 elapsed=540.0min DP_ok=4989 DP_fail=28111 accepted=4516 state=124.0750 best=116.3755 T=3.619
[c5] iter=36150 elapsed=541.4min DP_ok=5029 DP_fail=31121 accepted=4635 state=125.0783 best=116.3755 T=3.603
[c5] iter=36200 elapsed=542.1min DP_ok=5034 DP_fail=31166 accepted=4640 state=132.8256 best=116.3755 T=3.594
[c5] iter=36250 elapsed=543.1min DP_ok=5046 DP_fail=31204 accepted=4651 state=129.0256 best=116.3755 T=3.572
[c3] iter=33300 elapsed=543.5min DP_ok=5027 DP_fail=28273 accepted=4549 state=125.4283 best=116.3755 T=3.551
[c3] iter=33400 elapsed=544.8min DP_ok=5036 DP_fail=28364 accepted=4557 state=129.2255 best=116.3755 T=3.535
[c0] iter=36600 elapsed=545.1min DP_ok=5199 DP_fail=31401 accepted=4524 state=134.6291 best=116.3755 T=3.172
[c0] iter=36700 elapsed=546.4min DP_ok=5212 DP_fail=31488 accepted=4535 state=137.4783 best=116.3755 T=3.151
[c4] iter=35200 elapsed=546.4min DP_ok=5095 DP_fail=30105 accepted=4626 state=133.7288 best=116.3755 T=3.252
[c5] iter=36450 elapsed=546.6min DP_ok=5074 DP_fail=31376 accepted=4677 state=131.2297 best=116.3755 T=3.523
[c3] iter=33600 elapsed=547.8min DP_ok=5061 DP_fail=28539 accepted=4579 state=130.1789 best=116.3755 T=3.491
[c5] iter=36550 elapsed=548.0min DP_ok=5089 DP_fail=31461 accepted=4689 state=130.4297 best=116.3755 T=3.496
[c1] iter=40700 elapsed=548.7min DP_ok=5877 DP_fail=34823 accepted=5398 state=131.0299 best=116.6272 T=3.255
[c1] iter=40800 elapsed=550.0min DP_ok=5893 DP_fail=34907 accepted=5414 state=123.6281 best=116.6272 T=3.229
[c2] iter=34750 elapsed=551.3min DP_ok=4881 DP_fail=29869 accepted=4537 state=132.0797 best=118.5255 T=3.668
[c1] iter=40900 elapsed=551.9min DP_ok=5913 DP_fail=34987 accepted=5433 state=124.7283 best=116.6272 T=3.197
[c5] iter=36800 elapsed=552.1min DP_ok=5142 DP_fail=31658 accepted=4737 state=131.2255 best=116.3755 T=3.405
[c3] iter=33950 elapsed=554.1min DP_ok=5119 DP_fail=28831 accepted=4632 state=138.0263 best=116.3755 T=3.391
[c1] iter=41050 elapsed=554.3min DP_ok=5936 DP_fail=35114 accepted=5455 state=126.7753 best=116.6272 T=3.160
[c2] iter=35200 elapsed=559.6min DP_ok=4947 DP_fail=30253 accepted=4599 state=136.2797 best=118.5255 T=3.549
[c3] iter=34300 elapsed=560.3min DP_ok=5173 DP_fail=29127 accepted=4683 state=133.4299 best=116.3755 T=3.301
[c0] iter=37900 elapsed=562.1min DP_ok=5369 DP_fail=32531 accepted=4668 state=132.7291 best=116.3755 T=2.913
[c0] iter=37950 elapsed=562.6min DP_ok=5376 DP_fail=32574 accepted=4675 state=135.5783 best=116.3755 T=2.903
[c0] iter=38550 elapsed=570.7min DP_ok=5468 DP_fail=33082 accepted=4752 state=135.4263 best=116.3755 T=2.772
[c5] iter=37900 elapsed=571.0min DP_ok=5299 DP_fail=32601 accepted=4885 state=136.1783 best=116.3755 T=3.148
[c2] iter=35850 elapsed=571.2min DP_ok=5039 DP_fail=30811 accepted=4683 state=132.7291 best=118.5255 T=3.390
[c0] iter=38600 elapsed=571.4min DP_ok=5476 DP_fail=33124 accepted=4760 state=135.4263 best=116.3755 T=2.761
[c1] iter=42300 elapsed=572.5min DP_ok=6105 DP_fail=36195 accepted=5613 state=124.8252 best=116.6272 T=2.904
[c0] iter=38800 elapsed=574.0min DP_ok=5503 DP_fail=33297 accepted=4785 state=135.4263 best=116.3755 T=2.724
[c1] iter=42600 elapsed=577.1min DP_ok=6147 DP_fail=36453 accepted=5648 state=126.7753 best=116.6272 T=2.844
[c4] iter=37200 elapsed=579.6min DP_ok=5360 DP_fail=31840 accepted=4861 state=129.9756 best=116.3755 T=2.848
[c5] iter=38450 elapsed=580.0min DP_ok=5383 DP_fail=33067 accepted=4968 state=138.1280 best=116.3755 T=3.018
[c2] iter=36400 elapsed=581.6min DP_ok=5123 DP_fail=31277 accepted=4756 state=129.0291 best=118.5255 T=3.250
[c4] iter=37350 elapsed=582.3min DP_ok=5380 DP_fail=31970 accepted=4879 state=130.5756 best=116.3755 T=2.820
[c1] iter=42950 elapsed=582.4min DP_ok=6196 DP_fail=36754 accepted=5693 state=129.3783 best=116.6272 T=2.775
[c3] iter=35800 elapsed=583.5min DP_ok=5389 DP_fail=30411 accepted=4881 state=129.2289 best=116.3755 T=2.963
[c1] iter=43050 elapsed=583.9min DP_ok=6215 DP_fail=36835 accepted=5710 state=129.7289 best=116.6272 T=2.749
[c0] iter=39650 elapsed=585.5min DP_ok=5608 DP_fail=34042 accepted=4870 state=135.5783 best=116.3755 T=2.585
[c0] iter=39750 elapsed=586.9min DP_ok=5631 DP_fail=34119 accepted=4888 state=135.5783 best=116.3755 T=2.555
[c5] iter=38900 elapsed=587.1min DP_ok=5440 DP_fail=33460 accepted=5024 state=142.1264 best=116.3755 T=2.933
[c1] iter=43300 elapsed=587.6min DP_ok=6250 DP_fail=37050 accepted=5745 state=132.0291 best=116.6272 T=2.701
[c4] iter=37700 elapsed=588.3min DP_ok=5435 DP_fail=32265 accepted=4928 state=127.5789 best=116.3755 T=2.743
[c3] iter=36200 elapsed=588.6min DP_ok=5444 DP_fail=30756 accepted=4931 state=129.3797 best=116.3755 T=2.883
[c5] iter=39050 elapsed=589.0min DP_ok=5457 DP_fail=33593 accepted=5040 state=141.3264 best=116.3755 T=2.909
[c3] iter=36350 elapsed=590.6min DP_ok=5464 DP_fail=30886 accepted=4950 state=129.1289 best=116.3755 T=2.854
[c0] iter=40050 elapsed=591.3min DP_ok=5674 DP_fail=34376 accepted=4926 state=135.2264 best=116.3755 T=2.501
[c3] iter=36450 elapsed=592.0min DP_ok=5476 DP_fail=30974 accepted=4961 state=127.8283 best=116.3755 T=2.837
[c4] iter=37950 elapsed=592.3min DP_ok=5462 DP_fail=32488 accepted=4941 state=127.6789 best=116.3755 T=2.707
[c2] iter=37000 elapsed=592.5min DP_ok=5210 DP_fail=31790 accepted=4830 state=125.6783 best=118.5255 T=3.112
[c1] iter=43700 elapsed=592.8min DP_ok=6302 DP_fail=37398 accepted=5793 state=135.1774 best=116.6272 T=2.632
[c4] iter=38100 elapsed=594.6min DP_ok=5479 DP_fail=32621 accepted=4952 state=127.9755 best=116.3755 T=2.684
[c3] iter=36700 elapsed=595.5min DP_ok=5507 DP_fail=31193 accepted=4989 state=125.0752 best=116.3755 T=2.793
[c3] iter=36750 elapsed=596.4min DP_ok=5518 DP_fail=31232 accepted=4999 state=126.0753 best=116.3755 T=2.778
[c4] iter=38250 elapsed=597.0min DP_ok=5505 DP_fail=32745 accepted=4977 state=135.4263 best=116.3755 T=2.649
[c5] iter=39550 elapsed=598.1min DP_ok=5541 DP_fail=34009 accepted=5115 state=145.1283 best=116.3755 T=2.789
[c2] iter=37300 elapsed=598.2min DP_ok=5258 DP_fail=32042 accepted=4871 state=125.6783 best=118.5255 T=3.038
[c2] iter=37350 elapsed=599.1min DP_ok=5267 DP_fail=32083 accepted=4880 state=126.6755 best=118.5255 T=3.024
[c0] iter=40750 elapsed=600.7min DP_ok=5785 DP_fail=34965 accepted=5016 state=135.4289 best=116.3755 T=2.366
[c4] iter=38500 elapsed=601.4min DP_ok=5546 DP_fail=32954 accepted=5011 state=135.5783 best=116.3755 T=2.595
[c0] iter=40900 elapsed=603.1min DP_ok=5813 DP_fail=35087 accepted=5038 state=137.4263 best=116.3755 T=2.333
[c5] iter=39950 elapsed=605.0min DP_ok=5597 DP_fail=34353 accepted=5165 state=146.5266 best=116.3755 T=2.712
[c1] iter=44800 elapsed=606.6min DP_ok=6453 DP_fail=38347 accepted=5930 state=134.2281 best=116.6272 T=2.440
[c2] iter=37800 elapsed=608.0min DP_ok=5351 DP_fail=32449 accepted=4956 state=131.6283 best=118.5255 T=2.900
[c3] iter=37950 elapsed=614.0min DP_ok=5682 DP_fail=32268 accepted=5150 state=130.7755 best=116.3755 T=2.559
[c3] iter=38000 elapsed=614.5min DP_ok=5687 DP_fail=32313 accepted=5155 state=130.7755 best=116.3755 T=2.553
[c4] iter=39350 elapsed=615.6min DP_ok=5671 DP_fail=33679 accepted=5110 state=126.7297 best=116.3755 T=2.438
[c5] iter=40650 elapsed=616.4min DP_ok=5694 DP_fail=34956 accepted=5254 state=133.7288 best=116.3755 T=2.584
[c0] iter=41950 elapsed=617.1min DP_ok=5953 DP_fail=35997 accepted=5152 state=130.1797 best=116.3755 T=2.175
[c1] iter=45550 elapsed=617.2min DP_ok=6576 DP_fail=38974 accepted=6034 state=132.4791 best=116.6272 T=2.295
[c4] iter=39450 elapsed=617.6min DP_ok=5681 DP_fail=33769 accepted=5117 state=128.7791 best=116.3755 T=2.426
[c1] iter=45600 elapsed=617.7min DP_ok=6585 DP_fail=39015 accepted=6043 state=132.0797 best=116.6272 T=2.284
[c0] iter=42000 elapsed=617.8min DP_ok=5964 DP_fail=36036 accepted=5159 state=129.7755 best=116.3755 T=2.163
[c1] iter=45650 elapsed=618.3min DP_ok=6594 DP_fail=39056 accepted=6050 state=131.6256 best=116.6272 T=2.274
[c2] iter=38500 elapsed=618.6min DP_ok=5458 DP_fail=33042 accepted=5048 state=142.0263 best=118.5255 T=2.749
[c3] iter=38350 elapsed=619.7min DP_ok=5748 DP_fail=32602 accepted=5209 state=128.7791 best=116.3755 T=2.476
[c1] iter=45800 elapsed=620.3min DP_ok=6622 DP_fail=39178 accepted=6071 state=130.8755 best=116.6272 T=2.243
[c5] iter=40900 elapsed=620.4min DP_ok=5731 DP_fail=35169 accepted=5287 state=131.0299 best=116.3755 T=2.536
[c3] iter=38400 elapsed=620.4min DP_ok=5758 DP_fail=32642 accepted=5219 state=127.0755 best=116.3755 T=2.464
[c3] iter=38500 elapsed=621.9min DP_ok=5772 DP_fail=32728 accepted=5232 state=129.7297 best=116.3755 T=2.446
[c2] iter=38800 elapsed=622.2min DP_ok=5495 DP_fail=33305 accepted=5081 state=136.5780 best=118.5255 T=2.698
[c5] iter=41100 elapsed=623.7min DP_ok=5757 DP_fail=35343 accepted=5312 state=130.9256 best=116.3755 T=2.503
[c0] iter=42450 elapsed=624.6min DP_ok=6025 DP_fail=36425 accepted=5207 state=132.2283 best=116.3755 T=2.098
[c0] iter=42600 elapsed=626.7min DP_ok=6040 DP_fail=36560 accepted=5220 state=132.0797 best=116.3755 T=2.083
[c0] iter=42650 elapsed=627.5min DP_ok=6047 DP_fail=36603 accepted=5227 state=129.6256 best=116.3755 T=2.075
[c2] iter=39200 elapsed=627.7min DP_ok=5542 DP_fail=33658 accepted=5123 state=136.5283 best=118.5255 T=2.636
[c1] iter=46400 elapsed=628.7min DP_ok=6729 DP_fail=39671 accepted=6155 state=127.8291 best=116.6272 T=2.126
[c4] iter=40100 elapsed=628.8min DP_ok=5785 DP_fail=34315 accepted=5183 state=126.4255 best=116.3755 T=2.303
[c5] iter=41450 elapsed=629.1min DP_ok=5801 DP_fail=35649 accepted=5353 state=125.6783 best=116.3755 T=2.449
[c3] iter=39050 elapsed=629.3min DP_ok=5843 DP_fail=33207 accepted=5291 state=138.5263 best=116.3755 T=2.361
[c2] iter=39350 elapsed=629.9min DP_ok=5563 DP_fail=33787 accepted=5143 state=131.0289 best=118.5255 T=2.608
[c1] iter=46500 elapsed=630.2min DP_ok=6744 DP_fail=39756 accepted=6169 state=127.7755 best=116.6272 T=2.110
[c4] iter=40200 elapsed=630.6min DP_ok=5800 DP_fail=34400 accepted=5197 state=126.2783 best=116.3755 T=2.286
[c0] iter=43000 elapsed=633.1min DP_ok=6100 DP_fail=36900 accepted=5271 state=132.1291 best=116.3755 T=2.021
[c5] iter=41750 elapsed=634.3min DP_ok=5860 DP_fail=35890 accepted=5399 state=126.0753 best=116.3755 T=2.378
[c4] iter=40500 elapsed=635.9min DP_ok=5848 DP_fail=34652 accepted=5236 state=125.0752 best=116.3755 T=2.231
[c3] iter=39500 elapsed=636.3min DP_ok=5918 DP_fail=33582 accepted=5357 state=130.1797 best=116.3755 T=2.274
[c3] iter=39550 elapsed=637.1min DP_ok=5928 DP_fail=33622 accepted=5363 state=130.1797 best=116.3755 T=2.263
[c4] iter=40600 elapsed=637.5min DP_ok=5860 DP_fail=34740 accepted=5246 state=125.1781 best=116.3755 T=2.218
[c3] iter=39600 elapsed=637.9min DP_ok=5936 DP_fail=33664 accepted=5369 state=129.7291 best=116.3755 T=2.254
[c4] iter=40650 elapsed=638.4min DP_ok=5870 DP_fail=34780 accepted=5255 state=125.1781 best=116.3755 T=2.207
[c1] iter=47100 elapsed=638.9min DP_ok=6837 DP_fail=40263 accepted=6247 state=128.8789 best=116.6272 T=2.014
[c2] iter=39950 elapsed=640.0min DP_ok=5654 DP_fail=34296 accepted=5219 state=131.7289 best=118.5255 T=2.492
[c4] iter=40750 elapsed=640.5min DP_ok=5885 DP_fail=34865 accepted=5263 state=125.0752 best=116.3755 T=2.190
[c3] iter=39800 elapsed=640.9min DP_ok=5961 DP_fail=33839 accepted=5380 state=129.7291 best=116.3755 T=2.226
[c4] iter=40800 elapsed=641.5min DP_ok=5898 DP_fail=34902 accepted=5271 state=128.7791 best=116.3755 T=2.176
[c3] iter=39850 elapsed=641.7min DP_ok=5965 DP_fail=33885 accepted=5383 state=132.4791 best=116.3755 T=2.221
[c0] iter=43700 elapsed=642.5min DP_ok=6179 DP_fail=37521 accepted=5332 state=128.8789 best=116.3755 T=1.943
[c0] iter=43750 elapsed=643.3min DP_ok=6189 DP_fail=37561 accepted=5339 state=128.8789 best=116.3755 T=1.933
[c0] iter=43800 elapsed=644.2min DP_ok=6197 DP_fail=37603 accepted=5344 state=128.8789 best=116.3755 T=1.925
[c1] iter=47650 elapsed=646.7min DP_ok=6913 DP_fail=40737 accepted=6312 state=129.6256 best=116.6272 T=1.939
[c0] iter=44050 elapsed=647.8min DP_ok=6230 DP_fail=37820 accepted=5372 state=132.0797 best=116.3755 T=1.894
[c5] iter=42550 elapsed=648.1min DP_ok=5991 DP_fail=36559 accepted=5507 state=129.9791 best=116.3755 T=2.227
[c4] iter=41200 elapsed=648.7min DP_ok=5957 DP_fail=35243 accepted=5317 state=126.0753 best=116.3755 T=2.113
[c1] iter=47800 elapsed=649.1min DP_ok=6938 DP_fail=40862 accepted=6329 state=132.0297 best=116.6272 T=1.915
[c4] iter=41300 elapsed=650.2min DP_ok=5968 DP_fail=35332 accepted=5327 state=125.0783 best=116.3755 T=2.101
[c3] iter=40450 elapsed=651.0min DP_ok=6046 DP_fail=34404 accepted=5460 state=130.1789 best=116.3755 T=2.133
[c3] iter=40650 elapsed=653.8min DP_ok=6071 DP_fail=34579 accepted=5481 state=130.3291 best=116.3755 T=2.107
[c3] iter=40700 elapsed=654.5min DP_ok=6079 DP_fail=34621 accepted=5489 state=129.7755 best=116.3755 T=2.098
[c0] iter=44550 elapsed=654.6min DP_ok=6294 DP_fail=38256 accepted=5425 state=129.1289 best=116.3755 T=1.834
[c4] iter=41600 elapsed=654.7min DP_ok=6008 DP_fail=35592 accepted=5366 state=125.0783 best=116.3755 T=2.060
[c5] iter=43100 elapsed=657.2min DP_ok=6066 DP_fail=37034 accepted=5569 state=129.3797 best=116.3755 T=2.145
[c4] iter=41750 elapsed=657.5min DP_ok=6025 DP_fail=35725 accepted=5381 state=127.0755 best=116.3755 T=2.042
[c5] iter=43150 elapsed=657.9min DP_ok=6071 DP_fail=37079 accepted=5573 state=127.8283 best=116.3755 T=2.140
[c2] iter=41000 elapsed=658.2min DP_ok=5802 DP_fail=35198 accepted=5354 state=130.8797 best=118.5255 T=2.314
[c1] iter=48450 elapsed=658.2min DP_ok=7042 DP_fail=41408 accepted=6416 state=126.7753 best=116.6272 T=1.818
[c3] iter=41050 elapsed=659.8min DP_ok=6125 DP_fail=34925 accepted=5528 state=131.0791 best=116.3755 T=2.051
[c2] iter=41150 elapsed=660.8min DP_ok=5823 DP_fail=35327 accepted=5371 state=134.4789 best=118.5255 T=2.290
[c4] iter=41950 elapsed=660.9min DP_ok=6057 DP_fail=35893 accepted=5409 state=125.1781 best=116.3755 T=2.010
[c5] iter=43450 elapsed=662.5min DP_ok=6105 DP_fail=37345 accepted=5607 state=132.2283 best=116.3755 T=2.104
[c1] iter=48800 elapsed=662.9min DP_ok=7083 DP_fail=41717 accepted=6452 state=128.7255 best=116.6272 T=1.781
[c4] iter=42100 elapsed=663.5min DP_ok=6076 DP_fail=36024 accepted=5426 state=125.9283 best=116.3755 T=1.991
[c5] iter=43500 elapsed=663.6min DP_ok=6117 DP_fail=37383 accepted=5618 state=130.9256 best=116.3755 T=2.091
[c1] iter=49000 elapsed=665.5min DP_ok=7113 DP_fail=41887 accepted=6479 state=128.9755 best=116.6272 T=1.754
[c5] iter=43600 elapsed=665.7min DP_ok=6138 DP_fail=37462 accepted=5637 state=130.1755 best=116.3755 T=2.069
[c3] iter=41750 elapsed=670.5min DP_ok=6222 DP_fail=35528 accepted=5614 state=124.8281 best=116.3755 T=1.953
[c2] iter=41700 elapsed=670.7min DP_ok=5899 DP_fail=35801 accepted=5439 state=136.4764 best=118.5255 T=2.205
[c1] iter=49450 elapsed=670.8min DP_ok=7170 DP_fail=42280 accepted=6523 state=130.1797 best=116.6272 T=1.705
[c0] iter=45750 elapsed=671.0min DP_ok=6435 DP_fail=39315 accepted=5526 state=129.4756 best=116.3755 T=1.709
[c4] iter=42700 elapsed=672.9min DP_ok=6156 DP_fail=36544 accepted=5482 state=124.2281 best=116.3755 T=1.913
[c0] iter=45950 elapsed=673.9min DP_ok=6467 DP_fail=39483 accepted=5553 state=130.1797 best=116.3755 T=1.682
[c2] iter=41900 elapsed=673.9min DP_ok=5929 DP_fail=35971 accepted=5464 state=133.6791 best=118.5255 T=2.172
[c3] iter=42000 elapsed=674.0min DP_ok=6251 DP_fail=35749 accepted=5642 state=125.6783 best=116.3755 T=1.925
[c2] iter=41950 elapsed=674.9min DP_ok=5936 DP_fail=36014 accepted=5470 state=133.2756 best=118.5255 T=2.164
[c4] iter=42850 elapsed=675.1min DP_ok=6183 DP_fail=36667 accepted=5507 state=125.0783 best=116.3755 T=1.887
[c0] iter=46050 elapsed=675.4min DP_ok=6483 DP_fail=39567 accepted=5563 state=132.0291 best=116.3755 T=1.669
[c4] iter=43000 elapsed=677.9min DP_ok=6210 DP_fail=36790 accepted=5530 state=127.2291 best=116.3755 T=1.862
[c3] iter=42400 elapsed=679.4min DP_ok=6301 DP_fail=36099 accepted=5688 state=124.8252 best=116.3755 T=1.878
[c1] iter=50150 elapsed=680.5min DP_ok=7278 DP_fail=42872 accepted=6621 state=126.7753 best=116.6272 T=1.615
[c0] iter=46600 elapsed=683.2min DP_ok=6554 DP_fail=40046 accepted=5623 state=132.5756 best=116.3755 T=1.610
[c5] iter=44650 elapsed=683.3min DP_ok=6309 DP_fail=38341 accepted=5793 state=133.9283 best=116.3755 T=1.899
[c1] iter=50450 elapsed=684.4min DP_ok=7325 DP_fail=43125 accepted=6662 state=126.9791 best=116.6272 T=1.578
[c4] iter=43400 elapsed=684.9min DP_ok=6271 DP_fail=37129 accepted=5585 state=129.0256 best=116.3755 T=1.806
[c2] iter=42650 elapsed=686.7min DP_ok=6044 DP_fail=36606 accepted=5562 state=132.8256 best=118.5255 T=2.051
[c2] iter=42700 elapsed=687.8min DP_ok=6059 DP_fail=36641 accepted=5576 state=133.6785 best=118.5255 T=2.035
[c4] iter=43650 elapsed=688.6min DP_ok=6306 DP_fail=37344 accepted=5616 state=127.0755 best=116.3755 T=1.775
[c0] iter=47000 elapsed=688.9min DP_ok=6607 DP_fail=40393 accepted=5669 state=132.7291 best=116.3755 T=1.568
[c3] iter=43050 elapsed=689.4min DP_ok=6387 DP_fail=36663 accepted=5759 state=126.7753 best=116.3755 T=1.799
[c2] iter=42900 elapsed=691.8min DP_ok=6089 DP_fail=36811 accepted=5599 state=133.0791 best=118.5255 T=2.005
[c5] iter=45200 elapsed=692.2min DP_ok=6378 DP_fail=38822 accepted=5853 state=126.7753 best=116.3755 T=1.835
[c0] iter=47350 elapsed=693.8min DP_ok=6662 DP_fail=40688 accepted=5712 state=133.7288 best=116.3755 T=1.526
[c5] iter=45300 elapsed=693.9min DP_ok=6392 DP_fail=38908 accepted=5865 state=127.2291 best=116.3755 T=1.822
[c4] iter=44100 elapsed=695.4min DP_ok=6353 DP_fail=37747 accepted=5655 state=127.2283 best=116.3755 T=1.733
[c4] iter=44200 elapsed=696.9min DP_ok=6365 DP_fail=37835 accepted=5665 state=128.7797 best=116.3755 T=1.723
[c5] iter=45550 elapsed=698.4min DP_ok=6434 DP_fail=39116 accepted=5900 state=127.2291 best=116.3755 T=1.784
[c1] iter=51550 elapsed=699.0min DP_ok=7499 DP_fail=44051 accepted=6798 state=127.3289 best=116.6272 T=1.446
[c4] iter=44500 elapsed=701.1min DP_ok=6406 DP_fail=38094 accepted=5693 state=128.2789 best=116.3755 T=1.688
[c5] iter=45750 elapsed=701.3min DP_ok=6462 DP_fail=39288 accepted=5918 state=128.0791 best=116.3755 T=1.760
[c5] iter=45850 elapsed=702.9min DP_ok=6479 DP_fail=39371 accepted=5932 state=126.7753 best=116.3755 T=1.745
[c1] iter=52000 elapsed=705.4min DP_ok=7565 DP_fail=44435 accepted=6853 state=127.5255 best=116.6272 T=1.399
[c3] iter=44200 elapsed=706.4min DP_ok=6533 DP_fail=37667 accepted=5888 state=127.0255 best=116.3755 T=1.672
[c1] iter=52250 elapsed=708.8min DP_ok=7604 DP_fail=44646 accepted=6888 state=127.2291 best=116.6272 T=1.372
[c2] iter=43950 elapsed=710.5min DP_ok=6238 DP_fail=37712 accepted=5727 state=127.8283 best=118.5255 T=1.861
[c4] iter=45100 elapsed=710.6min DP_ok=6490 DP_fail=38610 accepted=5748 state=129.2289 best=116.3755 T=1.619
[c0] iter=48600 elapsed=711.4min DP_ok=6821 DP_fail=41779 accepted=5848 state=132.8256 best=116.3755 T=1.409
[c2] iter=44050 elapsed=712.9min DP_ok=6261 DP_fail=37789 accepted=5747 state=129.4789 best=118.5255 T=1.840
[c1] iter=52650 elapsed=714.0min DP_ok=7667 DP_fail=44983 accepted=6938 state=128.2755 best=116.6272 T=1.330
[c0] iter=48800 elapsed=714.2min DP_ok=6847 DP_fail=41953 accepted=5867 state=132.8283 best=116.3755 T=1.391
[c3] iter=44700 elapsed=714.3min DP_ok=6604 DP_fail=38096 accepted=5951 state=125.5753 best=116.3755 T=1.614
[c5] iter=46600 elapsed=714.5min DP_ok=6601 DP_fail=39999 accepted=6040 state=127.7755 best=116.3755 T=1.641
[c2] iter=44150 elapsed=714.6min DP_ok=6278 DP_fail=37872 accepted=5760 state=128.0255 best=118.5255 T=1.824
[c1] iter=52700 elapsed=714.7min DP_ok=7679 DP_fail=45021 accepted=6950 state=125.9283 best=116.6272 T=1.322
[c4] iter=45350 elapsed=714.9min DP_ok=6527 DP_fail=38823 accepted=5770 state=129.0256 best=116.3755 T=1.589
[c3] iter=44800 elapsed=715.8min DP_ok=6615 DP_fail=38185 accepted=5962 state=125.4753 best=116.3755 T=1.605
[c4] iter=45450 elapsed=716.7min DP_ok=6540 DP_fail=38910 accepted=5772 state=128.2755 best=116.3755 T=1.579
[c5] iter=46800 elapsed=717.4min DP_ok=6638 DP_fail=40162 accepted=6073 state=127.8755 best=116.3755 T=1.611
[c4] iter=45500 elapsed=717.6min DP_ok=6551 DP_fail=38949 accepted=5778 state=131.8756 best=116.3755 T=1.570
[c1] iter=52900 elapsed=717.7min DP_ok=7711 DP_fail=45189 accepted=6980 state=125.1781 best=116.6272 T=1.301
[c3] iter=44950 elapsed=718.4min DP_ok=6638 DP_fail=38312 accepted=5980 state=126.9791 best=116.3755 T=1.587
[c2] iter=44350 elapsed=718.4min DP_ok=6311 DP_fail=38039 accepted=5789 state=123.1752 best=118.5255 T=1.794
[c1] iter=52950 elapsed=718.5min DP_ok=7722 DP_fail=45228 accepted=6990 state=125.0752 best=116.6272 T=1.294
[c4] iter=45600 elapsed=719.7min DP_ok=6582 DP_fail=39018 accepted=5795 state=127.8283 best=116.3755 T=1.546
[c5] iter=46950 elapsed=719.9min DP_ok=6659 DP_fail=40291 accepted=6091 state=125.6783 best=116.3755 T=1.594
[c1] reseeded from global mk=116.3755
[c0] reseeded from global mk=116.3755
[c4] reseeded from global mk=116.3755
[c2] reseeded from global mk=116.3755
[c5] reseeded from global mk=116.3755
[c3] reseeded from global mk=116.3755
[c5] iter=47100 elapsed=723.0min DP_ok=6687 DP_fail=40413 accepted=6116 state=119.2788 best=116.3755 T=7.897
[c2] iter=44650 elapsed=723.0min DP_ok=6347 DP_fail=38303 accepted=5823 state=117.7783 best=116.8756 T=7.905
[c2] iter=44700 elapsed=724.1min DP_ok=6356 DP_fail=38344 accepted=5832 state=117.5769 best=116.8756 T=7.869
[c5] iter=47200 elapsed=724.4min DP_ok=6702 DP_fail=40498 accepted=6130 state=116.9280 best=116.3755 T=7.838
[c1] iter=53400 elapsed=724.4min DP_ok=7784 DP_fail=45616 accepted=7051 state=119.5755 best=116.3755 T=7.814
[c0] iter=49500 elapsed=725.3min DP_ok=6937 DP_fail=42563 accepted=5950 state=126.6283 best=116.3755 T=7.845
[c2] iter=44850 elapsed=726.5min DP_ok=6381 DP_fail=38469 accepted=5856 state=119.2788 best=116.8255 T=7.771
[c4] iter=46050 elapsed=727.9min DP_ok=6631 DP_fail=39419 accepted=5837 state=125.6783 best=116.3755 T=7.818
[c3] iter=45600 elapsed=728.3min DP_ok=6715 DP_fail=38885 accepted=6050 state=119.7269 best=116.3755 T=7.740
[c2] iter=45000 elapsed=729.0min DP_ok=6404 DP_fail=38596 accepted=5876 state=119.1755 best=116.8255 T=7.682
[c0] iter=49800 elapsed=730.6min DP_ok=6986 DP_fail=42814 accepted=5997 state=125.9283 best=116.3755 T=7.656
[c1] iter=54050 elapsed=732.8min DP_ok=7871 DP_fail=46179 accepted=7131 state=119.8280 best=116.3755 T=7.481
[c2] iter=45250 elapsed=733.0min DP_ok=6434 DP_fail=38816 accepted=5905 state=117.7783 best=116.8255 T=7.568
[c1] iter=54150 elapsed=734.1min DP_ok=7881 DP_fail=46269 accepted=7139 state=118.9255 best=116.3755 T=7.444
[c1] iter=54250 elapsed=735.6min DP_ok=7894 DP_fail=46356 accepted=7152 state=124.8252 best=116.3755 T=7.396
[c2] iter=45850 elapsed=742.5min DP_ok=6535 DP_fail=39315 accepted=6004 state=127.6789 best=116.8255 T=7.195
[c5] iter=48500 elapsed=743.4min DP_ok=6856 DP_fail=41644 accepted=6279 state=147.0277 best=116.3755 T=7.257
[c5] iter=48550 elapsed=744.3min DP_ok=6867 DP_fail=41683 accepted=6289 state=140.0272 best=116.3755 T=7.217
[c5] iter=48600 elapsed=745.3min DP_ok=6876 DP_fail=41724 accepted=6298 state=134.3263 best=116.3755 T=7.184
[c3] iter=47000 elapsed=750.4min DP_ok=6911 DP_fail=40089 accepted=6238 state=127.0255 best=116.3755 T=7.018
[c5] iter=48950 elapsed=751.1min DP_ok=6910 DP_fail=42040 accepted=6332 state=134.2283 best=116.3755 T=7.063
[c4] iter=47450 elapsed=751.6min DP_ok=6831 DP_fail=40619 accepted=6025 state=127.7755 best=116.3755 T=7.074
[c0] iter=51150 elapsed=751.7min DP_ok=7175 DP_fail=43975 accepted=6184 state=123.2781 best=116.3755 T=6.965
[c5] iter=49050 elapsed=752.9min DP_ok=6926 DP_fail=42124 accepted=6348 state=134.1758 best=116.3755 T=7.007
[c1] iter=55400 elapsed=753.6min DP_ok=8048 DP_fail=47352 accepted=7303 state=130.7756 best=116.3755 T=6.848
[c3] iter=47200 elapsed=753.8min DP_ok=6940 DP_fail=40260 accepted=6266 state=120.8285 best=116.3755 T=6.916
[c1] iter=55550 elapsed=755.7min DP_ok=8067 DP_fail=47483 accepted=7322 state=130.9755 best=116.3755 T=6.783
[c5] iter=49250 elapsed=756.4min DP_ok=6949 DP_fail=42301 accepted=6371 state=136.5780 best=116.3755 T=6.927
[c1] iter=55600 elapsed=756.6min DP_ok=8076 DP_fail=47524 accepted=7331 state=132.2256 best=116.3755 T=6.752
[c4] iter=47800 elapsed=756.8min DP_ok=6889 DP_fail=40911 accepted=6082 state=134.2274 best=116.3755 T=6.872
[c0] iter=51500 elapsed=757.1min DP_ok=7217 DP_fail=44283 accepted=6224 state=123.1288 best=116.3755 T=6.820
[c1] iter=55650 elapsed=757.2min DP_ok=8079 DP_fail=47571 accepted=7334 state=130.9755 best=116.3755 T=6.742
[c2] iter=46850 elapsed=757.9min DP_ok=6663 DP_fail=40187 accepted=6127 state=127.6789 best=116.8255 T=6.749
[c1] iter=55850 elapsed=760.3min DP_ok=8112 DP_fail=47738 accepted=7366 state=132.3289 best=116.3755 T=6.632
[c3] iter=47700 elapsed=761.2min DP_ok=7012 DP_fail=40688 accepted=6335 state=135.2258 best=116.3755 T=6.672
[c5] iter=49500 elapsed=761.3min DP_ok=6991 DP_fail=42509 accepted=6413 state=136.2797 best=116.3755 T=6.783
[c3] iter=47750 elapsed=762.0min DP_ok=7018 DP_fail=40732 accepted=6341 state=135.2258 best=116.3755 T=6.652
[c0] iter=51900 elapsed=763.2min DP_ok=7278 DP_fail=44622 accepted=6283 state=129.2289 best=116.3755 T=6.615
[c3] iter=47850 elapsed=763.6min DP_ok=7032 DP_fail=40818 accepted=6353 state=130.9755 best=116.3755 T=6.605
[c3] iter=47900 elapsed=764.5min DP_ok=7046 DP_fail=40854 accepted=6366 state=130.7756 best=116.3755 T=6.559
