Precompute MEDIUM coarse: n=181, pairs=32580, t_starts=1000 (Δ=0.5d), tofs=50, total=1,629,000,000
Est wall: ~33.9h
  200/32580  rate=0.3/s  elapsed=0.2h  eta=31.7h
  400/32580  rate=0.4/s  elapsed=0.3h  eta=25.5h
  600/32580  rate=0.4/s  elapsed=0.5h  eta=24.8h
  800/32580  rate=0.3/s  elapsed=0.7h  eta=26.2h
  1000/32580  rate=0.3/s  elapsed=0.8h  eta=25.9h
  1200/32580  rate=0.3/s  elapsed=1.0h  eta=25.7h
  1400/32580  rate=0.3/s  elapsed=1.1h  eta=25.1h
  1600/32580  rate=0.4/s  elapsed=1.2h  eta=24.0h
  1800/32580  rate=0.4/s  elapsed=1.4h  eta=23.2h
  2000/32580  rate=0.4/s  elapsed=1.5h  eta=22.6h
  2200/32580  rate=0.4/s  elapsed=1.6h  eta=22.2h
  2400/32580  rate=0.4/s  elapsed=1.8h  eta=22.4h
  2600/32580  rate=0.4/s  elapsed=1.9h  eta=21.8h
  2800/32580  rate=0.4/s  elapsed=2.1h  eta=21.9h
  3000/32580  rate=0.4/s  elapsed=2.3h  eta=22.2h
  3200/32580  rate=0.4/s  elapsed=2.4h  eta=22.0h
  3400/32580  rate=0.4/s  elapsed=2.6h  eta=22.2h
  3600/32580  rate=0.4/s  elapsed=2.7h  eta=21.8h
  3800/32580  rate=0.4/s  elapsed=2.8h  eta=21.4h
  4000/32580  rate=0.4/s  elapsed=3.0h  eta=21.5h
  4200/32580  rate=0.4/s  elapsed=3.1h  eta=21.3h
  4400/32580  rate=0.4/s  elapsed=3.3h  eta=21.2h
  4600/32580  rate=0.4/s  elapsed=3.4h  eta=20.9h
  4800/32580  rate=0.4/s  elapsed=3.5h  eta=20.5h
  5000/32580  rate=0.4/s  elapsed=3.7h  eta=20.2h
  5200/32580  rate=0.4/s  elapsed=3.8h  eta=19.9h
  5400/32580  rate=0.4/s  elapsed=3.9h  eta=19.6h
  5600/32580  rate=0.4/s  elapsed=4.1h  eta=19.6h
  5800/32580  rate=0.4/s  elapsed=4.2h  eta=19.3h
  6000/32580  rate=0.4/s  elapsed=4.3h  eta=19.2h
  6200/32580  rate=0.4/s  elapsed=4.5h  eta=19.1h
  6400/32580  rate=0.4/s  elapsed=4.6h  eta=18.9h
  6600/32580  rate=0.4/s  elapsed=4.7h  eta=18.6h
  6800/32580  rate=0.4/s  elapsed=4.9h  eta=18.6h
  7000/32580  rate=0.4/s  elapsed=5.0h  eta=18.4h
  7200/32580  rate=0.4/s  elapsed=5.2h  eta=18.2h
  7400/32580  rate=0.4/s  elapsed=5.4h  eta=18.2h
  7600/32580  rate=0.4/s  elapsed=5.5h  eta=18.1h
  7800/32580  rate=0.4/s  elapsed=5.7h  eta=18.0h
  8000/32580  rate=0.4/s  elapsed=5.8h  eta=17.7h
  8200/32580  rate=0.4/s  elapsed=5.9h  eta=17.5h
  8400/32580  rate=0.4/s  elapsed=6.0h  eta=17.3h
  8600/32580  rate=0.4/s  elapsed=6.1h  eta=17.1h
  8800/32580  rate=0.4/s  elapsed=6.3h  eta=17.0h
  9000/32580  rate=0.4/s  elapsed=6.4h  eta=16.8h
  9200/32580  rate=0.4/s  elapsed=6.5h  eta=16.6h
  9400/32580  rate=0.4/s  elapsed=6.7h  eta=16.4h
  9600/32580  rate=0.4/s  elapsed=6.8h  eta=16.4h
  9800/32580  rate=0.4/s  elapsed=7.0h  eta=16.2h
  10000/32580  rate=0.4/s  elapsed=7.1h  eta=16.1h
  10200/32580  rate=0.4/s  elapsed=7.3h  eta=15.9h
  10400/32580  rate=0.4/s  elapsed=7.4h  eta=15.8h
  10600/32580  rate=0.4/s  elapsed=7.6h  eta=15.7h
  10800/32580  rate=0.4/s  elapsed=7.7h  eta=15.6h
  11000/32580  rate=0.4/s  elapsed=7.9h  eta=15.6h
  11200/32580  rate=0.4/s  elapsed=8.1h  eta=15.4h
  11400/32580  rate=0.4/s  elapsed=8.2h  eta=15.2h
  11600/32580  rate=0.4/s  elapsed=8.3h  eta=15.0h
  11800/32580  rate=0.4/s  elapsed=8.4h  eta=14.8h
  12000/32580  rate=0.4/s  elapsed=8.5h  eta=14.6h
  12200/32580  rate=0.4/s  elapsed=8.6h  eta=14.4h
  12400/32580  rate=0.4/s  elapsed=8.8h  eta=14.3h
  12600/32580  rate=0.4/s  elapsed=8.9h  eta=14.1h
  12800/32580  rate=0.4/s  elapsed=9.0h  eta=13.9h
  13000/32580  rate=0.4/s  elapsed=9.1h  eta=13.7h
  13200/32580  rate=0.4/s  elapsed=9.3h  eta=13.6h
  13400/32580  rate=0.4/s  elapsed=9.4h  eta=13.5h
  13600/32580  rate=0.4/s  elapsed=9.5h  eta=13.3h
  13800/32580  rate=0.4/s  elapsed=9.6h  eta=13.1h
  14000/32580  rate=0.4/s  elapsed=9.8h  eta=12.9h
  14200/32580  rate=0.4/s  elapsed=9.9h  eta=12.8h
  14400/32580  rate=0.4/s  elapsed=10.0h  eta=12.6h
  14600/32580  rate=0.4/s  elapsed=10.1h  eta=12.5h
  14800/32580  rate=0.4/s  elapsed=10.3h  eta=12.4h
  15000/32580  rate=0.4/s  elapsed=10.5h  eta=12.3h
  15200/32580  rate=0.4/s  elapsed=10.6h  eta=12.1h
  15400/32580  rate=0.4/s  elapsed=10.7h  eta=12.0h
  15600/32580  rate=0.4/s  elapsed=10.8h  eta=11.8h
  15800/32580  rate=0.4/s  elapsed=11.0h  eta=11.6h
  16000/32580  rate=0.4/s  elapsed=11.1h  eta=11.5h
  16200/32580  rate=0.4/s  elapsed=11.2h  eta=11.3h
  16400/32580  rate=0.4/s  elapsed=11.4h  eta=11.2h
  16600/32580  rate=0.4/s  elapsed=11.5h  eta=11.1h
  16800/32580  rate=0.4/s  elapsed=11.7h  eta=11.0h
  17000/32580  rate=0.4/s  elapsed=11.9h  eta=10.9h
  17200/32580  rate=0.4/s  elapsed=12.0h  eta=10.8h
  17400/32580  rate=0.4/s  elapsed=12.2h  eta=10.6h
  17600/32580  rate=0.4/s  elapsed=12.4h  eta=10.5h
  17800/32580  rate=0.4/s  elapsed=12.5h  eta=10.4h
  18000/32580  rate=0.4/s  elapsed=12.7h  eta=10.3h
  18200/32580  rate=0.4/s  elapsed=12.8h  eta=10.1h
  18400/32580  rate=0.4/s  elapsed=13.0h  eta=10.0h
  18600/32580  rate=0.4/s  elapsed=13.2h  eta=9.9h
  18800/32580  rate=0.4/s  elapsed=13.3h  eta=9.8h
  19000/32580  rate=0.4/s  elapsed=13.6h  eta=9.7h
  19200/32580  rate=0.4/s  elapsed=13.8h  eta=9.6h
  19400/32580  rate=0.4/s  elapsed=14.0h  eta=9.5h
  19600/32580  rate=0.4/s  elapsed=14.2h  eta=9.4h
  19800/32580  rate=0.4/s  elapsed=14.3h  eta=9.2h
  20000/32580  rate=0.4/s  elapsed=14.4h  eta=9.1h
  20200/32580  rate=0.4/s  elapsed=14.6h  eta=8.9h
  20400/32580  rate=0.4/s  elapsed=14.7h  eta=8.8h
  20600/32580  rate=0.4/s  elapsed=14.8h  eta=8.6h
  20800/32580  rate=0.4/s  elapsed=15.0h  eta=8.5h
  21000/32580  rate=0.4/s  elapsed=15.2h  eta=8.4h
  21200/32580  rate=0.4/s  elapsed=15.3h  eta=8.2h
  21400/32580  rate=0.4/s  elapsed=15.4h  eta=8.0h
  21600/32580  rate=0.4/s  elapsed=15.6h  eta=7.9h
  21800/32580  rate=0.4/s  elapsed=15.7h  eta=7.8h
  22000/32580  rate=0.4/s  elapsed=15.8h  eta=7.6h
  22200/32580  rate=0.4/s  elapsed=15.9h  eta=7.4h
  22400/32580  rate=0.4/s  elapsed=16.0h  eta=7.3h
  22600/32580  rate=0.4/s  elapsed=16.2h  eta=7.2h
  22800/32580  rate=0.4/s  elapsed=16.4h  eta=7.1h
  23000/32580  rate=0.4/s  elapsed=16.6h  eta=6.9h
  23200/32580  rate=0.4/s  elapsed=16.7h  eta=6.8h
  23400/32580  rate=0.4/s  elapsed=16.9h  eta=6.6h
  23600/32580  rate=0.4/s  elapsed=17.0h  eta=6.5h
  23800/32580  rate=0.4/s  elapsed=17.3h  eta=6.4h
  24000/32580  rate=0.4/s  elapsed=17.5h  eta=6.2h
  24200/32580  rate=0.4/s  elapsed=17.7h  eta=6.1h
  24400/32580  rate=0.4/s  elapsed=17.9h  eta=6.0h
  24600/32580  rate=0.4/s  elapsed=18.2h  eta=5.9h
  24800/32580  rate=0.4/s  elapsed=18.5h  eta=5.8h
  25000/32580  rate=0.4/s  elapsed=18.7h  eta=5.7h
  25200/32580  rate=0.4/s  elapsed=18.9h  eta=5.5h
  25400/32580  rate=0.4/s  elapsed=19.1h  eta=5.4h
  25600/32580  rate=0.4/s  elapsed=19.3h  eta=5.3h
  25800/32580  rate=0.4/s  elapsed=19.5h  eta=5.1h
  26000/32580  rate=0.4/s  elapsed=19.7h  eta=5.0h
  26200/32580  rate=0.4/s  elapsed=20.0h  eta=4.9h
  26400/32580  rate=0.4/s  elapsed=20.2h  eta=4.7h
  26600/32580  rate=0.4/s  elapsed=20.5h  eta=4.6h
  26800/32580  rate=0.4/s  elapsed=20.8h  eta=4.5h
  27000/32580  rate=0.4/s  elapsed=21.0h  eta=4.3h
  27200/32580  rate=0.4/s  elapsed=21.2h  eta=4.2h
  27400/32580  rate=0.4/s  elapsed=21.3h  eta=4.0h
  27600/32580  rate=0.4/s  elapsed=21.5h  eta=3.9h
  27800/32580  rate=0.4/s  elapsed=21.7h  eta=3.7h
  28000/32580  rate=0.4/s  elapsed=21.9h  eta=3.6h
  28200/32580  rate=0.4/s  elapsed=22.0h  eta=3.4h
  28400/32580  rate=0.4/s  elapsed=22.2h  eta=3.3h
  28600/32580  rate=0.4/s  elapsed=22.4h  eta=3.1h
  28800/32580  rate=0.4/s  elapsed=22.5h  eta=3.0h
  29000/32580  rate=0.4/s  elapsed=22.7h  eta=2.8h
  29200/32580  rate=0.4/s  elapsed=22.9h  eta=2.6h
  29400/32580  rate=0.4/s  elapsed=23.0h  eta=2.5h
  29600/32580  rate=0.4/s  elapsed=23.2h  eta=2.3h
  29800/32580  rate=0.4/s  elapsed=23.3h  eta=2.2h
  30000/32580  rate=0.4/s  elapsed=23.4h  eta=2.0h
  30200/32580  rate=0.4/s  elapsed=23.5h  eta=1.9h
  30400/32580  rate=0.4/s  elapsed=23.6h  eta=1.7h
  30600/32580  rate=0.4/s  elapsed=23.7h  eta=1.5h
  30800/32580  rate=0.4/s  elapsed=23.9h  eta=1.4h
  31000/32580  rate=0.4/s  elapsed=24.0h  eta=1.2h
  31200/32580  rate=0.4/s  elapsed=24.1h  eta=1.1h
  31400/32580  rate=0.4/s  elapsed=24.2h  eta=0.9h
  31600/32580  rate=0.4/s  elapsed=24.4h  eta=0.8h
  31800/32580  rate=0.4/s  elapsed=24.5h  eta=0.6h
  32000/32580  rate=0.4/s  elapsed=24.7h  eta=0.4h
  32200/32580  rate=0.4/s  elapsed=24.9h  eta=0.3h
  32400/32580  rate=0.4/s  elapsed=25.1h  eta=0.1h

Done in 90932s (25.3h)
Saved /tmp/ch2_medium_tcoupled.npz
Cheap cells: 2972784/32580000 = 9.12%
Exc cells:   9993985/32580000 = 30.68%
