Precompute MEDIUM coarse: n=181, pairs=32580, t_starts=440 (Δ=0.5d), tofs=50, total=716,760,000
Est wall: ~14.9h
  200/32580  rate=0.6/s  elapsed=0.1h  eta=14.8h
  400/32580  rate=0.8/s  elapsed=0.1h  eta=11.8h
  600/32580  rate=0.8/s  elapsed=0.2h  eta=11.5h
  800/32580  rate=0.7/s  elapsed=0.3h  eta=12.1h
  1000/32580  rate=0.7/s  elapsed=0.4h  eta=12.0h
  1200/32580  rate=0.7/s  elapsed=0.5h  eta=11.9h
  1400/32580  rate=0.7/s  elapsed=0.5h  eta=11.6h
  1600/32580  rate=0.8/s  elapsed=0.6h  eta=11.1h
  1800/32580  rate=0.8/s  elapsed=0.6h  eta=10.8h
  2000/32580  rate=0.8/s  elapsed=0.7h  eta=10.5h
  2200/32580  rate=0.8/s  elapsed=0.7h  eta=10.3h
  2400/32580  rate=0.8/s  elapsed=0.8h  eta=10.4h
  2600/32580  rate=0.8/s  elapsed=0.9h  eta=10.1h
  2800/32580  rate=0.8/s  elapsed=1.0h  eta=10.1h
  3000/32580  rate=0.8/s  elapsed=1.0h  eta=10.3h
  3200/32580  rate=0.8/s  elapsed=1.1h  eta=10.2h
  3400/32580  rate=0.8/s  elapsed=1.2h  eta=10.3h
  3600/32580  rate=0.8/s  elapsed=1.3h  eta=10.1h
  3800/32580  rate=0.8/s  elapsed=1.3h  eta=9.9h
  4000/32580  rate=0.8/s  elapsed=1.4h  eta=10.0h
  4200/32580  rate=0.8/s  elapsed=1.5h  eta=9.9h
  4400/32580  rate=0.8/s  elapsed=1.5h  eta=9.8h
  4600/32580  rate=0.8/s  elapsed=1.6h  eta=9.7h
  4800/32580  rate=0.8/s  elapsed=1.6h  eta=9.5h
  5000/32580  rate=0.8/s  elapsed=1.7h  eta=9.4h
  5200/32580  rate=0.8/s  elapsed=1.8h  eta=9.2h
  5400/32580  rate=0.8/s  elapsed=1.8h  eta=9.1h
  5600/32580  rate=0.8/s  elapsed=1.9h  eta=9.1h
  5800/32580  rate=0.8/s  elapsed=1.9h  eta=9.0h
  6000/32580  rate=0.8/s  elapsed=2.0h  eta=8.9h
  6200/32580  rate=0.8/s  elapsed=2.1h  eta=8.9h
  6400/32580  rate=0.8/s  elapsed=2.1h  eta=8.8h
  6600/32580  rate=0.8/s  elapsed=2.2h  eta=8.6h
  6800/32580  rate=0.8/s  elapsed=2.3h  eta=8.6h
  7000/32580  rate=0.8/s  elapsed=2.3h  eta=8.5h
  7200/32580  rate=0.8/s  elapsed=2.4h  eta=8.4h
  7400/32580  rate=0.8/s  elapsed=2.5h  eta=8.4h
  7600/32580  rate=0.8/s  elapsed=2.5h  eta=8.4h
  7800/32580  rate=0.8/s  elapsed=2.6h  eta=8.3h
  8000/32580  rate=0.8/s  elapsed=2.7h  eta=8.2h
  8200/32580  rate=0.8/s  elapsed=2.7h  eta=8.1h
  8400/32580  rate=0.8/s  elapsed=2.8h  eta=8.0h
  8600/32580  rate=0.8/s  elapsed=2.8h  eta=7.9h
  8800/32580  rate=0.8/s  elapsed=2.9h  eta=7.9h
  9000/32580  rate=0.8/s  elapsed=3.0h  eta=7.8h
  9200/32580  rate=0.8/s  elapsed=3.0h  eta=7.7h
  9400/32580  rate=0.8/s  elapsed=3.1h  eta=7.6h
  9600/32580  rate=0.8/s  elapsed=3.2h  eta=7.6h
  9800/32580  rate=0.8/s  elapsed=3.2h  eta=7.5h
  10000/32580  rate=0.8/s  elapsed=3.3h  eta=7.5h
  10200/32580  rate=0.8/s  elapsed=3.4h  eta=7.4h
  10400/32580  rate=0.8/s  elapsed=3.4h  eta=7.3h
  10600/32580  rate=0.8/s  elapsed=3.5h  eta=7.3h
  10800/32580  rate=0.8/s  elapsed=3.6h  eta=7.2h
  11000/32580  rate=0.8/s  elapsed=3.7h  eta=7.2h
  11200/32580  rate=0.8/s  elapsed=3.7h  eta=7.1h
  11400/32580  rate=0.8/s  elapsed=3.8h  eta=7.0h
  11600/32580  rate=0.8/s  elapsed=3.8h  eta=6.9h
  11800/32580  rate=0.8/s  elapsed=3.9h  eta=6.8h
  12000/32580  rate=0.8/s  elapsed=3.9h  eta=6.8h
  12200/32580  rate=0.8/s  elapsed=4.0h  eta=6.7h
  12400/32580  rate=0.8/s  elapsed=4.1h  eta=6.6h
  12600/32580  rate=0.8/s  elapsed=4.1h  eta=6.6h
  12800/32580  rate=0.9/s  elapsed=4.2h  eta=6.5h
  13000/32580  rate=0.9/s  elapsed=4.2h  eta=6.4h
  13200/32580  rate=0.9/s  elapsed=4.3h  eta=6.3h
  13400/32580  rate=0.9/s  elapsed=4.4h  eta=6.3h
  13600/32580  rate=0.9/s  elapsed=4.4h  eta=6.2h
  13800/32580  rate=0.9/s  elapsed=4.5h  eta=6.1h
  14000/32580  rate=0.9/s  elapsed=4.5h  eta=6.0h
  14200/32580  rate=0.9/s  elapsed=4.6h  eta=5.9h
  14400/32580  rate=0.9/s  elapsed=4.6h  eta=5.8h
  14600/32580  rate=0.9/s  elapsed=4.7h  eta=5.8h
  14800/32580  rate=0.9/s  elapsed=4.8h  eta=5.7h
  15000/32580  rate=0.9/s  elapsed=4.9h  eta=5.7h
  15200/32580  rate=0.9/s  elapsed=4.9h  eta=5.6h
  15400/32580  rate=0.9/s  elapsed=5.0h  eta=5.5h
  15600/32580  rate=0.9/s  elapsed=5.0h  eta=5.5h
  15800/32580  rate=0.9/s  elapsed=5.1h  eta=5.4h
  16000/32580  rate=0.9/s  elapsed=5.1h  eta=5.3h
  16200/32580  rate=0.9/s  elapsed=5.2h  eta=5.2h
  16400/32580  rate=0.9/s  elapsed=5.3h  eta=5.2h
  16600/32580  rate=0.9/s  elapsed=5.3h  eta=5.1h
  16800/32580  rate=0.9/s  elapsed=5.4h  eta=5.1h
  17000/32580  rate=0.9/s  elapsed=5.5h  eta=5.1h
  17200/32580  rate=0.9/s  elapsed=5.6h  eta=5.0h
  17400/32580  rate=0.9/s  elapsed=5.7h  eta=4.9h
  17600/32580  rate=0.9/s  elapsed=5.7h  eta=4.9h
  17800/32580  rate=0.9/s  elapsed=5.8h  eta=4.8h
  18000/32580  rate=0.8/s  elapsed=5.9h  eta=4.8h
  18200/32580  rate=0.9/s  elapsed=5.9h  eta=4.7h
  18400/32580  rate=0.8/s  elapsed=6.0h  eta=4.7h
  18600/32580  rate=0.8/s  elapsed=6.1h  eta=4.6h
  18800/32580  rate=0.8/s  elapsed=6.2h  eta=4.5h
  19000/32580  rate=0.8/s  elapsed=6.3h  eta=4.5h
  19200/32580  rate=0.8/s  elapsed=6.4h  eta=4.4h
  19400/32580  rate=0.8/s  elapsed=6.4h  eta=4.4h
  19600/32580  rate=0.8/s  elapsed=6.5h  eta=4.3h
  19800/32580  rate=0.8/s  elapsed=6.6h  eta=4.2h
  20000/32580  rate=0.8/s  elapsed=6.6h  eta=4.2h
  20200/32580  rate=0.8/s  elapsed=6.7h  eta=4.1h
  20400/32580  rate=0.8/s  elapsed=6.8h  eta=4.0h
  20600/32580  rate=0.8/s  elapsed=6.8h  eta=4.0h
  20800/32580  rate=0.8/s  elapsed=6.9h  eta=3.9h
  21000/32580  rate=0.8/s  elapsed=7.0h  eta=3.8h
  21200/32580  rate=0.8/s  elapsed=7.0h  eta=3.8h
  21400/32580  rate=0.8/s  elapsed=7.1h  eta=3.7h
  21600/32580  rate=0.8/s  elapsed=7.1h  eta=3.6h
  21800/32580  rate=0.8/s  elapsed=7.2h  eta=3.6h
  22000/32580  rate=0.8/s  elapsed=7.3h  eta=3.5h
  22200/32580  rate=0.8/s  elapsed=7.3h  eta=3.4h
  22400/32580  rate=0.8/s  elapsed=7.4h  eta=3.3h
  22600/32580  rate=0.8/s  elapsed=7.5h  eta=3.3h
  22800/32580  rate=0.8/s  elapsed=7.6h  eta=3.2h
  23000/32580  rate=0.8/s  elapsed=7.6h  eta=3.2h
  23200/32580  rate=0.8/s  elapsed=7.7h  eta=3.1h
  23400/32580  rate=0.8/s  elapsed=7.7h  eta=3.0h
  23600/32580  rate=0.8/s  elapsed=7.8h  eta=3.0h
  23800/32580  rate=0.8/s  elapsed=7.9h  eta=2.9h
  24000/32580  rate=0.8/s  elapsed=7.9h  eta=2.8h
  24200/32580  rate=0.8/s  elapsed=8.0h  eta=2.8h
  24400/32580  rate=0.8/s  elapsed=8.1h  eta=2.7h
  24600/32580  rate=0.8/s  elapsed=8.1h  eta=2.6h
  24800/32580  rate=0.8/s  elapsed=8.2h  eta=2.6h
  25000/32580  rate=0.8/s  elapsed=8.3h  eta=2.5h
  25200/32580  rate=0.8/s  elapsed=8.3h  eta=2.4h
  25400/32580  rate=0.8/s  elapsed=8.4h  eta=2.4h
  25600/32580  rate=0.8/s  elapsed=8.5h  eta=2.3h
  25800/32580  rate=0.8/s  elapsed=8.5h  eta=2.2h
  26000/32580  rate=0.8/s  elapsed=8.6h  eta=2.2h
  26200/32580  rate=0.8/s  elapsed=8.7h  eta=2.1h
  26400/32580  rate=0.8/s  elapsed=8.8h  eta=2.1h
  26600/32580  rate=0.8/s  elapsed=8.9h  eta=2.0h
  26800/32580  rate=0.8/s  elapsed=8.9h  eta=1.9h
  27000/32580  rate=0.8/s  elapsed=9.0h  eta=1.9h
  27200/32580  rate=0.8/s  elapsed=9.1h  eta=1.8h
  27400/32580  rate=0.8/s  elapsed=9.1h  eta=1.7h
  27600/32580  rate=0.8/s  elapsed=9.2h  eta=1.7h
  27800/32580  rate=0.8/s  elapsed=9.2h  eta=1.6h
  28000/32580  rate=0.8/s  elapsed=9.3h  eta=1.5h
  28200/32580  rate=0.8/s  elapsed=9.3h  eta=1.4h
  28400/32580  rate=0.8/s  elapsed=9.4h  eta=1.4h
  28600/32580  rate=0.8/s  elapsed=9.4h  eta=1.3h
  28800/32580  rate=0.8/s  elapsed=9.5h  eta=1.2h
  29000/32580  rate=0.8/s  elapsed=9.6h  eta=1.2h
  29200/32580  rate=0.8/s  elapsed=9.7h  eta=1.1h
  29400/32580  rate=0.8/s  elapsed=9.7h  eta=1.1h
  29600/32580  rate=0.8/s  elapsed=9.8h  eta=1.0h
  29800/32580  rate=0.8/s  elapsed=9.9h  eta=0.9h
  30000/32580  rate=0.8/s  elapsed=9.9h  eta=0.9h
  30200/32580  rate=0.8/s  elapsed=10.0h  eta=0.8h
  30400/32580  rate=0.8/s  elapsed=10.0h  eta=0.7h
  30600/32580  rate=0.8/s  elapsed=10.1h  eta=0.7h
  30800/32580  rate=0.8/s  elapsed=10.1h  eta=0.6h
  31000/32580  rate=0.8/s  elapsed=10.2h  eta=0.5h
  31200/32580  rate=0.8/s  elapsed=10.2h  eta=0.5h
  31400/32580  rate=0.8/s  elapsed=10.3h  eta=0.4h
  31600/32580  rate=0.8/s  elapsed=10.4h  eta=0.3h
  31800/32580  rate=0.8/s  elapsed=10.4h  eta=0.3h
  32000/32580  rate=0.8/s  elapsed=10.5h  eta=0.2h
  32200/32580  rate=0.8/s  elapsed=10.6h  eta=0.1h
  32400/32580  rate=0.8/s  elapsed=10.7h  eta=0.1h

Done in 38749s (10.8h)
Saved /tmp/ch2_medium_tcoupled.npz
Cheap cells: 1334426/14335200 = 9.31%
Exc cells:   4500179/14335200 = 31.39%
