E-550 medium walk+SLSQP ALNS. n_chains=4 wall_h=24.0
  components: [121, 20, 20, 20]
  bridge positions: [19, 82, 102, 158, 178]
[c3] init bank mk=228.9748d
[c0] init bank mk=228.9748d
[c1] init bank mk=228.9748d
[c2] init bank mk=228.9748d
[c1] iter=50 elapsed=5.0min walk_ok=19 polish_feas=8 accepted=0 state=228.9748 best=228.9748 T=4.988
[c2] iter=50 elapsed=6.5min walk_ok=17 polish_feas=7 accepted=0 state=228.9748 best=228.9748 T=4.988
[c2] iter=150 elapsed=14.5min walk_ok=51 polish_feas=31 accepted=0 state=228.9748 best=228.9748 T=4.963
[c3] iter=200 elapsed=20.7min walk_ok=65 polish_feas=39 accepted=0 state=228.9748 best=228.9748 T=4.950
[c0] iter=350 elapsed=38.5min walk_ok=111 polish_feas=56 accepted=0 state=228.9748 best=228.9748 T=4.913
[c3] iter=350 elapsed=40.6min walk_ok=124 polish_feas=69 accepted=0 state=228.9748 best=228.9748 T=4.913
[c1] iter=400 elapsed=45.2min walk_ok=152 polish_feas=76 accepted=0 state=228.9748 best=228.9748 T=4.901
[c2] iter=400 elapsed=45.5min walk_ok=148 polish_feas=86 accepted=0 state=228.9748 best=228.9748 T=4.901
[c3] iter=400 elapsed=46.7min walk_ok=144 polish_feas=80 accepted=0 state=228.9748 best=228.9748 T=4.901
[c0] iter=450 elapsed=50.9min walk_ok=152 polish_feas=81 accepted=0 state=228.9748 best=228.9748 T=4.889
[c2] iter=500 elapsed=55.2min walk_ok=182 polish_feas=107 accepted=0 state=228.9748 best=228.9748 T=4.877
[c3] iter=550 elapsed=62.2min walk_ok=194 polish_feas=103 accepted=0 state=228.9748 best=228.9748 T=4.864
[c1] iter=550 elapsed=63.4min walk_ok=205 polish_feas=102 accepted=0 state=228.9748 best=228.9748 T=4.864
[c0] iter=650 elapsed=70.0min walk_ok=213 polish_feas=113 accepted=0 state=228.9748 best=228.9748 T=4.840
[c1] iter=650 elapsed=73.4min walk_ok=239 polish_feas=118 accepted=0 state=228.9748 best=228.9748 T=4.840
[c1] iter=700 elapsed=77.9min walk_ok=257 polish_feas=127 accepted=0 state=228.9748 best=228.9748 T=4.828
[c3] iter=700 elapsed=82.8min walk_ok=255 polish_feas=128 accepted=0 state=228.9748 best=228.9748 T=4.828
[c0] iter=850 elapsed=95.1min walk_ok=278 polish_feas=136 accepted=0 state=228.9748 best=228.9748 T=4.792
[c2] iter=900 elapsed=100.9min walk_ok=323 polish_feas=173 accepted=0 state=228.9748 best=228.9748 T=4.780
[c2] iter=1150 elapsed=128.0min walk_ok=409 polish_feas=214 accepted=0 state=228.9748 best=228.9748 T=4.721
[c1] iter=1400 elapsed=159.0min walk_ok=509 polish_feas=241 accepted=0 state=228.9748 best=228.9748 T=4.662
[c3] iter=1300 elapsed=161.8min walk_ok=477 polish_feas=218 accepted=0 state=228.9748 best=228.9748 T=4.685
[c2] iter=1450 elapsed=164.9min walk_ok=537 polish_feas=280 accepted=0 state=228.9748 best=228.9748 T=4.650
[c3] iter=1400 elapsed=174.6min walk_ok=514 polish_feas=236 accepted=0 state=228.9748 best=228.9748 T=4.662
[c3] iter=1700 elapsed=203.3min walk_ok=624 polish_feas=298 accepted=0 state=228.9748 best=228.9748 T=4.593
[c3] iter=1750 elapsed=211.3min walk_ok=645 polish_feas=310 accepted=0 state=228.9748 best=228.9748 T=4.581
[c0] iter=1900 elapsed=212.6min walk_ok=648 polish_feas=316 accepted=0 state=228.9748 best=228.9748 T=4.547
[c0] iter=1950 elapsed=218.4min walk_ok=665 polish_feas=323 accepted=0 state=228.9748 best=228.9748 T=4.536
[c3] iter=1900 elapsed=228.2min walk_ok=694 polish_feas=329 accepted=0 state=228.9748 best=228.9748 T=4.547
[c2] iter=2200 elapsed=243.9min walk_ok=782 polish_feas=401 accepted=0 state=228.9748 best=228.9748 T=4.479
[c0] iter=2200 elapsed=245.1min walk_ok=755 polish_feas=367 accepted=0 state=228.9748 best=228.9748 T=4.479
[c2] iter=2350 elapsed=257.6min walk_ok=834 polish_feas=434 accepted=0 state=228.9748 best=228.9748 T=4.446
[c2] iter=2400 elapsed=262.5min walk_ok=847 polish_feas=440 accepted=0 state=228.9748 best=228.9748 T=4.435
[c2] iter=2500 elapsed=272.6min walk_ok=884 polish_feas=460 accepted=0 state=228.9748 best=228.9748 T=4.412
[c3] iter=2300 elapsed=273.7min walk_ok=833 polish_feas=395 accepted=0 state=228.9748 best=228.9748 T=4.457
[c1] iter=2500 elapsed=280.2min walk_ok=881 polish_feas=406 accepted=0 state=228.9748 best=228.9748 T=4.412
[c0] iter=2550 elapsed=290.5min walk_ok=876 polish_feas=422 accepted=0 state=228.9748 best=228.9748 T=4.401
[c2] iter=2650 elapsed=293.5min walk_ok=951 polish_feas=494 accepted=0 state=228.9748 best=228.9748 T=4.380
[c2] iter=2800 elapsed=313.8min walk_ok=1008 polish_feas=520 accepted=0 state=228.9748 best=228.9748 T=4.347
[c2] iter=3000 elapsed=335.7min walk_ok=1069 polish_feas=550 accepted=0 state=228.9748 best=228.9748 T=4.304
[c2] iter=3050 elapsed=340.5min walk_ok=1088 polish_feas=559 accepted=0 state=228.9748 best=228.9748 T=4.293
[c2] iter=3150 elapsed=351.8min walk_ok=1130 polish_feas=576 accepted=0 state=228.9748 best=228.9748 T=4.271
[c1] iter=3150 elapsed=356.2min walk_ok=1116 polish_feas=519 accepted=0 state=228.9748 best=228.9748 T=4.271
[c0] iter=3250 elapsed=361.4min walk_ok=1113 polish_feas=536 accepted=0 state=228.9748 best=228.9748 T=4.250
[c2] iter=3350 elapsed=371.7min walk_ok=1196 polish_feas=609 accepted=0 state=228.9748 best=228.9748 T=4.229
[c0] iter=3500 elapsed=389.5min walk_ok=1200 polish_feas=586 accepted=0 state=228.9748 best=228.9748 T=4.197
[c2] iter=3500 elapsed=389.9min walk_ok=1247 polish_feas=629 accepted=0 state=228.9748 best=228.9748 T=4.197
[c1] iter=3500 elapsed=391.8min walk_ok=1233 polish_feas=580 accepted=0 state=228.9748 best=228.9748 T=4.197
[c2] iter=3550 elapsed=396.5min walk_ok=1262 polish_feas=637 accepted=0 state=228.9748 best=228.9748 T=4.187
[c1] iter=3650 elapsed=405.0min walk_ok=1275 polish_feas=600 accepted=0 state=228.9748 best=228.9748 T=4.166
[c0] iter=3700 elapsed=412.8min walk_ok=1272 polish_feas=623 accepted=0 state=228.9748 best=228.9748 T=4.156
[c1] iter=3800 elapsed=423.9min walk_ok=1323 polish_feas=627 accepted=0 state=228.9748 best=228.9748 T=4.135
[c2] iter=3900 elapsed=432.0min walk_ok=1381 polish_feas=696 accepted=0 state=228.9748 best=228.9748 T=4.114
