error    libmamba Could not set lock (Resource temporarily unavailable)
warning  libmamba Cannot lock '/home/julian/.cache/mamba/proc'
    Waiting for other mamba process to finish
[E-726b] loaded 58555 precomputed faithful edges
[E-726e-b] it0: NEW best depth 2/601 makespan 9.3d (d/leg 9.276) [0s]
[E-726e-b] it1: NEW best depth 150/601 makespan 109.8d (d/leg 0.737) [0s]
[E-726e-b] it5: NEW best depth 152/601 makespan 138.0d (d/leg 0.914) [0s]
[E-726e-b] it11: NEW best depth 160/601 makespan 160.5d (d/leg 1.009) [0s]
[E-726e-b] it82: NEW best depth 161/601 makespan 154.4d (d/leg 0.965) [2s]
[E-726e-b] it139: NEW best depth 162/601 makespan 140.4d (d/leg 0.872) [3s]
[E-726e-b] it372: NEW best depth 163/601 makespan 178.6d (d/leg 1.103) [9s]
[E-726e-b] it523: NEW best depth 168/601 makespan 180.5d (d/leg 1.081) [12s]
[E-726e-b] it1125: NEW best depth 169/601 makespan 192.9d (d/leg 1.148) [26s]
[E-726e-b] it2000: best_depth 169 [46s]
[E-726e-b] it2053: NEW best depth 171/601 makespan 217.3d (d/leg 1.278) [47s]
[E-726e-b] it4000: best_depth 171 [92s]
[E-726e-b] it6000: best_depth 171 [135s]
[E-726e-b] it7340: NEW best depth 172/601 makespan 219.6d (d/leg 1.284) [165s]
[E-726e-b] it8000: best_depth 172 [180s]
[E-726e-b] it8868: NEW best depth 179/601 makespan 211.7d (d/leg 1.189) [200s]
[E-726e-b] it10000: best_depth 179 [226s]
[E-726e-b] it12000: best_depth 179 [271s]
[E-726e-b] it14000: best_depth 179 [317s]
[E-726e-b] it16000: best_depth 179 [362s]
[E-726e-b] it18000: best_depth 179 [408s]
[E-726e-b] it20000: best_depth 179 [452s]
[E-726e-b] it22000: best_depth 179 [497s]
[E-726e-b] it24000: best_depth 179 [542s]
[E-726e-b] it26000: best_depth 179 [587s]
[E-726e-b] it28000: best_depth 179 [632s]
[E-726e-b] it30000: best_depth 179 [676s]
[E-726e-b] it32000: best_depth 179 [721s]
[E-726e-b] it34000: best_depth 179 [767s]
[E-726e-b] it36000: best_depth 179 [812s]
[E-726e-b] it38000: best_depth 179 [857s]
[E-726e-b] it40000: best_depth 179 [902s]
[E-726e-b] it42000: best_depth 179 [946s]
[E-726e-b] it44000: best_depth 179 [990s]
[E-726e-b] it46000: best_depth 179 [1035s]
[E-726e-b] it46014: NEW best depth 184/601 makespan 163.2d (d/leg 0.892) [1036s]
[E-726e-b] it48000: best_depth 184 [1080s]
[E-726e-b] it49810: NEW best depth 193/601 makespan 182.9d (d/leg 0.952) [1121s]
[E-726e-b] it50000: best_depth 193 [1125s]
[E-726e-b] it51069: NEW best depth 194/601 makespan 188.5d (d/leg 0.977) [1149s]
[E-726e-b] it52000: best_depth 194 [1170s]
[E-726e-b] it54000: best_depth 194 [1214s]
[E-726e-b] it56000: best_depth 194 [1258s]
[E-726e-b] it58000: best_depth 194 [1303s]
[E-726e-b] it60000: best_depth 194 [1347s]
[E-726e-b] it62000: best_depth 194 [1392s]
[E-726e-b] it64000: best_depth 194 [1437s]
[E-726e-b] it66000: best_depth 194 [1482s]
[E-726e-b] it68000: best_depth 194 [1527s]
[E-726e-b] it70000: best_depth 194 [1571s]
[E-726e-b] it72000: best_depth 194 [1615s]
[E-726e-b] it74000: best_depth 194 [1659s]
[E-726e-b] it76000: best_depth 194 [1704s]
[E-726e-b] it78000: best_depth 194 [1749s]
[E-726e-b] it80000: best_depth 194 [1793s]
[E-726e-b] it82000: best_depth 194 [1837s]
[E-726e-b] it84000: best_depth 194 [1881s]
[E-726e-b] it86000: best_depth 194 [1926s]
[E-726e-b] it88000: best_depth 194 [1972s]
[E-726e-b] it90000: best_depth 194 [2016s]
[E-726e-b] it92000: best_depth 194 [2060s]
[E-726e-b] it94000: best_depth 194 [2106s]
[E-726e-b] it96000: best_depth 194 [2151s]
[E-726e-b] it98000: best_depth 194 [2196s]
[E-726e-b] it100000: best_depth 194 [2242s]
[E-726e-b] it102000: best_depth 194 [2287s]
[E-726e-b] it104000: best_depth 194 [2332s]
[E-726e-b] it106000: best_depth 194 [2377s]
[E-726e-b] it108000: best_depth 194 [2422s]
[E-726e-b] it110000: best_depth 194 [2467s]
[E-726e-b] it112000: best_depth 194 [2512s]
[E-726e-b] it114000: best_depth 194 [2558s]
[E-726e-b] it116000: best_depth 194 [2603s]
[E-726e-b] it118000: best_depth 194 [2650s]
[E-726e-b] it120000: best_depth 194 [2698s]
[E-726e-b] it122000: best_depth 194 [2745s]
[E-726e-b] it124000: best_depth 194 [2790s]
[E-726e-b] it126000: best_depth 194 [2836s]
[E-726e-b] it126047: NEW best depth 220/601 makespan 203.1d (d/leg 0.927) [2837s]
[E-726e-b] it128000: best_depth 220 [2881s]
[E-726e-b] it130000: best_depth 220 [2927s]
[E-726e-b] it132000: best_depth 220 [2973s]
[E-726e-b] it134000: best_depth 220 [3019s]
[E-726e-b] it136000: best_depth 220 [3066s]
[E-726e-b] it138000: best_depth 220 [3112s]
[E-726e-b] it140000: best_depth 220 [3158s]
[E-726e-b] it142000: best_depth 220 [3204s]
[E-726e-b] it144000: best_depth 220 [3250s]
[E-726e-b] it146000: best_depth 220 [3296s]
[E-726e-b] it148000: best_depth 220 [3342s]
[E-726e-b] it150000: best_depth 220 [3386s]
[E-726e-b] it152000: best_depth 220 [3431s]
[E-726e-b] it154000: best_depth 220 [3475s]
[E-726e-b] it156000: best_depth 220 [3521s]
[E-726e-b] it158000: best_depth 220 [3565s]
[E-726e-b] it160000: best_depth 220 [3610s]
[E-726e-b] it162000: best_depth 220 [3655s]
[E-726e-b] it164000: best_depth 220 [3700s]
[E-726e-b] it166000: best_depth 220 [3745s]
[E-726e-b] it168000: best_depth 220 [3789s]
[E-726e-b] it170000: best_depth 220 [3834s]
[E-726e-b] it172000: best_depth 220 [3878s]
[E-726e-b] it174000: best_depth 220 [3922s]
[E-726e-b] it176000: best_depth 220 [3967s]
[E-726e-b] it178000: best_depth 220 [4012s]
[E-726e-b] it180000: best_depth 220 [4058s]
[E-726e-b] it182000: best_depth 220 [4102s]
[E-726e-b] it184000: best_depth 220 [4146s]
[E-726e-b] it186000: best_depth 220 [4191s]
[E-726e-b] it188000: best_depth 220 [4235s]
[E-726e-b] it190000: best_depth 220 [4280s]
[E-726e-b] it192000: best_depth 220 [4324s]
[E-726e-b] it194000: best_depth 220 [4369s]
[E-726e-b] it196000: best_depth 220 [4414s]
[E-726e-b] it198000: best_depth 220 [4458s]
[E-726e-b] it200000: best_depth 220 [4503s]
[E-726e-b] it202000: best_depth 220 [4547s]
[E-726e-b] it204000: best_depth 220 [4592s]
[E-726e-b] it206000: best_depth 220 [4638s]
[E-726e-b] it208000: best_depth 220 [4686s]
[E-726e-b] it210000: best_depth 220 [4734s]
[E-726e-b] it212000: best_depth 220 [4782s]
[E-726e-b] it214000: best_depth 220 [4830s]
[E-726e-b] it216000: best_depth 220 [4876s]
[E-726e-b] it218000: best_depth 220 [4921s]
[E-726e-b] it220000: best_depth 220 [4966s]
[E-726e-b] it222000: best_depth 220 [5011s]
[E-726e-b] it224000: best_depth 220 [5056s]
[E-726e-b] it226000: best_depth 220 [5101s]
[E-726e-b] it228000: best_depth 220 [5149s]
[E-726e-b] it230000: best_depth 220 [5197s]
[E-726e-b] it232000: best_depth 220 [5246s]
[E-726e-b] it234000: best_depth 220 [5294s]
[E-726e-b] it236000: best_depth 220 [5341s]
[E-726e-b] it238000: best_depth 220 [5387s]
[E-726e-b] it240000: best_depth 220 [5433s]
[E-726e-b] it242000: best_depth 220 [5479s]
[E-726e-b] it244000: best_depth 220 [5529s]
[E-726e-b] it246000: best_depth 220 [5577s]
[E-726e-b] it248000: best_depth 220 [5626s]
[E-726e-b] it250000: best_depth 220 [5674s]
[E-726e-b] it252000: best_depth 220 [5724s]
[E-726e-b] it254000: best_depth 220 [5771s]
[E-726e-b] it256000: best_depth 220 [5816s]
[E-726e-b] it258000: best_depth 220 [5862s]
[E-726e-b] it260000: best_depth 220 [5908s]
[E-726e-b] it262000: best_depth 220 [5955s]
[E-726e-b] it264000: best_depth 220 [6000s]
[E-726e-b] it266000: best_depth 220 [6046s]
[E-726e-b] it268000: best_depth 220 [6092s]
[E-726e-b] it270000: best_depth 220 [6138s]
[E-726e-b] it272000: best_depth 220 [6185s]
[E-726e-b] it274000: best_depth 220 [6232s]
[E-726e-b] it276000: best_depth 220 [6277s]
[E-726e-b] it278000: best_depth 220 [6324s]
[E-726e-b] it280000: best_depth 220 [6370s]
[E-726e-b] it282000: best_depth 220 [6416s]
[E-726e-b] it284000: best_depth 220 [6462s]
[E-726e-b] it286000: best_depth 220 [6508s]
[E-726e-b] it288000: best_depth 220 [6555s]
[E-726e-b] it290000: best_depth 220 [6601s]
[E-726e-b] it292000: best_depth 220 [6647s]
[E-726e-b] it294000: best_depth 220 [6693s]
[E-726e-b] it296000: best_depth 220 [6738s]
[E-726e-b] it298000: best_depth 220 [6785s]
[E-726e-b] it300000: best_depth 220 [6834s]
[E-726e-b] it302000: best_depth 220 [6882s]
