error    libmamba Could not set lock (Resource temporarily unavailable)
warning  libmamba Cannot lock '/home/julian/.cache/mamba/proc'
    Waiting for other mamba process to finish
[E-726b] loaded 58555 precomputed faithful edges
[E-726e-j] it0: NEW best depth 143/601 makespan 177.7d (d/leg 1.251) [0s]
[E-726e-j] it3: NEW best depth 151/601 makespan 238.5d (d/leg 1.590) [0s]
[E-726e-j] it5: NEW best depth 152/601 makespan 157.3d (d/leg 1.042) [0s]
[E-726e-j] it10: NEW best depth 158/601 makespan 144.9d (d/leg 0.923) [0s]
[E-726e-j] it16: NEW best depth 159/601 makespan 127.6d (d/leg 0.807) [0s]
[E-726e-j] it59: NEW best depth 168/601 makespan 215.6d (d/leg 1.291) [1s]
[E-726e-j] it274: NEW best depth 172/601 makespan 353.2d (d/leg 2.066) [4s]
[E-726e-j] it1375: NEW best depth 172/601 makespan 291.2d (d/leg 1.703) [21s]
[E-726e-j] it1862: NEW best depth 173/601 makespan 263.0d (d/leg 1.529) [29s]
[E-726e-j] it2000: best_depth 173 [31s]
[E-726e-j] it2026: NEW best depth 176/601 makespan 218.8d (d/leg 1.250) [31s]
[E-726e-j] it2232: NEW best depth 177/601 makespan 263.6d (d/leg 1.498) [34s]
[E-726e-j] it4000: best_depth 177 [61s]
[E-726e-j] it6000: best_depth 177 [90s]
[E-726e-j] it8000: best_depth 177 [119s]
[E-726e-j] it9191: NEW best depth 179/601 makespan 328.1d (d/leg 1.843) [136s]
[E-726e-j] it9560: NEW best depth 179/601 makespan 214.1d (d/leg 1.203) [141s]
[E-726e-j] it10000: best_depth 179 [148s]
[E-726e-j] it10020: NEW best depth 184/601 makespan 371.1d (d/leg 2.028) [148s]
[E-726e-j] it12000: best_depth 184 [176s]
[E-726e-j] it14000: best_depth 184 [205s]
[E-726e-j] it16000: best_depth 184 [234s]
[E-726e-j] it18000: best_depth 184 [263s]
[E-726e-j] it20000: best_depth 184 [292s]
[E-726e-j] it22000: best_depth 184 [321s]
[E-726e-j] it22842: NEW best depth 198/601 makespan 244.9d (d/leg 1.243) [333s]
[E-726e-j] it24000: best_depth 198 [350s]
[E-726e-j] it26000: best_depth 198 [379s]
[E-726e-j] it28000: best_depth 198 [408s]
[E-726e-j] it30000: best_depth 198 [437s]
[E-726e-j] it32000: best_depth 198 [466s]
[E-726e-j] it34000: best_depth 198 [495s]
[E-726e-j] it36000: best_depth 198 [524s]
[E-726e-j] it38000: best_depth 198 [552s]
[E-726e-j] it40000: best_depth 198 [581s]
[E-726e-j] it42000: best_depth 198 [611s]
[E-726e-j] it44000: best_depth 198 [640s]
[E-726e-j] it46000: best_depth 198 [669s]
[E-726e-j] it48000: best_depth 198 [698s]
[E-726e-j] it50000: best_depth 198 [726s]
[E-726e-j] it52000: best_depth 198 [756s]
[E-726e-j] it54000: best_depth 198 [785s]
[E-726e-j] it56000: best_depth 198 [813s]
[E-726e-j] it58000: best_depth 198 [842s]
[E-726e-j] it60000: best_depth 198 [870s]
[E-726e-j] it62000: best_depth 198 [899s]
[E-726e-j] it64000: best_depth 198 [928s]
[E-726e-j] it66000: best_depth 198 [957s]
[E-726e-j] it68000: best_depth 198 [986s]
[E-726e-j] it70000: best_depth 198 [1015s]
[E-726e-j] it72000: best_depth 198 [1044s]
[E-726e-j] it74000: best_depth 198 [1073s]
[E-726e-j] it76000: best_depth 198 [1102s]
[E-726e-j] it78000: best_depth 198 [1131s]
[E-726e-j] it80000: best_depth 198 [1160s]
[E-726e-j] it82000: best_depth 198 [1188s]
[E-726e-j] it84000: best_depth 198 [1218s]
[E-726e-j] it86000: best_depth 198 [1246s]
[E-726e-j] it88000: best_depth 198 [1275s]
[E-726e-j] it90000: best_depth 198 [1304s]
[E-726e-j] it92000: best_depth 198 [1333s]
[E-726e-j] it94000: best_depth 198 [1362s]
[E-726e-j] it96000: best_depth 198 [1390s]
[E-726e-j] it98000: best_depth 198 [1419s]
[E-726e-j] it100000: best_depth 198 [1448s]
[E-726e-j] it102000: best_depth 198 [1476s]
[E-726e-j] it104000: best_depth 198 [1505s]
[E-726e-j] it106000: best_depth 198 [1534s]
[E-726e-j] it108000: best_depth 198 [1563s]
[E-726e-j] it110000: best_depth 198 [1592s]
[E-726e-j] it112000: best_depth 198 [1621s]
[E-726e-j] it114000: best_depth 198 [1650s]
[E-726e-j] it116000: best_depth 198 [1679s]
[E-726e-j] it118000: best_depth 198 [1708s]
[E-726e-j] it120000: best_depth 198 [1738s]
[E-726e-j] it122000: best_depth 198 [1766s]
[E-726e-j] it124000: best_depth 198 [1796s]
[E-726e-j] it126000: best_depth 198 [1824s]
[E-726e-j] it128000: best_depth 198 [1853s]
[E-726e-j] it130000: best_depth 198 [1882s]
[E-726e-j] it132000: best_depth 198 [1911s]
[E-726e-j] it134000: best_depth 198 [1940s]
[E-726e-j] it136000: best_depth 198 [1969s]
[E-726e-j] it138000: best_depth 198 [1998s]
[E-726e-j] it140000: best_depth 198 [2028s]
[E-726e-j] it142000: best_depth 198 [2057s]
[E-726e-j] it144000: best_depth 198 [2086s]
[E-726e-j] it146000: best_depth 198 [2114s]
[E-726e-j] it148000: best_depth 198 [2142s]
[E-726e-j] it148909: NEW best depth 309/601 makespan 449.6d (d/leg 1.460) [2155s]
[E-726e-j] it150000: best_depth 309 [2171s]
[E-726e-j] it151573: NEW best depth 317/601 makespan 455.2d (d/leg 1.440) [2193s]
[E-726e-j] it152000: best_depth 317 [2199s]
[E-726e-j] it154000: best_depth 317 [2228s]
[E-726e-j] it156000: best_depth 317 [2256s]
[E-726e-j] it158000: best_depth 317 [2283s]
[E-726e-j] it160000: best_depth 317 [2312s]
[E-726e-j] it162000: best_depth 317 [2340s]
[E-726e-j] it164000: best_depth 317 [2368s]
[E-726e-j] it166000: best_depth 317 [2395s]
[E-726e-j] it168000: best_depth 317 [2423s]
[E-726e-j] it170000: best_depth 317 [2451s]
[E-726e-j] it172000: best_depth 317 [2479s]
[E-726e-j] it174000: best_depth 317 [2507s]
[E-726e-j] it176000: best_depth 317 [2535s]
[E-726e-j] it178000: best_depth 317 [2563s]
[E-726e-j] it180000: best_depth 317 [2591s]
[E-726e-j] it182000: best_depth 317 [2619s]
[E-726e-j] it184000: best_depth 317 [2647s]
[E-726e-j] it186000: best_depth 317 [2675s]
[E-726e-j] it188000: best_depth 317 [2703s]
[E-726e-j] it190000: best_depth 317 [2731s]
[E-726e-j] it192000: best_depth 317 [2758s]
[E-726e-j] it194000: best_depth 317 [2787s]
[E-726e-j] it196000: best_depth 317 [2815s]
[E-726e-j] it198000: best_depth 317 [2843s]
[E-726e-j] it200000: best_depth 317 [2871s]
[E-726e-j] it202000: best_depth 317 [2899s]
[E-726e-j] it204000: best_depth 317 [2926s]
[E-726e-j] it206000: best_depth 317 [2954s]
[E-726e-j] it208000: best_depth 317 [2982s]
[E-726e-j] it210000: best_depth 317 [3010s]
[E-726e-j] it212000: best_depth 317 [3038s]
[E-726e-j] it214000: best_depth 317 [3066s]
[E-726e-j] it216000: best_depth 317 [3095s]
