error    libmamba Could not set lock (Resource temporarily unavailable)
warning  libmamba Cannot lock '/home/julian/.cache/mamba/proc'
    Waiting for other mamba process to finish
[E-726b] loaded 58555 precomputed faithful edges
[E-726e-h] it0: NEW best depth 8/601 makespan 452.4d (d/leg 64.622) [0s]
[E-726e-h] it1: NEW best depth 155/601 makespan 432.8d (d/leg 2.810) [0s]
[E-726e-h] it3: NEW best depth 158/601 makespan 460.8d (d/leg 2.935) [0s]
[E-726e-h] it7: NEW best depth 162/601 makespan 427.5d (d/leg 2.655) [0s]
[E-726e-h] it39: NEW best depth 167/601 makespan 449.9d (d/leg 2.710) [1s]
[E-726e-h] it136: NEW best depth 170/601 makespan 446.5d (d/leg 2.642) [2s]
[E-726e-h] it1166: NEW best depth 174/601 makespan 429.2d (d/leg 2.481) [15s]
[E-726e-h] it2000: best_depth 174 [26s]
[E-726e-h] it4000: best_depth 174 [51s]
[E-726e-h] it5368: NEW best depth 183/601 makespan 459.7d (d/leg 2.526) [68s]
[E-726e-h] it6000: best_depth 183 [77s]
[E-726e-h] it8000: best_depth 183 [101s]
[E-726e-h] it10000: best_depth 183 [125s]
[E-726e-h] it12000: best_depth 183 [149s]
[E-726e-h] it14000: best_depth 183 [173s]
[E-726e-h] it16000: best_depth 183 [197s]
[E-726e-h] it18000: best_depth 183 [221s]
[E-726e-h] it20000: best_depth 183 [245s]
[E-726e-h] it22000: best_depth 183 [270s]
[E-726e-h] it24000: best_depth 183 [293s]
[E-726e-h] it26000: best_depth 183 [317s]
[E-726e-h] it28000: best_depth 183 [341s]
[E-726e-h] it30000: best_depth 183 [365s]
[E-726e-h] it32000: best_depth 183 [390s]
[E-726e-h] it34000: best_depth 183 [414s]
[E-726e-h] it36000: best_depth 183 [437s]
[E-726e-h] it38000: best_depth 183 [461s]
[E-726e-h] it38764: NEW best depth 186/601 makespan 460.8d (d/leg 2.491) [471s]
[E-726e-h] it40000: best_depth 186 [486s]
[E-726e-h] it42000: best_depth 186 [510s]
[E-726e-h] it44000: best_depth 186 [534s]
[E-726e-h] it46000: best_depth 186 [558s]
[E-726e-h] it48000: best_depth 186 [582s]
[E-726e-h] it50000: best_depth 186 [606s]
[E-726e-h] it52000: best_depth 186 [631s]
[E-726e-h] it52594: NEW best depth 201/601 makespan 459.7d (d/leg 2.298) [638s]
[E-726e-h] it54000: best_depth 201 [655s]
[E-726e-h] it56000: best_depth 201 [678s]
[E-726e-h] it58000: best_depth 201 [702s]
[E-726e-h] it60000: best_depth 201 [726s]
[E-726e-h] it62000: best_depth 201 [751s]
[E-726e-h] it64000: best_depth 201 [774s]
[E-726e-h] it66000: best_depth 201 [798s]
[E-726e-h] it68000: best_depth 201 [822s]
[E-726e-h] it70000: best_depth 201 [847s]
[E-726e-h] it72000: best_depth 201 [871s]
[E-726e-h] it74000: best_depth 201 [895s]
[E-726e-h] it76000: best_depth 201 [919s]
[E-726e-h] it78000: best_depth 201 [943s]
[E-726e-h] it80000: best_depth 201 [967s]
[E-726e-h] it82000: best_depth 201 [991s]
[E-726e-h] it84000: best_depth 201 [1015s]
[E-726e-h] it86000: best_depth 201 [1039s]
[E-726e-h] it88000: best_depth 201 [1063s]
[E-726e-h] it90000: best_depth 201 [1086s]
[E-726e-h] it92000: best_depth 201 [1110s]
[E-726e-h] it94000: best_depth 201 [1134s]
[E-726e-h] it96000: best_depth 201 [1157s]
[E-726e-h] it98000: best_depth 201 [1181s]
[E-726e-h] it100000: best_depth 201 [1205s]
[E-726e-h] it102000: best_depth 201 [1229s]
[E-726e-h] it102626: NEW best depth 203/601 makespan 460.4d (d/leg 2.279) [1236s]
[E-726e-h] it104000: best_depth 203 [1253s]
[E-726e-h] it106000: best_depth 203 [1276s]
[E-726e-h] it108000: best_depth 203 [1300s]
[E-726e-h] it110000: best_depth 203 [1324s]
[E-726e-h] it112000: best_depth 203 [1348s]
[E-726e-h] it114000: best_depth 203 [1372s]
[E-726e-h] it116000: best_depth 203 [1396s]
[E-726e-h] it118000: best_depth 203 [1420s]
[E-726e-h] it120000: best_depth 203 [1443s]
[E-726e-h] it122000: best_depth 203 [1467s]
[E-726e-h] it124000: best_depth 203 [1491s]
[E-726e-h] it126000: best_depth 203 [1515s]
[E-726e-h] it128000: best_depth 203 [1539s]
[E-726e-h] it130000: best_depth 203 [1563s]
[E-726e-h] it132000: best_depth 203 [1587s]
[E-726e-h] it134000: best_depth 203 [1611s]
[E-726e-h] it136000: best_depth 203 [1635s]
[E-726e-h] it138000: best_depth 203 [1659s]
[E-726e-h] it140000: best_depth 203 [1683s]
[E-726e-h] it142000: best_depth 203 [1707s]
[E-726e-h] it144000: best_depth 203 [1731s]
[E-726e-h] it146000: best_depth 203 [1755s]
[E-726e-h] it148000: best_depth 203 [1779s]
[E-726e-h] it150000: best_depth 203 [1803s]
[E-726e-h] it152000: best_depth 203 [1827s]
[E-726e-h] it154000: best_depth 203 [1851s]
[E-726e-h] it156000: best_depth 203 [1875s]
[E-726e-h] it157051: NEW best depth 207/601 makespan 459.9d (d/leg 2.233) [1888s]
[E-726e-h] it158000: best_depth 207 [1899s]
[E-726e-h] it160000: best_depth 207 [1923s]
[E-726e-h] it162000: best_depth 207 [1947s]
[E-726e-h] it164000: best_depth 207 [1971s]
[E-726e-h] it166000: best_depth 207 [1995s]
[E-726e-h] it168000: best_depth 207 [2019s]
[E-726e-h] it170000: best_depth 207 [2043s]
[E-726e-h] it172000: best_depth 207 [2067s]
[E-726e-h] it174000: best_depth 207 [2090s]
[E-726e-h] it176000: best_depth 207 [2115s]
[E-726e-h] it178000: best_depth 207 [2139s]
[E-726e-h] it180000: best_depth 207 [2163s]
[E-726e-h] it182000: best_depth 207 [2187s]
[E-726e-h] it184000: best_depth 207 [2210s]
[E-726e-h] it186000: best_depth 207 [2234s]
[E-726e-h] it188000: best_depth 207 [2258s]
[E-726e-h] it190000: best_depth 207 [2282s]
[E-726e-h] it192000: best_depth 207 [2306s]
[E-726e-h] it194000: best_depth 207 [2330s]
[E-726e-h] it196000: best_depth 207 [2354s]
[E-726e-h] it198000: best_depth 207 [2378s]
[E-726e-h] it200000: best_depth 207 [2402s]
[E-726e-h] it202000: best_depth 207 [2426s]
[E-726e-h] it204000: best_depth 207 [2449s]
[E-726e-h] it206000: best_depth 207 [2473s]
[E-726e-h] it208000: best_depth 207 [2497s]
[E-726e-h] it210000: best_depth 207 [2521s]
[E-726e-h] it212000: best_depth 207 [2546s]
[E-726e-h] it214000: best_depth 207 [2571s]
