error    libmamba Could not set lock (Resource temporarily unavailable)
warning  libmamba Cannot lock '/home/julian/.cache/mamba/proc'
    Waiting for other mamba process to finish
[E-726b] loaded 58555 precomputed faithful edges
[E-726e-c] it0: NEW best depth 6/601 makespan 20.5d (d/leg 4.095) [0s]
[E-726e-c] it1: NEW best depth 160/601 makespan 187.6d (d/leg 1.180) [0s]
[E-726e-c] it11: NEW best depth 164/601 makespan 260.1d (d/leg 1.596) [0s]
[E-726e-c] it400: NEW best depth 164/601 makespan 204.8d (d/leg 1.256) [13s]
[E-726e-c] it674: NEW best depth 166/601 makespan 259.3d (d/leg 1.571) [22s]
[E-726e-c] it1952: NEW best depth 168/601 makespan 275.5d (d/leg 1.649) [63s]
[E-726e-c] it2000: best_depth 168 [64s]
[E-726e-c] it2426: NEW best depth 170/601 makespan 208.9d (d/leg 1.236) [78s]
[E-726e-c] it4000: best_depth 170 [127s]
[E-726e-c] it6000: best_depth 170 [189s]
[E-726e-c] it6771: NEW best depth 172/601 makespan 212.9d (d/leg 1.245) [212s]
[E-726e-c] it6930: NEW best depth 204/601 makespan 284.1d (d/leg 1.399) [218s]
[E-726e-c] it8000: best_depth 204 [251s]
[E-726e-c] it10000: best_depth 204 [314s]
[E-726e-c] it12000: best_depth 204 [376s]
[E-726e-c] it14000: best_depth 204 [438s]
[E-726e-c] it16000: best_depth 204 [500s]
[E-726e-c] it18000: best_depth 204 [563s]
[E-726e-c] it20000: best_depth 204 [626s]
[E-726e-c] it22000: best_depth 204 [688s]
[E-726e-c] it24000: best_depth 204 [752s]
[E-726e-c] it26000: best_depth 204 [814s]
[E-726e-c] it28000: best_depth 204 [878s]
[E-726e-c] it30000: best_depth 204 [940s]
[E-726e-c] it32000: best_depth 204 [1003s]
[E-726e-c] it34000: best_depth 204 [1064s]
[E-726e-c] it36000: best_depth 204 [1128s]
[E-726e-c] it38000: best_depth 204 [1191s]
[E-726e-c] it40000: best_depth 204 [1253s]
[E-726e-c] it42000: best_depth 204 [1315s]
[E-726e-c] it44000: best_depth 204 [1379s]
[E-726e-c] it46000: best_depth 204 [1441s]
[E-726e-c] it48000: best_depth 204 [1504s]
[E-726e-c] it50000: best_depth 204 [1566s]
[E-726e-c] it52000: best_depth 204 [1629s]
[E-726e-c] it54000: best_depth 204 [1692s]
[E-726e-c] it56000: best_depth 204 [1753s]
[E-726e-c] it58000: best_depth 204 [1816s]
[E-726e-c] it60000: best_depth 204 [1878s]
[E-726e-c] it60369: NEW best depth 211/601 makespan 204.6d (d/leg 0.974) [1889s]
[E-726e-c] it62000: best_depth 211 [1940s]
[E-726e-c] it64000: best_depth 211 [2002s]
[E-726e-c] it66000: best_depth 211 [2064s]
[E-726e-c] it68000: best_depth 211 [2127s]
[E-726e-c] it70000: best_depth 211 [2190s]
[E-726e-c] it72000: best_depth 211 [2253s]
[E-726e-c] it74000: best_depth 211 [2316s]
[E-726e-c] it76000: best_depth 211 [2378s]
[E-726e-c] it78000: best_depth 211 [2440s]
[E-726e-c] it80000: best_depth 211 [2504s]
[E-726e-c] it82000: best_depth 211 [2566s]
[E-726e-c] it84000: best_depth 211 [2629s]
[E-726e-c] it86000: best_depth 211 [2696s]
[E-726e-c] it88000: best_depth 211 [2760s]
[E-726e-c] it90000: best_depth 211 [2825s]
[E-726e-c] it92000: best_depth 211 [2890s]
[E-726e-c] it94000: best_depth 211 [2954s]
[E-726e-c] it96000: best_depth 211 [3020s]
[E-726e-c] it98000: best_depth 211 [3085s]
[E-726e-c] it100000: best_depth 211 [3149s]
[E-726e-c] it102000: best_depth 211 [3213s]
[E-726e-c] it104000: best_depth 211 [3276s]
