error    libmamba Could not set lock (Resource temporarily unavailable)
warning  libmamba Cannot lock '/home/julian/.cache/mamba/proc'
    Waiting for other mamba process to finish
[E-726b] loaded 58555 precomputed faithful edges
[E-726e-k] it0: NEW best depth 150/601 makespan 199.1d (d/leg 1.336) [0s]
[E-726e-k] it1: NEW best depth 154/601 makespan 207.4d (d/leg 1.356) [0s]
[E-726e-k] it4: NEW best depth 154/601 makespan 176.8d (d/leg 1.156) [0s]
[E-726e-k] it8: NEW best depth 167/601 makespan 326.5d (d/leg 1.967) [0s]
[E-726e-k] it48: NEW best depth 168/601 makespan 361.3d (d/leg 2.163) [0s]
[E-726e-k] it97: NEW best depth 170/601 makespan 430.4d (d/leg 2.547) [1s]
[E-726e-k] it254: NEW best depth 171/601 makespan 453.4d (d/leg 2.667) [2s]
[E-726e-k] it285: NEW best depth 176/601 makespan 285.5d (d/leg 1.631) [3s]
[E-726e-k] it626: NEW best depth 202/601 makespan 460.2d (d/leg 2.289) [6s]
[E-726e-k] it2000: best_depth 202 [19s]
[E-726e-k] it2945: NEW best depth 211/601 makespan 459.9d (d/leg 2.190) [28s]
[E-726e-k] it4000: best_depth 211 [38s]
[E-726e-k] it5359: NEW best depth 256/601 makespan 460.3d (d/leg 1.805) [51s]
[E-726e-k] it6000: best_depth 256 [57s]
[E-726e-k] it8000: best_depth 256 [75s]
[E-726e-k] it10000: best_depth 256 [93s]
[E-726e-k] it12000: best_depth 256 [111s]
[E-726e-k] it14000: best_depth 256 [129s]
[E-726e-k] it16000: best_depth 256 [146s]
[E-726e-k] it16837: NEW best depth 296/601 makespan 458.7d (d/leg 1.555) [154s]
[E-726e-k] it18000: best_depth 296 [164s]
[E-726e-k] it20000: best_depth 296 [182s]
[E-726e-k] it22000: best_depth 296 [199s]
[E-726e-k] it22452: NEW best depth 304/601 makespan 459.9d (d/leg 1.518) [203s]
[E-726e-k] it24000: best_depth 304 [217s]
[E-726e-k] it26000: best_depth 304 [234s]
[E-726e-k] it28000: best_depth 304 [252s]
[E-726e-k] it30000: best_depth 304 [270s]
[E-726e-k] it32000: best_depth 304 [288s]
[E-726e-k] it33810: NEW best depth 324/601 makespan 454.8d (d/leg 1.408) [305s]
[E-726e-k] it34000: best_depth 324 [307s]
[E-726e-k] it36000: best_depth 324 [326s]
[E-726e-k] it38000: best_depth 324 [345s]
[E-726e-k] it40000: best_depth 324 [364s]
[E-726e-k] it42000: best_depth 324 [383s]
[E-726e-k] it44000: best_depth 324 [402s]
[E-726e-k] it46000: best_depth 324 [420s]
[E-726e-k] it48000: best_depth 324 [439s]
[E-726e-k] it50000: best_depth 324 [457s]
[E-726e-k] it52000: best_depth 324 [476s]
[E-726e-k] it54000: best_depth 324 [495s]
[E-726e-k] it56000: best_depth 324 [514s]
[E-726e-k] it58000: best_depth 324 [532s]
[E-726e-k] it60000: best_depth 324 [550s]
[E-726e-k] it62000: best_depth 324 [568s]
[E-726e-k] it64000: best_depth 324 [587s]
[E-726e-k] it66000: best_depth 324 [605s]
[E-726e-k] it68000: best_depth 324 [624s]
[E-726e-k] it70000: best_depth 324 [643s]
[E-726e-k] it72000: best_depth 324 [661s]
[E-726e-k] it74000: best_depth 324 [679s]
[E-726e-k] it76000: best_depth 324 [697s]
[E-726e-k] it78000: best_depth 324 [714s]
[E-726e-k] it80000: best_depth 324 [732s]
[E-726e-k] it82000: best_depth 324 [750s]
[E-726e-k] it84000: best_depth 324 [768s]
[E-726e-k] it86000: best_depth 324 [785s]
[E-726e-k] it88000: best_depth 324 [803s]
[E-726e-k] it90000: best_depth 324 [821s]
[E-726e-k] it92000: best_depth 324 [839s]
[E-726e-k] it94000: best_depth 324 [857s]
[E-726e-k] it96000: best_depth 324 [875s]
[E-726e-k] it98000: best_depth 324 [892s]
[E-726e-k] it100000: best_depth 324 [909s]
[E-726e-k] it102000: best_depth 324 [927s]
[E-726e-k] it104000: best_depth 324 [944s]
[E-726e-k] it106000: best_depth 324 [962s]
[E-726e-k] it108000: best_depth 324 [979s]
[E-726e-k] it110000: best_depth 324 [997s]
[E-726e-k] it112000: best_depth 324 [1014s]
[E-726e-k] it114000: best_depth 324 [1031s]
[E-726e-k] it116000: best_depth 324 [1049s]
[E-726e-k] it118000: best_depth 324 [1066s]
[E-726e-k] it120000: best_depth 324 [1084s]
[E-726e-k] it122000: best_depth 324 [1101s]
[E-726e-k] it124000: best_depth 324 [1118s]
[E-726e-k] it126000: best_depth 324 [1136s]
[E-726e-k] it128000: best_depth 324 [1153s]
[E-726e-k] it130000: best_depth 324 [1171s]
[E-726e-k] it132000: best_depth 324 [1188s]
[E-726e-k] it134000: best_depth 324 [1205s]
[E-726e-k] it136000: best_depth 324 [1223s]
[E-726e-k] it138000: best_depth 324 [1240s]
[E-726e-k] it140000: best_depth 324 [1257s]
[E-726e-k] it142000: best_depth 324 [1275s]
[E-726e-k] it144000: best_depth 324 [1292s]
[E-726e-k] it146000: best_depth 324 [1309s]
[E-726e-k] it148000: best_depth 324 [1326s]
[E-726e-k] it150000: best_depth 324 [1343s]
[E-726e-k] it152000: best_depth 324 [1360s]
[E-726e-k] it154000: best_depth 324 [1377s]
[E-726e-k] it156000: best_depth 324 [1395s]
[E-726e-k] it158000: best_depth 324 [1412s]
[E-726e-k] it160000: best_depth 324 [1428s]
[E-726e-k] it162000: best_depth 324 [1446s]
[E-726e-k] it164000: best_depth 324 [1463s]
[E-726e-k] it166000: best_depth 324 [1479s]
[E-726e-k] it168000: best_depth 324 [1496s]
[E-726e-k] it170000: best_depth 324 [1513s]
[E-726e-k] it172000: best_depth 324 [1530s]
[E-726e-k] it174000: best_depth 324 [1547s]
[E-726e-k] it176000: best_depth 324 [1564s]
[E-726e-k] it178000: best_depth 324 [1580s]
[E-726e-k] it180000: best_depth 324 [1597s]
[E-726e-k] it182000: best_depth 324 [1614s]
[E-726e-k] it184000: best_depth 324 [1631s]
[E-726e-k] it186000: best_depth 324 [1649s]
[E-726e-k] it188000: best_depth 324 [1665s]
[E-726e-k] it190000: best_depth 324 [1682s]
[E-726e-k] it192000: best_depth 324 [1699s]
[E-726e-k] it194000: best_depth 324 [1716s]
[E-726e-k] it196000: best_depth 324 [1733s]
[E-726e-k] it198000: best_depth 324 [1750s]
[E-726e-k] it200000: best_depth 324 [1767s]
[E-726e-k] it202000: best_depth 324 [1784s]
[E-726e-k] it204000: best_depth 324 [1801s]
[E-726e-k] it206000: best_depth 324 [1818s]
[E-726e-k] it208000: best_depth 324 [1834s]
[E-726e-k] it210000: best_depth 324 [1851s]
[E-726e-k] it212000: best_depth 324 [1868s]
[E-726e-k] it214000: best_depth 324 [1885s]
[E-726e-k] it216000: best_depth 324 [1902s]
[E-726e-k] it218000: best_depth 324 [1919s]
[E-726e-k] it220000: best_depth 324 [1936s]
[E-726e-k] it222000: best_depth 324 [1953s]
[E-726e-k] it224000: best_depth 324 [1970s]
[E-726e-k] it226000: best_depth 324 [1987s]
[E-726e-k] it228000: best_depth 324 [2004s]
[E-726e-k] it230000: best_depth 324 [2020s]
[E-726e-k] it232000: best_depth 324 [2038s]
[E-726e-k] it234000: best_depth 324 [2055s]
[E-726e-k] it236000: best_depth 324 [2072s]
[E-726e-k] it238000: best_depth 324 [2089s]
[E-726e-k] it240000: best_depth 324 [2106s]
[E-726e-k] it242000: best_depth 324 [2123s]
[E-726e-k] it244000: best_depth 324 [2140s]
[E-726e-k] it246000: best_depth 324 [2157s]
[E-726e-k] it248000: best_depth 324 [2174s]
[E-726e-k] it250000: best_depth 324 [2191s]
[E-726e-k] it252000: best_depth 324 [2208s]
[E-726e-k] it254000: best_depth 324 [2224s]
[E-726e-k] it256000: best_depth 324 [2241s]
[E-726e-k] it258000: best_depth 324 [2258s]
[E-726e-k] it260000: best_depth 324 [2275s]
[E-726e-k] it262000: best_depth 324 [2292s]
[E-726e-k] it264000: best_depth 324 [2309s]
[E-726e-k] it266000: best_depth 324 [2326s]
[E-726e-k] it268000: best_depth 324 [2342s]
[E-726e-k] it270000: best_depth 324 [2359s]
[E-726e-k] it272000: best_depth 324 [2376s]
[E-726e-k] it274000: best_depth 324 [2393s]
[E-726e-k] it276000: best_depth 324 [2410s]
[E-726e-k] it278000: best_depth 324 [2427s]
[E-726e-k] it280000: best_depth 324 [2444s]
[E-726e-k] it282000: best_depth 324 [2461s]
[E-726e-k] it284000: best_depth 324 [2478s]
[E-726e-k] it286000: best_depth 324 [2494s]
[E-726e-k] it288000: best_depth 324 [2511s]
[E-726e-k] it290000: best_depth 324 [2528s]
[E-726e-k] it292000: best_depth 324 [2545s]
[E-726e-k] it294000: best_depth 324 [2562s]
[E-726e-k] it296000: best_depth 324 [2579s]
[E-726e-k] it298000: best_depth 324 [2596s]
[E-726e-k] it300000: best_depth 324 [2613s]
[E-726e-k] it302000: best_depth 324 [2630s]
[E-726e-k] it304000: best_depth 324 [2647s]
[E-726e-k] it306000: best_depth 324 [2664s]
[E-726e-k] it308000: best_depth 324 [2681s]
[E-726e-k] it310000: best_depth 324 [2699s]
[E-726e-k] it312000: best_depth 324 [2716s]
[E-726e-k] it314000: best_depth 324 [2734s]
[E-726e-k] it316000: best_depth 324 [2752s]
[E-726e-k] it318000: best_depth 324 [2770s]
[E-726e-k] it320000: best_depth 324 [2787s]
[E-726e-k] it322000: best_depth 324 [2805s]
[E-726e-k] it324000: best_depth 324 [2823s]
[E-726e-k] it326000: best_depth 324 [2841s]
[E-726e-k] it328000: best_depth 324 [2858s]
[E-726e-k] it330000: best_depth 324 [2876s]
[E-726e-k] it332000: best_depth 324 [2893s]
[E-726e-k] it334000: best_depth 324 [2912s]
[E-726e-k] it336000: best_depth 324 [2930s]
[E-726e-k] it338000: best_depth 324 [2948s]
[E-726e-k] it340000: best_depth 324 [2967s]
[E-726e-k] it342000: best_depth 324 [2986s]
[E-726e-k] it343310: NEW best depth 332/601 makespan 458.7d (d/leg 1.386) [2999s]
[E-726e-k] it344000: best_depth 332 [3006s]
[E-726e-k] it346000: best_depth 332 [3024s]
[E-726e-k] it348000: best_depth 332 [3043s]
[E-726e-k] it350000: best_depth 332 [3062s]
[E-726e-k] it352000: best_depth 332 [3081s]
