error    libmamba Could not set lock (Resource temporarily unavailable)
warning  libmamba Cannot lock '/home/julian/.cache/mamba/proc'
    Waiting for other mamba process to finish
[E-732] giant n=601; H_all(sum min-in tof)=16.5d; sum over 601 legs at min-tof = a hard LB on any complete tour's flight time
[E-732] depth 10/601 g=4.1d f=20.3 d/leg 0.450 |open|=1328 [1s pop 1257]
[E-732] depth 20/601 g=8.1d f=24.0 d/leg 0.424 |open|=2363 [3s pop 6171]
[E-732] depth 30/601 g=12.1d f=27.8 d/leg 0.416 |open|=2380 [5s pop 12347]
[E-732] depth 40/601 g=16.1d f=31.5 d/leg 0.412 |open|=2255 [7s pop 18601]
[E-732] depth 50/601 g=20.5d f=35.7 d/leg 0.418 |open|=2066 [9s pop 24785]
[E-732] depth 60/601 g=24.5d f=39.4 d/leg 0.415 |open|=2244 [11s pop 30549]
[E-732] depth 70/601 g=28.8d f=43.5 d/leg 0.418 |open|=3073 [13s pop 38159]
[E-732] depth 80/601 g=32.9d f=47.3 d/leg 0.416 |open|=5711 [16s pop 48623]
[E-732] depth 90/601 g=37.0d f=51.1 d/leg 0.415 |open|=5617 [20s pop 62510]
[E-732] depth 100/601 g=41.7d f=55.6 d/leg 0.421 |open|=4253 [24s pop 75956]
[E-732] depth 110/601 g=45.7d f=59.4 d/leg 0.419 |open|=2906 [27s pop 85791]
[E-732] depth 120/601 g=50.5d f=63.9 d/leg 0.424 |open|=2317 [30s pop 94825]
[E-732] depth 130/601 g=54.5d f=67.6 d/leg 0.422 |open|=2463 [31s pop 101267]
[E-732] depth 140/601 g=60.9d f=73.8 d/leg 0.438 |open|=2581 [34s pop 112171]
[E-732] depth 150/601 g=67.9d f=80.6 d/leg 0.456 |open|=1991 [37s pop 122887]
[E-732] depth 160/601 g=78.2d f=90.6 d/leg 0.492 |open|=1246 [39s pop 134534]
[E-732] depth 170/601 g=85.8d f=97.8 d/leg 0.507 |open|=1001 [40s pop 140603]
[E-732] depth 180/601 g=91.8d f=103.5 d/leg 0.513 |open|=919 [41s pop 144739]
[E-732] depth 190/601 g=96.5d f=107.9 d/leg 0.510 |open|=839 [41s pop 147452]
[E-732] depth 200/601 g=100.8d f=112.0 d/leg 0.507 |open|=718 [41s pop 149558]
[E-732] depth 210/601 g=105.9d f=116.9 d/leg 0.507 |open|=528 [42s pop 151400]
[E-732] depth 220/601 g=111.7d f=122.4 d/leg 0.510 |open|=347 [42s pop 152810]
[E-732] depth 230/601 g=120.1d f=130.6 d/leg 0.525 |open|=72 [42s pop 154129]
[E-732] depth 240/601 g=145.2d f=155.3 d/leg 0.607 |open|=0 [42s pop 154366]
[E-732] DONE best_depth 240/601 best_mk none [42s pop 154366]
