[E-731] medium n=181 dv_thr=100.0 exc_thr=600.0 n_exc=5; lazy fine-scan evaluator
[E-731] labeling-DP evaluator TQ=0.05d tofstep=0.02d horizon=250.0d
[E-731] loaded 3157 cached edge-windows from base
[E-731] cheap adjacency: 3152 edges
[E-731] POS-CONTROL bank order: retimer makespan 182.11d (exc 5) vs official 189.10 [62s]
[E-731] bank order official re-score from retimer schedule: 182.11d viols [0.0, 0.0, 0.0, 0.0]
[E-731][m] it0: cur 182.11 proxy-best 182.11 off-best 189.10 acc 0 [62s]
[E-731][m] it500: cur 182.11 proxy-best 182.11 off-best 189.10 acc 0 [62s]
[E-731][m] it1000: cur 182.11 proxy-best 182.11 off-best 189.10 acc 4 [63s]
[E-731][m] it1500: cur 182.11 proxy-best 182.11 off-best 189.10 acc 6 [64s]
[E-731][m] it2000: cur 182.11 proxy-best 182.11 off-best 189.10 acc 14 [65s]
[E-731][m] it2500: cur 182.11 proxy-best 182.11 off-best 189.10 acc 14 [66s]
[E-731][m] it3000: cur 182.11 proxy-best 182.11 off-best 189.10 acc 17 [67s]
[E-731][m] it3500: cur 182.11 proxy-best 182.11 off-best 189.10 acc 21 [68s]
[E-731][m] it4000: cur 182.11 proxy-best 182.11 off-best 189.10 acc 24 [68s]
[E-731][m] it4500: cur 182.11 proxy-best 182.11 off-best 189.10 acc 25 [69s]
[E-731][m] it5000: cur 182.11 proxy-best 182.11 off-best 189.10 acc 25 [70s]
[E-731][m] it6000: cur 182.11 proxy-best 182.11 off-best 189.10 acc 36 [72s]
[E-731][m] it6500: cur 182.11 proxy-best 182.11 off-best 189.10 acc 45 [73s]
[E-731][m] it7000: cur 182.11 proxy-best 182.11 off-best 189.10 acc 47 [73s]
[E-731][m] it7500: cur 182.16 proxy-best 182.11 off-best 189.10 acc 50 [74s]
[E-731][m] it8000: cur 182.11 proxy-best 182.11 off-best 189.10 acc 50 [75s]
[E-731][m] it8500: cur 182.11 proxy-best 182.11 off-best 189.10 acc 51 [76s]
[E-731][m] it9000: cur 182.11 proxy-best 182.11 off-best 189.10 acc 54 [77s]
[E-731][m] it9500: cur 182.11 proxy-best 182.11 off-best 189.10 acc 55 [78s]
[E-731][m] it10000: cur 182.11 proxy-best 182.11 off-best 189.10 acc 58 [79s]
[E-731][m] it10500: cur 182.11 proxy-best 182.11 off-best 189.10 acc 59 [79s]
[E-731][m] it11000: cur 182.11 proxy-best 182.11 off-best 189.10 acc 62 [80s]
[E-731][m] it11500: cur 182.11 proxy-best 182.11 off-best 189.10 acc 65 [81s]
[E-731][m] it12000: cur 182.11 proxy-best 182.11 off-best 189.10 acc 70 [82s]
[E-731][m] it12500: cur 182.11 proxy-best 182.11 off-best 189.10 acc 75 [83s]
[E-731][m] it13000: cur 182.11 proxy-best 182.11 off-best 189.10 acc 78 [84s]
[E-731][m] it14000: cur 182.11 proxy-best 182.11 off-best 189.10 acc 85 [85s]
[E-731][m] it14500: cur 182.11 proxy-best 182.11 off-best 189.10 acc 85 [86s]
[E-731][m] it15000: cur 182.11 proxy-best 182.11 off-best 189.10 acc 87 [87s]
[E-731][m] it15500: cur 182.11 proxy-best 182.11 off-best 189.10 acc 91 [88s]
[E-731][m] it16000: cur 182.11 proxy-best 182.11 off-best 189.10 acc 95 [89s]
[E-731][m] it16500: cur 182.11 proxy-best 182.11 off-best 189.10 acc 95 [90s]
[E-731][m] it17000: cur 182.11 proxy-best 182.11 off-best 189.10 acc 99 [90s]
[E-731][m] it17500: cur 182.11 proxy-best 182.11 off-best 189.10 acc 102 [91s]
[E-731][m] it18000: cur 182.11 proxy-best 182.11 off-best 189.10 acc 106 [92s]
[E-731][m] it18500: cur 182.11 proxy-best 182.11 off-best 189.10 acc 107 [93s]
[E-731][m] it19000: cur 182.11 proxy-best 182.11 off-best 189.10 acc 109 [94s]
[E-731][m] it19500: cur 182.11 proxy-best 182.11 off-best 189.10 acc 112 [95s]
[E-731][m] it20000: cur 182.11 proxy-best 182.11 off-best 189.10 acc 117 [95s]
[E-731][m] it20500: cur 182.11 proxy-best 182.11 off-best 189.10 acc 117 [96s]
[E-731][m] it21000: cur 182.11 proxy-best 182.11 off-best 189.10 acc 121 [97s]
[E-731][m] it21500: cur 182.11 proxy-best 182.11 off-best 189.10 acc 121 [98s]
[E-731][m] it22000: cur 182.11 proxy-best 182.11 off-best 189.10 acc 121 [99s]
[E-731][m] it22500: cur 182.11 proxy-best 182.11 off-best 189.10 acc 121 [100s]
[E-731][m] it23000: cur 182.11 proxy-best 182.11 off-best 189.10 acc 124 [101s]
[E-731][m] it23500: cur 182.11 proxy-best 182.11 off-best 189.10 acc 131 [101s]
[E-731][m] it24000: cur 182.11 proxy-best 182.11 off-best 189.10 acc 133 [102s]
[E-731][m] it24500: cur 182.11 proxy-best 182.11 off-best 189.10 acc 136 [103s]
[E-731][m] it25000: cur 182.11 proxy-best 182.11 off-best 189.10 acc 138 [104s]
[E-731][m] it25500: cur 182.11 proxy-best 182.11 off-best 189.10 acc 140 [105s]
[E-731][m] it26000: cur 182.11 proxy-best 182.11 off-best 189.10 acc 142 [106s]
[E-731][m] it26500: cur 182.11 proxy-best 182.11 off-best 189.10 acc 148 [106s]
[E-731][m] it27000: cur 182.11 proxy-best 182.11 off-best 189.10 acc 152 [107s]
[E-731][m] it27500: cur 182.11 proxy-best 182.11 off-best 189.10 acc 152 [108s]
[E-731][m] it28000: cur 182.11 proxy-best 182.11 off-best 189.10 acc 153 [109s]
[E-731][m] it28500: cur 182.11 proxy-best 182.11 off-best 189.10 acc 156 [110s]
[E-731][m] it29000: cur 182.11 proxy-best 182.11 off-best 189.10 acc 156 [111s]
[E-731][m] it29500: cur 182.11 proxy-best 182.11 off-best 189.10 acc 158 [111s]
[E-731][m] it30000: cur 182.11 proxy-best 182.11 off-best 189.10 acc 158 [112s]
[E-731][m] it30500: cur 182.11 proxy-best 182.11 off-best 189.10 acc 158 [113s]
[E-731][m] it31000: cur 182.11 proxy-best 182.11 off-best 189.10 acc 163 [114s]
[E-731][m] it31500: cur 182.11 proxy-best 182.11 off-best 189.10 acc 166 [115s]
[E-731][m] it32000: cur 182.11 proxy-best 182.11 off-best 189.10 acc 171 [116s]
[E-731][m] it32500: cur 182.11 proxy-best 182.11 off-best 189.10 acc 172 [116s]
[E-731][m] it33000: cur 182.11 proxy-best 182.11 off-best 189.10 acc 173 [117s]
[E-731][m] it33500: cur 182.11 proxy-best 182.11 off-best 189.10 acc 174 [118s]
[E-731][m] it34000: cur 182.11 proxy-best 182.11 off-best 189.10 acc 178 [119s]
[E-731][m] it34500: cur 182.11 proxy-best 182.11 off-best 189.10 acc 178 [120s]
[E-731][m] it35000: cur 182.11 proxy-best 182.11 off-best 189.10 acc 181 [121s]
[E-731][m] it35500: cur 182.11 proxy-best 182.11 off-best 189.10 acc 184 [121s]
[E-731][m] it36000: cur 182.11 proxy-best 182.11 off-best 189.10 acc 191 [122s]
[E-731][m] it36500: cur 182.11 proxy-best 182.11 off-best 189.10 acc 193 [123s]
[E-731][m] it37000: cur 182.11 proxy-best 182.11 off-best 189.10 acc 197 [124s]
[E-731][m] it37500: cur 182.11 proxy-best 182.11 off-best 189.10 acc 198 [125s]
[E-731][m] it38000: cur 182.11 proxy-best 182.11 off-best 189.10 acc 200 [126s]
[E-731][m] it38500: cur 182.11 proxy-best 182.11 off-best 189.10 acc 201 [127s]
[E-731][m] it39000: cur 182.11 proxy-best 182.11 off-best 189.10 acc 202 [127s]
[E-731][m] it39500: cur 182.11 proxy-best 182.11 off-best 189.10 acc 203 [128s]
[E-731][m] it40000: cur 182.11 proxy-best 182.11 off-best 189.10 acc 209 [129s]
[E-731][m] it40500: cur 182.11 proxy-best 182.11 off-best 189.10 acc 212 [130s]
[E-731][m] it41000: cur 182.11 proxy-best 182.11 off-best 189.10 acc 214 [131s]
[E-731][m] it41500: cur 182.11 proxy-best 182.11 off-best 189.10 acc 215 [132s]
[E-731][m] it42000: cur 182.11 proxy-best 182.11 off-best 189.10 acc 217 [132s]
[E-731][m] it42500: cur 182.11 proxy-best 182.11 off-best 189.10 acc 222 [133s]
[E-731][m] it43000: cur 182.11 proxy-best 182.11 off-best 189.10 acc 225 [134s]
[E-731][m] it43500: cur 182.11 proxy-best 182.11 off-best 189.10 acc 225 [135s]
[E-731][m] it44000: cur 182.11 proxy-best 182.11 off-best 189.10 acc 226 [136s]
[E-731][m] it45500: cur 184.05 proxy-best 182.11 off-best 189.10 acc 237 [138s]
[E-731][m] it46000: cur 184.05 proxy-best 182.11 off-best 189.10 acc 238 [139s]
[E-731][m] it46500: cur 184.05 proxy-best 182.11 off-best 189.10 acc 240 [140s]
[E-731][m] it47000: cur 183.23 proxy-best 182.11 off-best 189.10 acc 245 [141s]
[E-731][m] it47500: cur 184.05 proxy-best 182.11 off-best 189.10 acc 247 [142s]
[E-731][m] it48000: cur 182.11 proxy-best 182.11 off-best 189.10 acc 251 [143s]
[E-731][m] it48500: cur 182.11 proxy-best 182.11 off-best 189.10 acc 255 [143s]
[E-731][m] it49000: cur 182.11 proxy-best 182.11 off-best 189.10 acc 255 [144s]
[E-731][m] it49500: cur 182.11 proxy-best 182.11 off-best 189.10 acc 265 [145s]
[E-731][m] it50000: cur 182.11 proxy-best 182.11 off-best 189.10 acc 267 [146s]
[E-731][m] it50500: cur 182.11 proxy-best 182.11 off-best 189.10 acc 269 [147s]
[E-731][m] it51000: cur 182.11 proxy-best 182.11 off-best 189.10 acc 273 [148s]
[E-731][m] it51500: cur 182.11 proxy-best 182.11 off-best 189.10 acc 275 [148s]
[E-731][m] it52000: cur 182.11 proxy-best 182.11 off-best 189.10 acc 279 [149s]
[E-731][m] it52500: cur 182.11 proxy-best 182.11 off-best 189.10 acc 282 [150s]
[E-731][m] it53000: cur 182.11 proxy-best 182.11 off-best 189.10 acc 283 [151s]
[E-731][m] it53500: cur 182.11 proxy-best 182.11 off-best 189.10 acc 286 [152s]
[E-731][m] it54000: cur 182.11 proxy-best 182.11 off-best 189.10 acc 290 [153s]
[E-731][m] it54500: cur 182.11 proxy-best 182.11 off-best 189.10 acc 295 [153s]
[E-731][m] it55000: cur 182.11 proxy-best 182.11 off-best 189.10 acc 300 [154s]
[E-731][m] it55500: cur 182.11 proxy-best 182.11 off-best 189.10 acc 303 [155s]
[E-731][m] it56000: cur 182.11 proxy-best 182.11 off-best 189.10 acc 306 [156s]
[E-731][m] it56500: cur 182.11 proxy-best 182.11 off-best 189.10 acc 307 [157s]
