[E-722] reach-beam W=40 K=18 thresh=22 (|HARD|=112) LAM=0.5 Crit=3; n=601; 1 seed(s)
[E-722] positive control: depth1 -> 18 successors [0s]
  depth 2: |beam|=18 best_depth=2 min_t=0.3d (d/leg 0.326) | max_hard_in_beam=0/112 [0s]
  depth 3: |beam|=40 best_depth=3 min_t=0.9d (d/leg 0.443) | max_hard_in_beam=0/112 [2s]
  depth 4: |beam|=40 best_depth=4 min_t=1.0d (d/leg 0.323) | max_hard_in_beam=0/112 [5s]
  depth 5: |beam|=40 best_depth=5 min_t=1.1d (d/leg 0.277) | max_hard_in_beam=0/112 [8s]
  depth 21: |beam|=40 best_depth=21 min_t=5.5d (d/leg 0.276) | max_hard_in_beam=0/112 [84s]
  depth 41: |beam|=40 best_depth=41 min_t=9.8d (d/leg 0.245) | max_hard_in_beam=0/112 [192s]
  depth 61: |beam|=40 best_depth=61 min_t=14.4d (d/leg 0.240) | max_hard_in_beam=0/112 [298s]
  depth 81: |beam|=40 best_depth=81 min_t=19.0d (d/leg 0.237) | max_hard_in_beam=0/112 [405s]
  depth 101: |beam|=40 best_depth=101 min_t=23.4d (d/leg 0.234) | max_hard_in_beam=0/112 [531s]
  depth 121: |beam|=40 best_depth=121 min_t=30.6d (d/leg 0.255) | max_hard_in_beam=1/112 [689s]
  depth 141: |beam|=40 best_depth=141 min_t=38.6d (d/leg 0.276) | max_hard_in_beam=4/112 [808s]
  depth 161: |beam|=40 best_depth=161 min_t=54.8d (d/leg 0.342) | max_hard_in_beam=19/112 [881s]
  depth 181: |beam|=40 best_depth=181 min_t=62.6d (d/leg 0.348) | max_hard_in_beam=19/112 [954s]
  depth 201: |beam|=40 best_depth=201 min_t=66.3d (d/leg 0.331) | max_hard_in_beam=19/112 [1050s]
  depth 221: |beam|=40 best_depth=221 min_t=70.4d (d/leg 0.320) | max_hard_in_beam=19/112 [1148s]
  depth 241: |beam|=40 best_depth=241 min_t=74.4d (d/leg 0.310) | max_hard_in_beam=19/112 [1262s]
  depth 261: |beam|=40 best_depth=261 min_t=78.9d (d/leg 0.303) | max_hard_in_beam=19/112 [1407s]
  depth 281: |beam|=40 best_depth=281 min_t=84.2d (d/leg 0.301) | max_hard_in_beam=19/112 [1559s]
  depth 301: |beam|=40 best_depth=301 min_t=92.6d (d/leg 0.309) | max_hard_in_beam=23/112 [1655s]
  depth 321: |beam|=40 best_depth=321 min_t=111.1d (d/leg 0.347) | max_hard_in_beam=32/112 [1714s]
  depth 341: |beam|=40 best_depth=341 min_t=136.1d (d/leg 0.400) | max_hard_in_beam=44/112 [1789s]
  depth 361: |beam|=40 best_depth=361 min_t=152.4d (d/leg 0.423) | max_hard_in_beam=51/112 [1897s]
  depth 381: |beam|=40 best_depth=381 min_t=164.5d (d/leg 0.433) | max_hard_in_beam=54/112 [1988s]
  depth 401: |beam|=40 best_depth=401 min_t=168.4d (d/leg 0.421) | max_hard_in_beam=54/112 [2087s]
  depth 421: |beam|=40 best_depth=421 min_t=173.4d (d/leg 0.413) | max_hard_in_beam=54/112 [2223s]
  depth 441: |beam|=40 best_depth=441 min_t=176.9d (d/leg 0.402) | max_hard_in_beam=54/112 [2347s]
  depth 461: |beam|=40 best_depth=461 min_t=180.9d (d/leg 0.393) | max_hard_in_beam=54/112 [2498s]
  depth 481: |beam|=40 best_depth=481 min_t=186.9d (d/leg 0.389) | max_hard_in_beam=54/112 [2658s]
  depth 501: |beam|=40 best_depth=501 min_t=194.1d (d/leg 0.388) | max_hard_in_beam=57/112 [2796s]
  depth 521: |beam|=40 best_depth=521 min_t=209.4d (d/leg 0.403) | max_hard_in_beam=65/112 [2860s]
  depth 541: |beam|=40 best_depth=541 min_t=234.6d (d/leg 0.434) | max_hard_in_beam=75/112 [2902s]
  depth 561: |beam|=39 best_depth=561 min_t=261.5d (d/leg 0.467) | max_hard_in_beam=88/112 [2920s]
  depth 581: |beam|=3 best_depth=581 min_t=339.0d (d/leg 0.584) | max_hard_in_beam=99/112 [2924s]
[E-722] beam stranded at depth 583

[E-722] DONE: deepest 583/601, makespan 343.1d (d/leg 0.590); hard threaded 99/112; rank-1=424.62; coverage-beam baseline=575 [2924s]
[E-722] *** 583/601 > 575 (coverage-beam cap) -> fail-first threads more; push.
