[E-722] reach-beam W=100 K=18 thresh=22 (|HARD|=112) LAM=0.5 Crit=3; n=601; 8 seed(s)
[E-722] positive control: depth1 -> 135 successors [0s]
  depth 2: |beam|=100 best_depth=2 min_t=0.0d (d/leg 0.036) | max_hard_in_beam=2/112 [0s]
  depth 3: |beam|=100 best_depth=3 min_t=0.1d (d/leg 0.055) | max_hard_in_beam=0/112 [11s]
  depth 4: |beam|=100 best_depth=4 min_t=0.2d (d/leg 0.061) | max_hard_in_beam=0/112 [19s]
  depth 5: |beam|=100 best_depth=5 min_t=0.5d (d/leg 0.134) | max_hard_in_beam=0/112 [28s]
  depth 21: |beam|=100 best_depth=21 min_t=4.2d (d/leg 0.209) | max_hard_in_beam=0/112 [201s]
  depth 41: |beam|=100 best_depth=41 min_t=8.4d (d/leg 0.210) | max_hard_in_beam=0/112 [438s]
  depth 61: |beam|=100 best_depth=61 min_t=12.3d (d/leg 0.205) | max_hard_in_beam=0/112 [720s]
  depth 81: |beam|=100 best_depth=81 min_t=16.9d (d/leg 0.211) | max_hard_in_beam=0/112 [1024s]
  depth 101: |beam|=100 best_depth=101 min_t=21.2d (d/leg 0.212) | max_hard_in_beam=2/112 [1337s]
  depth 121: |beam|=100 best_depth=121 min_t=26.0d (d/leg 0.216) | max_hard_in_beam=3/112 [1657s]
  depth 141: |beam|=100 best_depth=141 min_t=33.7d (d/leg 0.241) | max_hard_in_beam=8/112 [1916s]
  depth 161: |beam|=100 best_depth=161 min_t=46.7d (d/leg 0.292) | max_hard_in_beam=22/112 [2102s]
  depth 181: |beam|=100 best_depth=181 min_t=53.7d (d/leg 0.298) | max_hard_in_beam=20/112 [2336s]
  depth 201: |beam|=100 best_depth=201 min_t=57.4d (d/leg 0.287) | max_hard_in_beam=21/112 [2602s]
  depth 221: |beam|=100 best_depth=221 min_t=61.3d (d/leg 0.279) | max_hard_in_beam=20/112 [2899s]
  depth 241: |beam|=100 best_depth=241 min_t=65.5d (d/leg 0.273) | max_hard_in_beam=22/112 [3203s]
  depth 261: |beam|=100 best_depth=261 min_t=69.8d (d/leg 0.268) | max_hard_in_beam=27/112 [3516s]
  depth 281: |beam|=100 best_depth=281 min_t=74.5d (d/leg 0.266) | max_hard_in_beam=33/112 [3766s]
  depth 301: |beam|=100 best_depth=301 min_t=87.0d (d/leg 0.290) | max_hard_in_beam=36/112 [3995s]
  depth 321: |beam|=100 best_depth=321 min_t=111.2d (d/leg 0.347) | max_hard_in_beam=45/112 [4261s]
  depth 341: |beam|=100 best_depth=341 min_t=128.2d (d/leg 0.377) | max_hard_in_beam=54/112 [4574s]
  depth 361: |beam|=100 best_depth=361 min_t=142.8d (d/leg 0.397) | max_hard_in_beam=52/112 [4867s]
  depth 381: |beam|=100 best_depth=381 min_t=147.5d (d/leg 0.388) | max_hard_in_beam=52/112 [5173s]
  depth 401: |beam|=100 best_depth=401 min_t=150.7d (d/leg 0.377) | max_hard_in_beam=53/112 [5477s]
  depth 421: |beam|=100 best_depth=421 min_t=154.8d (d/leg 0.369) | max_hard_in_beam=53/112 [5842s]
  depth 441: |beam|=100 best_depth=441 min_t=159.1d (d/leg 0.362) | max_hard_in_beam=54/112 [6257s]
  depth 461: |beam|=100 best_depth=461 min_t=165.2d (d/leg 0.359) | max_hard_in_beam=63/112 [6646s]
  depth 481: |beam|=100 best_depth=481 min_t=175.5d (d/leg 0.366) | max_hard_in_beam=66/112 [6871s]
  depth 501: |beam|=81 best_depth=501 min_t=195.7d (d/leg 0.391) | max_hard_in_beam=74/112 [7042s]
  depth 521: |beam|=62 best_depth=521 min_t=215.3d (d/leg 0.414) | max_hard_in_beam=78/112 [7143s]
  depth 541: |beam|=50 best_depth=541 min_t=243.3d (d/leg 0.451) | max_hard_in_beam=86/112 [7199s]
  depth 561: |beam|=5 best_depth=561 min_t=319.0d (d/leg 0.570) | max_hard_in_beam=91/112 [7210s]
[E-722] beam stranded at depth 564

[E-722] DONE: deepest 564/601, makespan 331.7d (d/leg 0.589); hard threaded 90/112; rank-1=424.62; coverage-beam baseline=575 [7211s]
