error    libmamba Could not set lock (Resource temporarily unavailable)
warning  libmamba Cannot lock '/home/julian/.cache/mamba/proc'
    Waiting for other mamba process to finish
[E-722] reach-beam W=100 K=18 thresh=16 (|HARD|=38) LAM=1.0 Crit=4; n=601; 8 seed(s)
[E-722] positive control: depth1 -> 135 successors [0s]
  depth 2: |beam|=100 best_depth=2 min_t=0.0d (d/leg 0.036) | max_hard_in_beam=1/38 [0s]
  depth 3: |beam|=100 best_depth=3 min_t=0.1d (d/leg 0.055) | max_hard_in_beam=0/38 [11s]
  depth 4: |beam|=100 best_depth=4 min_t=0.2d (d/leg 0.061) | max_hard_in_beam=0/38 [19s]
  depth 5: |beam|=100 best_depth=5 min_t=0.5d (d/leg 0.134) | max_hard_in_beam=0/38 [27s]
  depth 21: |beam|=100 best_depth=21 min_t=4.2d (d/leg 0.209) | max_hard_in_beam=0/38 [190s]
  depth 41: |beam|=100 best_depth=41 min_t=8.4d (d/leg 0.210) | max_hard_in_beam=0/38 [411s]
  depth 61: |beam|=100 best_depth=61 min_t=12.3d (d/leg 0.205) | max_hard_in_beam=0/38 [674s]
  depth 81: |beam|=100 best_depth=81 min_t=16.9d (d/leg 0.211) | max_hard_in_beam=0/38 [966s]
  depth 101: |beam|=100 best_depth=101 min_t=21.2d (d/leg 0.212) | max_hard_in_beam=1/38 [1263s]
  depth 121: |beam|=100 best_depth=121 min_t=26.0d (d/leg 0.216) | max_hard_in_beam=2/38 [1579s]
  depth 141: |beam|=100 best_depth=141 min_t=33.7d (d/leg 0.241) | max_hard_in_beam=5/38 [1819s]
  depth 161: |beam|=100 best_depth=161 min_t=46.7d (d/leg 0.292) | max_hard_in_beam=8/38 [2000s]
  depth 181: |beam|=100 best_depth=181 min_t=53.6d (d/leg 0.298) | max_hard_in_beam=6/38 [2228s]
  depth 201: |beam|=100 best_depth=201 min_t=57.4d (d/leg 0.287) | max_hard_in_beam=6/38 [2483s]
  depth 221: |beam|=100 best_depth=221 min_t=61.3d (d/leg 0.279) | max_hard_in_beam=6/38 [2769s]
  depth 241: |beam|=100 best_depth=241 min_t=65.6d (d/leg 0.273) | max_hard_in_beam=6/38 [3059s]
  depth 261: |beam|=100 best_depth=261 min_t=69.9d (d/leg 0.269) | max_hard_in_beam=6/38 [3362s]
  depth 281: |beam|=100 best_depth=281 min_t=75.5d (d/leg 0.270) | max_hard_in_beam=8/38 [3643s]
  depth 301: |beam|=100 best_depth=301 min_t=86.4d (d/leg 0.288) | max_hard_in_beam=11/38 [3853s]
  depth 321: |beam|=100 best_depth=321 min_t=113.5d (d/leg 0.355) | max_hard_in_beam=15/38 [4115s]
  depth 341: |beam|=100 best_depth=341 min_t=129.2d (d/leg 0.380) | max_hard_in_beam=17/38 [4411s]
  depth 361: |beam|=100 best_depth=361 min_t=139.3d (d/leg 0.387) | max_hard_in_beam=15/38 [4701s]
  depth 381: |beam|=100 best_depth=381 min_t=144.1d (d/leg 0.379) | max_hard_in_beam=15/38 [4991s]
  depth 401: |beam|=100 best_depth=401 min_t=148.1d (d/leg 0.370) | max_hard_in_beam=15/38 [5316s]
  depth 421: |beam|=100 best_depth=421 min_t=151.3d (d/leg 0.360) | max_hard_in_beam=15/38 [5708s]
  depth 441: |beam|=100 best_depth=441 min_t=155.5d (d/leg 0.353) | max_hard_in_beam=16/38 [6149s]
  depth 461: |beam|=100 best_depth=461 min_t=161.2d (d/leg 0.351) | max_hard_in_beam=19/38 [6529s]
  depth 481: |beam|=98 best_depth=481 min_t=173.2d (d/leg 0.361) | max_hard_in_beam=22/38 [6768s]
  depth 501: |beam|=83 best_depth=501 min_t=197.2d (d/leg 0.394) | max_hard_in_beam=23/38 [6918s]
  depth 521: |beam|=78 best_depth=521 min_t=223.8d (d/leg 0.430) | max_hard_in_beam=25/38 [7016s]
  depth 541: |beam|=48 best_depth=541 min_t=253.3d (d/leg 0.469) | max_hard_in_beam=29/38 [7068s]
  depth 561: |beam|=8 best_depth=561 min_t=313.5d (d/leg 0.560) | max_hard_in_beam=31/38 [7076s]
[E-722] beam stranded at depth 564

[E-722] DONE: deepest 564/601, makespan 327.7d (d/leg 0.582); hard threaded 31/38; rank-1=424.62; coverage-beam baseline=575 [7076s]
