[iter 0] n_intervals_total=196, transfers=5235, coasts=147
  status=HighsModelStatus.kTimeLimit, mk=inf, wall=120.04s, n_used=0
[iter 1] n_intervals_total=392, transfers=10532, coasts=343
  status=HighsModelStatus.kTimeLimit, mk=inf, wall=120.05s, n_used=0
[iter 2] n_intervals_total=784, transfers=15486, coasts=735
  status=HighsModelStatus.kInfeasible, mk=inf, wall=37.33s, n_used=0
[iter 3] n_intervals_total=1568, transfers=17811, coasts=1519
  status=HighsModelStatus.kInfeasible, mk=inf, wall=55.85s, n_used=0
[iter 4] n_intervals_total=3136, transfers=18562, coasts=3087
  status=HighsModelStatus.kInfeasible, mk=inf, wall=46.78s, n_used=0
[iter 5] n_intervals_total=6272, transfers=18647, coasts=6223
  status=HighsModelStatus.kInfeasible, mk=inf, wall=43.34s, n_used=0
{
  "problem": "small",
  "n": 49,
  "wall_s": 451.7,
  "iters": 6,
  "rank3_small_d": 111.76,
  "history": [
    {
      "status": "HighsModelStatus.kTimeLimit",
      "wall_s": 120.04,
      "obj": Infinity,
      "n_vars": 5481,
      "n_intervals": 196,
      "n_xfer": 5235,
      "iter": 0
    },
    {
      "status": "HighsModelStatus.kTimeLimit",
      "wall_s": 120.05,
      "obj": Infinity,
      "n_vars": 10974,
      "n_intervals": 392,
      "n_xfer": 10532,
      "iter": 1
    },
    {
      "status": "HighsModelStatus.kInfeasible",
      "wall_s": 37.33,
      "obj": Infinity,
      "n_vars": 16320,
      "n_intervals": 784,
      "n_xfer": 15486,
      "iter": 2
    },
    {
      "status": "HighsModelStatus.kInfeasible",
      "wall_s": 55.85,
      "obj": Infinity,
      "n_vars": 19429,
      "n_intervals": 1568,
      "n_xfer": 17811,
      "iter": 3
    },
    {
      "status": "HighsModelStatus.kInfeasible",
      "wall_s": 46.78,
      "obj": Infinity,
      "n_vars": 21748,
      "n_intervals": 3136,
      "n_xfer": 18562,
      "iter": 4
    },
    {
      "status": "HighsModelStatus.kInfeasible",
      "wall_s": 43.34,
      "obj": Infinity,
      "n_vars": 24969,
      "n_intervals": 6272,
      "n_xfer": 18647,
      "iter": 5
    }
  ],
  "best_mk": null,
  "best_perm": null
}
