[iter 0] n_intervals_total=196, transfers=5235, coasts=147
  status=HighsModelStatus.kInfeasible, mk=inf, wall=0.17s, n_used=0
[iter 1] n_intervals_total=392, transfers=10532, coasts=343
  status=HighsModelStatus.kInfeasible, mk=inf, wall=0.34s, n_used=0
[iter 2] n_intervals_total=784, transfers=15486, coasts=735
  status=HighsModelStatus.kInfeasible, mk=inf, wall=0.49s, n_used=0
[iter 3] n_intervals_total=1568, transfers=17811, coasts=1519
  status=HighsModelStatus.kInfeasible, mk=inf, wall=0.56s, n_used=0
{
  "problem": "small",
  "n": 49,
  "wall_s": 6.4,
  "iters": 4,
  "rank3_small_d": 111.76,
  "history": [
    {
      "status": "HighsModelStatus.kInfeasible",
      "wall_s": 0.17,
      "obj": Infinity,
      "n_vars": 5481,
      "n_intervals": 196,
      "n_xfer": 5235,
      "iter": 0
    },
    {
      "status": "HighsModelStatus.kInfeasible",
      "wall_s": 0.34,
      "obj": Infinity,
      "n_vars": 10974,
      "n_intervals": 392,
      "n_xfer": 10532,
      "iter": 1
    },
    {
      "status": "HighsModelStatus.kInfeasible",
      "wall_s": 0.49,
      "obj": Infinity,
      "n_vars": 16320,
      "n_intervals": 784,
      "n_xfer": 15486,
      "iter": 2
    },
    {
      "status": "HighsModelStatus.kInfeasible",
      "wall_s": 0.56,
      "obj": Infinity,
      "n_vars": 19429,
      "n_intervals": 1568,
      "n_xfer": 17811,
      "iter": 3
    }
  ],
  "best_mk": null,
  "best_perm": null
}
