{
  "problem": "medium",
  "n": 181,
  "wall_s": 971.0,
  "n_full": 0,
  "results_summary": [
    {
      "start": 1,
      "legs": 53,
      "ok": false
    },
    {
      "start": 2,
      "legs": 88,
      "ok": false
    },
    {
      "start": 0,
      "legs": 108,
      "ok": false
    },
    {
      "start": 3,
      "legs": 147,
      "ok": false
    },
    {
      "start": 5,
      "legs": 124,
      "ok": false
    },
    {
      "start": 4,
      "legs": 136,
      "ok": false
    },
    {
      "start": 7,
      "legs": 90,
      "ok": false
    },
    {
      "start": 6,
      "legs": 143,
      "ok": false
    }
  ],
  "rank3_small_d": 111.76,
  "best_partial": {
    "start": 3,
    "legs": 147,
    "perm_so_far": [
      3,
      134,
      174,
      105,
      106,
      102,
      48,
      59,
      178,
      81,
      180,
      125,
      90,
      23,
      101,
      131,
      68,
      147,
      18,
      144,
      118,
      63,
      123,
      36,
      20,
      96,
      55,
      128,
      168,
      157,
      94,
      110,
      103,
      46,
      69,
      76,
      166,
      29,
      53,
      165,
      86,
      107,
      162,
      14,
      24,
      98,
      140,
      9,
      10,
      129,
      152,
      88,
      142,
      11,
      50,
      122,
      70,
      65,
      58,
      113,
      49,
      172,
      74,
      67,
      7,
      66,
      22,
      114,
      121,
      117,
      171,
      78,
      133,
      13,
      72,
      159,
      77,
      154,
      158,
      43,
      100,
      176,
      83,
      164,
      167,
      17,
      25,
      150,
      26,
      169,
      85,
      41,
      62,
      91,
      34,
      1,
      138,
      39,
      79,
      61,
      2,
      156,
      87,
      84,
      64,
      173,
      27,
      175,
      132,
      109,
      127,
      155,
      149,
      19,
      130,
      170,
      28,
      56,
      151,
      5,
      75,
      8,
      139,
      31,
      116,
      71,
      47,
      44,
      163,
      12,
      115,
      54,
      16,
      124,
      6,
      57,
      148,
      15,
      137,
      108,
      37,
      52,
      73,
      177,
      82,
      30,
      4,
      104
    ]
  }
}
