Loaded: n=1051, 59539 cheap edges
Components: [601, 150, 150, 150]
  comp 2 (601): OR-tools used 1 INF arcs (will need 1 exc bridges)
  comp 2 (601): Hamilton FOUND in 600s, total intra dv=21161
  comp 0 (150): Hamilton FOUND in 600s, total intra dv=5821
  comp 1 (150): Hamilton FOUND in 600s, total intra dv=5382
  comp 3 (150): Hamilton FOUND in 600s, total intra dv=4967

Stitching 4 components with exc bridges
  205 → comp 0 via 69 (bridge dv=514)
Traceback (most recent call last):
  File "<frozen runpy>", line 198, in _run_module_as_main
  File "<frozen runpy>", line 88, in _run_code
  File "/home/julian/Projects/esa_spoc_26_3/src/esa_spoc_26/ch2_ortools_hamilton.py", line 240, in <module>
    print(json.dumps(main(intra_time_s=its), indent=2))
          ~~~~~~~~~~^^^^^^^^^^^^^^^^^^^^^^^^^^^^^^^^^^
  File "/home/julian/micromamba/envs/spoc26/lib/python3.13/json/__init__.py", line 242, in dumps
    **kw).encode(obj)
          ~~~~~~^^^^^
  File "/home/julian/micromamba/envs/spoc26/lib/python3.13/json/encoder.py", line 202, in encode
    chunks = self.iterencode(o, _one_shot=True)
  File "/home/julian/micromamba/envs/spoc26/lib/python3.13/json/encoder.py", line 263, in iterencode
    return _iterencode(o, 0)
  File "/home/julian/micromamba/envs/spoc26/lib/python3.13/json/encoder.py", line 182, in default
    raise TypeError(f'Object of type {o.__class__.__name__} '
                    f'is not JSON serializable')
TypeError: Object of type int32 is not JSON serializable
