[E-566] n=49 bank mk=116.3755 comp0=40 tiny=[1, 2, 3] (each [3, 3, 3]) bank tof_sum=109.99
[E-566] comp0 open path solved (20s), ends 12..14
[prog] tried=100 feas=7 abort=0 best=116.3755 DPmean=0.711s (71s)
[prog] tried=200 feas=15 abort=0 best=116.3755 DPmean=0.679s (139s)
[prog] tried=300 feas=20 abort=0 best=116.3755 DPmean=0.673s (206s)
[prog] tried=400 feas=21 abort=0 best=116.3755 DPmean=0.620s (268s)
[prog] tried=500 feas=23 abort=0 best=116.3755 DPmean=0.627s (331s)
[prog] tried=600 feas=25 abort=0 best=116.3755 DPmean=0.642s (395s)
[prog] tried=700 feas=29 abort=0 best=116.3755 DPmean=0.637s (459s)
[prog] tried=800 feas=33 abort=0 best=116.3755 DPmean=0.640s (523s)
[prog] tried=900 feas=36 abort=0 best=116.3755 DPmean=0.578s (581s)
[prog] tried=1000 feas=41 abort=0 best=116.3755 DPmean=0.619s (643s)
[prog] tried=1100 feas=44 abort=0 best=116.3755 DPmean=0.600s (703s)
[prog] tried=1200 feas=47 abort=0 best=116.3755 DPmean=0.616s (764s)
[prog] tried=1300 feas=52 abort=0 best=116.3755 DPmean=0.604s (825s)
[prog] tried=1400 feas=60 abort=0 best=116.3755 DPmean=0.620s (887s)
[prog] tried=1500 feas=66 abort=0 best=116.3755 DPmean=0.626s (950s)
[prog] tried=1600 feas=74 abort=0 best=116.3755 DPmean=0.651s (1015s)
[prog] tried=1700 feas=80 abort=0 best=116.3755 DPmean=0.629s (1078s)
[prog] tried=1800 feas=85 abort=0 best=116.3755 DPmean=0.643s (1142s)
[prog] tried=1900 feas=91 abort=0 best=116.3755 DPmean=0.632s (1205s)
[prog] tried=2000 feas=97 abort=0 best=116.3755 DPmean=0.649s (1270s)
[prog] tried=2100 feas=100 abort=0 best=116.3755 DPmean=0.588s (1329s)
[prog] tried=2200 feas=105 abort=0 best=116.3755 DPmean=0.644s (1393s)
[prog] tried=2300 feas=113 abort=0 best=116.3755 DPmean=0.630s (1457s)
[prog] tried=2400 feas=117 abort=0 best=116.3755 DPmean=0.576s (1514s)
[prog] tried=2500 feas=119 abort=0 best=116.3755 DPmean=0.596s (1574s)
[prog] tried=2600 feas=122 abort=0 best=116.3755 DPmean=0.597s (1634s)
[prog] tried=2700 feas=124 abort=0 best=116.3755 DPmean=0.591s (1693s)
[prog] tried=2800 feas=128 abort=0 best=116.3755 DPmean=0.593s (1752s)
[prog] tried=2900 feas=135 abort=0 best=116.3755 DPmean=0.659s (1818s)
[prog] tried=3000 feas=142 abort=0 best=116.3755 DPmean=0.648s (1883s)
[prog] tried=3100 feas=144 abort=0 best=116.3755 DPmean=0.638s (1947s)
[prog] tried=3200 feas=148 abort=0 best=116.3755 DPmean=0.634s (2010s)
[prog] tried=3300 feas=154 abort=0 best=116.3755 DPmean=0.636s (2074s)
[prog] tried=3400 feas=159 abort=0 best=116.3755 DPmean=0.655s (2139s)
[prog] tried=3500 feas=166 abort=0 best=116.3755 DPmean=0.652s (2204s)
[prog] tried=3600 feas=169 abort=0 best=116.3755 DPmean=0.625s (2267s)
[prog] tried=3700 feas=174 abort=0 best=116.3755 DPmean=0.641s (2331s)
[prog] tried=3800 feas=180 abort=0 best=116.3755 DPmean=0.625s (2394s)
[prog] tried=3900 feas=182 abort=0 best=116.3755 DPmean=0.611s (2455s)
[prog] tried=4000 feas=184 abort=0 best=116.3755 DPmean=0.607s (2515s)
[prog] tried=4100 feas=191 abort=0 best=116.3755 DPmean=0.605s (2576s)
[prog] tried=4200 feas=195 abort=0 best=116.3755 DPmean=0.644s (2641s)
[prog] tried=4300 feas=199 abort=0 best=116.3755 DPmean=0.598s (2700s)
[prog] tried=4400 feas=202 abort=0 best=116.3755 DPmean=0.597s (2760s)
[prog] tried=4500 feas=209 abort=0 best=116.3755 DPmean=0.636s (2824s)
[prog] tried=4600 feas=215 abort=0 best=116.3755 DPmean=0.635s (2887s)
[prog] tried=4700 feas=220 abort=0 best=116.3755 DPmean=0.635s (2951s)
[prog] tried=4800 feas=222 abort=0 best=116.3755 DPmean=0.633s (3014s)
[prog] tried=4900 feas=224 abort=0 best=116.3755 DPmean=0.681s (3082s)
[prog] tried=5000 feas=231 abort=0 best=116.3755 DPmean=0.677s (3150s)
[prog] tried=5100 feas=236 abort=0 best=116.3755 DPmean=0.687s (3219s)
[prog] tried=5200 feas=238 abort=0 best=116.3755 DPmean=0.619s (3281s)
[prog] tried=5300 feas=242 abort=0 best=116.3755 DPmean=0.624s (3343s)
[prog] tried=5400 feas=248 abort=0 best=116.3755 DPmean=0.644s (3408s)
[prog] tried=5500 feas=252 abort=0 best=116.3755 DPmean=0.606s (3468s)
[prog] tried=5600 feas=254 abort=0 best=116.3755 DPmean=0.608s (3529s)
[prog] tried=5700 feas=257 abort=0 best=116.3755 DPmean=0.607s (3590s)
[prog] tried=5800 feas=261 abort=0 best=116.3755 DPmean=0.619s (3652s)
[prog] tried=5900 feas=267 abort=0 best=116.3755 DPmean=0.642s (3716s)
[prog] tried=6000 feas=270 abort=0 best=116.3755 DPmean=0.632s (3779s)
[prog] tried=6100 feas=276 abort=0 best=116.3755 DPmean=0.650s (3844s)
[prog] tried=6200 feas=284 abort=0 best=116.3755 DPmean=0.632s (3907s)
[prog] tried=6300 feas=287 abort=0 best=116.3755 DPmean=0.704s (3978s)
[prog] tried=6400 feas=294 abort=0 best=116.3755 DPmean=0.697s (4047s)
[prog] tried=6500 feas=301 abort=0 best=116.3755 DPmean=0.627s (4110s)
[prog] tried=6600 feas=304 abort=0 best=116.3755 DPmean=0.676s (4178s)
[prog] tried=6700 feas=310 abort=0 best=116.3755 DPmean=0.678s (4246s)
[prog] tried=6800 feas=316 abort=0 best=116.3755 DPmean=0.627s (4308s)
[prog] tried=6900 feas=320 abort=0 best=116.3755 DPmean=0.642s (4373s)
[prog] tried=7000 feas=324 abort=0 best=116.3755 DPmean=0.625s (4435s)
[prog] tried=7100 feas=328 abort=0 best=116.3755 DPmean=0.611s (4496s)
[prog] tried=7200 feas=330 abort=0 best=116.3755 DPmean=0.610s (4557s)
[prog] tried=7300 feas=335 abort=0 best=116.3755 DPmean=0.616s (4619s)
[prog] tried=7400 feas=339 abort=0 best=116.3755 DPmean=0.616s (4680s)
[prog] tried=7500 feas=344 abort=0 best=116.3755 DPmean=0.645s (4745s)
[prog] tried=7600 feas=349 abort=0 best=116.3755 DPmean=0.643s (4809s)
[prog] tried=7700 feas=354 abort=0 best=116.3755 DPmean=0.713s (4881s)
[prog] tried=7800 feas=356 abort=0 best=116.3755 DPmean=0.799s (4961s)
[prog] tried=7900 feas=360 abort=0 best=116.3755 DPmean=0.964s (5057s)
[prog] tried=8000 feas=366 abort=0 best=116.3755 DPmean=1.094s (5166s)
[prog] tried=8100 feas=373 abort=0 best=116.3755 DPmean=1.059s (5272s)
[prog] tried=8200 feas=382 abort=0 best=116.3755 DPmean=1.095s (5382s)
[prog] tried=8300 feas=387 abort=0 best=116.3755 DPmean=1.096s (5492s)
[prog] tried=8400 feas=392 abort=0 best=116.3755 DPmean=0.954s (5587s)
[prog] tried=8500 feas=395 abort=0 best=116.3755 DPmean=0.569s (5644s)
[prog] tried=8600 feas=396 abort=0 best=116.3755 DPmean=0.576s (5702s)
[prog] tried=8700 feas=398 abort=0 best=116.3755 DPmean=0.582s (5760s)
[prog] tried=8800 feas=403 abort=0 best=116.3755 DPmean=0.568s (5817s)
[prog] tried=8900 feas=405 abort=0 best=116.3755 DPmean=0.566s (5873s)
[prog] tried=9000 feas=410 abort=0 best=116.3755 DPmean=0.624s (5936s)
[prog] tried=9100 feas=415 abort=0 best=116.3755 DPmean=0.613s (5997s)
[prog] tried=9200 feas=417 abort=0 best=116.3755 DPmean=0.575s (6055s)
[prog] tried=9300 feas=422 abort=0 best=116.3755 DPmean=0.577s (6112s)
[prog] tried=9400 feas=427 abort=0 best=116.3755 DPmean=0.602s (6173s)
[prog] tried=9500 feas=429 abort=0 best=116.3755 DPmean=0.578s (6230s)
[prog] tried=9600 feas=433 abort=0 best=116.3755 DPmean=0.626s (6293s)
[prog] tried=9700 feas=436 abort=0 best=116.3755 DPmean=0.610s (6354s)
[prog] tried=9800 feas=441 abort=0 best=116.3755 DPmean=0.618s (6416s)
[prog] tried=9900 feas=443 abort=0 best=116.3755 DPmean=0.601s (6476s)
[prog] tried=10000 feas=447 abort=0 best=116.3755 DPmean=0.555s (6532s)
[prog] tried=10100 feas=449 abort=0 best=116.3755 DPmean=0.592s (6591s)
[prog] tried=10200 feas=456 abort=0 best=116.3755 DPmean=0.639s (6655s)
[prog] tried=10300 feas=459 abort=0 best=116.3755 DPmean=0.607s (6715s)
[prog] tried=10400 feas=464 abort=0 best=116.3755 DPmean=0.602s (6776s)
[prog] tried=10500 feas=467 abort=0 best=116.3755 DPmean=0.616s (6837s)
[prog] tried=10600 feas=469 abort=0 best=116.3755 DPmean=0.578s (6895s)
[prog] tried=10700 feas=472 abort=0 best=116.3755 DPmean=0.586s (6954s)
[prog] tried=10800 feas=475 abort=0 best=116.3755 DPmean=0.610s (7015s)
[prog] tried=10900 feas=481 abort=0 best=116.3755 DPmean=0.533s (7068s)
[prog] tried=11000 feas=483 abort=0 best=116.3755 DPmean=0.557s (7124s)
[prog] tried=11100 feas=491 abort=0 best=116.3755 DPmean=0.617s (7185s)
[prog] tried=11200 feas=493 abort=0 best=116.3755 DPmean=0.602s (7246s)
[prog] tried=11300 feas=501 abort=0 best=116.3755 DPmean=0.576s (7303s)
[prog] tried=11400 feas=508 abort=0 best=116.3755 DPmean=0.628s (7366s)
[prog] tried=11500 feas=513 abort=0 best=116.3755 DPmean=0.592s (7425s)
[prog] tried=11600 feas=518 abort=0 best=116.3755 DPmean=0.586s (7484s)
[prog] tried=11700 feas=525 abort=0 best=116.3755 DPmean=0.575s (7542s)
[prog] tried=11800 feas=529 abort=0 best=116.3755 DPmean=0.603s (7602s)
[prog] tried=11900 feas=534 abort=0 best=116.3755 DPmean=0.615s (7663s)
[prog] tried=12000 feas=539 abort=0 best=116.3755 DPmean=0.586s (7722s)
[prog] tried=12100 feas=543 abort=0 best=116.3755 DPmean=0.599s (7782s)
[prog] tried=12200 feas=549 abort=0 best=116.3755 DPmean=0.623s (7844s)
[prog] tried=12300 feas=551 abort=0 best=116.3755 DPmean=0.580s (7902s)
[prog] tried=12400 feas=555 abort=0 best=116.3755 DPmean=0.599s (7962s)
[prog] tried=12500 feas=560 abort=0 best=116.3755 DPmean=0.607s (8023s)
[prog] tried=12600 feas=565 abort=0 best=116.3755 DPmean=0.631s (8086s)
[prog] tried=12700 feas=567 abort=0 best=116.3755 DPmean=0.589s (8145s)
[prog] tried=12800 feas=572 abort=0 best=116.3755 DPmean=0.599s (8205s)
[prog] tried=12900 feas=574 abort=0 best=116.3755 DPmean=0.566s (8262s)
[prog] tried=13000 feas=578 abort=0 best=116.3755 DPmean=0.573s (8319s)
[prog] tried=13100 feas=582 abort=0 best=116.3755 DPmean=0.598s (8379s)
[prog] tried=13200 feas=588 abort=0 best=116.3755 DPmean=0.597s (8439s)
[prog] tried=13300 feas=593 abort=0 best=116.3755 DPmean=0.601s (8499s)
[prog] tried=13400 feas=598 abort=0 best=116.3755 DPmean=0.586s (8557s)
[prog] tried=13500 feas=606 abort=0 best=116.3755 DPmean=0.579s (8615s)
[prog] tried=13600 feas=610 abort=0 best=116.3755 DPmean=0.570s (8672s)
[prog] tried=13700 feas=620 abort=0 best=116.3755 DPmean=0.602s (8733s)
[prog] tried=13800 feas=624 abort=0 best=116.3755 DPmean=0.608s (8793s)
[prog] tried=13900 feas=629 abort=0 best=116.3755 DPmean=0.585s (8852s)
[prog] tried=14000 feas=633 abort=0 best=116.3755 DPmean=0.575s (8909s)
[prog] tried=14100 feas=638 abort=0 best=116.3755 DPmean=0.564s (8966s)
[prog] tried=14200 feas=641 abort=0 best=116.3755 DPmean=0.569s (9023s)
[prog] tried=14300 feas=647 abort=0 best=116.3755 DPmean=0.593s (9082s)
[prog] tried=14400 feas=653 abort=0 best=116.3755 DPmean=0.583s (9140s)
[prog] tried=14500 feas=659 abort=0 best=116.3755 DPmean=0.606s (9201s)
[prog] tried=14600 feas=665 abort=0 best=116.3755 DPmean=0.598s (9261s)
[prog] tried=14700 feas=667 abort=0 best=116.3755 DPmean=0.607s (9322s)
[prog] tried=14800 feas=669 abort=0 best=116.3755 DPmean=0.553s (9377s)
[prog] tried=14900 feas=675 abort=0 best=116.3755 DPmean=0.612s (9438s)
[prog] tried=15000 feas=678 abort=0 best=116.3755 DPmean=0.573s (9495s)
[prog] tried=15100 feas=683 abort=0 best=116.3755 DPmean=0.569s (9552s)
[prog] tried=15200 feas=686 abort=0 best=116.3755 DPmean=0.587s (9611s)
[prog] tried=15300 feas=691 abort=0 best=116.3755 DPmean=0.605s (9672s)
[prog] tried=15400 feas=703 abort=0 best=116.3755 DPmean=0.627s (9734s)
[prog] tried=15500 feas=710 abort=0 best=116.3755 DPmean=0.596s (9794s)
[prog] tried=15600 feas=715 abort=0 best=116.3755 DPmean=0.578s (9852s)
[prog] tried=15700 feas=719 abort=0 best=116.3755 DPmean=0.612s (9913s)
[prog] tried=15800 feas=722 abort=0 best=116.3755 DPmean=0.574s (9970s)
[prog] tried=15900 feas=727 abort=0 best=116.3755 DPmean=0.578s (10028s)
[prog] tried=16000 feas=737 abort=0 best=116.3755 DPmean=0.631s (10091s)
[prog] tried=16100 feas=741 abort=0 best=116.3755 DPmean=0.570s (10148s)
[prog] tried=16200 feas=744 abort=0 best=116.3755 DPmean=0.587s (10207s)
[prog] tried=16300 feas=747 abort=0 best=116.3755 DPmean=0.575s (10265s)
[prog] tried=16400 feas=752 abort=0 best=116.3755 DPmean=0.592s (10324s)
[prog] tried=16500 feas=759 abort=0 best=116.3755 DPmean=0.635s (10387s)
[prog] tried=16600 feas=766 abort=0 best=116.3755 DPmean=0.608s (10448s)
[prog] tried=16700 feas=775 abort=0 best=116.3755 DPmean=0.633s (10512s)
[prog] tried=16800 feas=778 abort=0 best=116.3755 DPmean=0.613s (10573s)
[prog] tried=16900 feas=781 abort=0 best=116.3755 DPmean=0.559s (10629s)
[prog] tried=17000 feas=788 abort=0 best=116.3755 DPmean=0.601s (10689s)
[prog] tried=17100 feas=792 abort=0 best=116.3755 DPmean=0.604s (10749s)

[FINAL] tried=17186 feas=795 abort=0 best=116.3755 (bank 116.37377097878698) DPmean=0.628s
[FINAL] no improvement over bank — wrote nothing useful.
