[E-566] n=49 bank mk=116.3755 comp0=40 tiny=[1, 2, 3] (each [3, 3, 3]) bank tof_sum=109.99
[E-566] comp0 open path solved (20s), ends 12..14
[prog] tried=100 feas=3 abort=0 best=116.3755 DPmean=0.626s (63s)
[prog] tried=200 feas=7 abort=0 best=116.3755 DPmean=0.606s (123s)
[prog] tried=300 feas=15 abort=0 best=116.3755 DPmean=0.641s (187s)
[prog] tried=400 feas=15 abort=0 best=116.3755 DPmean=0.621s (249s)
[prog] tried=500 feas=19 abort=0 best=116.3755 DPmean=0.647s (314s)
[prog] tried=600 feas=20 abort=0 best=116.3755 DPmean=0.580s (372s)
[prog] tried=700 feas=26 abort=0 best=116.3755 DPmean=0.608s (433s)
[prog] tried=800 feas=38 abort=0 best=116.3755 DPmean=0.610s (494s)
[prog] tried=900 feas=45 abort=0 best=116.3755 DPmean=0.614s (556s)
[prog] tried=1000 feas=58 abort=0 best=116.3755 DPmean=0.621s (618s)
[prog] tried=1100 feas=61 abort=0 best=116.3755 DPmean=0.611s (679s)
[prog] tried=1200 feas=65 abort=0 best=116.3755 DPmean=0.597s (739s)
[prog] tried=1300 feas=71 abort=0 best=116.3755 DPmean=0.625s (801s)
[prog] tried=1400 feas=73 abort=0 best=116.3755 DPmean=0.612s (862s)
[prog] tried=1500 feas=78 abort=0 best=116.3755 DPmean=0.644s (927s)
[prog] tried=1600 feas=85 abort=0 best=116.3755 DPmean=0.604s (987s)
[prog] tried=1700 feas=89 abort=0 best=116.3755 DPmean=0.606s (1048s)
[prog] tried=1800 feas=92 abort=0 best=116.3755 DPmean=0.620s (1110s)
[prog] tried=1900 feas=101 abort=0 best=116.3755 DPmean=0.632s (1173s)
[prog] tried=2000 feas=106 abort=0 best=116.3755 DPmean=0.606s (1234s)
[prog] tried=2100 feas=112 abort=0 best=116.3755 DPmean=0.627s (1297s)
[prog] tried=2200 feas=121 abort=0 best=116.3755 DPmean=0.615s (1358s)
[prog] tried=2300 feas=127 abort=0 best=116.3755 DPmean=0.626s (1421s)
[prog] tried=2400 feas=133 abort=0 best=116.3755 DPmean=0.648s (1486s)
[prog] tried=2500 feas=140 abort=0 best=116.3755 DPmean=0.652s (1551s)
[prog] tried=2600 feas=143 abort=0 best=116.3755 DPmean=0.631s (1614s)
[prog] tried=2700 feas=147 abort=0 best=116.3755 DPmean=0.589s (1673s)
[prog] tried=2800 feas=153 abort=0 best=116.3755 DPmean=0.606s (1734s)
[prog] tried=2900 feas=159 abort=0 best=116.3755 DPmean=0.601s (1794s)
[prog] tried=3000 feas=165 abort=0 best=116.3755 DPmean=0.640s (1858s)
[prog] tried=3100 feas=171 abort=0 best=116.3755 DPmean=0.603s (1918s)
[prog] tried=3200 feas=176 abort=0 best=116.3755 DPmean=0.662s (1984s)
[prog] tried=3300 feas=183 abort=0 best=116.3755 DPmean=0.665s (2051s)
[prog] tried=3400 feas=190 abort=0 best=116.3755 DPmean=0.623s (2113s)
[prog] tried=3500 feas=195 abort=0 best=116.3755 DPmean=0.622s (2176s)
[prog] tried=3600 feas=200 abort=0 best=116.3755 DPmean=0.618s (2237s)
[prog] tried=3700 feas=204 abort=0 best=116.3755 DPmean=0.581s (2296s)
[prog] tried=3800 feas=211 abort=0 best=116.3755 DPmean=0.654s (2361s)
[prog] tried=3900 feas=217 abort=0 best=116.3755 DPmean=0.620s (2423s)
[prog] tried=4000 feas=225 abort=0 best=116.3755 DPmean=0.609s (2484s)
[prog] tried=4100 feas=231 abort=0 best=116.3755 DPmean=0.630s (2547s)
[prog] tried=4200 feas=233 abort=0 best=116.3755 DPmean=0.610s (2608s)
[prog] tried=4300 feas=240 abort=0 best=116.3755 DPmean=0.691s (2677s)
[prog] tried=4400 feas=246 abort=0 best=116.3755 DPmean=0.643s (2741s)
[prog] tried=4500 feas=249 abort=0 best=116.3755 DPmean=0.599s (2801s)
[prog] tried=4600 feas=257 abort=0 best=116.3755 DPmean=0.638s (2865s)
[prog] tried=4700 feas=260 abort=0 best=116.3755 DPmean=0.657s (2931s)
[prog] tried=4800 feas=264 abort=0 best=116.3755 DPmean=0.605s (2992s)
[prog] tried=4900 feas=265 abort=0 best=116.3755 DPmean=0.602s (3052s)
[prog] tried=5000 feas=272 abort=0 best=116.3755 DPmean=0.632s (3115s)
[prog] tried=5100 feas=275 abort=0 best=116.3755 DPmean=0.653s (3180s)
[prog] tried=5200 feas=279 abort=0 best=116.3755 DPmean=0.610s (3241s)
[prog] tried=5300 feas=286 abort=0 best=116.3755 DPmean=0.641s (3306s)
[prog] tried=5400 feas=290 abort=0 best=116.3755 DPmean=0.624s (3368s)
[prog] tried=5500 feas=295 abort=0 best=116.3755 DPmean=0.623s (3430s)
[prog] tried=5600 feas=303 abort=0 best=116.3755 DPmean=0.608s (3491s)
[prog] tried=5700 feas=310 abort=0 best=116.3755 DPmean=0.616s (3553s)
[prog] tried=5800 feas=317 abort=0 best=116.3755 DPmean=0.595s (3612s)
[prog] tried=5900 feas=321 abort=0 best=116.3755 DPmean=0.609s (3673s)
[prog] tried=6000 feas=325 abort=0 best=116.3755 DPmean=0.599s (3733s)
[prog] tried=6100 feas=329 abort=0 best=116.3755 DPmean=0.587s (3792s)
[prog] tried=6200 feas=332 abort=0 best=116.3755 DPmean=0.606s (3852s)
[prog] tried=6300 feas=344 abort=0 best=116.3755 DPmean=0.657s (3918s)
[prog] tried=6400 feas=350 abort=0 best=116.3755 DPmean=0.657s (3984s)
[prog] tried=6500 feas=354 abort=0 best=116.3755 DPmean=0.614s (4045s)
[prog] tried=6600 feas=362 abort=0 best=116.3755 DPmean=0.601s (4106s)
[prog] tried=6700 feas=367 abort=0 best=116.3755 DPmean=0.629s (4169s)
[prog] tried=6800 feas=374 abort=0 best=116.3755 DPmean=0.674s (4236s)
[prog] tried=6900 feas=379 abort=0 best=116.3755 DPmean=0.623s (4298s)
[prog] tried=7000 feas=385 abort=0 best=116.3755 DPmean=0.657s (4364s)
[prog] tried=7100 feas=391 abort=0 best=116.3755 DPmean=0.627s (4427s)
[prog] tried=7200 feas=395 abort=0 best=116.3755 DPmean=0.603s (4487s)
[prog] tried=7300 feas=396 abort=0 best=116.3755 DPmean=0.601s (4547s)
[prog] tried=7400 feas=405 abort=0 best=116.3755 DPmean=0.595s (4607s)
[prog] tried=7500 feas=412 abort=0 best=116.3755 DPmean=0.600s (4667s)
[prog] tried=7600 feas=418 abort=0 best=116.3755 DPmean=0.609s (4728s)
[prog] tried=7700 feas=420 abort=0 best=116.3755 DPmean=0.593s (4787s)
[prog] tried=7800 feas=424 abort=0 best=116.3755 DPmean=0.643s (4851s)
[prog] tried=7900 feas=428 abort=0 best=116.3755 DPmean=0.644s (4916s)
[prog] tried=8000 feas=431 abort=0 best=116.3755 DPmean=1.061s (5022s)
[prog] tried=8100 feas=438 abort=0 best=116.3755 DPmean=1.026s (5125s)
[prog] tried=8200 feas=445 abort=0 best=116.3755 DPmean=1.131s (5238s)
[prog] tried=8300 feas=450 abort=0 best=116.3755 DPmean=1.011s (5339s)
[prog] tried=8400 feas=451 abort=0 best=116.3755 DPmean=1.089s (5448s)
[prog] tried=8500 feas=457 abort=0 best=116.3755 DPmean=0.976s (5546s)
[prog] tried=8600 feas=459 abort=0 best=116.3755 DPmean=0.617s (5607s)
[prog] tried=8700 feas=467 abort=0 best=116.3755 DPmean=0.623s (5670s)
[prog] tried=8800 feas=473 abort=0 best=116.3755 DPmean=0.566s (5726s)
[prog] tried=8900 feas=475 abort=0 best=116.3755 DPmean=0.593s (5786s)
[prog] tried=9000 feas=478 abort=0 best=116.3755 DPmean=0.604s (5846s)
[prog] tried=9100 feas=484 abort=0 best=116.3755 DPmean=0.592s (5905s)
[prog] tried=9200 feas=488 abort=0 best=116.3755 DPmean=0.586s (5964s)
[prog] tried=9300 feas=491 abort=0 best=116.3755 DPmean=0.597s (6024s)
[prog] tried=9400 feas=493 abort=0 best=116.3755 DPmean=0.566s (6080s)
[prog] tried=9500 feas=499 abort=0 best=116.3755 DPmean=0.607s (6141s)
[prog] tried=9600 feas=505 abort=0 best=116.3755 DPmean=0.582s (6199s)
[prog] tried=9700 feas=508 abort=0 best=116.3755 DPmean=0.596s (6259s)
[prog] tried=9800 feas=516 abort=0 best=116.3755 DPmean=0.571s (6316s)
[prog] tried=9900 feas=522 abort=0 best=116.3755 DPmean=0.592s (6375s)
[prog] tried=10000 feas=525 abort=0 best=116.3755 DPmean=0.560s (6431s)
[prog] tried=10100 feas=533 abort=0 best=116.3755 DPmean=0.640s (6495s)
[prog] tried=10200 feas=538 abort=0 best=116.3755 DPmean=0.574s (6553s)
[prog] tried=10300 feas=545 abort=0 best=116.3755 DPmean=0.586s (6611s)
[prog] tried=10400 feas=550 abort=0 best=116.3755 DPmean=0.582s (6669s)
[prog] tried=10500 feas=553 abort=0 best=116.3755 DPmean=0.564s (6726s)
[prog] tried=10600 feas=557 abort=0 best=116.3755 DPmean=0.613s (6787s)
[prog] tried=10700 feas=559 abort=0 best=116.3755 DPmean=0.576s (6845s)
[prog] tried=10800 feas=564 abort=0 best=116.3755 DPmean=0.566s (6902s)
[prog] tried=10900 feas=567 abort=0 best=116.3755 DPmean=0.541s (6956s)
[prog] tried=11000 feas=574 abort=0 best=116.3755 DPmean=0.603s (7016s)
[prog] tried=11100 feas=579 abort=0 best=116.3755 DPmean=0.575s (7074s)
[prog] tried=11200 feas=582 abort=0 best=116.3755 DPmean=0.569s (7130s)
[prog] tried=11300 feas=590 abort=0 best=116.3755 DPmean=0.575s (7188s)
[prog] tried=11400 feas=594 abort=0 best=116.3755 DPmean=0.575s (7246s)
[prog] tried=11500 feas=599 abort=0 best=116.3755 DPmean=0.570s (7303s)
[prog] tried=11600 feas=603 abort=0 best=116.3755 DPmean=0.573s (7360s)
[prog] tried=11700 feas=611 abort=0 best=116.3755 DPmean=0.610s (7421s)
[prog] tried=11800 feas=618 abort=0 best=116.3755 DPmean=0.599s (7481s)
[prog] tried=11900 feas=620 abort=0 best=116.3755 DPmean=0.557s (7537s)
[prog] tried=12000 feas=623 abort=0 best=116.3755 DPmean=0.557s (7592s)
[prog] tried=12100 feas=626 abort=0 best=116.3755 DPmean=0.561s (7649s)
[prog] tried=12200 feas=636 abort=0 best=116.3755 DPmean=0.606s (7709s)
[prog] tried=12300 feas=641 abort=0 best=116.3755 DPmean=0.548s (7764s)
[prog] tried=12400 feas=645 abort=0 best=116.3755 DPmean=0.595s (7824s)
[prog] tried=12500 feas=651 abort=0 best=116.3755 DPmean=0.566s (7880s)
[prog] tried=12600 feas=655 abort=0 best=116.3755 DPmean=0.550s (7935s)
[prog] tried=12700 feas=661 abort=0 best=116.3755 DPmean=0.552s (7991s)
[prog] tried=12800 feas=670 abort=0 best=116.3755 DPmean=0.583s (8049s)
[prog] tried=12900 feas=674 abort=0 best=116.3755 DPmean=0.570s (8106s)
[prog] tried=13000 feas=681 abort=0 best=116.3755 DPmean=0.567s (8163s)
[prog] tried=13100 feas=686 abort=0 best=116.3755 DPmean=0.587s (8221s)
[prog] tried=13200 feas=692 abort=0 best=116.3755 DPmean=0.569s (8278s)
[prog] tried=13300 feas=700 abort=0 best=116.3755 DPmean=0.596s (8338s)
[prog] tried=13400 feas=701 abort=0 best=116.3755 DPmean=0.571s (8395s)
[prog] tried=13500 feas=709 abort=0 best=116.3755 DPmean=0.588s (8454s)
[prog] tried=13600 feas=714 abort=0 best=116.3755 DPmean=0.530s (8507s)
[prog] tried=13700 feas=721 abort=0 best=116.3755 DPmean=0.600s (8567s)
[prog] tried=13800 feas=722 abort=0 best=116.3755 DPmean=0.576s (8625s)
[prog] tried=13900 feas=729 abort=0 best=116.3755 DPmean=0.567s (8681s)
[prog] tried=14000 feas=736 abort=0 best=116.3755 DPmean=0.561s (8738s)
[prog] tried=14100 feas=740 abort=0 best=116.3755 DPmean=0.574s (8795s)
[prog] tried=14200 feas=747 abort=0 best=116.3755 DPmean=0.585s (8853s)
[prog] tried=14300 feas=755 abort=0 best=116.3755 DPmean=0.604s (8914s)
[prog] tried=14400 feas=758 abort=0 best=116.3755 DPmean=0.572s (8971s)
[prog] tried=14500 feas=761 abort=0 best=116.3755 DPmean=0.575s (9029s)
[prog] tried=14600 feas=767 abort=0 best=116.3755 DPmean=0.586s (9087s)
[prog] tried=14700 feas=773 abort=0 best=116.3755 DPmean=0.557s (9143s)
[prog] tried=14800 feas=775 abort=0 best=116.3755 DPmean=0.550s (9198s)
[prog] tried=14900 feas=781 abort=0 best=116.3755 DPmean=0.595s (9258s)
[prog] tried=15000 feas=787 abort=0 best=116.3755 DPmean=0.561s (9314s)
[prog] tried=15100 feas=794 abort=0 best=116.3755 DPmean=0.562s (9370s)
[prog] tried=15200 feas=799 abort=0 best=116.3755 DPmean=0.567s (9427s)
[prog] tried=15300 feas=803 abort=0 best=116.3755 DPmean=0.566s (9483s)
[prog] tried=15400 feas=809 abort=0 best=116.3755 DPmean=0.567s (9540s)
[prog] tried=15500 feas=812 abort=0 best=116.3755 DPmean=0.555s (9596s)
[prog] tried=15600 feas=819 abort=0 best=116.3755 DPmean=0.609s (9657s)
[prog] tried=15700 feas=822 abort=0 best=116.3755 DPmean=0.579s (9715s)
[prog] tried=15800 feas=827 abort=0 best=116.3755 DPmean=0.579s (9773s)
[prog] tried=15900 feas=829 abort=0 best=116.3755 DPmean=0.574s (9830s)
[prog] tried=16000 feas=836 abort=0 best=116.3755 DPmean=0.585s (9889s)
[prog] tried=16100 feas=841 abort=0 best=116.3755 DPmean=0.564s (9945s)
[prog] tried=16200 feas=850 abort=0 best=116.3755 DPmean=0.622s (10007s)
[prog] tried=16300 feas=852 abort=0 best=116.3755 DPmean=0.578s (10065s)
[prog] tried=16400 feas=865 abort=0 best=116.3755 DPmean=0.615s (10127s)
[prog] tried=16500 feas=869 abort=0 best=116.3755 DPmean=0.550s (10182s)
[prog] tried=16600 feas=874 abort=0 best=116.3755 DPmean=0.586s (10240s)
[prog] tried=16700 feas=878 abort=0 best=116.3755 DPmean=0.575s (10298s)
[prog] tried=16800 feas=884 abort=0 best=116.3755 DPmean=0.604s (10358s)
[prog] tried=16900 feas=887 abort=0 best=116.3755 DPmean=0.542s (10412s)
[prog] tried=17000 feas=891 abort=0 best=116.3755 DPmean=0.564s (10469s)
[prog] tried=17100 feas=892 abort=0 best=116.3755 DPmean=0.543s (10523s)
[prog] tried=17200 feas=893 abort=0 best=116.3755 DPmean=0.580s (10581s)
[prog] tried=17300 feas=897 abort=0 best=116.3755 DPmean=0.581s (10639s)
[prog] tried=17400 feas=899 abort=0 best=116.3755 DPmean=0.561s (10695s)
[prog] tried=17500 feas=900 abort=0 best=116.3755 DPmean=0.597s (10755s)

[FINAL] tried=17583 feas=902 abort=0 best=116.3755 (bank 116.37377097878698) DPmean=0.614s
[FINAL] no improvement over bank — wrote nothing useful.
