[E-719b] coverage beam W_core=80 W_cov=40 K=22 thresh=60 (|RARE|=115) Radd=8; giant n=601; 8 seed(s)
[E-719b] positive control: depth1 -> 159 successors (46 rare-capturing) [0s]
  depth 2: |beam|=104 best_depth=2 min_t=0.0d (d/leg 0.036) | max_rare_in_beam=2/115 [0s]
  depth 3: |beam|=120 best_depth=3 min_t=0.1d (d/leg 0.055) | max_rare_in_beam=3/115 [14s]
  depth 4: |beam|=120 best_depth=4 min_t=0.2d (d/leg 0.057) | max_rare_in_beam=4/115 [27s]
  depth 5: |beam|=120 best_depth=5 min_t=0.3d (d/leg 0.069) | max_rare_in_beam=5/115 [39s]
  depth 21: |beam|=120 best_depth=21 min_t=3.7d (d/leg 0.184) | max_rare_in_beam=21/115 [243s]
  depth 41: |beam|=120 best_depth=41 min_t=7.9d (d/leg 0.198) | max_rare_in_beam=41/115 [569s]
  depth 61: |beam|=120 best_depth=61 min_t=11.7d (d/leg 0.196) | max_rare_in_beam=57/115 [1019s]
  depth 81: |beam|=120 best_depth=81 min_t=15.7d (d/leg 0.196) | max_rare_in_beam=77/115 [1447s]
  depth 101: |beam|=120 best_depth=101 min_t=20.0d (d/leg 0.200) | max_rare_in_beam=97/115 [1887s]
  depth 121: |beam|=120 best_depth=121 min_t=24.8d (d/leg 0.207) | max_rare_in_beam=106/115 [2316s]
  depth 141: |beam|=120 best_depth=141 min_t=31.4d (d/leg 0.225) | max_rare_in_beam=106/115 [2678s]
  depth 161: |beam|=120 best_depth=161 min_t=47.6d (d/leg 0.297) | max_rare_in_beam=106/115 [2989s]
  depth 181: |beam|=120 best_depth=181 min_t=55.4d (d/leg 0.308) | max_rare_in_beam=106/115 [3393s]
  depth 201: |beam|=120 best_depth=201 min_t=59.7d (d/leg 0.299) | max_rare_in_beam=106/115 [3849s]
  depth 221: |beam|=120 best_depth=221 min_t=63.1d (d/leg 0.287) | max_rare_in_beam=106/115 [4339s]
  depth 241: |beam|=120 best_depth=241 min_t=67.3d (d/leg 0.280) | max_rare_in_beam=106/115 [4813s]
  depth 261: |beam|=120 best_depth=261 min_t=71.4d (d/leg 0.275) | max_rare_in_beam=106/115 [5206s]
  depth 281: |beam|=120 best_depth=281 min_t=76.5d (d/leg 0.273) | max_rare_in_beam=56/115 [5588s]
  depth 301: |beam|=120 best_depth=301 min_t=86.2d (d/leg 0.287) | max_rare_in_beam=76/115 [5924s]
  depth 321: |beam|=120 best_depth=321 min_t=100.8d (d/leg 0.315) | max_rare_in_beam=96/115 [6234s]
  depth 341: |beam|=120 best_depth=341 min_t=129.4d (d/leg 0.380) | max_rare_in_beam=105/115 [6623s]
  depth 361: |beam|=120 best_depth=361 min_t=145.8d (d/leg 0.405) | max_rare_in_beam=92/115 [7068s]
  depth 381: |beam|=120 best_depth=381 min_t=150.9d (d/leg 0.397) | max_rare_in_beam=92/115 [7453s]
  depth 401: |beam|=120 best_depth=401 min_t=154.6d (d/leg 0.386) | max_rare_in_beam=92/115 [7959s]
  depth 421: |beam|=120 best_depth=421 min_t=157.8d (d/leg 0.376) | max_rare_in_beam=92/115 [8507s]
  depth 441: |beam|=120 best_depth=441 min_t=162.5d (d/leg 0.369) | max_rare_in_beam=92/115 [9021s]
  depth 461: |beam|=120 best_depth=461 min_t=166.5d (d/leg 0.362) | max_rare_in_beam=92/115 [9450s]
  depth 481: |beam|=120 best_depth=481 min_t=171.4d (d/leg 0.357) | max_rare_in_beam=85/115 [9726s]
  depth 501: |beam|=120 best_depth=501 min_t=188.5d (d/leg 0.377) | max_rare_in_beam=87/115 [9987s]
  depth 521: |beam|=102 best_depth=521 min_t=213.6d (d/leg 0.411) | max_rare_in_beam=87/115 [10139s]
  depth 541: |beam|=54 best_depth=541 min_t=238.7d (d/leg 0.442) | max_rare_in_beam=91/115 [10224s]
[E-719b] beam stranded at depth 557

[E-719b] DONE: deepest 557/601, makespan 295.3d (d/leg 0.531); rare threaded 94/115; rank-1=424.62 (E-710 baseline 558@283d) [10242s]
[E-719b] 557/601 (<= 558) -> coverage diversity didn't beat plain beam; the all-601 path may need backward/meet-in-middle or it isn't beam-reachable.
