[W500p200.0] BEAM from-scratch (W=500 pen=200.0 start=2 601 cities; bank 913@1.53, target ~405@0.68)
[W500p150.0] BEAM from-scratch (W=500 pen=150.0 start=2 601 cities; bank 913@1.53, target ~405@0.68)
[W500p300.0] BEAM from-scratch (W=500 pen=300.0 start=2 601 cities; bank 913@1.53, target ~405@0.68)
[W500p250.0] BEAM from-scratch (W=500 pen=250.0 start=2 601 cities; bank 913@1.53, target ~405@0.68)
[W500p150.0]   beam step 50/601 live=500 best_ep=9 (0.18 d/leg) [14s]
[W500p250.0]   beam step 50/601 live=500 best_ep=9 (0.17 d/leg) [14s]
[W500p200.0]   beam step 50/601 live=500 best_ep=9 (0.18 d/leg) [14s]
[W500p300.0]   beam step 50/601 live=500 best_ep=9 (0.17 d/leg) [15s]
[W500p150.0]   beam step 100/601 live=500 best_ep=18 (0.18 d/leg) [26s]
[W500p250.0]   beam step 100/601 live=500 best_ep=18 (0.18 d/leg) [26s]
[W500p200.0]   beam step 100/601 live=500 best_ep=18 (0.18 d/leg) [26s]
[W500p300.0]   beam step 100/601 live=500 best_ep=18 (0.18 d/leg) [27s]
[W500p150.0]   beam step 150/601 live=500 best_ep=31 (0.21 d/leg) [35s]
[W500p200.0]   beam step 150/601 live=500 best_ep=32 (0.21 d/leg) [35s]
[W500p250.0]   beam step 150/601 live=500 best_ep=32 (0.21 d/leg) [35s]
[W500p300.0]   beam step 150/601 live=500 best_ep=33 (0.22 d/leg) [37s]
[W500p150.0]   beam step 200/601 live=500 best_ep=45 (0.23 d/leg) [46s]
[W500p250.0]   beam step 200/601 live=500 best_ep=52 (0.26 d/leg) [49s]
[W500p300.0]   beam step 200/601 live=500 best_ep=52 (0.26 d/leg) [51s]
[W500p200.0]   beam step 200/601 live=500 best_ep=54 (0.27 d/leg) [52s]
[W500p150.0]   beam step 250/601 live=500 best_ep=64 (0.26 d/leg) [54s]
[W500p250.0]   beam step 250/601 live=500 best_ep=63 (0.25 d/leg) [59s]
[W500p150.0]   beam step 300/601 live=500 best_ep=81 (0.27 d/leg) [62s]
[W500p300.0]   beam step 250/601 live=500 best_ep=63 (0.25 d/leg) [63s]
[W500p200.0]   beam step 250/601 live=500 best_ep=63 (0.25 d/leg) [64s]
[W500p250.0]   beam step 300/601 live=500 best_ep=75 (0.25 d/leg) [66s]
[W500p300.0]   beam step 300/601 live=500 best_ep=77 (0.26 d/leg) [69s]
[W500p150.0]   beam step 350/601 live=494 best_ep=125 (0.36 d/leg) [71s]
[W500p200.0]   beam step 300/601 live=492 best_ep=72 (0.24 d/leg) [72s]
[W500p250.0]   beam step 350/601 live=500 best_ep=132 (0.38 d/leg) [76s]
[W500p200.0]   beam step 350/601 live=500 best_ep=129 (0.37 d/leg) [79s]
[W500p300.0]   beam step 350/601 live=500 best_ep=133 (0.38 d/leg) [80s]
[W500p150.0]   beam step 400/601 live=476 best_ep=133 (0.33 d/leg) [82s]
[W500p250.0]   beam step 400/601 live=500 best_ep=142 (0.35 d/leg) [88s]
[W500p150.0]   beam step 450/601 live=433 best_ep=141 (0.31 d/leg) [89s]
[W500p300.0]   beam step 400/601 live=500 best_ep=142 (0.35 d/leg) [91s]
[W500p150.0]   beam step 500/601 live=343 best_ep=173 (0.35 d/leg) [92s]
[W500p200.0]   beam step 400/601 live=500 best_ep=154 (0.38 d/leg) [95s]
[W500p150.0]   beam step 550/601 live=266 best_ep=237 (0.43 d/leg) [95s]
[W500p150.0]   beam DEAD at step 565/601 — return best partial len=565 ep=255
[W500p250.0]   beam step 450/601 live=459 best_ep=151 (0.34 d/leg) [95s]
[W500p300.0]   beam step 450/601 live=457 best_ep=151 (0.34 d/leg) [98s]
[W500p250.0]   beam step 500/601 live=342 best_ep=194 (0.39 d/leg) [98s]
[W500p300.0]   beam step 500/601 live=336 best_ep=195 (0.39 d/leg) [101s]
[W500p250.0]   beam step 550/601 live=281 best_ep=266 (0.48 d/leg) [101s]
[W500p250.0]   beam DEAD at step 580/601 — return best partial len=580 ep=346
[W500p300.0]   beam step 550/601 live=272 best_ep=269 (0.49 d/leg) [103s]
[W500p300.0]   beam DEAD at step 577/601 — return best partial len=577 ep=351
[W500p200.0]   beam step 450/601 live=496 best_ep=162 (0.36 d/leg) [105s]
[W500p150.0] beam partial 565/601 (faithful_mk=989); repairing 36 via cheap-window insertion
[W500p150.0] order len=601/601 [110s] — faithful retime next
[W500p150.0]   retime leg 100/600 ep=36 (0s)
[W500p150.0]   retime leg 200/600 ep=105 (1s)
[W500p200.0]   beam step 500/601 live=380 best_ep=172 (0.34 d/leg) [111s]
[W500p200.0]   beam step 550/601 live=289 best_ep=243 (0.44 d/leg) [113s]
[W500p200.0]   beam DEAD at step 591/601 — return best partial len=591 ep=357
[W500p150.0]   retime leg 300/600 ep=302 (3s)
[W500p150.0]   retime leg 400/600 ep=574 (7s)
[W500p150.0]   retime leg 500/600 ep=844 (11s)
[W500p250.0] beam partial 580/601 (faithful_mk=1129); repairing 21 via cheap-window insertion
[W500p250.0] order len=601/601 [124s] — faithful retime next
[W500p250.0]   retime leg 100/600 ep=22 (0s)
[W500p250.0]   retime leg 200/600 ep=90 (0s)
[W500p300.0] beam partial 577/601 (faithful_mk=1081); repairing 24 via cheap-window insertion
[W500p300.0] order len=601/601 [124s] — faithful retime next
[W500p300.0]   retime leg 100/600 ep=22 (0s)
[W500p300.0]   retime leg 200/600 ep=84 (0s)
[W500p250.0]   retime leg 300/600 ep=258 (2s)
[W500p150.0]   retime leg 600/600 ep=1127 (16s)
[W500p150.0] *** BEAM giant = 1127.3d (1.879 d/leg, 601/601 cities) [126s] vs bank 913, target ~405 -> partial/no-improve
[W500p300.0]   retime leg 300/600 ep=253 (3s)
[W500p250.0]   retime leg 400/600 ep=526 (7s)
[W500p200.0] beam partial 591/601 (faithful_mk=1034); repairing 10 via cheap-window insertion
[W500p200.0] order len=601/601 [131s] — faithful retime next
[W500p200.0]   retime leg 100/600 ep=22 (0s)
[W500p200.0]   retime leg 200/600 ep=83 (0s)
[W500p200.0]   retime leg 300/600 ep=214 (1s)
[W500p300.0]   retime leg 400/600 ep=527 (8s)
[W500p250.0]   retime leg 500/600 ep=817 (11s)
[W500p200.0]   retime leg 400/600 ep=446 (5s)
[W500p300.0]   retime leg 500/600 ep=803 (12s)
[W500p200.0]   retime leg 500/600 ep=715 (8s)
[W500p250.0]   retime leg 600/600 ep=1145 (19s)
[W500p250.0] *** BEAM giant = 1145.0d (1.908 d/leg, 601/601 cities) [142s] vs bank 913, target ~405 -> partial/no-improve
[W500p300.0]   retime leg 600/600 ep=1160 (22s)
[W500p300.0] *** BEAM giant = 1159.6d (1.933 d/leg, 601/601 cities) [146s] vs bank 913, target ~405 -> partial/no-improve
[W500p200.0]   retime leg 600/600 ep=1038 (16s)
[W500p200.0] *** BEAM giant = 1038.3d (1.730 d/leg, 601/601 cities) [146s] vs bank 913, target ~405 -> partial/no-improve
