[W200p0.0] BEAM from-scratch (W=200 pen=0.0 start=2 601 cities; bank 913@1.53, target ~405@0.68)
[W200p0.5] BEAM from-scratch (W=200 pen=0.5 start=2 601 cities; bank 913@1.53, target ~405@0.68)
[W200p8.0] BEAM from-scratch (W=200 pen=8.0 start=2 601 cities; bank 913@1.53, target ~405@0.68)
[W200p2.0] BEAM from-scratch (W=200 pen=2.0 start=2 601 cities; bank 913@1.53, target ~405@0.68)
[W200p0.0]   beam step 50/601 live=200 best_ep=9 (0.18 d/leg) [5s]
[W200p8.0]   beam step 50/601 live=200 best_ep=9 (0.18 d/leg) [5s]
[W200p2.0]   beam step 50/601 live=200 best_ep=9 (0.18 d/leg) [6s]
[W200p0.5]   beam step 50/601 live=200 best_ep=9 (0.18 d/leg) [6s]
[W200p0.0]   beam step 100/601 live=200 best_ep=18 (0.18 d/leg) [9s]
[W200p2.0]   beam step 100/601 live=200 best_ep=18 (0.18 d/leg) [9s]
[W200p8.0]   beam step 100/601 live=200 best_ep=18 (0.18 d/leg) [10s]
[W200p0.5]   beam step 100/601 live=200 best_ep=18 (0.18 d/leg) [10s]
[W200p2.0]   beam step 150/601 live=200 best_ep=33 (0.22 d/leg) [11s]
[W200p0.0]   beam step 150/601 live=200 best_ep=30 (0.20 d/leg) [11s]
Process Process-3:
Traceback (most recent call last):
[W200p8.0]   beam step 150/601 live=200 best_ep=32 (0.21 d/leg) [12s]
  File "/home/julian/micromamba/envs/spoc26/lib/python3.13/multiprocessing/process.py", line 313, in _bootstrap
    self.run()
    ~~~~~~~~^^
  File "/home/julian/micromamba/envs/spoc26/lib/python3.13/multiprocessing/process.py", line 108, in run
    self._target(*self._args, **self._kwargs)
    ~~~~~~~~~~~~^^^^^^^^^^^^^^^^^^^^^^^^^^^^^
  File "/home/julian/Projects/esa_spoc_26_3/scripts/ch2_giant_beam_dense.py", line 133, in main
    order = beam_search(neigh, tab, epochs, start, entry, m, W, pen, log)
  File "/home/julian/Projects/esa_spoc_26_3/scripts/ch2_giant_beam_dense.py", line 93, in beam_search
    score = arr + pen * (1.0 / (rem_deg + 1))
                         ~~~~^~~~~~~~~~~~~~~
ZeroDivisionError: float division by zero
Process Process-1:
Traceback (most recent call last):
  File "/home/julian/micromamba/envs/spoc26/lib/python3.13/multiprocessing/process.py", line 313, in _bootstrap
    self.run()
    ~~~~~~~~^^
  File "/home/julian/micromamba/envs/spoc26/lib/python3.13/multiprocessing/process.py", line 108, in run
    self._target(*self._args, **self._kwargs)
    ~~~~~~~~~~~~^^^^^^^^^^^^^^^^^^^^^^^^^^^^^
  File "/home/julian/Projects/esa_spoc_26_3/scripts/ch2_giant_beam_dense.py", line 133, in main
    order = beam_search(neigh, tab, epochs, start, entry, m, W, pen, log)
  File "/home/julian/Projects/esa_spoc_26_3/scripts/ch2_giant_beam_dense.py", line 93, in beam_search
    score = arr + pen * (1.0 / (rem_deg + 1))
                         ~~~~^~~~~~~~~~~~~~~
ZeroDivisionError: float division by zero
[W200p0.5]   beam step 150/601 live=200 best_ep=33 (0.22 d/leg) [12s]
Process Process-2:
Traceback (most recent call last):
  File "/home/julian/micromamba/envs/spoc26/lib/python3.13/multiprocessing/process.py", line 313, in _bootstrap
    self.run()
    ~~~~~~~~^^
  File "/home/julian/micromamba/envs/spoc26/lib/python3.13/multiprocessing/process.py", line 108, in run
    self._target(*self._args, **self._kwargs)
    ~~~~~~~~~~~~^^^^^^^^^^^^^^^^^^^^^^^^^^^^^
  File "/home/julian/Projects/esa_spoc_26_3/scripts/ch2_giant_beam_dense.py", line 133, in main
    order = beam_search(neigh, tab, epochs, start, entry, m, W, pen, log)
  File "/home/julian/Projects/esa_spoc_26_3/scripts/ch2_giant_beam_dense.py", line 93, in beam_search
    score = arr + pen * (1.0 / (rem_deg + 1))
                         ~~~~^~~~~~~~~~~~~~~
ZeroDivisionError: float division by zero
[W200p8.0]   beam step 200/601 live=200 best_ep=53 (0.26 d/leg) [16s]
[W200p8.0]   beam step 250/601 live=200 best_ep=61 (0.24 d/leg) [20s]
[W200p8.0]   beam step 300/601 live=200 best_ep=71 (0.24 d/leg) [22s]
Process Process-4:
Traceback (most recent call last):
  File "/home/julian/micromamba/envs/spoc26/lib/python3.13/multiprocessing/process.py", line 313, in _bootstrap
    self.run()
    ~~~~~~~~^^
  File "/home/julian/micromamba/envs/spoc26/lib/python3.13/multiprocessing/process.py", line 108, in run
    self._target(*self._args, **self._kwargs)
    ~~~~~~~~~~~~^^^^^^^^^^^^^^^^^^^^^^^^^^^^^
  File "/home/julian/Projects/esa_spoc_26_3/scripts/ch2_giant_beam_dense.py", line 133, in main
    order = beam_search(neigh, tab, epochs, start, entry, m, W, pen, log)
  File "/home/julian/Projects/esa_spoc_26_3/scripts/ch2_giant_beam_dense.py", line 93, in beam_search
    score = arr + pen * (1.0 / (rem_deg + 1))
                         ~~~~^~~~~~~~~~~~~~~
ZeroDivisionError: float division by zero
