[E-719b] coverage beam W_core=60 W_cov=60 K=18 thresh=40 (|RARE|=113) Radd=8; giant n=601; 8 seed(s)
[E-719b] positive control: depth1 -> 135 successors (46 rare-capturing) [0s]
  depth 2: |beam|=84 best_depth=2 min_t=0.0d (d/leg 0.036) | max_rare_in_beam=2/113 [0s]
  depth 3: |beam|=120 best_depth=3 min_t=0.1d (d/leg 0.055) | max_rare_in_beam=3/113 [9s]
  depth 4: |beam|=120 best_depth=4 min_t=0.2d (d/leg 0.061) | max_rare_in_beam=4/113 [21s]
  depth 5: |beam|=120 best_depth=5 min_t=0.5d (d/leg 0.134) | max_rare_in_beam=5/113 [33s]
  depth 21: |beam|=120 best_depth=21 min_t=4.3d (d/leg 0.215) | max_rare_in_beam=21/113 [187s]
  depth 41: |beam|=120 best_depth=41 min_t=8.4d (d/leg 0.210) | max_rare_in_beam=41/113 [411s]
  depth 61: |beam|=120 best_depth=61 min_t=12.3d (d/leg 0.205) | max_rare_in_beam=58/113 [765s]
  depth 81: |beam|=120 best_depth=81 min_t=16.7d (d/leg 0.208) | max_rare_in_beam=78/113 [1223s]
  depth 101: |beam|=120 best_depth=101 min_t=21.1d (d/leg 0.211) | max_rare_in_beam=98/113 [1633s]
  depth 121: |beam|=120 best_depth=121 min_t=26.8d (d/leg 0.223) | max_rare_in_beam=98/113 [1956s]
  depth 141: |beam|=120 best_depth=141 min_t=35.8d (d/leg 0.256) | max_rare_in_beam=98/113 [2307s]
  depth 161: |beam|=120 best_depth=161 min_t=53.4d (d/leg 0.334) | max_rare_in_beam=98/113 [2627s]
  depth 181: |beam|=120 best_depth=181 min_t=64.3d (d/leg 0.357) | max_rare_in_beam=98/113 [2957s]
  depth 201: |beam|=120 best_depth=201 min_t=68.4d (d/leg 0.342) | max_rare_in_beam=98/113 [3394s]
  depth 221: |beam|=120 best_depth=221 min_t=73.3d (d/leg 0.333) | max_rare_in_beam=98/113 [3920s]
  depth 241: |beam|=120 best_depth=241 min_t=77.1d (d/leg 0.321) | max_rare_in_beam=98/113 [4362s]
  depth 261: |beam|=120 best_depth=261 min_t=81.5d (d/leg 0.314) | max_rare_in_beam=98/113 [4720s]
  depth 281: |beam|=120 best_depth=281 min_t=85.8d (d/leg 0.306) | max_rare_in_beam=50/113 [5198s]
  depth 301: |beam|=120 best_depth=301 min_t=94.2d (d/leg 0.314) | max_rare_in_beam=59/113 [5671s]
  depth 321: |beam|=120 best_depth=321 min_t=107.8d (d/leg 0.337) | max_rare_in_beam=79/113 [6145s]
  depth 341: |beam|=120 best_depth=341 min_t=128.5d (d/leg 0.378) | max_rare_in_beam=78/113 [6611s]
  depth 361: |beam|=120 best_depth=361 min_t=135.7d (d/leg 0.377) | max_rare_in_beam=78/113 [7009s]
  depth 381: |beam|=120 best_depth=381 min_t=140.4d (d/leg 0.369) | max_rare_in_beam=78/113 [7291s]
  depth 401: |beam|=120 best_depth=401 min_t=144.5d (d/leg 0.361) | max_rare_in_beam=78/113 [7506s]
  depth 421: |beam|=120 best_depth=421 min_t=147.6d (d/leg 0.351) | max_rare_in_beam=95/113 [7754s]
  depth 441: |beam|=120 best_depth=441 min_t=151.4d (d/leg 0.344) | max_rare_in_beam=78/113 [8056s]
  depth 461: |beam|=120 best_depth=461 min_t=156.6d (d/leg 0.341) | max_rare_in_beam=91/113 [8360s]
  depth 481: |beam|=120 best_depth=481 min_t=165.9d (d/leg 0.346) | max_rare_in_beam=80/113 [8607s]
  depth 501: |beam|=120 best_depth=501 min_t=192.3d (d/leg 0.385) | max_rare_in_beam=100/113 [8749s]
  depth 521: |beam|=115 best_depth=521 min_t=219.3d (d/leg 0.422) | max_rare_in_beam=77/113 [8896s]
  depth 541: |beam|=103 best_depth=541 min_t=245.3d (d/leg 0.454) | max_rare_in_beam=87/113 [8996s]
  depth 561: |beam|=14 best_depth=561 min_t=328.7d (d/leg 0.587) | max_rare_in_beam=98/113 [9023s]
[E-719b] beam stranded at depth 562

[E-719b] DONE: deepest 562/601, makespan 336.5d (d/leg 0.600); rare threaded 99/113; rank-1=424.62 (E-710 baseline 558@283d) [9023s]
[E-719b] 562/601 (> E-710's 558) -> coverage-elite threads more; push params.
