[E-719b] coverage beam W_core=70 W_cov=40 K=18 thresh=40 (|RARE|=120) Radd=6; giant n=601; 8 seed(s)
[E-719b] positive control: depth1 -> 130 successors (39 rare-capturing) [0s]
  depth 2: |beam|=86 best_depth=2 min_t=0.0d (d/leg 0.036) | max_rare_in_beam=2/120 [0s]
  depth 3: |beam|=110 best_depth=3 min_t=0.1d (d/leg 0.056) | max_rare_in_beam=3/120 [8s]
  depth 4: |beam|=110 best_depth=4 min_t=0.2d (d/leg 0.061) | max_rare_in_beam=4/120 [15s]
  depth 5: |beam|=110 best_depth=5 min_t=0.5d (d/leg 0.133) | max_rare_in_beam=5/120 [23s]
  depth 21: |beam|=110 best_depth=21 min_t=4.3d (d/leg 0.213) | max_rare_in_beam=21/120 [160s]
  depth 41: |beam|=110 best_depth=41 min_t=8.1d (d/leg 0.203) | max_rare_in_beam=41/120 [361s]
  depth 61: |beam|=110 best_depth=61 min_t=12.1d (d/leg 0.202) | max_rare_in_beam=51/120 [702s]
  depth 81: |beam|=110 best_depth=81 min_t=16.6d (d/leg 0.207) | max_rare_in_beam=51/120 [1025s]
  depth 101: |beam|=110 best_depth=101 min_t=21.0d (d/leg 0.210) | max_rare_in_beam=51/120 [1362s]
  depth 121: |beam|=110 best_depth=121 min_t=25.8d (d/leg 0.215) | max_rare_in_beam=51/120 [1664s]
  depth 141: |beam|=110 best_depth=141 min_t=34.4d (d/leg 0.246) | max_rare_in_beam=51/120 [1943s]
  depth 161: |beam|=110 best_depth=161 min_t=49.6d (d/leg 0.310) | max_rare_in_beam=51/120 [2170s]
  depth 181: |beam|=110 best_depth=181 min_t=60.4d (d/leg 0.335) | max_rare_in_beam=51/120 [2437s]
  depth 201: |beam|=110 best_depth=201 min_t=65.0d (d/leg 0.325) | max_rare_in_beam=51/120 [2749s]
  depth 221: |beam|=110 best_depth=221 min_t=68.7d (d/leg 0.312) | max_rare_in_beam=56/120 [3099s]
  depth 241: |beam|=110 best_depth=241 min_t=73.5d (d/leg 0.306) | max_rare_in_beam=76/120 [3511s]
  depth 261: |beam|=110 best_depth=261 min_t=77.3d (d/leg 0.297) | max_rare_in_beam=96/120 [3914s]
  depth 281: |beam|=110 best_depth=281 min_t=82.1d (d/leg 0.293) | max_rare_in_beam=83/120 [4265s]
  depth 301: |beam|=110 best_depth=301 min_t=92.5d (d/leg 0.308) | max_rare_in_beam=83/120 [4591s]
  depth 321: |beam|=110 best_depth=321 min_t=111.6d (d/leg 0.349) | max_rare_in_beam=83/120 [4900s]
  depth 341: |beam|=110 best_depth=341 min_t=141.2d (d/leg 0.415) | max_rare_in_beam=83/120 [5278s]
  depth 361: |beam|=110 best_depth=361 min_t=166.4d (d/leg 0.462) | max_rare_in_beam=83/120 [5702s]
  depth 381: |beam|=110 best_depth=381 min_t=170.9d (d/leg 0.450) | max_rare_in_beam=83/120 [5971s]
  depth 401: |beam|=110 best_depth=401 min_t=175.5d (d/leg 0.439) | max_rare_in_beam=83/120 [6270s]
  depth 421: |beam|=110 best_depth=421 min_t=179.5d (d/leg 0.427) | max_rare_in_beam=91/120 [6570s]
  depth 441: |beam|=110 best_depth=441 min_t=183.3d (d/leg 0.417) | max_rare_in_beam=93/120 [6872s]
  depth 461: |beam|=110 best_depth=461 min_t=187.5d (d/leg 0.408) | max_rare_in_beam=93/120 [7165s]
  depth 481: |beam|=110 best_depth=481 min_t=196.2d (d/leg 0.409) | max_rare_in_beam=93/120 [7448s]
  depth 501: |beam|=98 best_depth=501 min_t=209.0d (d/leg 0.418) | max_rare_in_beam=92/120 [7593s]
  depth 521: |beam|=63 best_depth=521 min_t=249.8d (d/leg 0.480) | max_rare_in_beam=94/120 [7667s]
  depth 541: |beam|=29 best_depth=541 min_t=277.6d (d/leg 0.514) | max_rare_in_beam=93/120 [7699s]
[E-719b] beam stranded at depth 554

[E-719b] DONE: deepest 554/601, makespan 314.2d (d/leg 0.568); rare threaded 93/120; rank-1=424.62 (E-710 baseline 558@283d) [7704s]
[E-719b] 554/601 (<= 558) -> coverage diversity didn't beat plain beam; the all-601 path may need backward/meet-in-middle or it isn't beam-reachable.
