[E-719b] coverage beam W_core=100 W_cov=60 K=18 thresh=40 (|RARE|=113) Radd=6; giant n=601; 8 seed(s)
[E-719b] positive control: depth1 -> 135 successors (46 rare-capturing) [0s]
  depth 2: |beam|=114 best_depth=2 min_t=0.0d (d/leg 0.036) | max_rare_in_beam=2/113 [0s]
  depth 3: |beam|=160 best_depth=3 min_t=0.1d (d/leg 0.055) | max_rare_in_beam=3/113 [12s]
  depth 4: |beam|=160 best_depth=4 min_t=0.2d (d/leg 0.061) | max_rare_in_beam=4/113 [29s]
  depth 5: |beam|=160 best_depth=5 min_t=0.5d (d/leg 0.134) | max_rare_in_beam=5/113 [44s]
  depth 21: |beam|=160 best_depth=21 min_t=4.2d (d/leg 0.209) | max_rare_in_beam=21/113 [274s]
  depth 41: |beam|=160 best_depth=41 min_t=8.4d (d/leg 0.210) | max_rare_in_beam=41/113 [596s]
  depth 61: |beam|=160 best_depth=61 min_t=12.3d (d/leg 0.205) | max_rare_in_beam=58/113 [1086s]
  depth 81: |beam|=160 best_depth=81 min_t=16.9d (d/leg 0.211) | max_rare_in_beam=78/113 [1682s]
  depth 101: |beam|=160 best_depth=101 min_t=21.2d (d/leg 0.212) | max_rare_in_beam=98/113 [2223s]
  depth 121: |beam|=160 best_depth=121 min_t=25.9d (d/leg 0.216) | max_rare_in_beam=98/113 [2703s]
  depth 141: |beam|=160 best_depth=141 min_t=33.7d (d/leg 0.241) | max_rare_in_beam=98/113 [3143s]
  depth 161: |beam|=160 best_depth=161 min_t=46.7d (d/leg 0.292) | max_rare_in_beam=98/113 [3553s]
  depth 181: |beam|=160 best_depth=181 min_t=53.7d (d/leg 0.298) | max_rare_in_beam=98/113 [3990s]
  depth 201: |beam|=160 best_depth=201 min_t=57.4d (d/leg 0.287) | max_rare_in_beam=98/113 [4502s]
  depth 221: |beam|=160 best_depth=221 min_t=61.3d (d/leg 0.279) | max_rare_in_beam=98/113 [5129s]
  depth 241: |beam|=160 best_depth=241 min_t=65.4d (d/leg 0.272) | max_rare_in_beam=98/113 [5661s]
  depth 261: |beam|=160 best_depth=261 min_t=69.9d (d/leg 0.269) | max_rare_in_beam=98/113 [6139s]
  depth 281: |beam|=160 best_depth=281 min_t=75.4d (d/leg 0.269) | max_rare_in_beam=56/113 [6594s]
  depth 301: |beam|=160 best_depth=301 min_t=86.0d (d/leg 0.287) | max_rare_in_beam=56/113 [7083s]
  depth 321: |beam|=160 best_depth=321 min_t=109.9d (d/leg 0.343) | max_rare_in_beam=56/113 [7584s]
  depth 341: |beam|=160 best_depth=341 min_t=128.7d (d/leg 0.378) | max_rare_in_beam=75/113 [8141s]
  depth 361: |beam|=160 best_depth=361 min_t=139.7d (d/leg 0.388) | max_rare_in_beam=91/113 [8586s]
  depth 381: |beam|=160 best_depth=381 min_t=144.8d (d/leg 0.381) | max_rare_in_beam=108/113 [9001s]
  depth 401: |beam|=160 best_depth=401 min_t=148.5d (d/leg 0.371) | max_rare_in_beam=108/113 [9442s]
  depth 421: |beam|=160 best_depth=421 min_t=152.2d (d/leg 0.362) | max_rare_in_beam=108/113 [9935s]
  depth 441: |beam|=160 best_depth=441 min_t=156.2d (d/leg 0.355) | max_rare_in_beam=88/113 [10437s]
  depth 461: |beam|=158 best_depth=461 min_t=161.9d (d/leg 0.352) | max_rare_in_beam=91/113 [10888s]
  depth 481: |beam|=160 best_depth=481 min_t=174.1d (d/leg 0.363) | max_rare_in_beam=90/113 [11216s]
  depth 501: |beam|=157 best_depth=501 min_t=199.7d (d/leg 0.399) | max_rare_in_beam=88/113 [11494s]
  depth 521: |beam|=134 best_depth=521 min_t=223.4d (d/leg 0.430) | max_rare_in_beam=88/113 [11669s]
  depth 541: |beam|=76 best_depth=541 min_t=261.9d (d/leg 0.485) | max_rare_in_beam=90/113 [11740s]
  depth 561: |beam|=5 best_depth=561 min_t=327.9d (d/leg 0.586) | max_rare_in_beam=99/113 [11753s]
[E-719b] beam stranded at depth 563

[E-719b] DONE: deepest 563/601, makespan 342.2d (d/leg 0.609); rare threaded 98/113; rank-1=424.62 (E-710 baseline 558@283d) [11753s]
[E-719b] 563/601 (> E-710's 558) -> coverage-elite threads more; push params.
