[E-719b] coverage beam W_core=70 W_cov=40 K=18 thresh=40 (|RARE|=113) Radd=6; giant n=601; 8 seed(s)
[E-719b] positive control: depth1 -> 135 successors (46 rare-capturing) [0s]
  depth 2: |beam|=92 best_depth=2 min_t=0.0d (d/leg 0.036) | max_rare_in_beam=2/113 [0s]
  depth 3: |beam|=110 best_depth=3 min_t=0.1d (d/leg 0.055) | max_rare_in_beam=3/113 [9s]
  depth 4: |beam|=110 best_depth=4 min_t=0.2d (d/leg 0.061) | max_rare_in_beam=4/113 [18s]
  depth 5: |beam|=110 best_depth=5 min_t=0.5d (d/leg 0.134) | max_rare_in_beam=5/113 [25s]
  depth 21: |beam|=110 best_depth=21 min_t=4.3d (d/leg 0.215) | max_rare_in_beam=21/113 [177s]
  depth 41: |beam|=110 best_depth=41 min_t=8.6d (d/leg 0.215) | max_rare_in_beam=41/113 [384s]
  depth 61: |beam|=110 best_depth=61 min_t=12.4d (d/leg 0.207) | max_rare_in_beam=58/113 [745s]
  depth 81: |beam|=110 best_depth=81 min_t=16.5d (d/leg 0.206) | max_rare_in_beam=78/113 [1071s]
  depth 101: |beam|=110 best_depth=101 min_t=20.9d (d/leg 0.209) | max_rare_in_beam=96/113 [1400s]
  depth 121: |beam|=110 best_depth=121 min_t=25.6d (d/leg 0.213) | max_rare_in_beam=96/113 [1715s]
  depth 141: |beam|=110 best_depth=141 min_t=34.0d (d/leg 0.243) | max_rare_in_beam=96/113 [1996s]
  depth 161: |beam|=110 best_depth=161 min_t=49.0d (d/leg 0.306) | max_rare_in_beam=96/113 [2235s]
  depth 181: |beam|=110 best_depth=181 min_t=63.7d (d/leg 0.354) | max_rare_in_beam=96/113 [2513s]
  depth 201: |beam|=110 best_depth=201 min_t=68.0d (d/leg 0.340) | max_rare_in_beam=96/113 [2845s]
  depth 221: |beam|=110 best_depth=221 min_t=72.0d (d/leg 0.327) | max_rare_in_beam=96/113 [3226s]
  depth 241: |beam|=110 best_depth=241 min_t=75.5d (d/leg 0.315) | max_rare_in_beam=96/113 [3556s]
  depth 261: |beam|=110 best_depth=261 min_t=79.6d (d/leg 0.306) | max_rare_in_beam=96/113 [3842s]
  depth 281: |beam|=110 best_depth=281 min_t=84.2d (d/leg 0.301) | max_rare_in_beam=56/113 [4182s]
  depth 301: |beam|=110 best_depth=301 min_t=89.0d (d/leg 0.297) | max_rare_in_beam=76/113 [4448s]
  depth 321: |beam|=110 best_depth=321 min_t=101.8d (d/leg 0.318) | max_rare_in_beam=95/113 [4672s]
  depth 341: |beam|=110 best_depth=341 min_t=125.3d (d/leg 0.369) | max_rare_in_beam=87/113 [4880s]
  depth 361: |beam|=110 best_depth=361 min_t=146.2d (d/leg 0.406) | max_rare_in_beam=87/113 [5216s]
  depth 381: |beam|=110 best_depth=381 min_t=150.2d (d/leg 0.395) | max_rare_in_beam=87/113 [5480s]
  depth 401: |beam|=110 best_depth=401 min_t=154.4d (d/leg 0.386) | max_rare_in_beam=87/113 [5804s]
  depth 421: |beam|=110 best_depth=421 min_t=158.9d (d/leg 0.378) | max_rare_in_beam=87/113 [6158s]
  depth 441: |beam|=110 best_depth=441 min_t=163.5d (d/leg 0.372) | max_rare_in_beam=87/113 [6536s]
  depth 461: |beam|=110 best_depth=461 min_t=167.6d (d/leg 0.364) | max_rare_in_beam=87/113 [6947s]
  depth 481: |beam|=110 best_depth=481 min_t=173.2d (d/leg 0.361) | max_rare_in_beam=80/113 [7348s]
  depth 501: |beam|=110 best_depth=501 min_t=184.5d (d/leg 0.369) | max_rare_in_beam=87/113 [7686s]
  depth 521: |beam|=93 best_depth=521 min_t=200.6d (d/leg 0.386) | max_rare_in_beam=87/113 [7891s]
  depth 541: |beam|=64 best_depth=541 min_t=226.7d (d/leg 0.420) | max_rare_in_beam=87/113 [8006s]
[E-719b] beam stranded at depth 554

[E-719b] DONE: deepest 554/601, makespan 270.3d (d/leg 0.489); rare threaded 83/113; rank-1=424.62 (E-710 baseline 558@283d) [8022s]
[E-719b] 554/601 (<= 558) -> coverage diversity didn't beat plain beam; the all-601 path may need backward/meet-in-middle or it isn't beam-reachable.
