[E-719b] coverage beam W_core=70 W_cov=40 K=18 thresh=40 (|RARE|=120) Radd=6; giant n=601; 8 seed(s)
[E-719b] positive control: depth1 -> 130 successors (39 rare-capturing) [0s]
  depth 2: |beam|=86 best_depth=2 min_t=0.0d (d/leg 0.036) | max_rare_in_beam=2/120 [0s]
  depth 3: |beam|=110 best_depth=3 min_t=0.1d (d/leg 0.055) | max_rare_in_beam=3/120 [8s]
  depth 4: |beam|=110 best_depth=4 min_t=0.2d (d/leg 0.061) | max_rare_in_beam=4/120 [16s]
  depth 5: |beam|=110 best_depth=5 min_t=0.5d (d/leg 0.134) | max_rare_in_beam=5/120 [23s]
  depth 21: |beam|=110 best_depth=21 min_t=4.3d (d/leg 0.213) | max_rare_in_beam=21/120 [163s]
  depth 41: |beam|=110 best_depth=41 min_t=8.1d (d/leg 0.203) | max_rare_in_beam=41/120 [386s]
  depth 61: |beam|=110 best_depth=61 min_t=12.1d (d/leg 0.202) | max_rare_in_beam=59/120 [697s]
  depth 81: |beam|=110 best_depth=81 min_t=16.6d (d/leg 0.207) | max_rare_in_beam=79/120 [1028s]
  depth 101: |beam|=110 best_depth=101 min_t=21.1d (d/leg 0.211) | max_rare_in_beam=90/120 [1380s]
  depth 121: |beam|=110 best_depth=121 min_t=26.3d (d/leg 0.219) | max_rare_in_beam=90/120 [1707s]
  depth 141: |beam|=110 best_depth=141 min_t=36.5d (d/leg 0.261) | max_rare_in_beam=91/120 [2030s]
  depth 161: |beam|=110 best_depth=161 min_t=54.3d (d/leg 0.339) | max_rare_in_beam=90/120 [2309s]
  depth 181: |beam|=110 best_depth=181 min_t=61.7d (d/leg 0.343) | max_rare_in_beam=90/120 [2597s]
  depth 201: |beam|=110 best_depth=201 min_t=65.8d (d/leg 0.329) | max_rare_in_beam=90/120 [2990s]
  depth 221: |beam|=110 best_depth=221 min_t=69.4d (d/leg 0.315) | max_rare_in_beam=90/120 [3356s]
  depth 241: |beam|=110 best_depth=241 min_t=73.7d (d/leg 0.307) | max_rare_in_beam=91/120 [3692s]
  depth 261: |beam|=110 best_depth=261 min_t=78.1d (d/leg 0.300) | max_rare_in_beam=49/120 [4025s]
  depth 281: |beam|=110 best_depth=281 min_t=83.6d (d/leg 0.299) | max_rare_in_beam=67/120 [4397s]
  depth 301: |beam|=110 best_depth=301 min_t=92.5d (d/leg 0.308) | max_rare_in_beam=87/120 [4698s]
  depth 321: |beam|=110 best_depth=321 min_t=113.3d (d/leg 0.354) | max_rare_in_beam=86/120 [4933s]
  depth 341: |beam|=110 best_depth=341 min_t=135.3d (d/leg 0.398) | max_rare_in_beam=86/120 [5265s]
  depth 361: |beam|=110 best_depth=361 min_t=155.1d (d/leg 0.431) | max_rare_in_beam=86/120 [5614s]
  depth 381: |beam|=110 best_depth=381 min_t=158.6d (d/leg 0.417) | max_rare_in_beam=86/120 [5938s]
  depth 401: |beam|=110 best_depth=401 min_t=162.7d (d/leg 0.407) | max_rare_in_beam=86/120 [6311s]
  depth 421: |beam|=110 best_depth=421 min_t=167.9d (d/leg 0.400) | max_rare_in_beam=86/120 [6669s]
  depth 441: |beam|=110 best_depth=441 min_t=171.6d (d/leg 0.390) | max_rare_in_beam=86/120 [7029s]
  depth 461: |beam|=110 best_depth=461 min_t=176.9d (d/leg 0.384) | max_rare_in_beam=74/120 [7425s]
  depth 481: |beam|=110 best_depth=481 min_t=182.8d (d/leg 0.381) | max_rare_in_beam=91/120 [7697s]
  depth 501: |beam|=110 best_depth=501 min_t=200.4d (d/leg 0.401) | max_rare_in_beam=103/120 [7872s]
  depth 521: |beam|=110 best_depth=521 min_t=228.0d (d/leg 0.438) | max_rare_in_beam=87/120 [8021s]
  depth 541: |beam|=100 best_depth=541 min_t=256.4d (d/leg 0.475) | max_rare_in_beam=88/120 [8085s]
  depth 561: |beam|=39 best_depth=561 min_t=300.8d (d/leg 0.537) | max_rare_in_beam=103/120 [8112s]
[E-719b] beam stranded at depth 575

[E-719b] DONE: deepest 575/601, makespan 374.1d (d/leg 0.652); rare threaded 105/120; rank-1=424.62 (E-710 baseline 558@283d) [8118s]
[E-719b] 575/601 (> E-710's 558) -> coverage-elite threads more; push params.
