[E-663] giant=601 cities | cost matrix from table (74803 cheap entries) | entry_epoch=0.0 | KEY TEST: does iterated LKH<->retime converge?
  [bank-giant] leg 50/600 epoch=84.6 (6s, cache 650)
  [bank-giant] leg 100/600 epoch=153.1 (11s, cache 1300)
  [bank-giant] leg 150/600 epoch=201.5 (14s, cache 1950)
  [bank-giant] leg 200/600 epoch=310.4 (28s, cache 2600)
  [bank-giant] leg 250/600 epoch=364.1 (30s, cache 3250)
  [bank-giant] leg 300/600 epoch=432.5 (35s, cache 3900)
  [bank-giant] leg 350/600 epoch=506.3 (41s, cache 4550)
  [bank-giant] leg 400/600 epoch=623.5 (54s, cache 5200)
  [bank-giant] leg 450/600 epoch=717.0 (62s, cache 5850)
  [bank-giant] leg 500/600 epoch=756.0 (64s, cache 6500)
  [bank-giant] leg 550/600 epoch=810.9 (67s, cache 7150)
  [bank-giant] leg 600/600 epoch=913.7 (88s, cache 7800)
[E-663] BANK giant sub-order retime (from epoch 0.0) = 913.69d (601 legs)
  [it0] leg 50/600 epoch=117.8 (9s, cache 8450)
  [it0] leg 100/600 epoch=239.9 (18s, cache 9100)
  [it0] leg 150/600 epoch=351.9 (27s, cache 9750)
  [it0] leg 200/600 epoch=486.0 (40s, cache 10400)
  [it0] leg 250/600 epoch=618.3 (55s, cache 11050)
  [it0] leg 300/600 epoch=735.2 (65s, cache 11700)
  [it0] leg 350/600 epoch=851.2 (74s, cache 12350)
  [it0] leg 400/600 epoch=995.8 (102s, cache 13000)
  [it0] leg 450/600 epoch=1151.4 (121s, cache 13650)
  [it0] leg 500/600 epoch=1281.5 (131s, cache 14300)
  [it0] leg 550/600 epoch=1394.5 (140s, cache 14950)
  [it0] leg 600/600 epoch=1519.9 (151s, cache 15600)
[E-663] it0 (elkai-LKH) giant retime makespan = 1519.85d (bank-giant 913.69) [353s]
  [it1] leg 50/600 epoch=145.5 (12s, cache 16250)
  [it1] leg 100/600 epoch=274.2 (22s, cache 16900)
  [it1] leg 150/600 epoch=393.8 (31s, cache 17550)
  [it1] leg 200/600 epoch=513.3 (41s, cache 18200)
  [it1] leg 250/600 epoch=628.8 (52s, cache 18850)
  [it1] leg 300/600 epoch=749.6 (63s, cache 19500)
  [it1] leg 350/600 epoch=848.5 (70s, cache 20150)
  [it1] leg 400/600 epoch=989.1 (85s, cache 20800)
  [it1] leg 450/600 epoch=1127.5 (97s, cache 21450)
  [it1] leg 500/600 epoch=1251.6 (107s, cache 22100)
  [it1] leg 550/600 epoch=1412.4 (123s, cache 22750)
  [it1] leg 600/600 epoch=1555.3 (136s, cache 23400)
[E-663] it1 (elkai-LKH) giant retime makespan = 1555.30d (bank-giant 913.69) [711s]
  [it2] leg 50/600 epoch=128.1 (11s, cache 24050)
  [it2] leg 100/600 epoch=259.3 (23s, cache 24700)
  [it2] leg 150/600 epoch=405.6 (44s, cache 25350)
  [it2] leg 200/600 epoch=516.2 (53s, cache 26000)
  [it2] leg 250/600 epoch=644.4 (63s, cache 26650)
  [it2] leg 300/600 epoch=776.0 (75s, cache 27300)
  [it2] leg 350/600 epoch=939.9 (94s, cache 27950)
