[E-719b] TARGET=35 (from cache/ch2_giant_stranded35.json); RARE-offer=133
[E-719b] coverage beam W_core=60 W_cov=60 K=18 thresh=40 (|RARE|=133) Radd=10; giant n=601; 8 seed(s)
[E-719b] positive control: depth1 -> 162 successors (75 rare-capturing) [0s]
  depth 2: |beam|=70 best_depth=2 min_t=0.0d (d/leg 0.050) | max_rare_in_beam=2/133 [0s]
  depth 3: |beam|=117 best_depth=3 min_t=0.2d (d/leg 0.116) | max_rare_in_beam=3/133 [7s]
  depth 4: |beam|=120 best_depth=4 min_t=0.4d (d/leg 0.143) | max_rare_in_beam=3/133 [19s]
  depth 5: |beam|=120 best_depth=5 min_t=0.7d (d/leg 0.180) | max_rare_in_beam=4/133 [31s]
  depth 21: |beam|=120 best_depth=21 min_t=4.5d (d/leg 0.224) | max_rare_in_beam=20/133 [196s]
  depth 41: |beam|=120 best_depth=41 min_t=9.4d (d/leg 0.234) | max_rare_in_beam=28/133 [410s]
  depth 61: |beam|=120 best_depth=61 min_t=13.6d (d/leg 0.227) | max_rare_in_beam=28/133 [651s]
  depth 81: |beam|=120 best_depth=81 min_t=18.0d (d/leg 0.224) | max_rare_in_beam=29/133 [897s]
  depth 101: |beam|=120 best_depth=101 min_t=22.5d (d/leg 0.225) | max_rare_in_beam=28/133 [1160s]
  depth 121: |beam|=120 best_depth=121 min_t=27.3d (d/leg 0.228) | max_rare_in_beam=28/133 [1411s]
  depth 141: |beam|=120 best_depth=141 min_t=36.3d (d/leg 0.259) | max_rare_in_beam=28/133 [1634s]
  depth 161: |beam|=120 best_depth=161 min_t=53.2d (d/leg 0.333) | max_rare_in_beam=30/133 [1781s]
  depth 181: |beam|=120 best_depth=181 min_t=61.1d (d/leg 0.340) | max_rare_in_beam=37/133 [1932s]
  depth 201: |beam|=120 best_depth=201 min_t=65.4d (d/leg 0.327) | max_rare_in_beam=50/133 [2110s]
  depth 221: |beam|=120 best_depth=221 min_t=69.2d (d/leg 0.315) | max_rare_in_beam=50/133 [2328s]
  depth 241: |beam|=120 best_depth=241 min_t=73.6d (d/leg 0.306) | max_rare_in_beam=50/133 [2572s]
  depth 261: |beam|=120 best_depth=261 min_t=78.1d (d/leg 0.300) | max_rare_in_beam=50/133 [2829s]
  depth 281: |beam|=120 best_depth=281 min_t=82.0d (d/leg 0.293) | max_rare_in_beam=50/133 [3081s]
  depth 301: |beam|=106 best_depth=301 min_t=89.2d (d/leg 0.297) | max_rare_in_beam=50/133 [3291s]
  depth 321: |beam|=83 best_depth=321 min_t=107.9d (d/leg 0.337) | max_rare_in_beam=54/133 [3407s]
  depth 341: |beam|=60 best_depth=341 min_t=203.9d (d/leg 0.600) | max_rare_in_beam=66/133 [3461s]
  depth 361: |beam|=60 best_depth=361 min_t=224.4d (d/leg 0.623) | max_rare_in_beam=73/133 [3479s]
  depth 381: |beam|=119 best_depth=381 min_t=253.5d (d/leg 0.667) | max_rare_in_beam=84/133 [3505s]
  depth 401: |beam|=120 best_depth=401 min_t=273.6d (d/leg 0.684) | max_rare_in_beam=84/133 [3669s]
  depth 421: |beam|=120 best_depth=421 min_t=278.2d (d/leg 0.662) | max_rare_in_beam=84/133 [3871s]
  depth 441: |beam|=120 best_depth=441 min_t=282.1d (d/leg 0.641) | max_rare_in_beam=85/133 [4070s]
  depth 461: |beam|=120 best_depth=461 min_t=287.2d (d/leg 0.624) | max_rare_in_beam=88/133 [4295s]
  depth 481: |beam|=120 best_depth=481 min_t=292.0d (d/leg 0.608) | max_rare_in_beam=90/133 [4510s]
  depth 501: |beam|=120 best_depth=501 min_t=298.6d (d/leg 0.597) | max_rare_in_beam=94/133 [4688s]
  depth 521: |beam|=100 best_depth=521 min_t=306.7d (d/leg 0.590) | max_rare_in_beam=95/133 [4783s]
  depth 541: |beam|=12 best_depth=541 min_t=331.1d (d/leg 0.613) | max_rare_in_beam=96/133 [4801s]
[E-719b] beam stranded at depth 548

[E-719b] DONE: deepest 548/601, makespan 348.4d (d/leg 0.637); rare threaded 101/133; rank-1=424.62 (E-710 baseline 558@283d) [4801s]
[E-719b] 548/601 (<= 558) -> coverage diversity didn't beat plain beam; the all-601 path may need backward/meet-in-middle or it isn't beam-reachable.
