[E-719b] coverage beam W_core=70 W_cov=40 K=18 thresh=60 (|RARE|=122) Radd=6; giant n=601; 8 seed(s)
[E-719b] positive control: depth1 -> 131 successors (40 rare-capturing) [1s]
  depth 2: |beam|=88 best_depth=2 min_t=0.0d (d/leg 0.050) | max_rare_in_beam=2/122 [1s]
  depth 3: |beam|=110 best_depth=3 min_t=0.3d (d/leg 0.136) | max_rare_in_beam=3/122 [13s]
  depth 4: |beam|=110 best_depth=4 min_t=0.4d (d/leg 0.143) | max_rare_in_beam=4/122 [27s]
  depth 5: |beam|=110 best_depth=5 min_t=0.6d (d/leg 0.142) | max_rare_in_beam=5/122 [42s]
  depth 21: |beam|=110 best_depth=21 min_t=4.5d (d/leg 0.224) | max_rare_in_beam=21/122 [276s]
  depth 41: |beam|=110 best_depth=41 min_t=9.0d (d/leg 0.226) | max_rare_in_beam=41/122 [518s]
  depth 61: |beam|=110 best_depth=61 min_t=13.0d (d/leg 0.217) | max_rare_in_beam=48/122 [757s]
  depth 81: |beam|=110 best_depth=81 min_t=17.3d (d/leg 0.216) | max_rare_in_beam=48/122 [1001s]
  depth 101: |beam|=110 best_depth=101 min_t=21.3d (d/leg 0.213) | max_rare_in_beam=48/122 [1266s]
  depth 121: |beam|=110 best_depth=121 min_t=27.3d (d/leg 0.227) | max_rare_in_beam=48/122 [1535s]
  depth 141: |beam|=110 best_depth=141 min_t=37.0d (d/leg 0.264) | max_rare_in_beam=48/122 [1729s]
  depth 161: |beam|=110 best_depth=161 min_t=53.3d (d/leg 0.333) | max_rare_in_beam=48/122 [1886s]
  depth 181: |beam|=110 best_depth=181 min_t=62.8d (d/leg 0.349) | max_rare_in_beam=48/122 [2068s]
  depth 201: |beam|=110 best_depth=201 min_t=66.9d (d/leg 0.335) | max_rare_in_beam=48/122 [2240s]
  depth 221: |beam|=110 best_depth=221 min_t=70.8d (d/leg 0.322) | max_rare_in_beam=64/122 [2418s]
  depth 241: |beam|=110 best_depth=241 min_t=75.2d (d/leg 0.313) | max_rare_in_beam=84/122 [2598s]
  depth 261: |beam|=110 best_depth=261 min_t=79.7d (d/leg 0.306) | max_rare_in_beam=93/122 [2812s]
  depth 281: |beam|=110 best_depth=281 min_t=84.4d (d/leg 0.301) | max_rare_in_beam=90/122 [3020s]
  depth 301: |beam|=110 best_depth=301 min_t=94.0d (d/leg 0.313) | max_rare_in_beam=90/122 [3179s]
  depth 321: |beam|=110 best_depth=321 min_t=111.7d (d/leg 0.349) | max_rare_in_beam=90/122 [3295s]
  depth 341: |beam|=110 best_depth=341 min_t=135.3d (d/leg 0.398) | max_rare_in_beam=90/122 [3424s]
  depth 361: |beam|=110 best_depth=361 min_t=156.4d (d/leg 0.434) | max_rare_in_beam=90/122 [3552s]
  depth 381: |beam|=110 best_depth=381 min_t=168.0d (d/leg 0.442) | max_rare_in_beam=90/122 [3724s]
  depth 401: |beam|=110 best_depth=401 min_t=173.0d (d/leg 0.433) | max_rare_in_beam=90/122 [3889s]
  depth 421: |beam|=110 best_depth=421 min_t=177.6d (d/leg 0.423) | max_rare_in_beam=97/122 [4083s]
  depth 441: |beam|=110 best_depth=441 min_t=181.6d (d/leg 0.413) | max_rare_in_beam=85/122 [4309s]
  depth 461: |beam|=110 best_depth=461 min_t=185.6d (d/leg 0.404) | max_rare_in_beam=85/122 [4565s]
  depth 481: |beam|=110 best_depth=481 min_t=192.3d (d/leg 0.401) | max_rare_in_beam=85/122 [4778s]
  depth 501: |beam|=110 best_depth=501 min_t=199.8d (d/leg 0.400) | max_rare_in_beam=85/122 [4910s]
  depth 521: |beam|=99 best_depth=521 min_t=221.7d (d/leg 0.426) | max_rare_in_beam=88/122 [4985s]
  depth 541: |beam|=54 best_depth=541 min_t=247.8d (d/leg 0.459) | max_rare_in_beam=98/122 [5022s]
  depth 561: |beam|=27 best_depth=561 min_t=278.8d (d/leg 0.498) | max_rare_in_beam=100/122 [5038s]
[E-719b] beam stranded at depth 566

[E-719b] DONE: deepest 566/601, makespan 298.0d (d/leg 0.528); rare threaded 100/122; rank-1=424.62 (E-710 baseline 558@283d) [5039s]
[E-719b] 566/601 (> E-710's 558) -> coverage-elite threads more; push params.
