[E-719b] TARGET=35 (from cache/ch2_giant_stranded35.json); RARE-offer=133
[E-719b] coverage beam W_core=70 W_cov=50 K=18 thresh=40 (|RARE|=133) Radd=8; giant n=601; 8 seed(s)
[E-719b] positive control: depth1 -> 161 successors (74 rare-capturing) [0s]
  depth 2: |beam|=80 best_depth=2 min_t=0.0d (d/leg 0.050) | max_rare_in_beam=2/133 [0s]
  depth 3: |beam|=117 best_depth=3 min_t=0.2d (d/leg 0.116) | max_rare_in_beam=3/133 [8s]
  depth 4: |beam|=120 best_depth=4 min_t=0.4d (d/leg 0.143) | max_rare_in_beam=3/133 [21s]
  depth 5: |beam|=120 best_depth=5 min_t=0.7d (d/leg 0.180) | max_rare_in_beam=4/133 [34s]
  depth 21: |beam|=120 best_depth=21 min_t=4.5d (d/leg 0.224) | max_rare_in_beam=20/133 [216s]
  depth 41: |beam|=120 best_depth=41 min_t=9.0d (d/leg 0.226) | max_rare_in_beam=30/133 [463s]
  depth 61: |beam|=120 best_depth=61 min_t=13.0d (d/leg 0.217) | max_rare_in_beam=30/133 [747s]
  depth 81: |beam|=120 best_depth=81 min_t=17.3d (d/leg 0.216) | max_rare_in_beam=31/133 [1045s]
  depth 101: |beam|=120 best_depth=101 min_t=21.3d (d/leg 0.213) | max_rare_in_beam=30/133 [1350s]
  depth 121: |beam|=120 best_depth=121 min_t=27.3d (d/leg 0.227) | max_rare_in_beam=31/133 [1652s]
  depth 141: |beam|=120 best_depth=141 min_t=37.0d (d/leg 0.264) | max_rare_in_beam=30/133 [1893s]
  depth 161: |beam|=120 best_depth=161 min_t=53.3d (d/leg 0.333) | max_rare_in_beam=31/133 [2045s]
  depth 181: |beam|=120 best_depth=181 min_t=62.8d (d/leg 0.349) | max_rare_in_beam=39/133 [2225s]
  depth 201: |beam|=120 best_depth=201 min_t=67.2d (d/leg 0.336) | max_rare_in_beam=55/133 [2444s]
  depth 221: |beam|=120 best_depth=221 min_t=70.6d (d/leg 0.321) | max_rare_in_beam=55/133 [2690s]
  depth 241: |beam|=120 best_depth=241 min_t=74.6d (d/leg 0.311) | max_rare_in_beam=55/133 [2944s]
  depth 261: |beam|=120 best_depth=261 min_t=79.3d (d/leg 0.305) | max_rare_in_beam=55/133 [3220s]
  depth 281: |beam|=119 best_depth=281 min_t=83.6d (d/leg 0.299) | max_rare_in_beam=55/133 [3484s]
  depth 301: |beam|=120 best_depth=301 min_t=89.7d (d/leg 0.299) | max_rare_in_beam=55/133 [3677s]
  depth 321: |beam|=120 best_depth=321 min_t=109.1d (d/leg 0.341) | max_rare_in_beam=57/133 [3820s]
  depth 341: |beam|=120 best_depth=341 min_t=134.8d (d/leg 0.396) | max_rare_in_beam=68/133 [3922s]
  depth 361: |beam|=120 best_depth=361 min_t=158.1d (d/leg 0.439) | max_rare_in_beam=80/133 [3990s]
  depth 381: |beam|=120 best_depth=381 min_t=167.5d (d/leg 0.441) | max_rare_in_beam=88/133 [4129s]
  depth 401: |beam|=120 best_depth=401 min_t=173.0d (d/leg 0.432) | max_rare_in_beam=91/133 [4305s]
  depth 421: |beam|=120 best_depth=421 min_t=176.9d (d/leg 0.421) | max_rare_in_beam=91/133 [4552s]
  depth 441: |beam|=120 best_depth=441 min_t=181.4d (d/leg 0.412) | max_rare_in_beam=91/133 [4797s]
  depth 461: |beam|=120 best_depth=461 min_t=185.2d (d/leg 0.403) | max_rare_in_beam=91/133 [5061s]
  depth 481: |beam|=120 best_depth=481 min_t=190.0d (d/leg 0.396) | max_rare_in_beam=91/133 [5299s]
  depth 501: |beam|=120 best_depth=501 min_t=197.3d (d/leg 0.395) | max_rare_in_beam=91/133 [5473s]
  depth 521: |beam|=99 best_depth=521 min_t=217.3d (d/leg 0.418) | max_rare_in_beam=95/133 [5561s]
  depth 541: |beam|=44 best_depth=541 min_t=243.8d (d/leg 0.452) | max_rare_in_beam=103/133 [5596s]
[E-719b] beam stranded at depth 554

[E-719b] DONE: deepest 554/601, makespan 266.9d (d/leg 0.483); rare threaded 100/133; rank-1=424.62 (E-710 baseline 558@283d) [5601s]
[E-719b] 554/601 (<= 558) -> coverage diversity didn't beat plain beam; the all-601 path may need backward/meet-in-middle or it isn't beam-reachable.
