[E-719b] TARGET=35 (from cache/ch2_giant_stranded35.json); RARE-offer=133
[E-719b] coverage beam W_core=80 W_cov=60 K=22 thresh=40 (|RARE|=133) Radd=8; giant n=601; 8 seed(s)
[E-719b] positive control: depth1 -> 184 successors (74 rare-capturing) [0s]
  depth 2: |beam|=90 best_depth=2 min_t=0.0d (d/leg 0.036) | max_rare_in_beam=2/133 [0s]
  depth 3: |beam|=137 best_depth=3 min_t=0.1d (d/leg 0.075) | max_rare_in_beam=3/133 [11s]
  depth 4: |beam|=140 best_depth=4 min_t=0.2d (d/leg 0.079) | max_rare_in_beam=3/133 [28s]
  depth 5: |beam|=140 best_depth=5 min_t=0.3d (d/leg 0.083) | max_rare_in_beam=4/133 [44s]
  depth 21: |beam|=140 best_depth=21 min_t=3.9d (d/leg 0.197) | max_rare_in_beam=20/133 [284s]
  depth 41: |beam|=140 best_depth=41 min_t=8.5d (d/leg 0.212) | max_rare_in_beam=28/133 [612s]
  depth 61: |beam|=140 best_depth=61 min_t=12.9d (d/leg 0.214) | max_rare_in_beam=29/133 [975s]
  depth 81: |beam|=140 best_depth=81 min_t=17.1d (d/leg 0.214) | max_rare_in_beam=30/133 [1385s]
  depth 101: |beam|=140 best_depth=101 min_t=21.5d (d/leg 0.215) | max_rare_in_beam=28/133 [1783s]
  depth 121: |beam|=140 best_depth=121 min_t=26.1d (d/leg 0.218) | max_rare_in_beam=29/133 [2126s]
  depth 141: |beam|=140 best_depth=141 min_t=34.7d (d/leg 0.248) | max_rare_in_beam=29/133 [2389s]
  depth 161: |beam|=140 best_depth=161 min_t=50.8d (d/leg 0.318) | max_rare_in_beam=33/133 [2550s]
  depth 181: |beam|=140 best_depth=181 min_t=58.8d (d/leg 0.327) | max_rare_in_beam=45/133 [2791s]
  depth 201: |beam|=140 best_depth=201 min_t=62.7d (d/leg 0.314) | max_rare_in_beam=45/133 [3129s]
  depth 221: |beam|=140 best_depth=221 min_t=66.8d (d/leg 0.304) | max_rare_in_beam=45/133 [3462s]
  depth 241: |beam|=140 best_depth=241 min_t=70.3d (d/leg 0.293) | max_rare_in_beam=45/133 [3817s]
  depth 261: |beam|=140 best_depth=261 min_t=74.7d (d/leg 0.287) | max_rare_in_beam=45/133 [4170s]
  depth 281: |beam|=140 best_depth=281 min_t=79.2d (d/leg 0.283) | max_rare_in_beam=46/133 [4457s]
  depth 301: |beam|=140 best_depth=301 min_t=86.0d (d/leg 0.287) | max_rare_in_beam=47/133 [4625s]
  depth 321: |beam|=140 best_depth=321 min_t=104.2d (d/leg 0.326) | max_rare_in_beam=60/133 [4716s]
  depth 341: |beam|=140 best_depth=341 min_t=130.5d (d/leg 0.384) | max_rare_in_beam=69/133 [4872s]
  depth 361: |beam|=140 best_depth=361 min_t=151.9d (d/leg 0.422) | max_rare_in_beam=69/133 [5053s]
  depth 381: |beam|=140 best_depth=381 min_t=162.4d (d/leg 0.427) | max_rare_in_beam=69/133 [5336s]
  depth 401: |beam|=140 best_depth=401 min_t=166.3d (d/leg 0.416) | max_rare_in_beam=69/133 [5661s]
  depth 421: |beam|=140 best_depth=421 min_t=169.5d (d/leg 0.404) | max_rare_in_beam=70/133 [5991s]
  depth 441: |beam|=140 best_depth=441 min_t=174.0d (d/leg 0.395) | max_rare_in_beam=71/133 [6306s]
  depth 461: |beam|=140 best_depth=461 min_t=179.7d (d/leg 0.391) | max_rare_in_beam=77/133 [6542s]
  depth 481: |beam|=140 best_depth=481 min_t=187.8d (d/leg 0.391) | max_rare_in_beam=89/133 [6683s]
  depth 501: |beam|=137 best_depth=501 min_t=202.6d (d/leg 0.405) | max_rare_in_beam=89/133 [6762s]
  depth 521: |beam|=99 best_depth=521 min_t=231.3d (d/leg 0.445) | max_rare_in_beam=96/133 [6817s]
  depth 541: |beam|=34 best_depth=541 min_t=259.3d (d/leg 0.480) | max_rare_in_beam=102/133 [6839s]
[E-719b] beam stranded at depth 553

[E-719b] DONE: deepest 553/601, makespan 295.6d (d/leg 0.536); rare threaded 103/133; rank-1=424.62 (E-710 baseline 558@283d) [6842s]
[E-719b] 553/601 (<= 558) -> coverage diversity didn't beat plain beam; the all-601 path may need backward/meet-in-middle or it isn't beam-reachable.
