[E-680] low-deg(<40) cities=120 todo=120 non-cheap-pairs=70675 | grid 12t x 44tof | est~6min
  5/120 cities | +135 new edges so far [8min]
  10/120 cities | +166 new edges so far [15min]
  15/120 cities | +198 new edges so far [20min]
  20/120 cities | +261 new edges so far [27min]
  25/120 cities | +333 new edges so far [34min]
  30/120 cities | +359 new edges so far [39min]
  35/120 cities | +382 new edges so far [45min]
  40/120 cities | +412 new edges so far [50min]
  45/120 cities | +436 new edges so far [56min]
  50/120 cities | +508 new edges so far [62min]
  55/120 cities | +533 new edges so far [66min]
  60/120 cities | +562 new edges so far [72min]
  65/120 cities | +587 new edges so far [78min]
  70/120 cities | +616 new edges so far [82min]
  75/120 cities | +642 new edges so far [88min]
  80/120 cities | +670 new edges so far [94min]
  85/120 cities | +700 new edges so far [99min]
  90/120 cities | +738 new edges so far [104min]
  95/120 cities | +765 new edges so far [109min]
  100/120 cities | +795 new edges so far [113min]
  105/120 cities | +871 new edges so far [118min]
  110/120 cities | +925 new edges so far [122min]
  115/120 cities | +961 new edges so far [127min]
  120/120 cities | +1056 new edges so far [131min]
[E-680] DONE +1056 cheap edges added to 120 low-deg cities [131min]
  components now: 4 (was 4) | giant size now: 601 (was 601) -> /home/julian/Projects/esa_spoc_26_3/cache/ch2_giant_adj_dense.npz
  NEXT: re-run greedy/LNS on this denser graph (cache/ch2_giant_adj_dense.npz) — does the giant COMPLETE?
