E-617 cheapest-insertion DP-ALNS. n_chains=4 wall_h=48.0
[c0] loading ultrafine table...
[c1] loading ultrafine table...
[c2] loading ultrafine table...
[c3] loading ultrafine table...
[c1] table+rank ready in 0.2s q=0.05d T=4000
[c3] table+rank ready in 0.2s q=0.05d T=4000
/home/julian/Projects/esa_spoc_26_3/scripts/ch2_dp_numba.py:85: RuntimeWarning: invalid value encountered in cast
  c_arr_full = np.arange(T) + np.ceil(c_row / q).astype(np.int32)
/home/julian/Projects/esa_spoc_26_3/scripts/ch2_dp_numba.py:86: RuntimeWarning: invalid value encountered in cast
  e_arr_full = np.arange(T) + np.ceil(e_row / q).astype(np.int32)
/home/julian/Projects/esa_spoc_26_3/scripts/ch2_dp_numba.py:85: RuntimeWarning: invalid value encountered in cast
  c_arr_full = np.arange(T) + np.ceil(c_row / q).astype(np.int32)
/home/julian/Projects/esa_spoc_26_3/scripts/ch2_dp_numba.py:86: RuntimeWarning: invalid value encountered in cast
  e_arr_full = np.arange(T) + np.ceil(e_row / q).astype(np.int32)
[c0] table+rank ready in 0.2s q=0.05d T=4000
/home/julian/Projects/esa_spoc_26_3/scripts/ch2_dp_numba.py:85: RuntimeWarning: invalid value encountered in cast
  c_arr_full = np.arange(T) + np.ceil(c_row / q).astype(np.int32)
/home/julian/Projects/esa_spoc_26_3/scripts/ch2_dp_numba.py:86: RuntimeWarning: invalid value encountered in cast
  e_arr_full = np.arange(T) + np.ceil(e_row / q).astype(np.int32)
[c2] table+rank ready in 0.3s q=0.05d T=4000
/home/julian/Projects/esa_spoc_26_3/scripts/ch2_dp_numba.py:85: RuntimeWarning: invalid value encountered in cast
  c_arr_full = np.arange(T) + np.ceil(c_row / q).astype(np.int32)
/home/julian/Projects/esa_spoc_26_3/scripts/ch2_dp_numba.py:86: RuntimeWarning: invalid value encountered in cast
  e_arr_full = np.arange(T) + np.ceil(e_row / q).astype(np.int32)
[c0] init DP-space baseline mk=118.5255d (official bank=112.996; offset for refine)
[c3] init DP-space baseline mk=118.5255d (official bank=112.996; offset for refine)
[c2] init DP-space baseline mk=118.5255d (official bank=112.996; offset for refine)
[c1] init DP-space baseline mk=118.5255d (official bank=112.996; offset for refine)
[c1] iter=5 elapsed=0.1min DP_ok=1 DP_fail=4 accepted=1 rate=90.3/min state=118.5255 best=118.5255 kick=3 stale=1
[c0] iter=5 elapsed=0.1min DP_ok=3 DP_fail=2 accepted=3 rate=60.2/min state=116.3755 best=116.3755 kick=3 stale=1
[c1] iter=10 elapsed=0.2min DP_ok=5 DP_fail=5 accepted=5 rate=58.1/min state=119.5755 best=118.5255 kick=3 stale=5
[c0] iter=10 elapsed=0.2min DP_ok=7 DP_fail=3 accepted=7 rate=49.1/min state=118.5255 best=116.3755 kick=3 stale=5
[c3] iter=10 elapsed=0.2min DP_ok=7 DP_fail=3 accepted=7 rate=45.1/min state=119.9255 best=118.5255 kick=3 stale=7
[c1] iter=15 elapsed=0.3min DP_ok=8 DP_fail=7 accepted=8 rate=58.2/min state=120.2774 best=118.5255 kick=3 stale=8
[c2] iter=10 elapsed=0.3min DP_ok=8 DP_fail=2 accepted=8 rate=38.5/min state=118.5255 best=116.3755 kick=3 stale=7
[c0] iter=15 elapsed=0.3min DP_ok=9 DP_fail=6 accepted=9 rate=52.2/min state=119.4255 best=116.3755 kick=3 stale=7
[c3] iter=15 elapsed=0.3min DP_ok=10 DP_fail=5 accepted=10 rate=44.8/min state=120.2755 best=118.5255 kick=3 stale=10
[c1] iter=20 elapsed=0.4min DP_ok=13 DP_fail=7 accepted=13 rate=49.8/min state=120.2774 best=118.5255 kick=3 stale=13
[c2] iter=15 elapsed=0.4min DP_ok=13 DP_fail=2 accepted=13 rate=36.9/min state=119.4255 best=116.3755 kick=3 stale=12
[c3] iter=20 elapsed=0.4min DP_ok=13 DP_fail=7 accepted=13 rate=47.0/min state=119.4255 best=118.5255 kick=3 stale=13
[c0] iter=25 elapsed=0.5min DP_ok=14 DP_fail=11 accepted=14 rate=55.0/min state=119.4255 best=116.3755 kick=3 stale=12
[c1] iter=25 elapsed=0.5min DP_ok=17 DP_fail=8 accepted=17 rate=48.3/min state=120.2774 best=118.5255 kick=3 stale=17
[c0] iter=30 elapsed=0.6min DP_ok=18 DP_fail=12 accepted=18 rate=52.6/min state=119.4255 best=116.3755 kick=3 stale=16
[c2] iter=25 elapsed=0.6min DP_ok=18 DP_fail=7 accepted=18 rate=41.4/min state=119.4255 best=116.3755 kick=3 stale=17
[c1] iter=30 elapsed=0.6min DP_ok=21 DP_fail=9 accepted=21 rate=47.0/min state=120.2774 best=118.5255 kick=3 stale=21
[c0] iter=35 elapsed=0.7min DP_ok=21 DP_fail=14 accepted=21 rate=52.8/min state=119.4255 best=116.3755 kick=3 stale=19
[c3] iter=40 elapsed=0.7min DP_ok=22 DP_fail=18 accepted=22 rate=56.5/min state=119.4255 best=118.5255 kick=3 stale=22
[c1] iter=35 elapsed=0.8min DP_ok=25 DP_fail=10 accepted=25 rate=46.5/min state=120.2774 best=118.5255 kick=3 stale=25
[c0] iter=40 elapsed=0.8min DP_ok=24 DP_fail=16 accepted=24 rate=52.9/min state=119.4255 best=116.3755 kick=3 stale=22
[c3] iter=45 elapsed=0.8min DP_ok=25 DP_fail=20 accepted=25 rate=56.4/min state=119.4255 best=118.5255 kick=3 stale=25
[c2] iter=35 elapsed=0.8min DP_ok=26 DP_fail=9 accepted=26 rate=41.7/min state=119.4255 best=116.3755 kick=3 stale=25
[c3] iter=50 elapsed=0.9min DP_ok=28 DP_fail=22 accepted=28 rate=56.6/min state=119.4255 best=118.5255 kick=3 stale=28
[c1] iter=45 elapsed=0.9min DP_ok=31 DP_fail=14 accepted=31 rate=48.7/min state=120.2774 best=118.5255 kick=3 stale=31
[c2] iter=40 elapsed=0.9min DP_ok=29 DP_fail=11 accepted=29 rate=43.3/min state=119.4255 best=116.3755 kick=3 stale=28
[c1] iter=50 elapsed=1.1min DP_ok=36 DP_fail=14 accepted=36 rate=47.0/min state=120.2774 best=118.5255 kick=3 stale=36
[c2] iter=45 elapsed=1.1min DP_ok=33 DP_fail=12 accepted=33 rate=41.9/min state=119.4255 best=116.3755 kick=3 stale=32
[c0] iter=55 elapsed=1.1min DP_ok=32 DP_fail=23 accepted=32 rate=51.1/min state=119.4255 best=116.3755 kick=3 stale=30
[c0] iter=60 elapsed=1.1min DP_ok=34 DP_fail=26 accepted=34 rate=52.9/min state=119.4255 best=116.3755 kick=3 stale=32
[c3] iter=65 elapsed=1.2min DP_ok=39 DP_fail=26 accepted=39 rate=53.0/min state=118.9255 best=118.5255 kick=3 stale=39
[c2] iter=60 elapsed=1.3min DP_ok=39 DP_fail=21 accepted=39 rate=46.1/min state=119.4255 best=116.3755 kick=3 stale=38
[c3] iter=75 elapsed=1.4min DP_ok=44 DP_fail=31 accepted=44 rate=54.8/min state=122.7253 best=118.5255 kick=3 stale=44
[c1] iter=65 elapsed=1.4min DP_ok=45 DP_fail=20 accepted=45 rate=46.5/min state=120.2774 best=118.5255 kick=3 stale=45
[c2] iter=65 elapsed=1.4min DP_ok=43 DP_fail=22 accepted=43 rate=45.9/min state=119.4255 best=116.3755 kick=3 stale=42
[c0] iter=75 elapsed=1.4min DP_ok=44 DP_fail=31 accepted=44 rate=52.4/min state=119.4255 best=116.3755 kick=3 stale=42
[c1] iter=70 elapsed=1.5min DP_ok=50 DP_fail=20 accepted=50 rate=45.6/min state=120.2774 best=118.5255 kick=3 stale=50
[c0] iter=85 elapsed=1.5min DP_ok=48 DP_fail=37 accepted=47 rate=55.1/min state=119.4255 best=116.3755 kick=3 stale=46
[c3] iter=85 elapsed=1.6min DP_ok=52 DP_fail=33 accepted=51 rate=53.5/min state=123.1752 best=118.5255 kick=3 stale=52
[c2] iter=75 elapsed=1.7min DP_ok=49 DP_fail=26 accepted=49 rate=45.4/min state=119.4255 best=116.3755 kick=3 stale=48
[c0] iter=95 elapsed=1.7min DP_ok=53 DP_fail=42 accepted=52 rate=56.0/min state=119.4255 best=116.3755 kick=3 stale=51
[c2] iter=80 elapsed=1.7min DP_ok=52 DP_fail=28 accepted=52 rate=46.1/min state=119.4255 best=116.3755 kick=3 stale=51
[c1] iter=80 elapsed=1.8min DP_ok=57 DP_fail=23 accepted=57 rate=44.9/min state=120.2774 best=118.5255 kick=3 stale=57
[c2] iter=85 elapsed=1.8min DP_ok=55 DP_fail=30 accepted=55 rate=46.7/min state=119.4255 best=116.3755 kick=3 stale=54
[c0] iter=100 elapsed=1.8min DP_ok=57 DP_fail=43 accepted=56 rate=54.6/min state=119.4255 best=116.3755 kick=3 stale=55
[c3] iter=100 elapsed=1.9min DP_ok=60 DP_fail=40 accepted=58 rate=53.7/min state=123.1752 best=118.5255 kick=3 stale=60
[c2] iter=90 elapsed=1.9min DP_ok=58 DP_fail=32 accepted=58 rate=47.3/min state=119.4255 best=116.3755 kick=3 stale=57
[c0] iter=105 elapsed=1.9min DP_ok=60 DP_fail=45 accepted=59 rate=54.9/min state=119.4255 best=116.3755 kick=3 stale=58
[c3] iter=105 elapsed=2.0min DP_ok=64 DP_fail=41 accepted=62 rate=53.3/min state=123.1752 best=118.5255 kick=3 stale=64
[c0] iter=110 elapsed=2.0min DP_ok=63 DP_fail=47 accepted=62 rate=55.1/min state=119.4255 best=116.3755 kick=3 stale=61
[c2] iter=95 elapsed=2.0min DP_ok=62 DP_fail=33 accepted=62 rate=47.1/min state=119.4255 best=116.3755 kick=3 stale=61
[c2] iter=100 elapsed=2.1min DP_ok=64 DP_fail=36 accepted=64 rate=47.7/min state=119.4255 best=116.3755 kick=3 stale=63
[c0] iter=115 elapsed=2.1min DP_ok=65 DP_fail=50 accepted=64 rate=54.7/min state=119.4255 best=116.3755 kick=3 stale=63
[c3] iter=110 elapsed=2.1min DP_ok=69 DP_fail=41 accepted=67 rate=52.2/min state=123.1752 best=118.5255 kick=3 stale=69
[c1] iter=100 elapsed=2.2min DP_ok=70 DP_fail=30 accepted=70 rate=45.1/min state=120.2774 best=118.5255 kick=3 stale=70
[c3] iter=115 elapsed=2.2min DP_ok=74 DP_fail=41 accepted=72 rate=51.2/min state=123.1752 best=118.5255 kick=3 stale=74
[c0] iter=125 elapsed=2.3min DP_ok=72 DP_fail=53 accepted=71 rate=53.8/min state=119.4255 best=116.3755 kick=3 stale=70
[c1] iter=115 elapsed=2.4min DP_ok=75 DP_fail=40 accepted=75 rate=48.3/min state=119.3274 best=118.5255 kick=3 stale=75
[c2] iter=115 elapsed=2.4min DP_ok=75 DP_fail=40 accepted=75 rate=47.4/min state=119.4255 best=116.3755 kick=3 stale=74
[c0] iter=135 elapsed=2.5min DP_ok=77 DP_fail=58 accepted=76 rate=54.8/min state=119.4255 best=116.3755 kick=3 stale=75
[c0] iter=140 elapsed=2.6min DP_ok=81 DP_fail=59 accepted=80 rate=54.4/min state=119.4255 best=116.3755 kick=3 stale=79
[c1] iter=125 elapsed=2.6min DP_ok=80 DP_fail=45 accepted=80 rate=48.6/min state=119.3274 best=118.5255 kick=3 stale=80
[c2] iter=125 elapsed=2.6min DP_ok=81 DP_fail=44 accepted=81 rate=48.2/min state=119.4255 best=116.3755 kick=3 stale=80
[c3] iter=135 elapsed=2.6min DP_ok=86 DP_fail=49 accepted=84 rate=51.9/min state=125.0752 best=118.5255 kick=3 stale=86
[c1] iter=130 elapsed=2.7min DP_ok=84 DP_fail=46 accepted=84 rate=48.5/min state=119.3274 best=118.5255 kick=3 stale=84
[c3] iter=140 elapsed=2.7min DP_ok=88 DP_fail=52 accepted=86 rate=52.2/min state=123.1752 best=118.5255 kick=3 stale=88
[c2] iter=130 elapsed=2.7min DP_ok=85 DP_fail=45 accepted=85 rate=48.0/min state=119.4255 best=116.3755 kick=3 stale=84
[c1] iter=135 elapsed=2.8min DP_ok=87 DP_fail=48 accepted=87 rate=48.4/min state=119.3274 best=118.5255 kick=3 stale=87
[c0] iter=150 elapsed=2.8min DP_ok=88 DP_fail=62 accepted=87 rate=53.7/min state=119.4255 best=116.3755 kick=3 stale=86
[c3] iter=145 elapsed=2.8min DP_ok=92 DP_fail=53 accepted=90 rate=51.4/min state=123.1752 best=118.5255 kick=3 stale=92
[c2] iter=135 elapsed=2.8min DP_ok=89 DP_fail=46 accepted=89 rate=47.7/min state=119.4255 best=116.3755 kick=3 stale=88
[c1] iter=140 elapsed=2.9min DP_ok=90 DP_fail=50 accepted=90 rate=48.7/min state=119.3274 best=118.5255 kick=3 stale=90
[c0] iter=155 elapsed=2.9min DP_ok=90 DP_fail=65 accepted=88 rate=53.9/min state=119.4255 best=116.3755 kick=3 stale=88
[c2] iter=140 elapsed=2.9min DP_ok=91 DP_fail=49 accepted=91 rate=48.5/min state=119.4255 best=116.3755 kick=3 stale=90
[c1] iter=145 elapsed=3.0min DP_ok=93 DP_fail=52 accepted=93 rate=49.0/min state=119.3274 best=118.5255 kick=3 stale=93
[c2] iter=145 elapsed=3.0min DP_ok=94 DP_fail=51 accepted=94 rate=48.4/min state=119.4255 best=116.3755 kick=3 stale=93
[c0] iter=165 elapsed=3.0min DP_ok=94 DP_fail=71 accepted=92 rate=54.7/min state=119.4255 best=116.3755 kick=3 stale=92
[c1] iter=150 elapsed=3.1min DP_ok=97 DP_fail=53 accepted=97 rate=48.9/min state=119.3274 best=118.5255 kick=3 stale=97
[c3] iter=160 elapsed=3.1min DP_ok=100 DP_fail=60 accepted=98 rate=51.1/min state=123.1752 best=118.5255 kick=4 stale=100
[c2] iter=150 elapsed=3.1min DP_ok=99 DP_fail=51 accepted=99 rate=47.8/min state=119.4255 best=116.3755 kick=3 stale=98
[c1] iter=160 elapsed=3.2min DP_ok=101 DP_fail=59 accepted=101 rate=49.9/min state=119.3274 best=118.5255 kick=4 stale=101
[c0] iter=175 elapsed=3.2min DP_ok=100 DP_fail=75 accepted=98 rate=54.5/min state=119.4255 best=116.3755 kick=3 stale=98
[c0] iter=180 elapsed=3.3min DP_ok=104 DP_fail=76 accepted=102 rate=54.2/min state=119.4255 best=116.3755 kick=4 stale=102
[c2] iter=160 elapsed=3.3min DP_ok=106 DP_fail=54 accepted=106 rate=48.0/min state=123.1752 best=116.3755 kick=4 stale=105
[c1] iter=165 elapsed=3.3min DP_ok=106 DP_fail=59 accepted=106 rate=49.3/min state=119.3274 best=118.5255 kick=4 stale=106
[c3] iter=175 elapsed=3.4min DP_ok=109 DP_fail=66 accepted=107 rate=51.8/min state=123.1752 best=118.5255 kick=4 stale=109
[c2] iter=165 elapsed=3.4min DP_ok=108 DP_fail=57 accepted=108 rate=48.7/min state=123.1752 best=116.3755 kick=4 stale=107
[c1] iter=170 elapsed=3.4min DP_ok=109 DP_fail=61 accepted=109 rate=49.6/min state=119.3274 best=118.5255 kick=4 stale=109
[c0] iter=185 elapsed=3.5min DP_ok=107 DP_fail=78 accepted=105 rate=53.5/min state=119.4255 best=116.3755 kick=4 stale=105
[c1] iter=175 elapsed=3.5min DP_ok=110 DP_fail=65 accepted=110 rate=50.2/min state=119.3274 best=118.5255 kick=4 stale=110
[c3] iter=180 elapsed=3.5min DP_ok=114 DP_fail=66 accepted=112 rate=51.1/min state=123.1752 best=118.5255 kick=4 stale=114
[c0] iter=190 elapsed=3.6min DP_ok=111 DP_fail=79 accepted=109 rate=53.3/min state=119.4255 best=116.3755 kick=4 stale=109
[c1] iter=180 elapsed=3.6min DP_ok=113 DP_fail=67 accepted=113 rate=50.5/min state=119.3274 best=118.5255 kick=4 stale=113
[c2] iter=175 elapsed=3.6min DP_ok=115 DP_fail=60 accepted=115 rate=48.9/min state=119.4255 best=116.3755 kick=4 stale=114
[c2] iter=180 elapsed=3.7min DP_ok=119 DP_fail=61 accepted=119 rate=48.8/min state=119.4255 best=116.3755 kick=4 stale=118
[c0] iter=200 elapsed=3.8min DP_ok=116 DP_fail=84 accepted=114 rate=53.1/min state=119.4255 best=116.3755 kick=4 stale=114
[c2] iter=185 elapsed=3.8min DP_ok=123 DP_fail=62 accepted=122 rate=48.7/min state=119.4255 best=116.3755 kick=4 stale=122
[c0] iter=205 elapsed=3.8min DP_ok=118 DP_fail=87 accepted=116 rate=53.6/min state=119.4255 best=116.3755 kick=4 stale=116
[c3] iter=200 elapsed=3.9min DP_ok=123 DP_fail=77 accepted=121 rate=51.4/min state=123.1752 best=118.5255 kick=4 stale=123
[c1] iter=200 elapsed=3.9min DP_ok=123 DP_fail=77 accepted=123 rate=51.3/min state=119.3274 best=118.5255 kick=4 stale=123
[c2] iter=190 elapsed=3.9min DP_ok=127 DP_fail=63 accepted=126 rate=48.6/min state=120.2755 best=116.3755 kick=4 stale=126
[c0] iter=210 elapsed=4.0min DP_ok=123 DP_fail=87 accepted=121 rate=53.0/min state=119.4255 best=116.3755 kick=4 stale=121
[c3] iter=205 elapsed=4.0min DP_ok=125 DP_fail=80 accepted=123 rate=51.6/min state=123.1752 best=118.5255 kick=4 stale=125
[c1] iter=215 elapsed=4.1min DP_ok=129 DP_fail=86 accepted=129 rate=52.6/min state=119.3274 best=118.5255 kick=4 stale=129
[c3] iter=215 elapsed=4.2min DP_ok=132 DP_fail=83 accepted=130 rate=51.4/min state=123.1752 best=118.5255 kick=4 stale=132
[c2] iter=210 elapsed=4.2min DP_ok=137 DP_fail=73 accepted=136 rate=49.5/min state=120.2755 best=116.3755 kick=4 stale=136
[c1] iter=225 elapsed=4.3min DP_ok=136 DP_fail=89 accepted=136 rate=52.3/min state=123.2781 best=118.5255 kick=4 stale=136
[c0] iter=230 elapsed=4.3min DP_ok=135 DP_fail=95 accepted=133 rate=53.2/min state=119.4255 best=116.3755 kick=4 stale=133
[c3] iter=225 elapsed=4.3min DP_ok=136 DP_fail=89 accepted=134 rate=52.0/min state=123.1752 best=118.5255 kick=4 stale=136
[c2] iter=215 elapsed=4.4min DP_ok=141 DP_fail=74 accepted=139 rate=49.4/min state=120.2755 best=116.3755 kick=4 stale=140
[c3] iter=230 elapsed=4.4min DP_ok=139 DP_fail=91 accepted=137 rate=52.2/min state=123.1752 best=118.5255 kick=4 stale=139
[c0] iter=235 elapsed=4.4min DP_ok=139 DP_fail=96 accepted=137 rate=53.0/min state=119.4255 best=116.3755 kick=4 stale=137
[c1] iter=230 elapsed=4.4min DP_ok=139 DP_fail=91 accepted=139 rate=51.9/min state=123.2781 best=118.5255 kick=4 stale=139
[c3] iter=235 elapsed=4.5min DP_ok=143 DP_fail=92 accepted=141 rate=52.0/min state=123.1752 best=118.5255 kick=4 stale=143
[c1] iter=235 elapsed=4.6min DP_ok=142 DP_fail=93 accepted=142 rate=51.5/min state=123.2781 best=118.5255 kick=4 stale=142
[c2] iter=225 elapsed=4.6min DP_ok=147 DP_fail=78 accepted=145 rate=49.2/min state=120.2755 best=116.3755 kick=4 stale=146
[c0] iter=240 elapsed=4.6min DP_ok=143 DP_fail=97 accepted=141 rate=52.5/min state=119.4255 best=116.3755 kick=4 stale=141
[c0] iter=245 elapsed=4.6min DP_ok=145 DP_fail=100 accepted=143 rate=52.8/min state=120.2755 best=116.3755 kick=4 stale=143
[c1] iter=240 elapsed=4.6min DP_ok=145 DP_fail=95 accepted=145 rate=51.7/min state=123.2781 best=118.5255 kick=4 stale=145
[c2] iter=230 elapsed=4.7min DP_ok=152 DP_fail=78 accepted=150 rate=48.8/min state=120.2755 best=116.3755 kick=4 stale=151
[c3] iter=245 elapsed=4.7min DP_ok=149 DP_fail=96 accepted=147 rate=52.0/min state=123.1752 best=118.5255 kick=4 stale=149
[c1] iter=245 elapsed=4.7min DP_ok=148 DP_fail=97 accepted=148 rate=51.6/min state=123.2781 best=118.5255 kick=4 stale=148
[c0] iter=250 elapsed=4.8min DP_ok=148 DP_fail=102 accepted=146 rate=52.6/min state=120.2755 best=116.3755 kick=4 stale=146
[c3] iter=250 elapsed=4.8min DP_ok=152 DP_fail=98 accepted=150 rate=52.1/min state=123.1752 best=118.5255 kick=4 stale=152
[c0] iter=255 elapsed=4.9min DP_ok=152 DP_fail=103 accepted=150 rate=52.4/min state=120.2755 best=116.3755 kick=4 stale=150
[c3] iter=255 elapsed=4.9min DP_ok=156 DP_fail=99 accepted=154 rate=52.0/min state=123.1752 best=118.5255 kick=4 stale=156
[c1] iter=265 elapsed=5.0min DP_ok=156 DP_fail=109 accepted=156 rate=53.3/min state=123.1288 best=118.5255 kick=4 stale=156
[c0] iter=260 elapsed=5.0min DP_ok=155 DP_fail=105 accepted=153 rate=52.3/min state=120.2755 best=116.3755 kick=4 stale=153
[c3] iter=260 elapsed=5.0min DP_ok=160 DP_fail=100 accepted=158 rate=51.6/min state=123.1752 best=118.5255 kick=4 stale=160
[c1] iter=270 elapsed=5.1min DP_ok=161 DP_fail=109 accepted=161 rate=52.9/min state=123.1288 best=118.5255 kick=4 stale=161
[c0] iter=265 elapsed=5.1min DP_ok=160 DP_fail=105 accepted=158 rate=51.8/min state=120.2755 best=116.3755 kick=4 stale=158
[c3] iter=265 elapsed=5.1min DP_ok=163 DP_fail=102 accepted=161 rate=51.5/min state=123.1752 best=118.5255 kick=4 stale=163
[c1] iter=275 elapsed=5.2min DP_ok=163 DP_fail=112 accepted=163 rate=53.0/min state=119.3274 best=118.5255 kick=4 stale=163
[c0] iter=270 elapsed=5.2min DP_ok=164 DP_fail=106 accepted=162 rate=51.7/min state=120.2755 best=116.3755 kick=4 stale=162
[c1] iter=280 elapsed=5.3min DP_ok=165 DP_fail=115 accepted=165 rate=53.2/min state=119.3274 best=118.5255 kick=4 stale=165
[c3] iter=270 elapsed=5.3min DP_ok=168 DP_fail=102 accepted=166 rate=51.1/min state=123.1752 best=118.5255 kick=4 stale=168
[c2] iter=270 elapsed=5.3min DP_ok=172 DP_fail=98 accepted=170 rate=50.7/min state=120.2755 best=116.3755 kick=4 stale=171
[c0] iter=280 elapsed=5.4min DP_ok=169 DP_fail=111 accepted=167 rate=52.0/min state=119.4255 best=116.3755 kick=4 stale=167
[c2] iter=275 elapsed=5.4min DP_ok=175 DP_fail=100 accepted=173 rate=50.7/min state=120.2755 best=116.3755 kick=4 stale=174
[c1] iter=290 elapsed=5.5min DP_ok=172 DP_fail=118 accepted=172 rate=53.2/min state=120.1288 best=118.5255 kick=4 stale=172
[c0] iter=285 elapsed=5.5min DP_ok=172 DP_fail=113 accepted=170 rate=52.1/min state=119.4255 best=116.3755 kick=4 stale=170
[c3] iter=280 elapsed=5.5min DP_ok=175 DP_fail=105 accepted=173 rate=51.1/min state=123.1752 best=118.5255 kick=4 stale=175
[c1] iter=295 elapsed=5.6min DP_ok=176 DP_fail=119 accepted=176 rate=53.0/min state=120.2774 best=118.5255 kick=4 stale=176
[c0] iter=295 elapsed=5.6min DP_ok=177 DP_fail=118 accepted=175 rate=52.6/min state=119.4255 best=116.3755 kick=4 stale=175
[c3] iter=285 elapsed=5.6min DP_ok=179 DP_fail=106 accepted=177 rate=50.7/min state=123.1752 best=118.5255 kick=4 stale=179
[c2] iter=290 elapsed=5.7min DP_ok=182 DP_fail=108 accepted=180 rate=51.3/min state=120.2755 best=116.3755 kick=4 stale=181
[c1] iter=300 elapsed=5.7min DP_ok=179 DP_fail=121 accepted=179 rate=52.9/min state=120.2774 best=118.5255 kick=4 stale=179
[c0] iter=300 elapsed=5.7min DP_ok=181 DP_fail=119 accepted=179 rate=52.5/min state=120.2755 best=116.3755 kick=4 stale=179
[c3] iter=290 elapsed=5.8min DP_ok=184 DP_fail=106 accepted=182 rate=50.4/min state=123.1752 best=118.5255 kick=4 stale=184
[c0] iter=305 elapsed=5.8min DP_ok=184 DP_fail=121 accepted=182 rate=52.6/min state=120.2755 best=116.3755 kick=4 stale=182
[c0] iter=310 elapsed=5.9min DP_ok=185 DP_fail=125 accepted=183 rate=52.6/min state=120.2755 best=116.3755 kick=4 stale=183
[c3] iter=305 elapsed=6.0min DP_ok=189 DP_fail=116 accepted=187 rate=50.8/min state=123.1752 best=118.5255 kick=4 stale=189
[c1] iter=315 elapsed=6.0min DP_ok=189 DP_fail=126 accepted=189 rate=52.5/min state=122.1788 best=118.5255 kick=4 stale=189
[c0] iter=320 elapsed=6.0min DP_ok=188 DP_fail=132 accepted=186 rate=53.1/min state=120.2755 best=116.3755 kick=4 stale=186
[c3] iter=310 elapsed=6.1min DP_ok=193 DP_fail=117 accepted=191 rate=50.7/min state=123.1752 best=118.5255 kick=4 stale=193
[c0] iter=325 elapsed=6.1min DP_ok=192 DP_fail=133 accepted=189 rate=53.0/min state=120.2755 best=116.3755 kick=4 stale=190
[c2] iter=315 elapsed=6.2min DP_ok=199 DP_fail=116 accepted=197 rate=50.9/min state=120.2755 best=116.3755 kick=4 stale=198
[c1] iter=330 elapsed=6.3min DP_ok=198 DP_fail=132 accepted=198 rate=52.7/min state=122.1788 best=118.5255 kick=4 stale=198
[c0] iter=330 elapsed=6.3min DP_ok=197 DP_fail=133 accepted=194 rate=52.6/min state=120.2755 best=116.3755 kick=4 stale=195
[c3] iter=325 elapsed=6.3min DP_ok=200 DP_fail=125 accepted=198 rate=51.5/min state=123.1752 best=118.5255 kick=5 stale=200
[c2] iter=320 elapsed=6.3min DP_ok=204 DP_fail=116 accepted=202 rate=50.5/min state=120.2755 best=116.3755 kick=5 stale=203
[c0] iter=335 elapsed=6.4min DP_ok=200 DP_fail=135 accepted=197 rate=52.5/min state=120.2755 best=116.3755 kick=4 stale=198
[c2] iter=325 elapsed=6.4min DP_ok=207 DP_fail=118 accepted=205 rate=50.5/min state=120.2755 best=116.3755 kick=5 stale=206
[c1] iter=340 elapsed=6.5min DP_ok=203 DP_fail=137 accepted=203 rate=52.7/min state=122.1788 best=118.5255 kick=5 stale=203
[c0] iter=340 elapsed=6.5min DP_ok=203 DP_fail=137 accepted=200 rate=52.4/min state=120.2755 best=116.3755 kick=5 stale=201
[c2] iter=330 elapsed=6.6min DP_ok=210 DP_fail=120 accepted=208 rate=50.4/min state=120.2755 best=116.3755 kick=5 stale=209
[c1] iter=345 elapsed=6.6min DP_ok=208 DP_fail=137 accepted=207 rate=52.3/min state=122.1788 best=118.5255 kick=5 stale=208
/home/julian/Projects/esa_spoc_26_3/scripts/ch2_e617_dp_alns_cheapest_repair.py:97: RuntimeWarning: invalid value encountered in scalar subtract
  c = rank[a, x] + rank[x, b] - rank[a, b]
[c0] iter=345 elapsed=6.6min DP_ok=208 DP_fail=137 accepted=205 rate=52.1/min state=120.2755 best=116.3755 kick=5 stale=206
[c2] iter=340 elapsed=6.7min DP_ok=214 DP_fail=126 accepted=212 rate=50.9/min state=120.2755 best=116.3755 kick=5 stale=213
[c3] iter=345 elapsed=6.7min DP_ok=212 DP_fail=133 accepted=210 rate=51.6/min state=123.1752 best=118.5255 kick=5 stale=212
[c1] iter=350 elapsed=6.7min DP_ok=211 DP_fail=139 accepted=210 rate=52.1/min state=122.1788 best=118.5255 kick=5 stale=211
/home/julian/Projects/esa_spoc_26_3/scripts/ch2_e617_dp_alns_cheapest_repair.py:113: RuntimeWarning: invalid value encountered in scalar subtract
  c = rank[a, x] + rank[x, b] - rank[a, b]
[c2] iter=350 elapsed=6.8min DP_ok=218 DP_fail=132 accepted=216 rate=51.3/min state=120.2755 best=116.3755 kick=5 stale=217
[c1] iter=355 elapsed=6.8min DP_ok=214 DP_fail=141 accepted=213 rate=51.8/min state=120.2774 best=118.5255 kick=5 stale=214
[c0] iter=360 elapsed=6.9min DP_ok=216 DP_fail=144 accepted=213 rate=52.1/min state=123.1752 best=116.3755 kick=5 stale=214
[c0] iter=365 elapsed=6.9min DP_ok=217 DP_fail=148 accepted=214 rate=52.6/min state=123.1752 best=116.3755 kick=5 stale=215
[c2] iter=355 elapsed=6.9min DP_ok=222 DP_fail=133 accepted=220 rate=51.1/min state=120.2755 best=116.3755 kick=5 stale=221
[c3] iter=360 elapsed=7.0min DP_ok=222 DP_fail=138 accepted=220 rate=51.6/min state=123.1752 best=118.5255 kick=5 stale=222
[c1] iter=360 elapsed=7.0min DP_ok=218 DP_fail=142 accepted=217 rate=51.5/min state=120.2774 best=118.5255 kick=5 stale=218
[c2] iter=360 elapsed=7.1min DP_ok=226 DP_fail=134 accepted=224 rate=51.0/min state=120.2755 best=116.3755 kick=5 stale=225
[c0] iter=375 elapsed=7.1min DP_ok=221 DP_fail=154 accepted=218 rate=52.6/min state=123.1752 best=116.3755 kick=5 stale=219
[c1] iter=370 elapsed=7.2min DP_ok=223 DP_fail=147 accepted=222 rate=51.6/min state=125.1781 best=118.5255 kick=5 stale=223
[c3] iter=370 elapsed=7.2min DP_ok=230 DP_fail=140 accepted=228 rate=51.4/min state=123.1752 best=118.5255 kick=5 stale=230
[c1] iter=375 elapsed=7.3min DP_ok=225 DP_fail=150 accepted=224 rate=51.7/min state=125.1781 best=118.5255 kick=5 stale=225
[c2] iter=370 elapsed=7.3min DP_ok=232 DP_fail=138 accepted=230 rate=51.0/min state=120.2755 best=116.3755 kick=5 stale=231
[c3] iter=375 elapsed=7.3min DP_ok=233 DP_fail=142 accepted=231 rate=51.3/min state=123.1752 best=118.5255 kick=5 stale=233
[c1] iter=380 elapsed=7.3min DP_ok=228 DP_fail=152 accepted=227 rate=51.8/min state=125.1781 best=118.5255 kick=5 stale=228
[c2] iter=375 elapsed=7.3min DP_ok=235 DP_fail=140 accepted=233 rate=51.1/min state=120.2755 best=116.3755 kick=5 stale=234
[c0] iter=385 elapsed=7.4min DP_ok=228 DP_fail=157 accepted=224 rate=52.4/min state=123.1752 best=116.3755 kick=5 stale=226
[c2] iter=380 elapsed=7.5min DP_ok=239 DP_fail=141 accepted=237 rate=51.0/min state=123.1752 best=116.3755 kick=5 stale=238
[c0] iter=395 elapsed=7.5min DP_ok=233 DP_fail=162 accepted=229 rate=52.5/min state=123.1752 best=116.3755 kick=5 stale=231
[c3] iter=385 elapsed=7.5min DP_ok=240 DP_fail=145 accepted=236 rate=51.2/min state=125.0752 best=118.5255 kick=5 stale=240
[c2] iter=385 elapsed=7.6min DP_ok=243 DP_fail=142 accepted=240 rate=50.9/min state=123.1752 best=116.3755 kick=5 stale=242
[c1] iter=395 elapsed=7.6min DP_ok=236 DP_fail=159 accepted=235 rate=52.1/min state=123.2781 best=118.5255 kick=5 stale=236
[c0] iter=400 elapsed=7.6min DP_ok=236 DP_fail=164 accepted=232 rate=52.5/min state=123.1752 best=116.3755 kick=5 stale=234
[c0] iter=405 elapsed=7.7min DP_ok=239 DP_fail=166 accepted=235 rate=52.5/min state=123.1752 best=116.3755 kick=5 stale=237
[c3] iter=400 elapsed=7.8min DP_ok=247 DP_fail=153 accepted=243 rate=51.5/min state=123.1752 best=118.5255 kick=5 stale=247
[c0] iter=415 elapsed=7.9min DP_ok=244 DP_fail=171 accepted=240 rate=52.7/min state=123.1752 best=116.3755 kick=5 stale=242
[c3] iter=405 elapsed=7.9min DP_ok=252 DP_fail=153 accepted=248 rate=51.2/min state=118.9755 best=118.5255 kick=3 stale=2
[c2] iter=405 elapsed=7.9min DP_ok=252 DP_fail=153 accepted=248 rate=51.0/min state=116.3755 best=116.3755 kick=3 stale=1
[c0] iter=420 elapsed=8.0min DP_ok=248 DP_fail=172 accepted=244 rate=52.4/min state=123.1752 best=116.3755 kick=5 stale=246
[c1] iter=415 elapsed=8.0min DP_ok=249 DP_fail=166 accepted=248 rate=51.7/min state=123.2781 best=118.5255 kick=5 stale=249
[c2] iter=415 elapsed=8.1min DP_ok=259 DP_fail=156 accepted=255 rate=51.0/min state=120.2755 best=116.3755 kick=3 stale=8
[c3] iter=415 elapsed=8.1min DP_ok=260 DP_fail=155 accepted=256 rate=51.0/min state=117.1256 best=117.1256 kick=3 stale=6
[c0] iter=430 elapsed=8.2min DP_ok=254 DP_fail=176 accepted=250 rate=52.4/min state=116.3755 best=116.3755 kick=3 stale=2
[c3] iter=420 elapsed=8.3min DP_ok=264 DP_fail=156 accepted=260 rate=50.8/min state=117.1256 best=117.1256 kick=3 stale=10
[c1] iter=430 elapsed=8.3min DP_ok=256 DP_fail=174 accepted=255 rate=51.9/min state=124.7283 best=118.5255 kick=3 stale=6
[c0] iter=435 elapsed=8.3min DP_ok=257 DP_fail=178 accepted=253 rate=52.4/min state=116.7756 best=116.3755 kick=3 stale=5
[c0] iter=440 elapsed=8.4min DP_ok=260 DP_fail=180 accepted=256 rate=52.5/min state=119.8255 best=116.3755 kick=3 stale=8
[c3] iter=425 elapsed=8.4min DP_ok=266 DP_fail=159 accepted=262 rate=50.7/min state=117.1256 best=117.1256 kick=3 stale=12
[c1] iter=435 elapsed=8.4min DP_ok=261 DP_fail=174 accepted=260 rate=51.6/min state=124.7283 best=118.5255 kick=3 stale=11
[c1] iter=440 elapsed=8.5min DP_ok=263 DP_fail=177 accepted=262 rate=51.9/min state=125.1781 best=118.5255 kick=3 stale=13
[c3] iter=430 elapsed=8.5min DP_ok=270 DP_fail=160 accepted=266 rate=50.7/min state=119.4255 best=117.1256 kick=3 stale=16
[c0] iter=445 elapsed=8.5min DP_ok=264 DP_fail=181 accepted=260 rate=52.3/min state=121.9755 best=116.3755 kick=3 stale=12
[c2] iter=450 elapsed=8.6min DP_ok=273 DP_fail=177 accepted=269 rate=52.4/min state=120.2755 best=116.3755 kick=3 stale=22
[c1] iter=445 elapsed=8.6min DP_ok=266 DP_fail=179 accepted=265 rate=51.8/min state=125.1781 best=118.5255 kick=3 stale=16
[c3] iter=435 elapsed=8.6min DP_ok=274 DP_fail=161 accepted=270 rate=50.6/min state=120.2755 best=117.1256 kick=3 stale=20
[c0] iter=455 elapsed=8.7min DP_ok=271 DP_fail=184 accepted=267 rate=52.1/min state=121.9755 best=116.3755 kick=3 stale=19
[c3] iter=440 elapsed=8.7min DP_ok=278 DP_fail=162 accepted=274 rate=50.4/min state=120.2755 best=117.1256 kick=3 stale=24
[c2] iter=460 elapsed=8.8min DP_ok=281 DP_fail=179 accepted=276 rate=52.2/min state=120.2755 best=116.3755 kick=3 stale=30
[c0] iter=460 elapsed=8.8min DP_ok=275 DP_fail=185 accepted=271 rate=52.1/min state=122.1253 best=116.3755 kick=3 stale=23
[c1] iter=465 elapsed=8.9min DP_ok=277 DP_fail=188 accepted=276 rate=52.0/min state=120.2774 best=118.5255 kick=3 stale=27
[c2] iter=465 elapsed=8.9min DP_ok=286 DP_fail=179 accepted=281 rate=52.0/min state=120.2755 best=116.3755 kick=3 stale=35
[c3] iter=455 elapsed=9.0min DP_ok=287 DP_fail=168 accepted=283 rate=50.4/min state=120.2755 best=117.1256 kick=3 stale=33
[c1] iter=470 elapsed=9.0min DP_ok=280 DP_fail=190 accepted=279 rate=52.1/min state=123.2781 best=118.5255 kick=3 stale=30
[c2] iter=470 elapsed=9.1min DP_ok=290 DP_fail=180 accepted=285 rate=51.9/min state=120.2755 best=116.3755 kick=3 stale=39
[c0] iter=480 elapsed=9.1min DP_ok=283 DP_fail=197 accepted=279 rate=52.8/min state=120.2755 best=116.3755 kick=3 stale=31
[c1] iter=475 elapsed=9.1min DP_ok=283 DP_fail=192 accepted=282 rate=52.0/min state=123.5283 best=118.5255 kick=3 stale=33
[c2] iter=475 elapsed=9.1min DP_ok=293 DP_fail=182 accepted=288 rate=52.0/min state=120.2755 best=116.3755 kick=3 stale=42
[c0] iter=485 elapsed=9.2min DP_ok=287 DP_fail=198 accepted=283 rate=52.7/min state=120.2755 best=116.3755 kick=3 stale=35
[c1] iter=480 elapsed=9.2min DP_ok=286 DP_fail=194 accepted=285 rate=52.1/min state=123.5283 best=118.5255 kick=3 stale=36
[c2] iter=485 elapsed=9.3min DP_ok=299 DP_fail=186 accepted=294 rate=52.1/min state=120.2755 best=116.3755 kick=3 stale=48
[c1] iter=485 elapsed=9.3min DP_ok=290 DP_fail=195 accepted=289 rate=52.0/min state=123.5283 best=118.5255 kick=3 stale=40
[c0] iter=495 elapsed=9.3min DP_ok=292 DP_fail=203 accepted=288 rate=53.0/min state=120.2755 best=116.3755 kick=3 stale=40
[c3] iter=470 elapsed=9.4min DP_ok=299 DP_fail=171 accepted=295 rate=50.2/min state=120.2755 best=117.1256 kick=3 stale=45
[c2] iter=490 elapsed=9.4min DP_ok=303 DP_fail=187 accepted=298 rate=52.0/min state=120.2755 best=116.3755 kick=3 stale=52
[c2] iter=495 elapsed=9.5min DP_ok=305 DP_fail=190 accepted=300 rate=52.2/min state=120.2755 best=116.3755 kick=3 stale=54
[c3] iter=475 elapsed=9.5min DP_ok=304 DP_fail=171 accepted=300 rate=50.0/min state=120.2755 best=117.1256 kick=3 stale=50
[c0] iter=510 elapsed=9.6min DP_ok=301 DP_fail=209 accepted=297 rate=53.1/min state=120.2755 best=116.3755 kick=3 stale=49
[c1] iter=505 elapsed=9.7min DP_ok=300 DP_fail=205 accepted=299 rate=52.3/min state=123.2781 best=118.5255 kick=3 stale=50
[c2] iter=505 elapsed=9.7min DP_ok=311 DP_fail=194 accepted=306 rate=52.3/min state=120.2755 best=116.3755 kick=3 stale=60
[c3] iter=485 elapsed=9.7min DP_ok=311 DP_fail=174 accepted=307 rate=50.1/min state=120.2755 best=117.1256 kick=3 stale=57
[c2] iter=510 elapsed=9.7min DP_ok=314 DP_fail=196 accepted=309 rate=52.4/min state=120.2755 best=116.3755 kick=3 stale=63
[c1] iter=510 elapsed=9.8min DP_ok=305 DP_fail=205 accepted=304 rate=52.1/min state=123.2781 best=118.5255 kick=3 stale=55
[c3] iter=490 elapsed=9.8min DP_ok=315 DP_fail=175 accepted=311 rate=50.0/min state=120.2755 best=117.1256 kick=3 stale=61
[c0] iter=525 elapsed=9.9min DP_ok=306 DP_fail=219 accepted=302 rate=53.2/min state=120.2755 best=116.3755 kick=3 stale=54
[c2] iter=520 elapsed=9.9min DP_ok=319 DP_fail=201 accepted=314 rate=52.5/min state=120.2755 best=116.3755 kick=3 stale=68
[c1] iter=515 elapsed=9.9min DP_ok=309 DP_fail=206 accepted=308 rate=52.0/min state=123.2781 best=118.5255 kick=3 stale=59
[c3] iter=495 elapsed=9.9min DP_ok=319 DP_fail=176 accepted=315 rate=49.9/min state=123.1752 best=117.1256 kick=3 stale=65
[c3] iter=500 elapsed=10.0min DP_ok=322 DP_fail=178 accepted=317 rate=50.0/min state=123.1752 best=117.1256 kick=3 stale=68
[c0] iter=530 elapsed=10.0min DP_ok=311 DP_fail=219 accepted=307 rate=52.9/min state=120.2755 best=116.3755 kick=3 stale=59
[c2] iter=530 elapsed=10.1min DP_ok=326 DP_fail=204 accepted=321 rate=52.5/min state=120.2755 best=116.3755 kick=3 stale=75
[c1] iter=525 elapsed=10.1min DP_ok=316 DP_fail=209 accepted=315 rate=52.0/min state=123.2781 best=118.5255 kick=3 stale=66
[c0] iter=535 elapsed=10.1min DP_ok=315 DP_fail=220 accepted=311 rate=52.8/min state=120.2755 best=116.3755 kick=3 stale=63
[c3] iter=505 elapsed=10.1min DP_ok=327 DP_fail=178 accepted=321 rate=49.8/min state=120.2755 best=117.1256 kick=3 stale=73
[c2] iter=535 elapsed=10.2min DP_ok=328 DP_fail=207 accepted=323 rate=52.5/min state=120.2755 best=116.3755 kick=3 stale=77
[c1] iter=535 elapsed=10.2min DP_ok=321 DP_fail=214 accepted=320 rate=52.3/min state=123.2781 best=118.5255 kick=3 stale=71
[c0] iter=540 elapsed=10.2min DP_ok=319 DP_fail=221 accepted=314 rate=52.7/min state=120.2755 best=116.3755 kick=3 stale=67
[c3] iter=510 elapsed=10.2min DP_ok=331 DP_fail=179 accepted=325 rate=49.8/min state=120.2755 best=117.1256 kick=3 stale=77
[c1] iter=540 elapsed=10.3min DP_ok=323 DP_fail=217 accepted=322 rate=52.5/min state=123.2781 best=118.5255 kick=3 stale=73
/home/julian/Projects/esa_spoc_26_3/scripts/ch2_e617_dp_alns_cheapest_repair.py:97: RuntimeWarning: invalid value encountered in scalar subtract
  c = rank[a, x] + rank[x, b] - rank[a, b]
[c2] iter=545 elapsed=10.4min DP_ok=334 DP_fail=211 accepted=329 rate=52.6/min state=120.2755 best=116.3755 kick=3 stale=83
[c3] iter=515 elapsed=10.4min DP_ok=336 DP_fail=179 accepted=330 rate=49.6/min state=123.1752 best=117.1256 kick=3 stale=82
[c3] iter=520 elapsed=10.5min DP_ok=339 DP_fail=181 accepted=333 rate=49.7/min state=123.1752 best=117.1256 kick=3 stale=85
[c2] iter=550 elapsed=10.5min DP_ok=339 DP_fail=211 accepted=334 rate=52.4/min state=120.2755 best=116.3755 kick=3 stale=88
[c0] iter=560 elapsed=10.5min DP_ok=326 DP_fail=234 accepted=321 rate=53.3/min state=120.2755 best=116.3755 kick=3 stale=74
[c1] iter=550 elapsed=10.5min DP_ok=330 DP_fail=220 accepted=329 rate=52.3/min state=123.2781 best=118.5255 kick=3 stale=80
[c3] iter=525 elapsed=10.5min DP_ok=341 DP_fail=184 accepted=335 rate=49.9/min state=123.1752 best=117.1256 kick=3 stale=87
[c2] iter=555 elapsed=10.6min DP_ok=343 DP_fail=212 accepted=338 rate=52.3/min state=120.2755 best=116.3755 kick=3 stale=92
[c0] iter=565 elapsed=10.6min DP_ok=330 DP_fail=235 accepted=325 rate=53.2/min state=120.2755 best=116.3755 kick=3 stale=78
[c3] iter=530 elapsed=10.7min DP_ok=346 DP_fail=184 accepted=340 rate=49.7/min state=123.1752 best=117.1256 kick=3 stale=92
[c2] iter=560 elapsed=10.7min DP_ok=346 DP_fail=214 accepted=341 rate=52.4/min state=120.2755 best=116.3755 kick=3 stale=95
[c3] iter=535 elapsed=10.8min DP_ok=350 DP_fail=185 accepted=344 rate=49.7/min state=123.1752 best=117.1256 kick=3 stale=96
[c2] iter=565 elapsed=10.8min DP_ok=350 DP_fail=215 accepted=345 rate=52.3/min state=120.2755 best=116.3755 kick=3 stale=99
[c0] iter=575 elapsed=10.8min DP_ok=337 DP_fail=238 accepted=332 rate=53.2/min state=120.2755 best=116.3755 kick=3 stale=85
[c1] iter=565 elapsed=10.8min DP_ok=341 DP_fail=224 accepted=340 rate=52.3/min state=123.2781 best=118.5255 kick=3 stale=91
[c2] iter=570 elapsed=10.9min DP_ok=352 DP_fail=218 accepted=347 rate=52.3/min state=120.2755 best=116.3755 kick=4 stale=101
[c1] iter=570 elapsed=10.9min DP_ok=343 DP_fail=227 accepted=342 rate=52.2/min state=123.2781 best=118.5255 kick=3 stale=93
[c3] iter=545 elapsed=11.0min DP_ok=357 DP_fail=188 accepted=351 rate=49.7/min state=122.7253 best=117.1256 kick=4 stale=103
[c0] iter=585 elapsed=11.0min DP_ok=342 DP_fail=243 accepted=337 rate=53.3/min state=120.2755 best=116.3755 kick=3 stale=90
[c0] iter=590 elapsed=11.0min DP_ok=344 DP_fail=246 accepted=339 rate=53.5/min state=120.2755 best=116.3755 kick=3 stale=92
[c3] iter=550 elapsed=11.0min DP_ok=360 DP_fail=190 accepted=354 rate=49.8/min state=123.1752 best=117.1256 kick=4 stale=106
[c3] iter=555 elapsed=11.1min DP_ok=362 DP_fail=193 accepted=356 rate=50.0/min state=123.1752 best=117.1256 kick=4 stale=108
[c2] iter=580 elapsed=11.1min DP_ok=360 DP_fail=220 accepted=355 rate=52.2/min state=120.2755 best=116.3755 kick=4 stale=109
[c0] iter=595 elapsed=11.2min DP_ok=349 DP_fail=246 accepted=344 rate=53.3/min state=120.2755 best=116.3755 kick=3 stale=97
[c2] iter=585 elapsed=11.2min DP_ok=363 DP_fail=222 accepted=358 rate=52.3/min state=120.2755 best=116.3755 kick=4 stale=112
[c3] iter=560 elapsed=11.2min DP_ok=365 DP_fail=195 accepted=359 rate=50.0/min state=123.1752 best=117.1256 kick=4 stale=111
[c0] iter=600 elapsed=11.2min DP_ok=351 DP_fail=249 accepted=345 rate=53.4/min state=120.2755 best=116.3755 kick=3 stale=99
[c0] iter=605 elapsed=11.3min DP_ok=354 DP_fail=251 accepted=348 rate=53.5/min state=120.2755 best=116.3755 kick=4 stale=102
[c2] iter=595 elapsed=11.3min DP_ok=366 DP_fail=229 accepted=361 rate=52.5/min state=120.2755 best=116.3755 kick=4 stale=115
[c1] iter=590 elapsed=11.3min DP_ok=356 DP_fail=234 accepted=355 rate=52.1/min state=123.2781 best=118.5255 kick=4 stale=106
[c3] iter=565 elapsed=11.3min DP_ok=370 DP_fail=195 accepted=364 rate=49.8/min state=123.1752 best=117.1256 kick=4 stale=116
[c2] iter=600 elapsed=11.4min DP_ok=370 DP_fail=230 accepted=365 rate=52.4/min state=120.2755 best=116.3755 kick=4 stale=119
[c1] iter=595 elapsed=11.4min DP_ok=360 DP_fail=235 accepted=359 rate=52.0/min state=123.2781 best=118.5255 kick=4 stale=110
[c0] iter=610 elapsed=11.4min DP_ok=358 DP_fail=252 accepted=352 rate=53.3/min state=120.2755 best=116.3755 kick=4 stale=106
[c3] iter=575 elapsed=11.5min DP_ok=375 DP_fail=200 accepted=369 rate=50.0/min state=123.1752 best=117.1256 kick=4 stale=121
[c3] iter=580 elapsed=11.6min DP_ok=378 DP_fail=202 accepted=372 rate=50.1/min state=123.1752 best=117.1256 kick=4 stale=124
[c0] iter=615 elapsed=11.6min DP_ok=363 DP_fail=252 accepted=357 rate=53.1/min state=120.2755 best=116.3755 kick=4 stale=111
[c1] iter=605 elapsed=11.6min DP_ok=366 DP_fail=239 accepted=365 rate=52.0/min state=123.2781 best=118.5255 kick=4 stale=116
[c2] iter=610 elapsed=11.7min DP_ok=377 DP_fail=233 accepted=372 rate=52.3/min state=120.2755 best=116.3755 kick=4 stale=126
[c1] iter=610 elapsed=11.7min DP_ok=368 DP_fail=242 accepted=367 rate=52.2/min state=123.2781 best=118.5255 kick=4 stale=118
[c3] iter=585 elapsed=11.7min DP_ok=383 DP_fail=202 accepted=377 rate=49.9/min state=123.1752 best=117.1256 kick=4 stale=129
[c1] iter=615 elapsed=11.8min DP_ok=372 DP_fail=243 accepted=371 rate=52.1/min state=123.2781 best=118.5255 kick=4 stale=122
[c2] iter=615 elapsed=11.8min DP_ok=382 DP_fail=233 accepted=377 rate=52.1/min state=120.2755 best=116.3755 kick=4 stale=131
[c0] iter=625 elapsed=11.8min DP_ok=369 DP_fail=256 accepted=363 rate=52.9/min state=120.2755 best=116.3755 kick=4 stale=117
[c0] iter=630 elapsed=11.9min DP_ok=371 DP_fail=259 accepted=365 rate=53.0/min state=120.2755 best=116.3755 kick=4 stale=119
[c2] iter=625 elapsed=11.9min DP_ok=386 DP_fail=239 accepted=381 rate=52.4/min state=120.2755 best=116.3755 kick=4 stale=135
[c0] iter=635 elapsed=12.0min DP_ok=374 DP_fail=261 accepted=368 rate=53.0/min state=120.2755 best=116.3755 kick=4 stale=122
[c3] iter=600 elapsed=12.0min DP_ok=391 DP_fail=209 accepted=385 rate=50.0/min state=123.1752 best=117.1256 kick=4 stale=137
[c2] iter=630 elapsed=12.1min DP_ok=391 DP_fail=239 accepted=386 rate=52.2/min state=120.2755 best=116.3755 kick=4 stale=140
[c2] iter=635 elapsed=12.2min DP_ok=395 DP_fail=240 accepted=390 rate=52.1/min state=120.2755 best=116.3755 kick=4 stale=144
[c3] iter=615 elapsed=12.2min DP_ok=399 DP_fail=216 accepted=393 rate=50.4/min state=123.1752 best=117.1256 kick=4 stale=145
[c0] iter=650 elapsed=12.3min DP_ok=381 DP_fail=269 accepted=375 rate=53.0/min state=120.2755 best=116.3755 kick=4 stale=129
[c1] iter=640 elapsed=12.3min DP_ok=388 DP_fail=252 accepted=387 rate=52.1/min state=120.2774 best=118.5255 kick=4 stale=138
[c1] iter=645 elapsed=12.4min DP_ok=391 DP_fail=254 accepted=390 rate=52.1/min state=123.2781 best=118.5255 kick=4 stale=141
[c0] iter=660 elapsed=12.5min DP_ok=387 DP_fail=273 accepted=381 rate=53.0/min state=120.2755 best=116.3755 kick=4 stale=135
[c3] iter=625 elapsed=12.5min DP_ok=407 DP_fail=218 accepted=401 rate=50.1/min state=123.1752 best=117.1256 kick=4 stale=153
[c2] iter=650 elapsed=12.5min DP_ok=401 DP_fail=249 accepted=396 rate=52.0/min state=120.2755 best=116.3755 kick=4 stale=150
[c0] iter=665 elapsed=12.5min DP_ok=389 DP_fail=276 accepted=383 rate=53.0/min state=120.2755 best=116.3755 kick=4 stale=137
[c2] iter=655 elapsed=12.5min DP_ok=403 DP_fail=252 accepted=398 rate=52.2/min state=120.2755 best=116.3755 kick=4 stale=152
[c1] iter=655 elapsed=12.6min DP_ok=397 DP_fail=258 accepted=396 rate=52.1/min state=123.2781 best=118.5255 kick=4 stale=147
[c0] iter=670 elapsed=12.7min DP_ok=393 DP_fail=277 accepted=387 rate=52.9/min state=120.2755 best=116.3755 kick=4 stale=141
[c3] iter=635 elapsed=12.7min DP_ok=413 DP_fail=222 accepted=407 rate=50.1/min state=123.9710 best=117.1256 kick=4 stale=159
[c0] iter=675 elapsed=12.7min DP_ok=394 DP_fail=281 accepted=388 rate=53.1/min state=120.2755 best=116.3755 kick=4 stale=142
[c3] iter=640 elapsed=12.7min DP_ok=415 DP_fail=225 accepted=409 rate=50.3/min state=123.9710 best=117.1256 kick=4 stale=161
[c3] iter=645 elapsed=12.8min DP_ok=419 DP_fail=226 accepted=413 rate=50.2/min state=123.9710 best=117.1256 kick=4 stale=165
[c2] iter=670 elapsed=12.9min DP_ok=414 DP_fail=256 accepted=409 rate=52.0/min state=120.2755 best=116.3755 kick=4 stale=163
[c1] iter=680 elapsed=12.9min DP_ok=409 DP_fail=271 accepted=408 rate=52.7/min state=123.1288 best=118.5255 kick=4 stale=159
[c1] iter=685 elapsed=13.0min DP_ok=412 DP_fail=273 accepted=411 rate=52.7/min state=123.1288 best=118.5255 kick=4 stale=162
[c2] iter=675 elapsed=13.0min DP_ok=418 DP_fail=257 accepted=412 rate=51.9/min state=120.2755 best=116.3755 kick=4 stale=167
[c0] iter=690 elapsed=13.0min DP_ok=404 DP_fail=286 accepted=398 rate=53.0/min state=123.1752 best=116.3755 kick=4 stale=152
[c3] iter=660 elapsed=13.1min DP_ok=428 DP_fail=232 accepted=422 rate=50.4/min state=123.9710 best=117.1256 kick=4 stale=174
[c1] iter=690 elapsed=13.1min DP_ok=415 DP_fail=275 accepted=414 rate=52.7/min state=123.1288 best=118.5255 kick=4 stale=165
[c0] iter=695 elapsed=13.1min DP_ok=407 DP_fail=288 accepted=401 rate=53.0/min state=123.1752 best=116.3755 kick=4 stale=155
[c2] iter=680 elapsed=13.1min DP_ok=422 DP_fail=258 accepted=416 rate=51.8/min state=120.2755 best=116.3755 kick=4 stale=171
[c3] iter=665 elapsed=13.2min DP_ok=432 DP_fail=233 accepted=426 rate=50.4/min state=123.9710 best=117.1256 kick=4 stale=178
[c0] iter=700 elapsed=13.2min DP_ok=411 DP_fail=289 accepted=405 rate=52.9/min state=123.1752 best=116.3755 kick=4 stale=159
[c1] iter=700 elapsed=13.2min DP_ok=419 DP_fail=281 accepted=418 rate=52.9/min state=123.2781 best=118.5255 kick=4 stale=169
[c2] iter=690 elapsed=13.3min DP_ok=428 DP_fail=262 accepted=422 rate=51.8/min state=123.1752 best=116.3755 kick=4 stale=177
[c0] iter=705 elapsed=13.3min DP_ok=415 DP_fail=290 accepted=409 rate=52.9/min state=123.1752 best=116.3755 kick=4 stale=163
[c3] iter=670 elapsed=13.3min DP_ok=436 DP_fail=234 accepted=430 rate=50.2/min state=123.9710 best=117.1256 kick=4 stale=182
[c1] iter=705 elapsed=13.3min DP_ok=423 DP_fail=282 accepted=422 rate=52.8/min state=123.2781 best=118.5255 kick=4 stale=173
[c2] iter=695 elapsed=13.4min DP_ok=431 DP_fail=264 accepted=425 rate=51.8/min state=123.1752 best=116.3755 kick=4 stale=180
[c0] iter=710 elapsed=13.4min DP_ok=418 DP_fail=292 accepted=412 rate=52.8/min state=123.1752 best=116.3755 kick=4 stale=166
[c2] iter=700 elapsed=13.5min DP_ok=433 DP_fail=267 accepted=427 rate=51.7/min state=123.1752 best=116.3755 kick=4 stale=182
[c1] iter=725 elapsed=13.6min DP_ok=431 DP_fail=294 accepted=430 rate=53.2/min state=123.2781 best=118.5255 kick=4 stale=181
[c2] iter=705 elapsed=13.7min DP_ok=438 DP_fail=267 accepted=432 rate=51.6/min state=123.1752 best=116.3755 kick=4 stale=187
[c0] iter=725 elapsed=13.7min DP_ok=426 DP_fail=299 accepted=420 rate=53.0/min state=123.1752 best=116.3755 kick=4 stale=174
[c3] iter=690 elapsed=13.7min DP_ok=448 DP_fail=242 accepted=442 rate=50.4/min state=123.9710 best=117.1256 kick=4 stale=194
[c1] iter=730 elapsed=13.7min DP_ok=434 DP_fail=296 accepted=433 rate=53.3/min state=123.2781 best=118.5255 kick=4 stale=184
[c3] iter=695 elapsed=13.8min DP_ok=452 DP_fail=243 accepted=445 rate=50.4/min state=123.9710 best=117.1256 kick=4 stale=198
[c0] iter=730 elapsed=13.8min DP_ok=430 DP_fail=300 accepted=424 rate=52.9/min state=123.1752 best=116.3755 kick=4 stale=178
[c2] iter=715 elapsed=13.8min DP_ok=443 DP_fail=272 accepted=437 rate=51.7/min state=123.1752 best=116.3755 kick=4 stale=192
[c0] iter=735 elapsed=13.9min DP_ok=434 DP_fail=301 accepted=428 rate=52.8/min state=123.1752 best=116.3755 kick=4 stale=182
[c3] iter=700 elapsed=13.9min DP_ok=456 DP_fail=244 accepted=449 rate=50.2/min state=123.9710 best=117.1256 kick=5 stale=202
[c1] iter=740 elapsed=14.0min DP_ok=443 DP_fail=297 accepted=442 rate=53.0/min state=120.2774 best=118.5255 kick=4 stale=193
[c3] iter=705 elapsed=14.0min DP_ok=457 DP_fail=248 accepted=450 rate=50.5/min state=123.9710 best=117.1256 kick=5 stale=203
[c1] iter=745 elapsed=14.1min DP_ok=447 DP_fail=298 accepted=446 rate=53.0/min state=119.3274 best=118.5255 kick=4 stale=197
[c0] iter=745 elapsed=14.1min DP_ok=438 DP_fail=307 accepted=432 rate=52.9/min state=123.1752 best=116.3755 kick=4 stale=186
[c3] iter=715 elapsed=14.2min DP_ok=464 DP_fail=251 accepted=455 rate=50.4/min state=123.9710 best=117.1256 kick=5 stale=210
[c0] iter=750 elapsed=14.2min DP_ok=442 DP_fail=308 accepted=436 rate=52.8/min state=123.1752 best=116.3755 kick=4 stale=190
[c2] iter=735 elapsed=14.3min DP_ok=458 DP_fail=277 accepted=452 rate=51.5/min state=122.7253 best=116.3755 kick=5 stale=207
[c1] iter=755 elapsed=14.3min DP_ok=453 DP_fail=302 accepted=452 rate=52.8/min state=123.2781 best=118.5255 kick=5 stale=203
[c0] iter=755 elapsed=14.3min DP_ok=446 DP_fail=309 accepted=440 rate=52.8/min state=123.1752 best=116.3755 kick=4 stale=194
[c1] iter=760 elapsed=14.4min DP_ok=457 DP_fail=303 accepted=456 rate=52.7/min state=123.2781 best=118.5255 kick=5 stale=207
[c2] iter=745 elapsed=14.4min DP_ok=462 DP_fail=283 accepted=456 rate=51.6/min state=122.7253 best=116.3755 kick=5 stale=211
[c0] iter=765 elapsed=14.4min DP_ok=451 DP_fail=314 accepted=445 rate=53.0/min state=123.1752 best=116.3755 kick=4 stale=199
[c1] iter=765 elapsed=14.5min DP_ok=460 DP_fail=305 accepted=459 rate=52.7/min state=123.2781 best=118.5255 kick=5 stale=210
/home/julian/Projects/esa_spoc_26_3/scripts/ch2_e617_dp_alns_cheapest_repair.py:97: RuntimeWarning: invalid value encountered in scalar subtract
  c = rank[a, x] + rank[x, b] - rank[a, b]
[c0] iter=785 elapsed=14.7min DP_ok=459 DP_fail=326 accepted=452 rate=53.3/min state=123.1752 best=116.3755 kick=5 stale=207
[c1] iter=775 elapsed=14.7min DP_ok=467 DP_fail=308 accepted=466 rate=52.6/min state=123.2781 best=118.5255 kick=5 stale=217
[c2] iter=760 elapsed=14.7min DP_ok=471 DP_fail=289 accepted=465 rate=51.5/min state=123.1752 best=116.3755 kick=5 stale=220
[c3] iter=755 elapsed=14.8min DP_ok=482 DP_fail=273 accepted=473 rate=51.1/min state=123.9710 best=117.1256 kick=5 stale=228
[c1] iter=780 elapsed=14.9min DP_ok=471 DP_fail=309 accepted=470 rate=52.5/min state=123.2781 best=118.5255 kick=5 stale=221
[c3] iter=760 elapsed=14.9min DP_ok=486 DP_fail=274 accepted=477 rate=51.0/min state=123.9710 best=117.1256 kick=5 stale=232
[c2] iter=765 elapsed=14.9min DP_ok=476 DP_fail=289 accepted=469 rate=51.4/min state=123.1752 best=116.3755 kick=5 stale=225
[c1] iter=785 elapsed=14.9min DP_ok=474 DP_fail=311 accepted=473 rate=52.5/min state=123.2781 best=118.5255 kick=5 stale=224
[c3] iter=765 elapsed=15.0min DP_ok=489 DP_fail=276 accepted=480 rate=51.0/min state=123.9710 best=117.1256 kick=5 stale=235
[c2] iter=770 elapsed=15.0min DP_ok=479 DP_fail=291 accepted=472 rate=51.3/min state=123.1752 best=116.3755 kick=5 stale=228
[c1] iter=790 elapsed=15.0min DP_ok=476 DP_fail=314 accepted=475 rate=52.6/min state=123.2781 best=118.5255 kick=5 stale=226
[c0] iter=805 elapsed=15.1min DP_ok=470 DP_fail=335 accepted=461 rate=53.4/min state=123.1752 best=116.3755 kick=5 stale=218
[c3] iter=770 elapsed=15.1min DP_ok=492 DP_fail=278 accepted=483 rate=51.1/min state=123.9710 best=117.1256 kick=5 stale=238
[c2] iter=780 elapsed=15.1min DP_ok=483 DP_fail=297 accepted=476 rate=51.5/min state=123.1752 best=116.3755 kick=5 stale=232
[c1] iter=795 elapsed=15.2min DP_ok=479 DP_fail=316 accepted=478 rate=52.4/min state=123.2781 best=118.5255 kick=5 stale=229
[c0] iter=810 elapsed=15.2min DP_ok=473 DP_fail=337 accepted=464 rate=53.4/min state=123.1752 best=116.3755 kick=5 stale=221
[c3] iter=775 elapsed=15.2min DP_ok=496 DP_fail=279 accepted=487 rate=50.9/min state=123.9710 best=117.1256 kick=5 stale=242
[c2] iter=785 elapsed=15.3min DP_ok=488 DP_fail=297 accepted=481 rate=51.4/min state=123.1752 best=116.3755 kick=5 stale=237
[c1] iter=800 elapsed=15.3min DP_ok=483 DP_fail=317 accepted=482 rate=52.3/min state=123.2781 best=118.5255 kick=5 stale=233
[c2] iter=790 elapsed=15.4min DP_ok=490 DP_fail=300 accepted=482 rate=51.3/min state=123.1752 best=116.3755 kick=5 stale=239
[c1] iter=810 elapsed=15.5min DP_ok=488 DP_fail=322 accepted=487 rate=52.4/min state=123.2781 best=118.5255 kick=5 stale=238
[c0] iter=825 elapsed=15.5min DP_ok=483 DP_fail=342 accepted=473 rate=53.2/min state=123.1752 best=116.3755 kick=5 stale=231
[c3] iter=795 elapsed=15.6min DP_ok=507 DP_fail=288 accepted=495 rate=51.1/min state=117.1256 best=117.1256 kick=3 stale=3
[c1] iter=825 elapsed=15.6min DP_ok=493 DP_fail=332 accepted=492 rate=52.8/min state=123.2781 best=118.5255 kick=5 stale=243
/home/julian/Projects/esa_spoc_26_3/scripts/ch2_e617_dp_alns_cheapest_repair.py:113: RuntimeWarning: invalid value encountered in scalar subtract
  c = rank[a, x] + rank[x, b] - rank[a, b]
[c1] iter=830 elapsed=15.7min DP_ok=495 DP_fail=335 accepted=494 rate=52.8/min state=123.2781 best=118.5255 kick=5 stale=245
[c2] iter=810 elapsed=15.7min DP_ok=501 DP_fail=309 accepted=492 rate=51.4/min state=116.3755 best=116.3755 kick=3 stale=0
[c3] iter=805 elapsed=15.8min DP_ok=513 DP_fail=292 accepted=501 rate=51.1/min state=117.1256 best=117.1256 kick=3 stale=9
[c1] iter=840 elapsed=15.8min DP_ok=498 DP_fail=342 accepted=497 rate=53.1/min state=123.2781 best=118.5255 kick=5 stale=248
[c3] iter=810 elapsed=15.9min DP_ok=517 DP_fail=293 accepted=505 rate=51.0/min state=117.1256 best=117.1256 kick=3 stale=13
[c1] iter=845 elapsed=15.9min DP_ok=501 DP_fail=344 accepted=500 rate=53.1/min state=118.9755 best=118.5255 kick=3 stale=1
[c3] iter=815 elapsed=15.9min DP_ok=518 DP_fail=297 accepted=506 rate=51.2/min state=117.1256 best=117.1256 kick=3 stale=14
[c1] iter=850 elapsed=16.0min DP_ok=504 DP_fail=346 accepted=503 rate=53.1/min state=118.9755 best=118.5255 kick=3 stale=4
[c2] iter=825 elapsed=16.0min DP_ok=508 DP_fail=317 accepted=499 rate=51.6/min state=117.0755 best=116.3755 kick=3 stale=7
[c3] iter=820 elapsed=16.0min DP_ok=521 DP_fail=299 accepted=509 rate=51.3/min state=117.1256 best=117.1256 kick=3 stale=17
[c2] iter=830 elapsed=16.1min DP_ok=510 DP_fail=320 accepted=501 rate=51.7/min state=117.0755 best=116.3755 kick=3 stale=9
[c1] iter=855 elapsed=16.1min DP_ok=506 DP_fail=349 accepted=505 rate=53.2/min state=118.9755 best=118.5255 kick=3 stale=6
[c3] iter=825 elapsed=16.1min DP_ok=525 DP_fail=300 accepted=513 rate=51.2/min state=117.1256 best=117.1256 kick=3 stale=21
[c0] iter=855 elapsed=16.1min DP_ok=502 DP_fail=353 accepted=492 rate=53.0/min state=116.3755 best=116.3755 kick=3 stale=0
[c1] iter=860 elapsed=16.1min DP_ok=508 DP_fail=352 accepted=507 rate=53.3/min state=119.3274 best=118.5255 kick=3 stale=8
[c0] iter=860 elapsed=16.2min DP_ok=505 DP_fail=355 accepted=495 rate=53.1/min state=119.4255 best=116.3755 kick=3 stale=3
[c1] iter=865 elapsed=16.2min DP_ok=510 DP_fail=355 accepted=509 rate=53.3/min state=119.3274 best=118.5255 kick=3 stale=10
[c2] iter=840 elapsed=16.3min DP_ok=515 DP_fail=325 accepted=506 rate=51.7/min state=117.1256 best=116.3755 kick=3 stale=14
[c0] iter=865 elapsed=16.3min DP_ok=509 DP_fail=356 accepted=499 rate=53.0/min state=119.4255 best=116.3755 kick=3 stale=7
[c2] iter=845 elapsed=16.3min DP_ok=518 DP_fail=327 accepted=509 rate=51.7/min state=117.1256 best=116.3755 kick=3 stale=17
[c0] iter=870 elapsed=16.5min DP_ok=514 DP_fail=356 accepted=504 rate=52.8/min state=119.4255 best=116.3755 kick=3 stale=12
[c1] iter=880 elapsed=16.6min DP_ok=521 DP_fail=359 accepted=520 rate=53.1/min state=123.2781 best=118.5255 kick=3 stale=21
[c3] iter=855 elapsed=16.6min DP_ok=539 DP_fail=316 accepted=526 rate=51.6/min state=117.1256 best=117.1256 kick=3 stale=35
[c0] iter=875 elapsed=16.6min DP_ok=517 DP_fail=358 accepted=507 rate=52.7/min state=119.4255 best=116.3755 kick=3 stale=15
[c2] iter=860 elapsed=16.6min DP_ok=526 DP_fail=334 accepted=516 rate=51.8/min state=117.1256 best=116.3755 kick=3 stale=25
[c1] iter=885 elapsed=16.6min DP_ok=524 DP_fail=361 accepted=523 rate=53.2/min state=123.2781 best=118.5255 kick=3 stale=24
[c2] iter=865 elapsed=16.7min DP_ok=528 DP_fail=337 accepted=518 rate=51.9/min state=117.1256 best=116.3755 kick=3 stale=27
[c3] iter=860 elapsed=16.7min DP_ok=543 DP_fail=317 accepted=530 rate=51.5/min state=117.1256 best=117.1256 kick=3 stale=39
[c0] iter=885 elapsed=16.7min DP_ok=522 DP_fail=363 accepted=512 rate=52.9/min state=119.4255 best=116.3755 kick=3 stale=20
[c3] iter=870 elapsed=16.8min DP_ok=547 DP_fail=323 accepted=534 rate=51.8/min state=123.1752 best=117.1256 kick=3 stale=43
[c1] iter=900 elapsed=17.0min DP_ok=533 DP_fail=367 accepted=532 rate=53.1/min state=123.2781 best=118.5255 kick=3 stale=33
[c0] iter=900 elapsed=17.0min DP_ok=529 DP_fail=371 accepted=519 rate=53.0/min state=119.4255 best=116.3755 kick=3 stale=27
[c2] iter=885 elapsed=17.0min DP_ok=540 DP_fail=345 accepted=530 rate=51.9/min state=119.4255 best=116.3755 kick=3 stale=39
[c1] iter=905 elapsed=17.1min DP_ok=536 DP_fail=369 accepted=535 rate=53.0/min state=123.2781 best=118.5255 kick=3 stale=36
[c0] iter=905 elapsed=17.1min DP_ok=532 DP_fail=373 accepted=522 rate=52.9/min state=119.4255 best=116.3755 kick=3 stale=30
[c1] iter=915 elapsed=17.2min DP_ok=539 DP_fail=376 accepted=538 rate=53.3/min state=123.2781 best=118.5255 kick=3 stale=39
[c2] iter=895 elapsed=17.2min DP_ok=546 DP_fail=349 accepted=536 rate=52.0/min state=119.4255 best=116.3755 kick=3 stale=45
[c0] iter=915 elapsed=17.3min DP_ok=536 DP_fail=379 accepted=526 rate=53.0/min state=119.4255 best=116.3755 kick=3 stale=34
[c3] iter=890 elapsed=17.3min DP_ok=560 DP_fail=330 accepted=547 rate=51.4/min state=123.1752 best=117.1256 kick=3 stale=56
[c1] iter=930 elapsed=17.4min DP_ok=546 DP_fail=384 accepted=545 rate=53.6/min state=123.2781 best=118.5255 kick=3 stale=46
[c2] iter=900 elapsed=17.4min DP_ok=551 DP_fail=349 accepted=541 rate=51.8/min state=119.4255 best=116.3755 kick=3 stale=50
[c1] iter=935 elapsed=17.4min DP_ok=549 DP_fail=386 accepted=548 rate=53.6/min state=123.2781 best=118.5255 kick=3 stale=49
[c3] iter=905 elapsed=17.5min DP_ok=568 DP_fail=337 accepted=555 rate=51.6/min state=123.1752 best=117.1256 kick=3 stale=64
[c1] iter=940 elapsed=17.6min DP_ok=552 DP_fail=388 accepted=551 rate=53.5/min state=123.2781 best=118.5255 kick=3 stale=52
[c1] iter=945 elapsed=17.7min DP_ok=555 DP_fail=390 accepted=554 rate=53.4/min state=123.2781 best=118.5255 kick=3 stale=55
[c1] iter=950 elapsed=17.8min DP_ok=559 DP_fail=391 accepted=558 rate=53.3/min state=123.2781 best=118.5255 kick=3 stale=59
[c3] iter=920 elapsed=17.8min DP_ok=575 DP_fail=345 accepted=562 rate=51.6/min state=123.1752 best=117.1256 kick=3 stale=71
[c2] iter=930 elapsed=17.8min DP_ok=563 DP_fail=367 accepted=553 rate=52.1/min state=119.4255 best=116.3755 kick=3 stale=62
[c1] iter=955 elapsed=17.9min DP_ok=563 DP_fail=392 accepted=562 rate=53.3/min state=123.2781 best=118.5255 kick=3 stale=63
[c0] iter=955 elapsed=18.0min DP_ok=555 DP_fail=400 accepted=545 rate=53.2/min state=123.1752 best=116.3755 kick=3 stale=53
[c2] iter=935 elapsed=18.0min DP_ok=567 DP_fail=368 accepted=557 rate=52.1/min state=119.4255 best=116.3755 kick=3 stale=66
[c0] iter=965 elapsed=18.1min DP_ok=559 DP_fail=406 accepted=549 rate=53.3/min state=123.1752 best=116.3755 kick=3 stale=57
[c1] iter=965 elapsed=18.1min DP_ok=571 DP_fail=394 accepted=570 rate=53.2/min state=123.2781 best=118.5255 kick=3 stale=71
[c3] iter=935 elapsed=18.2min DP_ok=584 DP_fail=351 accepted=571 rate=51.5/min state=123.1752 best=117.1256 kick=3 stale=80
[c0] iter=970 elapsed=18.2min DP_ok=564 DP_fail=406 accepted=554 rate=53.2/min state=123.1752 best=116.3755 kick=3 stale=62
[c3] iter=940 elapsed=18.3min DP_ok=588 DP_fail=352 accepted=574 rate=51.5/min state=123.1752 best=117.1256 kick=3 stale=84
[c1] iter=970 elapsed=18.3min DP_ok=575 DP_fail=395 accepted=574 rate=53.1/min state=123.2781 best=118.5255 kick=3 stale=75
[c2] iter=950 elapsed=18.3min DP_ok=578 DP_fail=372 accepted=568 rate=51.9/min state=119.4255 best=116.3755 kick=3 stale=77
[c0] iter=975 elapsed=18.3min DP_ok=566 DP_fail=409 accepted=556 rate=53.2/min state=123.1752 best=116.3755 kick=3 stale=64
