[E-710 M2] fine-tof beam W=60 K=18; giant n=601; 8 seed start(s)
[E-710 M2] positive control: depth1 expanded to 128 successors [0s]
  depth 2: |beam|=60 best_depth=2 min_t=0.0d (d/leg 0.050) [0s]
  depth 3: |beam|=60 best_depth=3 min_t=0.3d (d/leg 0.136) [5s]
  depth 4: |beam|=60 best_depth=4 min_t=0.4d (d/leg 0.143) [10s]
  depth 5: |beam|=60 best_depth=5 min_t=0.6d (d/leg 0.142) [14s]
  depth 21: |beam|=60 best_depth=21 min_t=4.5d (d/leg 0.224) [100s]
  depth 41: |beam|=60 best_depth=41 min_t=9.4d (d/leg 0.234) [224s]
  depth 61: |beam|=60 best_depth=61 min_t=13.6d (d/leg 0.227) [361s]
  depth 81: |beam|=60 best_depth=81 min_t=17.8d (d/leg 0.223) [503s]
  depth 101: |beam|=60 best_depth=101 min_t=22.8d (d/leg 0.228) [648s]
  depth 121: |beam|=60 best_depth=121 min_t=27.7d (d/leg 0.231) [773s]
  depth 141: |beam|=60 best_depth=141 min_t=35.9d (d/leg 0.257) [880s]
  depth 161: |beam|=60 best_depth=161 min_t=52.5d (d/leg 0.328) [924s]
  depth 181: |beam|=60 best_depth=181 min_t=60.3d (d/leg 0.335) [1019s]
  depth 201: |beam|=60 best_depth=201 min_t=64.8d (d/leg 0.324) [1136s]
  depth 221: |beam|=60 best_depth=221 min_t=68.5d (d/leg 0.311) [1249s]
  depth 241: |beam|=60 best_depth=241 min_t=72.6d (d/leg 0.303) [1379s]
  depth 261: |beam|=60 best_depth=261 min_t=77.3d (d/leg 0.297) [1506s]
  depth 281: |beam|=60 best_depth=281 min_t=82.5d (d/leg 0.294) [1626s]
  depth 301: |beam|=60 best_depth=301 min_t=92.1d (d/leg 0.307) [1693s]
  depth 321: |beam|=60 best_depth=321 min_t=110.3d (d/leg 0.345) [1722s]
  depth 341: |beam|=60 best_depth=341 min_t=135.0d (d/leg 0.397) [1753s]
  depth 361: |beam|=60 best_depth=361 min_t=154.4d (d/leg 0.429) [1793s]
  depth 381: |beam|=60 best_depth=381 min_t=173.2d (d/leg 0.456) [1856s]
  depth 401: |beam|=60 best_depth=401 min_t=178.2d (d/leg 0.445) [1966s]
  depth 421: |beam|=60 best_depth=421 min_t=183.1d (d/leg 0.436) [2075s]
  depth 441: |beam|=60 best_depth=441 min_t=186.8d (d/leg 0.425) [2186s]
  depth 461: |beam|=60 best_depth=461 min_t=191.0d (d/leg 0.415) [2321s]
  depth 481: |beam|=60 best_depth=481 min_t=197.8d (d/leg 0.412) [2459s]
  depth 501: |beam|=60 best_depth=501 min_t=206.3d (d/leg 0.413) [2535s]
  depth 521: |beam|=55 best_depth=521 min_t=219.7d (d/leg 0.423) [2571s]
  depth 541: |beam|=60 best_depth=541 min_t=253.3d (d/leg 0.469) [2584s]
[E-710 M2] beam stranded at depth 558 (no successor from any of 25 states)

[E-710 M2] DONE: deepest order 558/601 cities, makespan 283.0d (d/leg 0.508); rank-1=424.62, prior greedy wall=367 [2594s]
[E-710 M2] beam threads 558/601 (past the 367 wall) -> lookahead helps; widen W/K.
