[E-710 M2] fine-tof beam W=100 K=22; giant n=601; 8 seed start(s)
[E-710 M2] positive control: depth1 expanded to 152 successors [1s]
  depth 2: |beam|=100 best_depth=2 min_t=0.0d (d/leg 0.036) [1s]
  depth 3: |beam|=100 best_depth=3 min_t=0.1d (d/leg 0.075) [10s]
  depth 4: |beam|=100 best_depth=4 min_t=0.2d (d/leg 0.079) [20s]
  depth 5: |beam|=100 best_depth=5 min_t=0.4d (d/leg 0.098) [30s]
  depth 21: |beam|=100 best_depth=21 min_t=3.9d (d/leg 0.197) [217s]
  depth 41: |beam|=100 best_depth=41 min_t=8.1d (d/leg 0.201) [479s]
  depth 61: |beam|=100 best_depth=61 min_t=12.2d (d/leg 0.203) [749s]
  depth 81: |beam|=100 best_depth=81 min_t=16.2d (d/leg 0.202) [1071s]
  depth 101: |beam|=100 best_depth=101 min_t=20.7d (d/leg 0.207) [1354s]
  depth 121: |beam|=100 best_depth=121 min_t=25.3d (d/leg 0.211) [1563s]
  depth 141: |beam|=100 best_depth=141 min_t=35.0d (d/leg 0.250) [1697s]
  depth 161: |beam|=100 best_depth=161 min_t=52.4d (d/leg 0.328) [1776s]
  depth 181: |beam|=100 best_depth=181 min_t=58.3d (d/leg 0.324) [1991s]
  depth 201: |beam|=100 best_depth=201 min_t=61.8d (d/leg 0.309) [2232s]
  depth 221: |beam|=100 best_depth=221 min_t=66.7d (d/leg 0.303) [2481s]
  depth 241: |beam|=100 best_depth=241 min_t=70.8d (d/leg 0.295) [2747s]
  depth 261: |beam|=100 best_depth=261 min_t=74.7d (d/leg 0.287) [3000s]
  depth 281: |beam|=99 best_depth=281 min_t=80.1d (d/leg 0.286) [3158s]
  depth 301: |beam|=100 best_depth=301 min_t=91.9d (d/leg 0.306) [3250s]
  depth 321: |beam|=100 best_depth=321 min_t=116.2d (d/leg 0.363) [3321s]
  depth 341: |beam|=100 best_depth=341 min_t=137.1d (d/leg 0.403) [3390s]
  depth 361: |beam|=100 best_depth=361 min_t=157.3d (d/leg 0.437) [3521s]
  depth 381: |beam|=100 best_depth=381 min_t=162.3d (d/leg 0.427) [3767s]
  depth 401: |beam|=100 best_depth=401 min_t=165.9d (d/leg 0.415) [4028s]
  depth 421: |beam|=100 best_depth=421 min_t=170.4d (d/leg 0.406) [4290s]
  depth 441: |beam|=100 best_depth=441 min_t=174.4d (d/leg 0.396) [4523s]
  depth 461: |beam|=100 best_depth=461 min_t=180.7d (d/leg 0.393) [4672s]
  depth 481: |beam|=100 best_depth=481 min_t=189.6d (d/leg 0.395) [4762s]
  depth 501: |beam|=67 best_depth=501 min_t=207.4d (d/leg 0.415) [4812s]
  depth 521: |beam|=100 best_depth=521 min_t=232.1d (d/leg 0.446) [4850s]
[E-710 M2] beam stranded at depth 540 (no successor from any of 65 states)

[E-710 M2] DONE: deepest order 540/601 cities, makespan 258.9d (d/leg 0.480); rank-1=424.62, prior greedy wall=367 [4868s]
[E-710 M2] beam threads 540/601 (past the 367 wall) -> lookahead helps; widen W/K.
