[s2]   greedy step 50/600 ep=12 (0s)
[s2]   greedy step 100/600 ep=27 (0s)
[s2]   greedy step 150/600 ep=39 (0s)
[s2] greedy-NN failed to complete
[s1]   greedy step 50/600 ep=13 (0s)
[s1]   greedy step 100/600 ep=28 (0s)
[s1]   greedy step 150/600 ep=43 (0s)
[s1] greedy-NN failed to complete
[s3]   greedy step 50/600 ep=15 (0s)
[s3]   greedy step 100/600 ep=38 (0s)
[s3]   greedy step 150/600 ep=66 (0s)
[s3] greedy-NN failed to complete
  [bank] leg 100/600 ep=153 (15s c1300)
  [bank] leg 200/600 ep=310 (40s c2600)
  [bank] leg 300/600 ep=433 (51s c3900)
  [bank] leg 400/600 ep=623 (77s c5200)
  [bank] leg 500/600 ep=756 (93s c6500)
[s2] SA start from bank-giant mk=913.7
[s3] SA start from bank-giant mk=913.7
[s1] SA start from bank-giant mk=913.7
  [bank] leg 600/600 ep=914 (124s c7800)
[s0] bank-giant baseline = 913.7d (601 legs, 1.53d/leg; min-tof~0.15)
[s0]   greedy step 50/600 ep=15 (0s)
[s0]   greedy step 100/600 ep=27 (0s)
[s0]   greedy step 150/600 ep=41 (0s)
[s0]   greedy step 200/600 ep=87 (0s)
[s0]   greedy step 250/600 ep=99 (0s)
[s0]   greedy step 300/600 ep=113 (0s)
[s0]   greedy step 350/600 ep=137 (0s)
[s0] greedy-NN failed to complete
[s0] SA start from bank-giant mk=913.7
