[s2]   greedy step 50/600 ep=391 (0s)
[s1]   greedy step 50/600 ep=392 (0s)
[s2]   greedy step 100/600 ep=791 (0s)
[s1]   greedy step 100/600 ep=791 (0s)
[s2]   greedy step 150/600 ep=965 (0s)
[s2] greedy-NN failed to complete
[s1]   greedy step 150/600 ep=966 (0s)
[s1]   greedy step 200/600 ep=1019 (0s)
[s1]   greedy step 250/600 ep=1032 (0s)
[s1]   greedy step 300/600 ep=1044 (0s)
[s1]   greedy step 350/600 ep=1060 (0s)
[s1] greedy-NN failed to complete
[s3]   greedy step 50/600 ep=391 (0s)
[s3]   greedy step 100/600 ep=790 (0s)
[s3]   greedy step 150/600 ep=982 (0s)
[s3]   greedy step 200/600 ep=1001 (0s)
[s3]   greedy step 250/600 ep=1014 (0s)
[s3]   greedy step 300/600 ep=1026 (0s)
[s3]   greedy step 350/600 ep=1080 (0s)
[s3] greedy-NN failed to complete
  [bank] leg 100/600 ep=153 (2s c400)
  [bank] leg 200/600 ep=311 (4s c800)
  [bank] leg 300/600 ep=433 (5s c1200)
  [bank] leg 400/600 ep=624 (8s c1600)
  [bank] leg 500/600 ep=757 (10s c2000)
[s1] SA start from bank-giant mk=913.7
[s3] SA start from bank-giant mk=913.7
  [bank] leg 600/600 ep=914 (14s c2400)
[s0] bank-giant baseline = 913.7d (601 legs, 1.53d/leg; min-tof~0.15)
[s0]   greedy step 50/600 ep=391 (0s)
[s0]   greedy step 100/600 ep=791 (0s)
[s0]   greedy step 150/600 ep=966 (0s)
[s0] greedy-NN failed to complete
[s0] SA start from bank-giant mk=913.7
[s2] SA start from bank-giant mk=913.7
[s0] it=5 cur=913.7 best=913.7 T=8.00 [28s]
[s3] it=10 cur=917.4 best=913.7 T=8.00 [59s]
[s3] it=15 cur=916.8 best=913.7 T=8.00 [80s]
[s0] it=40 cur=917.5 best=913.7 T=8.00 [209s]
[s3] it=40 cur=915.5 best=913.7 T=8.00 [219s]
[s3] it=45 cur=916.8 best=913.7 T=8.00 [245s]
[s2] it=45 cur=916.8 best=913.7 T=8.00 [254s]
[s2] it=50 cur=916.8 best=913.7 T=8.00 [284s]
[s0] it=60 cur=917.5 best=913.7 T=8.00 [307s]
[s2] it=60 cur=916.8 best=913.7 T=8.00 [346s]
[s1] it=65 cur=928.8 best=913.7 T=7.99 [367s]
[s1] it=70 cur=927.8 best=913.7 T=7.99 [389s]
[s2] it=90 cur=923.0 best=913.7 T=7.99 [483s]
[s3] it=110 cur=919.3 best=913.7 T=7.99 [563s]
[s2] it=110 cur=930.7 best=913.7 T=7.99 [593s]
[s2] it=120 cur=928.8 best=913.7 T=7.99 [640s]
[s1] it=120 cur=942.1 best=913.7 T=7.99 [669s]
[s2] it=140 cur=930.7 best=913.7 T=7.99 [746s]
[s0] it=145 cur=923.0 best=913.7 T=7.99 [748s]
[s1] it=135 cur=942.1 best=913.7 T=7.99 [751s]
[s2] it=145 cur=934.4 best=913.7 T=7.99 [770s]
[s1] it=140 cur=931.6 best=913.7 T=7.99 [783s]
[s2] it=155 cur=936.3 best=913.7 T=7.99 [820s]
[s0] it=160 cur=923.0 best=913.7 T=7.99 [834s]
