[s3]   greedy step 50/600 ep=391 (0s)
[s1]   greedy step 50/600 ep=392 (0s)
[s3]   greedy step 100/600 ep=790 (0s)
[s1]   greedy step 100/600 ep=791 (0s)
[s3]   greedy step 150/600 ep=982 (0s)
[s1]   greedy step 150/600 ep=966 (0s)
[s1]   greedy step 200/600 ep=1019 (0s)
[s3]   greedy step 200/600 ep=1001 (0s)
[s1]   greedy step 250/600 ep=1032 (0s)
[s3]   greedy step 250/600 ep=1014 (0s)
[s1]   greedy step 300/600 ep=1044 (0s)
[s3]   greedy step 300/600 ep=1026 (0s)
[s3]   greedy step 350/600 ep=1080 (0s)
[s3] greedy-NN failed to complete
[s1]   greedy step 350/600 ep=1060 (0s)
[s1] greedy-NN failed to complete
[s2]   greedy step 50/600 ep=391 (0s)
[s2]   greedy step 100/600 ep=791 (0s)
[s2]   greedy step 150/600 ep=965 (0s)
[s2] greedy-NN failed to complete
  [bank] leg 100/600 ep=153 (2s c400)
  [bank] leg 200/600 ep=311 (4s c800)
  [bank] leg 300/600 ep=433 (5s c1200)
  [bank] leg 400/600 ep=624 (8s c1600)
  [bank] leg 500/600 ep=757 (10s c2000)
  [bank] leg 600/600 ep=914 (13s c2400)
[s0] bank-giant baseline = 913.7d (601 legs, 1.53d/leg; min-tof~0.15)
[s0]   greedy step 50/600 ep=391 (0s)
[s0]   greedy step 100/600 ep=791 (0s)
[s0]   greedy step 150/600 ep=966 (0s)
[s0] greedy-NN failed to complete
[s0] SA start from bank-giant mk=913.7
[s1] SA start from bank-giant mk=913.7
[s2] SA start from bank-giant mk=913.7
[s3] SA start from bank-giant mk=913.7
[s0] it=5 cur=913.7 best=913.7 T=8.00 [28s]
[s3] it=10 cur=917.4 best=913.7 T=8.00 [60s]
[s3] it=15 cur=916.8 best=913.7 T=8.00 [81s]
[s0] it=40 cur=917.5 best=913.7 T=8.00 [205s]
[s3] it=40 cur=915.5 best=913.7 T=8.00 [215s]
[s3] it=45 cur=916.8 best=913.7 T=8.00 [241s]
[s2] it=45 cur=916.8 best=913.7 T=8.00 [255s]
[s2] it=50 cur=916.8 best=913.7 T=8.00 [284s]
[s0] it=60 cur=917.5 best=913.7 T=8.00 [303s]
[s2] it=60 cur=916.8 best=913.7 T=8.00 [347s]
[s1] it=65 cur=928.8 best=913.7 T=7.99 [361s]
[s1] it=70 cur=927.8 best=913.7 T=7.99 [383s]
[s2] it=90 cur=923.0 best=913.7 T=7.99 [484s]
[s3] it=110 cur=919.3 best=913.7 T=7.99 [561s]
[s2] it=110 cur=930.7 best=913.7 T=7.99 [595s]
[s2] it=120 cur=928.8 best=913.7 T=7.99 [642s]
[s1] it=120 cur=942.1 best=913.7 T=7.99 [662s]
[s1] it=135 cur=942.1 best=913.7 T=7.99 [744s]
[s0] it=145 cur=923.0 best=913.7 T=7.99 [745s]
[s2] it=140 cur=930.7 best=913.7 T=7.99 [749s]
[s2] it=145 cur=934.4 best=913.7 T=7.99 [772s]
[s1] it=140 cur=931.6 best=913.7 T=7.99 [774s]
[s2] it=155 cur=936.3 best=913.7 T=7.99 [821s]
[s0] it=160 cur=923.0 best=913.7 T=7.99 [827s]
[s2] it=170 cur=934.4 best=913.7 T=7.99 [900s]
[s0] it=180 cur=926.9 best=913.7 T=7.99 [927s]
[s1] it=170 cur=944.0 best=913.7 T=7.98 [930s]
[s3] it=195 cur=931.6 best=913.7 T=7.98 [980s]
[s1] it=185 cur=949.6 best=913.7 T=7.98 [988s]
[s2] it=190 cur=940.2 best=913.7 T=7.98 [998s]
[s0] it=190 cur=927.8 best=913.7 T=7.98 [1002s]
[s3] it=210 cur=932.5 best=913.7 T=7.98 [1057s]
[s3] it=215 cur=934.4 best=913.7 T=7.98 [1095s]
[s2] it=210 cur=949.6 best=913.7 T=7.98 [1098s]
[s2] it=215 cur=944.0 best=913.7 T=7.98 [1125s]
[s0] it=215 cur=928.8 best=913.7 T=7.98 [1129s]
[s1] it=215 cur=949.7 best=913.7 T=7.98 [1153s]
[s0] it=235 cur=934.4 best=913.7 T=7.98 [1250s]
[s3] it=245 cur=936.3 best=913.7 T=7.98 [1253s]
[s2] it=245 cur=942.1 best=913.7 T=7.98 [1271s]
[s3] it=250 cur=941.1 best=913.7 T=7.98 [1276s]
[s1] it=255 cur=950.7 best=913.7 T=7.97 [1335s]
[s3] it=275 cur=941.1 best=913.7 T=7.98 [1395s]
[s0] it=270 cur=933.5 best=913.7 T=7.98 [1434s]
[s2] it=280 cur=940.2 best=913.7 T=7.98 [1439s]
[s1] it=280 cur=949.7 best=913.7 T=7.97 [1469s]
[s3] it=300 cur=940.2 best=913.7 T=7.97 [1512s]
[s0] it=290 cur=940.2 best=913.7 T=7.97 [1527s]
[s3] it=310 cur=940.2 best=913.7 T=7.97 [1565s]
[s1] it=300 cur=949.6 best=913.7 T=7.97 [1566s]
[s3] it=315 cur=945.9 best=913.7 T=7.97 [1595s]
[s1] it=305 cur=949.6 best=913.7 T=7.97 [1603s]
[s0] it=320 cur=958.1 best=913.7 T=7.97 [1674s]
[s3] it=330 cur=945.9 best=913.7 T=7.97 [1684s]
[s1] it=355 cur=958.1 best=913.7 T=7.97 [1835s]
[s3] it=365 cur=945.8 best=913.7 T=7.97 [1865s]
[s1] it=375 cur=961.9 best=913.7 T=7.97 [1935s]
[s1] it=400 cur=966.7 best=913.7 T=7.96 [2049s]
[s2] it=395 cur=973.2 best=913.7 T=7.96 [2048s]
[s0] it=390 cur=963.8 best=913.7 T=7.97 [2070s]
[s3] it=410 cur=951.6 best=913.7 T=7.96 [2089s]
[s3] it=440 cur=969.6 best=913.7 T=7.96 [2224s]
[s1] it=435 cur=987.1 best=913.7 T=7.96 [2252s]
[s2] it=440 cur=981.6 best=913.7 T=7.96 [2312s]
[s1] it=450 cur=987.1 best=913.7 T=7.96 [2326s]
[s3] it=460 cur=976.8 best=913.7 T=7.96 [2338s]
[s2] it=450 cur=990.8 best=913.7 T=7.96 [2374s]
[s0] it=455 cur=961.9 best=913.7 T=7.96 [2409s]
[s3] it=475 cur=981.6 best=913.7 T=7.96 [2427s]
[s2] it=465 cur=992.0 best=913.7 T=7.96 [2455s]
[s3] it=480 cur=981.6 best=913.7 T=7.96 [2455s]
[s1] it=475 cur=1012.5 best=913.7 T=7.96 [2468s]
[s1] it=490 cur=1012.5 best=913.7 T=7.95 [2539s]
[s3] it=495 cur=988.9 best=913.7 T=7.95 [2544s]
[s2] it=485 cur=992.8 best=913.7 T=7.95 [2567s]
[s0] it=495 cur=978.8 best=913.7 T=7.96 [2633s]
[s0] it=500 cur=986.2 best=913.7 T=7.96 [2658s]
[s2] it=500 cur=994.7 best=913.7 T=7.95 [2663s]
[s3] it=520 cur=981.6 best=913.7 T=7.95 [2670s]
[s1] it=515 cur=994.7 best=913.7 T=7.95 [2680s]
[s3] it=525 cur=981.6 best=913.7 T=7.95 [2697s]
[s2] it=505 cur=994.7 best=913.7 T=7.95 [2704s]
[s3] it=530 cur=981.6 best=913.7 T=7.95 [2719s]
[s1] it=530 cur=994.7 best=913.7 T=7.95 [2764s]
[s2] it=520 cur=994.7 best=913.7 T=7.95 [2768s]
[s3] it=540 cur=981.6 best=913.7 T=7.95 [2775s]
[s2] it=525 cur=994.7 best=913.7 T=7.95 [2797s]
[s0] it=540 cur=986.2 best=913.7 T=7.95 [2886s]
[s0] it=550 cur=986.2 best=913.7 T=7.95 [2927s]
[s3] it=570 cur=999.3 best=913.7 T=7.94 [2949s]
[s2] it=570 cur=1002.1 best=913.7 T=7.95 [3022s]
[s0] it=570 cur=987.1 best=913.7 T=7.95 [3027s]
[s2] it=575 cur=1005.8 best=913.7 T=7.94 [3068s]
[s1] it=595 cur=1006.6 best=913.7 T=7.94 [3094s]
[s3] it=600 cur=1002.1 best=913.7 T=7.94 [3100s]
[s3] it=625 cur=1014.4 best=913.7 T=7.94 [3210s]
[s1] it=630 cur=1007.6 best=913.7 T=7.94 [3258s]
[s2] it=615 cur=1010.6 best=913.7 T=7.94 [3287s]
[s1] it=640 cur=1009.5 best=913.7 T=7.94 [3309s]
[s2] it=620 cur=1010.6 best=913.7 T=7.94 [3313s]
[s3] it=650 cur=1024.8 best=913.7 T=7.94 [3316s]
[s1] it=650 cur=1009.5 best=913.7 T=7.94 [3355s]
[s0] it=640 cur=1000.2 best=913.7 T=7.95 [3403s]
[s2] it=645 cur=1010.6 best=913.7 T=7.94 [3434s]
[s2] it=650 cur=1010.6 best=913.7 T=7.94 [3469s]
[s3] it=685 cur=1024.8 best=913.7 T=7.94 [3487s]
[s0] it=660 cur=1005.8 best=913.7 T=7.95 [3498s]
[s0] it=665 cur=1006.6 best=913.7 T=7.94 [3531s]
[s1] it=685 cur=1022.8 best=913.7 T=7.93 [3549s]
[s0] it=670 cur=1006.6 best=913.7 T=7.94 [3562s]
[s3] it=700 cur=1017.1 best=913.7 T=7.93 [3562s]
[s2] it=680 cur=1024.8 best=913.7 T=7.94 [3601s]
[s0] it=690 cur=1006.6 best=913.7 T=7.94 [3658s]
[s2] it=700 cur=1024.8 best=913.7 T=7.94 [3690s]
[s3] it=725 cur=1011.4 best=913.7 T=7.93 [3714s]
[s1] it=715 cur=1030.6 best=913.7 T=7.93 [3729s]
[s0] it=705 cur=1012.5 best=913.7 T=7.94 [3732s]
[s2] it=710 cur=1021.0 best=913.7 T=7.93 [3741s]
[s2] it=715 cur=1021.0 best=913.7 T=7.93 [3765s]
[s3] it=745 cur=1005.9 best=913.7 T=7.93 [3804s]
[s2] it=725 cur=1024.8 best=913.7 T=7.93 [3834s]
[s0] it=725 cur=1012.5 best=913.7 T=7.94 [3847s]
[s2] it=730 cur=1021.0 best=913.7 T=7.93 [3855s]
[s1] it=740 cur=1036.3 best=913.7 T=7.93 [3873s]
[s2] it=735 cur=1021.0 best=913.7 T=7.93 [3888s]
[s2] it=740 cur=1021.0 best=913.7 T=7.93 [3910s]
[s1] it=750 cur=1055.6 best=913.7 T=7.93 [3935s]
[s0] it=745 cur=1012.5 best=913.7 T=7.94 [3958s]
[s3] it=785 cur=1015.2 best=913.7 T=7.93 [4005s]
[s3] it=795 cur=1015.2 best=913.7 T=7.93 [4055s]
[s0] it=765 cur=1012.5 best=913.7 T=7.94 [4073s]
[s0] it=770 cur=1012.5 best=913.7 T=7.94 [4109s]
[s1] it=785 cur=1042.3 best=913.7 T=7.92 [4112s]
[s1] it=790 cur=1055.6 best=913.7 T=7.92 [4135s]
[s1] it=795 cur=1056.5 best=913.7 T=7.92 [4159s]
[s3] it=810 cur=1040.2 best=913.7 T=7.93 [4160s]
[s2] it=795 cur=1012.5 best=913.7 T=7.92 [4173s]
[s0] it=785 cur=1009.5 best=913.7 T=7.94 [4197s]
[s0] it=790 cur=988.9 best=913.7 T=7.94 [4221s]
[s2] it=820 cur=1012.5 best=913.7 T=7.92 [4301s]
[s0] it=810 cur=1012.5 best=913.7 T=7.93 [4316s]
[s3] it=840 cur=1040.2 best=913.7 T=7.93 [4331s]
[s2] it=825 cur=1012.5 best=913.7 T=7.92 [4339s]
[s1] it=830 cur=1087.5 best=913.7 T=7.92 [4349s]
[s0] it=820 cur=1012.5 best=913.7 T=7.93 [4363s]
[s0] it=825 cur=1012.5 best=913.7 T=7.93 [4395s]
[s1] it=840 cur=1087.5 best=913.7 T=7.92 [4414s]
[s1] it=845 cur=1087.5 best=913.7 T=7.92 [4442s]
[s0] it=845 cur=1033.4 best=913.7 T=7.93 [4483s]
[s1] it=855 cur=1056.5 best=913.7 T=7.92 [4486s]
[s0] it=850 cur=1033.4 best=913.7 T=7.93 [4504s]
[s3] it=880 cur=1029.6 best=913.7 T=7.93 [4523s]
[s3] it=890 cur=1029.6 best=913.7 T=7.92 [4570s]
[s2] it=875 cur=1022.8 best=913.7 T=7.92 [4585s]
[s0] it=865 cur=1033.4 best=913.7 T=7.93 [4598s]
[s1] it=880 cur=1056.5 best=913.7 T=7.91 [4613s]
[s0] it=870 cur=1033.4 best=913.7 T=7.93 [4621s]
[s3] it=905 cur=1017.1 best=913.7 T=7.92 [4637s]
[s1] it=890 cur=1056.5 best=913.7 T=7.91 [4658s]
[s0] it=875 cur=1033.4 best=913.7 T=7.93 [4660s]
[s3] it=915 cur=1024.8 best=913.7 T=7.92 [4686s]
[s2] it=905 cur=1033.4 best=913.7 T=7.92 [4719s]
[s2] it=915 cur=1033.4 best=913.7 T=7.92 [4756s]
[s3] it=930 cur=1019.0 best=913.7 T=7.92 [4767s]
[s2] it=920 cur=1033.4 best=913.7 T=7.92 [4788s]
[s2] it=925 cur=1033.4 best=913.7 T=7.91 [4811s]
[s3] it=955 cur=1044.2 best=913.7 T=7.92 [4870s]
[s0] it=915 cur=1044.2 best=913.7 T=7.92 [4871s]
[s1] it=940 cur=1056.5 best=913.7 T=7.91 [4915s]
[s0] it=940 cur=1045.0 best=913.7 T=7.92 [4996s]
[s0] it=950 cur=1056.5 best=913.7 T=7.92 [5055s]
[s1] it=975 cur=1059.7 best=913.7 T=7.90 [5067s]
[s1] it=985 cur=1059.7 best=913.7 T=7.90 [5116s]
[s2] it=985 cur=1035.3 best=913.7 T=7.91 [5154s]
[s2] it=995 cur=1035.3 best=913.7 T=7.91 [5201s]
[s1] it=1005 cur=1059.7 best=913.7 T=7.90 [5211s]
[s3] it=1025 cur=1039.2 best=913.7 T=7.91 [5251s]
[s3] it=1030 cur=1039.2 best=913.7 T=7.91 [5278s]
[s1] it=1020 cur=1073.2 best=913.7 T=7.90 [5285s]
[s0] it=995 cur=1065.7 best=913.7 T=7.92 [5308s]
[s3] it=1040 cur=1039.2 best=913.7 T=7.91 [5335s]
[s0] it=1005 cur=1069.4 best=913.7 T=7.91 [5358s]
[s3] it=1045 cur=1039.2 best=913.7 T=7.91 [5358s]
[s1] it=1040 cur=1094.2 best=913.7 T=7.90 [5370s]
[s3] it=1050 cur=1039.2 best=913.7 T=7.91 [5375s]
[s3] it=1065 cur=1046.9 best=913.7 T=7.91 [5443s]
[s3] it=1070 cur=1046.9 best=913.7 T=7.91 [5466s]
[s2] it=1060 cur=1029.6 best=913.7 T=7.91 [5498s]
[s3] it=1075 cur=1046.9 best=913.7 T=7.91 [5499s]
[s1] it=1065 cur=1094.2 best=913.7 T=7.90 [5508s]
[s3] it=1080 cur=1048.1 best=913.7 T=7.91 [5522s]
[s3] it=1085 cur=1046.9 best=913.7 T=7.91 [5548s]
[s0] it=1045 cur=1070.2 best=913.7 T=7.91 [5550s]
[s3] it=1090 cur=1055.6 best=913.7 T=7.91 [5567s]
[s3] it=1095 cur=1055.6 best=913.7 T=7.91 [5606s]
[s2] it=1085 cur=1029.6 best=913.7 T=7.90 [5623s]
[s0] it=1065 cur=1073.3 best=913.7 T=7.91 [5655s]
[s3] it=1105 cur=1050.0 best=913.7 T=7.91 [5656s]
[s2] it=1095 cur=1029.6 best=913.7 T=7.90 [5679s]
[s1] it=1110 cur=1089.5 best=913.7 T=7.89 [5707s]
[s0] it=1075 cur=1061.7 best=913.7 T=7.91 [5717s]
[s3] it=1115 cur=1064.5 best=913.7 T=7.90 [5716s]
[s1] it=1120 cur=1089.5 best=913.7 T=7.89 [5758s]
[s1] it=1125 cur=1089.5 best=913.7 T=7.89 [5780s]
[s2] it=1120 cur=1028.6 best=913.7 T=7.90 [5793s]
[s3] it=1135 cur=1077.1 best=913.7 T=7.90 [5819s]
[s1] it=1135 cur=1089.5 best=913.7 T=7.89 [5821s]
[s0] it=1105 cur=1066.5 best=913.7 T=7.90 [5855s]
[s0] it=1115 cur=1078.0 best=913.7 T=7.90 [5914s]
[s3] it=1165 cur=1079.1 best=913.7 T=7.90 [5939s]
[s1] it=1165 cur=1089.5 best=913.7 T=7.89 [5966s]
[s2] it=1165 cur=1041.1 best=913.7 T=7.90 [6002s]
[s1] it=1175 cur=1061.7 best=913.7 T=7.89 [6011s]
[s1] it=1180 cur=1061.7 best=913.7 T=7.89 [6045s]
[s3] it=1195 cur=1078.0 best=913.7 T=7.90 [6061s]
[s0] it=1145 cur=1087.6 best=913.7 T=7.90 [6075s]
[s3] it=1210 cur=1078.0 best=913.7 T=7.90 [6137s]
[s2] it=1190 cur=1046.9 best=913.7 T=7.90 [6147s]
[s3] it=1215 cur=1078.0 best=913.7 T=7.90 [6157s]
[s2] it=1195 cur=1046.9 best=913.7 T=7.90 [6170s]
[s0] it=1170 cur=1082.9 best=913.7 T=7.90 [6233s]
[s1] it=1220 cur=1058.0 best=913.7 T=7.89 [6257s]
[s0] it=1195 cur=1078.0 best=913.7 T=7.90 [6339s]
[s3] it=1260 cur=1078.0 best=913.7 T=7.89 [6360s]
[s1] it=1245 cur=1077.9 best=913.7 T=7.88 [6395s]
[s0] it=1220 cur=1105.3 best=913.7 T=7.90 [6481s]
[s2] it=1270 cur=1064.5 best=913.7 T=7.89 [6506s]
[s1] it=1265 cur=1077.9 best=913.7 T=7.88 [6512s]
[s2] it=1275 cur=1064.5 best=913.7 T=7.89 [6532s]
[s3] it=1300 cur=1070.3 best=913.7 T=7.89 [6548s]
[s1] it=1285 cur=1077.9 best=913.7 T=7.88 [6641s]
[s1] it=1295 cur=1077.9 best=913.7 T=7.88 [6687s]
[s2] it=1310 cur=1064.5 best=913.7 T=7.89 [6693s]
[s0] it=1265 cur=1105.5 best=913.7 T=7.89 [6708s]
[s0] it=1270 cur=1105.5 best=913.7 T=7.89 [6731s]
[s3] it=1340 cur=1075.2 best=913.7 T=7.89 [6730s]
[s0] it=1275 cur=1105.5 best=913.7 T=7.89 [6749s]
[s2] it=1330 cur=1057.8 best=913.7 T=7.89 [6820s]
[s1] it=1325 cur=1074.1 best=913.7 T=7.88 [6837s]
[s3] it=1365 cur=1075.2 best=913.7 T=7.88 [6859s]
[s2] it=1340 cur=1057.8 best=913.7 T=7.89 [6865s]
[s0] it=1295 cur=1105.5 best=913.7 T=7.89 [6868s]
[s1] it=1335 cur=1074.1 best=913.7 T=7.88 [6890s]
[s3] it=1380 cur=1075.2 best=913.7 T=7.88 [6947s]
[s0] it=1315 cur=1089.5 best=913.7 T=7.89 [6966s]
[s3] it=1385 cur=1070.3 best=913.7 T=7.88 [6966s]
[s0] it=1320 cur=1089.5 best=913.7 T=7.89 [6991s]
[s1] it=1355 cur=1070.2 best=913.7 T=7.87 [6991s]
[s1] it=1370 cur=1073.3 best=913.7 T=7.87 [7066s]
[s3] it=1410 cur=1070.3 best=913.7 T=7.88 [7109s]
[s3] it=1420 cur=1077.1 best=913.7 T=7.88 [7144s]
[s1] it=1385 cur=1073.3 best=913.7 T=7.87 [7154s]
[s2] it=1400 cur=1057.8 best=913.7 T=7.88 [7160s]
[s0] it=1355 cur=1089.5 best=913.7 T=7.88 [7162s]
[s2] it=1405 cur=1057.8 best=913.7 T=7.88 [7195s]
[s1] it=1395 cur=1068.4 best=913.7 T=7.87 [7195s]
[s1] it=1400 cur=1068.4 best=913.7 T=7.87 [7216s]
[s0] it=1370 cur=1087.6 best=913.7 T=7.88 [7226s]
[s0] it=1375 cur=1087.6 best=913.7 T=7.88 [7252s]
[s0] it=1380 cur=1087.6 best=913.7 T=7.88 [7285s]
[s2] it=1425 cur=1064.5 best=913.7 T=7.88 [7290s]
[s3] it=1450 cur=1079.0 best=913.7 T=7.87 [7303s]
[s3] it=1485 cur=1079.0 best=913.7 T=7.87 [7471s]
[s1] it=1460 cur=1074.1 best=913.7 T=7.87 [7495s]
[s1] it=1465 cur=1074.1 best=913.7 T=7.86 [7522s]
[s1] it=1470 cur=1074.1 best=913.7 T=7.86 [7541s]
[s0] it=1435 cur=1093.2 best=913.7 T=7.88 [7569s]
[s2] it=1480 cur=1064.5 best=913.7 T=7.88 [7594s]
[s3] it=1520 cur=1089.5 best=913.7 T=7.87 [7629s]
[s0] it=1460 cur=1093.2 best=913.7 T=7.87 [7720s]
[s0] it=1465 cur=1093.2 best=913.7 T=7.87 [7737s]
[s1] it=1520 cur=1074.1 best=913.7 T=7.86 [7757s]
[s3] it=1550 cur=1093.2 best=913.7 T=7.87 [7798s]
[s1] it=1530 cur=1073.3 best=913.7 T=7.86 [7805s]
[s1] it=1535 cur=1074.1 best=913.7 T=7.86 [7846s]
[s0] it=1490 cur=1093.2 best=913.7 T=7.87 [7860s]
[s0] it=1500 cur=1093.2 best=913.7 T=7.87 [7914s]
[s3] it=1575 cur=1093.2 best=913.7 T=7.86 [7926s]
[s3] it=1595 cur=1089.5 best=913.7 T=7.86 [8015s]
[s0] it=1540 cur=1093.2 best=913.7 T=7.87 [8089s]
[s0] it=1550 cur=1097.0 best=913.7 T=7.87 [8135s]
[s0] it=1555 cur=1097.0 best=913.7 T=7.86 [8158s]
[s3] it=1630 cur=1089.5 best=913.7 T=7.86 [8168s]
[s0] it=1560 cur=1097.0 best=913.7 T=7.86 [8192s]
[s1] it=1600 cur=1081.8 best=913.7 T=7.85 [8198s]
[s2] it=1585 cur=1066.5 best=913.7 T=7.87 [8217s]
[s1] it=1605 cur=1081.8 best=913.7 T=7.85 [8219s]
[s2] it=1590 cur=1066.5 best=913.7 T=7.87 [8243s]
[s1] it=1610 cur=1081.8 best=913.7 T=7.85 [8246s]
[s3] it=1655 cur=1093.1 best=913.7 T=7.86 [8260s]
[s1] it=1615 cur=1081.8 best=913.7 T=7.85 [8277s]
[s3] it=1660 cur=1093.1 best=913.7 T=7.85 [8289s]
[s1] it=1625 cur=1081.8 best=913.7 T=7.85 [8329s]
[s3] it=1670 cur=1093.1 best=913.7 T=7.85 [8337s]
[s0] it=1595 cur=1097.0 best=913.7 T=7.86 [8350s]
[s2] it=1610 cur=1066.5 best=913.7 T=7.86 [8372s]
[s0] it=1605 cur=1129.7 best=913.7 T=7.86 [8391s]
[s0] it=1610 cur=1129.7 best=913.7 T=7.86 [8427s]
[s1] it=1645 cur=1094.2 best=913.7 T=7.85 [8433s]
[s1] it=1650 cur=1094.2 best=913.7 T=7.85 [8452s]
[s1] it=1655 cur=1094.2 best=913.7 T=7.85 [8488s]
[s3] it=1715 cur=1093.1 best=913.7 T=7.85 [8536s]
[s0] it=1635 cur=1129.7 best=913.7 T=7.86 [8566s]
[s1] it=1675 cur=1094.2 best=913.7 T=7.84 [8575s]
[s3] it=1725 cur=1093.1 best=913.7 T=7.85 [8587s]
[s0] it=1640 cur=1129.7 best=913.7 T=7.86 [8590s]
[s1] it=1685 cur=1094.2 best=913.7 T=7.84 [8615s]
[s0] it=1645 cur=1129.7 best=913.7 T=7.86 [8618s]
[s1] it=1695 cur=1094.2 best=913.7 T=7.84 [8667s]
[s1] it=1705 cur=1077.1 best=913.7 T=7.84 [8719s]
[s3] it=1760 cur=1093.1 best=913.7 T=7.85 [8740s]
[s0] it=1670 cur=1129.1 best=913.7 T=7.86 [8741s]
[s0] it=1680 cur=1127.2 best=913.7 T=7.85 [8781s]
[s2] it=1685 cur=1066.5 best=913.7 T=7.86 [8828s]
[s1] it=1745 cur=1087.6 best=913.7 T=7.84 [8897s]
[s0] it=1705 cur=1127.8 best=913.7 T=7.85 [8900s]
[s3] it=1800 cur=1098.9 best=913.7 T=7.84 [8934s]
[s1] it=1755 cur=1087.6 best=913.7 T=7.84 [8943s]
[s0] it=1725 cur=1127.8 best=913.7 T=7.85 [8998s]
[s3] it=1815 cur=1098.9 best=913.7 T=7.84 [9000s]
[s2] it=1720 cur=1066.5 best=913.7 T=7.86 [9022s]
[s0] it=1730 cur=1127.8 best=913.7 T=7.85 [9031s]
[s1] it=1780 cur=1089.5 best=913.7 T=7.84 [9045s]
[s2] it=1730 cur=1066.5 best=913.7 T=7.86 [9065s]
[s3] it=1835 cur=1098.9 best=913.7 T=7.84 [9085s]
[s0] it=1745 cur=1133.9 best=913.7 T=7.85 [9109s]
[s2] it=1740 cur=1066.5 best=913.7 T=7.85 [9119s]
[s3] it=1855 cur=1098.9 best=913.7 T=7.84 [9170s]
[s0] it=1760 cur=1133.9 best=913.7 T=7.85 [9193s]
[s1] it=1810 cur=1095.1 best=913.7 T=7.83 [9198s]
[s1] it=1815 cur=1095.1 best=913.7 T=7.83 [9219s]
[s2] it=1760 cur=1079.0 best=913.7 T=7.85 [9230s]
[s3] it=1875 cur=1098.9 best=913.7 T=7.84 [9256s]
[s0] it=1770 cur=1133.9 best=913.7 T=7.85 [9279s]
[s2] it=1775 cur=1079.9 best=913.7 T=7.85 [9321s]
[s0] it=1785 cur=1130.1 best=913.7 T=7.85 [9341s]
[s1] it=1845 cur=1095.1 best=913.7 T=7.83 [9352s]
[s1] it=1850 cur=1095.1 best=913.7 T=7.83 [9377s]
[s3] it=1915 cur=1098.9 best=913.7 T=7.84 [9422s]
[s1] it=1865 cur=1095.1 best=913.7 T=7.83 [9438s]
[s0] it=1805 cur=1137.7 best=913.7 T=7.85 [9441s]
[s2] it=1805 cur=1079.9 best=913.7 T=7.85 [9492s]
[s0] it=1815 cur=1137.7 best=913.7 T=7.84 [9509s]
[s3] it=1940 cur=1098.9 best=913.7 T=7.83 [9519s]
[s0] it=1820 cur=1160.0 best=913.7 T=7.84 [9544s]
[s0] it=1840 cur=1130.1 best=913.7 T=7.84 [9656s]
[s1] it=1915 cur=1087.6 best=913.7 T=7.83 [9657s]
[s1] it=1925 cur=1087.6 best=913.7 T=7.83 [9697s]
[s3] it=1980 cur=1098.9 best=913.7 T=7.83 [9698s]
[s0] it=1860 cur=1130.1 best=913.7 T=7.84 [9772s]
[s0] it=1865 cur=1130.1 best=913.7 T=7.84 [9808s]
[s1] it=1950 cur=1087.6 best=913.7 T=7.82 [9811s]
[s2] it=1865 cur=1079.0 best=913.7 T=7.84 [9830s]
[s0] it=1870 cur=1130.1 best=913.7 T=7.84 [9835s]
[s1] it=1965 cur=1087.6 best=913.7 T=7.82 [9881s]
[s3] it=2020 cur=1129.7 best=913.7 T=7.83 [9885s]
[s2] it=1880 cur=1079.0 best=913.7 T=7.84 [9921s]
[s1] it=1975 cur=1087.6 best=913.7 T=7.82 [9938s]
[s3] it=2035 cur=1115.6 best=913.7 T=7.83 [9948s]
[s2] it=1885 cur=1077.9 best=913.7 T=7.84 [9955s]
[s0] it=1905 cur=1124.4 best=913.7 T=7.84 [10011s]
[s1] it=2010 cur=1081.8 best=913.7 T=7.82 [10072s]
[s0] it=1925 cur=1124.4 best=913.7 T=7.83 [10096s]
[s3] it=2075 cur=1115.6 best=913.7 T=7.82 [10111s]
[s2] it=1920 cur=1076.0 best=913.7 T=7.84 [10136s]
[s1] it=2035 cur=1081.8 best=913.7 T=7.82 [10178s]
[s2] it=1930 cur=1087.6 best=913.7 T=7.84 [10212s]
[s1] it=2045 cur=1081.8 best=913.7 T=7.82 [10224s]
[s1] it=2050 cur=1081.8 best=913.7 T=7.82 [10256s]
[s0] it=1960 cur=1124.4 best=913.7 T=7.83 [10299s]
[s3] it=2130 cur=1119.6 best=913.7 T=7.82 [10365s]
[s1] it=2075 cur=1089.5 best=913.7 T=7.81 [10398s]
[s0] it=1980 cur=1124.4 best=913.7 T=7.83 [10402s]
[s3] it=2135 cur=1119.6 best=913.7 T=7.82 [10407s]
[s0] it=1985 cur=1124.4 best=913.7 T=7.83 [10434s]
[s1] it=2090 cur=1089.5 best=913.7 T=7.81 [10472s]
[s3] it=2150 cur=1119.6 best=913.7 T=7.82 [10478s]
[s2] it=1980 cur=1122.5 best=913.7 T=7.83 [10499s]
[s1] it=2105 cur=1089.5 best=913.7 T=7.81 [10547s]
[s2] it=1995 cur=1122.5 best=913.7 T=7.83 [10580s]
[s3] it=2170 cur=1119.6 best=913.7 T=7.82 [10580s]
[s3] it=2180 cur=1128.9 best=913.7 T=7.82 [10627s]
[s2] it=2020 cur=1122.5 best=913.7 T=7.83 [10713s]
[s0] it=2050 cur=1133.9 best=913.7 T=7.82 [10778s]
[s1] it=2170 cur=1097.0 best=913.7 T=7.81 [10861s]
[s3] it=2230 cur=1121.3 best=913.7 T=7.81 [10872s]
[s3] it=2235 cur=1121.3 best=913.7 T=7.81 [10894s]
[s3] it=2250 cur=1121.3 best=913.7 T=7.81 [10994s]
[s2] it=2085 cur=1105.5 best=913.7 T=7.83 [11110s]
[s3] it=2275 cur=1121.3 best=913.7 T=7.81 [11113s]
[s2] it=2100 cur=1114.1 best=913.7 T=7.82 [11209s]
[s3] it=2300 cur=1126.3 best=913.7 T=7.81 [11213s]
[s1] it=2245 cur=1089.5 best=913.7 T=7.80 [11214s]
[s1] it=2260 cur=1097.0 best=913.7 T=7.80 [11305s]
[s2] it=2120 cur=1114.1 best=913.7 T=7.82 [11319s]
[s0] it=2150 cur=1183.5 best=913.7 T=7.82 [11339s]
[s3] it=2330 cur=1126.3 best=913.7 T=7.80 [11355s]
[s3] it=2335 cur=1126.3 best=913.7 T=7.80 [11378s]
[s1] it=2285 cur=1097.0 best=913.7 T=7.80 [11418s]
[s0] it=2165 cur=1183.5 best=913.7 T=7.81 [11428s]
[s2] it=2140 cur=1114.1 best=913.7 T=7.82 [11444s]
[s2] it=2145 cur=1114.1 best=913.7 T=7.82 [11479s]
[s3] it=2360 cur=1128.9 best=913.7 T=7.80 [11492s]
[s0] it=2180 cur=1181.5 best=913.7 T=7.81 [11500s]
[s3] it=2370 cur=1128.9 best=913.7 T=7.80 [11544s]
[s1] it=2325 cur=1089.5 best=913.7 T=7.80 [11597s]
[s2] it=2185 cur=1095.2 best=913.7 T=7.82 [11701s]
[s3] it=2410 cur=1128.9 best=913.7 T=7.80 [11715s]
[s1] it=2355 cur=1114.1 best=913.7 T=7.79 [11739s]
[s0] it=2230 cur=1170.7 best=913.7 T=7.81 [11769s]
[s2] it=2195 cur=1095.2 best=913.7 T=7.82 [11778s]
[s1] it=2370 cur=1114.1 best=913.7 T=7.79 [11804s]
[s1] it=2375 cur=1114.1 best=913.7 T=7.79 [11851s]
[s0] it=2245 cur=1170.7 best=913.7 T=7.81 [11863s]
[s1] it=2395 cur=1117.5 best=913.7 T=7.79 [11928s]
[s3] it=2460 cur=1128.9 best=913.7 T=7.79 [11937s]
[s0] it=2260 cur=1170.7 best=913.7 T=7.81 [11942s]
[s1] it=2405 cur=1124.4 best=913.7 T=7.79 [11972s]
[s2] it=2240 cur=1107.4 best=913.7 T=7.82 [11999s]
[s0] it=2280 cur=1170.7 best=913.7 T=7.80 [12040s]
[s3] it=2485 cur=1128.9 best=913.7 T=7.79 [12050s]
[s2] it=2250 cur=1107.4 best=913.7 T=7.81 [12055s]
[s0] it=2285 cur=1170.7 best=913.7 T=7.80 [12070s]
[s1] it=2430 cur=1125.3 best=913.7 T=7.79 [12084s]
[s2] it=2255 cur=1107.4 best=913.7 T=7.81 [12092s]
[s3] it=2505 cur=1129.7 best=913.7 T=7.79 [12140s]
[s0] it=2300 cur=1170.7 best=913.7 T=7.80 [12145s]
[s1] it=2455 cur=1124.4 best=913.7 T=7.78 [12221s]
[s2] it=2285 cur=1107.4 best=913.7 T=7.81 [12231s]
[s3] it=2535 cur=1129.7 best=913.7 T=7.79 [12280s]
[s2] it=2295 cur=1107.4 best=913.7 T=7.81 [12285s]
[s3] it=2545 cur=1128.9 best=913.7 T=7.78 [12336s]
[s0] it=2340 cur=1160.0 best=913.7 T=7.80 [12337s]
[s1] it=2485 cur=1117.5 best=913.7 T=7.78 [12361s]
[s3] it=2555 cur=1128.9 best=913.7 T=7.78 [12377s]
[s2] it=2320 cur=1114.1 best=913.7 T=7.81 [12409s]
[s1] it=2505 cur=1114.1 best=913.7 T=7.78 [12454s]
[s2] it=2330 cur=1114.1 best=913.7 T=7.81 [12455s]
[s3] it=2575 cur=1128.9 best=913.7 T=7.78 [12474s]
[s0] it=2365 cur=1160.0 best=913.7 T=7.80 [12492s]
[s1] it=2515 cur=1117.5 best=913.7 T=7.78 [12512s]
[s0] it=2390 cur=1160.0 best=913.7 T=7.80 [12599s]
[s2] it=2355 cur=1114.1 best=913.7 T=7.81 [12599s]
[s3] it=2605 cur=1133.9 best=913.7 T=7.78 [12614s]
[s2] it=2370 cur=1114.1 best=913.7 T=7.80 [12670s]
[s3] it=2615 cur=1133.9 best=913.7 T=7.78 [12672s]
[s1] it=2560 cur=1135.8 best=913.7 T=7.77 [12733s]
[s3] it=2625 cur=1133.9 best=913.7 T=7.78 [12733s]
[s1] it=2565 cur=1117.5 best=913.7 T=7.77 [12757s]
[s3] it=2630 cur=1121.3 best=913.7 T=7.78 [12757s]
[s0] it=2420 cur=1171.6 best=913.7 T=7.79 [12759s]
[s1] it=2575 cur=1121.3 best=913.7 T=7.77 [12799s]
[s0] it=2430 cur=1171.6 best=913.7 T=7.79 [12810s]
[s0] it=2435 cur=1171.6 best=913.7 T=7.79 [12830s]
[s1] it=2585 cur=1121.3 best=913.7 T=7.77 [12854s]
[s3] it=2655 cur=1119.4 best=913.7 T=7.78 [12895s]
[s3] it=2670 cur=1121.3 best=913.7 T=7.77 [12967s]
[s0] it=2470 cur=1171.6 best=913.7 T=7.79 [13005s]
[s1] it=2625 cur=1121.3 best=913.7 T=7.77 [13038s]
[s3] it=2690 cur=1121.3 best=913.7 T=7.77 [13047s]
[s0] it=2485 cur=1175.3 best=913.7 T=7.79 [13065s]
[s1] it=2635 cur=1121.3 best=913.7 T=7.77 [13082s]
[s3] it=2700 cur=1127.3 best=913.7 T=7.77 [13084s]
[s0] it=2490 cur=1183.5 best=913.7 T=7.79 [13089s]
[s0] it=2495 cur=1183.5 best=913.7 T=7.79 [13129s]
[s1] it=2650 cur=1121.3 best=913.7 T=7.77 [13142s]
[s0] it=2500 cur=1177.3 best=913.7 T=7.78 [13157s]
[s1] it=2655 cur=1121.3 best=913.7 T=7.76 [13163s]
[s3] it=2720 cur=1121.3 best=913.7 T=7.77 [13175s]
[s1] it=2660 cur=1121.3 best=913.7 T=7.76 [13186s]
[s2] it=2480 cur=1132.0 best=913.7 T=7.80 [13236s]
[s3] it=2735 cur=1117.5 best=913.7 T=7.77 [13240s]
[s1] it=2675 cur=1117.5 best=913.7 T=7.76 [13248s]
[s0] it=2515 cur=1177.3 best=913.7 T=7.78 [13253s]
[s2] it=2485 cur=1132.0 best=913.7 T=7.80 [13270s]
[s2] it=2500 cur=1129.7 best=913.7 T=7.79 [13360s]
[s1] it=2710 cur=1121.3 best=913.7 T=7.76 [13426s]
[s0] it=2555 cur=1197.3 best=913.7 T=7.78 [13450s]
[s3] it=2795 cur=1128.9 best=913.7 T=7.76 [13542s]
[s1] it=2745 cur=1127.8 best=913.7 T=7.75 [13609s]
[s0] it=2590 cur=1183.5 best=913.7 T=7.78 [13641s]
[s3] it=2820 cur=1128.9 best=913.7 T=7.76 [13657s]
[s2] it=2570 cur=1114.1 best=913.7 T=7.79 [13684s]
[s0] it=2600 cur=1183.5 best=913.7 T=7.78 [13698s]
[s1] it=2770 cur=1124.4 best=913.7 T=7.75 [13727s]
[s2] it=2580 cur=1111.2 best=913.7 T=7.79 [13739s]
[s0] it=2605 cur=1183.5 best=913.7 T=7.78 [13746s]
[s3] it=2845 cur=1128.9 best=913.7 T=7.76 [13787s]
[s0] it=2620 cur=1183.5 best=913.7 T=7.78 [13825s]
[s1] it=2795 cur=1114.1 best=913.7 T=7.75 [13842s]
[s3] it=2870 cur=1128.9 best=913.7 T=7.76 [13916s]
[s3] it=2880 cur=1133.9 best=913.7 T=7.76 [13965s]
[s1] it=2850 cur=1124.4 best=913.7 T=7.74 [14095s]
[s2] it=2645 cur=1119.6 best=913.7 T=7.78 [14096s]
[s1] it=2860 cur=1114.1 best=913.7 T=7.74 [14136s]
[s0] it=2710 cur=1183.5 best=913.7 T=7.77 [14280s]
[s3] it=2940 cur=1154.3 best=913.7 T=7.75 [14290s]
[s1] it=2930 cur=1137.7 best=913.7 T=7.74 [14455s]
[s3] it=2970 cur=1154.3 best=913.7 T=7.75 [14467s]
[s2] it=2725 cur=1111.2 best=913.7 T=7.78 [14490s]
[s0] it=2750 cur=1198.3 best=913.7 T=7.77 [14529s]
[s1] it=2945 cur=1124.4 best=913.7 T=7.73 [14544s]
[s3] it=2995 cur=1154.3 best=913.7 T=7.74 [14585s]
[s1] it=2955 cur=1124.4 best=913.7 T=7.73 [14603s]
[s3] it=3000 cur=1154.3 best=913.7 T=7.74 [14607s]
[s1] it=2990 cur=1141.4 best=913.7 T=7.73 [14766s]
[s0] it=2805 cur=1198.3 best=913.7 T=7.76 [14805s]
[s3] it=3050 cur=1164.5 best=913.7 T=7.74 [14832s]
[s1] it=3005 cur=1146.7 best=913.7 T=7.73 [14849s]
[s2] it=2800 cur=1137.7 best=913.7 T=7.77 [14855s]
[s1] it=3010 cur=1132.0 best=913.7 T=7.73 [14867s]
[s3] it=3060 cur=1139.6 best=913.7 T=7.74 [14903s]
[s1] it=3020 cur=1132.0 best=913.7 T=7.73 [14907s]
[s0] it=2830 cur=1198.3 best=913.7 T=7.76 [14952s]
[s2] it=2825 cur=1137.7 best=913.7 T=7.77 [14999s]
[s0] it=2845 cur=1198.3 best=913.7 T=7.76 [15066s]
[s3] it=3105 cur=1135.8 best=913.7 T=7.73 [15108s]
[s0] it=2850 cur=1202.2 best=913.7 T=7.76 [15112s]
[s1] it=3070 cur=1132.0 best=913.7 T=7.73 [15126s]
[s1] it=3075 cur=1132.0 best=913.7 T=7.72 [15146s]
[s1] it=3085 cur=1132.0 best=913.7 T=7.72 [15199s]
[s1] it=3100 cur=1145.1 best=913.7 T=7.72 [15271s]
[s3] it=3150 cur=1135.8 best=913.7 T=7.73 [15319s]
[s1] it=3110 cur=1141.4 best=913.7 T=7.72 [15320s]
[s0] it=2890 cur=1225.2 best=913.7 T=7.76 [15325s]
[s2] it=2895 cur=1156.3 best=913.7 T=7.76 [15361s]
[s1] it=3120 cur=1141.4 best=913.7 T=7.72 [15363s]
[s2] it=2900 cur=1156.3 best=913.7 T=7.76 [15388s]
[s1] it=3130 cur=1134.8 best=913.7 T=7.72 [15399s]
[s0] it=2905 cur=1225.2 best=913.7 T=7.76 [15404s]
[s3] it=3200 cur=1137.7 best=913.7 T=7.73 [15562s]
[s2] it=2945 cur=1150.0 best=913.7 T=7.76 [15596s]
[s3] it=3210 cur=1137.7 best=913.7 T=7.73 [15604s]
[s1] it=3175 cur=1135.8 best=913.7 T=7.72 [15617s]
[s1] it=3180 cur=1135.8 best=913.7 T=7.71 [15658s]
[s2] it=2965 cur=1150.0 best=913.7 T=7.76 [15682s]
[s1] it=3185 cur=1135.8 best=913.7 T=7.71 [15685s]
[s0] it=2955 cur=1212.0 best=913.7 T=7.75 [15709s]
[s3] it=3235 cur=1137.7 best=913.7 T=7.72 [15717s]
[s1] it=3195 cur=1136.6 best=913.7 T=7.71 [15728s]
[s3] it=3240 cur=1137.7 best=913.7 T=7.72 [15736s]
[s0] it=2965 cur=1215.9 best=913.7 T=7.75 [15759s]
[s1] it=3215 cur=1141.1 best=913.7 T=7.71 [15820s]
[s1] it=3225 cur=1146.7 best=913.7 T=7.71 [15865s]
[s0] it=3000 cur=1228.7 best=913.7 T=7.75 [15927s]
[s0] it=3010 cur=1228.7 best=913.7 T=7.75 [15986s]
[s2] it=3025 cur=1150.0 best=913.7 T=7.76 [16010s]
[s0] it=3035 cur=1234.2 best=913.7 T=7.75 [16100s]
[s3] it=3315 cur=1144.2 best=913.7 T=7.72 [16116s]
[s3] it=3325 cur=1144.2 best=913.7 T=7.71 [16164s]
[s1] it=3295 cur=1167.4 best=913.7 T=7.71 [16192s]
[s1] it=3300 cur=1167.4 best=913.7 T=7.71 [16221s]
[s0] it=3070 cur=1225.2 best=913.7 T=7.74 [16267s]
[s2] it=3080 cur=1150.0 best=913.7 T=7.75 [16323s]
[s1] it=3330 cur=1160.0 best=913.7 T=7.70 [16363s]
[s0] it=3090 cur=1225.2 best=913.7 T=7.74 [16368s]
[s0] it=3100 cur=1225.2 best=913.7 T=7.74 [16412s]
[s3] it=3375 cur=1144.2 best=913.7 T=7.71 [16421s]
[s3] it=3395 cur=1144.2 best=913.7 T=7.71 [16503s]
[s2] it=3115 cur=1150.0 best=913.7 T=7.75 [16513s]
[s3] it=3400 cur=1138.6 best=913.7 T=7.71 [16521s]
[s1] it=3360 cur=1160.0 best=913.7 T=7.70 [16534s]
[s3] it=3405 cur=1138.6 best=913.7 T=7.71 [16540s]
[s0] it=3125 cur=1225.2 best=913.7 T=7.74 [16566s]
[s3] it=3410 cur=1138.6 best=913.7 T=7.71 [16572s]
[s0] it=3130 cur=1225.2 best=913.7 T=7.74 [16588s]
[s3] it=3425 cur=1145.2 best=913.7 T=7.70 [16632s]
[s1] it=3395 cur=1156.3 best=913.7 T=7.70 [16683s]
[s3] it=3440 cur=1145.2 best=913.7 T=7.70 [16692s]
[s2] it=3160 cur=1152.7 best=913.7 T=7.74 [16720s]
[s2] it=3165 cur=1152.7 best=913.7 T=7.74 [16747s]
[s0] it=3170 cur=1225.2 best=913.7 T=7.73 [16800s]
[s2] it=3185 cur=1152.7 best=913.7 T=7.74 [16824s]
[s1] it=3425 cur=1158.2 best=913.7 T=7.70 [16830s]
[s0] it=3185 cur=1228.7 best=913.7 T=7.73 [16901s]
[s1] it=3440 cur=1158.2 best=913.7 T=7.70 [16903s]
[s2] it=3200 cur=1152.7 best=913.7 T=7.74 [16927s]
[s1] it=3445 cur=1158.2 best=913.7 T=7.70 [16928s]
[s2] it=3210 cur=1152.7 best=913.7 T=7.74 [16967s]
[s0] it=3195 cur=1228.7 best=913.7 T=7.73 [16970s]
[s3] it=3505 cur=1162.7 best=913.7 T=7.70 [16973s]
[s3] it=3510 cur=1162.7 best=913.7 T=7.70 [17000s]
[s0] it=3205 cur=1228.7 best=913.7 T=7.73 [17021s]
[s3] it=3515 cur=1162.7 best=913.7 T=7.70 [17020s]
[s0] it=3210 cur=1228.7 best=913.7 T=7.73 [17051s]
[s0] it=3215 cur=1228.7 best=913.7 T=7.73 [17071s]
[s1] it=3475 cur=1160.0 best=913.7 T=7.69 [17088s]
[s2] it=3240 cur=1152.7 best=913.7 T=7.74 [17091s]
[s1] it=3485 cur=1160.0 best=913.7 T=7.69 [17150s]
[s3] it=3540 cur=1162.7 best=913.7 T=7.69 [17163s]
[s3] it=3545 cur=1168.9 best=913.7 T=7.69 [17182s]
[s0] it=3235 cur=1234.2 best=913.7 T=7.73 [17184s]
[s2] it=3260 cur=1152.7 best=913.7 T=7.73 [17189s]
[s1] it=3505 cur=1164.6 best=913.7 T=7.69 [17241s]
[s3] it=3560 cur=1167.4 best=913.7 T=7.69 [17252s]
[s0] it=3275 cur=1228.7 best=913.7 T=7.73 [17371s]
[s2] it=3300 cur=1151.9 best=913.7 T=7.73 [17374s]
[s3] it=3585 cur=1167.4 best=913.7 T=7.69 [17379s]
[s1] it=3545 cur=1193.7 best=913.7 T=7.69 [17438s]
[s0] it=3290 cur=1234.2 best=913.7 T=7.72 [17451s]
[s1] it=3550 cur=1193.7 best=913.7 T=7.68 [17462s]
[s3] it=3605 cur=1167.4 best=913.7 T=7.69 [17471s]
[s1] it=3555 cur=1193.7 best=913.7 T=7.68 [17496s]
[s3] it=3615 cur=1167.4 best=913.7 T=7.69 [17512s]
[s1] it=3580 cur=1193.7 best=913.7 T=7.68 [17624s]
[s1] it=3585 cur=1193.7 best=913.7 T=7.68 [17642s]
[s3] it=3645 cur=1167.4 best=913.7 T=7.68 [17661s]
[s1] it=3600 cur=1204.5 best=913.7 T=7.68 [17729s]
[s3] it=3665 cur=1167.4 best=913.7 T=7.68 [17740s]
[s2] it=3370 cur=1148.1 best=913.7 T=7.73 [17754s]
[s0] it=3350 cur=1243.0 best=913.7 T=7.72 [17766s]
[s0] it=3365 cur=1243.0 best=913.7 T=7.72 [17839s]
[s2] it=3390 cur=1148.1 best=913.7 T=7.73 [17870s]
[s3] it=3695 cur=1172.5 best=913.7 T=7.68 [17877s]
[s2] it=3395 cur=1148.1 best=913.7 T=7.73 [17899s]
[s2] it=3405 cur=1148.1 best=913.7 T=7.73 [17942s]
[s1] it=3640 cur=1225.2 best=913.7 T=7.68 [17944s]
[s2] it=3410 cur=1148.1 best=913.7 T=7.72 [17962s]
[s0] it=3400 cur=1240.2 best=913.7 T=7.72 [18003s]
[s3] it=3715 cur=1172.5 best=913.7 T=7.68 [18012s]
[s1] it=3660 cur=1212.0 best=913.7 T=7.67 [18035s]
[s0] it=3410 cur=1243.0 best=913.7 T=7.71 [18051s]
[s2] it=3440 cur=1167.4 best=913.7 T=7.72 [18113s]
[s3] it=3735 cur=1172.5 best=913.7 T=7.68 [18113s]
[s3] it=3740 cur=1172.5 best=913.7 T=7.68 [18135s]
[s0] it=3430 cur=1259.5 best=913.7 T=7.71 [18177s]
[s3] it=3755 cur=1176.4 best=913.7 T=7.68 [18225s]
[s0] it=3445 cur=1259.5 best=913.7 T=7.71 [18254s]
[s2] it=3470 cur=1167.4 best=913.7 T=7.72 [18273s]
[s3] it=3770 cur=1167.4 best=913.7 T=7.67 [18306s]
[s3] it=3775 cur=1167.4 best=913.7 T=7.67 [18329s]
[s1] it=3730 cur=1235.3 best=913.7 T=7.67 [18355s]
[s1] it=3740 cur=1235.3 best=913.7 T=7.67 [18401s]
[s0] it=3485 cur=1259.5 best=913.7 T=7.71 [18450s]
[s1] it=3750 cur=1235.3 best=913.7 T=7.67 [18477s]
[s2] it=3510 cur=1181.5 best=913.7 T=7.72 [18487s]
[s0] it=3500 cur=1259.5 best=913.7 T=7.71 [18535s]
[s3] it=3820 cur=1167.4 best=913.7 T=7.67 [18541s]
[s1] it=3765 cur=1210.0 best=913.7 T=7.67 [18572s]
[s1] it=3770 cur=1210.0 best=913.7 T=7.67 [18598s]
[s1] it=3775 cur=1210.0 best=913.7 T=7.67 [18632s]
[s3] it=3850 cur=1162.8 best=913.7 T=7.67 [18681s]
[s2] it=3550 cur=1186.8 best=913.7 T=7.72 [18699s]
[s0] it=3535 cur=1259.5 best=913.7 T=7.70 [18704s]
[s3] it=3870 cur=1173.6 best=913.7 T=7.67 [18770s]
[s0] it=3565 cur=1252.9 best=913.7 T=7.70 [18861s]
[s0] it=3570 cur=1252.9 best=913.7 T=7.70 [18888s]
[s3] it=3895 cur=1180.5 best=913.7 T=7.66 [18889s]
[s1] it=3835 cur=1212.0 best=913.7 T=7.66 [18900s]
[s2] it=3595 cur=1186.8 best=913.7 T=7.71 [18941s]
[s2] it=3610 cur=1186.8 best=913.7 T=7.71 [19026s]
[s3] it=3920 cur=1180.5 best=913.7 T=7.66 [19028s]
[s2] it=3615 cur=1186.8 best=913.7 T=7.71 [19069s]
[s0] it=3615 cur=1263.7 best=913.7 T=7.70 [19144s]
[s2] it=3625 cur=1186.8 best=913.7 T=7.71 [19144s]
[s1] it=3890 cur=1212.9 best=913.7 T=7.66 [19162s]
[s1] it=3895 cur=1212.9 best=913.7 T=7.66 [19182s]
[s1] it=3900 cur=1212.9 best=913.7 T=7.66 [19209s]
[s2] it=3645 cur=1206.2 best=913.7 T=7.71 [19232s]
[s2] it=3670 cur=1207.1 best=913.7 T=7.71 [19358s]
[s2] it=3675 cur=1198.3 best=913.7 T=7.71 [19381s]
[s1] it=3935 cur=1214.1 best=913.7 T=7.65 [19383s]
[s0] it=3660 cur=1256.7 best=913.7 T=7.69 [19384s]
[s2] it=3680 cur=1198.3 best=913.7 T=7.70 [19403s]
[s1] it=3940 cur=1212.9 best=913.7 T=7.65 [19407s]
[s2] it=3685 cur=1198.3 best=913.7 T=7.70 [19446s]
[s1] it=3950 cur=1212.9 best=913.7 T=7.65 [19458s]
[s0] it=3680 cur=1263.7 best=913.7 T=7.69 [19480s]
[s3] it=4015 cur=1192.8 best=913.7 T=7.65 [19515s]
[s0] it=3690 cur=1250.3 best=913.7 T=7.69 [19519s]
[s1] it=3965 cur=1216.8 best=913.7 T=7.65 [19547s]
[s0] it=3700 cur=1250.3 best=913.7 T=7.69 [19564s]
[s3] it=4030 cur=1183.7 best=913.7 T=7.65 [19586s]
[s2] it=3720 cur=1198.3 best=913.7 T=7.70 [19628s]
[s0] it=3725 cur=1261.8 best=913.7 T=7.69 [19700s]
[s0] it=3750 cur=1269.1 best=913.7 T=7.69 [19813s]
[s3] it=4075 cur=1183.7 best=913.7 T=7.65 [19824s]
[s1] it=4025 cur=1204.2 best=913.7 T=7.65 [19843s]
[s2] it=3765 cur=1214.9 best=913.7 T=7.70 [19849s]
[s1] it=4040 cur=1204.2 best=913.7 T=7.65 [19909s]
[s3] it=4105 cur=1183.7 best=913.7 T=7.65 [19953s]
[s2] it=3790 cur=1214.9 best=913.7 T=7.70 [19983s]
[s0] it=3790 cur=1269.1 best=913.7 T=7.68 [20014s]
[s1] it=4080 cur=1212.9 best=913.7 T=7.64 [20072s]
[s0] it=3805 cur=1267.6 best=913.7 T=7.68 [20085s]
[s1] it=4085 cur=1212.9 best=913.7 T=7.64 [20092s]
[s0] it=3815 cur=1267.6 best=913.7 T=7.68 [20134s]
[s0] it=3820 cur=1267.6 best=913.7 T=7.68 [20157s]
[s1] it=4100 cur=1212.0 best=913.7 T=7.64 [20162s]
[s0] it=3825 cur=1267.6 best=913.7 T=7.68 [20182s]
[s2] it=3835 cur=1208.1 best=913.7 T=7.69 [20184s]
[s2] it=3840 cur=1208.1 best=913.7 T=7.69 [20202s]
[s1] it=4110 cur=1212.0 best=913.7 T=7.64 [20210s]
[s3] it=4155 cur=1199.3 best=913.7 T=7.64 [20221s]
[s2] it=3845 cur=1208.1 best=913.7 T=7.69 [20222s]
[s3] it=4165 cur=1199.3 best=913.7 T=7.64 [20254s]
[s2] it=3855 cur=1208.1 best=913.7 T=7.69 [20282s]
[s0] it=3855 cur=1285.0 best=913.7 T=7.68 [20325s]
[s3] it=4180 cur=1222.6 best=913.7 T=7.64 [20329s]
[s1] it=4140 cur=1234.2 best=913.7 T=7.64 [20348s]
[s3] it=4195 cur=1227.6 best=913.7 T=7.64 [20408s]
[s3] it=4200 cur=1227.6 best=913.7 T=7.64 [20434s]
[s0] it=3880 cur=1263.7 best=913.7 T=7.68 [20436s]
[s0] it=3885 cur=1263.7 best=913.7 T=7.68 [20462s]
[s0] it=3890 cur=1263.7 best=913.7 T=7.67 [20488s]
[s2] it=3895 cur=1234.2 best=913.7 T=7.69 [20500s]
[s3] it=4230 cur=1221.7 best=913.7 T=7.64 [20600s]
[s1] it=4190 cur=1235.3 best=913.7 T=7.64 [20601s]
[s3] it=4235 cur=1221.7 best=913.7 T=7.64 [20629s]
[s0] it=3920 cur=1252.9 best=913.7 T=7.67 [20632s]
[s1] it=4210 cur=1230.6 best=913.7 T=7.64 [20693s]
[s2] it=3925 cur=1204.5 best=913.7 T=7.68 [20699s]
[s2] it=3930 cur=1204.5 best=913.7 T=7.68 [20721s]
[s0] it=3935 cur=1254.8 best=913.7 T=7.67 [20726s]
[s1] it=4220 cur=1225.2 best=913.7 T=7.63 [20759s]
[s3] it=4270 cur=1222.6 best=913.7 T=7.63 [20821s]
[s3] it=4275 cur=1222.6 best=913.7 T=7.63 [20856s]
[s0] it=3955 cur=1254.8 best=913.7 T=7.67 [20879s]
[s1] it=4245 cur=1228.7 best=913.7 T=7.63 [20901s]
[s0] it=3960 cur=1252.9 best=913.7 T=7.67 [20905s]
[s3] it=4285 cur=1221.7 best=913.7 T=7.63 [20910s]
[s0] it=3965 cur=1252.9 best=913.7 T=7.67 [20927s]
[s3] it=4290 cur=1223.3 best=913.7 T=7.63 [20933s]
[s1] it=4250 cur=1228.7 best=913.7 T=7.63 [20953s]
[s3] it=4295 cur=1223.3 best=913.7 T=7.63 [20966s]
[s0] it=3975 cur=1252.9 best=913.7 T=7.67 [20974s]
[s0] it=3980 cur=1252.9 best=913.7 T=7.67 [20999s]
[s1] it=4265 cur=1225.2 best=913.7 T=7.63 [21019s]
[s2] it=3985 cur=1194.4 best=913.7 T=7.68 [21019s]
[s0] it=3985 cur=1252.9 best=913.7 T=7.66 [21033s]
[s1] it=4280 cur=1216.9 best=913.7 T=7.63 [21089s]
[s2] it=4020 cur=1213.0 best=913.7 T=7.68 [21226s]
[s1] it=4315 cur=1219.8 best=913.7 T=7.63 [21264s]
[s3] it=4355 cur=1230.6 best=913.7 T=7.63 [21268s]
[s0] it=4035 cur=1270.4 best=913.7 T=7.66 [21295s]
[s2] it=4030 cur=1213.0 best=913.7 T=7.68 [21308s]
[s2] it=4035 cur=1213.0 best=913.7 T=7.67 [21324s]
[s1] it=4355 cur=1216.9 best=913.7 T=7.62 [21453s]
[s0] it=4075 cur=1270.4 best=913.7 T=7.66 [21483s]
[s0] it=4080 cur=1270.4 best=913.7 T=7.66 [21504s]
[s1] it=4365 cur=1216.9 best=913.7 T=7.62 [21504s]
[s3] it=4405 cur=1234.2 best=913.7 T=7.62 [21536s]
[s0] it=4090 cur=1271.0 best=913.7 T=7.66 [21561s]
[s2] it=4080 cur=1208.1 best=913.7 T=7.67 [21579s]
[s3] it=4420 cur=1234.2 best=913.7 T=7.62 [21598s]
[s3] it=4425 cur=1234.2 best=913.7 T=7.62 [21625s]
[s2] it=4090 cur=1208.1 best=913.7 T=7.67 [21637s]
[s3] it=4435 cur=1234.2 best=913.7 T=7.62 [21684s]
[s0] it=4120 cur=1280.0 best=913.7 T=7.65 [21745s]
[s2] it=4115 cur=1208.1 best=913.7 T=7.67 [21828s]
[s1] it=4465 cur=1171.6 best=913.7 T=7.61 [21993s]
[s1] it=4470 cur=1171.6 best=913.7 T=7.61 [22012s]
[s3] it=4505 cur=1234.2 best=913.7 T=7.62 [22035s]
[s1] it=4480 cur=1171.6 best=913.7 T=7.61 [22053s]
[s1] it=4490 cur=1183.5 best=913.7 T=7.61 [22096s]
[s2] it=4175 cur=1212.0 best=913.7 T=7.66 [22117s]
[s3] it=4540 cur=1234.2 best=913.7 T=7.62 [22217s]
[s0] it=4215 cur=1252.2 best=913.7 T=7.65 [22235s]
[s2] it=4210 cur=1212.0 best=913.7 T=7.66 [22282s]
[s0] it=4220 cur=1246.9 best=913.7 T=7.65 [22284s]
[s1] it=4530 cur=1181.7 best=913.7 T=7.61 [22284s]
[s2] it=4215 cur=1212.0 best=913.7 T=7.66 [22304s]
[s1] it=4545 cur=1181.7 best=913.7 T=7.61 [22358s]
[s0] it=4235 cur=1237.2 best=913.7 T=7.64 [22363s]
[s2] it=4230 cur=1212.0 best=913.7 T=7.66 [22362s]
[s0] it=4240 cur=1237.2 best=913.7 T=7.64 [22417s]
[s0] it=4245 cur=1237.2 best=913.7 T=7.64 [22460s]
[s0] it=4250 cur=1237.2 best=913.7 T=7.64 [22479s]
[s1] it=4575 cur=1183.5 best=913.7 T=7.60 [22482s]
[s3] it=4595 cur=1226.5 best=913.7 T=7.61 [22493s]
[s1] it=4580 cur=1183.5 best=913.7 T=7.60 [22501s]
[s0] it=4265 cur=1237.2 best=913.7 T=7.64 [22551s]
[s1] it=4590 cur=1183.5 best=913.7 T=7.60 [22553s]
[s0] it=4270 cur=1234.2 best=913.7 T=7.64 [22581s]
[s1] it=4595 cur=1183.5 best=913.7 T=7.60 [22601s]
[s2] it=4285 cur=1214.9 best=913.7 T=7.66 [22632s]
[s0] it=4280 cur=1234.2 best=913.7 T=7.64 [22641s]
[s3] it=4630 cur=1226.5 best=913.7 T=7.61 [22690s]
[s1] it=4620 cur=1183.5 best=913.7 T=7.60 [22727s]
[s2] it=4305 cur=1206.2 best=913.7 T=7.66 [22732s]
[s1] it=4625 cur=1183.5 best=913.7 T=7.60 [22744s]
[s1] it=4630 cur=1183.5 best=913.7 T=7.60 [22765s]
[s3] it=4650 cur=1226.5 best=913.7 T=7.61 [22796s]
[s2] it=4320 cur=1204.2 best=913.7 T=7.65 [22807s]
[s1] it=4650 cur=1183.5 best=913.7 T=7.60 [22870s]
[s0] it=4335 cur=1234.2 best=913.7 T=7.64 [22888s]
[s2] it=4340 cur=1206.4 best=913.7 T=7.65 [22894s]
[s3] it=4695 cur=1227.5 best=913.7 T=7.61 [23024s]
[s0] it=4370 cur=1234.2 best=913.7 T=7.64 [23041s]
[s1] it=4695 cur=1183.5 best=913.7 T=7.60 [23075s]
[s2] it=4380 cur=1210.0 best=913.7 T=7.65 [23077s]
[s1] it=4710 cur=1183.5 best=913.7 T=7.59 [23151s]
[s3] it=4730 cur=1227.5 best=913.7 T=7.60 [23228s]
[s2] it=4410 cur=1208.3 best=913.7 T=7.65 [23231s]
[s1] it=4730 cur=1183.7 best=913.7 T=7.59 [23254s]
[s2] it=4420 cur=1213.9 best=913.7 T=7.65 [23273s]
[s0] it=4410 cur=1234.2 best=913.7 T=7.63 [23282s]
[s1] it=4745 cur=1183.7 best=913.7 T=7.59 [23326s]
[s2] it=4430 cur=1208.3 best=913.7 T=7.65 [23333s]
[s1] it=4750 cur=1183.7 best=913.7 T=7.59 [23347s]
[s1] it=4755 cur=1183.7 best=913.7 T=7.59 [23372s]
[s0] it=4430 cur=1234.2 best=913.7 T=7.63 [23382s]
[s0] it=4435 cur=1234.2 best=913.7 T=7.63 [23417s]
[s0] it=4450 cur=1234.2 best=913.7 T=7.63 [23479s]
[s3] it=4785 cur=1227.5 best=913.7 T=7.60 [23498s]
[s0] it=4460 cur=1234.2 best=913.7 T=7.63 [23528s]
[s0] it=4465 cur=1234.2 best=913.7 T=7.63 [23548s]
[s3] it=4800 cur=1227.5 best=913.7 T=7.60 [23570s]
[s1] it=4810 cur=1183.7 best=913.7 T=7.58 [23618s]
[s2] it=4485 cur=1214.9 best=913.7 T=7.64 [23622s]
[s2] it=4490 cur=1217.5 best=913.7 T=7.64 [23653s]
[s0] it=4490 cur=1234.2 best=913.7 T=7.62 [23705s]
[s3] it=4830 cur=1227.5 best=913.7 T=7.60 [23711s]
[s1] it=4825 cur=1183.7 best=913.7 T=7.58 [23715s]
[s0] it=4500 cur=1234.2 best=913.7 T=7.62 [23751s]
[s2] it=4510 cur=1217.5 best=913.7 T=7.64 [23761s]
[s3] it=4840 cur=1227.5 best=913.7 T=7.59 [23770s]
[s0] it=4510 cur=1234.2 best=913.7 T=7.62 [23792s]
[s0] it=4515 cur=1234.2 best=913.7 T=7.62 [23812s]
[s2] it=4520 cur=1217.5 best=913.7 T=7.64 [23816s]
[s1] it=4850 cur=1183.7 best=913.7 T=7.58 [23826s]
[s2] it=4525 cur=1217.5 best=913.7 T=7.64 [23839s]
[s0] it=4530 cur=1234.2 best=913.7 T=7.62 [23883s]
[s2] it=4540 cur=1217.5 best=913.7 T=7.64 [23915s]
[s0] it=4535 cur=1234.2 best=913.7 T=7.62 [23929s]
[s1] it=4875 cur=1183.7 best=913.7 T=7.58 [23941s]
[s2] it=4550 cur=1217.5 best=913.7 T=7.63 [23959s]
[s1] it=4890 cur=1183.7 best=913.7 T=7.58 [24012s]
[s2] it=4560 cur=1217.5 best=913.7 T=7.63 [24041s]
[s1] it=4900 cur=1174.4 best=913.7 T=7.58 [24055s]
[s3] it=4900 cur=1241.1 best=913.7 T=7.59 [24067s]
[s1] it=4905 cur=1174.4 best=913.7 T=7.58 [24073s]
[s2] it=4565 cur=1217.5 best=913.7 T=7.63 [24076s]
[s0] it=4570 cur=1234.2 best=913.7 T=7.62 [24113s]
[s2] it=4580 cur=1217.5 best=913.7 T=7.63 [24150s]
[s0] it=4585 cur=1234.2 best=913.7 T=7.62 [24189s]
[s2] it=4590 cur=1217.5 best=913.7 T=7.63 [24215s]
[s1] it=4955 cur=1170.7 best=913.7 T=7.57 [24298s]
[s1] it=4965 cur=1170.7 best=913.7 T=7.57 [24362s]
[s2] it=4620 cur=1219.8 best=913.7 T=7.63 [24370s]
[s1] it=4970 cur=1170.7 best=913.7 T=7.57 [24385s]
[s3] it=4975 cur=1241.1 best=913.7 T=7.59 [24410s]
[s2] it=4630 cur=1219.8 best=913.7 T=7.63 [24421s]
[s1] it=4975 cur=1170.7 best=913.7 T=7.57 [24422s]
[s2] it=4635 cur=1219.8 best=913.7 T=7.63 [24453s]
[s3] it=4990 cur=1250.3 best=913.7 T=7.59 [24483s]
[s1] it=5005 cur=1170.7 best=913.7 T=7.56 [24584s]
[s1] it=5010 cur=1170.7 best=913.7 T=7.56 [24610s]
[s2] it=4680 cur=1219.8 best=913.7 T=7.63 [24694s]
[s3] it=5035 cur=1250.3 best=913.7 T=7.58 [24705s]
[s3] it=5040 cur=1250.3 best=913.7 T=7.58 [24736s]
[s2] it=4700 cur=1221.3 best=913.7 T=7.62 [24793s]
[s1] it=5045 cur=1170.7 best=913.7 T=7.56 [24797s]
[s0] it=4705 cur=1256.7 best=913.7 T=7.61 [24814s]
[s2] it=4710 cur=1221.3 best=913.7 T=7.62 [24848s]
[s0] it=4715 cur=1256.7 best=913.7 T=7.61 [24860s]
[s2] it=4715 cur=1221.3 best=913.7 T=7.62 [24875s]
[s1] it=5065 cur=1170.7 best=913.7 T=7.56 [24895s]
[s2] it=4725 cur=1221.3 best=913.7 T=7.62 [24942s]
[s0] it=4735 cur=1256.7 best=913.7 T=7.61 [24984s]
[s3] it=5090 cur=1248.4 best=913.7 T=7.58 [25021s]
[s0] it=4740 cur=1256.7 best=913.7 T=7.61 [25028s]
[s0] it=4755 cur=1252.9 best=913.7 T=7.60 [25093s]
[s3] it=5115 cur=1248.4 best=913.7 T=7.57 [25153s]
[s3] it=5120 cur=1254.1 best=913.7 T=7.57 [25172s]
[s2] it=4765 cur=1214.9 best=913.7 T=7.62 [25183s]
[s0] it=4790 cur=1256.7 best=913.7 T=7.60 [25265s]
[s0] it=4795 cur=1240.2 best=913.7 T=7.60 [25289s]
[s2] it=4795 cur=1212.0 best=913.7 T=7.61 [25359s]
[s2] it=4805 cur=1212.0 best=913.7 T=7.61 [25407s]
[s3] it=5180 cur=1265.7 best=913.7 T=7.57 [25483s]
[s0] it=4835 cur=1244.9 best=913.7 T=7.60 [25532s]
[s0] it=4840 cur=1244.9 best=913.7 T=7.60 [25568s]
[s2] it=4835 cur=1217.4 best=913.7 T=7.61 [25570s]
[s0] it=4845 cur=1244.9 best=913.7 T=7.60 [25595s]
[s3] it=5205 cur=1262.5 best=913.7 T=7.57 [25598s]
[s1] it=5220 cur=1170.7 best=913.7 T=7.55 [25611s]
[s2] it=4840 cur=1217.4 best=913.7 T=7.61 [25626s]
[s1] it=5230 cur=1170.7 best=913.7 T=7.55 [25670s]
[s2] it=4860 cur=1217.4 best=913.7 T=7.61 [25723s]
[s2] it=4875 cur=1219.4 best=913.7 T=7.61 [25805s]
[s1] it=5260 cur=1170.7 best=913.7 T=7.55 [25822s]
[s0] it=4885 cur=1244.9 best=913.7 T=7.59 [25832s]
[s0] it=4890 cur=1244.9 best=913.7 T=7.59 [25851s]
[s2] it=4885 cur=1219.4 best=913.7 T=7.61 [25851s]
[s3] it=5255 cur=1262.5 best=913.7 T=7.57 [25887s]
[s0] it=4900 cur=1237.2 best=913.7 T=7.59 [25896s]
[s0] it=4905 cur=1237.2 best=913.7 T=7.59 [25930s]
[s1] it=5290 cur=1170.7 best=913.7 T=7.55 [25971s]
[s2] it=4915 cur=1225.2 best=913.7 T=7.60 [25990s]
[s2] it=4920 cur=1225.2 best=913.7 T=7.60 [26031s]
[s3] it=5285 cur=1269.5 best=913.7 T=7.56 [26049s]
[s1] it=5310 cur=1170.7 best=913.7 T=7.55 [26058s]
[s2] it=4930 cur=1225.2 best=913.7 T=7.60 [26085s]
[s3] it=5295 cur=1261.4 best=913.7 T=7.56 [26102s]
[s2] it=4940 cur=1225.2 best=913.7 T=7.60 [26136s]
