Reading PROBLEM_FILE: "/home/julian/Projects/esa_spoc_26_3/reference/GLKH-1.1/GTSPLIB/ch2giant.gtsp" ... done
ASCENT_CANDIDATES = 500
BACKBONE_TRIALS = 0
BACKTRACKING = NO
# CANDIDATE_FILE =
CANDIDATE_SET_TYPE = ALPHA
EXCESS = 8.76578e-05
EXTRA_CANDIDATES = 0 
EXTRA_CANDIDATE_SET_TYPE = QUADRANT
GAIN23 = YES
GAIN_CRITERION = YES
INITIAL_PERIOD = 1000
INITIAL_STEP_SIZE = 1
INITIAL_TOUR_ALGORITHM = WALK
# INITIAL_TOUR_FILE = 
INITIAL_TOUR_FRACTION = 1.000
# INPUT_TOUR_FILE = 
KICK_TYPE = 0
KICKS = 1
# MAX_BREADTH =
MAX_CANDIDATES = 30 
MAX_SWAPS = 11408
MAX_TRIALS = 5000
# MERGE_TOUR_FILE =
MOVE_TYPE = 5
# NONSEQUENTIAL_MOVE_TYPE = 5
# OPTIMUM =
OUTPUT_TOUR_FILE = /home/julian/Projects/esa_spoc_26_3/reference/GLKH-1.1/ch2giant.tour
PATCHING_A = 1 
PATCHING_C = 0 
# PI_FILE = 
POPMUSIC_INITIAL_TOUR = NO
POPMUSIC_MAX_NEIGHBORS = 5
POPMUSIC_SAMPLE_SIZE = 10
POPMUSIC_SOLUTIONS = 50
POPMUSIC_TRIALS = 1
POPULATION_SIZE = 1
PRECISION = 1
PROBLEM_FILE = /home/julian/Projects/esa_spoc_26_3/reference/GLKH-1.1/GTSPLIB/ch2giant.gtsp
RECOMBINATION = IPT
RESTRICTED_SEARCH = YES
RUNS = 1
SEED = 1
STOP_AT_OPTIMUM = YES
SUBGRADIENT = YES
# SUBPROBLEM_SIZE =
# SUBPROBLEM_TOUR_FILE = 
SUBSEQUENT_MOVE_TYPE = 5
SUBSEQUENT_PATCHING = YES
TIME_LIMIT = 120.0
# TOUR_FILE = 
TRACE_LEVEL = 1

