[E-658] n=49 bank=112.996 | giant=40 sats=[3, 3, 3]
  [it0] LKH order infeasible at walked epochs (table-walk stranded)
  [it1] LKH order infeasible at walked epochs (table-walk stranded)
  [it2] LKH order infeasible at walked epochs (table-walk stranded)
  [it3] LKH order infeasible at walked epochs (table-walk stranded)
  [it4] LKH order infeasible at walked epochs (table-walk stranded)
  [it5] LKH order infeasible at walked epochs (table-walk stranded)
  [it6] LKH order infeasible at walked epochs (table-walk stranded)
  [it7] LKH order infeasible at walked epochs (table-walk stranded)
  [it8] LKH order infeasible at walked epochs (table-walk stranded)
  [it9] LKH order infeasible at walked epochs (table-walk stranded)
[giant] best epoch-aware giant table-walk makespan=1000000000.000d
Traceback (most recent call last):
  File "/home/julian/Projects/esa_spoc_26_3/scripts/ch2_giant_iterlkh_small.py", line 114, in <module>
    main(int(sys.argv[1]) if len(sys.argv) > 1 else 10)
    ~~~~^^^^^^^^^^^^^^^^^^^^^^^^^^^^^^^^^^^^^^^^^^^^^^^
  File "/home/julian/Projects/esa_spoc_26_3/scripts/ch2_giant_iterlkh_small.py", line 89, in main
    order = best_gorder[:] if rng.random() < 0.5 else best_gorder[::-1]
            ~~~~~~~~~~~^^^
TypeError: 'NoneType' object is not subscriptable
