S1 startup control: reconstructed bank makespan=112.9960 feasible=True (expect 112.996) obj=112.9960
S1: CMA-ES over 96 schedule vars of FIXED bank order; budget=300000 evals
  [6000] best=112.9960 sigma=0.125 [30s]
  [12120] best=112.9960 sigma=0.058 [60s]
  [18360] best=112.9960 sigma=0.017 [90s]
  [24768] best=112.9960 sigma=0.013 [120s]
  [31344] best=112.9960 sigma=0.009 [150s]
  [38184] best=112.9960 sigma=0.007 [180s]
  [44976] best=112.9960 sigma=0.004 [210s]
  [51744] best=112.9960 sigma=0.002 [240s]
  [58440] best=112.9960 sigma=0.001 [270s]
  [65112] best=112.9960 sigma=0.001 [300s]
  [71736] best=112.9960 sigma=0.000 [330s]
  [78384] best=112.9960 sigma=0.000 [361s]
  [85008] best=112.9960 sigma=0.000 [391s]
  [91584] best=112.9960 sigma=0.000 [421s]
  [98136] best=112.9960 sigma=0.000 [451s]
  [104736] best=112.9960 sigma=0.000 [481s]
  [111360] best=112.9960 sigma=0.000 [511s]
  [117960] best=112.9960 sigma=0.000 [541s]
  [124512] best=112.9960 sigma=0.000 [571s]
  [131088] best=112.9960 sigma=0.000 [601s]
  [137712] best=112.9960 sigma=0.000 [631s]
  [144312] best=112.9960 sigma=0.000 [661s]
  [150888] best=112.9960 sigma=0.000 [691s]
  [157440] best=112.9960 sigma=0.000 [721s]
  [163992] best=112.9960 sigma=0.000 [751s]
  [170592] best=112.9960 sigma=0.000 [781s]
  [177192] best=112.9960 sigma=0.000 [811s]
  [183768] best=112.9960 sigma=0.000 [841s]
  [190344] best=112.9960 sigma=0.000 [872s]
  [196944] best=112.9960 sigma=0.000 [902s]
  [203592] best=112.9960 sigma=0.000 [932s]
  [210192] best=112.9960 sigma=0.000 [962s]
  [216768] best=112.9960 sigma=0.000 [992s]
  [223344] best=112.9960 sigma=0.000 [1022s]
  [229944] best=112.9960 sigma=0.000 [1052s]
  [236544] best=112.9960 sigma=0.000 [1082s]
  [243120] best=112.9960 sigma=0.000 [1112s]
  [249672] best=112.9960 sigma=0.000 [1142s]
  [256248] best=112.9960 sigma=0.000 [1172s]
  [262896] best=112.9960 sigma=0.000 [1202s]
  [269520] best=112.9960 sigma=0.000 [1232s]
  [276096] best=112.9960 sigma=0.000 [1263s]
  [282672] best=112.9960 sigma=0.000 [1293s]
  [289272] best=112.9960 sigma=0.000 [1323s]
  [295896] best=112.9960 sigma=0.000 [1353s]

=== S1 DONE: best feasible makespan = 112.9960 vs bank 112.996 (-0.0000) over 300024 evals ===
  -> bank schedule is ~optimal for its order; the gap is in ORDER/EDGE space, not schedule.
