error    libmamba Could not set lock (Resource temporarily unavailable)
warning  libmamba Cannot lock '/home/julian/.cache/mamba/proc'
    Waiting for other mamba process to finish
[TDSA-D] seed 601 cities, makespan 2075.3d strands 34; iters=40000 T0=18.0
[TDSA-D] it0: cur 3583 best_mk 1983.2d best_strands 32 T=18.1 acc=1 [2s]
[TDSA-D] it50: cur 3380 best_mk 1880.4d best_strands 30 T=17.9 acc=5 [142s]
[TDSA-D] it100: cur 2988 best_mk 1687.7d best_strands 26 T=17.7 acc=10 [290s]
[TDSA-D] it150: cur 2988 best_mk 1687.7d best_strands 26 T=17.6 acc=11 [445s]
[TDSA-D] it200: cur 2775 best_mk 1575.3d best_strands 24 T=17.4 acc=14 [591s]
[TDSA-D] it250: cur 2775 best_mk 1575.3d best_strands 24 T=17.2 acc=14 [760s]
[TDSA-D] it300: cur 2775 best_mk 1575.3d best_strands 24 T=17.1 acc=14 [911s]
[TDSA-D] it350: cur 2775 best_mk 1575.3d best_strands 24 T=16.9 acc=14 [1061s]
[TDSA-D] it400: cur 2775 best_mk 1575.3d best_strands 24 T=16.7 acc=15 [1202s]
[TDSA-D] it450: cur 2775 best_mk 1575.3d best_strands 24 T=16.6 acc=15 [1350s]
[TDSA-D] it500: cur 2775 best_mk 1575.3d best_strands 24 T=16.4 acc=15 [1518s]
[TDSA-D] it550: cur 2775 best_mk 1575.3d best_strands 24 T=16.2 acc=15 [1680s]
[TDSA-D] it600: cur 2775 best_mk 1575.3d best_strands 24 T=16.1 acc=15 [1820s]
[TDSA-D] it650: cur 2775 best_mk 1575.3d best_strands 24 T=15.9 acc=15 [1948s]
[TDSA-D] it700: cur 2775 best_mk 1575.3d best_strands 24 T=15.7 acc=15 [2088s]
[TDSA-D] it750: cur 2775 best_mk 1575.3d best_strands 24 T=15.6 acc=15 [2232s]
[TDSA-D] it800: cur 2786 best_mk 1575.3d best_strands 24 T=15.4 acc=16 [2408s]
[TDSA-D] it850: cur 2783 best_mk 1575.3d best_strands 24 T=15.3 acc=17 [2566s]
[TDSA-D] it900: cur 2779 best_mk 1575.3d best_strands 24 T=15.1 acc=19 [2730s]
[TDSA-D] it950: cur 2782 best_mk 1575.3d best_strands 24 T=15.0 acc=20 [2852s]
[TDSA-D] it1000: cur 2587 best_mk 1486.8d best_strands 22 T=14.8 acc=23 [2986s]
[TDSA-D] it1050: cur 2587 best_mk 1486.8d best_strands 22 T=14.7 acc=23 [3131s]
[TDSA-D] it1100: cur 2587 best_mk 1486.8d best_strands 22 T=14.5 acc=23 [3270s]
[TDSA-D] it1150: cur 2587 best_mk 1486.8d best_strands 22 T=14.4 acc=23 [3443s]
[TDSA-D] it1200: cur 2587 best_mk 1486.8d best_strands 22 T=14.3 acc=23 [3599s]
[TDSA-D] it1250: cur 2587 best_mk 1486.8d best_strands 22 T=14.1 acc=23 [3740s]
[TDSA-D] it1300: cur 2587 best_mk 1486.8d best_strands 22 T=14.0 acc=23 [3869s]
[TDSA-D] it1350: cur 2587 best_mk 1486.8d best_strands 22 T=13.8 acc=23 [3998s]
[TDSA-D] it1400: cur 2587 best_mk 1486.8d best_strands 22 T=13.7 acc=23 [4166s]
[TDSA-D] it1450: cur 2587 best_mk 1486.8d best_strands 22 T=13.6 acc=23 [4315s]
[TDSA-D] it1500: cur 2587 best_mk 1486.8d best_strands 22 T=13.4 acc=23 [4471s]
[TDSA-D] it1550: cur 2587 best_mk 1486.8d best_strands 22 T=13.3 acc=23 [4611s]
[TDSA-D] it1600: cur 2587 best_mk 1486.8d best_strands 22 T=13.2 acc=23 [4761s]
[TDSA-D] it1650: cur 2587 best_mk 1486.8d best_strands 22 T=13.0 acc=23 [4891s]
[TDSA-D] it1700: cur 2587 best_mk 1486.8d best_strands 22 T=12.9 acc=23 [5027s]
[TDSA-D] it1750: cur 2587 best_mk 1486.8d best_strands 22 T=12.8 acc=23 [5179s]
[TDSA-D] it1800: cur 2587 best_mk 1486.8d best_strands 22 T=12.7 acc=23 [5318s]
[TDSA-D] it1850: cur 2587 best_mk 1486.8d best_strands 22 T=12.5 acc=23 [5450s]
[TDSA-D] it1900: cur 2587 best_mk 1486.8d best_strands 22 T=12.4 acc=23 [5587s]
[TDSA-D] it1950: cur 2587 best_mk 1486.8d best_strands 22 T=12.3 acc=23 [5722s]
[TDSA-D] it2000: cur 2587 best_mk 1486.8d best_strands 22 T=12.2 acc=23 [5878s]
[TDSA-D] it2050: cur 2587 best_mk 1486.8d best_strands 22 T=12.0 acc=23 [6006s]
[TDSA-D] it2100: cur 2587 best_mk 1486.8d best_strands 22 T=11.9 acc=23 [6176s]
[TDSA-D] it2150: cur 2587 best_mk 1486.8d best_strands 22 T=11.8 acc=23 [6329s]
[TDSA-D] it2200: cur 2587 best_mk 1486.8d best_strands 22 T=11.7 acc=23 [6513s]
[TDSA-D] it2250: cur 2587 best_mk 1486.8d best_strands 22 T=11.6 acc=23 [6662s]
[TDSA-D] it2300: cur 2587 best_mk 1486.8d best_strands 22 T=11.5 acc=23 [6810s]
[TDSA-D] it2350: cur 2587 best_mk 1486.8d best_strands 22 T=11.3 acc=23 [6965s]
[TDSA-D] it2400: cur 2587 best_mk 1486.8d best_strands 22 T=11.2 acc=23 [7117s]
[TDSA-D] it2450: cur 2587 best_mk 1486.8d best_strands 22 T=11.1 acc=23 [7265s]
[TDSA-D] it2500: cur 2586 best_mk 1485.7d best_strands 22 T=11.0 acc=24 [7442s]
[TDSA-D] it2550: cur 2586 best_mk 1485.7d best_strands 22 T=10.9 acc=24 [7598s]
[TDSA-D] it2600: cur 2588 best_mk 1485.7d best_strands 22 T=10.8 acc=25 [7764s]
[TDSA-D] it2650: cur 2588 best_mk 1485.7d best_strands 22 T=10.7 acc=25 [7908s]
[TDSA-D] it2700: cur 2588 best_mk 1485.7d best_strands 22 T=10.6 acc=25 [8043s]
[TDSA-D] it2750: cur 2588 best_mk 1485.7d best_strands 22 T=10.5 acc=26 [8220s]
[TDSA-D] it2800: cur 2588 best_mk 1485.7d best_strands 22 T=10.4 acc=26 [8360s]
[TDSA-D] it2850: cur 2588 best_mk 1485.7d best_strands 22 T=10.3 acc=26 [8507s]
[TDSA-D] it2900: cur 2588 best_mk 1485.7d best_strands 22 T=10.2 acc=26 [8644s]
[TDSA-D] it2950: cur 2588 best_mk 1485.7d best_strands 22 T=10.1 acc=26 [8805s]
[TDSA-D] it3000: cur 2588 best_mk 1485.7d best_strands 22 T=10.0 acc=26 [9081s]
[TDSA-D] it3050: cur 2588 best_mk 1485.7d best_strands 22 T=9.9 acc=26 [9393s]
[TDSA-D] it3100: cur 2588 best_mk 1485.7d best_strands 22 T=9.8 acc=26 [9673s]
[TDSA-D] it3150: cur 2588 best_mk 1485.7d best_strands 22 T=9.7 acc=26 [9974s]
[TDSA-D] it3200: cur 2588 best_mk 1485.7d best_strands 22 T=9.6 acc=26 [10259s]
[TDSA-D] it3250: cur 2588 best_mk 1485.7d best_strands 22 T=9.5 acc=26 [10577s]
[TDSA-D] it3300: cur 2588 best_mk 1485.7d best_strands 22 T=9.4 acc=26 [10782s]
[TDSA-D] it3350: cur 2588 best_mk 1485.7d best_strands 22 T=9.3 acc=26 [10939s]
[TDSA-D] it3400: cur 2588 best_mk 1485.7d best_strands 22 T=9.2 acc=26 [11086s]
[TDSA-D] it3450: cur 2588 best_mk 1485.7d best_strands 22 T=9.1 acc=26 [11225s]
[TDSA-D] it3500: cur 2588 best_mk 1485.7d best_strands 22 T=9.0 acc=26 [11385s]
[TDSA-D] it3550: cur 2588 best_mk 1485.7d best_strands 22 T=8.9 acc=26 [11531s]
[TDSA-D] it3600: cur 2588 best_mk 1485.7d best_strands 22 T=8.9 acc=26 [11683s]
[TDSA-D] it3650: cur 2588 best_mk 1485.7d best_strands 22 T=8.8 acc=26 [11814s]
[TDSA-D] it3700: cur 2588 best_mk 1485.7d best_strands 22 T=8.7 acc=26 [11968s]
[TDSA-D] it3750: cur 2588 best_mk 1485.7d best_strands 22 T=8.6 acc=27 [12103s]
[TDSA-D] it3800: cur 2588 best_mk 1485.7d best_strands 22 T=8.5 acc=28 [12273s]
[TDSA-D] it3850: cur 2588 best_mk 1485.7d best_strands 22 T=8.4 acc=28 [12445s]
[TDSA-D] it3900: cur 2588 best_mk 1485.7d best_strands 22 T=8.4 acc=28 [12595s]
[TDSA-D] it3950: cur 2588 best_mk 1485.7d best_strands 22 T=8.3 acc=28 [12747s]
[TDSA-D] it4000: cur 2588 best_mk 1485.7d best_strands 22 T=8.2 acc=28 [12878s]
[TDSA-D] it4050: cur 2588 best_mk 1485.7d best_strands 22 T=8.1 acc=28 [13048s]
[TDSA-D] it4100: cur 2588 best_mk 1485.7d best_strands 22 T=8.0 acc=28 [13201s]
[TDSA-D] it4150: cur 2588 best_mk 1485.7d best_strands 22 T=7.9 acc=28 [13349s]
[TDSA-D] it4200: cur 2588 best_mk 1485.7d best_strands 22 T=7.9 acc=28 [13501s]
[TDSA-D] it4250: cur 2588 best_mk 1485.7d best_strands 22 T=7.8 acc=28 [13649s]
[TDSA-D] it4300: cur 2588 best_mk 1485.7d best_strands 22 T=7.7 acc=28 [13769s]
[TDSA-D] it4350: cur 2588 best_mk 1485.7d best_strands 22 T=7.6 acc=28 [13928s]
[TDSA-D] it4400: cur 2588 best_mk 1485.7d best_strands 22 T=7.6 acc=28 [14075s]
[TDSA-D] it4450: cur 2588 best_mk 1485.7d best_strands 22 T=7.5 acc=28 [14263s]
[TDSA-D] it4500: cur 2588 best_mk 1485.7d best_strands 22 T=7.4 acc=28 [14411s]
[TDSA-D] it4550: cur 2588 best_mk 1485.7d best_strands 22 T=7.3 acc=28 [14554s]
[TDSA-D] it4600: cur 2588 best_mk 1485.7d best_strands 22 T=7.3 acc=28 [14699s]
[TDSA-D] it4650: cur 2588 best_mk 1485.7d best_strands 22 T=7.2 acc=28 [14839s]
[TDSA-D] it4700: cur 2588 best_mk 1485.7d best_strands 22 T=7.1 acc=28 [15008s]
[TDSA-D] it4750: cur 2483 best_mk 1433.4d best_strands 21 T=7.1 acc=30 [15170s]
[TDSA-D] it4800: cur 2483 best_mk 1433.4d best_strands 21 T=7.0 acc=30 [15290s]
[TDSA-D] it4850: cur 2483 best_mk 1433.4d best_strands 21 T=6.9 acc=30 [15434s]
[TDSA-D] it4900: cur 2483 best_mk 1433.4d best_strands 21 T=6.9 acc=30 [15552s]
[TDSA-D] it4950: cur 2483 best_mk 1433.4d best_strands 21 T=6.8 acc=30 [15695s]
[TDSA-D] it5000: cur 2483 best_mk 1433.4d best_strands 21 T=6.7 acc=30 [15830s]
[TDSA-D] it5050: cur 2483 best_mk 1433.4d best_strands 21 T=6.7 acc=30 [15968s]
[TDSA-D] it5100: cur 2483 best_mk 1433.4d best_strands 21 T=6.6 acc=30 [16116s]
[TDSA-D] it5150: cur 2483 best_mk 1433.4d best_strands 21 T=6.5 acc=30 [16263s]
[TDSA-D] it5200: cur 2483 best_mk 1433.4d best_strands 21 T=6.5 acc=31 [16455s]
[TDSA-D] it5250: cur 2483 best_mk 1433.4d best_strands 21 T=6.4 acc=31 [16591s]
[TDSA-D] it5300: cur 2483 best_mk 1433.4d best_strands 21 T=6.3 acc=31 [16766s]
[TDSA-D] it5350: cur 2483 best_mk 1433.4d best_strands 21 T=6.3 acc=31 [16898s]
[TDSA-D] it5400: cur 2483 best_mk 1433.4d best_strands 21 T=6.2 acc=31 [17031s]
[TDSA-D] it5450: cur 2483 best_mk 1433.4d best_strands 21 T=6.2 acc=32 [17154s]
[TDSA-D] it5500: cur 2483 best_mk 1433.4d best_strands 21 T=6.1 acc=32 [17296s]
[TDSA-D] it5550: cur 2483 best_mk 1433.4d best_strands 21 T=6.0 acc=32 [17439s]
[TDSA-D] it5600: cur 2483 best_mk 1433.4d best_strands 21 T=6.0 acc=32 [17593s]
[TDSA-D] it5650: cur 2483 best_mk 1433.4d best_strands 21 T=5.9 acc=32 [17770s]
[TDSA-D] it5700: cur 2483 best_mk 1433.4d best_strands 21 T=5.9 acc=32 [17909s]
[TDSA-D] it5750: cur 2490 best_mk 1433.4d best_strands 21 T=5.8 acc=34 [18065s]
[TDSA-D] it5800: cur 2490 best_mk 1433.4d best_strands 21 T=5.7 acc=34 [18200s]
[TDSA-D] it5850: cur 2490 best_mk 1433.4d best_strands 21 T=5.7 acc=34 [18349s]
[TDSA-D] it5900: cur 2490 best_mk 1433.4d best_strands 21 T=5.6 acc=34 [18500s]
[TDSA-D] it5950: cur 2490 best_mk 1433.4d best_strands 21 T=5.6 acc=34 [18644s]
[TDSA-D] it6000: cur 2490 best_mk 1433.4d best_strands 21 T=5.5 acc=34 [18785s]
[TDSA-D] it6050: cur 2490 best_mk 1433.4d best_strands 21 T=5.5 acc=34 [18935s]
[TDSA-D] it6100: cur 2490 best_mk 1433.4d best_strands 21 T=5.4 acc=34 [19075s]
[TDSA-D] it6150: cur 2490 best_mk 1433.4d best_strands 21 T=5.4 acc=34 [19215s]
[TDSA-D] it6200: cur 2490 best_mk 1433.4d best_strands 21 T=5.3 acc=34 [19360s]
[TDSA-D] it6250: cur 2490 best_mk 1433.4d best_strands 21 T=5.3 acc=34 [19534s]
[TDSA-D] it6300: cur 2490 best_mk 1433.4d best_strands 21 T=5.2 acc=34 [19684s]
[TDSA-D] it6350: cur 2490 best_mk 1433.4d best_strands 21 T=5.2 acc=34 [19813s]
[TDSA-D] it6400: cur 2490 best_mk 1433.4d best_strands 21 T=5.1 acc=34 [19967s]
[TDSA-D] it6450: cur 2490 best_mk 1433.4d best_strands 21 T=5.1 acc=34 [20129s]
[TDSA-D] it6500: cur 2490 best_mk 1433.4d best_strands 21 T=5.0 acc=34 [20295s]
[TDSA-D] it6550: cur 2490 best_mk 1433.4d best_strands 21 T=5.0 acc=34 [20445s]
[TDSA-D] it6600: cur 2490 best_mk 1433.4d best_strands 21 T=4.9 acc=34 [20599s]
[TDSA-D] it6650: cur 2490 best_mk 1433.4d best_strands 21 T=4.9 acc=34 [20737s]
[TDSA-D] it6700: cur 2490 best_mk 1433.4d best_strands 21 T=4.8 acc=34 [20886s]
[TDSA-D] it6750: cur 2490 best_mk 1433.4d best_strands 21 T=4.8 acc=34 [21005s]
[TDSA-D] it6800: cur 2490 best_mk 1433.4d best_strands 21 T=4.7 acc=34 [21143s]
[TDSA-D] it6850: cur 2490 best_mk 1433.4d best_strands 21 T=4.7 acc=35 [21279s]
[TDSA-D] it6900: cur 2490 best_mk 1433.4d best_strands 21 T=4.6 acc=35 [21420s]
[TDSA-D] it6950: cur 2490 best_mk 1433.4d best_strands 21 T=4.6 acc=35 [21583s]
[TDSA-D] it7000: cur 2490 best_mk 1433.4d best_strands 21 T=4.5 acc=35 [21727s]
[TDSA-D] it7050: cur 2490 best_mk 1433.4d best_strands 21 T=4.5 acc=35 [21883s]
[TDSA-D] it7100: cur 2490 best_mk 1433.4d best_strands 21 T=4.5 acc=35 [22014s]
[TDSA-D] it7150: cur 2490 best_mk 1433.4d best_strands 21 T=4.4 acc=35 [22159s]
[TDSA-D] it7200: cur 2490 best_mk 1433.4d best_strands 21 T=4.4 acc=35 [22312s]
[TDSA-D] it7250: cur 2490 best_mk 1433.4d best_strands 21 T=4.3 acc=36 [22487s]
[TDSA-D] it7300: cur 2490 best_mk 1433.4d best_strands 21 T=4.3 acc=36 [22641s]
[TDSA-D] it7350: cur 2490 best_mk 1433.4d best_strands 21 T=4.2 acc=36 [22802s]
[TDSA-D] it7400: cur 2490 best_mk 1433.4d best_strands 21 T=4.2 acc=36 [22962s]
[TDSA-D] it7450: cur 2490 best_mk 1433.4d best_strands 21 T=4.2 acc=36 [23108s]
[TDSA-D] it7500: cur 2490 best_mk 1433.4d best_strands 21 T=4.1 acc=36 [23280s]
[TDSA-D] it7550: cur 2490 best_mk 1433.4d best_strands 21 T=4.1 acc=36 [23435s]
[TDSA-D] it7600: cur 2490 best_mk 1433.4d best_strands 21 T=4.0 acc=36 [23589s]
[TDSA-D] it7650: cur 2490 best_mk 1433.4d best_strands 21 T=4.0 acc=36 [23743s]
[TDSA-D] it7700: cur 2490 best_mk 1433.4d best_strands 21 T=4.0 acc=36 [23915s]
[TDSA-D] it7750: cur 2490 best_mk 1433.4d best_strands 21 T=3.9 acc=36 [24091s]
[TDSA-D] it7800: cur 2490 best_mk 1433.4d best_strands 21 T=3.9 acc=36 [24226s]
[TDSA-D] it7850: cur 2490 best_mk 1433.4d best_strands 21 T=3.8 acc=36 [24377s]
[TDSA-D] it7900: cur 2490 best_mk 1433.4d best_strands 21 T=3.8 acc=36 [24556s]
[TDSA-D] it7950: cur 2490 best_mk 1433.4d best_strands 21 T=3.8 acc=36 [24716s]
[TDSA-D] it8000: cur 2490 best_mk 1433.4d best_strands 21 T=3.7 acc=36 [24851s]
[TDSA-D] it8050: cur 2490 best_mk 1433.4d best_strands 21 T=3.7 acc=36 [24983s]
[TDSA-D] it8100: cur 2490 best_mk 1433.4d best_strands 21 T=3.7 acc=36 [25132s]
[TDSA-D] it8150: cur 2490 best_mk 1433.4d best_strands 21 T=3.6 acc=36 [25286s]
[TDSA-D] it8200: cur 2490 best_mk 1433.4d best_strands 21 T=3.6 acc=36 [25438s]
[TDSA-D] it8250: cur 2490 best_mk 1433.4d best_strands 21 T=3.6 acc=36 [25575s]
[TDSA-D] it8300: cur 2490 best_mk 1433.4d best_strands 21 T=3.5 acc=36 [25725s]
[TDSA-D] it8350: cur 2490 best_mk 1433.4d best_strands 21 T=3.5 acc=36 [25843s]
[TDSA-D] it8400: cur 2490 best_mk 1433.4d best_strands 21 T=3.5 acc=36 [25965s]
[TDSA-D] it8450: cur 2490 best_mk 1433.4d best_strands 21 T=3.4 acc=36 [26103s]
[TDSA-D] it8500: cur 2490 best_mk 1433.4d best_strands 21 T=3.4 acc=36 [26246s]
[TDSA-D] it8550: cur 2490 best_mk 1433.4d best_strands 21 T=3.4 acc=36 [26383s]
[TDSA-D] it8600: cur 2490 best_mk 1433.4d best_strands 21 T=3.3 acc=37 [26518s]
[TDSA-D] it8650: cur 2490 best_mk 1433.4d best_strands 21 T=3.3 acc=37 [26653s]
[TDSA-D] it8700: cur 2490 best_mk 1433.4d best_strands 21 T=3.3 acc=37 [26803s]
[TDSA-D] it8750: cur 2490 best_mk 1433.4d best_strands 21 T=3.2 acc=37 [26963s]
[TDSA-D] it8800: cur 2490 best_mk 1433.4d best_strands 21 T=3.2 acc=37 [27122s]
[TDSA-D] it8850: cur 2490 best_mk 1433.4d best_strands 21 T=3.2 acc=37 [27275s]
[TDSA-D] it8900: cur 2490 best_mk 1433.4d best_strands 21 T=3.1 acc=37 [27418s]
[TDSA-D] it8950: cur 2490 best_mk 1433.4d best_strands 21 T=3.1 acc=37 [27553s]
[TDSA-D] it9000: cur 2490 best_mk 1433.4d best_strands 21 T=3.1 acc=37 [27673s]
[TDSA-D] it9050: cur 2490 best_mk 1433.4d best_strands 21 T=3.0 acc=37 [27813s]
[TDSA-D] it9100: cur 2490 best_mk 1433.4d best_strands 21 T=3.0 acc=37 [27964s]
[TDSA-D] it9150: cur 2490 best_mk 1433.4d best_strands 21 T=3.0 acc=37 [28095s]
[TDSA-D] it9200: cur 2490 best_mk 1433.4d best_strands 21 T=3.0 acc=37 [28223s]
[TDSA-D] it9250: cur 2490 best_mk 1433.4d best_strands 21 T=2.9 acc=37 [28355s]
[TDSA-D] it9300: cur 2490 best_mk 1433.4d best_strands 21 T=2.9 acc=37 [28505s]
[TDSA-D] it9350: cur 2490 best_mk 1433.4d best_strands 21 T=2.9 acc=37 [28660s]
[TDSA-D] it9400: cur 2490 best_mk 1433.4d best_strands 21 T=2.8 acc=37 [28800s]
[TDSA-D] it9450: cur 2490 best_mk 1433.4d best_strands 21 T=2.8 acc=37 [28955s]
[TDSA-D] it9500: cur 2490 best_mk 1433.4d best_strands 21 T=2.8 acc=37 [29097s]
[TDSA-D] it9550: cur 2490 best_mk 1433.4d best_strands 21 T=2.8 acc=37 [29245s]
[TDSA-D] it9600: cur 2490 best_mk 1433.4d best_strands 21 T=2.7 acc=37 [29382s]
[TDSA-D] it9650: cur 2490 best_mk 1433.4d best_strands 21 T=2.7 acc=37 [29518s]
[TDSA-D] it9700: cur 2490 best_mk 1433.4d best_strands 21 T=2.7 acc=37 [29674s]
[TDSA-D] it9750: cur 2490 best_mk 1433.4d best_strands 21 T=2.7 acc=38 [29812s]
[TDSA-D] it9800: cur 2490 best_mk 1433.4d best_strands 21 T=2.6 acc=38 [29960s]
[TDSA-D] it9850: cur 2490 best_mk 1433.4d best_strands 21 T=2.6 acc=38 [30088s]
[TDSA-D] it9900: cur 2490 best_mk 1433.4d best_strands 21 T=2.6 acc=38 [30220s]
[TDSA-D] it9950: cur 2490 best_mk 1433.4d best_strands 21 T=2.6 acc=38 [30382s]
[TDSA-D] it10000: cur 2490 best_mk 1433.4d best_strands 21 T=2.5 acc=38 [30535s]
[TDSA-D] it10050: cur 2490 best_mk 1433.4d best_strands 21 T=2.5 acc=38 [30688s]
[TDSA-D] it10100: cur 2490 best_mk 1433.4d best_strands 21 T=2.5 acc=38 [30855s]
[TDSA-D] it10150: cur 2490 best_mk 1433.4d best_strands 21 T=2.5 acc=38 [31004s]
[TDSA-D] it10200: cur 2490 best_mk 1433.4d best_strands 21 T=2.4 acc=38 [31155s]
[TDSA-D] it10250: cur 2490 best_mk 1433.4d best_strands 21 T=2.4 acc=38 [31310s]
[TDSA-D] it10300: cur 2490 best_mk 1433.4d best_strands 21 T=2.4 acc=38 [31478s]
[TDSA-D] it10350: cur 2490 best_mk 1433.4d best_strands 21 T=2.4 acc=38 [31618s]
[TDSA-D] it10400: cur 2490 best_mk 1433.4d best_strands 21 T=2.3 acc=38 [31770s]
[TDSA-D] it10450: cur 2490 best_mk 1433.4d best_strands 21 T=2.3 acc=38 [31918s]
[TDSA-D] it10500: cur 2490 best_mk 1433.4d best_strands 21 T=2.3 acc=38 [32064s]
[TDSA-D] it10550: cur 2490 best_mk 1433.4d best_strands 21 T=2.3 acc=38 [32209s]
[TDSA-D] it10600: cur 2490 best_mk 1433.4d best_strands 21 T=2.3 acc=38 [32360s]
[TDSA-D] it10650: cur 2490 best_mk 1433.4d best_strands 21 T=2.2 acc=38 [32526s]
[TDSA-D] it10700: cur 2490 best_mk 1433.4d best_strands 21 T=2.2 acc=38 [32668s]
[TDSA-D] it10750: cur 2490 best_mk 1433.4d best_strands 21 T=2.2 acc=38 [32827s]
[TDSA-D] it10800: cur 2490 best_mk 1433.4d best_strands 21 T=2.2 acc=38 [32972s]
[TDSA-D] it10850: cur 2490 best_mk 1433.4d best_strands 21 T=2.2 acc=38 [33123s]
[TDSA-D] it10900: cur 2490 best_mk 1433.4d best_strands 21 T=2.1 acc=38 [33282s]
[TDSA-D] it10950: cur 2490 best_mk 1433.4d best_strands 21 T=2.1 acc=38 [33430s]
[TDSA-D] it11000: cur 2490 best_mk 1433.4d best_strands 21 T=2.1 acc=38 [33579s]
[TDSA-D] it11050: cur 2490 best_mk 1433.4d best_strands 21 T=2.1 acc=38 [33761s]
[TDSA-D] it11100: cur 2490 best_mk 1433.4d best_strands 21 T=2.1 acc=38 [33895s]
[TDSA-D] it11150: cur 2490 best_mk 1433.4d best_strands 21 T=2.0 acc=38 [34025s]
[TDSA-D] it11200: cur 2490 best_mk 1433.4d best_strands 21 T=2.0 acc=38 [34169s]
[TDSA-D] it11250: cur 2490 best_mk 1433.4d best_strands 21 T=2.0 acc=38 [34317s]
[TDSA-D] it11300: cur 2490 best_mk 1433.4d best_strands 21 T=2.0 acc=38 [34447s]
[TDSA-D] it11350: cur 2490 best_mk 1433.4d best_strands 21 T=2.0 acc=38 [34572s]
[TDSA-D] it11400: cur 2490 best_mk 1433.4d best_strands 21 T=1.9 acc=38 [34705s]
[TDSA-D] it11450: cur 2490 best_mk 1433.4d best_strands 21 T=1.9 acc=38 [34857s]
[TDSA-D] it11500: cur 2490 best_mk 1433.4d best_strands 21 T=1.9 acc=38 [35013s]
[TDSA-D] it11550: cur 2490 best_mk 1433.4d best_strands 21 T=1.9 acc=38 [35138s]
[TDSA-D] it11600: cur 2490 best_mk 1433.4d best_strands 21 T=1.9 acc=38 [35293s]
[TDSA-D] it11650: cur 2490 best_mk 1433.4d best_strands 21 T=1.9 acc=38 [35426s]
[TDSA-D] it11700: cur 2490 best_mk 1433.4d best_strands 21 T=1.8 acc=38 [35573s]
[TDSA-D] it11750: cur 2490 best_mk 1433.4d best_strands 21 T=1.8 acc=38 [35742s]
[TDSA-D] it11800: cur 2490 best_mk 1433.4d best_strands 21 T=1.8 acc=38 [35893s]
[TDSA-D] it11850: cur 2490 best_mk 1433.4d best_strands 21 T=1.8 acc=38 [36048s]
[TDSA-D] it11900: cur 2490 best_mk 1433.4d best_strands 21 T=1.8 acc=38 [36186s]
[TDSA-D] it11950: cur 2490 best_mk 1433.4d best_strands 21 T=1.7 acc=38 [36316s]
[TDSA-D] it12000: cur 2490 best_mk 1433.4d best_strands 21 T=1.7 acc=38 [36457s]
[TDSA-D] it12050: cur 2490 best_mk 1433.4d best_strands 21 T=1.7 acc=38 [36602s]
[TDSA-D] it12100: cur 2490 best_mk 1433.4d best_strands 21 T=1.7 acc=38 [36747s]
[TDSA-D] it12150: cur 2490 best_mk 1433.4d best_strands 21 T=1.7 acc=38 [36892s]
[TDSA-D] it12200: cur 2490 best_mk 1433.4d best_strands 21 T=1.7 acc=38 [37065s]
[TDSA-D] it12250: cur 2490 best_mk 1433.4d best_strands 21 T=1.7 acc=38 [37207s]
[TDSA-D] it12300: cur 2490 best_mk 1433.4d best_strands 21 T=1.6 acc=38 [37346s]
[TDSA-D] it12350: cur 2490 best_mk 1433.4d best_strands 21 T=1.6 acc=38 [37495s]
[TDSA-D] it12400: cur 2490 best_mk 1433.4d best_strands 21 T=1.6 acc=38 [37619s]
[TDSA-D] it12450: cur 2490 best_mk 1433.4d best_strands 21 T=1.6 acc=38 [37783s]
[TDSA-D] it12500: cur 2490 best_mk 1433.4d best_strands 21 T=1.6 acc=38 [37930s]
[TDSA-D] it12550: cur 2490 best_mk 1433.4d best_strands 21 T=1.6 acc=38 [38074s]
[TDSA-D] it12600: cur 2490 best_mk 1433.4d best_strands 21 T=1.5 acc=38 [38209s]
[TDSA-D] it12650: cur 2490 best_mk 1433.4d best_strands 21 T=1.5 acc=38 [38352s]
[TDSA-D] it12700: cur 2490 best_mk 1433.4d best_strands 21 T=1.5 acc=38 [38522s]
[TDSA-D] it12750: cur 2490 best_mk 1433.4d best_strands 21 T=1.5 acc=38 [38660s]
[TDSA-D] it12800: cur 2490 best_mk 1433.4d best_strands 21 T=1.5 acc=38 [38801s]
[TDSA-D] it12850: cur 2490 best_mk 1433.4d best_strands 21 T=1.5 acc=38 [38933s]
[TDSA-D] it12900: cur 2490 best_mk 1433.4d best_strands 21 T=1.5 acc=38 [39066s]
[TDSA-D] it12950: cur 2490 best_mk 1433.4d best_strands 21 T=1.5 acc=38 [39203s]
[TDSA-D] it13000: cur 2490 best_mk 1433.4d best_strands 21 T=1.4 acc=38 [39366s]
[TDSA-D] it13050: cur 2490 best_mk 1433.4d best_strands 21 T=1.4 acc=38 [39519s]
[TDSA-D] it13100: cur 2490 best_mk 1433.4d best_strands 21 T=1.4 acc=38 [39645s]
[TDSA-D] it13150: cur 2490 best_mk 1433.4d best_strands 21 T=1.4 acc=38 [39795s]
[TDSA-D] it13200: cur 2490 best_mk 1433.4d best_strands 21 T=1.4 acc=38 [39944s]
[TDSA-D] it13250: cur 2490 best_mk 1433.4d best_strands 21 T=1.4 acc=38 [40089s]
[TDSA-D] it13300: cur 2490 best_mk 1433.4d best_strands 21 T=1.4 acc=38 [40221s]
[TDSA-D] it13350: cur 2490 best_mk 1433.4d best_strands 21 T=1.3 acc=38 [40352s]
[TDSA-D] it13400: cur 2490 best_mk 1433.4d best_strands 21 T=1.3 acc=39 [40498s]
[TDSA-D] it13450: cur 2490 best_mk 1433.4d best_strands 21 T=1.3 acc=39 [40621s]
[TDSA-D] it13500: cur 2490 best_mk 1433.4d best_strands 21 T=1.3 acc=40 [40754s]
[TDSA-D] it13550: cur 2490 best_mk 1433.4d best_strands 21 T=1.3 acc=40 [40885s]
[TDSA-D] it13600: cur 2490 best_mk 1433.4d best_strands 21 T=1.3 acc=40 [41029s]
[TDSA-D] it13650: cur 2490 best_mk 1433.4d best_strands 21 T=1.3 acc=40 [41152s]
[TDSA-D] it13700: cur 2490 best_mk 1433.4d best_strands 21 T=1.3 acc=40 [41296s]
[TDSA-D] it13750: cur 2490 best_mk 1433.4d best_strands 21 T=1.3 acc=40 [41431s]
[TDSA-D] it13800: cur 2490 best_mk 1433.4d best_strands 21 T=1.2 acc=41 [41575s]
[TDSA-D] it13850: cur 2490 best_mk 1433.4d best_strands 21 T=1.2 acc=41 [41712s]
[TDSA-D] it13900: cur 2490 best_mk 1433.4d best_strands 21 T=1.2 acc=41 [41838s]
[TDSA-D] it13950: cur 2490 best_mk 1433.4d best_strands 21 T=1.2 acc=41 [41976s]
[TDSA-D] it14000: cur 2490 best_mk 1433.4d best_strands 21 T=1.2 acc=41 [42118s]
[TDSA-D] it14050: cur 2490 best_mk 1433.4d best_strands 21 T=1.2 acc=41 [42250s]
[TDSA-D] it14100: cur 2490 best_mk 1433.4d best_strands 21 T=1.2 acc=42 [42405s]
[TDSA-D] it14150: cur 2490 best_mk 1433.4d best_strands 21 T=1.2 acc=42 [42546s]
[TDSA-D] it14200: cur 2490 best_mk 1433.4d best_strands 21 T=1.2 acc=42 [42705s]
[TDSA-D] it14250: cur 2490 best_mk 1433.4d best_strands 21 T=1.1 acc=42 [42854s]
[TDSA-D] it14300: cur 2490 best_mk 1433.4d best_strands 21 T=1.1 acc=42 [43007s]
[TDSA-D] it14350: cur 2490 best_mk 1433.4d best_strands 21 T=1.1 acc=42 [43151s]
[TDSA-D] it14400: cur 2490 best_mk 1433.4d best_strands 21 T=1.1 acc=42 [43301s]
[TDSA-D] it14450: cur 2490 best_mk 1433.4d best_strands 21 T=1.1 acc=42 [43447s]
[TDSA-D] it14500: cur 2490 best_mk 1433.4d best_strands 21 T=1.1 acc=42 [43583s]
[TDSA-D] it14550: cur 2490 best_mk 1433.4d best_strands 21 T=1.1 acc=42 [43708s]
[TDSA-D] it14600: cur 2490 best_mk 1433.4d best_strands 21 T=1.1 acc=42 [43839s]
[TDSA-D] it14650: cur 2490 best_mk 1433.4d best_strands 21 T=1.1 acc=42 [43987s]
[TDSA-D] it14700: cur 2490 best_mk 1433.4d best_strands 21 T=1.1 acc=42 [44103s]
[TDSA-D] it14750: cur 2490 best_mk 1433.4d best_strands 21 T=1.0 acc=42 [44278s]
[TDSA-D] it14800: cur 2490 best_mk 1433.4d best_strands 21 T=1.0 acc=42 [44412s]
[TDSA-D] it14850: cur 2490 best_mk 1433.4d best_strands 21 T=1.0 acc=42 [44579s]
[TDSA-D] it14900: cur 2490 best_mk 1433.4d best_strands 21 T=1.0 acc=42 [44709s]
[TDSA-D] it14950: cur 2490 best_mk 1433.4d best_strands 21 T=1.0 acc=42 [44820s]
[TDSA-D] it15000: cur 2490 best_mk 1433.4d best_strands 21 T=1.0 acc=42 [44959s]
[TDSA-D] it15050: cur 2490 best_mk 1433.4d best_strands 21 T=1.0 acc=42 [45095s]
[TDSA-D] it15100: cur 2490 best_mk 1433.4d best_strands 21 T=1.0 acc=42 [45210s]
[TDSA-D] it15150: cur 2490 best_mk 1433.4d best_strands 21 T=1.0 acc=42 [45324s]
[TDSA-D] it15200: cur 2490 best_mk 1433.4d best_strands 21 T=1.0 acc=43 [45480s]
[TDSA-D] it15250: cur 2490 best_mk 1433.4d best_strands 21 T=1.0 acc=43 [45623s]
[TDSA-D] it15300: cur 2490 best_mk 1433.4d best_strands 21 T=0.9 acc=43 [45762s]
[TDSA-D] it15350: cur 2490 best_mk 1433.4d best_strands 21 T=0.9 acc=43 [45906s]
[TDSA-D] it15400: cur 2490 best_mk 1433.4d best_strands 21 T=0.9 acc=43 [46043s]
[TDSA-D] it15450: cur 2490 best_mk 1433.4d best_strands 21 T=0.9 acc=44 [46172s]
[TDSA-D] it15500: cur 2490 best_mk 1433.4d best_strands 21 T=0.9 acc=44 [46300s]
[TDSA-D] it15550: cur 2490 best_mk 1433.4d best_strands 21 T=0.9 acc=44 [46440s]
[TDSA-D] it15600: cur 2490 best_mk 1433.4d best_strands 21 T=0.9 acc=44 [46587s]
[TDSA-D] it15650: cur 2490 best_mk 1433.4d best_strands 21 T=0.9 acc=45 [46739s]
[TDSA-D] it15700: cur 2490 best_mk 1433.4d best_strands 21 T=0.9 acc=45 [46885s]
[TDSA-D] it15750: cur 2490 best_mk 1433.4d best_strands 21 T=0.9 acc=45 [47018s]
[TDSA-D] it15800: cur 2490 best_mk 1433.4d best_strands 21 T=0.9 acc=45 [47152s]
[TDSA-D] it15850: cur 2490 best_mk 1433.4d best_strands 21 T=0.9 acc=45 [47316s]
[TDSA-D] it15900: cur 2490 best_mk 1433.4d best_strands 21 T=0.8 acc=45 [47464s]
[TDSA-D] it15950: cur 2490 best_mk 1433.4d best_strands 21 T=0.8 acc=45 [47597s]
[TDSA-D] it16000: cur 2490 best_mk 1433.4d best_strands 21 T=0.8 acc=45 [47748s]
[TDSA-D] it16050: cur 2490 best_mk 1433.4d best_strands 21 T=0.8 acc=45 [47888s]
[TDSA-D] it16100: cur 2490 best_mk 1433.4d best_strands 21 T=0.8 acc=45 [48045s]
[TDSA-D] it16150: cur 2490 best_mk 1433.4d best_strands 21 T=0.8 acc=45 [48176s]
[TDSA-D] it16200: cur 2490 best_mk 1433.4d best_strands 21 T=0.8 acc=45 [48309s]
[TDSA-D] it16250: cur 2490 best_mk 1433.4d best_strands 21 T=0.8 acc=45 [48466s]
[TDSA-D] it16300: cur 2490 best_mk 1433.4d best_strands 21 T=0.8 acc=45 [48587s]
[TDSA-D] it16350: cur 2490 best_mk 1433.4d best_strands 21 T=0.8 acc=45 [48729s]
[TDSA-D] it16400: cur 2490 best_mk 1433.4d best_strands 21 T=0.8 acc=45 [48870s]
[TDSA-D] it16450: cur 2490 best_mk 1433.4d best_strands 21 T=0.8 acc=45 [49032s]
[TDSA-D] it16500: cur 2490 best_mk 1433.4d best_strands 21 T=0.8 acc=45 [49181s]
[TDSA-D] it16550: cur 2490 best_mk 1433.4d best_strands 21 T=0.8 acc=45 [49331s]
[TDSA-D] it16600: cur 2490 best_mk 1433.4d best_strands 21 T=0.8 acc=45 [49454s]
[TDSA-D] it16650: cur 2490 best_mk 1433.4d best_strands 21 T=0.7 acc=45 [49600s]
[TDSA-D] it16700: cur 2490 best_mk 1433.4d best_strands 21 T=0.7 acc=45 [49748s]
[TDSA-D] it16750: cur 2490 best_mk 1433.4d best_strands 21 T=0.7 acc=45 [49889s]
[TDSA-D] it16800: cur 2490 best_mk 1433.4d best_strands 21 T=0.7 acc=45 [50020s]
[TDSA-D] it16850: cur 2490 best_mk 1433.4d best_strands 21 T=0.7 acc=45 [50169s]
[TDSA-D] it16900: cur 2490 best_mk 1433.4d best_strands 21 T=0.7 acc=46 [50307s]
[TDSA-D] it16950: cur 2490 best_mk 1433.4d best_strands 21 T=0.7 acc=47 [50413s]
[TDSA-D] it17000: cur 2490 best_mk 1433.4d best_strands 21 T=0.7 acc=47 [50561s]
[TDSA-D] it17050: cur 2490 best_mk 1433.4d best_strands 21 T=0.7 acc=47 [50727s]
[TDSA-D] it17100: cur 2490 best_mk 1433.4d best_strands 21 T=0.7 acc=47 [50880s]
[TDSA-D] it17150: cur 2490 best_mk 1433.4d best_strands 21 T=0.7 acc=47 [51033s]
[TDSA-D] it17200: cur 2490 best_mk 1433.4d best_strands 21 T=0.7 acc=47 [51177s]
[TDSA-D] it17250: cur 2490 best_mk 1433.4d best_strands 21 T=0.7 acc=47 [51317s]
[TDSA-D] it17300: cur 2490 best_mk 1433.4d best_strands 21 T=0.7 acc=47 [51443s]
[TDSA-D] it17350: cur 2490 best_mk 1433.4d best_strands 21 T=0.7 acc=47 [51584s]
[TDSA-D] it17400: cur 2490 best_mk 1433.4d best_strands 21 T=0.7 acc=47 [51703s]
[TDSA-D] it17450: cur 2490 best_mk 1433.4d best_strands 21 T=0.6 acc=47 [51857s]
[TDSA-D] it17500: cur 2490 best_mk 1433.4d best_strands 21 T=0.6 acc=47 [52005s]
[TDSA-D] it17550: cur 2490 best_mk 1433.4d best_strands 21 T=0.6 acc=47 [52148s]
[TDSA-D] it17600: cur 2490 best_mk 1433.4d best_strands 21 T=0.6 acc=47 [52296s]
[TDSA-D] it17650: cur 2490 best_mk 1433.4d best_strands 21 T=0.6 acc=47 [52438s]
[TDSA-D] it17700: cur 2490 best_mk 1433.4d best_strands 21 T=0.6 acc=47 [52589s]
[TDSA-D] it17750: cur 2490 best_mk 1433.4d best_strands 21 T=0.6 acc=47 [52743s]
[TDSA-D] it17800: cur 2490 best_mk 1433.4d best_strands 21 T=0.6 acc=47 [52879s]
[TDSA-D] it17850: cur 2490 best_mk 1433.4d best_strands 21 T=0.6 acc=47 [53021s]
[TDSA-D] it17900: cur 2490 best_mk 1433.4d best_strands 21 T=0.6 acc=47 [53162s]
[TDSA-D] it17950: cur 2490 best_mk 1433.4d best_strands 21 T=0.6 acc=47 [53310s]
[TDSA-D] it18000: cur 2490 best_mk 1433.4d best_strands 21 T=0.6 acc=47 [53463s]
[TDSA-D] it18050: cur 2490 best_mk 1433.4d best_strands 21 T=0.6 acc=47 [53610s]
[TDSA-D] it18100: cur 2490 best_mk 1433.4d best_strands 21 T=0.6 acc=47 [53737s]
[TDSA-D] it18150: cur 2490 best_mk 1433.4d best_strands 21 T=0.6 acc=47 [53870s]
[TDSA-D] it18200: cur 2490 best_mk 1433.4d best_strands 21 T=0.6 acc=47 [54034s]
[TDSA-D] it18250: cur 2490 best_mk 1433.4d best_strands 21 T=0.6 acc=47 [54171s]
[TDSA-D] it18300: cur 2490 best_mk 1433.4d best_strands 21 T=0.6 acc=47 [54305s]
[TDSA-D] it18350: cur 2490 best_mk 1433.4d best_strands 21 T=0.6 acc=47 [54424s]
[TDSA-D] it18400: cur 2490 best_mk 1433.4d best_strands 21 T=0.6 acc=47 [54572s]
[TDSA-D] it18450: cur 2490 best_mk 1433.4d best_strands 21 T=0.5 acc=47 [54717s]
[TDSA-D] it18500: cur 2490 best_mk 1433.4d best_strands 21 T=0.5 acc=47 [54857s]
[TDSA-D] it18550: cur 2490 best_mk 1433.4d best_strands 21 T=0.5 acc=47 [54996s]
[TDSA-D] it18600: cur 2490 best_mk 1433.4d best_strands 21 T=0.5 acc=47 [55151s]
[TDSA-D] it18650: cur 2490 best_mk 1433.4d best_strands 21 T=0.5 acc=47 [55294s]
[TDSA-D] it18700: cur 2490 best_mk 1433.4d best_strands 21 T=0.5 acc=47 [55440s]
[TDSA-D] it18750: cur 2489 best_mk 1433.4d best_strands 21 T=0.5 acc=48 [55563s]
[TDSA-D] it18800: cur 2393 best_mk 1393.2d best_strands 20 T=0.5 acc=51 [55683s]
[TDSA-D] it18850: cur 2393 best_mk 1393.2d best_strands 20 T=0.5 acc=51 [55796s]
[TDSA-D] it18900: cur 2393 best_mk 1393.2d best_strands 20 T=0.5 acc=52 [55924s]
[TDSA-D] it18950: cur 2393 best_mk 1393.2d best_strands 20 T=0.5 acc=52 [56047s]
[TDSA-D] it19000: cur 2393 best_mk 1393.2d best_strands 20 T=0.5 acc=52 [56167s]
[TDSA-D] it19050: cur 2393 best_mk 1393.2d best_strands 20 T=0.5 acc=52 [56296s]
[TDSA-D] it19100: cur 2393 best_mk 1393.2d best_strands 20 T=0.5 acc=52 [56430s]
[TDSA-D] it19150: cur 2393 best_mk 1393.2d best_strands 20 T=0.5 acc=52 [56564s]
[TDSA-D] it19200: cur 2393 best_mk 1393.2d best_strands 20 T=0.5 acc=52 [56687s]
[TDSA-D] it19250: cur 2393 best_mk 1393.2d best_strands 20 T=0.5 acc=52 [56804s]
[TDSA-D] it19300: cur 2393 best_mk 1393.2d best_strands 20 T=0.5 acc=52 [56939s]
[TDSA-D] it19350: cur 2393 best_mk 1393.2d best_strands 20 T=0.5 acc=52 [57045s]
[TDSA-D] it19400: cur 2393 best_mk 1393.2d best_strands 20 T=0.5 acc=52 [57163s]
[TDSA-D] it19450: cur 2393 best_mk 1393.2d best_strands 20 T=0.5 acc=52 [57279s]
[TDSA-D] it19500: cur 2393 best_mk 1393.2d best_strands 20 T=0.5 acc=52 [57402s]
[TDSA-D] it19550: cur 2393 best_mk 1393.2d best_strands 20 T=0.5 acc=52 [57512s]
[TDSA-D] it19600: cur 2393 best_mk 1393.2d best_strands 20 T=0.5 acc=52 [57635s]
[TDSA-D] it19650: cur 2393 best_mk 1393.2d best_strands 20 T=0.5 acc=52 [57785s]
[TDSA-D] it19700: cur 2393 best_mk 1393.2d best_strands 20 T=0.4 acc=52 [57894s]
[TDSA-D] it19750: cur 2393 best_mk 1393.2d best_strands 20 T=0.4 acc=52 [58028s]
[TDSA-D] it19800: cur 2393 best_mk 1393.2d best_strands 20 T=0.4 acc=52 [58156s]
[TDSA-D] it19850: cur 2393 best_mk 1393.2d best_strands 20 T=0.4 acc=53 [58283s]
[TDSA-D] it19900: cur 2393 best_mk 1393.2d best_strands 20 T=0.4 acc=53 [58404s]
[TDSA-D] it19950: cur 2393 best_mk 1393.2d best_strands 20 T=0.4 acc=53 [58538s]
[TDSA-D] it20000: cur 2393 best_mk 1393.2d best_strands 20 T=0.4 acc=53 [58649s]
[TDSA-D] it20050: cur 2393 best_mk 1393.2d best_strands 20 T=0.4 acc=53 [58758s]
[TDSA-D] it20100: cur 2393 best_mk 1393.2d best_strands 20 T=0.4 acc=53 [58877s]
[TDSA-D] it20150: cur 2393 best_mk 1393.2d best_strands 20 T=0.4 acc=53 [58993s]
[TDSA-D] it20200: cur 2393 best_mk 1393.2d best_strands 20 T=0.4 acc=53 [59128s]
[TDSA-D] it20250: cur 2393 best_mk 1393.2d best_strands 20 T=0.4 acc=53 [59252s]
[TDSA-D] it20300: cur 2393 best_mk 1393.2d best_strands 20 T=0.4 acc=53 [59388s]
[TDSA-D] it20350: cur 2393 best_mk 1393.2d best_strands 20 T=0.4 acc=53 [59514s]
[TDSA-D] it20400: cur 2393 best_mk 1393.2d best_strands 20 T=0.4 acc=53 [59646s]
[TDSA-D] it20450: cur 2393 best_mk 1393.2d best_strands 20 T=0.4 acc=53 [59755s]
[TDSA-D] it20500: cur 2393 best_mk 1393.2d best_strands 20 T=0.4 acc=53 [59890s]
[TDSA-D] it20550: cur 2393 best_mk 1393.2d best_strands 20 T=0.4 acc=53 [59996s]
[TDSA-D] it20600: cur 2393 best_mk 1393.2d best_strands 20 T=0.4 acc=53 [60127s]
[TDSA-D] it20650: cur 2393 best_mk 1393.2d best_strands 20 T=0.4 acc=53 [60247s]
[TDSA-D] it20700: cur 2393 best_mk 1393.2d best_strands 20 T=0.4 acc=53 [60375s]
[TDSA-D] it20750: cur 2393 best_mk 1393.2d best_strands 20 T=0.4 acc=53 [60489s]
[TDSA-D] it20800: cur 2393 best_mk 1393.2d best_strands 20 T=0.4 acc=53 [60607s]
[TDSA-D] it20850: cur 2393 best_mk 1393.2d best_strands 20 T=0.4 acc=53 [60715s]
[TDSA-D] it20900: cur 2393 best_mk 1393.2d best_strands 20 T=0.4 acc=53 [60841s]
[TDSA-D] it20950: cur 2393 best_mk 1393.2d best_strands 20 T=0.4 acc=53 [60961s]
[TDSA-D] it21000: cur 2393 best_mk 1393.2d best_strands 20 T=0.4 acc=53 [61074s]
[TDSA-D] it21050: cur 2393 best_mk 1393.2d best_strands 20 T=0.4 acc=53 [61186s]
[TDSA-D] it21100: cur 2393 best_mk 1393.2d best_strands 20 T=0.4 acc=53 [61323s]
[TDSA-D] it21150: cur 2393 best_mk 1393.2d best_strands 20 T=0.4 acc=53 [61436s]
[TDSA-D] it21200: cur 2393 best_mk 1393.2d best_strands 20 T=0.4 acc=53 [61586s]
[TDSA-D] it21250: cur 2393 best_mk 1393.2d best_strands 20 T=0.4 acc=53 [61694s]
[TDSA-D] it21300: cur 2393 best_mk 1393.2d best_strands 20 T=0.4 acc=53 [61806s]
[TDSA-D] it21350: cur 2393 best_mk 1393.2d best_strands 20 T=0.4 acc=53 [61935s]
[TDSA-D] it21400: cur 2393 best_mk 1393.2d best_strands 20 T=0.3 acc=54 [62078s]
[TDSA-D] it21450: cur 2393 best_mk 1393.2d best_strands 20 T=0.3 acc=54 [62214s]
[TDSA-D] it21500: cur 2393 best_mk 1393.2d best_strands 20 T=0.3 acc=54 [62341s]
[TDSA-D] it21550: cur 2393 best_mk 1393.2d best_strands 20 T=0.3 acc=54 [62464s]
[TDSA-D] it21600: cur 2393 best_mk 1393.2d best_strands 20 T=0.3 acc=54 [62581s]
[TDSA-D] it21650: cur 2393 best_mk 1393.2d best_strands 20 T=0.3 acc=54 [62699s]
[TDSA-D] it21700: cur 2393 best_mk 1393.2d best_strands 20 T=0.3 acc=54 [62823s]
[TDSA-D] it21750: cur 2393 best_mk 1393.2d best_strands 20 T=0.3 acc=54 [62942s]
[TDSA-D] it21800: cur 2393 best_mk 1393.2d best_strands 20 T=0.3 acc=54 [63038s]
[TDSA-D] it21850: cur 2393 best_mk 1393.2d best_strands 20 T=0.3 acc=54 [63142s]
[TDSA-D] it21900: cur 2393 best_mk 1393.2d best_strands 20 T=0.3 acc=54 [63259s]
[TDSA-D] it21950: cur 2393 best_mk 1393.2d best_strands 20 T=0.3 acc=54 [63379s]
[TDSA-D] it22000: cur 2393 best_mk 1393.2d best_strands 20 T=0.3 acc=55 [63498s]
[TDSA-D] it22050: cur 2393 best_mk 1393.2d best_strands 20 T=0.3 acc=55 [63618s]
[TDSA-D] it22100: cur 2393 best_mk 1393.2d best_strands 20 T=0.3 acc=55 [63737s]
[TDSA-D] it22150: cur 2393 best_mk 1393.2d best_strands 20 T=0.3 acc=55 [63850s]
[TDSA-D] it22200: cur 2393 best_mk 1393.2d best_strands 20 T=0.3 acc=56 [63971s]
[TDSA-D] it22250: cur 2393 best_mk 1393.2d best_strands 20 T=0.3 acc=56 [64092s]
[TDSA-D] it22300: cur 2393 best_mk 1393.2d best_strands 20 T=0.3 acc=56 [64204s]
[TDSA-D] it22350: cur 2393 best_mk 1393.2d best_strands 20 T=0.3 acc=56 [64326s]
[TDSA-D] it22400: cur 2393 best_mk 1393.2d best_strands 20 T=0.3 acc=56 [64445s]
[TDSA-D] it22450: cur 2393 best_mk 1393.2d best_strands 20 T=0.3 acc=56 [64557s]
[TDSA-D] it22500: cur 2393 best_mk 1393.2d best_strands 20 T=0.3 acc=56 [64680s]
[TDSA-D] it22550: cur 2393 best_mk 1393.2d best_strands 20 T=0.3 acc=56 [64811s]
[TDSA-D] it22600: cur 2393 best_mk 1393.2d best_strands 20 T=0.3 acc=56 [64948s]
[TDSA-D] it22650: cur 2393 best_mk 1393.2d best_strands 20 T=0.3 acc=56 [65076s]
[TDSA-D] it22700: cur 2393 best_mk 1393.2d best_strands 20 T=0.3 acc=56 [65203s]
[TDSA-D] it22750: cur 2393 best_mk 1393.2d best_strands 20 T=0.3 acc=56 [65337s]
[TDSA-D] it22800: cur 2393 best_mk 1393.2d best_strands 20 T=0.3 acc=56 [65454s]
[TDSA-D] it22850: cur 2393 best_mk 1393.2d best_strands 20 T=0.3 acc=57 [65571s]
[TDSA-D] it22900: cur 2393 best_mk 1393.2d best_strands 20 T=0.3 acc=58 [65676s]
[TDSA-D] it22950: cur 2393 best_mk 1393.2d best_strands 20 T=0.3 acc=58 [65796s]
[TDSA-D] it23000: cur 2393 best_mk 1393.2d best_strands 20 T=0.3 acc=58 [65920s]
[TDSA-D] it23050: cur 2393 best_mk 1393.2d best_strands 20 T=0.3 acc=58 [66045s]
[TDSA-D] it23100: cur 2393 best_mk 1393.2d best_strands 20 T=0.3 acc=58 [66164s]
[TDSA-D] it23150: cur 2393 best_mk 1393.2d best_strands 20 T=0.3 acc=58 [66280s]
[TDSA-D] it23200: cur 2393 best_mk 1393.2d best_strands 20 T=0.3 acc=58 [66411s]
[TDSA-D] it23250: cur 2393 best_mk 1393.2d best_strands 20 T=0.3 acc=58 [66529s]
[TDSA-D] it23300: cur 2393 best_mk 1393.2d best_strands 20 T=0.3 acc=58 [66639s]
[TDSA-D] it23350: cur 2393 best_mk 1393.2d best_strands 20 T=0.3 acc=58 [66756s]
[TDSA-D] it23400: cur 2393 best_mk 1393.2d best_strands 20 T=0.3 acc=58 [66884s]
[TDSA-D] it23450: cur 2393 best_mk 1393.2d best_strands 20 T=0.3 acc=58 [67021s]
[TDSA-D] it23500: cur 2393 best_mk 1393.2d best_strands 20 T=0.3 acc=58 [67137s]
[TDSA-D] it23550: cur 2393 best_mk 1393.2d best_strands 20 T=0.3 acc=58 [67265s]
[TDSA-D] it23600: cur 2393 best_mk 1393.2d best_strands 20 T=0.3 acc=58 [67374s]
[TDSA-D] it23650: cur 2393 best_mk 1393.2d best_strands 20 T=0.3 acc=58 [67503s]
[TDSA-D] it23700: cur 2393 best_mk 1393.2d best_strands 20 T=0.3 acc=58 [67637s]
[TDSA-D] it23750: cur 2393 best_mk 1393.2d best_strands 20 T=0.3 acc=58 [67792s]
[TDSA-D] it23800: cur 2393 best_mk 1393.2d best_strands 20 T=0.3 acc=58 [67915s]
[TDSA-D] it23850: cur 2393 best_mk 1393.2d best_strands 20 T=0.3 acc=58 [68048s]
[TDSA-D] it23900: cur 2393 best_mk 1393.2d best_strands 20 T=0.3 acc=58 [68177s]
[TDSA-D] it23950: cur 2393 best_mk 1393.2d best_strands 20 T=0.2 acc=58 [68304s]
[TDSA-D] it24000: cur 2393 best_mk 1393.2d best_strands 20 T=0.2 acc=58 [68445s]
[TDSA-D] it24050: cur 2393 best_mk 1393.2d best_strands 20 T=0.2 acc=58 [68584s]
[TDSA-D] it24100: cur 2393 best_mk 1393.2d best_strands 20 T=0.2 acc=58 [68701s]
[TDSA-D] it24150: cur 2393 best_mk 1393.2d best_strands 20 T=0.2 acc=58 [68830s]
[TDSA-D] it24200: cur 2393 best_mk 1393.2d best_strands 20 T=0.2 acc=58 [68966s]
[TDSA-D] it24250: cur 2393 best_mk 1393.2d best_strands 20 T=0.2 acc=58 [69089s]
[TDSA-D] it24300: cur 2393 best_mk 1393.2d best_strands 20 T=0.2 acc=58 [69208s]
[TDSA-D] it24350: cur 2393 best_mk 1393.2d best_strands 20 T=0.2 acc=58 [69311s]
[TDSA-D] it24400: cur 2393 best_mk 1393.2d best_strands 20 T=0.2 acc=58 [69438s]
[TDSA-D] it24450: cur 2393 best_mk 1393.2d best_strands 20 T=0.2 acc=58 [69544s]
[TDSA-D] it24500: cur 2393 best_mk 1393.2d best_strands 20 T=0.2 acc=58 [69654s]
[TDSA-D] it24550: cur 2393 best_mk 1393.2d best_strands 20 T=0.2 acc=58 [69767s]
[TDSA-D] it24600: cur 2393 best_mk 1393.2d best_strands 20 T=0.2 acc=58 [69883s]
[TDSA-D] it24650: cur 2393 best_mk 1393.2d best_strands 20 T=0.2 acc=58 [69997s]
[TDSA-D] it24700: cur 2393 best_mk 1393.2d best_strands 20 T=0.2 acc=58 [70121s]
[TDSA-D] it24750: cur 2393 best_mk 1393.2d best_strands 20 T=0.2 acc=58 [70233s]
[TDSA-D] it24800: cur 2393 best_mk 1393.2d best_strands 20 T=0.2 acc=58 [70351s]
[TDSA-D] it24850: cur 2393 best_mk 1393.2d best_strands 20 T=0.2 acc=58 [70470s]
[TDSA-D] it24900: cur 2393 best_mk 1393.2d best_strands 20 T=0.2 acc=58 [70597s]
[TDSA-D] it24950: cur 2393 best_mk 1393.2d best_strands 20 T=0.2 acc=58 [70732s]
[TDSA-D] it25000: cur 2393 best_mk 1393.2d best_strands 20 T=0.2 acc=58 [70837s]
[TDSA-D] it25050: cur 2393 best_mk 1393.2d best_strands 20 T=0.2 acc=58 [70988s]
[TDSA-D] it25100: cur 2393 best_mk 1393.2d best_strands 20 T=0.2 acc=58 [71109s]
[TDSA-D] it25150: cur 2393 best_mk 1393.2d best_strands 20 T=0.2 acc=58 [71231s]
[TDSA-D] it25200: cur 2393 best_mk 1393.2d best_strands 20 T=0.2 acc=58 [71338s]
[TDSA-D] it25250: cur 2393 best_mk 1393.2d best_strands 20 T=0.2 acc=58 [71443s]
[TDSA-D] it25300: cur 2393 best_mk 1393.2d best_strands 20 T=0.2 acc=58 [71573s]
[TDSA-D] it25350: cur 2393 best_mk 1393.2d best_strands 20 T=0.2 acc=58 [71699s]
[TDSA-D] it25400: cur 2393 best_mk 1393.2d best_strands 20 T=0.2 acc=58 [71810s]
[TDSA-D] it25450: cur 2393 best_mk 1393.2d best_strands 20 T=0.2 acc=58 [71919s]
[TDSA-D] it25500: cur 2393 best_mk 1393.2d best_strands 20 T=0.2 acc=59 [72048s]
[TDSA-D] it25550: cur 2393 best_mk 1393.2d best_strands 20 T=0.2 acc=59 [72161s]
[TDSA-D] it25600: cur 2393 best_mk 1393.2d best_strands 20 T=0.2 acc=59 [72275s]
[TDSA-D] it25650: cur 2393 best_mk 1393.2d best_strands 20 T=0.2 acc=59 [72391s]
[TDSA-D] it25700: cur 2393 best_mk 1393.2d best_strands 20 T=0.2 acc=59 [72505s]
[TDSA-D] it25750: cur 2393 best_mk 1393.2d best_strands 20 T=0.2 acc=59 [72627s]
[TDSA-D] it25800: cur 2393 best_mk 1393.2d best_strands 20 T=0.2 acc=59 [72754s]
[TDSA-D] it25850: cur 2393 best_mk 1393.2d best_strands 20 T=0.2 acc=59 [72883s]
[TDSA-D] it25900: cur 2393 best_mk 1393.2d best_strands 20 T=0.2 acc=59 [72997s]
[TDSA-D] it25950: cur 2393 best_mk 1393.2d best_strands 20 T=0.2 acc=59 [73138s]
[TDSA-D] it26000: cur 2393 best_mk 1393.2d best_strands 20 T=0.2 acc=59 [73261s]
[TDSA-D] it26050: cur 2393 best_mk 1393.2d best_strands 20 T=0.2 acc=59 [73388s]
[TDSA-D] it26100: cur 2393 best_mk 1393.2d best_strands 20 T=0.2 acc=59 [73514s]
[TDSA-D] it26150: cur 2393 best_mk 1393.2d best_strands 20 T=0.2 acc=59 [73631s]
[TDSA-D] it26200: cur 2393 best_mk 1393.2d best_strands 20 T=0.2 acc=59 [73786s]
[TDSA-D] it26250: cur 2393 best_mk 1393.2d best_strands 20 T=0.2 acc=59 [73885s]
[TDSA-D] it26300: cur 2393 best_mk 1393.2d best_strands 20 T=0.2 acc=59 [73993s]
[TDSA-D] it26350: cur 2393 best_mk 1393.2d best_strands 20 T=0.2 acc=59 [74123s]
[TDSA-D] it26400: cur 2393 best_mk 1393.2d best_strands 20 T=0.2 acc=59 [74248s]
[TDSA-D] it26450: cur 2393 best_mk 1393.2d best_strands 20 T=0.2 acc=59 [74368s]
[TDSA-D] it26500: cur 2393 best_mk 1393.2d best_strands 20 T=0.2 acc=59 [74486s]
[TDSA-D] it26550: cur 2393 best_mk 1393.2d best_strands 20 T=0.2 acc=59 [74611s]
[TDSA-D] it26600: cur 2393 best_mk 1393.2d best_strands 20 T=0.2 acc=59 [74742s]
[TDSA-D] it26650: cur 2393 best_mk 1393.2d best_strands 20 T=0.2 acc=59 [74861s]
[TDSA-D] it26700: cur 2393 best_mk 1393.2d best_strands 20 T=0.2 acc=59 [75010s]
[TDSA-D] it26750: cur 2393 best_mk 1393.2d best_strands 20 T=0.2 acc=59 [75144s]
[TDSA-D] it26800: cur 2393 best_mk 1393.2d best_strands 20 T=0.2 acc=59 [75285s]
[TDSA-D] it26850: cur 2393 best_mk 1393.2d best_strands 20 T=0.2 acc=59 [75391s]
[TDSA-D] it26900: cur 2393 best_mk 1393.2d best_strands 20 T=0.2 acc=59 [75515s]
[TDSA-D] it26950: cur 2393 best_mk 1393.2d best_strands 20 T=0.2 acc=59 [75624s]
[TDSA-D] it27000: cur 2393 best_mk 1393.2d best_strands 20 T=0.2 acc=59 [75747s]
[TDSA-D] it27050: cur 2393 best_mk 1393.2d best_strands 20 T=0.2 acc=59 [75865s]
[TDSA-D] it27100: cur 2393 best_mk 1393.2d best_strands 20 T=0.2 acc=59 [75998s]
[TDSA-D] it27150: cur 2393 best_mk 1393.2d best_strands 20 T=0.2 acc=59 [76108s]
[TDSA-D] it27200: cur 2393 best_mk 1393.2d best_strands 20 T=0.2 acc=59 [76220s]
[TDSA-D] it27250: cur 2393 best_mk 1393.2d best_strands 20 T=0.2 acc=59 [76337s]
[TDSA-D] it27300: cur 2393 best_mk 1393.2d best_strands 20 T=0.2 acc=59 [76446s]
[TDSA-D] it27350: cur 2393 best_mk 1393.2d best_strands 20 T=0.2 acc=59 [76587s]
[TDSA-D] it27400: cur 2393 best_mk 1393.2d best_strands 20 T=0.2 acc=59 [76697s]
[TDSA-D] it27450: cur 2393 best_mk 1393.2d best_strands 20 T=0.2 acc=60 [76824s]
[TDSA-D] it27500: cur 2393 best_mk 1393.2d best_strands 20 T=0.2 acc=60 [76948s]
[TDSA-D] it27550: cur 2393 best_mk 1393.2d best_strands 20 T=0.2 acc=60 [77075s]
[TDSA-D] it27600: cur 2393 best_mk 1393.2d best_strands 20 T=0.2 acc=60 [77209s]
[TDSA-D] it27650: cur 2393 best_mk 1393.2d best_strands 20 T=0.2 acc=60 [77335s]
[TDSA-D] it27700: cur 2393 best_mk 1393.2d best_strands 20 T=0.2 acc=60 [77475s]
[TDSA-D] it27750: cur 2393 best_mk 1393.2d best_strands 20 T=0.2 acc=60 [77596s]
[TDSA-D] it27800: cur 2393 best_mk 1393.2d best_strands 20 T=0.2 acc=60 [77726s]
[TDSA-D] it27850: cur 2393 best_mk 1393.2d best_strands 20 T=0.2 acc=60 [77839s]
[TDSA-D] it27900: cur 2393 best_mk 1393.2d best_strands 20 T=0.2 acc=60 [77956s]
[TDSA-D] it27950: cur 2393 best_mk 1393.2d best_strands 20 T=0.2 acc=60 [78088s]
[TDSA-D] it28000: cur 2393 best_mk 1393.2d best_strands 20 T=0.2 acc=60 [78219s]
[TDSA-D] it28050: cur 2393 best_mk 1393.2d best_strands 20 T=0.2 acc=60 [78331s]
[TDSA-D] it28100: cur 2393 best_mk 1393.2d best_strands 20 T=0.2 acc=60 [78449s]
[TDSA-D] it28150: cur 2393 best_mk 1393.2d best_strands 20 T=0.2 acc=60 [78562s]
[TDSA-D] it28200: cur 2393 best_mk 1393.2d best_strands 20 T=0.2 acc=60 [78684s]
[TDSA-D] it28250: cur 2393 best_mk 1393.2d best_strands 20 T=0.2 acc=60 [78815s]
[TDSA-D] it28300: cur 2393 best_mk 1393.2d best_strands 20 T=0.2 acc=60 [78922s]
[TDSA-D] it28350: cur 2392 best_mk 1392.5d best_strands 20 T=0.2 acc=62 [79044s]
[TDSA-D] it28400: cur 2392 best_mk 1392.5d best_strands 20 T=0.2 acc=62 [79167s]
[TDSA-D] it28450: cur 2392 best_mk 1392.5d best_strands 20 T=0.2 acc=62 [79286s]
[TDSA-D] it28500: cur 2392 best_mk 1392.5d best_strands 20 T=0.2 acc=62 [79414s]
[TDSA-D] it28550: cur 2392 best_mk 1392.5d best_strands 20 T=0.2 acc=63 [79533s]
[TDSA-D] it28600: cur 2392 best_mk 1392.5d best_strands 20 T=0.2 acc=63 [79676s]
[TDSA-D] it28650: cur 2392 best_mk 1392.5d best_strands 20 T=0.2 acc=63 [79808s]
[TDSA-D] it28700: cur 2392 best_mk 1392.5d best_strands 20 T=0.2 acc=63 [79925s]
[TDSA-D] it28750: cur 2392 best_mk 1392.5d best_strands 20 T=0.2 acc=63 [80048s]
[TDSA-D] it28800: cur 2392 best_mk 1392.5d best_strands 20 T=0.2 acc=64 [80173s]
[TDSA-D] it28850: cur 2392 best_mk 1392.5d best_strands 20 T=0.2 acc=64 [80312s]
[TDSA-D] it28900: cur 2392 best_mk 1392.5d best_strands 20 T=0.2 acc=64 [80427s]
[TDSA-D] it28950: cur 2392 best_mk 1392.5d best_strands 20 T=0.2 acc=64 [80549s]
[TDSA-D] it29000: cur 2392 best_mk 1392.5d best_strands 20 T=0.2 acc=64 [80669s]
[TDSA-D] it29050: cur 2392 best_mk 1392.5d best_strands 20 T=0.2 acc=65 [80818s]
[TDSA-D] it29100: cur 2392 best_mk 1392.5d best_strands 20 T=0.2 acc=66 [80957s]
[TDSA-D] it29150: cur 2392 best_mk 1392.5d best_strands 20 T=0.2 acc=66 [81065s]
[TDSA-D] it29200: cur 2392 best_mk 1392.5d best_strands 20 T=0.2 acc=66 [81189s]
[TDSA-D] it29250: cur 2392 best_mk 1392.5d best_strands 20 T=0.2 acc=66 [81316s]
[TDSA-D] it29300: cur 2392 best_mk 1392.5d best_strands 20 T=0.2 acc=66 [81435s]
[TDSA-D] it29350: cur 2392 best_mk 1392.5d best_strands 20 T=0.2 acc=66 [81604s]
[TDSA-D] it29400: cur 2392 best_mk 1392.5d best_strands 20 T=0.2 acc=66 [81733s]
[TDSA-D] it29450: cur 2392 best_mk 1392.5d best_strands 20 T=0.1 acc=66 [81858s]
[TDSA-D] it29500: cur 2392 best_mk 1392.5d best_strands 20 T=0.1 acc=66 [81987s]
[TDSA-D] it29550: cur 2392 best_mk 1392.5d best_strands 20 T=0.1 acc=66 [82118s]
[TDSA-D] it29600: cur 2392 best_mk 1392.5d best_strands 20 T=0.1 acc=66 [82262s]
[TDSA-D] it29650: cur 2392 best_mk 1392.5d best_strands 20 T=0.1 acc=66 [82390s]
[TDSA-D] it29700: cur 2392 best_mk 1392.5d best_strands 20 T=0.1 acc=66 [82534s]
[TDSA-D] it29750: cur 2392 best_mk 1392.5d best_strands 20 T=0.1 acc=66 [82643s]
[TDSA-D] it29800: cur 2392 best_mk 1392.5d best_strands 20 T=0.1 acc=66 [82781s]
[TDSA-D] it29850: cur 2392 best_mk 1392.5d best_strands 20 T=0.1 acc=66 [82900s]
[TDSA-D] it29900: cur 2392 best_mk 1392.5d best_strands 20 T=0.1 acc=66 [83038s]
[TDSA-D] it29950: cur 2392 best_mk 1392.5d best_strands 20 T=0.1 acc=66 [83156s]
[TDSA-D] it30000: cur 2392 best_mk 1392.5d best_strands 20 T=0.1 acc=66 [83267s]
[TDSA-D] it30050: cur 2392 best_mk 1392.5d best_strands 20 T=0.1 acc=66 [83413s]
[TDSA-D] it30100: cur 2392 best_mk 1392.5d best_strands 20 T=0.1 acc=66 [83540s]
[TDSA-D] it30150: cur 2392 best_mk 1392.5d best_strands 20 T=0.1 acc=67 [83661s]
[TDSA-D] it30200: cur 2392 best_mk 1392.5d best_strands 20 T=0.1 acc=67 [83779s]
[TDSA-D] it30250: cur 2392 best_mk 1392.5d best_strands 20 T=0.1 acc=68 [83897s]
[TDSA-D] it30300: cur 2392 best_mk 1392.5d best_strands 20 T=0.1 acc=68 [84027s]
[TDSA-D] it30350: cur 2392 best_mk 1392.5d best_strands 20 T=0.1 acc=68 [84157s]
[TDSA-D] it30400: cur 2392 best_mk 1392.5d best_strands 20 T=0.1 acc=68 [84284s]
[TDSA-D] it30450: cur 2392 best_mk 1392.5d best_strands 20 T=0.1 acc=68 [84405s]
[TDSA-D] it30500: cur 2392 best_mk 1392.5d best_strands 20 T=0.1 acc=68 [84530s]
[TDSA-D] it30550: cur 2392 best_mk 1392.5d best_strands 20 T=0.1 acc=68 [84670s]
[TDSA-D] it30600: cur 2392 best_mk 1392.5d best_strands 20 T=0.1 acc=68 [84788s]
[TDSA-D] it30650: cur 2392 best_mk 1392.5d best_strands 20 T=0.1 acc=70 [84909s]
[TDSA-D] it30700: cur 2199 best_mk 1299.0d best_strands 18 T=0.1 acc=72 [85030s]
[TDSA-D] it30750: cur 2197 best_mk 1297.3d best_strands 18 T=0.1 acc=73 [85121s]
[TDSA-D] it30800: cur 2197 best_mk 1297.3d best_strands 18 T=0.1 acc=73 [85252s]
[TDSA-D] it30850: cur 2197 best_mk 1297.3d best_strands 18 T=0.1 acc=73 [85390s]
[TDSA-D] it30900: cur 2197 best_mk 1297.3d best_strands 18 T=0.1 acc=74 [85524s]
[TDSA-D] it30950: cur 2197 best_mk 1297.3d best_strands 18 T=0.1 acc=74 [85645s]
[TDSA-D] it31000: cur 2197 best_mk 1297.3d best_strands 18 T=0.1 acc=74 [85774s]
[TDSA-D] it31050: cur 2197 best_mk 1297.3d best_strands 18 T=0.1 acc=74 [85911s]
[TDSA-D] it31100: cur 2197 best_mk 1297.3d best_strands 18 T=0.1 acc=74 [86036s]
[TDSA-D] it31150: cur 2197 best_mk 1297.3d best_strands 18 T=0.1 acc=74 [86177s]
[TDSA-D] it31200: cur 2197 best_mk 1297.3d best_strands 18 T=0.1 acc=74 [86293s]
[TDSA-D] it31250: cur 2197 best_mk 1297.3d best_strands 18 T=0.1 acc=74 [86393s]
[TDSA-D] it31300: cur 2197 best_mk 1297.3d best_strands 18 T=0.1 acc=74 [86522s]
[TDSA-D] it31350: cur 2197 best_mk 1297.3d best_strands 18 T=0.1 acc=74 [86645s]
[TDSA-D] it31400: cur 2197 best_mk 1297.3d best_strands 18 T=0.1 acc=74 [86764s]
[TDSA-D] it31450: cur 2197 best_mk 1297.3d best_strands 18 T=0.1 acc=74 [86867s]
[TDSA-D] it31500: cur 2197 best_mk 1297.3d best_strands 18 T=0.1 acc=74 [86994s]
[TDSA-D] it31550: cur 2197 best_mk 1297.3d best_strands 18 T=0.1 acc=74 [87110s]
[TDSA-D] it31600: cur 2197 best_mk 1297.3d best_strands 18 T=0.1 acc=74 [87247s]
[TDSA-D] it31650: cur 2197 best_mk 1297.3d best_strands 18 T=0.1 acc=74 [87374s]
[TDSA-D] it31700: cur 2197 best_mk 1297.3d best_strands 18 T=0.1 acc=74 [87485s]
[TDSA-D] it31750: cur 2197 best_mk 1297.3d best_strands 18 T=0.1 acc=74 [87623s]
[TDSA-D] it31800: cur 2197 best_mk 1297.3d best_strands 18 T=0.1 acc=75 [87760s]
[TDSA-D] it31850: cur 2197 best_mk 1297.3d best_strands 18 T=0.1 acc=75 [87875s]
[TDSA-D] it31900: cur 2197 best_mk 1297.3d best_strands 18 T=0.1 acc=75 [87990s]
[TDSA-D] it31950: cur 2197 best_mk 1297.3d best_strands 18 T=0.1 acc=75 [88109s]
[TDSA-D] it32000: cur 2197 best_mk 1297.3d best_strands 18 T=0.1 acc=75 [88228s]
[TDSA-D] it32050: cur 2197 best_mk 1297.3d best_strands 18 T=0.1 acc=75 [88361s]
[TDSA-D] it32100: cur 2197 best_mk 1297.3d best_strands 18 T=0.1 acc=75 [88485s]
[TDSA-D] it32150: cur 2197 best_mk 1297.3d best_strands 18 T=0.1 acc=75 [88617s]
[TDSA-D] it32200: cur 2197 best_mk 1297.3d best_strands 18 T=0.1 acc=75 [88744s]
[TDSA-D] it32250: cur 2197 best_mk 1297.3d best_strands 18 T=0.1 acc=75 [88892s]
[TDSA-D] it32300: cur 2197 best_mk 1297.3d best_strands 18 T=0.1 acc=75 [89017s]
[TDSA-D] it32350: cur 2197 best_mk 1297.3d best_strands 18 T=0.1 acc=75 [89137s]
[TDSA-D] it32400: cur 2197 best_mk 1297.3d best_strands 18 T=0.1 acc=75 [89238s]
[TDSA-D] it32450: cur 2197 best_mk 1297.3d best_strands 18 T=0.1 acc=75 [89364s]
[TDSA-D] it32500: cur 2197 best_mk 1297.3d best_strands 18 T=0.1 acc=75 [89480s]
[TDSA-D] it32550: cur 2197 best_mk 1297.3d best_strands 18 T=0.1 acc=75 [89623s]
[TDSA-D] it32600: cur 2197 best_mk 1297.3d best_strands 18 T=0.1 acc=75 [89763s]
[TDSA-D] it32650: cur 2197 best_mk 1297.3d best_strands 18 T=0.1 acc=75 [89875s]
[TDSA-D] it32700: cur 2197 best_mk 1297.3d best_strands 18 T=0.1 acc=75 [90002s]
[TDSA-D] it32750: cur 2197 best_mk 1297.3d best_strands 18 T=0.1 acc=76 [90155s]
[TDSA-D] it32800: cur 2197 best_mk 1297.3d best_strands 18 T=0.1 acc=76 [90262s]
[TDSA-D] it32850: cur 2197 best_mk 1297.3d best_strands 18 T=0.1 acc=76 [90377s]
[TDSA-D] it32900: cur 2197 best_mk 1297.3d best_strands 18 T=0.1 acc=76 [90487s]
[TDSA-D] it32950: cur 2197 best_mk 1297.3d best_strands 18 T=0.1 acc=76 [90625s]
[TDSA-D] it33000: cur 2196 best_mk 1295.6d best_strands 18 T=0.1 acc=77 [90761s]
[TDSA-D] it33050: cur 2196 best_mk 1295.6d best_strands 18 T=0.1 acc=77 [90893s]
[TDSA-D] it33100: cur 2196 best_mk 1295.6d best_strands 18 T=0.1 acc=77 [91027s]
[TDSA-D] it33150: cur 2196 best_mk 1295.6d best_strands 18 T=0.1 acc=77 [91166s]
[TDSA-D] it33200: cur 2196 best_mk 1295.6d best_strands 18 T=0.1 acc=77 [91296s]
[TDSA-D] it33250: cur 2196 best_mk 1295.6d best_strands 18 T=0.1 acc=77 [91424s]
[TDSA-D] it33300: cur 2196 best_mk 1295.6d best_strands 18 T=0.1 acc=77 [91545s]
[TDSA-D] it33350: cur 2196 best_mk 1295.6d best_strands 18 T=0.1 acc=77 [91679s]
[TDSA-D] it33400: cur 2196 best_mk 1295.6d best_strands 18 T=0.1 acc=77 [91788s]
[TDSA-D] it33450: cur 2196 best_mk 1295.6d best_strands 18 T=0.1 acc=77 [91916s]
[TDSA-D] it33500: cur 2196 best_mk 1295.6d best_strands 18 T=0.1 acc=77 [92030s]
[TDSA-D] it33550: cur 2196 best_mk 1295.6d best_strands 18 T=0.1 acc=77 [92158s]
[TDSA-D] it33600: cur 2196 best_mk 1295.6d best_strands 18 T=0.1 acc=77 [92262s]
[TDSA-D] it33650: cur 2196 best_mk 1295.6d best_strands 18 T=0.1 acc=77 [92371s]
[TDSA-D] it33700: cur 2196 best_mk 1295.6d best_strands 18 T=0.1 acc=77 [92483s]
[TDSA-D] it33750: cur 2196 best_mk 1295.6d best_strands 18 T=0.1 acc=77 [92582s]
[TDSA-D] it33800: cur 2196 best_mk 1295.6d best_strands 18 T=0.1 acc=77 [92710s]
[TDSA-D] it33850: cur 2196 best_mk 1295.6d best_strands 18 T=0.1 acc=78 [92845s]
[TDSA-D] it33900: cur 2196 best_mk 1295.6d best_strands 18 T=0.1 acc=78 [92952s]
[TDSA-D] it33950: cur 2196 best_mk 1295.6d best_strands 18 T=0.1 acc=78 [93057s]
[TDSA-D] it34000: cur 2196 best_mk 1295.6d best_strands 18 T=0.1 acc=79 [93169s]
[TDSA-D] it34050: cur 2196 best_mk 1295.6d best_strands 18 T=0.1 acc=79 [93288s]
[TDSA-D] it34100: cur 2196 best_mk 1295.6d best_strands 18 T=0.1 acc=79 [93413s]
[TDSA-D] it34150: cur 2196 best_mk 1295.6d best_strands 18 T=0.1 acc=79 [93515s]
[TDSA-D] it34200: cur 2196 best_mk 1295.6d best_strands 18 T=0.1 acc=79 [93639s]
[TDSA-D] it34250: cur 2196 best_mk 1295.6d best_strands 18 T=0.1 acc=79 [93778s]
[TDSA-D] it34300: cur 2196 best_mk 1295.6d best_strands 18 T=0.1 acc=79 [93901s]
[TDSA-D] it34350: cur 2196 best_mk 1295.6d best_strands 18 T=0.1 acc=79 [94031s]
[TDSA-D] it34400: cur 2196 best_mk 1295.6d best_strands 18 T=0.1 acc=79 [94166s]
[TDSA-D] it34450: cur 2196 best_mk 1295.6d best_strands 18 T=0.1 acc=79 [94303s]
[TDSA-D] it34500: cur 2196 best_mk 1295.6d best_strands 18 T=0.1 acc=79 [94423s]
[TDSA-D] it34550: cur 2196 best_mk 1295.6d best_strands 18 T=0.1 acc=79 [94556s]
[TDSA-D] it34600: cur 2196 best_mk 1295.6d best_strands 18 T=0.1 acc=79 [94712s]
[TDSA-D] it34650: cur 2196 best_mk 1295.6d best_strands 18 T=0.1 acc=79 [94849s]
[TDSA-D] it34700: cur 2196 best_mk 1295.6d best_strands 18 T=0.1 acc=79 [94972s]
[TDSA-D] it34750: cur 2196 best_mk 1295.6d best_strands 18 T=0.1 acc=79 [95106s]
[TDSA-D] it34800: cur 2196 best_mk 1295.6d best_strands 18 T=0.1 acc=79 [95226s]
[TDSA-D] it34850: cur 2196 best_mk 1295.6d best_strands 18 T=0.1 acc=79 [95379s]
[TDSA-D] it34900: cur 2196 best_mk 1295.6d best_strands 18 T=0.1 acc=79 [95504s]
[TDSA-D] it34950: cur 2196 best_mk 1295.6d best_strands 18 T=0.1 acc=79 [95632s]
[TDSA-D] it35000: cur 2196 best_mk 1295.6d best_strands 18 T=0.1 acc=80 [95758s]
[TDSA-D] it35050: cur 2196 best_mk 1295.6d best_strands 18 T=0.1 acc=80 [95868s]
[TDSA-D] it35100: cur 2196 best_mk 1295.6d best_strands 18 T=0.1 acc=80 [96003s]
[TDSA-D] it35150: cur 2196 best_mk 1295.6d best_strands 18 T=0.1 acc=80 [96127s]
[TDSA-D] it35200: cur 2196 best_mk 1295.6d best_strands 18 T=0.1 acc=80 [96266s]
[TDSA-D] it35250: cur 2196 best_mk 1295.6d best_strands 18 T=0.1 acc=80 [96405s]
[TDSA-D] it35300: cur 2196 best_mk 1295.6d best_strands 18 T=0.1 acc=80 [96523s]
[TDSA-D] it35350: cur 2196 best_mk 1295.6d best_strands 18 T=0.1 acc=80 [96645s]
[TDSA-D] it35400: cur 2196 best_mk 1295.6d best_strands 18 T=0.1 acc=80 [96761s]
[TDSA-D] it35450: cur 2196 best_mk 1295.6d best_strands 18 T=0.1 acc=80 [96877s]
[TDSA-D] it35500: cur 2196 best_mk 1295.6d best_strands 18 T=0.1 acc=80 [97006s]
[TDSA-D] it35550: cur 2196 best_mk 1295.6d best_strands 18 T=0.1 acc=80 [97138s]
[TDSA-D] it35600: cur 2196 best_mk 1295.6d best_strands 18 T=0.1 acc=81 [97248s]
[TDSA-D] it35650: cur 2196 best_mk 1295.6d best_strands 18 T=0.1 acc=81 [97378s]
[TDSA-D] it35700: cur 2196 best_mk 1295.6d best_strands 18 T=0.1 acc=82 [97514s]
[TDSA-D] it35750: cur 2196 best_mk 1295.6d best_strands 18 T=0.1 acc=82 [97637s]
[TDSA-D] it35800: cur 2196 best_mk 1295.6d best_strands 18 T=0.1 acc=82 [97758s]
[TDSA-D] it35850: cur 2196 best_mk 1295.6d best_strands 18 T=0.1 acc=82 [97871s]
[TDSA-D] it35900: cur 2196 best_mk 1295.6d best_strands 18 T=0.1 acc=83 [97985s]
[TDSA-D] it35950: cur 2196 best_mk 1295.6d best_strands 18 T=0.1 acc=83 [98099s]
[TDSA-D] it36000: cur 2196 best_mk 1295.6d best_strands 18 T=0.1 acc=83 [98227s]
[TDSA-D] it36050: cur 2196 best_mk 1295.6d best_strands 18 T=0.1 acc=83 [98340s]
[TDSA-D] it36100: cur 2196 best_mk 1295.6d best_strands 18 T=0.1 acc=83 [98464s]
[TDSA-D] it36150: cur 2196 best_mk 1295.6d best_strands 18 T=0.1 acc=83 [98569s]
[TDSA-D] it36200: cur 2196 best_mk 1295.6d best_strands 18 T=0.1 acc=83 [98707s]
[TDSA-D] it36250: cur 2196 best_mk 1295.6d best_strands 18 T=0.1 acc=83 [98829s]
[TDSA-D] it36300: cur 2196 best_mk 1295.6d best_strands 18 T=0.1 acc=83 [98927s]
[TDSA-D] it36350: cur 2196 best_mk 1295.6d best_strands 18 T=0.1 acc=83 [99055s]
[TDSA-D] it36400: cur 2196 best_mk 1295.6d best_strands 18 T=0.1 acc=83 [99216s]
[TDSA-D] it36450: cur 2196 best_mk 1295.6d best_strands 18 T=0.1 acc=83 [99330s]
[TDSA-D] it36500: cur 2196 best_mk 1295.6d best_strands 18 T=0.1 acc=83 [99442s]
[TDSA-D] it36550: cur 2196 best_mk 1295.6d best_strands 18 T=0.1 acc=83 [99554s]
[TDSA-D] it36600: cur 2196 best_mk 1295.6d best_strands 18 T=0.1 acc=83 [99692s]
[TDSA-D] it36650: cur 2196 best_mk 1295.6d best_strands 18 T=0.1 acc=83 [99799s]
[TDSA-D] it36700: cur 2196 best_mk 1295.6d best_strands 18 T=0.1 acc=83 [99922s]
[TDSA-D] it36750: cur 2196 best_mk 1295.6d best_strands 18 T=0.1 acc=84 [100039s]
[TDSA-D] it36800: cur 2103 best_mk 1252.5d best_strands 17 T=0.1 acc=85 [100160s]
[TDSA-D] it36850: cur 2007 best_mk 1206.7d best_strands 16 T=0.1 acc=86 [100274s]
[TDSA-D] it36900: cur 2007 best_mk 1206.7d best_strands 16 T=0.1 acc=86 [100396s]
[TDSA-D] it36950: cur 2007 best_mk 1206.7d best_strands 16 T=0.1 acc=86 [100539s]
[TDSA-D] it37000: cur 2007 best_mk 1206.7d best_strands 16 T=0.1 acc=86 [100648s]
[TDSA-D] it37050: cur 2007 best_mk 1206.7d best_strands 16 T=0.1 acc=86 [100796s]
[TDSA-D] it37100: cur 2007 best_mk 1206.7d best_strands 16 T=0.1 acc=86 [100922s]
[TDSA-D] it37150: cur 2007 best_mk 1206.7d best_strands 16 T=0.1 acc=86 [101053s]
[TDSA-D] it37200: cur 2007 best_mk 1206.7d best_strands 16 T=0.1 acc=86 [101198s]
[TDSA-D] it37250: cur 2007 best_mk 1206.7d best_strands 16 T=0.1 acc=86 [101338s]
[TDSA-D] it37300: cur 2007 best_mk 1206.7d best_strands 16 T=0.1 acc=86 [101466s]
[TDSA-D] it37350: cur 2007 best_mk 1206.7d best_strands 16 T=0.1 acc=86 [101593s]
[TDSA-D] it37400: cur 2007 best_mk 1206.7d best_strands 16 T=0.1 acc=86 [101723s]
[TDSA-D] it37450: cur 2007 best_mk 1206.7d best_strands 16 T=0.1 acc=86 [101868s]
[TDSA-D] it37500: cur 2007 best_mk 1206.7d best_strands 16 T=0.1 acc=86 [102000s]
[TDSA-D] it37550: cur 2007 best_mk 1206.7d best_strands 16 T=0.1 acc=86 [102222s]
[TDSA-D] it37600: cur 2007 best_mk 1206.7d best_strands 16 T=0.1 acc=86 [102401s]
[TDSA-D] it37650: cur 2007 best_mk 1206.7d best_strands 16 T=0.1 acc=86 [102568s]
[TDSA-D] it37700: cur 2007 best_mk 1206.7d best_strands 16 T=0.1 acc=86 [102694s]
[TDSA-D] it37750: cur 2007 best_mk 1206.7d best_strands 16 T=0.1 acc=86 [102808s]
[TDSA-D] it37800: cur 2007 best_mk 1206.7d best_strands 16 T=0.1 acc=86 [102946s]
[TDSA-D] it37850: cur 2007 best_mk 1206.7d best_strands 16 T=0.1 acc=86 [103087s]
